[2024-03-29T13:53:27.949+0000] {processor.py:161} INFO - Started process (PID=48) to work on /home/airflow/.local/lib/python3.8/site-packages/airflow/example_dags/example_branch_operator_decorator.py
[2024-03-29T13:53:27.950+0000] {processor.py:830} INFO - Processing file /home/airflow/.local/lib/python3.8/site-packages/airflow/example_dags/example_branch_operator_decorator.py for tasks to queue
[2024-03-29T13:53:27.953+0000] {logging_mixin.py:188} INFO - [2024-03-29T13:53:27.952+0000] {dagbag.py:540} INFO - Filling up the DagBag from /home/airflow/.local/lib/python3.8/site-packages/airflow/example_dags/example_branch_operator_decorator.py
[2024-03-29T13:53:27.983+0000] {processor.py:840} INFO - DAG(s) 'example_branch_python_operator_decorator' retrieved from /home/airflow/.local/lib/python3.8/site-packages/airflow/example_dags/example_branch_operator_decorator.py
[2024-03-29T13:53:27.997+0000] {logging_mixin.py:188} INFO - [2024-03-29T13:53:27.996+0000] {dag.py:3047} INFO - Sync 1 DAGs
[2024-03-29T13:53:28.023+0000] {logging_mixin.py:188} INFO - [2024-03-29T13:53:28.023+0000] {dag.py:3834} INFO - Setting next_dagrun for example_branch_python_operator_decorator to 2024-03-28 00:00:00+00:00, run_after=2024-03-29 00:00:00+00:00
[2024-03-29T13:53:28.048+0000] {processor.py:183} INFO - Processing /home/airflow/.local/lib/python3.8/site-packages/airflow/example_dags/example_branch_operator_decorator.py took 0.102 seconds
[2024-03-29T13:53:58.729+0000] {processor.py:161} INFO - Started process (PID=104) to work on /home/airflow/.local/lib/python3.8/site-packages/airflow/example_dags/example_branch_operator_decorator.py
[2024-03-29T13:53:58.729+0000] {processor.py:830} INFO - Processing file /home/airflow/.local/lib/python3.8/site-packages/airflow/example_dags/example_branch_operator_decorator.py for tasks to queue
[2024-03-29T13:53:58.731+0000] {logging_mixin.py:188} INFO - [2024-03-29T13:53:58.730+0000] {dagbag.py:540} INFO - Filling up the DagBag from /home/airflow/.local/lib/python3.8/site-packages/airflow/example_dags/example_branch_operator_decorator.py
[2024-03-29T13:53:58.745+0000] {processor.py:840} INFO - DAG(s) 'example_branch_python_operator_decorator' retrieved from /home/airflow/.local/lib/python3.8/site-packages/airflow/example_dags/example_branch_operator_decorator.py
[2024-03-29T13:53:58.821+0000] {logging_mixin.py:188} INFO - [2024-03-29T13:53:58.820+0000] {dag.py:3047} INFO - Sync 1 DAGs
[2024-03-29T13:53:58.836+0000] {logging_mixin.py:188} INFO - [2024-03-29T13:53:58.836+0000] {dag.py:3834} INFO - Setting next_dagrun for example_branch_python_operator_decorator to 2024-03-28 00:00:00+00:00, run_after=2024-03-29 00:00:00+00:00
[2024-03-29T13:53:58.852+0000] {processor.py:183} INFO - Processing /home/airflow/.local/lib/python3.8/site-packages/airflow/example_dags/example_branch_operator_decorator.py took 0.125 seconds
[2024-03-29T13:54:29.617+0000] {processor.py:161} INFO - Started process (PID=160) to work on /home/airflow/.local/lib/python3.8/site-packages/airflow/example_dags/example_branch_operator_decorator.py
[2024-03-29T13:54:29.618+0000] {processor.py:830} INFO - Processing file /home/airflow/.local/lib/python3.8/site-packages/airflow/example_dags/example_branch_operator_decorator.py for tasks to queue
[2024-03-29T13:54:29.619+0000] {logging_mixin.py:188} INFO - [2024-03-29T13:54:29.619+0000] {dagbag.py:540} INFO - Filling up the DagBag from /home/airflow/.local/lib/python3.8/site-packages/airflow/example_dags/example_branch_operator_decorator.py
[2024-03-29T13:54:29.633+0000] {processor.py:840} INFO - DAG(s) 'example_branch_python_operator_decorator' retrieved from /home/airflow/.local/lib/python3.8/site-packages/airflow/example_dags/example_branch_operator_decorator.py
[2024-03-29T13:54:29.651+0000] {logging_mixin.py:188} INFO - [2024-03-29T13:54:29.651+0000] {dag.py:3047} INFO - Sync 1 DAGs
[2024-03-29T13:54:29.666+0000] {logging_mixin.py:188} INFO - [2024-03-29T13:54:29.666+0000] {dag.py:3834} INFO - Setting next_dagrun for example_branch_python_operator_decorator to 2024-03-28 00:00:00+00:00, run_after=2024-03-29 00:00:00+00:00
[2024-03-29T13:54:29.680+0000] {processor.py:183} INFO - Processing /home/airflow/.local/lib/python3.8/site-packages/airflow/example_dags/example_branch_operator_decorator.py took 0.065 seconds
[2024-03-29T13:54:59.946+0000] {processor.py:161} INFO - Started process (PID=216) to work on /home/airflow/.local/lib/python3.8/site-packages/airflow/example_dags/example_branch_operator_decorator.py
[2024-03-29T13:54:59.946+0000] {processor.py:830} INFO - Processing file /home/airflow/.local/lib/python3.8/site-packages/airflow/example_dags/example_branch_operator_decorator.py for tasks to queue
[2024-03-29T13:54:59.948+0000] {logging_mixin.py:188} INFO - [2024-03-29T13:54:59.947+0000] {dagbag.py:540} INFO - Filling up the DagBag from /home/airflow/.local/lib/python3.8/site-packages/airflow/example_dags/example_branch_operator_decorator.py
[2024-03-29T13:54:59.963+0000] {processor.py:840} INFO - DAG(s) 'example_branch_python_operator_decorator' retrieved from /home/airflow/.local/lib/python3.8/site-packages/airflow/example_dags/example_branch_operator_decorator.py
[2024-03-29T13:54:59.982+0000] {logging_mixin.py:188} INFO - [2024-03-29T13:54:59.982+0000] {dag.py:3047} INFO - Sync 1 DAGs
[2024-03-29T13:54:59.999+0000] {logging_mixin.py:188} INFO - [2024-03-29T13:54:59.998+0000] {dag.py:3834} INFO - Setting next_dagrun for example_branch_python_operator_decorator to 2024-03-28 00:00:00+00:00, run_after=2024-03-29 00:00:00+00:00
[2024-03-29T13:55:00.015+0000] {processor.py:183} INFO - Processing /home/airflow/.local/lib/python3.8/site-packages/airflow/example_dags/example_branch_operator_decorator.py took 0.072 seconds
[2024-03-29T13:55:30.246+0000] {processor.py:161} INFO - Started process (PID=272) to work on /home/airflow/.local/lib/python3.8/site-packages/airflow/example_dags/example_branch_operator_decorator.py
[2024-03-29T13:55:30.246+0000] {processor.py:830} INFO - Processing file /home/airflow/.local/lib/python3.8/site-packages/airflow/example_dags/example_branch_operator_decorator.py for tasks to queue
[2024-03-29T13:55:30.248+0000] {logging_mixin.py:188} INFO - [2024-03-29T13:55:30.247+0000] {dagbag.py:540} INFO - Filling up the DagBag from /home/airflow/.local/lib/python3.8/site-packages/airflow/example_dags/example_branch_operator_decorator.py
[2024-03-29T13:55:30.264+0000] {processor.py:840} INFO - DAG(s) 'example_branch_python_operator_decorator' retrieved from /home/airflow/.local/lib/python3.8/site-packages/airflow/example_dags/example_branch_operator_decorator.py
[2024-03-29T13:55:30.286+0000] {logging_mixin.py:188} INFO - [2024-03-29T13:55:30.286+0000] {dag.py:3047} INFO - Sync 1 DAGs
[2024-03-29T13:55:30.306+0000] {logging_mixin.py:188} INFO - [2024-03-29T13:55:30.306+0000] {dag.py:3834} INFO - Setting next_dagrun for example_branch_python_operator_decorator to 2024-03-28 00:00:00+00:00, run_after=2024-03-29 00:00:00+00:00
[2024-03-29T13:55:30.321+0000] {processor.py:183} INFO - Processing /home/airflow/.local/lib/python3.8/site-packages/airflow/example_dags/example_branch_operator_decorator.py took 0.078 seconds
[2024-03-29T13:56:00.542+0000] {processor.py:161} INFO - Started process (PID=328) to work on /home/airflow/.local/lib/python3.8/site-packages/airflow/example_dags/example_branch_operator_decorator.py
[2024-03-29T13:56:00.543+0000] {processor.py:830} INFO - Processing file /home/airflow/.local/lib/python3.8/site-packages/airflow/example_dags/example_branch_operator_decorator.py for tasks to queue
[2024-03-29T13:56:00.545+0000] {logging_mixin.py:188} INFO - [2024-03-29T13:56:00.545+0000] {dagbag.py:540} INFO - Filling up the DagBag from /home/airflow/.local/lib/python3.8/site-packages/airflow/example_dags/example_branch_operator_decorator.py
[2024-03-29T13:56:00.561+0000] {processor.py:840} INFO - DAG(s) 'example_branch_python_operator_decorator' retrieved from /home/airflow/.local/lib/python3.8/site-packages/airflow/example_dags/example_branch_operator_decorator.py
[2024-03-29T13:56:00.581+0000] {logging_mixin.py:188} INFO - [2024-03-29T13:56:00.581+0000] {dag.py:3047} INFO - Sync 1 DAGs
[2024-03-29T13:56:00.597+0000] {logging_mixin.py:188} INFO - [2024-03-29T13:56:00.597+0000] {dag.py:3834} INFO - Setting next_dagrun for example_branch_python_operator_decorator to 2024-03-28 00:00:00+00:00, run_after=2024-03-29 00:00:00+00:00
[2024-03-29T13:56:00.612+0000] {processor.py:183} INFO - Processing /home/airflow/.local/lib/python3.8/site-packages/airflow/example_dags/example_branch_operator_decorator.py took 0.071 seconds
[2024-03-29T13:56:30.820+0000] {processor.py:161} INFO - Started process (PID=384) to work on /home/airflow/.local/lib/python3.8/site-packages/airflow/example_dags/example_branch_operator_decorator.py
[2024-03-29T13:56:30.821+0000] {processor.py:830} INFO - Processing file /home/airflow/.local/lib/python3.8/site-packages/airflow/example_dags/example_branch_operator_decorator.py for tasks to queue
[2024-03-29T13:56:30.823+0000] {logging_mixin.py:188} INFO - [2024-03-29T13:56:30.823+0000] {dagbag.py:540} INFO - Filling up the DagBag from /home/airflow/.local/lib/python3.8/site-packages/airflow/example_dags/example_branch_operator_decorator.py
[2024-03-29T13:56:30.841+0000] {processor.py:840} INFO - DAG(s) 'example_branch_python_operator_decorator' retrieved from /home/airflow/.local/lib/python3.8/site-packages/airflow/example_dags/example_branch_operator_decorator.py
[2024-03-29T13:56:30.864+0000] {logging_mixin.py:188} INFO - [2024-03-29T13:56:30.864+0000] {dag.py:3047} INFO - Sync 1 DAGs
[2024-03-29T13:56:30.880+0000] {logging_mixin.py:188} INFO - [2024-03-29T13:56:30.880+0000] {dag.py:3834} INFO - Setting next_dagrun for example_branch_python_operator_decorator to 2024-03-28 00:00:00+00:00, run_after=2024-03-29 00:00:00+00:00
[2024-03-29T13:56:30.895+0000] {processor.py:183} INFO - Processing /home/airflow/.local/lib/python3.8/site-packages/airflow/example_dags/example_branch_operator_decorator.py took 0.078 seconds
[2024-03-29T13:57:01.140+0000] {processor.py:161} INFO - Started process (PID=440) to work on /home/airflow/.local/lib/python3.8/site-packages/airflow/example_dags/example_branch_operator_decorator.py
[2024-03-29T13:57:01.141+0000] {processor.py:830} INFO - Processing file /home/airflow/.local/lib/python3.8/site-packages/airflow/example_dags/example_branch_operator_decorator.py for tasks to queue
[2024-03-29T13:57:01.143+0000] {logging_mixin.py:188} INFO - [2024-03-29T13:57:01.143+0000] {dagbag.py:540} INFO - Filling up the DagBag from /home/airflow/.local/lib/python3.8/site-packages/airflow/example_dags/example_branch_operator_decorator.py
[2024-03-29T13:57:01.159+0000] {processor.py:840} INFO - DAG(s) 'example_branch_python_operator_decorator' retrieved from /home/airflow/.local/lib/python3.8/site-packages/airflow/example_dags/example_branch_operator_decorator.py
[2024-03-29T13:57:01.180+0000] {logging_mixin.py:188} INFO - [2024-03-29T13:57:01.180+0000] {dag.py:3047} INFO - Sync 1 DAGs
[2024-03-29T13:57:01.200+0000] {logging_mixin.py:188} INFO - [2024-03-29T13:57:01.200+0000] {dag.py:3834} INFO - Setting next_dagrun for example_branch_python_operator_decorator to 2024-03-28 00:00:00+00:00, run_after=2024-03-29 00:00:00+00:00
[2024-03-29T13:57:01.214+0000] {processor.py:183} INFO - Processing /home/airflow/.local/lib/python3.8/site-packages/airflow/example_dags/example_branch_operator_decorator.py took 0.076 seconds
[2024-03-29T13:57:31.905+0000] {processor.py:161} INFO - Started process (PID=502) to work on /home/airflow/.local/lib/python3.8/site-packages/airflow/example_dags/example_branch_operator_decorator.py
[2024-03-29T13:57:31.906+0000] {processor.py:830} INFO - Processing file /home/airflow/.local/lib/python3.8/site-packages/airflow/example_dags/example_branch_operator_decorator.py for tasks to queue
[2024-03-29T13:57:31.907+0000] {logging_mixin.py:188} INFO - [2024-03-29T13:57:31.907+0000] {dagbag.py:540} INFO - Filling up the DagBag from /home/airflow/.local/lib/python3.8/site-packages/airflow/example_dags/example_branch_operator_decorator.py
[2024-03-29T13:57:31.923+0000] {processor.py:840} INFO - DAG(s) 'example_branch_python_operator_decorator' retrieved from /home/airflow/.local/lib/python3.8/site-packages/airflow/example_dags/example_branch_operator_decorator.py
[2024-03-29T13:57:31.946+0000] {logging_mixin.py:188} INFO - [2024-03-29T13:57:31.946+0000] {dag.py:3047} INFO - Sync 1 DAGs
[2024-03-29T13:57:31.967+0000] {logging_mixin.py:188} INFO - [2024-03-29T13:57:31.966+0000] {dag.py:3834} INFO - Setting next_dagrun for example_branch_python_operator_decorator to 2024-03-28 00:00:00+00:00, run_after=2024-03-29 00:00:00+00:00
[2024-03-29T13:57:31.992+0000] {processor.py:183} INFO - Processing /home/airflow/.local/lib/python3.8/site-packages/airflow/example_dags/example_branch_operator_decorator.py took 0.090 seconds
[2024-03-29T13:58:02.331+0000] {processor.py:161} INFO - Started process (PID=558) to work on /home/airflow/.local/lib/python3.8/site-packages/airflow/example_dags/example_branch_operator_decorator.py
[2024-03-29T13:58:02.332+0000] {processor.py:830} INFO - Processing file /home/airflow/.local/lib/python3.8/site-packages/airflow/example_dags/example_branch_operator_decorator.py for tasks to queue
[2024-03-29T13:58:02.333+0000] {logging_mixin.py:188} INFO - [2024-03-29T13:58:02.333+0000] {dagbag.py:540} INFO - Filling up the DagBag from /home/airflow/.local/lib/python3.8/site-packages/airflow/example_dags/example_branch_operator_decorator.py
[2024-03-29T13:58:02.356+0000] {processor.py:840} INFO - DAG(s) 'example_branch_python_operator_decorator' retrieved from /home/airflow/.local/lib/python3.8/site-packages/airflow/example_dags/example_branch_operator_decorator.py
[2024-03-29T13:58:02.376+0000] {logging_mixin.py:188} INFO - [2024-03-29T13:58:02.376+0000] {dag.py:3047} INFO - Sync 1 DAGs
[2024-03-29T13:58:02.399+0000] {logging_mixin.py:188} INFO - [2024-03-29T13:58:02.399+0000] {dag.py:3834} INFO - Setting next_dagrun for example_branch_python_operator_decorator to 2024-03-28 00:00:00+00:00, run_after=2024-03-29 00:00:00+00:00
[2024-03-29T13:58:02.413+0000] {processor.py:183} INFO - Processing /home/airflow/.local/lib/python3.8/site-packages/airflow/example_dags/example_branch_operator_decorator.py took 0.085 seconds
[2024-03-29T13:58:32.666+0000] {processor.py:161} INFO - Started process (PID=614) to work on /home/airflow/.local/lib/python3.8/site-packages/airflow/example_dags/example_branch_operator_decorator.py
[2024-03-29T13:58:32.666+0000] {processor.py:830} INFO - Processing file /home/airflow/.local/lib/python3.8/site-packages/airflow/example_dags/example_branch_operator_decorator.py for tasks to queue
[2024-03-29T13:58:32.668+0000] {logging_mixin.py:188} INFO - [2024-03-29T13:58:32.668+0000] {dagbag.py:540} INFO - Filling up the DagBag from /home/airflow/.local/lib/python3.8/site-packages/airflow/example_dags/example_branch_operator_decorator.py
[2024-03-29T13:58:32.683+0000] {processor.py:840} INFO - DAG(s) 'example_branch_python_operator_decorator' retrieved from /home/airflow/.local/lib/python3.8/site-packages/airflow/example_dags/example_branch_operator_decorator.py
[2024-03-29T13:58:32.705+0000] {logging_mixin.py:188} INFO - [2024-03-29T13:58:32.705+0000] {dag.py:3047} INFO - Sync 1 DAGs
[2024-03-29T13:58:32.722+0000] {logging_mixin.py:188} INFO - [2024-03-29T13:58:32.722+0000] {dag.py:3834} INFO - Setting next_dagrun for example_branch_python_operator_decorator to 2024-03-28 00:00:00+00:00, run_after=2024-03-29 00:00:00+00:00
[2024-03-29T13:58:32.735+0000] {processor.py:183} INFO - Processing /home/airflow/.local/lib/python3.8/site-packages/airflow/example_dags/example_branch_operator_decorator.py took 0.072 seconds
[2024-03-29T13:59:03.114+0000] {processor.py:161} INFO - Started process (PID=670) to work on /home/airflow/.local/lib/python3.8/site-packages/airflow/example_dags/example_branch_operator_decorator.py
[2024-03-29T13:59:03.115+0000] {processor.py:830} INFO - Processing file /home/airflow/.local/lib/python3.8/site-packages/airflow/example_dags/example_branch_operator_decorator.py for tasks to queue
[2024-03-29T13:59:03.117+0000] {logging_mixin.py:188} INFO - [2024-03-29T13:59:03.117+0000] {dagbag.py:540} INFO - Filling up the DagBag from /home/airflow/.local/lib/python3.8/site-packages/airflow/example_dags/example_branch_operator_decorator.py
[2024-03-29T13:59:03.133+0000] {processor.py:840} INFO - DAG(s) 'example_branch_python_operator_decorator' retrieved from /home/airflow/.local/lib/python3.8/site-packages/airflow/example_dags/example_branch_operator_decorator.py
[2024-03-29T13:59:03.155+0000] {logging_mixin.py:188} INFO - [2024-03-29T13:59:03.155+0000] {dag.py:3047} INFO - Sync 1 DAGs
[2024-03-29T13:59:03.175+0000] {logging_mixin.py:188} INFO - [2024-03-29T13:59:03.175+0000] {dag.py:3834} INFO - Setting next_dagrun for example_branch_python_operator_decorator to 2024-03-28 00:00:00+00:00, run_after=2024-03-29 00:00:00+00:00
[2024-03-29T13:59:03.189+0000] {processor.py:183} INFO - Processing /home/airflow/.local/lib/python3.8/site-packages/airflow/example_dags/example_branch_operator_decorator.py took 0.078 seconds
[2024-03-29T13:59:33.530+0000] {processor.py:161} INFO - Started process (PID=726) to work on /home/airflow/.local/lib/python3.8/site-packages/airflow/example_dags/example_branch_operator_decorator.py
[2024-03-29T13:59:33.531+0000] {processor.py:830} INFO - Processing file /home/airflow/.local/lib/python3.8/site-packages/airflow/example_dags/example_branch_operator_decorator.py for tasks to queue
[2024-03-29T13:59:33.533+0000] {logging_mixin.py:188} INFO - [2024-03-29T13:59:33.532+0000] {dagbag.py:540} INFO - Filling up the DagBag from /home/airflow/.local/lib/python3.8/site-packages/airflow/example_dags/example_branch_operator_decorator.py
[2024-03-29T13:59:33.552+0000] {processor.py:840} INFO - DAG(s) 'example_branch_python_operator_decorator' retrieved from /home/airflow/.local/lib/python3.8/site-packages/airflow/example_dags/example_branch_operator_decorator.py
[2024-03-29T13:59:33.572+0000] {logging_mixin.py:188} INFO - [2024-03-29T13:59:33.572+0000] {dag.py:3047} INFO - Sync 1 DAGs
[2024-03-29T13:59:33.589+0000] {logging_mixin.py:188} INFO - [2024-03-29T13:59:33.588+0000] {dag.py:3834} INFO - Setting next_dagrun for example_branch_python_operator_decorator to 2024-03-28 00:00:00+00:00, run_after=2024-03-29 00:00:00+00:00
[2024-03-29T13:59:33.602+0000] {processor.py:183} INFO - Processing /home/airflow/.local/lib/python3.8/site-packages/airflow/example_dags/example_branch_operator_decorator.py took 0.075 seconds
