[2024-03-29T13:53:29.459+0000] {processor.py:161} INFO - Started process (PID=74) to work on /home/airflow/.local/lib/python3.8/site-packages/airflow/example_dags/example_branch_python_dop_operator_3.py
[2024-03-29T13:53:29.460+0000] {processor.py:830} INFO - Processing file /home/airflow/.local/lib/python3.8/site-packages/airflow/example_dags/example_branch_python_dop_operator_3.py for tasks to queue
[2024-03-29T13:53:29.462+0000] {logging_mixin.py:188} INFO - [2024-03-29T13:53:29.461+0000] {dagbag.py:540} INFO - Filling up the DagBag from /home/airflow/.local/lib/python3.8/site-packages/airflow/example_dags/example_branch_python_dop_operator_3.py
[2024-03-29T13:53:29.475+0000] {processor.py:840} INFO - DAG(s) 'example_branch_dop_operator_v3' retrieved from /home/airflow/.local/lib/python3.8/site-packages/airflow/example_dags/example_branch_python_dop_operator_3.py
[2024-03-29T13:53:29.487+0000] {logging_mixin.py:188} INFO - [2024-03-29T13:53:29.487+0000] {dag.py:3047} INFO - Sync 1 DAGs
[2024-03-29T13:53:29.516+0000] {logging_mixin.py:188} INFO - [2024-03-29T13:53:29.516+0000] {dag.py:3834} INFO - Setting next_dagrun for example_branch_dop_operator_v3 to 2024-03-29 13:52:00+00:00, run_after=2024-03-29 13:53:00+00:00
[2024-03-29T13:53:29.536+0000] {processor.py:183} INFO - Processing /home/airflow/.local/lib/python3.8/site-packages/airflow/example_dags/example_branch_python_dop_operator_3.py took 0.081 seconds
[2024-03-29T13:54:00.797+0000] {processor.py:161} INFO - Started process (PID=130) to work on /home/airflow/.local/lib/python3.8/site-packages/airflow/example_dags/example_branch_python_dop_operator_3.py
[2024-03-29T13:54:00.798+0000] {processor.py:830} INFO - Processing file /home/airflow/.local/lib/python3.8/site-packages/airflow/example_dags/example_branch_python_dop_operator_3.py for tasks to queue
[2024-03-29T13:54:00.800+0000] {logging_mixin.py:188} INFO - [2024-03-29T13:54:00.799+0000] {dagbag.py:540} INFO - Filling up the DagBag from /home/airflow/.local/lib/python3.8/site-packages/airflow/example_dags/example_branch_python_dop_operator_3.py
[2024-03-29T13:54:00.808+0000] {processor.py:840} INFO - DAG(s) 'example_branch_dop_operator_v3' retrieved from /home/airflow/.local/lib/python3.8/site-packages/airflow/example_dags/example_branch_python_dop_operator_3.py
[2024-03-29T13:54:00.873+0000] {logging_mixin.py:188} INFO - [2024-03-29T13:54:00.873+0000] {dag.py:3047} INFO - Sync 1 DAGs
[2024-03-29T13:54:00.889+0000] {logging_mixin.py:188} INFO - [2024-03-29T13:54:00.889+0000] {dag.py:3834} INFO - Setting next_dagrun for example_branch_dop_operator_v3 to 2024-03-29 13:53:00+00:00, run_after=2024-03-29 13:54:00+00:00
[2024-03-29T13:54:00.912+0000] {processor.py:183} INFO - Processing /home/airflow/.local/lib/python3.8/site-packages/airflow/example_dags/example_branch_python_dop_operator_3.py took 0.117 seconds
[2024-03-29T13:54:31.734+0000] {processor.py:161} INFO - Started process (PID=186) to work on /home/airflow/.local/lib/python3.8/site-packages/airflow/example_dags/example_branch_python_dop_operator_3.py
[2024-03-29T13:54:31.735+0000] {processor.py:830} INFO - Processing file /home/airflow/.local/lib/python3.8/site-packages/airflow/example_dags/example_branch_python_dop_operator_3.py for tasks to queue
[2024-03-29T13:54:31.736+0000] {logging_mixin.py:188} INFO - [2024-03-29T13:54:31.736+0000] {dagbag.py:540} INFO - Filling up the DagBag from /home/airflow/.local/lib/python3.8/site-packages/airflow/example_dags/example_branch_python_dop_operator_3.py
[2024-03-29T13:54:31.744+0000] {processor.py:840} INFO - DAG(s) 'example_branch_dop_operator_v3' retrieved from /home/airflow/.local/lib/python3.8/site-packages/airflow/example_dags/example_branch_python_dop_operator_3.py
[2024-03-29T13:54:31.759+0000] {logging_mixin.py:188} INFO - [2024-03-29T13:54:31.759+0000] {dag.py:3047} INFO - Sync 1 DAGs
[2024-03-29T13:54:31.777+0000] {logging_mixin.py:188} INFO - [2024-03-29T13:54:31.776+0000] {dag.py:3834} INFO - Setting next_dagrun for example_branch_dop_operator_v3 to 2024-03-29 13:53:00+00:00, run_after=2024-03-29 13:54:00+00:00
[2024-03-29T13:54:31.798+0000] {processor.py:183} INFO - Processing /home/airflow/.local/lib/python3.8/site-packages/airflow/example_dags/example_branch_python_dop_operator_3.py took 0.066 seconds
[2024-03-29T13:55:02.215+0000] {processor.py:161} INFO - Started process (PID=242) to work on /home/airflow/.local/lib/python3.8/site-packages/airflow/example_dags/example_branch_python_dop_operator_3.py
[2024-03-29T13:55:02.216+0000] {processor.py:830} INFO - Processing file /home/airflow/.local/lib/python3.8/site-packages/airflow/example_dags/example_branch_python_dop_operator_3.py for tasks to queue
[2024-03-29T13:55:02.218+0000] {logging_mixin.py:188} INFO - [2024-03-29T13:55:02.218+0000] {dagbag.py:540} INFO - Filling up the DagBag from /home/airflow/.local/lib/python3.8/site-packages/airflow/example_dags/example_branch_python_dop_operator_3.py
[2024-03-29T13:55:02.225+0000] {processor.py:840} INFO - DAG(s) 'example_branch_dop_operator_v3' retrieved from /home/airflow/.local/lib/python3.8/site-packages/airflow/example_dags/example_branch_python_dop_operator_3.py
[2024-03-29T13:55:02.241+0000] {logging_mixin.py:188} INFO - [2024-03-29T13:55:02.241+0000] {dag.py:3047} INFO - Sync 1 DAGs
[2024-03-29T13:55:02.258+0000] {logging_mixin.py:188} INFO - [2024-03-29T13:55:02.258+0000] {dag.py:3834} INFO - Setting next_dagrun for example_branch_dop_operator_v3 to 2024-03-29 13:54:00+00:00, run_after=2024-03-29 13:55:00+00:00
[2024-03-29T13:55:02.275+0000] {processor.py:183} INFO - Processing /home/airflow/.local/lib/python3.8/site-packages/airflow/example_dags/example_branch_python_dop_operator_3.py took 0.063 seconds
[2024-03-29T13:55:32.541+0000] {processor.py:161} INFO - Started process (PID=298) to work on /home/airflow/.local/lib/python3.8/site-packages/airflow/example_dags/example_branch_python_dop_operator_3.py
[2024-03-29T13:55:32.541+0000] {processor.py:830} INFO - Processing file /home/airflow/.local/lib/python3.8/site-packages/airflow/example_dags/example_branch_python_dop_operator_3.py for tasks to queue
[2024-03-29T13:55:32.543+0000] {logging_mixin.py:188} INFO - [2024-03-29T13:55:32.542+0000] {dagbag.py:540} INFO - Filling up the DagBag from /home/airflow/.local/lib/python3.8/site-packages/airflow/example_dags/example_branch_python_dop_operator_3.py
[2024-03-29T13:55:32.549+0000] {processor.py:840} INFO - DAG(s) 'example_branch_dop_operator_v3' retrieved from /home/airflow/.local/lib/python3.8/site-packages/airflow/example_dags/example_branch_python_dop_operator_3.py
[2024-03-29T13:55:32.563+0000] {logging_mixin.py:188} INFO - [2024-03-29T13:55:32.562+0000] {dag.py:3047} INFO - Sync 1 DAGs
[2024-03-29T13:55:32.581+0000] {logging_mixin.py:188} INFO - [2024-03-29T13:55:32.581+0000] {dag.py:3834} INFO - Setting next_dagrun for example_branch_dop_operator_v3 to 2024-03-29 13:54:00+00:00, run_after=2024-03-29 13:55:00+00:00
[2024-03-29T13:55:32.605+0000] {processor.py:183} INFO - Processing /home/airflow/.local/lib/python3.8/site-packages/airflow/example_dags/example_branch_python_dop_operator_3.py took 0.066 seconds
[2024-03-29T13:56:02.673+0000] {processor.py:161} INFO - Started process (PID=354) to work on /home/airflow/.local/lib/python3.8/site-packages/airflow/example_dags/example_branch_python_dop_operator_3.py
[2024-03-29T13:56:02.674+0000] {processor.py:830} INFO - Processing file /home/airflow/.local/lib/python3.8/site-packages/airflow/example_dags/example_branch_python_dop_operator_3.py for tasks to queue
[2024-03-29T13:56:02.675+0000] {logging_mixin.py:188} INFO - [2024-03-29T13:56:02.675+0000] {dagbag.py:540} INFO - Filling up the DagBag from /home/airflow/.local/lib/python3.8/site-packages/airflow/example_dags/example_branch_python_dop_operator_3.py
[2024-03-29T13:56:02.682+0000] {processor.py:840} INFO - DAG(s) 'example_branch_dop_operator_v3' retrieved from /home/airflow/.local/lib/python3.8/site-packages/airflow/example_dags/example_branch_python_dop_operator_3.py
[2024-03-29T13:56:02.695+0000] {logging_mixin.py:188} INFO - [2024-03-29T13:56:02.695+0000] {dag.py:3047} INFO - Sync 1 DAGs
[2024-03-29T13:56:02.712+0000] {logging_mixin.py:188} INFO - [2024-03-29T13:56:02.712+0000] {dag.py:3834} INFO - Setting next_dagrun for example_branch_dop_operator_v3 to 2024-03-29 13:55:00+00:00, run_after=2024-03-29 13:56:00+00:00
[2024-03-29T13:56:02.736+0000] {processor.py:183} INFO - Processing /home/airflow/.local/lib/python3.8/site-packages/airflow/example_dags/example_branch_python_dop_operator_3.py took 0.065 seconds
[2024-03-29T13:56:33.000+0000] {processor.py:161} INFO - Started process (PID=410) to work on /home/airflow/.local/lib/python3.8/site-packages/airflow/example_dags/example_branch_python_dop_operator_3.py
[2024-03-29T13:56:33.001+0000] {processor.py:830} INFO - Processing file /home/airflow/.local/lib/python3.8/site-packages/airflow/example_dags/example_branch_python_dop_operator_3.py for tasks to queue
[2024-03-29T13:56:33.002+0000] {logging_mixin.py:188} INFO - [2024-03-29T13:56:33.002+0000] {dagbag.py:540} INFO - Filling up the DagBag from /home/airflow/.local/lib/python3.8/site-packages/airflow/example_dags/example_branch_python_dop_operator_3.py
[2024-03-29T13:56:33.009+0000] {processor.py:840} INFO - DAG(s) 'example_branch_dop_operator_v3' retrieved from /home/airflow/.local/lib/python3.8/site-packages/airflow/example_dags/example_branch_python_dop_operator_3.py
[2024-03-29T13:56:33.024+0000] {logging_mixin.py:188} INFO - [2024-03-29T13:56:33.024+0000] {dag.py:3047} INFO - Sync 1 DAGs
[2024-03-29T13:56:33.043+0000] {logging_mixin.py:188} INFO - [2024-03-29T13:56:33.043+0000] {dag.py:3834} INFO - Setting next_dagrun for example_branch_dop_operator_v3 to 2024-03-29 13:55:00+00:00, run_after=2024-03-29 13:56:00+00:00
[2024-03-29T13:56:33.066+0000] {processor.py:183} INFO - Processing /home/airflow/.local/lib/python3.8/site-packages/airflow/example_dags/example_branch_python_dop_operator_3.py took 0.069 seconds
[2024-03-29T13:57:03.585+0000] {processor.py:161} INFO - Started process (PID=466) to work on /home/airflow/.local/lib/python3.8/site-packages/airflow/example_dags/example_branch_python_dop_operator_3.py
[2024-03-29T13:57:03.586+0000] {processor.py:830} INFO - Processing file /home/airflow/.local/lib/python3.8/site-packages/airflow/example_dags/example_branch_python_dop_operator_3.py for tasks to queue
[2024-03-29T13:57:03.588+0000] {logging_mixin.py:188} INFO - [2024-03-29T13:57:03.588+0000] {dagbag.py:540} INFO - Filling up the DagBag from /home/airflow/.local/lib/python3.8/site-packages/airflow/example_dags/example_branch_python_dop_operator_3.py
[2024-03-29T13:57:03.596+0000] {processor.py:840} INFO - DAG(s) 'example_branch_dop_operator_v3' retrieved from /home/airflow/.local/lib/python3.8/site-packages/airflow/example_dags/example_branch_python_dop_operator_3.py
[2024-03-29T13:57:03.611+0000] {logging_mixin.py:188} INFO - [2024-03-29T13:57:03.611+0000] {dag.py:3047} INFO - Sync 1 DAGs
[2024-03-29T13:57:03.630+0000] {logging_mixin.py:188} INFO - [2024-03-29T13:57:03.630+0000] {dag.py:3834} INFO - Setting next_dagrun for example_branch_dop_operator_v3 to 2024-03-29 13:56:00+00:00, run_after=2024-03-29 13:57:00+00:00
[2024-03-29T13:57:03.653+0000] {processor.py:183} INFO - Processing /home/airflow/.local/lib/python3.8/site-packages/airflow/example_dags/example_branch_python_dop_operator_3.py took 0.071 seconds
[2024-03-29T13:57:34.336+0000] {processor.py:161} INFO - Started process (PID=528) to work on /home/airflow/.local/lib/python3.8/site-packages/airflow/example_dags/example_branch_python_dop_operator_3.py
[2024-03-29T13:57:34.336+0000] {processor.py:830} INFO - Processing file /home/airflow/.local/lib/python3.8/site-packages/airflow/example_dags/example_branch_python_dop_operator_3.py for tasks to queue
[2024-03-29T13:57:34.338+0000] {logging_mixin.py:188} INFO - [2024-03-29T13:57:34.337+0000] {dagbag.py:540} INFO - Filling up the DagBag from /home/airflow/.local/lib/python3.8/site-packages/airflow/example_dags/example_branch_python_dop_operator_3.py
[2024-03-29T13:57:34.344+0000] {processor.py:840} INFO - DAG(s) 'example_branch_dop_operator_v3' retrieved from /home/airflow/.local/lib/python3.8/site-packages/airflow/example_dags/example_branch_python_dop_operator_3.py
[2024-03-29T13:57:34.358+0000] {logging_mixin.py:188} INFO - [2024-03-29T13:57:34.358+0000] {dag.py:3047} INFO - Sync 1 DAGs
[2024-03-29T13:57:34.377+0000] {logging_mixin.py:188} INFO - [2024-03-29T13:57:34.377+0000] {dag.py:3834} INFO - Setting next_dagrun for example_branch_dop_operator_v3 to 2024-03-29 13:56:00+00:00, run_after=2024-03-29 13:57:00+00:00
[2024-03-29T13:57:34.392+0000] {processor.py:183} INFO - Processing /home/airflow/.local/lib/python3.8/site-packages/airflow/example_dags/example_branch_python_dop_operator_3.py took 0.058 seconds
[2024-03-29T13:58:04.540+0000] {processor.py:161} INFO - Started process (PID=584) to work on /home/airflow/.local/lib/python3.8/site-packages/airflow/example_dags/example_branch_python_dop_operator_3.py
[2024-03-29T13:58:04.541+0000] {processor.py:830} INFO - Processing file /home/airflow/.local/lib/python3.8/site-packages/airflow/example_dags/example_branch_python_dop_operator_3.py for tasks to queue
[2024-03-29T13:58:04.543+0000] {logging_mixin.py:188} INFO - [2024-03-29T13:58:04.542+0000] {dagbag.py:540} INFO - Filling up the DagBag from /home/airflow/.local/lib/python3.8/site-packages/airflow/example_dags/example_branch_python_dop_operator_3.py
[2024-03-29T13:58:04.549+0000] {processor.py:840} INFO - DAG(s) 'example_branch_dop_operator_v3' retrieved from /home/airflow/.local/lib/python3.8/site-packages/airflow/example_dags/example_branch_python_dop_operator_3.py
[2024-03-29T13:58:04.564+0000] {logging_mixin.py:188} INFO - [2024-03-29T13:58:04.564+0000] {dag.py:3047} INFO - Sync 1 DAGs
[2024-03-29T13:58:04.584+0000] {logging_mixin.py:188} INFO - [2024-03-29T13:58:04.584+0000] {dag.py:3834} INFO - Setting next_dagrun for example_branch_dop_operator_v3 to 2024-03-29 13:57:00+00:00, run_after=2024-03-29 13:58:00+00:00
[2024-03-29T13:58:04.599+0000] {processor.py:183} INFO - Processing /home/airflow/.local/lib/python3.8/site-packages/airflow/example_dags/example_branch_python_dop_operator_3.py took 0.061 seconds
[2024-03-29T13:58:35.075+0000] {processor.py:161} INFO - Started process (PID=640) to work on /home/airflow/.local/lib/python3.8/site-packages/airflow/example_dags/example_branch_python_dop_operator_3.py
[2024-03-29T13:58:35.075+0000] {processor.py:830} INFO - Processing file /home/airflow/.local/lib/python3.8/site-packages/airflow/example_dags/example_branch_python_dop_operator_3.py for tasks to queue
[2024-03-29T13:58:35.077+0000] {logging_mixin.py:188} INFO - [2024-03-29T13:58:35.076+0000] {dagbag.py:540} INFO - Filling up the DagBag from /home/airflow/.local/lib/python3.8/site-packages/airflow/example_dags/example_branch_python_dop_operator_3.py
[2024-03-29T13:58:35.084+0000] {processor.py:840} INFO - DAG(s) 'example_branch_dop_operator_v3' retrieved from /home/airflow/.local/lib/python3.8/site-packages/airflow/example_dags/example_branch_python_dop_operator_3.py
[2024-03-29T13:58:35.098+0000] {logging_mixin.py:188} INFO - [2024-03-29T13:58:35.098+0000] {dag.py:3047} INFO - Sync 1 DAGs
[2024-03-29T13:58:35.116+0000] {logging_mixin.py:188} INFO - [2024-03-29T13:58:35.116+0000] {dag.py:3834} INFO - Setting next_dagrun for example_branch_dop_operator_v3 to 2024-03-29 13:57:00+00:00, run_after=2024-03-29 13:58:00+00:00
[2024-03-29T13:58:35.130+0000] {processor.py:183} INFO - Processing /home/airflow/.local/lib/python3.8/site-packages/airflow/example_dags/example_branch_python_dop_operator_3.py took 0.057 seconds
[2024-03-29T13:59:05.456+0000] {processor.py:161} INFO - Started process (PID=696) to work on /home/airflow/.local/lib/python3.8/site-packages/airflow/example_dags/example_branch_python_dop_operator_3.py
[2024-03-29T13:59:05.456+0000] {processor.py:830} INFO - Processing file /home/airflow/.local/lib/python3.8/site-packages/airflow/example_dags/example_branch_python_dop_operator_3.py for tasks to queue
[2024-03-29T13:59:05.458+0000] {logging_mixin.py:188} INFO - [2024-03-29T13:59:05.458+0000] {dagbag.py:540} INFO - Filling up the DagBag from /home/airflow/.local/lib/python3.8/site-packages/airflow/example_dags/example_branch_python_dop_operator_3.py
[2024-03-29T13:59:05.464+0000] {processor.py:840} INFO - DAG(s) 'example_branch_dop_operator_v3' retrieved from /home/airflow/.local/lib/python3.8/site-packages/airflow/example_dags/example_branch_python_dop_operator_3.py
[2024-03-29T13:59:05.479+0000] {logging_mixin.py:188} INFO - [2024-03-29T13:59:05.479+0000] {dag.py:3047} INFO - Sync 1 DAGs
[2024-03-29T13:59:05.497+0000] {logging_mixin.py:188} INFO - [2024-03-29T13:59:05.497+0000] {dag.py:3834} INFO - Setting next_dagrun for example_branch_dop_operator_v3 to 2024-03-29 13:58:00+00:00, run_after=2024-03-29 13:59:00+00:00
[2024-03-29T13:59:05.520+0000] {processor.py:183} INFO - Processing /home/airflow/.local/lib/python3.8/site-packages/airflow/example_dags/example_branch_python_dop_operator_3.py took 0.067 seconds
[2024-03-29T13:59:35.768+0000] {processor.py:161} INFO - Started process (PID=752) to work on /home/airflow/.local/lib/python3.8/site-packages/airflow/example_dags/example_branch_python_dop_operator_3.py
[2024-03-29T13:59:35.769+0000] {processor.py:830} INFO - Processing file /home/airflow/.local/lib/python3.8/site-packages/airflow/example_dags/example_branch_python_dop_operator_3.py for tasks to queue
[2024-03-29T13:59:35.770+0000] {logging_mixin.py:188} INFO - [2024-03-29T13:59:35.770+0000] {dagbag.py:540} INFO - Filling up the DagBag from /home/airflow/.local/lib/python3.8/site-packages/airflow/example_dags/example_branch_python_dop_operator_3.py
[2024-03-29T13:59:35.776+0000] {processor.py:840} INFO - DAG(s) 'example_branch_dop_operator_v3' retrieved from /home/airflow/.local/lib/python3.8/site-packages/airflow/example_dags/example_branch_python_dop_operator_3.py
[2024-03-29T13:59:35.792+0000] {logging_mixin.py:188} INFO - [2024-03-29T13:59:35.792+0000] {dag.py:3047} INFO - Sync 1 DAGs
[2024-03-29T13:59:35.809+0000] {logging_mixin.py:188} INFO - [2024-03-29T13:59:35.809+0000] {dag.py:3834} INFO - Setting next_dagrun for example_branch_dop_operator_v3 to 2024-03-29 13:58:00+00:00, run_after=2024-03-29 13:59:00+00:00
[2024-03-29T13:59:35.834+0000] {processor.py:183} INFO - Processing /home/airflow/.local/lib/python3.8/site-packages/airflow/example_dags/example_branch_python_dop_operator_3.py took 0.068 seconds
