[2024-03-29T13:53:29.649+0000] {processor.py:161} INFO - Started process (PID=78) to work on /home/airflow/.local/lib/python3.8/site-packages/airflow/example_dags/example_latest_only_with_trigger.py
[2024-03-29T13:53:29.650+0000] {processor.py:830} INFO - Processing file /home/airflow/.local/lib/python3.8/site-packages/airflow/example_dags/example_latest_only_with_trigger.py for tasks to queue
[2024-03-29T13:53:29.651+0000] {logging_mixin.py:188} INFO - [2024-03-29T13:53:29.651+0000] {dagbag.py:540} INFO - Filling up the DagBag from /home/airflow/.local/lib/python3.8/site-packages/airflow/example_dags/example_latest_only_with_trigger.py
[2024-03-29T13:53:29.658+0000] {processor.py:840} INFO - DAG(s) 'latest_only_with_trigger' retrieved from /home/airflow/.local/lib/python3.8/site-packages/airflow/example_dags/example_latest_only_with_trigger.py
[2024-03-29T13:53:29.668+0000] {logging_mixin.py:188} INFO - [2024-03-29T13:53:29.668+0000] {dag.py:3047} INFO - Sync 1 DAGs
[2024-03-29T13:53:29.688+0000] {logging_mixin.py:188} INFO - [2024-03-29T13:53:29.688+0000] {dag.py:3834} INFO - Setting next_dagrun for latest_only_with_trigger to 2024-03-29 08:00:00+00:00, run_after=2024-03-29 12:00:00+00:00
[2024-03-29T13:53:29.710+0000] {processor.py:183} INFO - Processing /home/airflow/.local/lib/python3.8/site-packages/airflow/example_dags/example_latest_only_with_trigger.py took 0.064 seconds
[2024-03-29T13:54:01.233+0000] {processor.py:161} INFO - Started process (PID=134) to work on /home/airflow/.local/lib/python3.8/site-packages/airflow/example_dags/example_latest_only_with_trigger.py
[2024-03-29T13:54:01.234+0000] {processor.py:830} INFO - Processing file /home/airflow/.local/lib/python3.8/site-packages/airflow/example_dags/example_latest_only_with_trigger.py for tasks to queue
[2024-03-29T13:54:01.236+0000] {logging_mixin.py:188} INFO - [2024-03-29T13:54:01.236+0000] {dagbag.py:540} INFO - Filling up the DagBag from /home/airflow/.local/lib/python3.8/site-packages/airflow/example_dags/example_latest_only_with_trigger.py
[2024-03-29T13:54:01.242+0000] {processor.py:840} INFO - DAG(s) 'latest_only_with_trigger' retrieved from /home/airflow/.local/lib/python3.8/site-packages/airflow/example_dags/example_latest_only_with_trigger.py
[2024-03-29T13:54:01.336+0000] {logging_mixin.py:188} INFO - [2024-03-29T13:54:01.335+0000] {dag.py:3047} INFO - Sync 1 DAGs
[2024-03-29T13:54:01.353+0000] {logging_mixin.py:188} INFO - [2024-03-29T13:54:01.353+0000] {dag.py:3834} INFO - Setting next_dagrun for latest_only_with_trigger to 2024-03-29 08:00:00+00:00, run_after=2024-03-29 12:00:00+00:00
[2024-03-29T13:54:01.371+0000] {processor.py:183} INFO - Processing /home/airflow/.local/lib/python3.8/site-packages/airflow/example_dags/example_latest_only_with_trigger.py took 0.140 seconds
[2024-03-29T13:54:31.975+0000] {processor.py:161} INFO - Started process (PID=190) to work on /home/airflow/.local/lib/python3.8/site-packages/airflow/example_dags/example_latest_only_with_trigger.py
[2024-03-29T13:54:31.976+0000] {processor.py:830} INFO - Processing file /home/airflow/.local/lib/python3.8/site-packages/airflow/example_dags/example_latest_only_with_trigger.py for tasks to queue
[2024-03-29T13:54:31.978+0000] {logging_mixin.py:188} INFO - [2024-03-29T13:54:31.977+0000] {dagbag.py:540} INFO - Filling up the DagBag from /home/airflow/.local/lib/python3.8/site-packages/airflow/example_dags/example_latest_only_with_trigger.py
[2024-03-29T13:54:31.982+0000] {processor.py:840} INFO - DAG(s) 'latest_only_with_trigger' retrieved from /home/airflow/.local/lib/python3.8/site-packages/airflow/example_dags/example_latest_only_with_trigger.py
[2024-03-29T13:54:31.998+0000] {logging_mixin.py:188} INFO - [2024-03-29T13:54:31.998+0000] {dag.py:3047} INFO - Sync 1 DAGs
[2024-03-29T13:54:32.015+0000] {logging_mixin.py:188} INFO - [2024-03-29T13:54:32.015+0000] {dag.py:3834} INFO - Setting next_dagrun for latest_only_with_trigger to 2024-03-29 08:00:00+00:00, run_after=2024-03-29 12:00:00+00:00
[2024-03-29T13:54:32.029+0000] {processor.py:183} INFO - Processing /home/airflow/.local/lib/python3.8/site-packages/airflow/example_dags/example_latest_only_with_trigger.py took 0.057 seconds
[2024-03-29T13:55:02.454+0000] {processor.py:161} INFO - Started process (PID=246) to work on /home/airflow/.local/lib/python3.8/site-packages/airflow/example_dags/example_latest_only_with_trigger.py
[2024-03-29T13:55:02.455+0000] {processor.py:830} INFO - Processing file /home/airflow/.local/lib/python3.8/site-packages/airflow/example_dags/example_latest_only_with_trigger.py for tasks to queue
[2024-03-29T13:55:02.457+0000] {logging_mixin.py:188} INFO - [2024-03-29T13:55:02.456+0000] {dagbag.py:540} INFO - Filling up the DagBag from /home/airflow/.local/lib/python3.8/site-packages/airflow/example_dags/example_latest_only_with_trigger.py
[2024-03-29T13:55:02.462+0000] {processor.py:840} INFO - DAG(s) 'latest_only_with_trigger' retrieved from /home/airflow/.local/lib/python3.8/site-packages/airflow/example_dags/example_latest_only_with_trigger.py
[2024-03-29T13:55:02.478+0000] {logging_mixin.py:188} INFO - [2024-03-29T13:55:02.477+0000] {dag.py:3047} INFO - Sync 1 DAGs
[2024-03-29T13:55:02.493+0000] {logging_mixin.py:188} INFO - [2024-03-29T13:55:02.493+0000] {dag.py:3834} INFO - Setting next_dagrun for latest_only_with_trigger to 2024-03-29 08:00:00+00:00, run_after=2024-03-29 12:00:00+00:00
[2024-03-29T13:55:02.509+0000] {processor.py:183} INFO - Processing /home/airflow/.local/lib/python3.8/site-packages/airflow/example_dags/example_latest_only_with_trigger.py took 0.058 seconds
[2024-03-29T13:55:32.706+0000] {processor.py:161} INFO - Started process (PID=302) to work on /home/airflow/.local/lib/python3.8/site-packages/airflow/example_dags/example_latest_only_with_trigger.py
[2024-03-29T13:55:32.707+0000] {processor.py:830} INFO - Processing file /home/airflow/.local/lib/python3.8/site-packages/airflow/example_dags/example_latest_only_with_trigger.py for tasks to queue
[2024-03-29T13:55:32.709+0000] {logging_mixin.py:188} INFO - [2024-03-29T13:55:32.709+0000] {dagbag.py:540} INFO - Filling up the DagBag from /home/airflow/.local/lib/python3.8/site-packages/airflow/example_dags/example_latest_only_with_trigger.py
[2024-03-29T13:55:32.713+0000] {processor.py:840} INFO - DAG(s) 'latest_only_with_trigger' retrieved from /home/airflow/.local/lib/python3.8/site-packages/airflow/example_dags/example_latest_only_with_trigger.py
[2024-03-29T13:55:32.727+0000] {logging_mixin.py:188} INFO - [2024-03-29T13:55:32.727+0000] {dag.py:3047} INFO - Sync 1 DAGs
[2024-03-29T13:55:32.741+0000] {logging_mixin.py:188} INFO - [2024-03-29T13:55:32.741+0000] {dag.py:3834} INFO - Setting next_dagrun for latest_only_with_trigger to 2024-03-29 08:00:00+00:00, run_after=2024-03-29 12:00:00+00:00
[2024-03-29T13:55:32.753+0000] {processor.py:183} INFO - Processing /home/airflow/.local/lib/python3.8/site-packages/airflow/example_dags/example_latest_only_with_trigger.py took 0.049 seconds
[2024-03-29T13:56:02.904+0000] {processor.py:161} INFO - Started process (PID=358) to work on /home/airflow/.local/lib/python3.8/site-packages/airflow/example_dags/example_latest_only_with_trigger.py
[2024-03-29T13:56:02.905+0000] {processor.py:830} INFO - Processing file /home/airflow/.local/lib/python3.8/site-packages/airflow/example_dags/example_latest_only_with_trigger.py for tasks to queue
[2024-03-29T13:56:02.906+0000] {logging_mixin.py:188} INFO - [2024-03-29T13:56:02.906+0000] {dagbag.py:540} INFO - Filling up the DagBag from /home/airflow/.local/lib/python3.8/site-packages/airflow/example_dags/example_latest_only_with_trigger.py
[2024-03-29T13:56:02.910+0000] {processor.py:840} INFO - DAG(s) 'latest_only_with_trigger' retrieved from /home/airflow/.local/lib/python3.8/site-packages/airflow/example_dags/example_latest_only_with_trigger.py
[2024-03-29T13:56:02.929+0000] {logging_mixin.py:188} INFO - [2024-03-29T13:56:02.929+0000] {dag.py:3047} INFO - Sync 1 DAGs
[2024-03-29T13:56:02.944+0000] {logging_mixin.py:188} INFO - [2024-03-29T13:56:02.943+0000] {dag.py:3834} INFO - Setting next_dagrun for latest_only_with_trigger to 2024-03-29 08:00:00+00:00, run_after=2024-03-29 12:00:00+00:00
[2024-03-29T13:56:02.955+0000] {processor.py:183} INFO - Processing /home/airflow/.local/lib/python3.8/site-packages/airflow/example_dags/example_latest_only_with_trigger.py took 0.053 seconds
[2024-03-29T13:56:33.177+0000] {processor.py:161} INFO - Started process (PID=414) to work on /home/airflow/.local/lib/python3.8/site-packages/airflow/example_dags/example_latest_only_with_trigger.py
[2024-03-29T13:56:33.178+0000] {processor.py:830} INFO - Processing file /home/airflow/.local/lib/python3.8/site-packages/airflow/example_dags/example_latest_only_with_trigger.py for tasks to queue
[2024-03-29T13:56:33.180+0000] {logging_mixin.py:188} INFO - [2024-03-29T13:56:33.180+0000] {dagbag.py:540} INFO - Filling up the DagBag from /home/airflow/.local/lib/python3.8/site-packages/airflow/example_dags/example_latest_only_with_trigger.py
[2024-03-29T13:56:33.185+0000] {processor.py:840} INFO - DAG(s) 'latest_only_with_trigger' retrieved from /home/airflow/.local/lib/python3.8/site-packages/airflow/example_dags/example_latest_only_with_trigger.py
[2024-03-29T13:56:33.203+0000] {logging_mixin.py:188} INFO - [2024-03-29T13:56:33.202+0000] {dag.py:3047} INFO - Sync 1 DAGs
[2024-03-29T13:56:33.221+0000] {logging_mixin.py:188} INFO - [2024-03-29T13:56:33.221+0000] {dag.py:3834} INFO - Setting next_dagrun for latest_only_with_trigger to 2024-03-29 08:00:00+00:00, run_after=2024-03-29 12:00:00+00:00
[2024-03-29T13:56:33.236+0000] {processor.py:183} INFO - Processing /home/airflow/.local/lib/python3.8/site-packages/airflow/example_dags/example_latest_only_with_trigger.py took 0.063 seconds
[2024-03-29T13:57:03.748+0000] {processor.py:161} INFO - Started process (PID=470) to work on /home/airflow/.local/lib/python3.8/site-packages/airflow/example_dags/example_latest_only_with_trigger.py
[2024-03-29T13:57:03.749+0000] {processor.py:830} INFO - Processing file /home/airflow/.local/lib/python3.8/site-packages/airflow/example_dags/example_latest_only_with_trigger.py for tasks to queue
[2024-03-29T13:57:03.750+0000] {logging_mixin.py:188} INFO - [2024-03-29T13:57:03.750+0000] {dagbag.py:540} INFO - Filling up the DagBag from /home/airflow/.local/lib/python3.8/site-packages/airflow/example_dags/example_latest_only_with_trigger.py
[2024-03-29T13:57:03.754+0000] {processor.py:840} INFO - DAG(s) 'latest_only_with_trigger' retrieved from /home/airflow/.local/lib/python3.8/site-packages/airflow/example_dags/example_latest_only_with_trigger.py
[2024-03-29T13:57:03.770+0000] {logging_mixin.py:188} INFO - [2024-03-29T13:57:03.769+0000] {dag.py:3047} INFO - Sync 1 DAGs
[2024-03-29T13:57:03.786+0000] {logging_mixin.py:188} INFO - [2024-03-29T13:57:03.786+0000] {dag.py:3834} INFO - Setting next_dagrun for latest_only_with_trigger to 2024-03-29 08:00:00+00:00, run_after=2024-03-29 12:00:00+00:00
[2024-03-29T13:57:03.798+0000] {processor.py:183} INFO - Processing /home/airflow/.local/lib/python3.8/site-packages/airflow/example_dags/example_latest_only_with_trigger.py took 0.053 seconds
[2024-03-29T13:57:34.503+0000] {processor.py:161} INFO - Started process (PID=532) to work on /home/airflow/.local/lib/python3.8/site-packages/airflow/example_dags/example_latest_only_with_trigger.py
[2024-03-29T13:57:34.504+0000] {processor.py:830} INFO - Processing file /home/airflow/.local/lib/python3.8/site-packages/airflow/example_dags/example_latest_only_with_trigger.py for tasks to queue
[2024-03-29T13:57:34.505+0000] {logging_mixin.py:188} INFO - [2024-03-29T13:57:34.505+0000] {dagbag.py:540} INFO - Filling up the DagBag from /home/airflow/.local/lib/python3.8/site-packages/airflow/example_dags/example_latest_only_with_trigger.py
[2024-03-29T13:57:34.510+0000] {processor.py:840} INFO - DAG(s) 'latest_only_with_trigger' retrieved from /home/airflow/.local/lib/python3.8/site-packages/airflow/example_dags/example_latest_only_with_trigger.py
[2024-03-29T13:57:34.527+0000] {logging_mixin.py:188} INFO - [2024-03-29T13:57:34.526+0000] {dag.py:3047} INFO - Sync 1 DAGs
[2024-03-29T13:57:34.542+0000] {logging_mixin.py:188} INFO - [2024-03-29T13:57:34.542+0000] {dag.py:3834} INFO - Setting next_dagrun for latest_only_with_trigger to 2024-03-29 08:00:00+00:00, run_after=2024-03-29 12:00:00+00:00
[2024-03-29T13:57:34.556+0000] {processor.py:183} INFO - Processing /home/airflow/.local/lib/python3.8/site-packages/airflow/example_dags/example_latest_only_with_trigger.py took 0.056 seconds
[2024-03-29T13:58:04.688+0000] {processor.py:161} INFO - Started process (PID=588) to work on /home/airflow/.local/lib/python3.8/site-packages/airflow/example_dags/example_latest_only_with_trigger.py
[2024-03-29T13:58:04.689+0000] {processor.py:830} INFO - Processing file /home/airflow/.local/lib/python3.8/site-packages/airflow/example_dags/example_latest_only_with_trigger.py for tasks to queue
[2024-03-29T13:58:04.691+0000] {logging_mixin.py:188} INFO - [2024-03-29T13:58:04.690+0000] {dagbag.py:540} INFO - Filling up the DagBag from /home/airflow/.local/lib/python3.8/site-packages/airflow/example_dags/example_latest_only_with_trigger.py
[2024-03-29T13:58:04.695+0000] {processor.py:840} INFO - DAG(s) 'latest_only_with_trigger' retrieved from /home/airflow/.local/lib/python3.8/site-packages/airflow/example_dags/example_latest_only_with_trigger.py
[2024-03-29T13:58:04.712+0000] {logging_mixin.py:188} INFO - [2024-03-29T13:58:04.711+0000] {dag.py:3047} INFO - Sync 1 DAGs
[2024-03-29T13:58:04.728+0000] {logging_mixin.py:188} INFO - [2024-03-29T13:58:04.728+0000] {dag.py:3834} INFO - Setting next_dagrun for latest_only_with_trigger to 2024-03-29 08:00:00+00:00, run_after=2024-03-29 12:00:00+00:00
[2024-03-29T13:58:04.741+0000] {processor.py:183} INFO - Processing /home/airflow/.local/lib/python3.8/site-packages/airflow/example_dags/example_latest_only_with_trigger.py took 0.055 seconds
[2024-03-29T13:58:35.222+0000] {processor.py:161} INFO - Started process (PID=644) to work on /home/airflow/.local/lib/python3.8/site-packages/airflow/example_dags/example_latest_only_with_trigger.py
[2024-03-29T13:58:35.223+0000] {processor.py:830} INFO - Processing file /home/airflow/.local/lib/python3.8/site-packages/airflow/example_dags/example_latest_only_with_trigger.py for tasks to queue
[2024-03-29T13:58:35.225+0000] {logging_mixin.py:188} INFO - [2024-03-29T13:58:35.224+0000] {dagbag.py:540} INFO - Filling up the DagBag from /home/airflow/.local/lib/python3.8/site-packages/airflow/example_dags/example_latest_only_with_trigger.py
[2024-03-29T13:58:35.229+0000] {processor.py:840} INFO - DAG(s) 'latest_only_with_trigger' retrieved from /home/airflow/.local/lib/python3.8/site-packages/airflow/example_dags/example_latest_only_with_trigger.py
[2024-03-29T13:58:35.245+0000] {logging_mixin.py:188} INFO - [2024-03-29T13:58:35.245+0000] {dag.py:3047} INFO - Sync 1 DAGs
[2024-03-29T13:58:35.263+0000] {logging_mixin.py:188} INFO - [2024-03-29T13:58:35.263+0000] {dag.py:3834} INFO - Setting next_dagrun for latest_only_with_trigger to 2024-03-29 08:00:00+00:00, run_after=2024-03-29 12:00:00+00:00
[2024-03-29T13:58:35.277+0000] {processor.py:183} INFO - Processing /home/airflow/.local/lib/python3.8/site-packages/airflow/example_dags/example_latest_only_with_trigger.py took 0.057 seconds
[2024-03-29T13:59:05.721+0000] {processor.py:161} INFO - Started process (PID=700) to work on /home/airflow/.local/lib/python3.8/site-packages/airflow/example_dags/example_latest_only_with_trigger.py
[2024-03-29T13:59:05.722+0000] {processor.py:830} INFO - Processing file /home/airflow/.local/lib/python3.8/site-packages/airflow/example_dags/example_latest_only_with_trigger.py for tasks to queue
[2024-03-29T13:59:05.723+0000] {logging_mixin.py:188} INFO - [2024-03-29T13:59:05.723+0000] {dagbag.py:540} INFO - Filling up the DagBag from /home/airflow/.local/lib/python3.8/site-packages/airflow/example_dags/example_latest_only_with_trigger.py
[2024-03-29T13:59:05.728+0000] {processor.py:840} INFO - DAG(s) 'latest_only_with_trigger' retrieved from /home/airflow/.local/lib/python3.8/site-packages/airflow/example_dags/example_latest_only_with_trigger.py
[2024-03-29T13:59:05.744+0000] {logging_mixin.py:188} INFO - [2024-03-29T13:59:05.743+0000] {dag.py:3047} INFO - Sync 1 DAGs
[2024-03-29T13:59:05.761+0000] {logging_mixin.py:188} INFO - [2024-03-29T13:59:05.761+0000] {dag.py:3834} INFO - Setting next_dagrun for latest_only_with_trigger to 2024-03-29 08:00:00+00:00, run_after=2024-03-29 12:00:00+00:00
[2024-03-29T13:59:05.777+0000] {processor.py:183} INFO - Processing /home/airflow/.local/lib/python3.8/site-packages/airflow/example_dags/example_latest_only_with_trigger.py took 0.058 seconds
[2024-03-29T13:59:35.948+0000] {processor.py:161} INFO - Started process (PID=756) to work on /home/airflow/.local/lib/python3.8/site-packages/airflow/example_dags/example_latest_only_with_trigger.py
[2024-03-29T13:59:35.949+0000] {processor.py:830} INFO - Processing file /home/airflow/.local/lib/python3.8/site-packages/airflow/example_dags/example_latest_only_with_trigger.py for tasks to queue
[2024-03-29T13:59:35.951+0000] {logging_mixin.py:188} INFO - [2024-03-29T13:59:35.950+0000] {dagbag.py:540} INFO - Filling up the DagBag from /home/airflow/.local/lib/python3.8/site-packages/airflow/example_dags/example_latest_only_with_trigger.py
[2024-03-29T13:59:35.955+0000] {processor.py:840} INFO - DAG(s) 'latest_only_with_trigger' retrieved from /home/airflow/.local/lib/python3.8/site-packages/airflow/example_dags/example_latest_only_with_trigger.py
[2024-03-29T13:59:35.971+0000] {logging_mixin.py:188} INFO - [2024-03-29T13:59:35.971+0000] {dag.py:3047} INFO - Sync 1 DAGs
[2024-03-29T13:59:35.992+0000] {logging_mixin.py:188} INFO - [2024-03-29T13:59:35.992+0000] {dag.py:3834} INFO - Setting next_dagrun for latest_only_with_trigger to 2024-03-29 08:00:00+00:00, run_after=2024-03-29 12:00:00+00:00
[2024-03-29T13:59:36.006+0000] {processor.py:183} INFO - Processing /home/airflow/.local/lib/python3.8/site-packages/airflow/example_dags/example_latest_only_with_trigger.py took 0.061 seconds
