[2024-03-29T13:53:28.729+0000] {processor.py:161} INFO - Started process (PID=62) to work on /home/airflow/.local/lib/python3.8/site-packages/airflow/example_dags/example_short_circuit_decorator.py
[2024-03-29T13:53:28.729+0000] {processor.py:830} INFO - Processing file /home/airflow/.local/lib/python3.8/site-packages/airflow/example_dags/example_short_circuit_decorator.py for tasks to queue
[2024-03-29T13:53:28.731+0000] {logging_mixin.py:188} INFO - [2024-03-29T13:53:28.731+0000] {dagbag.py:540} INFO - Filling up the DagBag from /home/airflow/.local/lib/python3.8/site-packages/airflow/example_dags/example_short_circuit_decorator.py
[2024-03-29T13:53:28.745+0000] {processor.py:840} INFO - DAG(s) 'example_short_circuit_decorator' retrieved from /home/airflow/.local/lib/python3.8/site-packages/airflow/example_dags/example_short_circuit_decorator.py
[2024-03-29T13:53:28.758+0000] {logging_mixin.py:188} INFO - [2024-03-29T13:53:28.758+0000] {dag.py:3047} INFO - Sync 1 DAGs
[2024-03-29T13:53:28.789+0000] {logging_mixin.py:188} INFO - [2024-03-29T13:53:28.788+0000] {dag.py:3834} INFO - Setting next_dagrun for example_short_circuit_decorator to 2024-03-28 00:00:00+00:00, run_after=2024-03-29 00:00:00+00:00
[2024-03-29T13:53:28.815+0000] {processor.py:183} INFO - Processing /home/airflow/.local/lib/python3.8/site-packages/airflow/example_dags/example_short_circuit_decorator.py took 0.090 seconds
[2024-03-29T13:53:59.811+0000] {processor.py:161} INFO - Started process (PID=118) to work on /home/airflow/.local/lib/python3.8/site-packages/airflow/example_dags/example_short_circuit_decorator.py
[2024-03-29T13:53:59.812+0000] {processor.py:830} INFO - Processing file /home/airflow/.local/lib/python3.8/site-packages/airflow/example_dags/example_short_circuit_decorator.py for tasks to queue
[2024-03-29T13:53:59.814+0000] {logging_mixin.py:188} INFO - [2024-03-29T13:53:59.814+0000] {dagbag.py:540} INFO - Filling up the DagBag from /home/airflow/.local/lib/python3.8/site-packages/airflow/example_dags/example_short_circuit_decorator.py
[2024-03-29T13:53:59.821+0000] {processor.py:840} INFO - DAG(s) 'example_short_circuit_decorator' retrieved from /home/airflow/.local/lib/python3.8/site-packages/airflow/example_dags/example_short_circuit_decorator.py
[2024-03-29T13:53:59.902+0000] {logging_mixin.py:188} INFO - [2024-03-29T13:53:59.901+0000] {dag.py:3047} INFO - Sync 1 DAGs
[2024-03-29T13:53:59.917+0000] {logging_mixin.py:188} INFO - [2024-03-29T13:53:59.917+0000] {dag.py:3834} INFO - Setting next_dagrun for example_short_circuit_decorator to 2024-03-28 00:00:00+00:00, run_after=2024-03-29 00:00:00+00:00
[2024-03-29T13:53:59.941+0000] {processor.py:183} INFO - Processing /home/airflow/.local/lib/python3.8/site-packages/airflow/example_dags/example_short_circuit_decorator.py took 0.132 seconds
[2024-03-29T13:54:30.251+0000] {processor.py:161} INFO - Started process (PID=174) to work on /home/airflow/.local/lib/python3.8/site-packages/airflow/example_dags/example_short_circuit_decorator.py
[2024-03-29T13:54:30.252+0000] {processor.py:830} INFO - Processing file /home/airflow/.local/lib/python3.8/site-packages/airflow/example_dags/example_short_circuit_decorator.py for tasks to queue
[2024-03-29T13:54:30.253+0000] {logging_mixin.py:188} INFO - [2024-03-29T13:54:30.253+0000] {dagbag.py:540} INFO - Filling up the DagBag from /home/airflow/.local/lib/python3.8/site-packages/airflow/example_dags/example_short_circuit_decorator.py
[2024-03-29T13:54:30.260+0000] {processor.py:840} INFO - DAG(s) 'example_short_circuit_decorator' retrieved from /home/airflow/.local/lib/python3.8/site-packages/airflow/example_dags/example_short_circuit_decorator.py
[2024-03-29T13:54:30.279+0000] {logging_mixin.py:188} INFO - [2024-03-29T13:54:30.279+0000] {dag.py:3047} INFO - Sync 1 DAGs
[2024-03-29T13:54:30.298+0000] {logging_mixin.py:188} INFO - [2024-03-29T13:54:30.298+0000] {dag.py:3834} INFO - Setting next_dagrun for example_short_circuit_decorator to 2024-03-28 00:00:00+00:00, run_after=2024-03-29 00:00:00+00:00
[2024-03-29T13:54:30.314+0000] {processor.py:183} INFO - Processing /home/airflow/.local/lib/python3.8/site-packages/airflow/example_dags/example_short_circuit_decorator.py took 0.067 seconds
[2024-03-29T13:55:00.697+0000] {processor.py:161} INFO - Started process (PID=230) to work on /home/airflow/.local/lib/python3.8/site-packages/airflow/example_dags/example_short_circuit_decorator.py
[2024-03-29T13:55:00.698+0000] {processor.py:830} INFO - Processing file /home/airflow/.local/lib/python3.8/site-packages/airflow/example_dags/example_short_circuit_decorator.py for tasks to queue
[2024-03-29T13:55:00.699+0000] {logging_mixin.py:188} INFO - [2024-03-29T13:55:00.699+0000] {dagbag.py:540} INFO - Filling up the DagBag from /home/airflow/.local/lib/python3.8/site-packages/airflow/example_dags/example_short_circuit_decorator.py
[2024-03-29T13:55:00.706+0000] {processor.py:840} INFO - DAG(s) 'example_short_circuit_decorator' retrieved from /home/airflow/.local/lib/python3.8/site-packages/airflow/example_dags/example_short_circuit_decorator.py
[2024-03-29T13:55:00.723+0000] {logging_mixin.py:188} INFO - [2024-03-29T13:55:00.723+0000] {dag.py:3047} INFO - Sync 1 DAGs
[2024-03-29T13:55:00.737+0000] {logging_mixin.py:188} INFO - [2024-03-29T13:55:00.737+0000] {dag.py:3834} INFO - Setting next_dagrun for example_short_circuit_decorator to 2024-03-28 00:00:00+00:00, run_after=2024-03-29 00:00:00+00:00
[2024-03-29T13:55:00.759+0000] {processor.py:183} INFO - Processing /home/airflow/.local/lib/python3.8/site-packages/airflow/example_dags/example_short_circuit_decorator.py took 0.066 seconds
[2024-03-29T13:55:30.914+0000] {processor.py:161} INFO - Started process (PID=286) to work on /home/airflow/.local/lib/python3.8/site-packages/airflow/example_dags/example_short_circuit_decorator.py
[2024-03-29T13:55:30.915+0000] {processor.py:830} INFO - Processing file /home/airflow/.local/lib/python3.8/site-packages/airflow/example_dags/example_short_circuit_decorator.py for tasks to queue
[2024-03-29T13:55:30.917+0000] {logging_mixin.py:188} INFO - [2024-03-29T13:55:30.916+0000] {dagbag.py:540} INFO - Filling up the DagBag from /home/airflow/.local/lib/python3.8/site-packages/airflow/example_dags/example_short_circuit_decorator.py
[2024-03-29T13:55:30.924+0000] {processor.py:840} INFO - DAG(s) 'example_short_circuit_decorator' retrieved from /home/airflow/.local/lib/python3.8/site-packages/airflow/example_dags/example_short_circuit_decorator.py
[2024-03-29T13:55:30.939+0000] {logging_mixin.py:188} INFO - [2024-03-29T13:55:30.939+0000] {dag.py:3047} INFO - Sync 1 DAGs
[2024-03-29T13:55:30.954+0000] {logging_mixin.py:188} INFO - [2024-03-29T13:55:30.954+0000] {dag.py:3834} INFO - Setting next_dagrun for example_short_circuit_decorator to 2024-03-28 00:00:00+00:00, run_after=2024-03-29 00:00:00+00:00
[2024-03-29T13:55:30.974+0000] {processor.py:183} INFO - Processing /home/airflow/.local/lib/python3.8/site-packages/airflow/example_dags/example_short_circuit_decorator.py took 0.062 seconds
[2024-03-29T13:56:01.107+0000] {processor.py:161} INFO - Started process (PID=342) to work on /home/airflow/.local/lib/python3.8/site-packages/airflow/example_dags/example_short_circuit_decorator.py
[2024-03-29T13:56:01.108+0000] {processor.py:830} INFO - Processing file /home/airflow/.local/lib/python3.8/site-packages/airflow/example_dags/example_short_circuit_decorator.py for tasks to queue
[2024-03-29T13:56:01.109+0000] {logging_mixin.py:188} INFO - [2024-03-29T13:56:01.109+0000] {dagbag.py:540} INFO - Filling up the DagBag from /home/airflow/.local/lib/python3.8/site-packages/airflow/example_dags/example_short_circuit_decorator.py
[2024-03-29T13:56:01.117+0000] {processor.py:840} INFO - DAG(s) 'example_short_circuit_decorator' retrieved from /home/airflow/.local/lib/python3.8/site-packages/airflow/example_dags/example_short_circuit_decorator.py
[2024-03-29T13:56:01.135+0000] {logging_mixin.py:188} INFO - [2024-03-29T13:56:01.135+0000] {dag.py:3047} INFO - Sync 1 DAGs
[2024-03-29T13:56:01.150+0000] {logging_mixin.py:188} INFO - [2024-03-29T13:56:01.150+0000] {dag.py:3834} INFO - Setting next_dagrun for example_short_circuit_decorator to 2024-03-28 00:00:00+00:00, run_after=2024-03-29 00:00:00+00:00
[2024-03-29T13:56:01.162+0000] {processor.py:183} INFO - Processing /home/airflow/.local/lib/python3.8/site-packages/airflow/example_dags/example_short_circuit_decorator.py took 0.058 seconds
[2024-03-29T13:56:31.494+0000] {processor.py:161} INFO - Started process (PID=398) to work on /home/airflow/.local/lib/python3.8/site-packages/airflow/example_dags/example_short_circuit_decorator.py
[2024-03-29T13:56:31.494+0000] {processor.py:830} INFO - Processing file /home/airflow/.local/lib/python3.8/site-packages/airflow/example_dags/example_short_circuit_decorator.py for tasks to queue
[2024-03-29T13:56:31.496+0000] {logging_mixin.py:188} INFO - [2024-03-29T13:56:31.496+0000] {dagbag.py:540} INFO - Filling up the DagBag from /home/airflow/.local/lib/python3.8/site-packages/airflow/example_dags/example_short_circuit_decorator.py
[2024-03-29T13:56:31.503+0000] {processor.py:840} INFO - DAG(s) 'example_short_circuit_decorator' retrieved from /home/airflow/.local/lib/python3.8/site-packages/airflow/example_dags/example_short_circuit_decorator.py
[2024-03-29T13:56:31.524+0000] {logging_mixin.py:188} INFO - [2024-03-29T13:56:31.524+0000] {dag.py:3047} INFO - Sync 1 DAGs
[2024-03-29T13:56:31.545+0000] {logging_mixin.py:188} INFO - [2024-03-29T13:56:31.545+0000] {dag.py:3834} INFO - Setting next_dagrun for example_short_circuit_decorator to 2024-03-28 00:00:00+00:00, run_after=2024-03-29 00:00:00+00:00
[2024-03-29T13:56:31.559+0000] {processor.py:183} INFO - Processing /home/airflow/.local/lib/python3.8/site-packages/airflow/example_dags/example_short_circuit_decorator.py took 0.068 seconds
[2024-03-29T13:57:02.032+0000] {processor.py:161} INFO - Started process (PID=454) to work on /home/airflow/.local/lib/python3.8/site-packages/airflow/example_dags/example_short_circuit_decorator.py
[2024-03-29T13:57:02.033+0000] {processor.py:830} INFO - Processing file /home/airflow/.local/lib/python3.8/site-packages/airflow/example_dags/example_short_circuit_decorator.py for tasks to queue
[2024-03-29T13:57:02.035+0000] {logging_mixin.py:188} INFO - [2024-03-29T13:57:02.034+0000] {dagbag.py:540} INFO - Filling up the DagBag from /home/airflow/.local/lib/python3.8/site-packages/airflow/example_dags/example_short_circuit_decorator.py
[2024-03-29T13:57:02.043+0000] {processor.py:840} INFO - DAG(s) 'example_short_circuit_decorator' retrieved from /home/airflow/.local/lib/python3.8/site-packages/airflow/example_dags/example_short_circuit_decorator.py
[2024-03-29T13:57:02.065+0000] {logging_mixin.py:188} INFO - [2024-03-29T13:57:02.064+0000] {dag.py:3047} INFO - Sync 1 DAGs
[2024-03-29T13:57:02.090+0000] {logging_mixin.py:188} INFO - [2024-03-29T13:57:02.090+0000] {dag.py:3834} INFO - Setting next_dagrun for example_short_circuit_decorator to 2024-03-28 00:00:00+00:00, run_after=2024-03-29 00:00:00+00:00
[2024-03-29T13:57:02.113+0000] {processor.py:183} INFO - Processing /home/airflow/.local/lib/python3.8/site-packages/airflow/example_dags/example_short_circuit_decorator.py took 0.084 seconds
[2024-03-29T13:57:32.792+0000] {processor.py:161} INFO - Started process (PID=516) to work on /home/airflow/.local/lib/python3.8/site-packages/airflow/example_dags/example_short_circuit_decorator.py
[2024-03-29T13:57:32.793+0000] {processor.py:830} INFO - Processing file /home/airflow/.local/lib/python3.8/site-packages/airflow/example_dags/example_short_circuit_decorator.py for tasks to queue
[2024-03-29T13:57:32.794+0000] {logging_mixin.py:188} INFO - [2024-03-29T13:57:32.794+0000] {dagbag.py:540} INFO - Filling up the DagBag from /home/airflow/.local/lib/python3.8/site-packages/airflow/example_dags/example_short_circuit_decorator.py
[2024-03-29T13:57:32.801+0000] {processor.py:840} INFO - DAG(s) 'example_short_circuit_decorator' retrieved from /home/airflow/.local/lib/python3.8/site-packages/airflow/example_dags/example_short_circuit_decorator.py
[2024-03-29T13:57:32.820+0000] {logging_mixin.py:188} INFO - [2024-03-29T13:57:32.820+0000] {dag.py:3047} INFO - Sync 1 DAGs
[2024-03-29T13:57:32.838+0000] {logging_mixin.py:188} INFO - [2024-03-29T13:57:32.838+0000] {dag.py:3834} INFO - Setting next_dagrun for example_short_circuit_decorator to 2024-03-28 00:00:00+00:00, run_after=2024-03-29 00:00:00+00:00
[2024-03-29T13:57:32.852+0000] {processor.py:183} INFO - Processing /home/airflow/.local/lib/python3.8/site-packages/airflow/example_dags/example_short_circuit_decorator.py took 0.063 seconds
[2024-03-29T13:58:03.059+0000] {processor.py:161} INFO - Started process (PID=572) to work on /home/airflow/.local/lib/python3.8/site-packages/airflow/example_dags/example_short_circuit_decorator.py
[2024-03-29T13:58:03.060+0000] {processor.py:830} INFO - Processing file /home/airflow/.local/lib/python3.8/site-packages/airflow/example_dags/example_short_circuit_decorator.py for tasks to queue
[2024-03-29T13:58:03.062+0000] {logging_mixin.py:188} INFO - [2024-03-29T13:58:03.062+0000] {dagbag.py:540} INFO - Filling up the DagBag from /home/airflow/.local/lib/python3.8/site-packages/airflow/example_dags/example_short_circuit_decorator.py
[2024-03-29T13:58:03.069+0000] {processor.py:840} INFO - DAG(s) 'example_short_circuit_decorator' retrieved from /home/airflow/.local/lib/python3.8/site-packages/airflow/example_dags/example_short_circuit_decorator.py
[2024-03-29T13:58:03.087+0000] {logging_mixin.py:188} INFO - [2024-03-29T13:58:03.087+0000] {dag.py:3047} INFO - Sync 1 DAGs
[2024-03-29T13:58:03.104+0000] {logging_mixin.py:188} INFO - [2024-03-29T13:58:03.104+0000] {dag.py:3834} INFO - Setting next_dagrun for example_short_circuit_decorator to 2024-03-28 00:00:00+00:00, run_after=2024-03-29 00:00:00+00:00
[2024-03-29T13:58:03.117+0000] {processor.py:183} INFO - Processing /home/airflow/.local/lib/python3.8/site-packages/airflow/example_dags/example_short_circuit_decorator.py took 0.061 seconds
[2024-03-29T13:58:33.577+0000] {processor.py:161} INFO - Started process (PID=628) to work on /home/airflow/.local/lib/python3.8/site-packages/airflow/example_dags/example_short_circuit_decorator.py
[2024-03-29T13:58:33.578+0000] {processor.py:830} INFO - Processing file /home/airflow/.local/lib/python3.8/site-packages/airflow/example_dags/example_short_circuit_decorator.py for tasks to queue
[2024-03-29T13:58:33.580+0000] {logging_mixin.py:188} INFO - [2024-03-29T13:58:33.580+0000] {dagbag.py:540} INFO - Filling up the DagBag from /home/airflow/.local/lib/python3.8/site-packages/airflow/example_dags/example_short_circuit_decorator.py
[2024-03-29T13:58:33.588+0000] {processor.py:840} INFO - DAG(s) 'example_short_circuit_decorator' retrieved from /home/airflow/.local/lib/python3.8/site-packages/airflow/example_dags/example_short_circuit_decorator.py
[2024-03-29T13:58:33.607+0000] {logging_mixin.py:188} INFO - [2024-03-29T13:58:33.607+0000] {dag.py:3047} INFO - Sync 1 DAGs
[2024-03-29T13:58:33.627+0000] {logging_mixin.py:188} INFO - [2024-03-29T13:58:33.626+0000] {dag.py:3834} INFO - Setting next_dagrun for example_short_circuit_decorator to 2024-03-28 00:00:00+00:00, run_after=2024-03-29 00:00:00+00:00
[2024-03-29T13:58:33.642+0000] {processor.py:183} INFO - Processing /home/airflow/.local/lib/python3.8/site-packages/airflow/example_dags/example_short_circuit_decorator.py took 0.067 seconds
[2024-03-29T13:59:03.913+0000] {processor.py:161} INFO - Started process (PID=684) to work on /home/airflow/.local/lib/python3.8/site-packages/airflow/example_dags/example_short_circuit_decorator.py
[2024-03-29T13:59:03.913+0000] {processor.py:830} INFO - Processing file /home/airflow/.local/lib/python3.8/site-packages/airflow/example_dags/example_short_circuit_decorator.py for tasks to queue
[2024-03-29T13:59:03.916+0000] {logging_mixin.py:188} INFO - [2024-03-29T13:59:03.915+0000] {dagbag.py:540} INFO - Filling up the DagBag from /home/airflow/.local/lib/python3.8/site-packages/airflow/example_dags/example_short_circuit_decorator.py
[2024-03-29T13:59:03.923+0000] {processor.py:840} INFO - DAG(s) 'example_short_circuit_decorator' retrieved from /home/airflow/.local/lib/python3.8/site-packages/airflow/example_dags/example_short_circuit_decorator.py
[2024-03-29T13:59:03.943+0000] {logging_mixin.py:188} INFO - [2024-03-29T13:59:03.943+0000] {dag.py:3047} INFO - Sync 1 DAGs
[2024-03-29T13:59:03.964+0000] {logging_mixin.py:188} INFO - [2024-03-29T13:59:03.964+0000] {dag.py:3834} INFO - Setting next_dagrun for example_short_circuit_decorator to 2024-03-28 00:00:00+00:00, run_after=2024-03-29 00:00:00+00:00
[2024-03-29T13:59:03.982+0000] {processor.py:183} INFO - Processing /home/airflow/.local/lib/python3.8/site-packages/airflow/example_dags/example_short_circuit_decorator.py took 0.072 seconds
[2024-03-29T13:59:34.280+0000] {processor.py:161} INFO - Started process (PID=740) to work on /home/airflow/.local/lib/python3.8/site-packages/airflow/example_dags/example_short_circuit_decorator.py
[2024-03-29T13:59:34.281+0000] {processor.py:830} INFO - Processing file /home/airflow/.local/lib/python3.8/site-packages/airflow/example_dags/example_short_circuit_decorator.py for tasks to queue
[2024-03-29T13:59:34.282+0000] {logging_mixin.py:188} INFO - [2024-03-29T13:59:34.282+0000] {dagbag.py:540} INFO - Filling up the DagBag from /home/airflow/.local/lib/python3.8/site-packages/airflow/example_dags/example_short_circuit_decorator.py
[2024-03-29T13:59:34.290+0000] {processor.py:840} INFO - DAG(s) 'example_short_circuit_decorator' retrieved from /home/airflow/.local/lib/python3.8/site-packages/airflow/example_dags/example_short_circuit_decorator.py
[2024-03-29T13:59:34.308+0000] {logging_mixin.py:188} INFO - [2024-03-29T13:59:34.308+0000] {dag.py:3047} INFO - Sync 1 DAGs
[2024-03-29T13:59:34.324+0000] {logging_mixin.py:188} INFO - [2024-03-29T13:59:34.324+0000] {dag.py:3834} INFO - Setting next_dagrun for example_short_circuit_decorator to 2024-03-28 00:00:00+00:00, run_after=2024-03-29 00:00:00+00:00
[2024-03-29T13:59:34.337+0000] {processor.py:183} INFO - Processing /home/airflow/.local/lib/python3.8/site-packages/airflow/example_dags/example_short_circuit_decorator.py took 0.059 seconds
