[2024-03-29T13:53:28.054+0000] {processor.py:161} INFO - Started process (PID=50) to work on /home/airflow/.local/lib/python3.8/site-packages/airflow/example_dags/example_dag_decorator.py
[2024-03-29T13:53:28.055+0000] {processor.py:830} INFO - Processing file /home/airflow/.local/lib/python3.8/site-packages/airflow/example_dags/example_dag_decorator.py for tasks to queue
[2024-03-29T13:53:28.058+0000] {logging_mixin.py:188} INFO - [2024-03-29T13:53:28.058+0000] {dagbag.py:540} INFO - Filling up the DagBag from /home/airflow/.local/lib/python3.8/site-packages/airflow/example_dags/example_dag_decorator.py
[2024-03-29T13:53:28.265+0000] {processor.py:840} INFO - DAG(s) 'example_dag_decorator' retrieved from /home/airflow/.local/lib/python3.8/site-packages/airflow/example_dags/example_dag_decorator.py
[2024-03-29T13:53:28.278+0000] {logging_mixin.py:188} INFO - [2024-03-29T13:53:28.277+0000] {dag.py:3047} INFO - Sync 1 DAGs
[2024-03-29T13:53:28.295+0000] {logging_mixin.py:188} INFO - [2024-03-29T13:53:28.294+0000] {dag.py:3834} INFO - Setting next_dagrun for example_dag_decorator to None, run_after=None
[2024-03-29T13:53:28.318+0000] {processor.py:183} INFO - Processing /home/airflow/.local/lib/python3.8/site-packages/airflow/example_dags/example_dag_decorator.py took 0.267 seconds
[2024-03-29T13:53:58.874+0000] {processor.py:161} INFO - Started process (PID=106) to work on /home/airflow/.local/lib/python3.8/site-packages/airflow/example_dags/example_dag_decorator.py
[2024-03-29T13:53:58.875+0000] {processor.py:830} INFO - Processing file /home/airflow/.local/lib/python3.8/site-packages/airflow/example_dags/example_dag_decorator.py for tasks to queue
[2024-03-29T13:53:58.876+0000] {logging_mixin.py:188} INFO - [2024-03-29T13:53:58.876+0000] {dagbag.py:540} INFO - Filling up the DagBag from /home/airflow/.local/lib/python3.8/site-packages/airflow/example_dags/example_dag_decorator.py
[2024-03-29T13:53:58.951+0000] {processor.py:840} INFO - DAG(s) 'example_dag_decorator' retrieved from /home/airflow/.local/lib/python3.8/site-packages/airflow/example_dags/example_dag_decorator.py
[2024-03-29T13:53:59.035+0000] {logging_mixin.py:188} INFO - [2024-03-29T13:53:59.035+0000] {dag.py:3047} INFO - Sync 1 DAGs
[2024-03-29T13:53:59.045+0000] {logging_mixin.py:188} INFO - [2024-03-29T13:53:59.044+0000] {dag.py:3834} INFO - Setting next_dagrun for example_dag_decorator to None, run_after=None
[2024-03-29T13:53:59.060+0000] {processor.py:183} INFO - Processing /home/airflow/.local/lib/python3.8/site-packages/airflow/example_dags/example_dag_decorator.py took 0.188 seconds
[2024-03-29T13:54:29.707+0000] {processor.py:161} INFO - Started process (PID=162) to work on /home/airflow/.local/lib/python3.8/site-packages/airflow/example_dags/example_dag_decorator.py
[2024-03-29T13:54:29.708+0000] {processor.py:830} INFO - Processing file /home/airflow/.local/lib/python3.8/site-packages/airflow/example_dags/example_dag_decorator.py for tasks to queue
[2024-03-29T13:54:29.709+0000] {logging_mixin.py:188} INFO - [2024-03-29T13:54:29.709+0000] {dagbag.py:540} INFO - Filling up the DagBag from /home/airflow/.local/lib/python3.8/site-packages/airflow/example_dags/example_dag_decorator.py
[2024-03-29T13:54:29.776+0000] {processor.py:840} INFO - DAG(s) 'example_dag_decorator' retrieved from /home/airflow/.local/lib/python3.8/site-packages/airflow/example_dags/example_dag_decorator.py
[2024-03-29T13:54:29.853+0000] {logging_mixin.py:188} INFO - [2024-03-29T13:54:29.853+0000] {dag.py:3047} INFO - Sync 1 DAGs
[2024-03-29T13:54:29.861+0000] {logging_mixin.py:188} INFO - [2024-03-29T13:54:29.860+0000] {dag.py:3834} INFO - Setting next_dagrun for example_dag_decorator to None, run_after=None
[2024-03-29T13:54:29.873+0000] {processor.py:183} INFO - Processing /home/airflow/.local/lib/python3.8/site-packages/airflow/example_dags/example_dag_decorator.py took 0.169 seconds
[2024-03-29T13:55:00.037+0000] {processor.py:161} INFO - Started process (PID=218) to work on /home/airflow/.local/lib/python3.8/site-packages/airflow/example_dags/example_dag_decorator.py
[2024-03-29T13:55:00.038+0000] {processor.py:830} INFO - Processing file /home/airflow/.local/lib/python3.8/site-packages/airflow/example_dags/example_dag_decorator.py for tasks to queue
[2024-03-29T13:55:00.039+0000] {logging_mixin.py:188} INFO - [2024-03-29T13:55:00.039+0000] {dagbag.py:540} INFO - Filling up the DagBag from /home/airflow/.local/lib/python3.8/site-packages/airflow/example_dags/example_dag_decorator.py
[2024-03-29T13:55:00.105+0000] {processor.py:840} INFO - DAG(s) 'example_dag_decorator' retrieved from /home/airflow/.local/lib/python3.8/site-packages/airflow/example_dags/example_dag_decorator.py
[2024-03-29T13:55:00.185+0000] {logging_mixin.py:188} INFO - [2024-03-29T13:55:00.185+0000] {dag.py:3047} INFO - Sync 1 DAGs
[2024-03-29T13:55:00.195+0000] {logging_mixin.py:188} INFO - [2024-03-29T13:55:00.195+0000] {dag.py:3834} INFO - Setting next_dagrun for example_dag_decorator to None, run_after=None
[2024-03-29T13:55:00.208+0000] {processor.py:183} INFO - Processing /home/airflow/.local/lib/python3.8/site-packages/airflow/example_dags/example_dag_decorator.py took 0.174 seconds
[2024-03-29T13:55:30.346+0000] {processor.py:161} INFO - Started process (PID=274) to work on /home/airflow/.local/lib/python3.8/site-packages/airflow/example_dags/example_dag_decorator.py
[2024-03-29T13:55:30.347+0000] {processor.py:830} INFO - Processing file /home/airflow/.local/lib/python3.8/site-packages/airflow/example_dags/example_dag_decorator.py for tasks to queue
[2024-03-29T13:55:30.348+0000] {logging_mixin.py:188} INFO - [2024-03-29T13:55:30.348+0000] {dagbag.py:540} INFO - Filling up the DagBag from /home/airflow/.local/lib/python3.8/site-packages/airflow/example_dags/example_dag_decorator.py
[2024-03-29T13:55:30.413+0000] {processor.py:840} INFO - DAG(s) 'example_dag_decorator' retrieved from /home/airflow/.local/lib/python3.8/site-packages/airflow/example_dags/example_dag_decorator.py
[2024-03-29T13:55:30.484+0000] {logging_mixin.py:188} INFO - [2024-03-29T13:55:30.484+0000] {dag.py:3047} INFO - Sync 1 DAGs
[2024-03-29T13:55:30.492+0000] {logging_mixin.py:188} INFO - [2024-03-29T13:55:30.492+0000] {dag.py:3834} INFO - Setting next_dagrun for example_dag_decorator to None, run_after=None
[2024-03-29T13:55:30.507+0000] {processor.py:183} INFO - Processing /home/airflow/.local/lib/python3.8/site-packages/airflow/example_dags/example_dag_decorator.py took 0.163 seconds
[2024-03-29T13:56:00.627+0000] {processor.py:161} INFO - Started process (PID=330) to work on /home/airflow/.local/lib/python3.8/site-packages/airflow/example_dags/example_dag_decorator.py
[2024-03-29T13:56:00.628+0000] {processor.py:830} INFO - Processing file /home/airflow/.local/lib/python3.8/site-packages/airflow/example_dags/example_dag_decorator.py for tasks to queue
[2024-03-29T13:56:00.629+0000] {logging_mixin.py:188} INFO - [2024-03-29T13:56:00.629+0000] {dagbag.py:540} INFO - Filling up the DagBag from /home/airflow/.local/lib/python3.8/site-packages/airflow/example_dags/example_dag_decorator.py
[2024-03-29T13:56:00.692+0000] {processor.py:840} INFO - DAG(s) 'example_dag_decorator' retrieved from /home/airflow/.local/lib/python3.8/site-packages/airflow/example_dags/example_dag_decorator.py
[2024-03-29T13:56:00.712+0000] {logging_mixin.py:188} INFO - [2024-03-29T13:56:00.712+0000] {dag.py:3047} INFO - Sync 1 DAGs
[2024-03-29T13:56:00.723+0000] {logging_mixin.py:188} INFO - [2024-03-29T13:56:00.723+0000] {dag.py:3834} INFO - Setting next_dagrun for example_dag_decorator to None, run_after=None
[2024-03-29T13:56:00.741+0000] {processor.py:183} INFO - Processing /home/airflow/.local/lib/python3.8/site-packages/airflow/example_dags/example_dag_decorator.py took 0.116 seconds
[2024-03-29T13:56:30.907+0000] {processor.py:161} INFO - Started process (PID=386) to work on /home/airflow/.local/lib/python3.8/site-packages/airflow/example_dags/example_dag_decorator.py
[2024-03-29T13:56:30.908+0000] {processor.py:830} INFO - Processing file /home/airflow/.local/lib/python3.8/site-packages/airflow/example_dags/example_dag_decorator.py for tasks to queue
[2024-03-29T13:56:30.909+0000] {logging_mixin.py:188} INFO - [2024-03-29T13:56:30.909+0000] {dagbag.py:540} INFO - Filling up the DagBag from /home/airflow/.local/lib/python3.8/site-packages/airflow/example_dags/example_dag_decorator.py
[2024-03-29T13:56:30.981+0000] {processor.py:840} INFO - DAG(s) 'example_dag_decorator' retrieved from /home/airflow/.local/lib/python3.8/site-packages/airflow/example_dags/example_dag_decorator.py
[2024-03-29T13:56:31.061+0000] {logging_mixin.py:188} INFO - [2024-03-29T13:56:31.061+0000] {dag.py:3047} INFO - Sync 1 DAGs
[2024-03-29T13:56:31.177+0000] {logging_mixin.py:188} INFO - [2024-03-29T13:56:31.177+0000] {dag.py:3834} INFO - Setting next_dagrun for example_dag_decorator to None, run_after=None
[2024-03-29T13:56:31.191+0000] {processor.py:183} INFO - Processing /home/airflow/.local/lib/python3.8/site-packages/airflow/example_dags/example_dag_decorator.py took 0.287 seconds
[2024-03-29T13:57:01.476+0000] {processor.py:161} INFO - Started process (PID=444) to work on /home/airflow/.local/lib/python3.8/site-packages/airflow/example_dags/example_dag_decorator.py
[2024-03-29T13:57:01.477+0000] {processor.py:830} INFO - Processing file /home/airflow/.local/lib/python3.8/site-packages/airflow/example_dags/example_dag_decorator.py for tasks to queue
[2024-03-29T13:57:01.479+0000] {logging_mixin.py:188} INFO - [2024-03-29T13:57:01.478+0000] {dagbag.py:540} INFO - Filling up the DagBag from /home/airflow/.local/lib/python3.8/site-packages/airflow/example_dags/example_dag_decorator.py
[2024-03-29T13:57:01.552+0000] {processor.py:840} INFO - DAG(s) 'example_dag_decorator' retrieved from /home/airflow/.local/lib/python3.8/site-packages/airflow/example_dags/example_dag_decorator.py
[2024-03-29T13:57:01.637+0000] {logging_mixin.py:188} INFO - [2024-03-29T13:57:01.636+0000] {dag.py:3047} INFO - Sync 1 DAGs
[2024-03-29T13:57:01.766+0000] {logging_mixin.py:188} INFO - [2024-03-29T13:57:01.766+0000] {dag.py:3834} INFO - Setting next_dagrun for example_dag_decorator to None, run_after=None
[2024-03-29T13:57:01.786+0000] {processor.py:183} INFO - Processing /home/airflow/.local/lib/python3.8/site-packages/airflow/example_dags/example_dag_decorator.py took 0.312 seconds
[2024-03-29T13:57:32.199+0000] {processor.py:161} INFO - Started process (PID=507) to work on /home/airflow/.local/lib/python3.8/site-packages/airflow/example_dags/example_dag_decorator.py
[2024-03-29T13:57:32.200+0000] {processor.py:830} INFO - Processing file /home/airflow/.local/lib/python3.8/site-packages/airflow/example_dags/example_dag_decorator.py for tasks to queue
[2024-03-29T13:57:32.203+0000] {logging_mixin.py:188} INFO - [2024-03-29T13:57:32.202+0000] {dagbag.py:540} INFO - Filling up the DagBag from /home/airflow/.local/lib/python3.8/site-packages/airflow/example_dags/example_dag_decorator.py
[2024-03-29T13:57:32.277+0000] {processor.py:840} INFO - DAG(s) 'example_dag_decorator' retrieved from /home/airflow/.local/lib/python3.8/site-packages/airflow/example_dags/example_dag_decorator.py
[2024-03-29T13:57:32.485+0000] {logging_mixin.py:188} INFO - [2024-03-29T13:57:32.485+0000] {dag.py:3047} INFO - Sync 1 DAGs
[2024-03-29T13:57:32.493+0000] {logging_mixin.py:188} INFO - [2024-03-29T13:57:32.493+0000] {dag.py:3834} INFO - Setting next_dagrun for example_dag_decorator to None, run_after=None
[2024-03-29T13:57:32.511+0000] {processor.py:183} INFO - Processing /home/airflow/.local/lib/python3.8/site-packages/airflow/example_dags/example_dag_decorator.py took 0.315 seconds
[2024-03-29T13:58:02.668+0000] {processor.py:161} INFO - Started process (PID=565) to work on /home/airflow/.local/lib/python3.8/site-packages/airflow/example_dags/example_dag_decorator.py
[2024-03-29T13:58:02.669+0000] {processor.py:830} INFO - Processing file /home/airflow/.local/lib/python3.8/site-packages/airflow/example_dags/example_dag_decorator.py for tasks to queue
[2024-03-29T13:58:02.671+0000] {logging_mixin.py:188} INFO - [2024-03-29T13:58:02.670+0000] {dagbag.py:540} INFO - Filling up the DagBag from /home/airflow/.local/lib/python3.8/site-packages/airflow/example_dags/example_dag_decorator.py
[2024-03-29T13:58:02.743+0000] {processor.py:840} INFO - DAG(s) 'example_dag_decorator' retrieved from /home/airflow/.local/lib/python3.8/site-packages/airflow/example_dags/example_dag_decorator.py
[2024-03-29T13:58:02.826+0000] {logging_mixin.py:188} INFO - [2024-03-29T13:58:02.826+0000] {dag.py:3047} INFO - Sync 1 DAGs
[2024-03-29T13:58:02.953+0000] {logging_mixin.py:188} INFO - [2024-03-29T13:58:02.953+0000] {dag.py:3834} INFO - Setting next_dagrun for example_dag_decorator to None, run_after=None
[2024-03-29T13:58:02.966+0000] {processor.py:183} INFO - Processing /home/airflow/.local/lib/python3.8/site-packages/airflow/example_dags/example_dag_decorator.py took 0.301 seconds
[2024-03-29T13:58:33.053+0000] {processor.py:161} INFO - Started process (PID=619) to work on /home/airflow/.local/lib/python3.8/site-packages/airflow/example_dags/example_dag_decorator.py
[2024-03-29T13:58:33.054+0000] {processor.py:830} INFO - Processing file /home/airflow/.local/lib/python3.8/site-packages/airflow/example_dags/example_dag_decorator.py for tasks to queue
[2024-03-29T13:58:33.056+0000] {logging_mixin.py:188} INFO - [2024-03-29T13:58:33.055+0000] {dagbag.py:540} INFO - Filling up the DagBag from /home/airflow/.local/lib/python3.8/site-packages/airflow/example_dags/example_dag_decorator.py
[2024-03-29T13:58:33.137+0000] {processor.py:840} INFO - DAG(s) 'example_dag_decorator' retrieved from /home/airflow/.local/lib/python3.8/site-packages/airflow/example_dags/example_dag_decorator.py
[2024-03-29T13:58:33.361+0000] {logging_mixin.py:188} INFO - [2024-03-29T13:58:33.361+0000] {dag.py:3047} INFO - Sync 1 DAGs
[2024-03-29T13:58:33.374+0000] {logging_mixin.py:188} INFO - [2024-03-29T13:58:33.374+0000] {dag.py:3834} INFO - Setting next_dagrun for example_dag_decorator to None, run_after=None
[2024-03-29T13:58:33.396+0000] {processor.py:183} INFO - Processing /home/airflow/.local/lib/python3.8/site-packages/airflow/example_dags/example_dag_decorator.py took 0.346 seconds
[2024-03-29T13:59:03.526+0000] {processor.py:161} INFO - Started process (PID=677) to work on /home/airflow/.local/lib/python3.8/site-packages/airflow/example_dags/example_dag_decorator.py
[2024-03-29T13:59:03.527+0000] {processor.py:830} INFO - Processing file /home/airflow/.local/lib/python3.8/site-packages/airflow/example_dags/example_dag_decorator.py for tasks to queue
[2024-03-29T13:59:03.529+0000] {logging_mixin.py:188} INFO - [2024-03-29T13:59:03.529+0000] {dagbag.py:540} INFO - Filling up the DagBag from /home/airflow/.local/lib/python3.8/site-packages/airflow/example_dags/example_dag_decorator.py
[2024-03-29T13:59:03.600+0000] {processor.py:840} INFO - DAG(s) 'example_dag_decorator' retrieved from /home/airflow/.local/lib/python3.8/site-packages/airflow/example_dags/example_dag_decorator.py
[2024-03-29T13:59:03.785+0000] {logging_mixin.py:188} INFO - [2024-03-29T13:59:03.785+0000] {dag.py:3047} INFO - Sync 1 DAGs
[2024-03-29T13:59:03.795+0000] {logging_mixin.py:188} INFO - [2024-03-29T13:59:03.794+0000] {dag.py:3834} INFO - Setting next_dagrun for example_dag_decorator to None, run_after=None
[2024-03-29T13:59:03.812+0000] {processor.py:183} INFO - Processing /home/airflow/.local/lib/python3.8/site-packages/airflow/example_dags/example_dag_decorator.py took 0.288 seconds
[2024-03-29T13:59:33.949+0000] {processor.py:161} INFO - Started process (PID=734) to work on /home/airflow/.local/lib/python3.8/site-packages/airflow/example_dags/example_dag_decorator.py
[2024-03-29T13:59:33.950+0000] {processor.py:830} INFO - Processing file /home/airflow/.local/lib/python3.8/site-packages/airflow/example_dags/example_dag_decorator.py for tasks to queue
[2024-03-29T13:59:33.951+0000] {logging_mixin.py:188} INFO - [2024-03-29T13:59:33.951+0000] {dagbag.py:540} INFO - Filling up the DagBag from /home/airflow/.local/lib/python3.8/site-packages/airflow/example_dags/example_dag_decorator.py
[2024-03-29T13:59:34.016+0000] {processor.py:840} INFO - DAG(s) 'example_dag_decorator' retrieved from /home/airflow/.local/lib/python3.8/site-packages/airflow/example_dags/example_dag_decorator.py
[2024-03-29T13:59:34.196+0000] {logging_mixin.py:188} INFO - [2024-03-29T13:59:34.195+0000] {dag.py:3047} INFO - Sync 1 DAGs
[2024-03-29T13:59:34.203+0000] {logging_mixin.py:188} INFO - [2024-03-29T13:59:34.202+0000] {dag.py:3834} INFO - Setting next_dagrun for example_dag_decorator to None, run_after=None
[2024-03-29T13:59:34.216+0000] {processor.py:183} INFO - Processing /home/airflow/.local/lib/python3.8/site-packages/airflow/example_dags/example_dag_decorator.py took 0.269 seconds
