[2024-03-29T13:53:29.777+0000] {processor.py:161} INFO - Started process (PID=81) to work on /home/airflow/.local/lib/python3.8/site-packages/airflow/example_dags/example_subdag_operator.py
[2024-03-29T13:53:29.778+0000] {processor.py:830} INFO - Processing file /home/airflow/.local/lib/python3.8/site-packages/airflow/example_dags/example_subdag_operator.py for tasks to queue
[2024-03-29T13:53:29.780+0000] {logging_mixin.py:188} INFO - [2024-03-29T13:53:29.780+0000] {dagbag.py:540} INFO - Filling up the DagBag from /home/airflow/.local/lib/python3.8/site-packages/airflow/example_dags/example_subdag_operator.py
[2024-03-29T13:53:29.801+0000] {processor.py:840} INFO - DAG(s) 'example_subdag_operator.section-1', 'example_subdag_operator.section-2', 'example_subdag_operator' retrieved from /home/airflow/.local/lib/python3.8/site-packages/airflow/example_dags/example_subdag_operator.py
[2024-03-29T13:53:29.804+0000] {logging_mixin.py:188} INFO - [2024-03-29T13:53:29.804+0000] {dag.py:3047} INFO - Sync 3 DAGs
[2024-03-29T13:53:29.825+0000] {logging_mixin.py:188} INFO - [2024-03-29T13:53:29.825+0000] {dag.py:3834} INFO - Setting next_dagrun for example_subdag_operator to 2022-01-01 00:00:00+00:00, run_after=2022-01-01 00:00:00+00:00
[2024-03-29T13:53:29.828+0000] {logging_mixin.py:188} INFO - [2024-03-29T13:53:29.828+0000] {dag.py:3834} INFO - Setting next_dagrun for example_subdag_operator.section-1 to None, run_after=None
[2024-03-29T13:53:29.829+0000] {logging_mixin.py:188} INFO - [2024-03-29T13:53:29.829+0000] {dag.py:3834} INFO - Setting next_dagrun for example_subdag_operator.section-2 to None, run_after=None
[2024-03-29T13:53:29.838+0000] {logging_mixin.py:188} INFO - [2024-03-29T13:53:29.838+0000] {dag.py:3047} INFO - Sync 2 DAGs
[2024-03-29T13:53:29.844+0000] {logging_mixin.py:188} INFO - [2024-03-29T13:53:29.843+0000] {dag.py:3834} INFO - Setting next_dagrun for example_subdag_operator.section-1 to None, run_after=None
[2024-03-29T13:53:29.844+0000] {logging_mixin.py:188} INFO - [2024-03-29T13:53:29.844+0000] {dag.py:3834} INFO - Setting next_dagrun for example_subdag_operator.section-2 to None, run_after=None
[2024-03-29T13:53:29.856+0000] {processor.py:183} INFO - Processing /home/airflow/.local/lib/python3.8/site-packages/airflow/example_dags/example_subdag_operator.py took 0.081 seconds
[2024-03-29T13:54:01.397+0000] {processor.py:161} INFO - Started process (PID=137) to work on /home/airflow/.local/lib/python3.8/site-packages/airflow/example_dags/example_subdag_operator.py
[2024-03-29T13:54:01.398+0000] {processor.py:830} INFO - Processing file /home/airflow/.local/lib/python3.8/site-packages/airflow/example_dags/example_subdag_operator.py for tasks to queue
[2024-03-29T13:54:01.399+0000] {logging_mixin.py:188} INFO - [2024-03-29T13:54:01.399+0000] {dagbag.py:540} INFO - Filling up the DagBag from /home/airflow/.local/lib/python3.8/site-packages/airflow/example_dags/example_subdag_operator.py
[2024-03-29T13:54:01.418+0000] {processor.py:840} INFO - DAG(s) 'example_subdag_operator.section-1', 'example_subdag_operator.section-2', 'example_subdag_operator' retrieved from /home/airflow/.local/lib/python3.8/site-packages/airflow/example_dags/example_subdag_operator.py
[2024-03-29T13:54:01.485+0000] {logging_mixin.py:188} INFO - [2024-03-29T13:54:01.485+0000] {dag.py:3047} INFO - Sync 3 DAGs
[2024-03-29T13:54:01.501+0000] {logging_mixin.py:188} INFO - [2024-03-29T13:54:01.501+0000] {dag.py:3834} INFO - Setting next_dagrun for example_subdag_operator to 2022-01-01 00:00:00+00:00, run_after=2022-01-01 00:00:00+00:00
[2024-03-29T13:54:01.505+0000] {logging_mixin.py:188} INFO - [2024-03-29T13:54:01.504+0000] {dag.py:3834} INFO - Setting next_dagrun for example_subdag_operator.section-1 to None, run_after=None
[2024-03-29T13:54:01.506+0000] {logging_mixin.py:188} INFO - [2024-03-29T13:54:01.506+0000] {dag.py:3834} INFO - Setting next_dagrun for example_subdag_operator.section-2 to None, run_after=None
[2024-03-29T13:54:01.513+0000] {logging_mixin.py:188} INFO - [2024-03-29T13:54:01.513+0000] {dag.py:3047} INFO - Sync 2 DAGs
[2024-03-29T13:54:01.519+0000] {logging_mixin.py:188} INFO - [2024-03-29T13:54:01.518+0000] {dag.py:3834} INFO - Setting next_dagrun for example_subdag_operator.section-1 to None, run_after=None
[2024-03-29T13:54:01.519+0000] {logging_mixin.py:188} INFO - [2024-03-29T13:54:01.519+0000] {dag.py:3834} INFO - Setting next_dagrun for example_subdag_operator.section-2 to None, run_after=None
[2024-03-29T13:54:01.527+0000] {processor.py:183} INFO - Processing /home/airflow/.local/lib/python3.8/site-packages/airflow/example_dags/example_subdag_operator.py took 0.133 seconds
[2024-03-29T13:54:32.124+0000] {processor.py:161} INFO - Started process (PID=193) to work on /home/airflow/.local/lib/python3.8/site-packages/airflow/example_dags/example_subdag_operator.py
[2024-03-29T13:54:32.125+0000] {processor.py:830} INFO - Processing file /home/airflow/.local/lib/python3.8/site-packages/airflow/example_dags/example_subdag_operator.py for tasks to queue
[2024-03-29T13:54:32.126+0000] {logging_mixin.py:188} INFO - [2024-03-29T13:54:32.126+0000] {dagbag.py:540} INFO - Filling up the DagBag from /home/airflow/.local/lib/python3.8/site-packages/airflow/example_dags/example_subdag_operator.py
[2024-03-29T13:54:32.141+0000] {processor.py:840} INFO - DAG(s) 'example_subdag_operator.section-1', 'example_subdag_operator.section-2', 'example_subdag_operator' retrieved from /home/airflow/.local/lib/python3.8/site-packages/airflow/example_dags/example_subdag_operator.py
[2024-03-29T13:54:32.151+0000] {logging_mixin.py:188} INFO - [2024-03-29T13:54:32.151+0000] {dag.py:3047} INFO - Sync 3 DAGs
[2024-03-29T13:54:32.168+0000] {logging_mixin.py:188} INFO - [2024-03-29T13:54:32.167+0000] {dag.py:3834} INFO - Setting next_dagrun for example_subdag_operator to 2022-01-01 00:00:00+00:00, run_after=2022-01-01 00:00:00+00:00
[2024-03-29T13:54:32.170+0000] {logging_mixin.py:188} INFO - [2024-03-29T13:54:32.170+0000] {dag.py:3834} INFO - Setting next_dagrun for example_subdag_operator.section-1 to None, run_after=None
[2024-03-29T13:54:32.171+0000] {logging_mixin.py:188} INFO - [2024-03-29T13:54:32.171+0000] {dag.py:3834} INFO - Setting next_dagrun for example_subdag_operator.section-2 to None, run_after=None
[2024-03-29T13:54:32.176+0000] {logging_mixin.py:188} INFO - [2024-03-29T13:54:32.176+0000] {dag.py:3047} INFO - Sync 2 DAGs
[2024-03-29T13:54:32.179+0000] {logging_mixin.py:188} INFO - [2024-03-29T13:54:32.179+0000] {dag.py:3834} INFO - Setting next_dagrun for example_subdag_operator.section-1 to None, run_after=None
[2024-03-29T13:54:32.180+0000] {logging_mixin.py:188} INFO - [2024-03-29T13:54:32.180+0000] {dag.py:3834} INFO - Setting next_dagrun for example_subdag_operator.section-2 to None, run_after=None
[2024-03-29T13:54:32.196+0000] {processor.py:183} INFO - Processing /home/airflow/.local/lib/python3.8/site-packages/airflow/example_dags/example_subdag_operator.py took 0.074 seconds
[2024-03-29T13:55:02.531+0000] {processor.py:161} INFO - Started process (PID=249) to work on /home/airflow/.local/lib/python3.8/site-packages/airflow/example_dags/example_subdag_operator.py
[2024-03-29T13:55:02.532+0000] {processor.py:830} INFO - Processing file /home/airflow/.local/lib/python3.8/site-packages/airflow/example_dags/example_subdag_operator.py for tasks to queue
[2024-03-29T13:55:02.533+0000] {logging_mixin.py:188} INFO - [2024-03-29T13:55:02.533+0000] {dagbag.py:540} INFO - Filling up the DagBag from /home/airflow/.local/lib/python3.8/site-packages/airflow/example_dags/example_subdag_operator.py
[2024-03-29T13:55:02.550+0000] {processor.py:840} INFO - DAG(s) 'example_subdag_operator.section-1', 'example_subdag_operator.section-2', 'example_subdag_operator' retrieved from /home/airflow/.local/lib/python3.8/site-packages/airflow/example_dags/example_subdag_operator.py
[2024-03-29T13:55:02.562+0000] {logging_mixin.py:188} INFO - [2024-03-29T13:55:02.562+0000] {dag.py:3047} INFO - Sync 3 DAGs
[2024-03-29T13:55:02.579+0000] {logging_mixin.py:188} INFO - [2024-03-29T13:55:02.579+0000] {dag.py:3834} INFO - Setting next_dagrun for example_subdag_operator to 2022-01-01 00:00:00+00:00, run_after=2022-01-01 00:00:00+00:00
[2024-03-29T13:55:02.582+0000] {logging_mixin.py:188} INFO - [2024-03-29T13:55:02.582+0000] {dag.py:3834} INFO - Setting next_dagrun for example_subdag_operator.section-1 to None, run_after=None
[2024-03-29T13:55:02.583+0000] {logging_mixin.py:188} INFO - [2024-03-29T13:55:02.583+0000] {dag.py:3834} INFO - Setting next_dagrun for example_subdag_operator.section-2 to None, run_after=None
[2024-03-29T13:55:02.590+0000] {logging_mixin.py:188} INFO - [2024-03-29T13:55:02.589+0000] {dag.py:3047} INFO - Sync 2 DAGs
[2024-03-29T13:55:02.595+0000] {logging_mixin.py:188} INFO - [2024-03-29T13:55:02.594+0000] {dag.py:3834} INFO - Setting next_dagrun for example_subdag_operator.section-1 to None, run_after=None
[2024-03-29T13:55:02.595+0000] {logging_mixin.py:188} INFO - [2024-03-29T13:55:02.595+0000] {dag.py:3834} INFO - Setting next_dagrun for example_subdag_operator.section-2 to None, run_after=None
[2024-03-29T13:55:02.603+0000] {processor.py:183} INFO - Processing /home/airflow/.local/lib/python3.8/site-packages/airflow/example_dags/example_subdag_operator.py took 0.075 seconds
[2024-03-29T13:55:32.841+0000] {processor.py:161} INFO - Started process (PID=305) to work on /home/airflow/.local/lib/python3.8/site-packages/airflow/example_dags/example_subdag_operator.py
[2024-03-29T13:55:32.842+0000] {processor.py:830} INFO - Processing file /home/airflow/.local/lib/python3.8/site-packages/airflow/example_dags/example_subdag_operator.py for tasks to queue
[2024-03-29T13:55:32.843+0000] {logging_mixin.py:188} INFO - [2024-03-29T13:55:32.843+0000] {dagbag.py:540} INFO - Filling up the DagBag from /home/airflow/.local/lib/python3.8/site-packages/airflow/example_dags/example_subdag_operator.py
[2024-03-29T13:55:32.860+0000] {processor.py:840} INFO - DAG(s) 'example_subdag_operator.section-1', 'example_subdag_operator.section-2', 'example_subdag_operator' retrieved from /home/airflow/.local/lib/python3.8/site-packages/airflow/example_dags/example_subdag_operator.py
[2024-03-29T13:55:32.871+0000] {logging_mixin.py:188} INFO - [2024-03-29T13:55:32.871+0000] {dag.py:3047} INFO - Sync 3 DAGs
[2024-03-29T13:55:32.886+0000] {logging_mixin.py:188} INFO - [2024-03-29T13:55:32.886+0000] {dag.py:3834} INFO - Setting next_dagrun for example_subdag_operator to 2022-01-01 00:00:00+00:00, run_after=2022-01-01 00:00:00+00:00
[2024-03-29T13:55:32.888+0000] {logging_mixin.py:188} INFO - [2024-03-29T13:55:32.888+0000] {dag.py:3834} INFO - Setting next_dagrun for example_subdag_operator.section-1 to None, run_after=None
[2024-03-29T13:55:32.889+0000] {logging_mixin.py:188} INFO - [2024-03-29T13:55:32.889+0000] {dag.py:3834} INFO - Setting next_dagrun for example_subdag_operator.section-2 to None, run_after=None
[2024-03-29T13:55:32.894+0000] {logging_mixin.py:188} INFO - [2024-03-29T13:55:32.894+0000] {dag.py:3047} INFO - Sync 2 DAGs
[2024-03-29T13:55:32.898+0000] {logging_mixin.py:188} INFO - [2024-03-29T13:55:32.898+0000] {dag.py:3834} INFO - Setting next_dagrun for example_subdag_operator.section-1 to None, run_after=None
[2024-03-29T13:55:32.899+0000] {logging_mixin.py:188} INFO - [2024-03-29T13:55:32.898+0000] {dag.py:3834} INFO - Setting next_dagrun for example_subdag_operator.section-2 to None, run_after=None
[2024-03-29T13:55:32.910+0000] {processor.py:183} INFO - Processing /home/airflow/.local/lib/python3.8/site-packages/airflow/example_dags/example_subdag_operator.py took 0.072 seconds
[2024-03-29T13:56:03.038+0000] {processor.py:161} INFO - Started process (PID=361) to work on /home/airflow/.local/lib/python3.8/site-packages/airflow/example_dags/example_subdag_operator.py
[2024-03-29T13:56:03.038+0000] {processor.py:830} INFO - Processing file /home/airflow/.local/lib/python3.8/site-packages/airflow/example_dags/example_subdag_operator.py for tasks to queue
[2024-03-29T13:56:03.040+0000] {logging_mixin.py:188} INFO - [2024-03-29T13:56:03.040+0000] {dagbag.py:540} INFO - Filling up the DagBag from /home/airflow/.local/lib/python3.8/site-packages/airflow/example_dags/example_subdag_operator.py
[2024-03-29T13:56:03.056+0000] {processor.py:840} INFO - DAG(s) 'example_subdag_operator.section-1', 'example_subdag_operator.section-2', 'example_subdag_operator' retrieved from /home/airflow/.local/lib/python3.8/site-packages/airflow/example_dags/example_subdag_operator.py
[2024-03-29T13:56:03.069+0000] {logging_mixin.py:188} INFO - [2024-03-29T13:56:03.069+0000] {dag.py:3047} INFO - Sync 3 DAGs
[2024-03-29T13:56:03.084+0000] {logging_mixin.py:188} INFO - [2024-03-29T13:56:03.083+0000] {dag.py:3834} INFO - Setting next_dagrun for example_subdag_operator to 2022-01-01 00:00:00+00:00, run_after=2022-01-01 00:00:00+00:00
[2024-03-29T13:56:03.087+0000] {logging_mixin.py:188} INFO - [2024-03-29T13:56:03.087+0000] {dag.py:3834} INFO - Setting next_dagrun for example_subdag_operator.section-1 to None, run_after=None
[2024-03-29T13:56:03.088+0000] {logging_mixin.py:188} INFO - [2024-03-29T13:56:03.088+0000] {dag.py:3834} INFO - Setting next_dagrun for example_subdag_operator.section-2 to None, run_after=None
[2024-03-29T13:56:03.093+0000] {logging_mixin.py:188} INFO - [2024-03-29T13:56:03.093+0000] {dag.py:3047} INFO - Sync 2 DAGs
[2024-03-29T13:56:03.097+0000] {logging_mixin.py:188} INFO - [2024-03-29T13:56:03.097+0000] {dag.py:3834} INFO - Setting next_dagrun for example_subdag_operator.section-1 to None, run_after=None
[2024-03-29T13:56:03.097+0000] {logging_mixin.py:188} INFO - [2024-03-29T13:56:03.097+0000] {dag.py:3834} INFO - Setting next_dagrun for example_subdag_operator.section-2 to None, run_after=None
[2024-03-29T13:56:03.109+0000] {processor.py:183} INFO - Processing /home/airflow/.local/lib/python3.8/site-packages/airflow/example_dags/example_subdag_operator.py took 0.074 seconds
[2024-03-29T13:56:33.347+0000] {processor.py:161} INFO - Started process (PID=417) to work on /home/airflow/.local/lib/python3.8/site-packages/airflow/example_dags/example_subdag_operator.py
[2024-03-29T13:56:33.348+0000] {processor.py:830} INFO - Processing file /home/airflow/.local/lib/python3.8/site-packages/airflow/example_dags/example_subdag_operator.py for tasks to queue
[2024-03-29T13:56:33.349+0000] {logging_mixin.py:188} INFO - [2024-03-29T13:56:33.349+0000] {dagbag.py:540} INFO - Filling up the DagBag from /home/airflow/.local/lib/python3.8/site-packages/airflow/example_dags/example_subdag_operator.py
[2024-03-29T13:56:33.369+0000] {processor.py:840} INFO - DAG(s) 'example_subdag_operator.section-1', 'example_subdag_operator.section-2', 'example_subdag_operator' retrieved from /home/airflow/.local/lib/python3.8/site-packages/airflow/example_dags/example_subdag_operator.py
[2024-03-29T13:56:33.383+0000] {logging_mixin.py:188} INFO - [2024-03-29T13:56:33.382+0000] {dag.py:3047} INFO - Sync 3 DAGs
[2024-03-29T13:56:33.399+0000] {logging_mixin.py:188} INFO - [2024-03-29T13:56:33.399+0000] {dag.py:3834} INFO - Setting next_dagrun for example_subdag_operator to 2022-01-01 00:00:00+00:00, run_after=2022-01-01 00:00:00+00:00
[2024-03-29T13:56:33.402+0000] {logging_mixin.py:188} INFO - [2024-03-29T13:56:33.402+0000] {dag.py:3834} INFO - Setting next_dagrun for example_subdag_operator.section-1 to None, run_after=None
[2024-03-29T13:56:33.403+0000] {logging_mixin.py:188} INFO - [2024-03-29T13:56:33.403+0000] {dag.py:3834} INFO - Setting next_dagrun for example_subdag_operator.section-2 to None, run_after=None
[2024-03-29T13:56:33.409+0000] {logging_mixin.py:188} INFO - [2024-03-29T13:56:33.409+0000] {dag.py:3047} INFO - Sync 2 DAGs
[2024-03-29T13:56:33.416+0000] {logging_mixin.py:188} INFO - [2024-03-29T13:56:33.416+0000] {dag.py:3834} INFO - Setting next_dagrun for example_subdag_operator.section-1 to None, run_after=None
[2024-03-29T13:56:33.417+0000] {logging_mixin.py:188} INFO - [2024-03-29T13:56:33.417+0000] {dag.py:3834} INFO - Setting next_dagrun for example_subdag_operator.section-2 to None, run_after=None
[2024-03-29T13:56:33.428+0000] {processor.py:183} INFO - Processing /home/airflow/.local/lib/python3.8/site-packages/airflow/example_dags/example_subdag_operator.py took 0.084 seconds
[2024-03-29T13:57:03.901+0000] {processor.py:161} INFO - Started process (PID=473) to work on /home/airflow/.local/lib/python3.8/site-packages/airflow/example_dags/example_subdag_operator.py
[2024-03-29T13:57:03.902+0000] {processor.py:830} INFO - Processing file /home/airflow/.local/lib/python3.8/site-packages/airflow/example_dags/example_subdag_operator.py for tasks to queue
[2024-03-29T13:57:03.903+0000] {logging_mixin.py:188} INFO - [2024-03-29T13:57:03.903+0000] {dagbag.py:540} INFO - Filling up the DagBag from /home/airflow/.local/lib/python3.8/site-packages/airflow/example_dags/example_subdag_operator.py
[2024-03-29T13:57:03.921+0000] {processor.py:840} INFO - DAG(s) 'example_subdag_operator.section-1', 'example_subdag_operator.section-2', 'example_subdag_operator' retrieved from /home/airflow/.local/lib/python3.8/site-packages/airflow/example_dags/example_subdag_operator.py
[2024-03-29T13:57:03.935+0000] {logging_mixin.py:188} INFO - [2024-03-29T13:57:03.935+0000] {dag.py:3047} INFO - Sync 3 DAGs
[2024-03-29T13:57:03.954+0000] {logging_mixin.py:188} INFO - [2024-03-29T13:57:03.953+0000] {dag.py:3834} INFO - Setting next_dagrun for example_subdag_operator to 2022-01-01 00:00:00+00:00, run_after=2022-01-01 00:00:00+00:00
[2024-03-29T13:57:03.960+0000] {logging_mixin.py:188} INFO - [2024-03-29T13:57:03.960+0000] {dag.py:3834} INFO - Setting next_dagrun for example_subdag_operator.section-1 to None, run_after=None
[2024-03-29T13:57:03.962+0000] {logging_mixin.py:188} INFO - [2024-03-29T13:57:03.961+0000] {dag.py:3834} INFO - Setting next_dagrun for example_subdag_operator.section-2 to None, run_after=None
[2024-03-29T13:57:03.968+0000] {logging_mixin.py:188} INFO - [2024-03-29T13:57:03.967+0000] {dag.py:3047} INFO - Sync 2 DAGs
[2024-03-29T13:57:03.972+0000] {logging_mixin.py:188} INFO - [2024-03-29T13:57:03.972+0000] {dag.py:3834} INFO - Setting next_dagrun for example_subdag_operator.section-1 to None, run_after=None
[2024-03-29T13:57:03.973+0000] {logging_mixin.py:188} INFO - [2024-03-29T13:57:03.973+0000] {dag.py:3834} INFO - Setting next_dagrun for example_subdag_operator.section-2 to None, run_after=None
[2024-03-29T13:57:03.982+0000] {processor.py:183} INFO - Processing /home/airflow/.local/lib/python3.8/site-packages/airflow/example_dags/example_subdag_operator.py took 0.083 seconds
[2024-03-29T13:57:34.648+0000] {processor.py:161} INFO - Started process (PID=535) to work on /home/airflow/.local/lib/python3.8/site-packages/airflow/example_dags/example_subdag_operator.py
[2024-03-29T13:57:34.649+0000] {processor.py:830} INFO - Processing file /home/airflow/.local/lib/python3.8/site-packages/airflow/example_dags/example_subdag_operator.py for tasks to queue
[2024-03-29T13:57:34.650+0000] {logging_mixin.py:188} INFO - [2024-03-29T13:57:34.650+0000] {dagbag.py:540} INFO - Filling up the DagBag from /home/airflow/.local/lib/python3.8/site-packages/airflow/example_dags/example_subdag_operator.py
[2024-03-29T13:57:34.668+0000] {processor.py:840} INFO - DAG(s) 'example_subdag_operator.section-1', 'example_subdag_operator.section-2', 'example_subdag_operator' retrieved from /home/airflow/.local/lib/python3.8/site-packages/airflow/example_dags/example_subdag_operator.py
[2024-03-29T13:57:34.682+0000] {logging_mixin.py:188} INFO - [2024-03-29T13:57:34.682+0000] {dag.py:3047} INFO - Sync 3 DAGs
[2024-03-29T13:57:34.699+0000] {logging_mixin.py:188} INFO - [2024-03-29T13:57:34.699+0000] {dag.py:3834} INFO - Setting next_dagrun for example_subdag_operator to 2022-01-01 00:00:00+00:00, run_after=2022-01-01 00:00:00+00:00
[2024-03-29T13:57:34.702+0000] {logging_mixin.py:188} INFO - [2024-03-29T13:57:34.702+0000] {dag.py:3834} INFO - Setting next_dagrun for example_subdag_operator.section-1 to None, run_after=None
[2024-03-29T13:57:34.703+0000] {logging_mixin.py:188} INFO - [2024-03-29T13:57:34.703+0000] {dag.py:3834} INFO - Setting next_dagrun for example_subdag_operator.section-2 to None, run_after=None
[2024-03-29T13:57:34.709+0000] {logging_mixin.py:188} INFO - [2024-03-29T13:57:34.708+0000] {dag.py:3047} INFO - Sync 2 DAGs
[2024-03-29T13:57:34.712+0000] {logging_mixin.py:188} INFO - [2024-03-29T13:57:34.712+0000] {dag.py:3834} INFO - Setting next_dagrun for example_subdag_operator.section-1 to None, run_after=None
[2024-03-29T13:57:34.713+0000] {logging_mixin.py:188} INFO - [2024-03-29T13:57:34.713+0000] {dag.py:3834} INFO - Setting next_dagrun for example_subdag_operator.section-2 to None, run_after=None
[2024-03-29T13:57:34.723+0000] {processor.py:183} INFO - Processing /home/airflow/.local/lib/python3.8/site-packages/airflow/example_dags/example_subdag_operator.py took 0.077 seconds
[2024-03-29T13:58:04.834+0000] {processor.py:161} INFO - Started process (PID=591) to work on /home/airflow/.local/lib/python3.8/site-packages/airflow/example_dags/example_subdag_operator.py
[2024-03-29T13:58:04.834+0000] {processor.py:830} INFO - Processing file /home/airflow/.local/lib/python3.8/site-packages/airflow/example_dags/example_subdag_operator.py for tasks to queue
[2024-03-29T13:58:04.836+0000] {logging_mixin.py:188} INFO - [2024-03-29T13:58:04.836+0000] {dagbag.py:540} INFO - Filling up the DagBag from /home/airflow/.local/lib/python3.8/site-packages/airflow/example_dags/example_subdag_operator.py
[2024-03-29T13:58:04.853+0000] {processor.py:840} INFO - DAG(s) 'example_subdag_operator.section-1', 'example_subdag_operator.section-2', 'example_subdag_operator' retrieved from /home/airflow/.local/lib/python3.8/site-packages/airflow/example_dags/example_subdag_operator.py
[2024-03-29T13:58:04.865+0000] {logging_mixin.py:188} INFO - [2024-03-29T13:58:04.865+0000] {dag.py:3047} INFO - Sync 3 DAGs
[2024-03-29T13:58:04.880+0000] {logging_mixin.py:188} INFO - [2024-03-29T13:58:04.880+0000] {dag.py:3834} INFO - Setting next_dagrun for example_subdag_operator to 2022-01-01 00:00:00+00:00, run_after=2022-01-01 00:00:00+00:00
[2024-03-29T13:58:04.883+0000] {logging_mixin.py:188} INFO - [2024-03-29T13:58:04.883+0000] {dag.py:3834} INFO - Setting next_dagrun for example_subdag_operator.section-1 to None, run_after=None
[2024-03-29T13:58:04.884+0000] {logging_mixin.py:188} INFO - [2024-03-29T13:58:04.884+0000] {dag.py:3834} INFO - Setting next_dagrun for example_subdag_operator.section-2 to None, run_after=None
[2024-03-29T13:58:04.889+0000] {logging_mixin.py:188} INFO - [2024-03-29T13:58:04.889+0000] {dag.py:3047} INFO - Sync 2 DAGs
[2024-03-29T13:58:04.892+0000] {logging_mixin.py:188} INFO - [2024-03-29T13:58:04.892+0000] {dag.py:3834} INFO - Setting next_dagrun for example_subdag_operator.section-1 to None, run_after=None
[2024-03-29T13:58:04.893+0000] {logging_mixin.py:188} INFO - [2024-03-29T13:58:04.893+0000] {dag.py:3834} INFO - Setting next_dagrun for example_subdag_operator.section-2 to None, run_after=None
[2024-03-29T13:58:04.903+0000] {processor.py:183} INFO - Processing /home/airflow/.local/lib/python3.8/site-packages/airflow/example_dags/example_subdag_operator.py took 0.072 seconds
[2024-03-29T13:58:35.459+0000] {processor.py:161} INFO - Started process (PID=647) to work on /home/airflow/.local/lib/python3.8/site-packages/airflow/example_dags/example_subdag_operator.py
[2024-03-29T13:58:35.460+0000] {processor.py:830} INFO - Processing file /home/airflow/.local/lib/python3.8/site-packages/airflow/example_dags/example_subdag_operator.py for tasks to queue
[2024-03-29T13:58:35.461+0000] {logging_mixin.py:188} INFO - [2024-03-29T13:58:35.461+0000] {dagbag.py:540} INFO - Filling up the DagBag from /home/airflow/.local/lib/python3.8/site-packages/airflow/example_dags/example_subdag_operator.py
[2024-03-29T13:58:35.478+0000] {processor.py:840} INFO - DAG(s) 'example_subdag_operator.section-1', 'example_subdag_operator.section-2', 'example_subdag_operator' retrieved from /home/airflow/.local/lib/python3.8/site-packages/airflow/example_dags/example_subdag_operator.py
[2024-03-29T13:58:35.492+0000] {logging_mixin.py:188} INFO - [2024-03-29T13:58:35.491+0000] {dag.py:3047} INFO - Sync 3 DAGs
[2024-03-29T13:58:35.511+0000] {logging_mixin.py:188} INFO - [2024-03-29T13:58:35.511+0000] {dag.py:3834} INFO - Setting next_dagrun for example_subdag_operator to 2022-01-01 00:00:00+00:00, run_after=2022-01-01 00:00:00+00:00
[2024-03-29T13:58:35.514+0000] {logging_mixin.py:188} INFO - [2024-03-29T13:58:35.514+0000] {dag.py:3834} INFO - Setting next_dagrun for example_subdag_operator.section-1 to None, run_after=None
[2024-03-29T13:58:35.515+0000] {logging_mixin.py:188} INFO - [2024-03-29T13:58:35.515+0000] {dag.py:3834} INFO - Setting next_dagrun for example_subdag_operator.section-2 to None, run_after=None
[2024-03-29T13:58:35.521+0000] {logging_mixin.py:188} INFO - [2024-03-29T13:58:35.521+0000] {dag.py:3047} INFO - Sync 2 DAGs
[2024-03-29T13:58:35.526+0000] {logging_mixin.py:188} INFO - [2024-03-29T13:58:35.525+0000] {dag.py:3834} INFO - Setting next_dagrun for example_subdag_operator.section-1 to None, run_after=None
[2024-03-29T13:58:35.526+0000] {logging_mixin.py:188} INFO - [2024-03-29T13:58:35.526+0000] {dag.py:3834} INFO - Setting next_dagrun for example_subdag_operator.section-2 to None, run_after=None
[2024-03-29T13:58:35.535+0000] {processor.py:183} INFO - Processing /home/airflow/.local/lib/python3.8/site-packages/airflow/example_dags/example_subdag_operator.py took 0.079 seconds
[2024-03-29T13:59:05.801+0000] {processor.py:161} INFO - Started process (PID=703) to work on /home/airflow/.local/lib/python3.8/site-packages/airflow/example_dags/example_subdag_operator.py
[2024-03-29T13:59:05.802+0000] {processor.py:830} INFO - Processing file /home/airflow/.local/lib/python3.8/site-packages/airflow/example_dags/example_subdag_operator.py for tasks to queue
[2024-03-29T13:59:05.803+0000] {logging_mixin.py:188} INFO - [2024-03-29T13:59:05.803+0000] {dagbag.py:540} INFO - Filling up the DagBag from /home/airflow/.local/lib/python3.8/site-packages/airflow/example_dags/example_subdag_operator.py
[2024-03-29T13:59:05.823+0000] {processor.py:840} INFO - DAG(s) 'example_subdag_operator.section-1', 'example_subdag_operator.section-2', 'example_subdag_operator' retrieved from /home/airflow/.local/lib/python3.8/site-packages/airflow/example_dags/example_subdag_operator.py
[2024-03-29T13:59:05.838+0000] {logging_mixin.py:188} INFO - [2024-03-29T13:59:05.837+0000] {dag.py:3047} INFO - Sync 3 DAGs
[2024-03-29T13:59:05.854+0000] {logging_mixin.py:188} INFO - [2024-03-29T13:59:05.853+0000] {dag.py:3834} INFO - Setting next_dagrun for example_subdag_operator to 2022-01-01 00:00:00+00:00, run_after=2022-01-01 00:00:00+00:00
[2024-03-29T13:59:05.856+0000] {logging_mixin.py:188} INFO - [2024-03-29T13:59:05.856+0000] {dag.py:3834} INFO - Setting next_dagrun for example_subdag_operator.section-1 to None, run_after=None
[2024-03-29T13:59:05.857+0000] {logging_mixin.py:188} INFO - [2024-03-29T13:59:05.857+0000] {dag.py:3834} INFO - Setting next_dagrun for example_subdag_operator.section-2 to None, run_after=None
[2024-03-29T13:59:05.863+0000] {logging_mixin.py:188} INFO - [2024-03-29T13:59:05.863+0000] {dag.py:3047} INFO - Sync 2 DAGs
[2024-03-29T13:59:05.867+0000] {logging_mixin.py:188} INFO - [2024-03-29T13:59:05.867+0000] {dag.py:3834} INFO - Setting next_dagrun for example_subdag_operator.section-1 to None, run_after=None
[2024-03-29T13:59:05.868+0000] {logging_mixin.py:188} INFO - [2024-03-29T13:59:05.868+0000] {dag.py:3834} INFO - Setting next_dagrun for example_subdag_operator.section-2 to None, run_after=None
[2024-03-29T13:59:05.877+0000] {processor.py:183} INFO - Processing /home/airflow/.local/lib/python3.8/site-packages/airflow/example_dags/example_subdag_operator.py took 0.078 seconds
[2024-03-29T13:59:36.116+0000] {processor.py:161} INFO - Started process (PID=759) to work on /home/airflow/.local/lib/python3.8/site-packages/airflow/example_dags/example_subdag_operator.py
[2024-03-29T13:59:36.116+0000] {processor.py:830} INFO - Processing file /home/airflow/.local/lib/python3.8/site-packages/airflow/example_dags/example_subdag_operator.py for tasks to queue
[2024-03-29T13:59:36.118+0000] {logging_mixin.py:188} INFO - [2024-03-29T13:59:36.118+0000] {dagbag.py:540} INFO - Filling up the DagBag from /home/airflow/.local/lib/python3.8/site-packages/airflow/example_dags/example_subdag_operator.py
[2024-03-29T13:59:36.140+0000] {processor.py:840} INFO - DAG(s) 'example_subdag_operator.section-1', 'example_subdag_operator.section-2', 'example_subdag_operator' retrieved from /home/airflow/.local/lib/python3.8/site-packages/airflow/example_dags/example_subdag_operator.py
[2024-03-29T13:59:36.154+0000] {logging_mixin.py:188} INFO - [2024-03-29T13:59:36.153+0000] {dag.py:3047} INFO - Sync 3 DAGs
[2024-03-29T13:59:36.174+0000] {logging_mixin.py:188} INFO - [2024-03-29T13:59:36.174+0000] {dag.py:3834} INFO - Setting next_dagrun for example_subdag_operator to 2022-01-01 00:00:00+00:00, run_after=2022-01-01 00:00:00+00:00
[2024-03-29T13:59:36.178+0000] {logging_mixin.py:188} INFO - [2024-03-29T13:59:36.178+0000] {dag.py:3834} INFO - Setting next_dagrun for example_subdag_operator.section-1 to None, run_after=None
[2024-03-29T13:59:36.180+0000] {logging_mixin.py:188} INFO - [2024-03-29T13:59:36.179+0000] {dag.py:3834} INFO - Setting next_dagrun for example_subdag_operator.section-2 to None, run_after=None
[2024-03-29T13:59:36.186+0000] {logging_mixin.py:188} INFO - [2024-03-29T13:59:36.186+0000] {dag.py:3047} INFO - Sync 2 DAGs
[2024-03-29T13:59:36.190+0000] {logging_mixin.py:188} INFO - [2024-03-29T13:59:36.190+0000] {dag.py:3834} INFO - Setting next_dagrun for example_subdag_operator.section-1 to None, run_after=None
[2024-03-29T13:59:36.191+0000] {logging_mixin.py:188} INFO - [2024-03-29T13:59:36.190+0000] {dag.py:3834} INFO - Setting next_dagrun for example_subdag_operator.section-2 to None, run_after=None
[2024-03-29T13:59:36.199+0000] {processor.py:183} INFO - Processing /home/airflow/.local/lib/python3.8/site-packages/airflow/example_dags/example_subdag_operator.py took 0.086 seconds
