[2024-03-29T13:53:29.324+0000] {processor.py:161} INFO - Started process (PID=71) to work on /home/airflow/.local/lib/python3.8/site-packages/airflow/example_dags/example_bash_operator.py
[2024-03-29T13:53:29.326+0000] {processor.py:830} INFO - Processing file /home/airflow/.local/lib/python3.8/site-packages/airflow/example_dags/example_bash_operator.py for tasks to queue
[2024-03-29T13:53:29.329+0000] {logging_mixin.py:188} INFO - [2024-03-29T13:53:29.328+0000] {dagbag.py:540} INFO - Filling up the DagBag from /home/airflow/.local/lib/python3.8/site-packages/airflow/example_dags/example_bash_operator.py
[2024-03-29T13:53:29.347+0000] {processor.py:840} INFO - DAG(s) 'example_bash_operator' retrieved from /home/airflow/.local/lib/python3.8/site-packages/airflow/example_dags/example_bash_operator.py
[2024-03-29T13:53:29.360+0000] {logging_mixin.py:188} INFO - [2024-03-29T13:53:29.360+0000] {dag.py:3047} INFO - Sync 1 DAGs
[2024-03-29T13:53:29.383+0000] {logging_mixin.py:188} INFO - [2024-03-29T13:53:29.383+0000] {dag.py:3834} INFO - Setting next_dagrun for example_bash_operator to 2024-03-28 00:00:00+00:00, run_after=2024-03-29 00:00:00+00:00
[2024-03-29T13:53:29.403+0000] {processor.py:183} INFO - Processing /home/airflow/.local/lib/python3.8/site-packages/airflow/example_dags/example_bash_operator.py took 0.084 seconds
[2024-03-29T13:54:00.501+0000] {processor.py:161} INFO - Started process (PID=127) to work on /home/airflow/.local/lib/python3.8/site-packages/airflow/example_dags/example_bash_operator.py
[2024-03-29T13:54:00.502+0000] {processor.py:830} INFO - Processing file /home/airflow/.local/lib/python3.8/site-packages/airflow/example_dags/example_bash_operator.py for tasks to queue
[2024-03-29T13:54:00.504+0000] {logging_mixin.py:188} INFO - [2024-03-29T13:54:00.503+0000] {dagbag.py:540} INFO - Filling up the DagBag from /home/airflow/.local/lib/python3.8/site-packages/airflow/example_dags/example_bash_operator.py
[2024-03-29T13:54:00.513+0000] {processor.py:840} INFO - DAG(s) 'example_bash_operator' retrieved from /home/airflow/.local/lib/python3.8/site-packages/airflow/example_dags/example_bash_operator.py
[2024-03-29T13:54:00.593+0000] {logging_mixin.py:188} INFO - [2024-03-29T13:54:00.593+0000] {dag.py:3047} INFO - Sync 1 DAGs
[2024-03-29T13:54:00.611+0000] {logging_mixin.py:188} INFO - [2024-03-29T13:54:00.611+0000] {dag.py:3834} INFO - Setting next_dagrun for example_bash_operator to 2024-03-28 00:00:00+00:00, run_after=2024-03-29 00:00:00+00:00
[2024-03-29T13:54:00.628+0000] {processor.py:183} INFO - Processing /home/airflow/.local/lib/python3.8/site-packages/airflow/example_dags/example_bash_operator.py took 0.129 seconds
[2024-03-29T13:54:31.568+0000] {processor.py:161} INFO - Started process (PID=183) to work on /home/airflow/.local/lib/python3.8/site-packages/airflow/example_dags/example_bash_operator.py
[2024-03-29T13:54:31.569+0000] {processor.py:830} INFO - Processing file /home/airflow/.local/lib/python3.8/site-packages/airflow/example_dags/example_bash_operator.py for tasks to queue
[2024-03-29T13:54:31.570+0000] {logging_mixin.py:188} INFO - [2024-03-29T13:54:31.570+0000] {dagbag.py:540} INFO - Filling up the DagBag from /home/airflow/.local/lib/python3.8/site-packages/airflow/example_dags/example_bash_operator.py
[2024-03-29T13:54:31.579+0000] {processor.py:840} INFO - DAG(s) 'example_bash_operator' retrieved from /home/airflow/.local/lib/python3.8/site-packages/airflow/example_dags/example_bash_operator.py
[2024-03-29T13:54:31.604+0000] {logging_mixin.py:188} INFO - [2024-03-29T13:54:31.603+0000] {dag.py:3047} INFO - Sync 1 DAGs
[2024-03-29T13:54:31.620+0000] {logging_mixin.py:188} INFO - [2024-03-29T13:54:31.620+0000] {dag.py:3834} INFO - Setting next_dagrun for example_bash_operator to 2024-03-28 00:00:00+00:00, run_after=2024-03-29 00:00:00+00:00
[2024-03-29T13:54:31.633+0000] {processor.py:183} INFO - Processing /home/airflow/.local/lib/python3.8/site-packages/airflow/example_dags/example_bash_operator.py took 0.068 seconds
[2024-03-29T13:55:02.029+0000] {processor.py:161} INFO - Started process (PID=239) to work on /home/airflow/.local/lib/python3.8/site-packages/airflow/example_dags/example_bash_operator.py
[2024-03-29T13:55:02.030+0000] {processor.py:830} INFO - Processing file /home/airflow/.local/lib/python3.8/site-packages/airflow/example_dags/example_bash_operator.py for tasks to queue
[2024-03-29T13:55:02.032+0000] {logging_mixin.py:188} INFO - [2024-03-29T13:55:02.031+0000] {dagbag.py:540} INFO - Filling up the DagBag from /home/airflow/.local/lib/python3.8/site-packages/airflow/example_dags/example_bash_operator.py
[2024-03-29T13:55:02.041+0000] {processor.py:840} INFO - DAG(s) 'example_bash_operator' retrieved from /home/airflow/.local/lib/python3.8/site-packages/airflow/example_dags/example_bash_operator.py
[2024-03-29T13:55:02.063+0000] {logging_mixin.py:188} INFO - [2024-03-29T13:55:02.063+0000] {dag.py:3047} INFO - Sync 1 DAGs
[2024-03-29T13:55:02.080+0000] {logging_mixin.py:188} INFO - [2024-03-29T13:55:02.079+0000] {dag.py:3834} INFO - Setting next_dagrun for example_bash_operator to 2024-03-28 00:00:00+00:00, run_after=2024-03-29 00:00:00+00:00
[2024-03-29T13:55:02.103+0000] {processor.py:183} INFO - Processing /home/airflow/.local/lib/python3.8/site-packages/airflow/example_dags/example_bash_operator.py took 0.077 seconds
[2024-03-29T13:55:32.374+0000] {processor.py:161} INFO - Started process (PID=295) to work on /home/airflow/.local/lib/python3.8/site-packages/airflow/example_dags/example_bash_operator.py
[2024-03-29T13:55:32.375+0000] {processor.py:830} INFO - Processing file /home/airflow/.local/lib/python3.8/site-packages/airflow/example_dags/example_bash_operator.py for tasks to queue
[2024-03-29T13:55:32.376+0000] {logging_mixin.py:188} INFO - [2024-03-29T13:55:32.376+0000] {dagbag.py:540} INFO - Filling up the DagBag from /home/airflow/.local/lib/python3.8/site-packages/airflow/example_dags/example_bash_operator.py
[2024-03-29T13:55:32.385+0000] {processor.py:840} INFO - DAG(s) 'example_bash_operator' retrieved from /home/airflow/.local/lib/python3.8/site-packages/airflow/example_dags/example_bash_operator.py
[2024-03-29T13:55:32.409+0000] {logging_mixin.py:188} INFO - [2024-03-29T13:55:32.409+0000] {dag.py:3047} INFO - Sync 1 DAGs
[2024-03-29T13:55:32.429+0000] {logging_mixin.py:188} INFO - [2024-03-29T13:55:32.429+0000] {dag.py:3834} INFO - Setting next_dagrun for example_bash_operator to 2024-03-28 00:00:00+00:00, run_after=2024-03-29 00:00:00+00:00
[2024-03-29T13:55:32.446+0000] {processor.py:183} INFO - Processing /home/airflow/.local/lib/python3.8/site-packages/airflow/example_dags/example_bash_operator.py took 0.074 seconds
[2024-03-29T13:56:02.503+0000] {processor.py:161} INFO - Started process (PID=351) to work on /home/airflow/.local/lib/python3.8/site-packages/airflow/example_dags/example_bash_operator.py
[2024-03-29T13:56:02.504+0000] {processor.py:830} INFO - Processing file /home/airflow/.local/lib/python3.8/site-packages/airflow/example_dags/example_bash_operator.py for tasks to queue
[2024-03-29T13:56:02.505+0000] {logging_mixin.py:188} INFO - [2024-03-29T13:56:02.505+0000] {dagbag.py:540} INFO - Filling up the DagBag from /home/airflow/.local/lib/python3.8/site-packages/airflow/example_dags/example_bash_operator.py
[2024-03-29T13:56:02.514+0000] {processor.py:840} INFO - DAG(s) 'example_bash_operator' retrieved from /home/airflow/.local/lib/python3.8/site-packages/airflow/example_dags/example_bash_operator.py
[2024-03-29T13:56:02.536+0000] {logging_mixin.py:188} INFO - [2024-03-29T13:56:02.536+0000] {dag.py:3047} INFO - Sync 1 DAGs
[2024-03-29T13:56:02.555+0000] {logging_mixin.py:188} INFO - [2024-03-29T13:56:02.554+0000] {dag.py:3834} INFO - Setting next_dagrun for example_bash_operator to 2024-03-28 00:00:00+00:00, run_after=2024-03-29 00:00:00+00:00
[2024-03-29T13:56:02.572+0000] {processor.py:183} INFO - Processing /home/airflow/.local/lib/python3.8/site-packages/airflow/example_dags/example_bash_operator.py took 0.072 seconds
[2024-03-29T13:56:32.826+0000] {processor.py:161} INFO - Started process (PID=407) to work on /home/airflow/.local/lib/python3.8/site-packages/airflow/example_dags/example_bash_operator.py
[2024-03-29T13:56:32.827+0000] {processor.py:830} INFO - Processing file /home/airflow/.local/lib/python3.8/site-packages/airflow/example_dags/example_bash_operator.py for tasks to queue
[2024-03-29T13:56:32.828+0000] {logging_mixin.py:188} INFO - [2024-03-29T13:56:32.828+0000] {dagbag.py:540} INFO - Filling up the DagBag from /home/airflow/.local/lib/python3.8/site-packages/airflow/example_dags/example_bash_operator.py
[2024-03-29T13:56:32.837+0000] {processor.py:840} INFO - DAG(s) 'example_bash_operator' retrieved from /home/airflow/.local/lib/python3.8/site-packages/airflow/example_dags/example_bash_operator.py
[2024-03-29T13:56:32.860+0000] {logging_mixin.py:188} INFO - [2024-03-29T13:56:32.859+0000] {dag.py:3047} INFO - Sync 1 DAGs
[2024-03-29T13:56:32.877+0000] {logging_mixin.py:188} INFO - [2024-03-29T13:56:32.877+0000] {dag.py:3834} INFO - Setting next_dagrun for example_bash_operator to 2024-03-28 00:00:00+00:00, run_after=2024-03-29 00:00:00+00:00
[2024-03-29T13:56:32.892+0000] {processor.py:183} INFO - Processing /home/airflow/.local/lib/python3.8/site-packages/airflow/example_dags/example_bash_operator.py took 0.069 seconds
[2024-03-29T13:57:03.411+0000] {processor.py:161} INFO - Started process (PID=463) to work on /home/airflow/.local/lib/python3.8/site-packages/airflow/example_dags/example_bash_operator.py
[2024-03-29T13:57:03.412+0000] {processor.py:830} INFO - Processing file /home/airflow/.local/lib/python3.8/site-packages/airflow/example_dags/example_bash_operator.py for tasks to queue
[2024-03-29T13:57:03.414+0000] {logging_mixin.py:188} INFO - [2024-03-29T13:57:03.414+0000] {dagbag.py:540} INFO - Filling up the DagBag from /home/airflow/.local/lib/python3.8/site-packages/airflow/example_dags/example_bash_operator.py
[2024-03-29T13:57:03.425+0000] {processor.py:840} INFO - DAG(s) 'example_bash_operator' retrieved from /home/airflow/.local/lib/python3.8/site-packages/airflow/example_dags/example_bash_operator.py
[2024-03-29T13:57:03.453+0000] {logging_mixin.py:188} INFO - [2024-03-29T13:57:03.453+0000] {dag.py:3047} INFO - Sync 1 DAGs
[2024-03-29T13:57:03.474+0000] {logging_mixin.py:188} INFO - [2024-03-29T13:57:03.474+0000] {dag.py:3834} INFO - Setting next_dagrun for example_bash_operator to 2024-03-28 00:00:00+00:00, run_after=2024-03-29 00:00:00+00:00
[2024-03-29T13:57:03.493+0000] {processor.py:183} INFO - Processing /home/airflow/.local/lib/python3.8/site-packages/airflow/example_dags/example_bash_operator.py took 0.085 seconds
[2024-03-29T13:57:34.145+0000] {processor.py:161} INFO - Started process (PID=525) to work on /home/airflow/.local/lib/python3.8/site-packages/airflow/example_dags/example_bash_operator.py
[2024-03-29T13:57:34.146+0000] {processor.py:830} INFO - Processing file /home/airflow/.local/lib/python3.8/site-packages/airflow/example_dags/example_bash_operator.py for tasks to queue
[2024-03-29T13:57:34.148+0000] {logging_mixin.py:188} INFO - [2024-03-29T13:57:34.147+0000] {dagbag.py:540} INFO - Filling up the DagBag from /home/airflow/.local/lib/python3.8/site-packages/airflow/example_dags/example_bash_operator.py
[2024-03-29T13:57:34.157+0000] {processor.py:840} INFO - DAG(s) 'example_bash_operator' retrieved from /home/airflow/.local/lib/python3.8/site-packages/airflow/example_dags/example_bash_operator.py
[2024-03-29T13:57:34.180+0000] {logging_mixin.py:188} INFO - [2024-03-29T13:57:34.180+0000] {dag.py:3047} INFO - Sync 1 DAGs
[2024-03-29T13:57:34.199+0000] {logging_mixin.py:188} INFO - [2024-03-29T13:57:34.199+0000] {dag.py:3834} INFO - Setting next_dagrun for example_bash_operator to 2024-03-28 00:00:00+00:00, run_after=2024-03-29 00:00:00+00:00
[2024-03-29T13:57:34.218+0000] {processor.py:183} INFO - Processing /home/airflow/.local/lib/python3.8/site-packages/airflow/example_dags/example_bash_operator.py took 0.075 seconds
[2024-03-29T13:58:04.376+0000] {processor.py:161} INFO - Started process (PID=581) to work on /home/airflow/.local/lib/python3.8/site-packages/airflow/example_dags/example_bash_operator.py
[2024-03-29T13:58:04.377+0000] {processor.py:830} INFO - Processing file /home/airflow/.local/lib/python3.8/site-packages/airflow/example_dags/example_bash_operator.py for tasks to queue
[2024-03-29T13:58:04.379+0000] {logging_mixin.py:188} INFO - [2024-03-29T13:58:04.378+0000] {dagbag.py:540} INFO - Filling up the DagBag from /home/airflow/.local/lib/python3.8/site-packages/airflow/example_dags/example_bash_operator.py
[2024-03-29T13:58:04.390+0000] {processor.py:840} INFO - DAG(s) 'example_bash_operator' retrieved from /home/airflow/.local/lib/python3.8/site-packages/airflow/example_dags/example_bash_operator.py
[2024-03-29T13:58:04.416+0000] {logging_mixin.py:188} INFO - [2024-03-29T13:58:04.416+0000] {dag.py:3047} INFO - Sync 1 DAGs
[2024-03-29T13:58:04.436+0000] {logging_mixin.py:188} INFO - [2024-03-29T13:58:04.435+0000] {dag.py:3834} INFO - Setting next_dagrun for example_bash_operator to 2024-03-28 00:00:00+00:00, run_after=2024-03-29 00:00:00+00:00
[2024-03-29T13:58:04.452+0000] {processor.py:183} INFO - Processing /home/airflow/.local/lib/python3.8/site-packages/airflow/example_dags/example_bash_operator.py took 0.079 seconds
[2024-03-29T13:58:34.923+0000] {processor.py:161} INFO - Started process (PID=637) to work on /home/airflow/.local/lib/python3.8/site-packages/airflow/example_dags/example_bash_operator.py
[2024-03-29T13:58:34.924+0000] {processor.py:830} INFO - Processing file /home/airflow/.local/lib/python3.8/site-packages/airflow/example_dags/example_bash_operator.py for tasks to queue
[2024-03-29T13:58:34.926+0000] {logging_mixin.py:188} INFO - [2024-03-29T13:58:34.925+0000] {dagbag.py:540} INFO - Filling up the DagBag from /home/airflow/.local/lib/python3.8/site-packages/airflow/example_dags/example_bash_operator.py
[2024-03-29T13:58:34.934+0000] {processor.py:840} INFO - DAG(s) 'example_bash_operator' retrieved from /home/airflow/.local/lib/python3.8/site-packages/airflow/example_dags/example_bash_operator.py
[2024-03-29T13:58:34.955+0000] {logging_mixin.py:188} INFO - [2024-03-29T13:58:34.954+0000] {dag.py:3047} INFO - Sync 1 DAGs
[2024-03-29T13:58:34.970+0000] {logging_mixin.py:188} INFO - [2024-03-29T13:58:34.970+0000] {dag.py:3834} INFO - Setting next_dagrun for example_bash_operator to 2024-03-28 00:00:00+00:00, run_after=2024-03-29 00:00:00+00:00
[2024-03-29T13:58:34.984+0000] {processor.py:183} INFO - Processing /home/airflow/.local/lib/python3.8/site-packages/airflow/example_dags/example_bash_operator.py took 0.063 seconds
[2024-03-29T13:59:05.282+0000] {processor.py:161} INFO - Started process (PID=693) to work on /home/airflow/.local/lib/python3.8/site-packages/airflow/example_dags/example_bash_operator.py
[2024-03-29T13:59:05.283+0000] {processor.py:830} INFO - Processing file /home/airflow/.local/lib/python3.8/site-packages/airflow/example_dags/example_bash_operator.py for tasks to queue
[2024-03-29T13:59:05.285+0000] {logging_mixin.py:188} INFO - [2024-03-29T13:59:05.285+0000] {dagbag.py:540} INFO - Filling up the DagBag from /home/airflow/.local/lib/python3.8/site-packages/airflow/example_dags/example_bash_operator.py
[2024-03-29T13:59:05.295+0000] {processor.py:840} INFO - DAG(s) 'example_bash_operator' retrieved from /home/airflow/.local/lib/python3.8/site-packages/airflow/example_dags/example_bash_operator.py
[2024-03-29T13:59:05.317+0000] {logging_mixin.py:188} INFO - [2024-03-29T13:59:05.317+0000] {dag.py:3047} INFO - Sync 1 DAGs
[2024-03-29T13:59:05.336+0000] {logging_mixin.py:188} INFO - [2024-03-29T13:59:05.335+0000] {dag.py:3834} INFO - Setting next_dagrun for example_bash_operator to 2024-03-28 00:00:00+00:00, run_after=2024-03-29 00:00:00+00:00
[2024-03-29T13:59:05.350+0000] {processor.py:183} INFO - Processing /home/airflow/.local/lib/python3.8/site-packages/airflow/example_dags/example_bash_operator.py took 0.071 seconds
[2024-03-29T13:59:35.591+0000] {processor.py:161} INFO - Started process (PID=749) to work on /home/airflow/.local/lib/python3.8/site-packages/airflow/example_dags/example_bash_operator.py
[2024-03-29T13:59:35.592+0000] {processor.py:830} INFO - Processing file /home/airflow/.local/lib/python3.8/site-packages/airflow/example_dags/example_bash_operator.py for tasks to queue
[2024-03-29T13:59:35.594+0000] {logging_mixin.py:188} INFO - [2024-03-29T13:59:35.594+0000] {dagbag.py:540} INFO - Filling up the DagBag from /home/airflow/.local/lib/python3.8/site-packages/airflow/example_dags/example_bash_operator.py
[2024-03-29T13:59:35.603+0000] {processor.py:840} INFO - DAG(s) 'example_bash_operator' retrieved from /home/airflow/.local/lib/python3.8/site-packages/airflow/example_dags/example_bash_operator.py
[2024-03-29T13:59:35.628+0000] {logging_mixin.py:188} INFO - [2024-03-29T13:59:35.628+0000] {dag.py:3047} INFO - Sync 1 DAGs
[2024-03-29T13:59:35.643+0000] {logging_mixin.py:188} INFO - [2024-03-29T13:59:35.643+0000] {dag.py:3834} INFO - Setting next_dagrun for example_bash_operator to 2024-03-28 00:00:00+00:00, run_after=2024-03-29 00:00:00+00:00
[2024-03-29T13:59:35.660+0000] {processor.py:183} INFO - Processing /home/airflow/.local/lib/python3.8/site-packages/airflow/example_dags/example_bash_operator.py took 0.071 seconds
