[2024-03-29T13:53:28.172+0000] {processor.py:161} INFO - Started process (PID=52) to work on /home/airflow/.local/lib/python3.8/site-packages/airflow/example_dags/example_datasets.py
[2024-03-29T13:53:28.173+0000] {processor.py:830} INFO - Processing file /home/airflow/.local/lib/python3.8/site-packages/airflow/example_dags/example_datasets.py for tasks to queue
[2024-03-29T13:53:28.176+0000] {logging_mixin.py:188} INFO - [2024-03-29T13:53:28.175+0000] {dagbag.py:540} INFO - Filling up the DagBag from /home/airflow/.local/lib/python3.8/site-packages/airflow/example_dags/example_datasets.py
[2024-03-29T13:53:28.189+0000] {processor.py:840} INFO - DAG(s) 'dataset_consumes_1_and_2', 'dataset_produces_2', 'dataset_produces_1', 'dataset_consumes_unknown_never_scheduled', 'dataset_consumes_1', 'dataset_consumes_1_never_scheduled' retrieved from /home/airflow/.local/lib/python3.8/site-packages/airflow/example_dags/example_datasets.py
[2024-03-29T13:53:28.207+0000] {logging_mixin.py:188} INFO - [2024-03-29T13:53:28.206+0000] {dag.py:3047} INFO - Sync 6 DAGs
[2024-03-29T13:53:28.235+0000] {logging_mixin.py:188} INFO - [2024-03-29T13:53:28.235+0000] {dag.py:3834} INFO - Setting next_dagrun for dataset_consumes_1 to None, run_after=None
[2024-03-29T13:53:28.239+0000] {logging_mixin.py:188} INFO - [2024-03-29T13:53:28.239+0000] {dag.py:3834} INFO - Setting next_dagrun for dataset_consumes_1_and_2 to None, run_after=None
[2024-03-29T13:53:28.241+0000] {logging_mixin.py:188} INFO - [2024-03-29T13:53:28.241+0000] {dag.py:3834} INFO - Setting next_dagrun for dataset_consumes_1_never_scheduled to None, run_after=None
[2024-03-29T13:53:28.242+0000] {logging_mixin.py:188} INFO - [2024-03-29T13:53:28.242+0000] {dag.py:3834} INFO - Setting next_dagrun for dataset_consumes_unknown_never_scheduled to None, run_after=None
[2024-03-29T13:53:28.247+0000] {logging_mixin.py:188} INFO - [2024-03-29T13:53:28.247+0000] {dag.py:3834} INFO - Setting next_dagrun for dataset_produces_1 to 2024-03-28 00:00:00+00:00, run_after=2024-03-29 00:00:00+00:00
[2024-03-29T13:53:28.249+0000] {logging_mixin.py:188} INFO - [2024-03-29T13:53:28.249+0000] {dag.py:3834} INFO - Setting next_dagrun for dataset_produces_2 to None, run_after=None
[2024-03-29T13:53:28.283+0000] {processor.py:183} INFO - Processing /home/airflow/.local/lib/python3.8/site-packages/airflow/example_dags/example_datasets.py took 0.115 seconds
[2024-03-29T13:53:59.080+0000] {processor.py:161} INFO - Started process (PID=108) to work on /home/airflow/.local/lib/python3.8/site-packages/airflow/example_dags/example_datasets.py
[2024-03-29T13:53:59.081+0000] {processor.py:830} INFO - Processing file /home/airflow/.local/lib/python3.8/site-packages/airflow/example_dags/example_datasets.py for tasks to queue
[2024-03-29T13:53:59.082+0000] {logging_mixin.py:188} INFO - [2024-03-29T13:53:59.082+0000] {dagbag.py:540} INFO - Filling up the DagBag from /home/airflow/.local/lib/python3.8/site-packages/airflow/example_dags/example_datasets.py
[2024-03-29T13:53:59.090+0000] {processor.py:840} INFO - DAG(s) 'dataset_consumes_1_and_2', 'dataset_consumes_unknown_never_scheduled', 'dataset_produces_2', 'dataset_consumes_1', 'dataset_produces_1', 'dataset_consumes_1_never_scheduled' retrieved from /home/airflow/.local/lib/python3.8/site-packages/airflow/example_dags/example_datasets.py
[2024-03-29T13:53:59.193+0000] {logging_mixin.py:188} INFO - [2024-03-29T13:53:59.193+0000] {dag.py:3047} INFO - Sync 6 DAGs
[2024-03-29T13:53:59.208+0000] {logging_mixin.py:188} INFO - [2024-03-29T13:53:59.208+0000] {dag.py:3834} INFO - Setting next_dagrun for dataset_consumes_1 to None, run_after=None
[2024-03-29T13:53:59.211+0000] {logging_mixin.py:188} INFO - [2024-03-29T13:53:59.211+0000] {dag.py:3834} INFO - Setting next_dagrun for dataset_consumes_1_and_2 to None, run_after=None
[2024-03-29T13:53:59.212+0000] {logging_mixin.py:188} INFO - [2024-03-29T13:53:59.212+0000] {dag.py:3834} INFO - Setting next_dagrun for dataset_consumes_1_never_scheduled to None, run_after=None
[2024-03-29T13:53:59.214+0000] {logging_mixin.py:188} INFO - [2024-03-29T13:53:59.214+0000] {dag.py:3834} INFO - Setting next_dagrun for dataset_consumes_unknown_never_scheduled to None, run_after=None
[2024-03-29T13:53:59.216+0000] {logging_mixin.py:188} INFO - [2024-03-29T13:53:59.216+0000] {dag.py:3834} INFO - Setting next_dagrun for dataset_produces_1 to 2024-03-28 00:00:00+00:00, run_after=2024-03-29 00:00:00+00:00
[2024-03-29T13:53:59.217+0000] {logging_mixin.py:188} INFO - [2024-03-29T13:53:59.217+0000] {dag.py:3834} INFO - Setting next_dagrun for dataset_produces_2 to None, run_after=None
[2024-03-29T13:53:59.252+0000] {processor.py:183} INFO - Processing /home/airflow/.local/lib/python3.8/site-packages/airflow/example_dags/example_datasets.py took 0.174 seconds
[2024-03-29T13:54:29.849+0000] {processor.py:161} INFO - Started process (PID=164) to work on /home/airflow/.local/lib/python3.8/site-packages/airflow/example_dags/example_datasets.py
[2024-03-29T13:54:29.850+0000] {processor.py:830} INFO - Processing file /home/airflow/.local/lib/python3.8/site-packages/airflow/example_dags/example_datasets.py for tasks to queue
[2024-03-29T13:54:29.851+0000] {logging_mixin.py:188} INFO - [2024-03-29T13:54:29.851+0000] {dagbag.py:540} INFO - Filling up the DagBag from /home/airflow/.local/lib/python3.8/site-packages/airflow/example_dags/example_datasets.py
[2024-03-29T13:54:29.858+0000] {processor.py:840} INFO - DAG(s) 'dataset_consumes_1_and_2', 'dataset_consumes_1', 'dataset_produces_1', 'dataset_produces_2', 'dataset_consumes_1_never_scheduled', 'dataset_consumes_unknown_never_scheduled' retrieved from /home/airflow/.local/lib/python3.8/site-packages/airflow/example_dags/example_datasets.py
[2024-03-29T13:54:29.883+0000] {logging_mixin.py:188} INFO - [2024-03-29T13:54:29.883+0000] {dag.py:3047} INFO - Sync 6 DAGs
[2024-03-29T13:54:29.900+0000] {logging_mixin.py:188} INFO - [2024-03-29T13:54:29.900+0000] {dag.py:3834} INFO - Setting next_dagrun for dataset_consumes_1 to None, run_after=None
[2024-03-29T13:54:29.902+0000] {logging_mixin.py:188} INFO - [2024-03-29T13:54:29.902+0000] {dag.py:3834} INFO - Setting next_dagrun for dataset_consumes_1_and_2 to None, run_after=None
[2024-03-29T13:54:29.903+0000] {logging_mixin.py:188} INFO - [2024-03-29T13:54:29.903+0000] {dag.py:3834} INFO - Setting next_dagrun for dataset_consumes_1_never_scheduled to None, run_after=None
[2024-03-29T13:54:29.905+0000] {logging_mixin.py:188} INFO - [2024-03-29T13:54:29.905+0000] {dag.py:3834} INFO - Setting next_dagrun for dataset_consumes_unknown_never_scheduled to None, run_after=None
[2024-03-29T13:54:29.907+0000] {logging_mixin.py:188} INFO - [2024-03-29T13:54:29.907+0000] {dag.py:3834} INFO - Setting next_dagrun for dataset_produces_1 to 2024-03-28 00:00:00+00:00, run_after=2024-03-29 00:00:00+00:00
[2024-03-29T13:54:29.908+0000] {logging_mixin.py:188} INFO - [2024-03-29T13:54:29.908+0000] {dag.py:3834} INFO - Setting next_dagrun for dataset_produces_2 to None, run_after=None
[2024-03-29T13:54:29.932+0000] {processor.py:183} INFO - Processing /home/airflow/.local/lib/python3.8/site-packages/airflow/example_dags/example_datasets.py took 0.085 seconds
[2024-03-29T13:55:00.186+0000] {processor.py:161} INFO - Started process (PID=220) to work on /home/airflow/.local/lib/python3.8/site-packages/airflow/example_dags/example_datasets.py
[2024-03-29T13:55:00.187+0000] {processor.py:830} INFO - Processing file /home/airflow/.local/lib/python3.8/site-packages/airflow/example_dags/example_datasets.py for tasks to queue
[2024-03-29T13:55:00.188+0000] {logging_mixin.py:188} INFO - [2024-03-29T13:55:00.188+0000] {dagbag.py:540} INFO - Filling up the DagBag from /home/airflow/.local/lib/python3.8/site-packages/airflow/example_dags/example_datasets.py
[2024-03-29T13:55:00.195+0000] {processor.py:840} INFO - DAG(s) 'dataset_consumes_1_never_scheduled', 'dataset_produces_2', 'dataset_consumes_1_and_2', 'dataset_consumes_1', 'dataset_produces_1', 'dataset_consumes_unknown_never_scheduled' retrieved from /home/airflow/.local/lib/python3.8/site-packages/airflow/example_dags/example_datasets.py
[2024-03-29T13:55:00.221+0000] {logging_mixin.py:188} INFO - [2024-03-29T13:55:00.221+0000] {dag.py:3047} INFO - Sync 6 DAGs
[2024-03-29T13:55:00.238+0000] {logging_mixin.py:188} INFO - [2024-03-29T13:55:00.237+0000] {dag.py:3834} INFO - Setting next_dagrun for dataset_consumes_1 to None, run_after=None
[2024-03-29T13:55:00.241+0000] {logging_mixin.py:188} INFO - [2024-03-29T13:55:00.241+0000] {dag.py:3834} INFO - Setting next_dagrun for dataset_consumes_1_and_2 to None, run_after=None
[2024-03-29T13:55:00.242+0000] {logging_mixin.py:188} INFO - [2024-03-29T13:55:00.242+0000] {dag.py:3834} INFO - Setting next_dagrun for dataset_consumes_1_never_scheduled to None, run_after=None
[2024-03-29T13:55:00.244+0000] {logging_mixin.py:188} INFO - [2024-03-29T13:55:00.243+0000] {dag.py:3834} INFO - Setting next_dagrun for dataset_consumes_unknown_never_scheduled to None, run_after=None
[2024-03-29T13:55:00.246+0000] {logging_mixin.py:188} INFO - [2024-03-29T13:55:00.245+0000] {dag.py:3834} INFO - Setting next_dagrun for dataset_produces_1 to 2024-03-28 00:00:00+00:00, run_after=2024-03-29 00:00:00+00:00
[2024-03-29T13:55:00.247+0000] {logging_mixin.py:188} INFO - [2024-03-29T13:55:00.247+0000] {dag.py:3834} INFO - Setting next_dagrun for dataset_produces_2 to None, run_after=None
[2024-03-29T13:55:00.270+0000] {processor.py:183} INFO - Processing /home/airflow/.local/lib/python3.8/site-packages/airflow/example_dags/example_datasets.py took 0.086 seconds
[2024-03-29T13:55:30.490+0000] {processor.py:161} INFO - Started process (PID=276) to work on /home/airflow/.local/lib/python3.8/site-packages/airflow/example_dags/example_datasets.py
[2024-03-29T13:55:30.491+0000] {processor.py:830} INFO - Processing file /home/airflow/.local/lib/python3.8/site-packages/airflow/example_dags/example_datasets.py for tasks to queue
[2024-03-29T13:55:30.492+0000] {logging_mixin.py:188} INFO - [2024-03-29T13:55:30.492+0000] {dagbag.py:540} INFO - Filling up the DagBag from /home/airflow/.local/lib/python3.8/site-packages/airflow/example_dags/example_datasets.py
[2024-03-29T13:55:30.499+0000] {processor.py:840} INFO - DAG(s) 'dataset_consumes_1', 'dataset_consumes_1_and_2', 'dataset_produces_1', 'dataset_produces_2', 'dataset_consumes_unknown_never_scheduled', 'dataset_consumes_1_never_scheduled' retrieved from /home/airflow/.local/lib/python3.8/site-packages/airflow/example_dags/example_datasets.py
[2024-03-29T13:55:30.527+0000] {logging_mixin.py:188} INFO - [2024-03-29T13:55:30.527+0000] {dag.py:3047} INFO - Sync 6 DAGs
[2024-03-29T13:55:30.545+0000] {logging_mixin.py:188} INFO - [2024-03-29T13:55:30.544+0000] {dag.py:3834} INFO - Setting next_dagrun for dataset_consumes_1 to None, run_after=None
[2024-03-29T13:55:30.548+0000] {logging_mixin.py:188} INFO - [2024-03-29T13:55:30.547+0000] {dag.py:3834} INFO - Setting next_dagrun for dataset_consumes_1_and_2 to None, run_after=None
[2024-03-29T13:55:30.549+0000] {logging_mixin.py:188} INFO - [2024-03-29T13:55:30.549+0000] {dag.py:3834} INFO - Setting next_dagrun for dataset_consumes_1_never_scheduled to None, run_after=None
[2024-03-29T13:55:30.550+0000] {logging_mixin.py:188} INFO - [2024-03-29T13:55:30.550+0000] {dag.py:3834} INFO - Setting next_dagrun for dataset_consumes_unknown_never_scheduled to None, run_after=None
[2024-03-29T13:55:30.552+0000] {logging_mixin.py:188} INFO - [2024-03-29T13:55:30.552+0000] {dag.py:3834} INFO - Setting next_dagrun for dataset_produces_1 to 2024-03-28 00:00:00+00:00, run_after=2024-03-29 00:00:00+00:00
[2024-03-29T13:55:30.553+0000] {logging_mixin.py:188} INFO - [2024-03-29T13:55:30.552+0000] {dag.py:3834} INFO - Setting next_dagrun for dataset_produces_2 to None, run_after=None
[2024-03-29T13:55:30.583+0000] {processor.py:183} INFO - Processing /home/airflow/.local/lib/python3.8/site-packages/airflow/example_dags/example_datasets.py took 0.096 seconds
[2024-03-29T13:56:00.715+0000] {processor.py:161} INFO - Started process (PID=332) to work on /home/airflow/.local/lib/python3.8/site-packages/airflow/example_dags/example_datasets.py
[2024-03-29T13:56:00.716+0000] {processor.py:830} INFO - Processing file /home/airflow/.local/lib/python3.8/site-packages/airflow/example_dags/example_datasets.py for tasks to queue
[2024-03-29T13:56:00.718+0000] {logging_mixin.py:188} INFO - [2024-03-29T13:56:00.718+0000] {dagbag.py:540} INFO - Filling up the DagBag from /home/airflow/.local/lib/python3.8/site-packages/airflow/example_dags/example_datasets.py
[2024-03-29T13:56:00.727+0000] {processor.py:840} INFO - DAG(s) 'dataset_consumes_1', 'dataset_consumes_unknown_never_scheduled', 'dataset_consumes_1_and_2', 'dataset_consumes_1_never_scheduled', 'dataset_produces_1', 'dataset_produces_2' retrieved from /home/airflow/.local/lib/python3.8/site-packages/airflow/example_dags/example_datasets.py
[2024-03-29T13:56:00.756+0000] {logging_mixin.py:188} INFO - [2024-03-29T13:56:00.756+0000] {dag.py:3047} INFO - Sync 6 DAGs
[2024-03-29T13:56:00.771+0000] {logging_mixin.py:188} INFO - [2024-03-29T13:56:00.771+0000] {dag.py:3834} INFO - Setting next_dagrun for dataset_consumes_1 to None, run_after=None
[2024-03-29T13:56:00.774+0000] {logging_mixin.py:188} INFO - [2024-03-29T13:56:00.774+0000] {dag.py:3834} INFO - Setting next_dagrun for dataset_consumes_1_and_2 to None, run_after=None
[2024-03-29T13:56:00.775+0000] {logging_mixin.py:188} INFO - [2024-03-29T13:56:00.775+0000] {dag.py:3834} INFO - Setting next_dagrun for dataset_consumes_1_never_scheduled to None, run_after=None
[2024-03-29T13:56:00.776+0000] {logging_mixin.py:188} INFO - [2024-03-29T13:56:00.776+0000] {dag.py:3834} INFO - Setting next_dagrun for dataset_consumes_unknown_never_scheduled to None, run_after=None
[2024-03-29T13:56:00.778+0000] {logging_mixin.py:188} INFO - [2024-03-29T13:56:00.778+0000] {dag.py:3834} INFO - Setting next_dagrun for dataset_produces_1 to 2024-03-28 00:00:00+00:00, run_after=2024-03-29 00:00:00+00:00
[2024-03-29T13:56:00.779+0000] {logging_mixin.py:188} INFO - [2024-03-29T13:56:00.779+0000] {dag.py:3834} INFO - Setting next_dagrun for dataset_produces_2 to None, run_after=None
[2024-03-29T13:56:00.800+0000] {processor.py:183} INFO - Processing /home/airflow/.local/lib/python3.8/site-packages/airflow/example_dags/example_datasets.py took 0.087 seconds
[2024-03-29T13:56:30.986+0000] {processor.py:161} INFO - Started process (PID=388) to work on /home/airflow/.local/lib/python3.8/site-packages/airflow/example_dags/example_datasets.py
[2024-03-29T13:56:30.987+0000] {processor.py:830} INFO - Processing file /home/airflow/.local/lib/python3.8/site-packages/airflow/example_dags/example_datasets.py for tasks to queue
[2024-03-29T13:56:30.988+0000] {logging_mixin.py:188} INFO - [2024-03-29T13:56:30.988+0000] {dagbag.py:540} INFO - Filling up the DagBag from /home/airflow/.local/lib/python3.8/site-packages/airflow/example_dags/example_datasets.py
[2024-03-29T13:56:30.996+0000] {processor.py:840} INFO - DAG(s) 'dataset_consumes_1', 'dataset_produces_2', 'dataset_produces_1', 'dataset_consumes_1_and_2', 'dataset_consumes_unknown_never_scheduled', 'dataset_consumes_1_never_scheduled' retrieved from /home/airflow/.local/lib/python3.8/site-packages/airflow/example_dags/example_datasets.py
[2024-03-29T13:56:31.026+0000] {logging_mixin.py:188} INFO - [2024-03-29T13:56:31.025+0000] {dag.py:3047} INFO - Sync 6 DAGs
[2024-03-29T13:56:31.044+0000] {logging_mixin.py:188} INFO - [2024-03-29T13:56:31.044+0000] {dag.py:3834} INFO - Setting next_dagrun for dataset_consumes_1 to None, run_after=None
[2024-03-29T13:56:31.047+0000] {logging_mixin.py:188} INFO - [2024-03-29T13:56:31.047+0000] {dag.py:3834} INFO - Setting next_dagrun for dataset_consumes_1_and_2 to None, run_after=None
[2024-03-29T13:56:31.048+0000] {logging_mixin.py:188} INFO - [2024-03-29T13:56:31.048+0000] {dag.py:3834} INFO - Setting next_dagrun for dataset_consumes_1_never_scheduled to None, run_after=None
[2024-03-29T13:56:31.049+0000] {logging_mixin.py:188} INFO - [2024-03-29T13:56:31.049+0000] {dag.py:3834} INFO - Setting next_dagrun for dataset_consumes_unknown_never_scheduled to None, run_after=None
[2024-03-29T13:56:31.051+0000] {logging_mixin.py:188} INFO - [2024-03-29T13:56:31.051+0000] {dag.py:3834} INFO - Setting next_dagrun for dataset_produces_1 to 2024-03-28 00:00:00+00:00, run_after=2024-03-29 00:00:00+00:00
[2024-03-29T13:56:31.052+0000] {logging_mixin.py:188} INFO - [2024-03-29T13:56:31.052+0000] {dag.py:3834} INFO - Setting next_dagrun for dataset_produces_2 to None, run_after=None
[2024-03-29T13:56:31.075+0000] {processor.py:183} INFO - Processing /home/airflow/.local/lib/python3.8/site-packages/airflow/example_dags/example_datasets.py took 0.091 seconds
[2024-03-29T13:57:01.338+0000] {processor.py:161} INFO - Started process (PID=443) to work on /home/airflow/.local/lib/python3.8/site-packages/airflow/example_dags/example_datasets.py
[2024-03-29T13:57:01.339+0000] {processor.py:830} INFO - Processing file /home/airflow/.local/lib/python3.8/site-packages/airflow/example_dags/example_datasets.py for tasks to queue
[2024-03-29T13:57:01.341+0000] {logging_mixin.py:188} INFO - [2024-03-29T13:57:01.341+0000] {dagbag.py:540} INFO - Filling up the DagBag from /home/airflow/.local/lib/python3.8/site-packages/airflow/example_dags/example_datasets.py
[2024-03-29T13:57:01.350+0000] {processor.py:840} INFO - DAG(s) 'dataset_produces_2', 'dataset_consumes_1', 'dataset_produces_1', 'dataset_consumes_unknown_never_scheduled', 'dataset_consumes_1_never_scheduled', 'dataset_consumes_1_and_2' retrieved from /home/airflow/.local/lib/python3.8/site-packages/airflow/example_dags/example_datasets.py
[2024-03-29T13:57:01.385+0000] {logging_mixin.py:188} INFO - [2024-03-29T13:57:01.385+0000] {dag.py:3047} INFO - Sync 6 DAGs
[2024-03-29T13:57:01.414+0000] {logging_mixin.py:188} INFO - [2024-03-29T13:57:01.414+0000] {dag.py:3834} INFO - Setting next_dagrun for dataset_consumes_1 to None, run_after=None
[2024-03-29T13:57:01.417+0000] {logging_mixin.py:188} INFO - [2024-03-29T13:57:01.417+0000] {dag.py:3834} INFO - Setting next_dagrun for dataset_consumes_1_and_2 to None, run_after=None
[2024-03-29T13:57:01.419+0000] {logging_mixin.py:188} INFO - [2024-03-29T13:57:01.418+0000] {dag.py:3834} INFO - Setting next_dagrun for dataset_consumes_1_never_scheduled to None, run_after=None
[2024-03-29T13:57:01.420+0000] {logging_mixin.py:188} INFO - [2024-03-29T13:57:01.420+0000] {dag.py:3834} INFO - Setting next_dagrun for dataset_consumes_unknown_never_scheduled to None, run_after=None
[2024-03-29T13:57:01.422+0000] {logging_mixin.py:188} INFO - [2024-03-29T13:57:01.422+0000] {dag.py:3834} INFO - Setting next_dagrun for dataset_produces_1 to 2024-03-28 00:00:00+00:00, run_after=2024-03-29 00:00:00+00:00
[2024-03-29T13:57:01.424+0000] {logging_mixin.py:188} INFO - [2024-03-29T13:57:01.424+0000] {dag.py:3834} INFO - Setting next_dagrun for dataset_produces_2 to None, run_after=None
[2024-03-29T13:57:01.451+0000] {processor.py:183} INFO - Processing /home/airflow/.local/lib/python3.8/site-packages/airflow/example_dags/example_datasets.py took 0.117 seconds
[2024-03-29T13:57:32.100+0000] {processor.py:161} INFO - Started process (PID=505) to work on /home/airflow/.local/lib/python3.8/site-packages/airflow/example_dags/example_datasets.py
[2024-03-29T13:57:32.100+0000] {processor.py:830} INFO - Processing file /home/airflow/.local/lib/python3.8/site-packages/airflow/example_dags/example_datasets.py for tasks to queue
[2024-03-29T13:57:32.102+0000] {logging_mixin.py:188} INFO - [2024-03-29T13:57:32.102+0000] {dagbag.py:540} INFO - Filling up the DagBag from /home/airflow/.local/lib/python3.8/site-packages/airflow/example_dags/example_datasets.py
[2024-03-29T13:57:32.110+0000] {processor.py:840} INFO - DAG(s) 'dataset_consumes_1', 'dataset_produces_2', 'dataset_produces_1', 'dataset_consumes_1_never_scheduled', 'dataset_consumes_unknown_never_scheduled', 'dataset_consumes_1_and_2' retrieved from /home/airflow/.local/lib/python3.8/site-packages/airflow/example_dags/example_datasets.py
[2024-03-29T13:57:32.145+0000] {logging_mixin.py:188} INFO - [2024-03-29T13:57:32.144+0000] {dag.py:3047} INFO - Sync 6 DAGs
[2024-03-29T13:57:32.165+0000] {logging_mixin.py:188} INFO - [2024-03-29T13:57:32.165+0000] {dag.py:3834} INFO - Setting next_dagrun for dataset_consumes_1 to None, run_after=None
[2024-03-29T13:57:32.169+0000] {logging_mixin.py:188} INFO - [2024-03-29T13:57:32.168+0000] {dag.py:3834} INFO - Setting next_dagrun for dataset_consumes_1_and_2 to None, run_after=None
[2024-03-29T13:57:32.170+0000] {logging_mixin.py:188} INFO - [2024-03-29T13:57:32.170+0000] {dag.py:3834} INFO - Setting next_dagrun for dataset_consumes_1_never_scheduled to None, run_after=None
[2024-03-29T13:57:32.171+0000] {logging_mixin.py:188} INFO - [2024-03-29T13:57:32.171+0000] {dag.py:3834} INFO - Setting next_dagrun for dataset_consumes_unknown_never_scheduled to None, run_after=None
[2024-03-29T13:57:32.173+0000] {logging_mixin.py:188} INFO - [2024-03-29T13:57:32.173+0000] {dag.py:3834} INFO - Setting next_dagrun for dataset_produces_1 to 2024-03-28 00:00:00+00:00, run_after=2024-03-29 00:00:00+00:00
[2024-03-29T13:57:32.174+0000] {logging_mixin.py:188} INFO - [2024-03-29T13:57:32.174+0000] {dag.py:3834} INFO - Setting next_dagrun for dataset_produces_2 to None, run_after=None
[2024-03-29T13:57:32.200+0000] {processor.py:183} INFO - Processing /home/airflow/.local/lib/python3.8/site-packages/airflow/example_dags/example_datasets.py took 0.103 seconds
[2024-03-29T13:58:02.476+0000] {processor.py:161} INFO - Started process (PID=561) to work on /home/airflow/.local/lib/python3.8/site-packages/airflow/example_dags/example_datasets.py
[2024-03-29T13:58:02.477+0000] {processor.py:830} INFO - Processing file /home/airflow/.local/lib/python3.8/site-packages/airflow/example_dags/example_datasets.py for tasks to queue
[2024-03-29T13:58:02.478+0000] {logging_mixin.py:188} INFO - [2024-03-29T13:58:02.478+0000] {dagbag.py:540} INFO - Filling up the DagBag from /home/airflow/.local/lib/python3.8/site-packages/airflow/example_dags/example_datasets.py
[2024-03-29T13:58:02.485+0000] {processor.py:840} INFO - DAG(s) 'dataset_produces_2', 'dataset_consumes_1', 'dataset_consumes_1_never_scheduled', 'dataset_consumes_1_and_2', 'dataset_produces_1', 'dataset_consumes_unknown_never_scheduled' retrieved from /home/airflow/.local/lib/python3.8/site-packages/airflow/example_dags/example_datasets.py
[2024-03-29T13:58:02.512+0000] {logging_mixin.py:188} INFO - [2024-03-29T13:58:02.512+0000] {dag.py:3047} INFO - Sync 6 DAGs
[2024-03-29T13:58:02.529+0000] {logging_mixin.py:188} INFO - [2024-03-29T13:58:02.529+0000] {dag.py:3834} INFO - Setting next_dagrun for dataset_consumes_1 to None, run_after=None
[2024-03-29T13:58:02.532+0000] {logging_mixin.py:188} INFO - [2024-03-29T13:58:02.532+0000] {dag.py:3834} INFO - Setting next_dagrun for dataset_consumes_1_and_2 to None, run_after=None
[2024-03-29T13:58:02.534+0000] {logging_mixin.py:188} INFO - [2024-03-29T13:58:02.533+0000] {dag.py:3834} INFO - Setting next_dagrun for dataset_consumes_1_never_scheduled to None, run_after=None
[2024-03-29T13:58:02.534+0000] {logging_mixin.py:188} INFO - [2024-03-29T13:58:02.534+0000] {dag.py:3834} INFO - Setting next_dagrun for dataset_consumes_unknown_never_scheduled to None, run_after=None
[2024-03-29T13:58:02.536+0000] {logging_mixin.py:188} INFO - [2024-03-29T13:58:02.536+0000] {dag.py:3834} INFO - Setting next_dagrun for dataset_produces_1 to 2024-03-28 00:00:00+00:00, run_after=2024-03-29 00:00:00+00:00
[2024-03-29T13:58:02.537+0000] {logging_mixin.py:188} INFO - [2024-03-29T13:58:02.537+0000] {dag.py:3834} INFO - Setting next_dagrun for dataset_produces_2 to None, run_after=None
[2024-03-29T13:58:02.560+0000] {processor.py:183} INFO - Processing /home/airflow/.local/lib/python3.8/site-packages/airflow/example_dags/example_datasets.py took 0.088 seconds
[2024-03-29T13:58:32.847+0000] {processor.py:161} INFO - Started process (PID=617) to work on /home/airflow/.local/lib/python3.8/site-packages/airflow/example_dags/example_datasets.py
[2024-03-29T13:58:32.848+0000] {processor.py:830} INFO - Processing file /home/airflow/.local/lib/python3.8/site-packages/airflow/example_dags/example_datasets.py for tasks to queue
[2024-03-29T13:58:32.849+0000] {logging_mixin.py:188} INFO - [2024-03-29T13:58:32.849+0000] {dagbag.py:540} INFO - Filling up the DagBag from /home/airflow/.local/lib/python3.8/site-packages/airflow/example_dags/example_datasets.py
[2024-03-29T13:58:32.857+0000] {processor.py:840} INFO - DAG(s) 'dataset_produces_2', 'dataset_consumes_1_never_scheduled', 'dataset_produces_1', 'dataset_consumes_1_and_2', 'dataset_consumes_unknown_never_scheduled', 'dataset_consumes_1' retrieved from /home/airflow/.local/lib/python3.8/site-packages/airflow/example_dags/example_datasets.py
[2024-03-29T13:58:32.884+0000] {logging_mixin.py:188} INFO - [2024-03-29T13:58:32.883+0000] {dag.py:3047} INFO - Sync 6 DAGs
[2024-03-29T13:58:32.901+0000] {logging_mixin.py:188} INFO - [2024-03-29T13:58:32.901+0000] {dag.py:3834} INFO - Setting next_dagrun for dataset_consumes_1 to None, run_after=None
[2024-03-29T13:58:32.904+0000] {logging_mixin.py:188} INFO - [2024-03-29T13:58:32.904+0000] {dag.py:3834} INFO - Setting next_dagrun for dataset_consumes_1_and_2 to None, run_after=None
[2024-03-29T13:58:32.905+0000] {logging_mixin.py:188} INFO - [2024-03-29T13:58:32.905+0000] {dag.py:3834} INFO - Setting next_dagrun for dataset_consumes_1_never_scheduled to None, run_after=None
[2024-03-29T13:58:32.907+0000] {logging_mixin.py:188} INFO - [2024-03-29T13:58:32.907+0000] {dag.py:3834} INFO - Setting next_dagrun for dataset_consumes_unknown_never_scheduled to None, run_after=None
[2024-03-29T13:58:32.909+0000] {logging_mixin.py:188} INFO - [2024-03-29T13:58:32.909+0000] {dag.py:3834} INFO - Setting next_dagrun for dataset_produces_1 to 2024-03-28 00:00:00+00:00, run_after=2024-03-29 00:00:00+00:00
[2024-03-29T13:58:32.910+0000] {logging_mixin.py:188} INFO - [2024-03-29T13:58:32.910+0000] {dag.py:3834} INFO - Setting next_dagrun for dataset_produces_2 to None, run_after=None
[2024-03-29T13:58:32.934+0000] {processor.py:183} INFO - Processing /home/airflow/.local/lib/python3.8/site-packages/airflow/example_dags/example_datasets.py took 0.089 seconds
[2024-03-29T13:59:03.255+0000] {processor.py:161} INFO - Started process (PID=673) to work on /home/airflow/.local/lib/python3.8/site-packages/airflow/example_dags/example_datasets.py
[2024-03-29T13:59:03.256+0000] {processor.py:830} INFO - Processing file /home/airflow/.local/lib/python3.8/site-packages/airflow/example_dags/example_datasets.py for tasks to queue
[2024-03-29T13:59:03.257+0000] {logging_mixin.py:188} INFO - [2024-03-29T13:59:03.257+0000] {dagbag.py:540} INFO - Filling up the DagBag from /home/airflow/.local/lib/python3.8/site-packages/airflow/example_dags/example_datasets.py
[2024-03-29T13:59:03.265+0000] {processor.py:840} INFO - DAG(s) 'dataset_consumes_1_never_scheduled', 'dataset_produces_1', 'dataset_consumes_1', 'dataset_consumes_1_and_2', 'dataset_produces_2', 'dataset_consumes_unknown_never_scheduled' retrieved from /home/airflow/.local/lib/python3.8/site-packages/airflow/example_dags/example_datasets.py
[2024-03-29T13:59:03.292+0000] {logging_mixin.py:188} INFO - [2024-03-29T13:59:03.292+0000] {dag.py:3047} INFO - Sync 6 DAGs
[2024-03-29T13:59:03.309+0000] {logging_mixin.py:188} INFO - [2024-03-29T13:59:03.309+0000] {dag.py:3834} INFO - Setting next_dagrun for dataset_consumes_1 to None, run_after=None
[2024-03-29T13:59:03.312+0000] {logging_mixin.py:188} INFO - [2024-03-29T13:59:03.311+0000] {dag.py:3834} INFO - Setting next_dagrun for dataset_consumes_1_and_2 to None, run_after=None
[2024-03-29T13:59:03.313+0000] {logging_mixin.py:188} INFO - [2024-03-29T13:59:03.312+0000] {dag.py:3834} INFO - Setting next_dagrun for dataset_consumes_1_never_scheduled to None, run_after=None
[2024-03-29T13:59:03.313+0000] {logging_mixin.py:188} INFO - [2024-03-29T13:59:03.313+0000] {dag.py:3834} INFO - Setting next_dagrun for dataset_consumes_unknown_never_scheduled to None, run_after=None
[2024-03-29T13:59:03.315+0000] {logging_mixin.py:188} INFO - [2024-03-29T13:59:03.315+0000] {dag.py:3834} INFO - Setting next_dagrun for dataset_produces_1 to 2024-03-28 00:00:00+00:00, run_after=2024-03-29 00:00:00+00:00
[2024-03-29T13:59:03.316+0000] {logging_mixin.py:188} INFO - [2024-03-29T13:59:03.316+0000] {dag.py:3834} INFO - Setting next_dagrun for dataset_produces_2 to None, run_after=None
[2024-03-29T13:59:03.348+0000] {processor.py:183} INFO - Processing /home/airflow/.local/lib/python3.8/site-packages/airflow/example_dags/example_datasets.py took 0.096 seconds
[2024-03-29T13:59:33.699+0000] {processor.py:161} INFO - Started process (PID=729) to work on /home/airflow/.local/lib/python3.8/site-packages/airflow/example_dags/example_datasets.py
[2024-03-29T13:59:33.700+0000] {processor.py:830} INFO - Processing file /home/airflow/.local/lib/python3.8/site-packages/airflow/example_dags/example_datasets.py for tasks to queue
[2024-03-29T13:59:33.701+0000] {logging_mixin.py:188} INFO - [2024-03-29T13:59:33.701+0000] {dagbag.py:540} INFO - Filling up the DagBag from /home/airflow/.local/lib/python3.8/site-packages/airflow/example_dags/example_datasets.py
[2024-03-29T13:59:33.708+0000] {processor.py:840} INFO - DAG(s) 'dataset_consumes_unknown_never_scheduled', 'dataset_produces_1', 'dataset_produces_2', 'dataset_consumes_1_never_scheduled', 'dataset_consumes_1_and_2', 'dataset_consumes_1' retrieved from /home/airflow/.local/lib/python3.8/site-packages/airflow/example_dags/example_datasets.py
[2024-03-29T13:59:33.731+0000] {logging_mixin.py:188} INFO - [2024-03-29T13:59:33.730+0000] {dag.py:3047} INFO - Sync 6 DAGs
[2024-03-29T13:59:33.746+0000] {logging_mixin.py:188} INFO - [2024-03-29T13:59:33.746+0000] {dag.py:3834} INFO - Setting next_dagrun for dataset_consumes_1 to None, run_after=None
[2024-03-29T13:59:33.749+0000] {logging_mixin.py:188} INFO - [2024-03-29T13:59:33.749+0000] {dag.py:3834} INFO - Setting next_dagrun for dataset_consumes_1_and_2 to None, run_after=None
[2024-03-29T13:59:33.750+0000] {logging_mixin.py:188} INFO - [2024-03-29T13:59:33.749+0000] {dag.py:3834} INFO - Setting next_dagrun for dataset_consumes_1_never_scheduled to None, run_after=None
[2024-03-29T13:59:33.750+0000] {logging_mixin.py:188} INFO - [2024-03-29T13:59:33.750+0000] {dag.py:3834} INFO - Setting next_dagrun for dataset_consumes_unknown_never_scheduled to None, run_after=None
[2024-03-29T13:59:33.752+0000] {logging_mixin.py:188} INFO - [2024-03-29T13:59:33.752+0000] {dag.py:3834} INFO - Setting next_dagrun for dataset_produces_1 to 2024-03-28 00:00:00+00:00, run_after=2024-03-29 00:00:00+00:00
[2024-03-29T13:59:33.753+0000] {logging_mixin.py:188} INFO - [2024-03-29T13:59:33.753+0000] {dag.py:3834} INFO - Setting next_dagrun for dataset_produces_2 to None, run_after=None
[2024-03-29T13:59:33.771+0000] {processor.py:183} INFO - Processing /home/airflow/.local/lib/python3.8/site-packages/airflow/example_dags/example_datasets.py took 0.074 seconds
