[2024-03-29T13:53:29.347+0000] {processor.py:161} INFO - Started process (PID=72) to work on /home/airflow/.local/lib/python3.8/site-packages/airflow/example_dags/example_branch_datetime_operator.py
[2024-03-29T13:53:29.348+0000] {processor.py:830} INFO - Processing file /home/airflow/.local/lib/python3.8/site-packages/airflow/example_dags/example_branch_datetime_operator.py for tasks to queue
[2024-03-29T13:53:29.350+0000] {logging_mixin.py:188} INFO - [2024-03-29T13:53:29.350+0000] {dagbag.py:540} INFO - Filling up the DagBag from /home/airflow/.local/lib/python3.8/site-packages/airflow/example_dags/example_branch_datetime_operator.py
[2024-03-29T13:53:29.364+0000] {processor.py:840} INFO - DAG(s) 'example_branch_datetime_operator_3', 'example_branch_datetime_operator_2', 'example_branch_datetime_operator' retrieved from /home/airflow/.local/lib/python3.8/site-packages/airflow/example_dags/example_branch_datetime_operator.py
[2024-03-29T13:53:29.376+0000] {logging_mixin.py:188} INFO - [2024-03-29T13:53:29.376+0000] {dag.py:3047} INFO - Sync 3 DAGs
[2024-03-29T13:53:29.401+0000] {logging_mixin.py:188} INFO - [2024-03-29T13:53:29.401+0000] {dag.py:3834} INFO - Setting next_dagrun for example_branch_datetime_operator to 2024-03-28 00:00:00+00:00, run_after=2024-03-29 00:00:00+00:00
[2024-03-29T13:53:29.407+0000] {logging_mixin.py:188} INFO - [2024-03-29T13:53:29.406+0000] {dag.py:3834} INFO - Setting next_dagrun for example_branch_datetime_operator_2 to 2024-03-28 00:00:00+00:00, run_after=2024-03-29 00:00:00+00:00
[2024-03-29T13:53:29.410+0000] {logging_mixin.py:188} INFO - [2024-03-29T13:53:29.410+0000] {dag.py:3834} INFO - Setting next_dagrun for example_branch_datetime_operator_3 to 2024-03-28 00:00:00+00:00, run_after=2024-03-29 00:00:00+00:00
[2024-03-29T13:53:29.430+0000] {processor.py:183} INFO - Processing /home/airflow/.local/lib/python3.8/site-packages/airflow/example_dags/example_branch_datetime_operator.py took 0.086 seconds
[2024-03-29T13:54:00.629+0000] {processor.py:161} INFO - Started process (PID=128) to work on /home/airflow/.local/lib/python3.8/site-packages/airflow/example_dags/example_branch_datetime_operator.py
[2024-03-29T13:54:00.630+0000] {processor.py:830} INFO - Processing file /home/airflow/.local/lib/python3.8/site-packages/airflow/example_dags/example_branch_datetime_operator.py for tasks to queue
[2024-03-29T13:54:00.632+0000] {logging_mixin.py:188} INFO - [2024-03-29T13:54:00.631+0000] {dagbag.py:540} INFO - Filling up the DagBag from /home/airflow/.local/lib/python3.8/site-packages/airflow/example_dags/example_branch_datetime_operator.py
[2024-03-29T13:54:00.639+0000] {processor.py:840} INFO - DAG(s) 'example_branch_datetime_operator_3', 'example_branch_datetime_operator_2', 'example_branch_datetime_operator' retrieved from /home/airflow/.local/lib/python3.8/site-packages/airflow/example_dags/example_branch_datetime_operator.py
[2024-03-29T13:54:00.731+0000] {logging_mixin.py:188} INFO - [2024-03-29T13:54:00.731+0000] {dag.py:3047} INFO - Sync 3 DAGs
[2024-03-29T13:54:00.748+0000] {logging_mixin.py:188} INFO - [2024-03-29T13:54:00.748+0000] {dag.py:3834} INFO - Setting next_dagrun for example_branch_datetime_operator to 2024-03-28 00:00:00+00:00, run_after=2024-03-29 00:00:00+00:00
[2024-03-29T13:54:00.752+0000] {logging_mixin.py:188} INFO - [2024-03-29T13:54:00.752+0000] {dag.py:3834} INFO - Setting next_dagrun for example_branch_datetime_operator_2 to 2024-03-28 00:00:00+00:00, run_after=2024-03-29 00:00:00+00:00
[2024-03-29T13:54:00.753+0000] {logging_mixin.py:188} INFO - [2024-03-29T13:54:00.753+0000] {dag.py:3834} INFO - Setting next_dagrun for example_branch_datetime_operator_3 to 2024-03-28 00:00:00+00:00, run_after=2024-03-29 00:00:00+00:00
[2024-03-29T13:54:00.775+0000] {processor.py:183} INFO - Processing /home/airflow/.local/lib/python3.8/site-packages/airflow/example_dags/example_branch_datetime_operator.py took 0.148 seconds
[2024-03-29T13:54:31.643+0000] {processor.py:161} INFO - Started process (PID=184) to work on /home/airflow/.local/lib/python3.8/site-packages/airflow/example_dags/example_branch_datetime_operator.py
[2024-03-29T13:54:31.644+0000] {processor.py:830} INFO - Processing file /home/airflow/.local/lib/python3.8/site-packages/airflow/example_dags/example_branch_datetime_operator.py for tasks to queue
[2024-03-29T13:54:31.645+0000] {logging_mixin.py:188} INFO - [2024-03-29T13:54:31.645+0000] {dagbag.py:540} INFO - Filling up the DagBag from /home/airflow/.local/lib/python3.8/site-packages/airflow/example_dags/example_branch_datetime_operator.py
[2024-03-29T13:54:31.657+0000] {processor.py:840} INFO - DAG(s) 'example_branch_datetime_operator', 'example_branch_datetime_operator_2', 'example_branch_datetime_operator_3' retrieved from /home/airflow/.local/lib/python3.8/site-packages/airflow/example_dags/example_branch_datetime_operator.py
[2024-03-29T13:54:31.677+0000] {logging_mixin.py:188} INFO - [2024-03-29T13:54:31.676+0000] {dag.py:3047} INFO - Sync 3 DAGs
[2024-03-29T13:54:31.695+0000] {logging_mixin.py:188} INFO - [2024-03-29T13:54:31.695+0000] {dag.py:3834} INFO - Setting next_dagrun for example_branch_datetime_operator to 2024-03-28 00:00:00+00:00, run_after=2024-03-29 00:00:00+00:00
[2024-03-29T13:54:31.699+0000] {logging_mixin.py:188} INFO - [2024-03-29T13:54:31.699+0000] {dag.py:3834} INFO - Setting next_dagrun for example_branch_datetime_operator_2 to 2024-03-28 00:00:00+00:00, run_after=2024-03-29 00:00:00+00:00
[2024-03-29T13:54:31.701+0000] {logging_mixin.py:188} INFO - [2024-03-29T13:54:31.701+0000] {dag.py:3834} INFO - Setting next_dagrun for example_branch_datetime_operator_3 to 2024-03-28 00:00:00+00:00, run_after=2024-03-29 00:00:00+00:00
[2024-03-29T13:54:31.714+0000] {processor.py:183} INFO - Processing /home/airflow/.local/lib/python3.8/site-packages/airflow/example_dags/example_branch_datetime_operator.py took 0.072 seconds
[2024-03-29T13:55:02.112+0000] {processor.py:161} INFO - Started process (PID=240) to work on /home/airflow/.local/lib/python3.8/site-packages/airflow/example_dags/example_branch_datetime_operator.py
[2024-03-29T13:55:02.113+0000] {processor.py:830} INFO - Processing file /home/airflow/.local/lib/python3.8/site-packages/airflow/example_dags/example_branch_datetime_operator.py for tasks to queue
[2024-03-29T13:55:02.114+0000] {logging_mixin.py:188} INFO - [2024-03-29T13:55:02.114+0000] {dagbag.py:540} INFO - Filling up the DagBag from /home/airflow/.local/lib/python3.8/site-packages/airflow/example_dags/example_branch_datetime_operator.py
[2024-03-29T13:55:02.123+0000] {processor.py:840} INFO - DAG(s) 'example_branch_datetime_operator_3', 'example_branch_datetime_operator_2', 'example_branch_datetime_operator' retrieved from /home/airflow/.local/lib/python3.8/site-packages/airflow/example_dags/example_branch_datetime_operator.py
[2024-03-29T13:55:02.147+0000] {logging_mixin.py:188} INFO - [2024-03-29T13:55:02.147+0000] {dag.py:3047} INFO - Sync 3 DAGs
[2024-03-29T13:55:02.165+0000] {logging_mixin.py:188} INFO - [2024-03-29T13:55:02.165+0000] {dag.py:3834} INFO - Setting next_dagrun for example_branch_datetime_operator to 2024-03-28 00:00:00+00:00, run_after=2024-03-29 00:00:00+00:00
[2024-03-29T13:55:02.168+0000] {logging_mixin.py:188} INFO - [2024-03-29T13:55:02.168+0000] {dag.py:3834} INFO - Setting next_dagrun for example_branch_datetime_operator_2 to 2024-03-28 00:00:00+00:00, run_after=2024-03-29 00:00:00+00:00
[2024-03-29T13:55:02.170+0000] {logging_mixin.py:188} INFO - [2024-03-29T13:55:02.170+0000] {dag.py:3834} INFO - Setting next_dagrun for example_branch_datetime_operator_3 to 2024-03-28 00:00:00+00:00, run_after=2024-03-29 00:00:00+00:00
[2024-03-29T13:55:02.193+0000] {processor.py:183} INFO - Processing /home/airflow/.local/lib/python3.8/site-packages/airflow/example_dags/example_branch_datetime_operator.py took 0.084 seconds
[2024-03-29T13:55:32.451+0000] {processor.py:161} INFO - Started process (PID=296) to work on /home/airflow/.local/lib/python3.8/site-packages/airflow/example_dags/example_branch_datetime_operator.py
[2024-03-29T13:55:32.452+0000] {processor.py:830} INFO - Processing file /home/airflow/.local/lib/python3.8/site-packages/airflow/example_dags/example_branch_datetime_operator.py for tasks to queue
[2024-03-29T13:55:32.454+0000] {logging_mixin.py:188} INFO - [2024-03-29T13:55:32.454+0000] {dagbag.py:540} INFO - Filling up the DagBag from /home/airflow/.local/lib/python3.8/site-packages/airflow/example_dags/example_branch_datetime_operator.py
[2024-03-29T13:55:32.464+0000] {processor.py:840} INFO - DAG(s) 'example_branch_datetime_operator', 'example_branch_datetime_operator_3', 'example_branch_datetime_operator_2' retrieved from /home/airflow/.local/lib/python3.8/site-packages/airflow/example_dags/example_branch_datetime_operator.py
[2024-03-29T13:55:32.487+0000] {logging_mixin.py:188} INFO - [2024-03-29T13:55:32.486+0000] {dag.py:3047} INFO - Sync 3 DAGs
[2024-03-29T13:55:32.506+0000] {logging_mixin.py:188} INFO - [2024-03-29T13:55:32.505+0000] {dag.py:3834} INFO - Setting next_dagrun for example_branch_datetime_operator to 2024-03-28 00:00:00+00:00, run_after=2024-03-29 00:00:00+00:00
[2024-03-29T13:55:32.510+0000] {logging_mixin.py:188} INFO - [2024-03-29T13:55:32.510+0000] {dag.py:3834} INFO - Setting next_dagrun for example_branch_datetime_operator_2 to 2024-03-28 00:00:00+00:00, run_after=2024-03-29 00:00:00+00:00
[2024-03-29T13:55:32.512+0000] {logging_mixin.py:188} INFO - [2024-03-29T13:55:32.511+0000] {dag.py:3834} INFO - Setting next_dagrun for example_branch_datetime_operator_3 to 2024-03-28 00:00:00+00:00, run_after=2024-03-29 00:00:00+00:00
[2024-03-29T13:55:32.523+0000] {processor.py:183} INFO - Processing /home/airflow/.local/lib/python3.8/site-packages/airflow/example_dags/example_branch_datetime_operator.py took 0.075 seconds
[2024-03-29T13:56:02.572+0000] {processor.py:161} INFO - Started process (PID=352) to work on /home/airflow/.local/lib/python3.8/site-packages/airflow/example_dags/example_branch_datetime_operator.py
[2024-03-29T13:56:02.573+0000] {processor.py:830} INFO - Processing file /home/airflow/.local/lib/python3.8/site-packages/airflow/example_dags/example_branch_datetime_operator.py for tasks to queue
[2024-03-29T13:56:02.575+0000] {logging_mixin.py:188} INFO - [2024-03-29T13:56:02.574+0000] {dagbag.py:540} INFO - Filling up the DagBag from /home/airflow/.local/lib/python3.8/site-packages/airflow/example_dags/example_branch_datetime_operator.py
[2024-03-29T13:56:02.583+0000] {processor.py:840} INFO - DAG(s) 'example_branch_datetime_operator_2', 'example_branch_datetime_operator_3', 'example_branch_datetime_operator' retrieved from /home/airflow/.local/lib/python3.8/site-packages/airflow/example_dags/example_branch_datetime_operator.py
[2024-03-29T13:56:02.608+0000] {logging_mixin.py:188} INFO - [2024-03-29T13:56:02.608+0000] {dag.py:3047} INFO - Sync 3 DAGs
[2024-03-29T13:56:02.623+0000] {logging_mixin.py:188} INFO - [2024-03-29T13:56:02.623+0000] {dag.py:3834} INFO - Setting next_dagrun for example_branch_datetime_operator to 2024-03-28 00:00:00+00:00, run_after=2024-03-29 00:00:00+00:00
[2024-03-29T13:56:02.626+0000] {logging_mixin.py:188} INFO - [2024-03-29T13:56:02.626+0000] {dag.py:3834} INFO - Setting next_dagrun for example_branch_datetime_operator_2 to 2024-03-28 00:00:00+00:00, run_after=2024-03-29 00:00:00+00:00
[2024-03-29T13:56:02.629+0000] {logging_mixin.py:188} INFO - [2024-03-29T13:56:02.629+0000] {dag.py:3834} INFO - Setting next_dagrun for example_branch_datetime_operator_3 to 2024-03-28 00:00:00+00:00, run_after=2024-03-29 00:00:00+00:00
[2024-03-29T13:56:02.649+0000] {processor.py:183} INFO - Processing /home/airflow/.local/lib/python3.8/site-packages/airflow/example_dags/example_branch_datetime_operator.py took 0.080 seconds
[2024-03-29T13:56:32.908+0000] {processor.py:161} INFO - Started process (PID=408) to work on /home/airflow/.local/lib/python3.8/site-packages/airflow/example_dags/example_branch_datetime_operator.py
[2024-03-29T13:56:32.909+0000] {processor.py:830} INFO - Processing file /home/airflow/.local/lib/python3.8/site-packages/airflow/example_dags/example_branch_datetime_operator.py for tasks to queue
[2024-03-29T13:56:32.910+0000] {logging_mixin.py:188} INFO - [2024-03-29T13:56:32.910+0000] {dagbag.py:540} INFO - Filling up the DagBag from /home/airflow/.local/lib/python3.8/site-packages/airflow/example_dags/example_branch_datetime_operator.py
[2024-03-29T13:56:32.918+0000] {processor.py:840} INFO - DAG(s) 'example_branch_datetime_operator', 'example_branch_datetime_operator_3', 'example_branch_datetime_operator_2' retrieved from /home/airflow/.local/lib/python3.8/site-packages/airflow/example_dags/example_branch_datetime_operator.py
[2024-03-29T13:56:32.940+0000] {logging_mixin.py:188} INFO - [2024-03-29T13:56:32.940+0000] {dag.py:3047} INFO - Sync 3 DAGs
[2024-03-29T13:56:32.957+0000] {logging_mixin.py:188} INFO - [2024-03-29T13:56:32.957+0000] {dag.py:3834} INFO - Setting next_dagrun for example_branch_datetime_operator to 2024-03-28 00:00:00+00:00, run_after=2024-03-29 00:00:00+00:00
[2024-03-29T13:56:32.962+0000] {logging_mixin.py:188} INFO - [2024-03-29T13:56:32.962+0000] {dag.py:3834} INFO - Setting next_dagrun for example_branch_datetime_operator_2 to 2024-03-28 00:00:00+00:00, run_after=2024-03-29 00:00:00+00:00
[2024-03-29T13:56:32.964+0000] {logging_mixin.py:188} INFO - [2024-03-29T13:56:32.964+0000] {dag.py:3834} INFO - Setting next_dagrun for example_branch_datetime_operator_3 to 2024-03-28 00:00:00+00:00, run_after=2024-03-29 00:00:00+00:00
[2024-03-29T13:56:32.976+0000] {processor.py:183} INFO - Processing /home/airflow/.local/lib/python3.8/site-packages/airflow/example_dags/example_branch_datetime_operator.py took 0.070 seconds
[2024-03-29T13:57:03.495+0000] {processor.py:161} INFO - Started process (PID=464) to work on /home/airflow/.local/lib/python3.8/site-packages/airflow/example_dags/example_branch_datetime_operator.py
[2024-03-29T13:57:03.496+0000] {processor.py:830} INFO - Processing file /home/airflow/.local/lib/python3.8/site-packages/airflow/example_dags/example_branch_datetime_operator.py for tasks to queue
[2024-03-29T13:57:03.499+0000] {logging_mixin.py:188} INFO - [2024-03-29T13:57:03.498+0000] {dagbag.py:540} INFO - Filling up the DagBag from /home/airflow/.local/lib/python3.8/site-packages/airflow/example_dags/example_branch_datetime_operator.py
[2024-03-29T13:57:03.507+0000] {processor.py:840} INFO - DAG(s) 'example_branch_datetime_operator_3', 'example_branch_datetime_operator', 'example_branch_datetime_operator_2' retrieved from /home/airflow/.local/lib/python3.8/site-packages/airflow/example_dags/example_branch_datetime_operator.py
[2024-03-29T13:57:03.531+0000] {logging_mixin.py:188} INFO - [2024-03-29T13:57:03.531+0000] {dag.py:3047} INFO - Sync 3 DAGs
[2024-03-29T13:57:03.548+0000] {logging_mixin.py:188} INFO - [2024-03-29T13:57:03.548+0000] {dag.py:3834} INFO - Setting next_dagrun for example_branch_datetime_operator to 2024-03-28 00:00:00+00:00, run_after=2024-03-29 00:00:00+00:00
[2024-03-29T13:57:03.552+0000] {logging_mixin.py:188} INFO - [2024-03-29T13:57:03.552+0000] {dag.py:3834} INFO - Setting next_dagrun for example_branch_datetime_operator_2 to 2024-03-28 00:00:00+00:00, run_after=2024-03-29 00:00:00+00:00
[2024-03-29T13:57:03.554+0000] {logging_mixin.py:188} INFO - [2024-03-29T13:57:03.554+0000] {dag.py:3834} INFO - Setting next_dagrun for example_branch_datetime_operator_3 to 2024-03-28 00:00:00+00:00, run_after=2024-03-29 00:00:00+00:00
[2024-03-29T13:57:03.566+0000] {processor.py:183} INFO - Processing /home/airflow/.local/lib/python3.8/site-packages/airflow/example_dags/example_branch_datetime_operator.py took 0.073 seconds
[2024-03-29T13:57:34.235+0000] {processor.py:161} INFO - Started process (PID=526) to work on /home/airflow/.local/lib/python3.8/site-packages/airflow/example_dags/example_branch_datetime_operator.py
[2024-03-29T13:57:34.236+0000] {processor.py:830} INFO - Processing file /home/airflow/.local/lib/python3.8/site-packages/airflow/example_dags/example_branch_datetime_operator.py for tasks to queue
[2024-03-29T13:57:34.238+0000] {logging_mixin.py:188} INFO - [2024-03-29T13:57:34.237+0000] {dagbag.py:540} INFO - Filling up the DagBag from /home/airflow/.local/lib/python3.8/site-packages/airflow/example_dags/example_branch_datetime_operator.py
[2024-03-29T13:57:34.246+0000] {processor.py:840} INFO - DAG(s) 'example_branch_datetime_operator', 'example_branch_datetime_operator_2', 'example_branch_datetime_operator_3' retrieved from /home/airflow/.local/lib/python3.8/site-packages/airflow/example_dags/example_branch_datetime_operator.py
[2024-03-29T13:57:34.267+0000] {logging_mixin.py:188} INFO - [2024-03-29T13:57:34.267+0000] {dag.py:3047} INFO - Sync 3 DAGs
[2024-03-29T13:57:34.285+0000] {logging_mixin.py:188} INFO - [2024-03-29T13:57:34.285+0000] {dag.py:3834} INFO - Setting next_dagrun for example_branch_datetime_operator to 2024-03-28 00:00:00+00:00, run_after=2024-03-29 00:00:00+00:00
[2024-03-29T13:57:34.289+0000] {logging_mixin.py:188} INFO - [2024-03-29T13:57:34.289+0000] {dag.py:3834} INFO - Setting next_dagrun for example_branch_datetime_operator_2 to 2024-03-28 00:00:00+00:00, run_after=2024-03-29 00:00:00+00:00
[2024-03-29T13:57:34.291+0000] {logging_mixin.py:188} INFO - [2024-03-29T13:57:34.291+0000] {dag.py:3834} INFO - Setting next_dagrun for example_branch_datetime_operator_3 to 2024-03-28 00:00:00+00:00, run_after=2024-03-29 00:00:00+00:00
[2024-03-29T13:57:34.313+0000] {processor.py:183} INFO - Processing /home/airflow/.local/lib/python3.8/site-packages/airflow/example_dags/example_branch_datetime_operator.py took 0.080 seconds
[2024-03-29T13:58:04.454+0000] {processor.py:161} INFO - Started process (PID=582) to work on /home/airflow/.local/lib/python3.8/site-packages/airflow/example_dags/example_branch_datetime_operator.py
[2024-03-29T13:58:04.455+0000] {processor.py:830} INFO - Processing file /home/airflow/.local/lib/python3.8/site-packages/airflow/example_dags/example_branch_datetime_operator.py for tasks to queue
[2024-03-29T13:58:04.456+0000] {logging_mixin.py:188} INFO - [2024-03-29T13:58:04.456+0000] {dagbag.py:540} INFO - Filling up the DagBag from /home/airflow/.local/lib/python3.8/site-packages/airflow/example_dags/example_branch_datetime_operator.py
[2024-03-29T13:58:04.464+0000] {processor.py:840} INFO - DAG(s) 'example_branch_datetime_operator', 'example_branch_datetime_operator_3', 'example_branch_datetime_operator_2' retrieved from /home/airflow/.local/lib/python3.8/site-packages/airflow/example_dags/example_branch_datetime_operator.py
[2024-03-29T13:58:04.484+0000] {logging_mixin.py:188} INFO - [2024-03-29T13:58:04.484+0000] {dag.py:3047} INFO - Sync 3 DAGs
[2024-03-29T13:58:04.502+0000] {logging_mixin.py:188} INFO - [2024-03-29T13:58:04.501+0000] {dag.py:3834} INFO - Setting next_dagrun for example_branch_datetime_operator to 2024-03-28 00:00:00+00:00, run_after=2024-03-29 00:00:00+00:00
[2024-03-29T13:58:04.506+0000] {logging_mixin.py:188} INFO - [2024-03-29T13:58:04.506+0000] {dag.py:3834} INFO - Setting next_dagrun for example_branch_datetime_operator_2 to 2024-03-28 00:00:00+00:00, run_after=2024-03-29 00:00:00+00:00
[2024-03-29T13:58:04.508+0000] {logging_mixin.py:188} INFO - [2024-03-29T13:58:04.508+0000] {dag.py:3834} INFO - Setting next_dagrun for example_branch_datetime_operator_3 to 2024-03-28 00:00:00+00:00, run_after=2024-03-29 00:00:00+00:00
[2024-03-29T13:58:04.520+0000] {processor.py:183} INFO - Processing /home/airflow/.local/lib/python3.8/site-packages/airflow/example_dags/example_branch_datetime_operator.py took 0.069 seconds
[2024-03-29T13:58:34.991+0000] {processor.py:161} INFO - Started process (PID=638) to work on /home/airflow/.local/lib/python3.8/site-packages/airflow/example_dags/example_branch_datetime_operator.py
[2024-03-29T13:58:34.992+0000] {processor.py:830} INFO - Processing file /home/airflow/.local/lib/python3.8/site-packages/airflow/example_dags/example_branch_datetime_operator.py for tasks to queue
[2024-03-29T13:58:34.993+0000] {logging_mixin.py:188} INFO - [2024-03-29T13:58:34.993+0000] {dagbag.py:540} INFO - Filling up the DagBag from /home/airflow/.local/lib/python3.8/site-packages/airflow/example_dags/example_branch_datetime_operator.py
[2024-03-29T13:58:35.002+0000] {processor.py:840} INFO - DAG(s) 'example_branch_datetime_operator_3', 'example_branch_datetime_operator', 'example_branch_datetime_operator_2' retrieved from /home/airflow/.local/lib/python3.8/site-packages/airflow/example_dags/example_branch_datetime_operator.py
[2024-03-29T13:58:35.021+0000] {logging_mixin.py:188} INFO - [2024-03-29T13:58:35.021+0000] {dag.py:3047} INFO - Sync 3 DAGs
[2024-03-29T13:58:35.038+0000] {logging_mixin.py:188} INFO - [2024-03-29T13:58:35.037+0000] {dag.py:3834} INFO - Setting next_dagrun for example_branch_datetime_operator to 2024-03-28 00:00:00+00:00, run_after=2024-03-29 00:00:00+00:00
[2024-03-29T13:58:35.041+0000] {logging_mixin.py:188} INFO - [2024-03-29T13:58:35.041+0000] {dag.py:3834} INFO - Setting next_dagrun for example_branch_datetime_operator_2 to 2024-03-28 00:00:00+00:00, run_after=2024-03-29 00:00:00+00:00
[2024-03-29T13:58:35.043+0000] {logging_mixin.py:188} INFO - [2024-03-29T13:58:35.043+0000] {dag.py:3834} INFO - Setting next_dagrun for example_branch_datetime_operator_3 to 2024-03-28 00:00:00+00:00, run_after=2024-03-29 00:00:00+00:00
[2024-03-29T13:58:35.055+0000] {processor.py:183} INFO - Processing /home/airflow/.local/lib/python3.8/site-packages/airflow/example_dags/example_branch_datetime_operator.py took 0.066 seconds
[2024-03-29T13:59:05.362+0000] {processor.py:161} INFO - Started process (PID=694) to work on /home/airflow/.local/lib/python3.8/site-packages/airflow/example_dags/example_branch_datetime_operator.py
[2024-03-29T13:59:05.363+0000] {processor.py:830} INFO - Processing file /home/airflow/.local/lib/python3.8/site-packages/airflow/example_dags/example_branch_datetime_operator.py for tasks to queue
[2024-03-29T13:59:05.364+0000] {logging_mixin.py:188} INFO - [2024-03-29T13:59:05.364+0000] {dagbag.py:540} INFO - Filling up the DagBag from /home/airflow/.local/lib/python3.8/site-packages/airflow/example_dags/example_branch_datetime_operator.py
[2024-03-29T13:59:05.372+0000] {processor.py:840} INFO - DAG(s) 'example_branch_datetime_operator_3', 'example_branch_datetime_operator_2', 'example_branch_datetime_operator' retrieved from /home/airflow/.local/lib/python3.8/site-packages/airflow/example_dags/example_branch_datetime_operator.py
[2024-03-29T13:59:05.396+0000] {logging_mixin.py:188} INFO - [2024-03-29T13:59:05.396+0000] {dag.py:3047} INFO - Sync 3 DAGs
[2024-03-29T13:59:05.412+0000] {logging_mixin.py:188} INFO - [2024-03-29T13:59:05.412+0000] {dag.py:3834} INFO - Setting next_dagrun for example_branch_datetime_operator to 2024-03-28 00:00:00+00:00, run_after=2024-03-29 00:00:00+00:00
[2024-03-29T13:59:05.416+0000] {logging_mixin.py:188} INFO - [2024-03-29T13:59:05.416+0000] {dag.py:3834} INFO - Setting next_dagrun for example_branch_datetime_operator_2 to 2024-03-28 00:00:00+00:00, run_after=2024-03-29 00:00:00+00:00
[2024-03-29T13:59:05.419+0000] {logging_mixin.py:188} INFO - [2024-03-29T13:59:05.418+0000] {dag.py:3834} INFO - Setting next_dagrun for example_branch_datetime_operator_3 to 2024-03-28 00:00:00+00:00, run_after=2024-03-29 00:00:00+00:00
[2024-03-29T13:59:05.432+0000] {processor.py:183} INFO - Processing /home/airflow/.local/lib/python3.8/site-packages/airflow/example_dags/example_branch_datetime_operator.py took 0.072 seconds
[2024-03-29T13:59:35.669+0000] {processor.py:161} INFO - Started process (PID=750) to work on /home/airflow/.local/lib/python3.8/site-packages/airflow/example_dags/example_branch_datetime_operator.py
[2024-03-29T13:59:35.670+0000] {processor.py:830} INFO - Processing file /home/airflow/.local/lib/python3.8/site-packages/airflow/example_dags/example_branch_datetime_operator.py for tasks to queue
[2024-03-29T13:59:35.671+0000] {logging_mixin.py:188} INFO - [2024-03-29T13:59:35.671+0000] {dagbag.py:540} INFO - Filling up the DagBag from /home/airflow/.local/lib/python3.8/site-packages/airflow/example_dags/example_branch_datetime_operator.py
[2024-03-29T13:59:35.679+0000] {processor.py:840} INFO - DAG(s) 'example_branch_datetime_operator', 'example_branch_datetime_operator_3', 'example_branch_datetime_operator_2' retrieved from /home/airflow/.local/lib/python3.8/site-packages/airflow/example_dags/example_branch_datetime_operator.py
[2024-03-29T13:59:35.700+0000] {logging_mixin.py:188} INFO - [2024-03-29T13:59:35.700+0000] {dag.py:3047} INFO - Sync 3 DAGs
[2024-03-29T13:59:35.720+0000] {logging_mixin.py:188} INFO - [2024-03-29T13:59:35.719+0000] {dag.py:3834} INFO - Setting next_dagrun for example_branch_datetime_operator to 2024-03-28 00:00:00+00:00, run_after=2024-03-29 00:00:00+00:00
[2024-03-29T13:59:35.723+0000] {logging_mixin.py:188} INFO - [2024-03-29T13:59:35.723+0000] {dag.py:3834} INFO - Setting next_dagrun for example_branch_datetime_operator_2 to 2024-03-28 00:00:00+00:00, run_after=2024-03-29 00:00:00+00:00
[2024-03-29T13:59:35.725+0000] {logging_mixin.py:188} INFO - [2024-03-29T13:59:35.725+0000] {dag.py:3834} INFO - Setting next_dagrun for example_branch_datetime_operator_3 to 2024-03-28 00:00:00+00:00, run_after=2024-03-29 00:00:00+00:00
[2024-03-29T13:59:35.747+0000] {processor.py:183} INFO - Processing /home/airflow/.local/lib/python3.8/site-packages/airflow/example_dags/example_branch_datetime_operator.py took 0.080 seconds
