[2024-03-29T13:53:29.883+0000] {processor.py:161} INFO - Started process (PID=83) to work on /home/airflow/.local/lib/python3.8/site-packages/airflow/example_dags/example_xcomargs.py
[2024-03-29T13:53:29.884+0000] {processor.py:830} INFO - Processing file /home/airflow/.local/lib/python3.8/site-packages/airflow/example_dags/example_xcomargs.py for tasks to queue
[2024-03-29T13:53:29.886+0000] {logging_mixin.py:188} INFO - [2024-03-29T13:53:29.886+0000] {dagbag.py:540} INFO - Filling up the DagBag from /home/airflow/.local/lib/python3.8/site-packages/airflow/example_dags/example_xcomargs.py
[2024-03-29T13:53:29.895+0000] {processor.py:840} INFO - DAG(s) 'example_xcom_args', 'example_xcom_args_with_operators' retrieved from /home/airflow/.local/lib/python3.8/site-packages/airflow/example_dags/example_xcomargs.py
[2024-03-29T13:53:29.907+0000] {logging_mixin.py:188} INFO - [2024-03-29T13:53:29.907+0000] {dag.py:3047} INFO - Sync 2 DAGs
[2024-03-29T13:53:29.919+0000] {logging_mixin.py:188} INFO - [2024-03-29T13:53:29.918+0000] {dag.py:3834} INFO - Setting next_dagrun for example_xcom_args to None, run_after=None
[2024-03-29T13:53:29.924+0000] {logging_mixin.py:188} INFO - [2024-03-29T13:53:29.924+0000] {dag.py:3834} INFO - Setting next_dagrun for example_xcom_args_with_operators to None, run_after=None
[2024-03-29T13:53:29.945+0000] {processor.py:183} INFO - Processing /home/airflow/.local/lib/python3.8/site-packages/airflow/example_dags/example_xcomargs.py took 0.065 seconds
[2024-03-29T13:54:01.549+0000] {processor.py:161} INFO - Started process (PID=139) to work on /home/airflow/.local/lib/python3.8/site-packages/airflow/example_dags/example_xcomargs.py
[2024-03-29T13:54:01.549+0000] {processor.py:830} INFO - Processing file /home/airflow/.local/lib/python3.8/site-packages/airflow/example_dags/example_xcomargs.py for tasks to queue
[2024-03-29T13:54:01.551+0000] {logging_mixin.py:188} INFO - [2024-03-29T13:54:01.550+0000] {dagbag.py:540} INFO - Filling up the DagBag from /home/airflow/.local/lib/python3.8/site-packages/airflow/example_dags/example_xcomargs.py
[2024-03-29T13:54:01.556+0000] {processor.py:840} INFO - DAG(s) 'example_xcom_args_with_operators', 'example_xcom_args' retrieved from /home/airflow/.local/lib/python3.8/site-packages/airflow/example_dags/example_xcomargs.py
[2024-03-29T13:54:01.635+0000] {logging_mixin.py:188} INFO - [2024-03-29T13:54:01.635+0000] {dag.py:3047} INFO - Sync 2 DAGs
[2024-03-29T13:54:01.646+0000] {logging_mixin.py:188} INFO - [2024-03-29T13:54:01.645+0000] {dag.py:3834} INFO - Setting next_dagrun for example_xcom_args to None, run_after=None
[2024-03-29T13:54:01.649+0000] {logging_mixin.py:188} INFO - [2024-03-29T13:54:01.649+0000] {dag.py:3834} INFO - Setting next_dagrun for example_xcom_args_with_operators to None, run_after=None
[2024-03-29T13:54:01.665+0000] {processor.py:183} INFO - Processing /home/airflow/.local/lib/python3.8/site-packages/airflow/example_dags/example_xcomargs.py took 0.119 seconds
[2024-03-29T13:54:32.222+0000] {processor.py:161} INFO - Started process (PID=195) to work on /home/airflow/.local/lib/python3.8/site-packages/airflow/example_dags/example_xcomargs.py
[2024-03-29T13:54:32.223+0000] {processor.py:830} INFO - Processing file /home/airflow/.local/lib/python3.8/site-packages/airflow/example_dags/example_xcomargs.py for tasks to queue
[2024-03-29T13:54:32.225+0000] {logging_mixin.py:188} INFO - [2024-03-29T13:54:32.224+0000] {dagbag.py:540} INFO - Filling up the DagBag from /home/airflow/.local/lib/python3.8/site-packages/airflow/example_dags/example_xcomargs.py
[2024-03-29T13:54:32.232+0000] {processor.py:840} INFO - DAG(s) 'example_xcom_args', 'example_xcom_args_with_operators' retrieved from /home/airflow/.local/lib/python3.8/site-packages/airflow/example_dags/example_xcomargs.py
[2024-03-29T13:54:32.248+0000] {logging_mixin.py:188} INFO - [2024-03-29T13:54:32.248+0000] {dag.py:3047} INFO - Sync 2 DAGs
[2024-03-29T13:54:32.257+0000] {logging_mixin.py:188} INFO - [2024-03-29T13:54:32.257+0000] {dag.py:3834} INFO - Setting next_dagrun for example_xcom_args to None, run_after=None
[2024-03-29T13:54:32.260+0000] {logging_mixin.py:188} INFO - [2024-03-29T13:54:32.260+0000] {dag.py:3834} INFO - Setting next_dagrun for example_xcom_args_with_operators to None, run_after=None
[2024-03-29T13:54:32.271+0000] {processor.py:183} INFO - Processing /home/airflow/.local/lib/python3.8/site-packages/airflow/example_dags/example_xcomargs.py took 0.051 seconds
[2024-03-29T13:55:02.623+0000] {processor.py:161} INFO - Started process (PID=251) to work on /home/airflow/.local/lib/python3.8/site-packages/airflow/example_dags/example_xcomargs.py
[2024-03-29T13:55:02.624+0000] {processor.py:830} INFO - Processing file /home/airflow/.local/lib/python3.8/site-packages/airflow/example_dags/example_xcomargs.py for tasks to queue
[2024-03-29T13:55:02.627+0000] {logging_mixin.py:188} INFO - [2024-03-29T13:55:02.627+0000] {dagbag.py:540} INFO - Filling up the DagBag from /home/airflow/.local/lib/python3.8/site-packages/airflow/example_dags/example_xcomargs.py
[2024-03-29T13:55:02.633+0000] {processor.py:840} INFO - DAG(s) 'example_xcom_args_with_operators', 'example_xcom_args' retrieved from /home/airflow/.local/lib/python3.8/site-packages/airflow/example_dags/example_xcomargs.py
[2024-03-29T13:55:02.651+0000] {logging_mixin.py:188} INFO - [2024-03-29T13:55:02.650+0000] {dag.py:3047} INFO - Sync 2 DAGs
[2024-03-29T13:55:02.660+0000] {logging_mixin.py:188} INFO - [2024-03-29T13:55:02.660+0000] {dag.py:3834} INFO - Setting next_dagrun for example_xcom_args to None, run_after=None
[2024-03-29T13:55:02.663+0000] {logging_mixin.py:188} INFO - [2024-03-29T13:55:02.663+0000] {dag.py:3834} INFO - Setting next_dagrun for example_xcom_args_with_operators to None, run_after=None
[2024-03-29T13:55:02.677+0000] {processor.py:183} INFO - Processing /home/airflow/.local/lib/python3.8/site-packages/airflow/example_dags/example_xcomargs.py took 0.057 seconds
[2024-03-29T13:55:32.932+0000] {processor.py:161} INFO - Started process (PID=307) to work on /home/airflow/.local/lib/python3.8/site-packages/airflow/example_dags/example_xcomargs.py
[2024-03-29T13:55:32.933+0000] {processor.py:830} INFO - Processing file /home/airflow/.local/lib/python3.8/site-packages/airflow/example_dags/example_xcomargs.py for tasks to queue
[2024-03-29T13:55:32.935+0000] {logging_mixin.py:188} INFO - [2024-03-29T13:55:32.934+0000] {dagbag.py:540} INFO - Filling up the DagBag from /home/airflow/.local/lib/python3.8/site-packages/airflow/example_dags/example_xcomargs.py
[2024-03-29T13:55:32.941+0000] {processor.py:840} INFO - DAG(s) 'example_xcom_args_with_operators', 'example_xcom_args' retrieved from /home/airflow/.local/lib/python3.8/site-packages/airflow/example_dags/example_xcomargs.py
[2024-03-29T13:55:32.960+0000] {logging_mixin.py:188} INFO - [2024-03-29T13:55:32.959+0000] {dag.py:3047} INFO - Sync 2 DAGs
[2024-03-29T13:55:32.969+0000] {logging_mixin.py:188} INFO - [2024-03-29T13:55:32.969+0000] {dag.py:3834} INFO - Setting next_dagrun for example_xcom_args to None, run_after=None
[2024-03-29T13:55:32.973+0000] {logging_mixin.py:188} INFO - [2024-03-29T13:55:32.972+0000] {dag.py:3834} INFO - Setting next_dagrun for example_xcom_args_with_operators to None, run_after=None
[2024-03-29T13:55:32.986+0000] {processor.py:183} INFO - Processing /home/airflow/.local/lib/python3.8/site-packages/airflow/example_dags/example_xcomargs.py took 0.057 seconds
[2024-03-29T13:56:03.132+0000] {processor.py:161} INFO - Started process (PID=363) to work on /home/airflow/.local/lib/python3.8/site-packages/airflow/example_dags/example_xcomargs.py
[2024-03-29T13:56:03.133+0000] {processor.py:830} INFO - Processing file /home/airflow/.local/lib/python3.8/site-packages/airflow/example_dags/example_xcomargs.py for tasks to queue
[2024-03-29T13:56:03.134+0000] {logging_mixin.py:188} INFO - [2024-03-29T13:56:03.134+0000] {dagbag.py:540} INFO - Filling up the DagBag from /home/airflow/.local/lib/python3.8/site-packages/airflow/example_dags/example_xcomargs.py
[2024-03-29T13:56:03.140+0000] {processor.py:840} INFO - DAG(s) 'example_xcom_args_with_operators', 'example_xcom_args' retrieved from /home/airflow/.local/lib/python3.8/site-packages/airflow/example_dags/example_xcomargs.py
[2024-03-29T13:56:03.159+0000] {logging_mixin.py:188} INFO - [2024-03-29T13:56:03.159+0000] {dag.py:3047} INFO - Sync 2 DAGs
[2024-03-29T13:56:03.167+0000] {logging_mixin.py:188} INFO - [2024-03-29T13:56:03.167+0000] {dag.py:3834} INFO - Setting next_dagrun for example_xcom_args to None, run_after=None
[2024-03-29T13:56:03.170+0000] {logging_mixin.py:188} INFO - [2024-03-29T13:56:03.170+0000] {dag.py:3834} INFO - Setting next_dagrun for example_xcom_args_with_operators to None, run_after=None
[2024-03-29T13:56:03.180+0000] {processor.py:183} INFO - Processing /home/airflow/.local/lib/python3.8/site-packages/airflow/example_dags/example_xcomargs.py took 0.050 seconds
[2024-03-29T13:56:33.426+0000] {processor.py:161} INFO - Started process (PID=419) to work on /home/airflow/.local/lib/python3.8/site-packages/airflow/example_dags/example_xcomargs.py
[2024-03-29T13:56:33.426+0000] {processor.py:830} INFO - Processing file /home/airflow/.local/lib/python3.8/site-packages/airflow/example_dags/example_xcomargs.py for tasks to queue
[2024-03-29T13:56:33.428+0000] {logging_mixin.py:188} INFO - [2024-03-29T13:56:33.428+0000] {dagbag.py:540} INFO - Filling up the DagBag from /home/airflow/.local/lib/python3.8/site-packages/airflow/example_dags/example_xcomargs.py
[2024-03-29T13:56:33.434+0000] {processor.py:840} INFO - DAG(s) 'example_xcom_args', 'example_xcom_args_with_operators' retrieved from /home/airflow/.local/lib/python3.8/site-packages/airflow/example_dags/example_xcomargs.py
[2024-03-29T13:56:33.453+0000] {logging_mixin.py:188} INFO - [2024-03-29T13:56:33.452+0000] {dag.py:3047} INFO - Sync 2 DAGs
[2024-03-29T13:56:33.462+0000] {logging_mixin.py:188} INFO - [2024-03-29T13:56:33.462+0000] {dag.py:3834} INFO - Setting next_dagrun for example_xcom_args to None, run_after=None
[2024-03-29T13:56:33.465+0000] {logging_mixin.py:188} INFO - [2024-03-29T13:56:33.465+0000] {dag.py:3834} INFO - Setting next_dagrun for example_xcom_args_with_operators to None, run_after=None
[2024-03-29T13:56:33.478+0000] {processor.py:183} INFO - Processing /home/airflow/.local/lib/python3.8/site-packages/airflow/example_dags/example_xcomargs.py took 0.055 seconds
[2024-03-29T13:57:04.008+0000] {processor.py:161} INFO - Started process (PID=475) to work on /home/airflow/.local/lib/python3.8/site-packages/airflow/example_dags/example_xcomargs.py
[2024-03-29T13:57:04.009+0000] {processor.py:830} INFO - Processing file /home/airflow/.local/lib/python3.8/site-packages/airflow/example_dags/example_xcomargs.py for tasks to queue
[2024-03-29T13:57:04.010+0000] {logging_mixin.py:188} INFO - [2024-03-29T13:57:04.010+0000] {dagbag.py:540} INFO - Filling up the DagBag from /home/airflow/.local/lib/python3.8/site-packages/airflow/example_dags/example_xcomargs.py
[2024-03-29T13:57:04.016+0000] {processor.py:840} INFO - DAG(s) 'example_xcom_args_with_operators', 'example_xcom_args' retrieved from /home/airflow/.local/lib/python3.8/site-packages/airflow/example_dags/example_xcomargs.py
[2024-03-29T13:57:04.033+0000] {logging_mixin.py:188} INFO - [2024-03-29T13:57:04.032+0000] {dag.py:3047} INFO - Sync 2 DAGs
[2024-03-29T13:57:04.041+0000] {logging_mixin.py:188} INFO - [2024-03-29T13:57:04.041+0000] {dag.py:3834} INFO - Setting next_dagrun for example_xcom_args to None, run_after=None
[2024-03-29T13:57:04.044+0000] {logging_mixin.py:188} INFO - [2024-03-29T13:57:04.044+0000] {dag.py:3834} INFO - Setting next_dagrun for example_xcom_args_with_operators to None, run_after=None
[2024-03-29T13:57:04.065+0000] {processor.py:183} INFO - Processing /home/airflow/.local/lib/python3.8/site-packages/airflow/example_dags/example_xcomargs.py took 0.059 seconds
[2024-03-29T13:57:34.744+0000] {processor.py:161} INFO - Started process (PID=537) to work on /home/airflow/.local/lib/python3.8/site-packages/airflow/example_dags/example_xcomargs.py
[2024-03-29T13:57:34.745+0000] {processor.py:830} INFO - Processing file /home/airflow/.local/lib/python3.8/site-packages/airflow/example_dags/example_xcomargs.py for tasks to queue
[2024-03-29T13:57:34.747+0000] {logging_mixin.py:188} INFO - [2024-03-29T13:57:34.747+0000] {dagbag.py:540} INFO - Filling up the DagBag from /home/airflow/.local/lib/python3.8/site-packages/airflow/example_dags/example_xcomargs.py
[2024-03-29T13:57:34.754+0000] {processor.py:840} INFO - DAG(s) 'example_xcom_args_with_operators', 'example_xcom_args' retrieved from /home/airflow/.local/lib/python3.8/site-packages/airflow/example_dags/example_xcomargs.py
[2024-03-29T13:57:34.773+0000] {logging_mixin.py:188} INFO - [2024-03-29T13:57:34.773+0000] {dag.py:3047} INFO - Sync 2 DAGs
[2024-03-29T13:57:34.782+0000] {logging_mixin.py:188} INFO - [2024-03-29T13:57:34.782+0000] {dag.py:3834} INFO - Setting next_dagrun for example_xcom_args to None, run_after=None
[2024-03-29T13:57:34.786+0000] {logging_mixin.py:188} INFO - [2024-03-29T13:57:34.785+0000] {dag.py:3834} INFO - Setting next_dagrun for example_xcom_args_with_operators to None, run_after=None
[2024-03-29T13:57:34.801+0000] {processor.py:183} INFO - Processing /home/airflow/.local/lib/python3.8/site-packages/airflow/example_dags/example_xcomargs.py took 0.059 seconds
[2024-03-29T13:58:04.927+0000] {processor.py:161} INFO - Started process (PID=593) to work on /home/airflow/.local/lib/python3.8/site-packages/airflow/example_dags/example_xcomargs.py
[2024-03-29T13:58:04.928+0000] {processor.py:830} INFO - Processing file /home/airflow/.local/lib/python3.8/site-packages/airflow/example_dags/example_xcomargs.py for tasks to queue
[2024-03-29T13:58:04.929+0000] {logging_mixin.py:188} INFO - [2024-03-29T13:58:04.929+0000] {dagbag.py:540} INFO - Filling up the DagBag from /home/airflow/.local/lib/python3.8/site-packages/airflow/example_dags/example_xcomargs.py
[2024-03-29T13:58:04.935+0000] {processor.py:840} INFO - DAG(s) 'example_xcom_args', 'example_xcom_args_with_operators' retrieved from /home/airflow/.local/lib/python3.8/site-packages/airflow/example_dags/example_xcomargs.py
[2024-03-29T13:58:04.954+0000] {logging_mixin.py:188} INFO - [2024-03-29T13:58:04.954+0000] {dag.py:3047} INFO - Sync 2 DAGs
[2024-03-29T13:58:04.964+0000] {logging_mixin.py:188} INFO - [2024-03-29T13:58:04.964+0000] {dag.py:3834} INFO - Setting next_dagrun for example_xcom_args to None, run_after=None
[2024-03-29T13:58:04.967+0000] {logging_mixin.py:188} INFO - [2024-03-29T13:58:04.967+0000] {dag.py:3834} INFO - Setting next_dagrun for example_xcom_args_with_operators to None, run_after=None
[2024-03-29T13:58:04.979+0000] {processor.py:183} INFO - Processing /home/airflow/.local/lib/python3.8/site-packages/airflow/example_dags/example_xcomargs.py took 0.054 seconds
[2024-03-29T13:58:35.543+0000] {processor.py:161} INFO - Started process (PID=649) to work on /home/airflow/.local/lib/python3.8/site-packages/airflow/example_dags/example_xcomargs.py
[2024-03-29T13:58:35.544+0000] {processor.py:830} INFO - Processing file /home/airflow/.local/lib/python3.8/site-packages/airflow/example_dags/example_xcomargs.py for tasks to queue
[2024-03-29T13:58:35.546+0000] {logging_mixin.py:188} INFO - [2024-03-29T13:58:35.545+0000] {dagbag.py:540} INFO - Filling up the DagBag from /home/airflow/.local/lib/python3.8/site-packages/airflow/example_dags/example_xcomargs.py
[2024-03-29T13:58:35.553+0000] {processor.py:840} INFO - DAG(s) 'example_xcom_args_with_operators', 'example_xcom_args' retrieved from /home/airflow/.local/lib/python3.8/site-packages/airflow/example_dags/example_xcomargs.py
[2024-03-29T13:58:35.575+0000] {logging_mixin.py:188} INFO - [2024-03-29T13:58:35.574+0000] {dag.py:3047} INFO - Sync 2 DAGs
[2024-03-29T13:58:35.585+0000] {logging_mixin.py:188} INFO - [2024-03-29T13:58:35.585+0000] {dag.py:3834} INFO - Setting next_dagrun for example_xcom_args to None, run_after=None
[2024-03-29T13:58:35.589+0000] {logging_mixin.py:188} INFO - [2024-03-29T13:58:35.589+0000] {dag.py:3834} INFO - Setting next_dagrun for example_xcom_args_with_operators to None, run_after=None
[2024-03-29T13:58:35.614+0000] {processor.py:183} INFO - Processing /home/airflow/.local/lib/python3.8/site-packages/airflow/example_dags/example_xcomargs.py took 0.073 seconds
[2024-03-29T13:59:05.928+0000] {processor.py:161} INFO - Started process (PID=706) to work on /home/airflow/.local/lib/python3.8/site-packages/airflow/example_dags/example_xcomargs.py
[2024-03-29T13:59:05.929+0000] {processor.py:830} INFO - Processing file /home/airflow/.local/lib/python3.8/site-packages/airflow/example_dags/example_xcomargs.py for tasks to queue
[2024-03-29T13:59:05.931+0000] {logging_mixin.py:188} INFO - [2024-03-29T13:59:05.930+0000] {dagbag.py:540} INFO - Filling up the DagBag from /home/airflow/.local/lib/python3.8/site-packages/airflow/example_dags/example_xcomargs.py
[2024-03-29T13:59:05.938+0000] {processor.py:840} INFO - DAG(s) 'example_xcom_args_with_operators', 'example_xcom_args' retrieved from /home/airflow/.local/lib/python3.8/site-packages/airflow/example_dags/example_xcomargs.py
[2024-03-29T13:59:05.955+0000] {logging_mixin.py:188} INFO - [2024-03-29T13:59:05.955+0000] {dag.py:3047} INFO - Sync 2 DAGs
[2024-03-29T13:59:05.966+0000] {logging_mixin.py:188} INFO - [2024-03-29T13:59:05.966+0000] {dag.py:3834} INFO - Setting next_dagrun for example_xcom_args to None, run_after=None
[2024-03-29T13:59:05.969+0000] {logging_mixin.py:188} INFO - [2024-03-29T13:59:05.969+0000] {dag.py:3834} INFO - Setting next_dagrun for example_xcom_args_with_operators to None, run_after=None
[2024-03-29T13:59:05.983+0000] {processor.py:183} INFO - Processing /home/airflow/.local/lib/python3.8/site-packages/airflow/example_dags/example_xcomargs.py took 0.058 seconds
[2024-03-29T13:59:36.218+0000] {processor.py:161} INFO - Started process (PID=761) to work on /home/airflow/.local/lib/python3.8/site-packages/airflow/example_dags/example_xcomargs.py
[2024-03-29T13:59:36.219+0000] {processor.py:830} INFO - Processing file /home/airflow/.local/lib/python3.8/site-packages/airflow/example_dags/example_xcomargs.py for tasks to queue
[2024-03-29T13:59:36.220+0000] {logging_mixin.py:188} INFO - [2024-03-29T13:59:36.220+0000] {dagbag.py:540} INFO - Filling up the DagBag from /home/airflow/.local/lib/python3.8/site-packages/airflow/example_dags/example_xcomargs.py
[2024-03-29T13:59:36.226+0000] {processor.py:840} INFO - DAG(s) 'example_xcom_args_with_operators', 'example_xcom_args' retrieved from /home/airflow/.local/lib/python3.8/site-packages/airflow/example_dags/example_xcomargs.py
[2024-03-29T13:59:36.246+0000] {logging_mixin.py:188} INFO - [2024-03-29T13:59:36.246+0000] {dag.py:3047} INFO - Sync 2 DAGs
[2024-03-29T13:59:36.258+0000] {logging_mixin.py:188} INFO - [2024-03-29T13:59:36.258+0000] {dag.py:3834} INFO - Setting next_dagrun for example_xcom_args to None, run_after=None
[2024-03-29T13:59:36.262+0000] {logging_mixin.py:188} INFO - [2024-03-29T13:59:36.262+0000] {dag.py:3834} INFO - Setting next_dagrun for example_xcom_args_with_operators to None, run_after=None
[2024-03-29T13:59:36.275+0000] {processor.py:183} INFO - Processing /home/airflow/.local/lib/python3.8/site-packages/airflow/example_dags/example_xcomargs.py took 0.059 seconds
