[2024-03-29T13:53:27.678+0000] {processor.py:161} INFO - Started process (PID=46) to work on /home/airflow/.local/lib/python3.8/site-packages/airflow/example_dags/example_branch_labels.py
[2024-03-29T13:53:27.679+0000] {processor.py:830} INFO - Processing file /home/airflow/.local/lib/python3.8/site-packages/airflow/example_dags/example_branch_labels.py for tasks to queue
[2024-03-29T13:53:27.681+0000] {logging_mixin.py:188} INFO - [2024-03-29T13:53:27.680+0000] {dagbag.py:540} INFO - Filling up the DagBag from /home/airflow/.local/lib/python3.8/site-packages/airflow/example_dags/example_branch_labels.py
[2024-03-29T13:53:27.694+0000] {processor.py:840} INFO - DAG(s) 'example_branch_labels' retrieved from /home/airflow/.local/lib/python3.8/site-packages/airflow/example_dags/example_branch_labels.py
[2024-03-29T13:53:27.706+0000] {logging_mixin.py:188} INFO - [2024-03-29T13:53:27.706+0000] {dag.py:3047} INFO - Sync 1 DAGs
[2024-03-29T13:53:27.731+0000] {logging_mixin.py:188} INFO - [2024-03-29T13:53:27.730+0000] {dag.py:3834} INFO - Setting next_dagrun for example_branch_labels to 2024-03-28 00:00:00+00:00, run_after=2024-03-29 00:00:00+00:00
[2024-03-29T13:53:27.751+0000] {processor.py:183} INFO - Processing /home/airflow/.local/lib/python3.8/site-packages/airflow/example_dags/example_branch_labels.py took 0.077 seconds
[2024-03-29T13:53:58.591+0000] {processor.py:161} INFO - Started process (PID=102) to work on /home/airflow/.local/lib/python3.8/site-packages/airflow/example_dags/example_branch_labels.py
[2024-03-29T13:53:58.592+0000] {processor.py:830} INFO - Processing file /home/airflow/.local/lib/python3.8/site-packages/airflow/example_dags/example_branch_labels.py for tasks to queue
[2024-03-29T13:53:58.593+0000] {logging_mixin.py:188} INFO - [2024-03-29T13:53:58.593+0000] {dagbag.py:540} INFO - Filling up the DagBag from /home/airflow/.local/lib/python3.8/site-packages/airflow/example_dags/example_branch_labels.py
[2024-03-29T13:53:58.599+0000] {processor.py:840} INFO - DAG(s) 'example_branch_labels' retrieved from /home/airflow/.local/lib/python3.8/site-packages/airflow/example_dags/example_branch_labels.py
[2024-03-29T13:53:58.676+0000] {logging_mixin.py:188} INFO - [2024-03-29T13:53:58.676+0000] {dag.py:3047} INFO - Sync 1 DAGs
[2024-03-29T13:53:58.690+0000] {logging_mixin.py:188} INFO - [2024-03-29T13:53:58.689+0000] {dag.py:3834} INFO - Setting next_dagrun for example_branch_labels to 2024-03-28 00:00:00+00:00, run_after=2024-03-29 00:00:00+00:00
[2024-03-29T13:53:58.707+0000] {processor.py:183} INFO - Processing /home/airflow/.local/lib/python3.8/site-packages/airflow/example_dags/example_branch_labels.py took 0.118 seconds
[2024-03-29T13:54:29.538+0000] {processor.py:161} INFO - Started process (PID=158) to work on /home/airflow/.local/lib/python3.8/site-packages/airflow/example_dags/example_branch_labels.py
[2024-03-29T13:54:29.538+0000] {processor.py:830} INFO - Processing file /home/airflow/.local/lib/python3.8/site-packages/airflow/example_dags/example_branch_labels.py for tasks to queue
[2024-03-29T13:54:29.540+0000] {logging_mixin.py:188} INFO - [2024-03-29T13:54:29.539+0000] {dagbag.py:540} INFO - Filling up the DagBag from /home/airflow/.local/lib/python3.8/site-packages/airflow/example_dags/example_branch_labels.py
[2024-03-29T13:54:29.546+0000] {processor.py:840} INFO - DAG(s) 'example_branch_labels' retrieved from /home/airflow/.local/lib/python3.8/site-packages/airflow/example_dags/example_branch_labels.py
[2024-03-29T13:54:29.562+0000] {logging_mixin.py:188} INFO - [2024-03-29T13:54:29.562+0000] {dag.py:3047} INFO - Sync 1 DAGs
[2024-03-29T13:54:29.577+0000] {logging_mixin.py:188} INFO - [2024-03-29T13:54:29.577+0000] {dag.py:3834} INFO - Setting next_dagrun for example_branch_labels to 2024-03-28 00:00:00+00:00, run_after=2024-03-29 00:00:00+00:00
[2024-03-29T13:54:29.592+0000] {processor.py:183} INFO - Processing /home/airflow/.local/lib/python3.8/site-packages/airflow/example_dags/example_branch_labels.py took 0.057 seconds
[2024-03-29T13:54:59.808+0000] {processor.py:161} INFO - Started process (PID=214) to work on /home/airflow/.local/lib/python3.8/site-packages/airflow/example_dags/example_branch_labels.py
[2024-03-29T13:54:59.809+0000] {processor.py:830} INFO - Processing file /home/airflow/.local/lib/python3.8/site-packages/airflow/example_dags/example_branch_labels.py for tasks to queue
[2024-03-29T13:54:59.810+0000] {logging_mixin.py:188} INFO - [2024-03-29T13:54:59.810+0000] {dagbag.py:540} INFO - Filling up the DagBag from /home/airflow/.local/lib/python3.8/site-packages/airflow/example_dags/example_branch_labels.py
[2024-03-29T13:54:59.815+0000] {processor.py:840} INFO - DAG(s) 'example_branch_labels' retrieved from /home/airflow/.local/lib/python3.8/site-packages/airflow/example_dags/example_branch_labels.py
[2024-03-29T13:54:59.830+0000] {logging_mixin.py:188} INFO - [2024-03-29T13:54:59.830+0000] {dag.py:3047} INFO - Sync 1 DAGs
[2024-03-29T13:54:59.846+0000] {logging_mixin.py:188} INFO - [2024-03-29T13:54:59.846+0000] {dag.py:3834} INFO - Setting next_dagrun for example_branch_labels to 2024-03-28 00:00:00+00:00, run_after=2024-03-29 00:00:00+00:00
[2024-03-29T13:54:59.859+0000] {processor.py:183} INFO - Processing /home/airflow/.local/lib/python3.8/site-packages/airflow/example_dags/example_branch_labels.py took 0.053 seconds
[2024-03-29T13:55:30.164+0000] {processor.py:161} INFO - Started process (PID=270) to work on /home/airflow/.local/lib/python3.8/site-packages/airflow/example_dags/example_branch_labels.py
[2024-03-29T13:55:30.165+0000] {processor.py:830} INFO - Processing file /home/airflow/.local/lib/python3.8/site-packages/airflow/example_dags/example_branch_labels.py for tasks to queue
[2024-03-29T13:55:30.167+0000] {logging_mixin.py:188} INFO - [2024-03-29T13:55:30.166+0000] {dagbag.py:540} INFO - Filling up the DagBag from /home/airflow/.local/lib/python3.8/site-packages/airflow/example_dags/example_branch_labels.py
[2024-03-29T13:55:30.173+0000] {processor.py:840} INFO - DAG(s) 'example_branch_labels' retrieved from /home/airflow/.local/lib/python3.8/site-packages/airflow/example_dags/example_branch_labels.py
[2024-03-29T13:55:30.190+0000] {logging_mixin.py:188} INFO - [2024-03-29T13:55:30.190+0000] {dag.py:3047} INFO - Sync 1 DAGs
[2024-03-29T13:55:30.206+0000] {logging_mixin.py:188} INFO - [2024-03-29T13:55:30.206+0000] {dag.py:3834} INFO - Setting next_dagrun for example_branch_labels to 2024-03-28 00:00:00+00:00, run_after=2024-03-29 00:00:00+00:00
[2024-03-29T13:55:30.225+0000] {processor.py:183} INFO - Processing /home/airflow/.local/lib/python3.8/site-packages/airflow/example_dags/example_branch_labels.py took 0.064 seconds
[2024-03-29T13:56:00.397+0000] {processor.py:161} INFO - Started process (PID=326) to work on /home/airflow/.local/lib/python3.8/site-packages/airflow/example_dags/example_branch_labels.py
[2024-03-29T13:56:00.398+0000] {processor.py:830} INFO - Processing file /home/airflow/.local/lib/python3.8/site-packages/airflow/example_dags/example_branch_labels.py for tasks to queue
[2024-03-29T13:56:00.399+0000] {logging_mixin.py:188} INFO - [2024-03-29T13:56:00.399+0000] {dagbag.py:540} INFO - Filling up the DagBag from /home/airflow/.local/lib/python3.8/site-packages/airflow/example_dags/example_branch_labels.py
[2024-03-29T13:56:00.404+0000] {processor.py:840} INFO - DAG(s) 'example_branch_labels' retrieved from /home/airflow/.local/lib/python3.8/site-packages/airflow/example_dags/example_branch_labels.py
[2024-03-29T13:56:00.420+0000] {logging_mixin.py:188} INFO - [2024-03-29T13:56:00.420+0000] {dag.py:3047} INFO - Sync 1 DAGs
[2024-03-29T13:56:00.438+0000] {logging_mixin.py:188} INFO - [2024-03-29T13:56:00.438+0000] {dag.py:3834} INFO - Setting next_dagrun for example_branch_labels to 2024-03-28 00:00:00+00:00, run_after=2024-03-29 00:00:00+00:00
[2024-03-29T13:56:00.453+0000] {processor.py:183} INFO - Processing /home/airflow/.local/lib/python3.8/site-packages/airflow/example_dags/example_branch_labels.py took 0.058 seconds
[2024-03-29T13:56:30.683+0000] {processor.py:161} INFO - Started process (PID=382) to work on /home/airflow/.local/lib/python3.8/site-packages/airflow/example_dags/example_branch_labels.py
[2024-03-29T13:56:30.684+0000] {processor.py:830} INFO - Processing file /home/airflow/.local/lib/python3.8/site-packages/airflow/example_dags/example_branch_labels.py for tasks to queue
[2024-03-29T13:56:30.685+0000] {logging_mixin.py:188} INFO - [2024-03-29T13:56:30.685+0000] {dagbag.py:540} INFO - Filling up the DagBag from /home/airflow/.local/lib/python3.8/site-packages/airflow/example_dags/example_branch_labels.py
[2024-03-29T13:56:30.691+0000] {processor.py:840} INFO - DAG(s) 'example_branch_labels' retrieved from /home/airflow/.local/lib/python3.8/site-packages/airflow/example_dags/example_branch_labels.py
[2024-03-29T13:56:30.709+0000] {logging_mixin.py:188} INFO - [2024-03-29T13:56:30.709+0000] {dag.py:3047} INFO - Sync 1 DAGs
[2024-03-29T13:56:30.724+0000] {logging_mixin.py:188} INFO - [2024-03-29T13:56:30.724+0000] {dag.py:3834} INFO - Setting next_dagrun for example_branch_labels to 2024-03-28 00:00:00+00:00, run_after=2024-03-29 00:00:00+00:00
[2024-03-29T13:56:30.736+0000] {processor.py:183} INFO - Processing /home/airflow/.local/lib/python3.8/site-packages/airflow/example_dags/example_branch_labels.py took 0.055 seconds
[2024-03-29T13:57:01.056+0000] {processor.py:161} INFO - Started process (PID=438) to work on /home/airflow/.local/lib/python3.8/site-packages/airflow/example_dags/example_branch_labels.py
[2024-03-29T13:57:01.057+0000] {processor.py:830} INFO - Processing file /home/airflow/.local/lib/python3.8/site-packages/airflow/example_dags/example_branch_labels.py for tasks to queue
[2024-03-29T13:57:01.059+0000] {logging_mixin.py:188} INFO - [2024-03-29T13:57:01.058+0000] {dagbag.py:540} INFO - Filling up the DagBag from /home/airflow/.local/lib/python3.8/site-packages/airflow/example_dags/example_branch_labels.py
[2024-03-29T13:57:01.065+0000] {processor.py:840} INFO - DAG(s) 'example_branch_labels' retrieved from /home/airflow/.local/lib/python3.8/site-packages/airflow/example_dags/example_branch_labels.py
[2024-03-29T13:57:01.082+0000] {logging_mixin.py:188} INFO - [2024-03-29T13:57:01.082+0000] {dag.py:3047} INFO - Sync 1 DAGs
[2024-03-29T13:57:01.100+0000] {logging_mixin.py:188} INFO - [2024-03-29T13:57:01.100+0000] {dag.py:3834} INFO - Setting next_dagrun for example_branch_labels to 2024-03-28 00:00:00+00:00, run_after=2024-03-29 00:00:00+00:00
[2024-03-29T13:57:01.115+0000] {processor.py:183} INFO - Processing /home/airflow/.local/lib/python3.8/site-packages/airflow/example_dags/example_branch_labels.py took 0.061 seconds
[2024-03-29T13:57:31.820+0000] {processor.py:161} INFO - Started process (PID=500) to work on /home/airflow/.local/lib/python3.8/site-packages/airflow/example_dags/example_branch_labels.py
[2024-03-29T13:57:31.821+0000] {processor.py:830} INFO - Processing file /home/airflow/.local/lib/python3.8/site-packages/airflow/example_dags/example_branch_labels.py for tasks to queue
[2024-03-29T13:57:31.822+0000] {logging_mixin.py:188} INFO - [2024-03-29T13:57:31.822+0000] {dagbag.py:540} INFO - Filling up the DagBag from /home/airflow/.local/lib/python3.8/site-packages/airflow/example_dags/example_branch_labels.py
[2024-03-29T13:57:31.829+0000] {processor.py:840} INFO - DAG(s) 'example_branch_labels' retrieved from /home/airflow/.local/lib/python3.8/site-packages/airflow/example_dags/example_branch_labels.py
[2024-03-29T13:57:31.845+0000] {logging_mixin.py:188} INFO - [2024-03-29T13:57:31.844+0000] {dag.py:3047} INFO - Sync 1 DAGs
[2024-03-29T13:57:31.863+0000] {logging_mixin.py:188} INFO - [2024-03-29T13:57:31.863+0000] {dag.py:3834} INFO - Setting next_dagrun for example_branch_labels to 2024-03-28 00:00:00+00:00, run_after=2024-03-29 00:00:00+00:00
[2024-03-29T13:57:31.880+0000] {processor.py:183} INFO - Processing /home/airflow/.local/lib/python3.8/site-packages/airflow/example_dags/example_branch_labels.py took 0.062 seconds
[2024-03-29T13:58:02.248+0000] {processor.py:161} INFO - Started process (PID=556) to work on /home/airflow/.local/lib/python3.8/site-packages/airflow/example_dags/example_branch_labels.py
[2024-03-29T13:58:02.249+0000] {processor.py:830} INFO - Processing file /home/airflow/.local/lib/python3.8/site-packages/airflow/example_dags/example_branch_labels.py for tasks to queue
[2024-03-29T13:58:02.251+0000] {logging_mixin.py:188} INFO - [2024-03-29T13:58:02.250+0000] {dagbag.py:540} INFO - Filling up the DagBag from /home/airflow/.local/lib/python3.8/site-packages/airflow/example_dags/example_branch_labels.py
[2024-03-29T13:58:02.256+0000] {processor.py:840} INFO - DAG(s) 'example_branch_labels' retrieved from /home/airflow/.local/lib/python3.8/site-packages/airflow/example_dags/example_branch_labels.py
[2024-03-29T13:58:02.272+0000] {logging_mixin.py:188} INFO - [2024-03-29T13:58:02.272+0000] {dag.py:3047} INFO - Sync 1 DAGs
[2024-03-29T13:58:02.290+0000] {logging_mixin.py:188} INFO - [2024-03-29T13:58:02.290+0000] {dag.py:3834} INFO - Setting next_dagrun for example_branch_labels to 2024-03-28 00:00:00+00:00, run_after=2024-03-29 00:00:00+00:00
[2024-03-29T13:58:02.307+0000] {processor.py:183} INFO - Processing /home/airflow/.local/lib/python3.8/site-packages/airflow/example_dags/example_branch_labels.py took 0.061 seconds
[2024-03-29T13:58:32.588+0000] {processor.py:161} INFO - Started process (PID=612) to work on /home/airflow/.local/lib/python3.8/site-packages/airflow/example_dags/example_branch_labels.py
[2024-03-29T13:58:32.589+0000] {processor.py:830} INFO - Processing file /home/airflow/.local/lib/python3.8/site-packages/airflow/example_dags/example_branch_labels.py for tasks to queue
[2024-03-29T13:58:32.590+0000] {logging_mixin.py:188} INFO - [2024-03-29T13:58:32.590+0000] {dagbag.py:540} INFO - Filling up the DagBag from /home/airflow/.local/lib/python3.8/site-packages/airflow/example_dags/example_branch_labels.py
[2024-03-29T13:58:32.597+0000] {processor.py:840} INFO - DAG(s) 'example_branch_labels' retrieved from /home/airflow/.local/lib/python3.8/site-packages/airflow/example_dags/example_branch_labels.py
[2024-03-29T13:58:32.614+0000] {logging_mixin.py:188} INFO - [2024-03-29T13:58:32.614+0000] {dag.py:3047} INFO - Sync 1 DAGs
[2024-03-29T13:58:32.633+0000] {logging_mixin.py:188} INFO - [2024-03-29T13:58:32.633+0000] {dag.py:3834} INFO - Setting next_dagrun for example_branch_labels to 2024-03-28 00:00:00+00:00, run_after=2024-03-29 00:00:00+00:00
[2024-03-29T13:58:32.649+0000] {processor.py:183} INFO - Processing /home/airflow/.local/lib/python3.8/site-packages/airflow/example_dags/example_branch_labels.py took 0.064 seconds
[2024-03-29T13:59:03.033+0000] {processor.py:161} INFO - Started process (PID=668) to work on /home/airflow/.local/lib/python3.8/site-packages/airflow/example_dags/example_branch_labels.py
[2024-03-29T13:59:03.034+0000] {processor.py:830} INFO - Processing file /home/airflow/.local/lib/python3.8/site-packages/airflow/example_dags/example_branch_labels.py for tasks to queue
[2024-03-29T13:59:03.035+0000] {logging_mixin.py:188} INFO - [2024-03-29T13:59:03.035+0000] {dagbag.py:540} INFO - Filling up the DagBag from /home/airflow/.local/lib/python3.8/site-packages/airflow/example_dags/example_branch_labels.py
[2024-03-29T13:59:03.041+0000] {processor.py:840} INFO - DAG(s) 'example_branch_labels' retrieved from /home/airflow/.local/lib/python3.8/site-packages/airflow/example_dags/example_branch_labels.py
[2024-03-29T13:59:03.057+0000] {logging_mixin.py:188} INFO - [2024-03-29T13:59:03.056+0000] {dag.py:3047} INFO - Sync 1 DAGs
[2024-03-29T13:59:03.072+0000] {logging_mixin.py:188} INFO - [2024-03-29T13:59:03.072+0000] {dag.py:3834} INFO - Setting next_dagrun for example_branch_labels to 2024-03-28 00:00:00+00:00, run_after=2024-03-29 00:00:00+00:00
[2024-03-29T13:59:03.089+0000] {processor.py:183} INFO - Processing /home/airflow/.local/lib/python3.8/site-packages/airflow/example_dags/example_branch_labels.py took 0.058 seconds
[2024-03-29T13:59:33.451+0000] {processor.py:161} INFO - Started process (PID=724) to work on /home/airflow/.local/lib/python3.8/site-packages/airflow/example_dags/example_branch_labels.py
[2024-03-29T13:59:33.451+0000] {processor.py:830} INFO - Processing file /home/airflow/.local/lib/python3.8/site-packages/airflow/example_dags/example_branch_labels.py for tasks to queue
[2024-03-29T13:59:33.453+0000] {logging_mixin.py:188} INFO - [2024-03-29T13:59:33.452+0000] {dagbag.py:540} INFO - Filling up the DagBag from /home/airflow/.local/lib/python3.8/site-packages/airflow/example_dags/example_branch_labels.py
[2024-03-29T13:59:33.458+0000] {processor.py:840} INFO - DAG(s) 'example_branch_labels' retrieved from /home/airflow/.local/lib/python3.8/site-packages/airflow/example_dags/example_branch_labels.py
[2024-03-29T13:59:33.475+0000] {logging_mixin.py:188} INFO - [2024-03-29T13:59:33.475+0000] {dag.py:3047} INFO - Sync 1 DAGs
[2024-03-29T13:59:33.492+0000] {logging_mixin.py:188} INFO - [2024-03-29T13:59:33.492+0000] {dag.py:3834} INFO - Setting next_dagrun for example_branch_labels to 2024-03-28 00:00:00+00:00, run_after=2024-03-29 00:00:00+00:00
[2024-03-29T13:59:33.507+0000] {processor.py:183} INFO - Processing /home/airflow/.local/lib/python3.8/site-packages/airflow/example_dags/example_branch_labels.py took 0.059 seconds
