[2024-03-29T13:53:28.714+0000] {processor.py:161} INFO - Started process (PID=61) to work on /home/airflow/.local/lib/python3.8/site-packages/airflow/example_dags/example_setup_teardown.py
[2024-03-29T13:53:28.715+0000] {processor.py:830} INFO - Processing file /home/airflow/.local/lib/python3.8/site-packages/airflow/example_dags/example_setup_teardown.py for tasks to queue
[2024-03-29T13:53:28.716+0000] {logging_mixin.py:188} INFO - [2024-03-29T13:53:28.716+0000] {dagbag.py:540} INFO - Filling up the DagBag from /home/airflow/.local/lib/python3.8/site-packages/airflow/example_dags/example_setup_teardown.py
[2024-03-29T13:53:28.726+0000] {processor.py:840} INFO - DAG(s) 'example_setup_teardown' retrieved from /home/airflow/.local/lib/python3.8/site-packages/airflow/example_dags/example_setup_teardown.py
[2024-03-29T13:53:28.737+0000] {logging_mixin.py:188} INFO - [2024-03-29T13:53:28.736+0000] {dag.py:3047} INFO - Sync 1 DAGs
[2024-03-29T13:53:28.763+0000] {logging_mixin.py:188} INFO - [2024-03-29T13:53:28.763+0000] {dag.py:3834} INFO - Setting next_dagrun for example_setup_teardown to 2024-03-28 00:00:00+00:00, run_after=2024-03-29 00:00:00+00:00
[2024-03-29T13:53:28.790+0000] {processor.py:183} INFO - Processing /home/airflow/.local/lib/python3.8/site-packages/airflow/example_dags/example_setup_teardown.py took 0.080 seconds
[2024-03-29T13:53:59.693+0000] {processor.py:161} INFO - Started process (PID=117) to work on /home/airflow/.local/lib/python3.8/site-packages/airflow/example_dags/example_setup_teardown.py
[2024-03-29T13:53:59.694+0000] {processor.py:830} INFO - Processing file /home/airflow/.local/lib/python3.8/site-packages/airflow/example_dags/example_setup_teardown.py for tasks to queue
[2024-03-29T13:53:59.696+0000] {logging_mixin.py:188} INFO - [2024-03-29T13:53:59.695+0000] {dagbag.py:540} INFO - Filling up the DagBag from /home/airflow/.local/lib/python3.8/site-packages/airflow/example_dags/example_setup_teardown.py
[2024-03-29T13:53:59.700+0000] {processor.py:840} INFO - DAG(s) 'example_setup_teardown' retrieved from /home/airflow/.local/lib/python3.8/site-packages/airflow/example_dags/example_setup_teardown.py
[2024-03-29T13:53:59.770+0000] {logging_mixin.py:188} INFO - [2024-03-29T13:53:59.770+0000] {dag.py:3047} INFO - Sync 1 DAGs
[2024-03-29T13:53:59.785+0000] {logging_mixin.py:188} INFO - [2024-03-29T13:53:59.784+0000] {dag.py:3834} INFO - Setting next_dagrun for example_setup_teardown to 2024-03-28 00:00:00+00:00, run_after=2024-03-29 00:00:00+00:00
[2024-03-29T13:53:59.801+0000] {processor.py:183} INFO - Processing /home/airflow/.local/lib/python3.8/site-packages/airflow/example_dags/example_setup_teardown.py took 0.111 seconds
[2024-03-29T13:54:30.200+0000] {processor.py:161} INFO - Started process (PID=173) to work on /home/airflow/.local/lib/python3.8/site-packages/airflow/example_dags/example_setup_teardown.py
[2024-03-29T13:54:30.201+0000] {processor.py:830} INFO - Processing file /home/airflow/.local/lib/python3.8/site-packages/airflow/example_dags/example_setup_teardown.py for tasks to queue
[2024-03-29T13:54:30.202+0000] {logging_mixin.py:188} INFO - [2024-03-29T13:54:30.202+0000] {dagbag.py:540} INFO - Filling up the DagBag from /home/airflow/.local/lib/python3.8/site-packages/airflow/example_dags/example_setup_teardown.py
[2024-03-29T13:54:30.207+0000] {processor.py:840} INFO - DAG(s) 'example_setup_teardown' retrieved from /home/airflow/.local/lib/python3.8/site-packages/airflow/example_dags/example_setup_teardown.py
[2024-03-29T13:54:30.222+0000] {logging_mixin.py:188} INFO - [2024-03-29T13:54:30.222+0000] {dag.py:3047} INFO - Sync 1 DAGs
[2024-03-29T13:54:30.240+0000] {logging_mixin.py:188} INFO - [2024-03-29T13:54:30.240+0000] {dag.py:3834} INFO - Setting next_dagrun for example_setup_teardown to 2024-03-28 00:00:00+00:00, run_after=2024-03-29 00:00:00+00:00
[2024-03-29T13:54:30.257+0000] {processor.py:183} INFO - Processing /home/airflow/.local/lib/python3.8/site-packages/airflow/example_dags/example_setup_teardown.py took 0.059 seconds
[2024-03-29T13:55:00.609+0000] {processor.py:161} INFO - Started process (PID=229) to work on /home/airflow/.local/lib/python3.8/site-packages/airflow/example_dags/example_setup_teardown.py
[2024-03-29T13:55:00.611+0000] {processor.py:830} INFO - Processing file /home/airflow/.local/lib/python3.8/site-packages/airflow/example_dags/example_setup_teardown.py for tasks to queue
[2024-03-29T13:55:00.613+0000] {logging_mixin.py:188} INFO - [2024-03-29T13:55:00.612+0000] {dagbag.py:540} INFO - Filling up the DagBag from /home/airflow/.local/lib/python3.8/site-packages/airflow/example_dags/example_setup_teardown.py
[2024-03-29T13:55:00.619+0000] {processor.py:840} INFO - DAG(s) 'example_setup_teardown' retrieved from /home/airflow/.local/lib/python3.8/site-packages/airflow/example_dags/example_setup_teardown.py
[2024-03-29T13:55:00.635+0000] {logging_mixin.py:188} INFO - [2024-03-29T13:55:00.634+0000] {dag.py:3047} INFO - Sync 1 DAGs
[2024-03-29T13:55:00.651+0000] {logging_mixin.py:188} INFO - [2024-03-29T13:55:00.651+0000] {dag.py:3834} INFO - Setting next_dagrun for example_setup_teardown to 2024-03-28 00:00:00+00:00, run_after=2024-03-29 00:00:00+00:00
[2024-03-29T13:55:00.674+0000] {processor.py:183} INFO - Processing /home/airflow/.local/lib/python3.8/site-packages/airflow/example_dags/example_setup_teardown.py took 0.068 seconds
[2024-03-29T13:55:30.912+0000] {processor.py:161} INFO - Started process (PID=285) to work on /home/airflow/.local/lib/python3.8/site-packages/airflow/example_dags/example_setup_teardown.py
[2024-03-29T13:55:30.913+0000] {processor.py:830} INFO - Processing file /home/airflow/.local/lib/python3.8/site-packages/airflow/example_dags/example_setup_teardown.py for tasks to queue
[2024-03-29T13:55:30.915+0000] {logging_mixin.py:188} INFO - [2024-03-29T13:55:30.915+0000] {dagbag.py:540} INFO - Filling up the DagBag from /home/airflow/.local/lib/python3.8/site-packages/airflow/example_dags/example_setup_teardown.py
[2024-03-29T13:55:30.920+0000] {processor.py:840} INFO - DAG(s) 'example_setup_teardown' retrieved from /home/airflow/.local/lib/python3.8/site-packages/airflow/example_dags/example_setup_teardown.py
[2024-03-29T13:55:30.937+0000] {logging_mixin.py:188} INFO - [2024-03-29T13:55:30.937+0000] {dag.py:3047} INFO - Sync 1 DAGs
[2024-03-29T13:55:30.952+0000] {logging_mixin.py:188} INFO - [2024-03-29T13:55:30.952+0000] {dag.py:3834} INFO - Setting next_dagrun for example_setup_teardown to 2024-03-28 00:00:00+00:00, run_after=2024-03-29 00:00:00+00:00
[2024-03-29T13:55:30.974+0000] {processor.py:183} INFO - Processing /home/airflow/.local/lib/python3.8/site-packages/airflow/example_dags/example_setup_teardown.py took 0.064 seconds
[2024-03-29T13:56:01.055+0000] {processor.py:161} INFO - Started process (PID=341) to work on /home/airflow/.local/lib/python3.8/site-packages/airflow/example_dags/example_setup_teardown.py
[2024-03-29T13:56:01.056+0000] {processor.py:830} INFO - Processing file /home/airflow/.local/lib/python3.8/site-packages/airflow/example_dags/example_setup_teardown.py for tasks to queue
[2024-03-29T13:56:01.057+0000] {logging_mixin.py:188} INFO - [2024-03-29T13:56:01.057+0000] {dagbag.py:540} INFO - Filling up the DagBag from /home/airflow/.local/lib/python3.8/site-packages/airflow/example_dags/example_setup_teardown.py
[2024-03-29T13:56:01.063+0000] {processor.py:840} INFO - DAG(s) 'example_setup_teardown' retrieved from /home/airflow/.local/lib/python3.8/site-packages/airflow/example_dags/example_setup_teardown.py
[2024-03-29T13:56:01.078+0000] {logging_mixin.py:188} INFO - [2024-03-29T13:56:01.078+0000] {dag.py:3047} INFO - Sync 1 DAGs
[2024-03-29T13:56:01.094+0000] {logging_mixin.py:188} INFO - [2024-03-29T13:56:01.094+0000] {dag.py:3834} INFO - Setting next_dagrun for example_setup_teardown to 2024-03-28 00:00:00+00:00, run_after=2024-03-29 00:00:00+00:00
[2024-03-29T13:56:01.108+0000] {processor.py:183} INFO - Processing /home/airflow/.local/lib/python3.8/site-packages/airflow/example_dags/example_setup_teardown.py took 0.056 seconds
[2024-03-29T13:56:31.463+0000] {processor.py:161} INFO - Started process (PID=397) to work on /home/airflow/.local/lib/python3.8/site-packages/airflow/example_dags/example_setup_teardown.py
[2024-03-29T13:56:31.464+0000] {processor.py:830} INFO - Processing file /home/airflow/.local/lib/python3.8/site-packages/airflow/example_dags/example_setup_teardown.py for tasks to queue
[2024-03-29T13:56:31.466+0000] {logging_mixin.py:188} INFO - [2024-03-29T13:56:31.466+0000] {dagbag.py:540} INFO - Filling up the DagBag from /home/airflow/.local/lib/python3.8/site-packages/airflow/example_dags/example_setup_teardown.py
[2024-03-29T13:56:31.471+0000] {processor.py:840} INFO - DAG(s) 'example_setup_teardown' retrieved from /home/airflow/.local/lib/python3.8/site-packages/airflow/example_dags/example_setup_teardown.py
[2024-03-29T13:56:31.487+0000] {logging_mixin.py:188} INFO - [2024-03-29T13:56:31.487+0000] {dag.py:3047} INFO - Sync 1 DAGs
[2024-03-29T13:56:31.504+0000] {logging_mixin.py:188} INFO - [2024-03-29T13:56:31.504+0000] {dag.py:3834} INFO - Setting next_dagrun for example_setup_teardown to 2024-03-28 00:00:00+00:00, run_after=2024-03-29 00:00:00+00:00
[2024-03-29T13:56:31.523+0000] {processor.py:183} INFO - Processing /home/airflow/.local/lib/python3.8/site-packages/airflow/example_dags/example_setup_teardown.py took 0.062 seconds
[2024-03-29T13:57:02.013+0000] {processor.py:161} INFO - Started process (PID=453) to work on /home/airflow/.local/lib/python3.8/site-packages/airflow/example_dags/example_setup_teardown.py
[2024-03-29T13:57:02.014+0000] {processor.py:830} INFO - Processing file /home/airflow/.local/lib/python3.8/site-packages/airflow/example_dags/example_setup_teardown.py for tasks to queue
[2024-03-29T13:57:02.015+0000] {logging_mixin.py:188} INFO - [2024-03-29T13:57:02.015+0000] {dagbag.py:540} INFO - Filling up the DagBag from /home/airflow/.local/lib/python3.8/site-packages/airflow/example_dags/example_setup_teardown.py
[2024-03-29T13:57:02.021+0000] {processor.py:840} INFO - DAG(s) 'example_setup_teardown' retrieved from /home/airflow/.local/lib/python3.8/site-packages/airflow/example_dags/example_setup_teardown.py
[2024-03-29T13:57:02.041+0000] {logging_mixin.py:188} INFO - [2024-03-29T13:57:02.040+0000] {dag.py:3047} INFO - Sync 1 DAGs
[2024-03-29T13:57:02.060+0000] {logging_mixin.py:188} INFO - [2024-03-29T13:57:02.060+0000] {dag.py:3834} INFO - Setting next_dagrun for example_setup_teardown to 2024-03-28 00:00:00+00:00, run_after=2024-03-29 00:00:00+00:00
[2024-03-29T13:57:02.092+0000] {processor.py:183} INFO - Processing /home/airflow/.local/lib/python3.8/site-packages/airflow/example_dags/example_setup_teardown.py took 0.082 seconds
[2024-03-29T13:57:32.700+0000] {processor.py:161} INFO - Started process (PID=515) to work on /home/airflow/.local/lib/python3.8/site-packages/airflow/example_dags/example_setup_teardown.py
[2024-03-29T13:57:32.701+0000] {processor.py:830} INFO - Processing file /home/airflow/.local/lib/python3.8/site-packages/airflow/example_dags/example_setup_teardown.py for tasks to queue
[2024-03-29T13:57:32.702+0000] {logging_mixin.py:188} INFO - [2024-03-29T13:57:32.702+0000] {dagbag.py:540} INFO - Filling up the DagBag from /home/airflow/.local/lib/python3.8/site-packages/airflow/example_dags/example_setup_teardown.py
[2024-03-29T13:57:32.707+0000] {processor.py:840} INFO - DAG(s) 'example_setup_teardown' retrieved from /home/airflow/.local/lib/python3.8/site-packages/airflow/example_dags/example_setup_teardown.py
[2024-03-29T13:57:32.725+0000] {logging_mixin.py:188} INFO - [2024-03-29T13:57:32.725+0000] {dag.py:3047} INFO - Sync 1 DAGs
[2024-03-29T13:57:32.744+0000] {logging_mixin.py:188} INFO - [2024-03-29T13:57:32.744+0000] {dag.py:3834} INFO - Setting next_dagrun for example_setup_teardown to 2024-03-28 00:00:00+00:00, run_after=2024-03-29 00:00:00+00:00
[2024-03-29T13:57:32.767+0000] {processor.py:183} INFO - Processing /home/airflow/.local/lib/python3.8/site-packages/airflow/example_dags/example_setup_teardown.py took 0.070 seconds
[2024-03-29T13:58:03.016+0000] {processor.py:161} INFO - Started process (PID=571) to work on /home/airflow/.local/lib/python3.8/site-packages/airflow/example_dags/example_setup_teardown.py
[2024-03-29T13:58:03.017+0000] {processor.py:830} INFO - Processing file /home/airflow/.local/lib/python3.8/site-packages/airflow/example_dags/example_setup_teardown.py for tasks to queue
[2024-03-29T13:58:03.019+0000] {logging_mixin.py:188} INFO - [2024-03-29T13:58:03.019+0000] {dagbag.py:540} INFO - Filling up the DagBag from /home/airflow/.local/lib/python3.8/site-packages/airflow/example_dags/example_setup_teardown.py
[2024-03-29T13:58:03.026+0000] {processor.py:840} INFO - DAG(s) 'example_setup_teardown' retrieved from /home/airflow/.local/lib/python3.8/site-packages/airflow/example_dags/example_setup_teardown.py
[2024-03-29T13:58:03.043+0000] {logging_mixin.py:188} INFO - [2024-03-29T13:58:03.043+0000] {dag.py:3047} INFO - Sync 1 DAGs
[2024-03-29T13:58:03.063+0000] {logging_mixin.py:188} INFO - [2024-03-29T13:58:03.063+0000] {dag.py:3834} INFO - Setting next_dagrun for example_setup_teardown to 2024-03-28 00:00:00+00:00, run_after=2024-03-29 00:00:00+00:00
[2024-03-29T13:58:03.078+0000] {processor.py:183} INFO - Processing /home/airflow/.local/lib/python3.8/site-packages/airflow/example_dags/example_setup_teardown.py took 0.064 seconds
[2024-03-29T13:58:33.538+0000] {processor.py:161} INFO - Started process (PID=627) to work on /home/airflow/.local/lib/python3.8/site-packages/airflow/example_dags/example_setup_teardown.py
[2024-03-29T13:58:33.539+0000] {processor.py:830} INFO - Processing file /home/airflow/.local/lib/python3.8/site-packages/airflow/example_dags/example_setup_teardown.py for tasks to queue
[2024-03-29T13:58:33.541+0000] {logging_mixin.py:188} INFO - [2024-03-29T13:58:33.540+0000] {dagbag.py:540} INFO - Filling up the DagBag from /home/airflow/.local/lib/python3.8/site-packages/airflow/example_dags/example_setup_teardown.py
[2024-03-29T13:58:33.546+0000] {processor.py:840} INFO - DAG(s) 'example_setup_teardown' retrieved from /home/airflow/.local/lib/python3.8/site-packages/airflow/example_dags/example_setup_teardown.py
[2024-03-29T13:58:33.563+0000] {logging_mixin.py:188} INFO - [2024-03-29T13:58:33.563+0000] {dag.py:3047} INFO - Sync 1 DAGs
[2024-03-29T13:58:33.582+0000] {logging_mixin.py:188} INFO - [2024-03-29T13:58:33.582+0000] {dag.py:3834} INFO - Setting next_dagrun for example_setup_teardown to 2024-03-28 00:00:00+00:00, run_after=2024-03-29 00:00:00+00:00
[2024-03-29T13:58:33.598+0000] {processor.py:183} INFO - Processing /home/airflow/.local/lib/python3.8/site-packages/airflow/example_dags/example_setup_teardown.py took 0.062 seconds
[2024-03-29T13:59:03.879+0000] {processor.py:161} INFO - Started process (PID=683) to work on /home/airflow/.local/lib/python3.8/site-packages/airflow/example_dags/example_setup_teardown.py
[2024-03-29T13:59:03.880+0000] {processor.py:830} INFO - Processing file /home/airflow/.local/lib/python3.8/site-packages/airflow/example_dags/example_setup_teardown.py for tasks to queue
[2024-03-29T13:59:03.882+0000] {logging_mixin.py:188} INFO - [2024-03-29T13:59:03.882+0000] {dagbag.py:540} INFO - Filling up the DagBag from /home/airflow/.local/lib/python3.8/site-packages/airflow/example_dags/example_setup_teardown.py
[2024-03-29T13:59:03.887+0000] {processor.py:840} INFO - DAG(s) 'example_setup_teardown' retrieved from /home/airflow/.local/lib/python3.8/site-packages/airflow/example_dags/example_setup_teardown.py
[2024-03-29T13:59:03.905+0000] {logging_mixin.py:188} INFO - [2024-03-29T13:59:03.905+0000] {dag.py:3047} INFO - Sync 1 DAGs
[2024-03-29T13:59:03.925+0000] {logging_mixin.py:188} INFO - [2024-03-29T13:59:03.924+0000] {dag.py:3834} INFO - Setting next_dagrun for example_setup_teardown to 2024-03-28 00:00:00+00:00, run_after=2024-03-29 00:00:00+00:00
[2024-03-29T13:59:03.941+0000] {processor.py:183} INFO - Processing /home/airflow/.local/lib/python3.8/site-packages/airflow/example_dags/example_setup_teardown.py took 0.065 seconds
[2024-03-29T13:59:34.237+0000] {processor.py:161} INFO - Started process (PID=739) to work on /home/airflow/.local/lib/python3.8/site-packages/airflow/example_dags/example_setup_teardown.py
[2024-03-29T13:59:34.238+0000] {processor.py:830} INFO - Processing file /home/airflow/.local/lib/python3.8/site-packages/airflow/example_dags/example_setup_teardown.py for tasks to queue
[2024-03-29T13:59:34.239+0000] {logging_mixin.py:188} INFO - [2024-03-29T13:59:34.239+0000] {dagbag.py:540} INFO - Filling up the DagBag from /home/airflow/.local/lib/python3.8/site-packages/airflow/example_dags/example_setup_teardown.py
[2024-03-29T13:59:34.245+0000] {processor.py:840} INFO - DAG(s) 'example_setup_teardown' retrieved from /home/airflow/.local/lib/python3.8/site-packages/airflow/example_dags/example_setup_teardown.py
[2024-03-29T13:59:34.262+0000] {logging_mixin.py:188} INFO - [2024-03-29T13:59:34.262+0000] {dag.py:3047} INFO - Sync 1 DAGs
[2024-03-29T13:59:34.280+0000] {logging_mixin.py:188} INFO - [2024-03-29T13:59:34.280+0000] {dag.py:3834} INFO - Setting next_dagrun for example_setup_teardown to 2024-03-28 00:00:00+00:00, run_after=2024-03-29 00:00:00+00:00
[2024-03-29T13:59:34.293+0000] {processor.py:183} INFO - Processing /home/airflow/.local/lib/python3.8/site-packages/airflow/example_dags/example_setup_teardown.py took 0.058 seconds
