[2024-03-29T13:53:29.538+0000] {processor.py:161} INFO - Started process (PID=75) to work on /home/airflow/.local/lib/python3.8/site-packages/airflow/example_dags/example_local_kubernetes_executor.py
[2024-03-29T13:53:29.539+0000] {processor.py:830} INFO - Processing file /home/airflow/.local/lib/python3.8/site-packages/airflow/example_dags/example_local_kubernetes_executor.py for tasks to queue
[2024-03-29T13:53:29.541+0000] {logging_mixin.py:188} INFO - [2024-03-29T13:53:29.541+0000] {dagbag.py:540} INFO - Filling up the DagBag from /home/airflow/.local/lib/python3.8/site-packages/airflow/example_dags/example_local_kubernetes_executor.py
[2024-03-29T13:53:29.553+0000] {processor.py:840} INFO - DAG(s) 'example_local_kubernetes_executor' retrieved from /home/airflow/.local/lib/python3.8/site-packages/airflow/example_dags/example_local_kubernetes_executor.py
[2024-03-29T13:53:29.564+0000] {logging_mixin.py:188} INFO - [2024-03-29T13:53:29.564+0000] {dag.py:3047} INFO - Sync 1 DAGs
[2024-03-29T13:53:29.576+0000] {logging_mixin.py:188} INFO - [2024-03-29T13:53:29.576+0000] {dag.py:3834} INFO - Setting next_dagrun for example_local_kubernetes_executor to None, run_after=None
[2024-03-29T13:53:29.593+0000] {processor.py:183} INFO - Processing /home/airflow/.local/lib/python3.8/site-packages/airflow/example_dags/example_local_kubernetes_executor.py took 0.058 seconds
[2024-03-29T13:54:00.936+0000] {processor.py:161} INFO - Started process (PID=131) to work on /home/airflow/.local/lib/python3.8/site-packages/airflow/example_dags/example_local_kubernetes_executor.py
[2024-03-29T13:54:00.937+0000] {processor.py:830} INFO - Processing file /home/airflow/.local/lib/python3.8/site-packages/airflow/example_dags/example_local_kubernetes_executor.py for tasks to queue
[2024-03-29T13:54:00.939+0000] {logging_mixin.py:188} INFO - [2024-03-29T13:54:00.938+0000] {dagbag.py:540} INFO - Filling up the DagBag from /home/airflow/.local/lib/python3.8/site-packages/airflow/example_dags/example_local_kubernetes_executor.py
[2024-03-29T13:54:00.944+0000] {processor.py:840} INFO - DAG(s) 'example_local_kubernetes_executor' retrieved from /home/airflow/.local/lib/python3.8/site-packages/airflow/example_dags/example_local_kubernetes_executor.py
[2024-03-29T13:54:01.014+0000] {logging_mixin.py:188} INFO - [2024-03-29T13:54:01.014+0000] {dag.py:3047} INFO - Sync 1 DAGs
[2024-03-29T13:54:01.022+0000] {logging_mixin.py:188} INFO - [2024-03-29T13:54:01.021+0000] {dag.py:3834} INFO - Setting next_dagrun for example_local_kubernetes_executor to None, run_after=None
[2024-03-29T13:54:01.038+0000] {processor.py:183} INFO - Processing /home/airflow/.local/lib/python3.8/site-packages/airflow/example_dags/example_local_kubernetes_executor.py took 0.104 seconds
[2024-03-29T13:54:31.821+0000] {processor.py:161} INFO - Started process (PID=187) to work on /home/airflow/.local/lib/python3.8/site-packages/airflow/example_dags/example_local_kubernetes_executor.py
[2024-03-29T13:54:31.822+0000] {processor.py:830} INFO - Processing file /home/airflow/.local/lib/python3.8/site-packages/airflow/example_dags/example_local_kubernetes_executor.py for tasks to queue
[2024-03-29T13:54:31.823+0000] {logging_mixin.py:188} INFO - [2024-03-29T13:54:31.823+0000] {dagbag.py:540} INFO - Filling up the DagBag from /home/airflow/.local/lib/python3.8/site-packages/airflow/example_dags/example_local_kubernetes_executor.py
[2024-03-29T13:54:31.829+0000] {processor.py:840} INFO - DAG(s) 'example_local_kubernetes_executor' retrieved from /home/airflow/.local/lib/python3.8/site-packages/airflow/example_dags/example_local_kubernetes_executor.py
[2024-03-29T13:54:31.846+0000] {logging_mixin.py:188} INFO - [2024-03-29T13:54:31.845+0000] {dag.py:3047} INFO - Sync 1 DAGs
[2024-03-29T13:54:31.854+0000] {logging_mixin.py:188} INFO - [2024-03-29T13:54:31.854+0000] {dag.py:3834} INFO - Setting next_dagrun for example_local_kubernetes_executor to None, run_after=None
[2024-03-29T13:54:31.871+0000] {processor.py:183} INFO - Processing /home/airflow/.local/lib/python3.8/site-packages/airflow/example_dags/example_local_kubernetes_executor.py took 0.053 seconds
[2024-03-29T13:55:02.216+0000] {processor.py:161} INFO - Started process (PID=243) to work on /home/airflow/.local/lib/python3.8/site-packages/airflow/example_dags/example_local_kubernetes_executor.py
[2024-03-29T13:55:02.217+0000] {processor.py:830} INFO - Processing file /home/airflow/.local/lib/python3.8/site-packages/airflow/example_dags/example_local_kubernetes_executor.py for tasks to queue
[2024-03-29T13:55:02.219+0000] {logging_mixin.py:188} INFO - [2024-03-29T13:55:02.219+0000] {dagbag.py:540} INFO - Filling up the DagBag from /home/airflow/.local/lib/python3.8/site-packages/airflow/example_dags/example_local_kubernetes_executor.py
[2024-03-29T13:55:02.225+0000] {processor.py:840} INFO - DAG(s) 'example_local_kubernetes_executor' retrieved from /home/airflow/.local/lib/python3.8/site-packages/airflow/example_dags/example_local_kubernetes_executor.py
[2024-03-29T13:55:02.244+0000] {logging_mixin.py:188} INFO - [2024-03-29T13:55:02.243+0000] {dag.py:3047} INFO - Sync 1 DAGs
[2024-03-29T13:55:02.254+0000] {logging_mixin.py:188} INFO - [2024-03-29T13:55:02.253+0000] {dag.py:3834} INFO - Setting next_dagrun for example_local_kubernetes_executor to None, run_after=None
[2024-03-29T13:55:02.276+0000] {processor.py:183} INFO - Processing /home/airflow/.local/lib/python3.8/site-packages/airflow/example_dags/example_local_kubernetes_executor.py took 0.061 seconds
[2024-03-29T13:55:32.551+0000] {processor.py:161} INFO - Started process (PID=299) to work on /home/airflow/.local/lib/python3.8/site-packages/airflow/example_dags/example_local_kubernetes_executor.py
[2024-03-29T13:55:32.552+0000] {processor.py:830} INFO - Processing file /home/airflow/.local/lib/python3.8/site-packages/airflow/example_dags/example_local_kubernetes_executor.py for tasks to queue
[2024-03-29T13:55:32.553+0000] {logging_mixin.py:188} INFO - [2024-03-29T13:55:32.553+0000] {dagbag.py:540} INFO - Filling up the DagBag from /home/airflow/.local/lib/python3.8/site-packages/airflow/example_dags/example_local_kubernetes_executor.py
[2024-03-29T13:55:32.559+0000] {processor.py:840} INFO - DAG(s) 'example_local_kubernetes_executor' retrieved from /home/airflow/.local/lib/python3.8/site-packages/airflow/example_dags/example_local_kubernetes_executor.py
[2024-03-29T13:55:32.575+0000] {logging_mixin.py:188} INFO - [2024-03-29T13:55:32.575+0000] {dag.py:3047} INFO - Sync 1 DAGs
[2024-03-29T13:55:32.585+0000] {logging_mixin.py:188} INFO - [2024-03-29T13:55:32.585+0000] {dag.py:3834} INFO - Setting next_dagrun for example_local_kubernetes_executor to None, run_after=None
[2024-03-29T13:55:32.604+0000] {processor.py:183} INFO - Processing /home/airflow/.local/lib/python3.8/site-packages/airflow/example_dags/example_local_kubernetes_executor.py took 0.055 seconds
[2024-03-29T13:56:02.756+0000] {processor.py:161} INFO - Started process (PID=355) to work on /home/airflow/.local/lib/python3.8/site-packages/airflow/example_dags/example_local_kubernetes_executor.py
[2024-03-29T13:56:02.757+0000] {processor.py:830} INFO - Processing file /home/airflow/.local/lib/python3.8/site-packages/airflow/example_dags/example_local_kubernetes_executor.py for tasks to queue
[2024-03-29T13:56:02.758+0000] {logging_mixin.py:188} INFO - [2024-03-29T13:56:02.758+0000] {dagbag.py:540} INFO - Filling up the DagBag from /home/airflow/.local/lib/python3.8/site-packages/airflow/example_dags/example_local_kubernetes_executor.py
[2024-03-29T13:56:02.764+0000] {processor.py:840} INFO - DAG(s) 'example_local_kubernetes_executor' retrieved from /home/airflow/.local/lib/python3.8/site-packages/airflow/example_dags/example_local_kubernetes_executor.py
[2024-03-29T13:56:02.779+0000] {logging_mixin.py:188} INFO - [2024-03-29T13:56:02.779+0000] {dag.py:3047} INFO - Sync 1 DAGs
[2024-03-29T13:56:02.787+0000] {logging_mixin.py:188} INFO - [2024-03-29T13:56:02.787+0000] {dag.py:3834} INFO - Setting next_dagrun for example_local_kubernetes_executor to None, run_after=None
[2024-03-29T13:56:02.808+0000] {processor.py:183} INFO - Processing /home/airflow/.local/lib/python3.8/site-packages/airflow/example_dags/example_local_kubernetes_executor.py took 0.054 seconds
[2024-03-29T13:56:33.091+0000] {processor.py:161} INFO - Started process (PID=411) to work on /home/airflow/.local/lib/python3.8/site-packages/airflow/example_dags/example_local_kubernetes_executor.py
[2024-03-29T13:56:33.092+0000] {processor.py:830} INFO - Processing file /home/airflow/.local/lib/python3.8/site-packages/airflow/example_dags/example_local_kubernetes_executor.py for tasks to queue
[2024-03-29T13:56:33.094+0000] {logging_mixin.py:188} INFO - [2024-03-29T13:56:33.094+0000] {dagbag.py:540} INFO - Filling up the DagBag from /home/airflow/.local/lib/python3.8/site-packages/airflow/example_dags/example_local_kubernetes_executor.py
[2024-03-29T13:56:33.100+0000] {processor.py:840} INFO - DAG(s) 'example_local_kubernetes_executor' retrieved from /home/airflow/.local/lib/python3.8/site-packages/airflow/example_dags/example_local_kubernetes_executor.py
[2024-03-29T13:56:33.117+0000] {logging_mixin.py:188} INFO - [2024-03-29T13:56:33.117+0000] {dag.py:3047} INFO - Sync 1 DAGs
[2024-03-29T13:56:33.128+0000] {logging_mixin.py:188} INFO - [2024-03-29T13:56:33.128+0000] {dag.py:3834} INFO - Setting next_dagrun for example_local_kubernetes_executor to None, run_after=None
[2024-03-29T13:56:33.150+0000] {processor.py:183} INFO - Processing /home/airflow/.local/lib/python3.8/site-packages/airflow/example_dags/example_local_kubernetes_executor.py took 0.062 seconds
[2024-03-29T13:57:03.600+0000] {processor.py:161} INFO - Started process (PID=467) to work on /home/airflow/.local/lib/python3.8/site-packages/airflow/example_dags/example_local_kubernetes_executor.py
[2024-03-29T13:57:03.601+0000] {processor.py:830} INFO - Processing file /home/airflow/.local/lib/python3.8/site-packages/airflow/example_dags/example_local_kubernetes_executor.py for tasks to queue
[2024-03-29T13:57:03.602+0000] {logging_mixin.py:188} INFO - [2024-03-29T13:57:03.602+0000] {dagbag.py:540} INFO - Filling up the DagBag from /home/airflow/.local/lib/python3.8/site-packages/airflow/example_dags/example_local_kubernetes_executor.py
[2024-03-29T13:57:03.608+0000] {processor.py:840} INFO - DAG(s) 'example_local_kubernetes_executor' retrieved from /home/airflow/.local/lib/python3.8/site-packages/airflow/example_dags/example_local_kubernetes_executor.py
[2024-03-29T13:57:03.626+0000] {logging_mixin.py:188} INFO - [2024-03-29T13:57:03.626+0000] {dag.py:3047} INFO - Sync 1 DAGs
[2024-03-29T13:57:03.636+0000] {logging_mixin.py:188} INFO - [2024-03-29T13:57:03.635+0000] {dag.py:3834} INFO - Setting next_dagrun for example_local_kubernetes_executor to None, run_after=None
[2024-03-29T13:57:03.653+0000] {processor.py:183} INFO - Processing /home/airflow/.local/lib/python3.8/site-packages/airflow/example_dags/example_local_kubernetes_executor.py took 0.055 seconds
[2024-03-29T13:57:34.417+0000] {processor.py:161} INFO - Started process (PID=529) to work on /home/airflow/.local/lib/python3.8/site-packages/airflow/example_dags/example_local_kubernetes_executor.py
[2024-03-29T13:57:34.418+0000] {processor.py:830} INFO - Processing file /home/airflow/.local/lib/python3.8/site-packages/airflow/example_dags/example_local_kubernetes_executor.py for tasks to queue
[2024-03-29T13:57:34.420+0000] {logging_mixin.py:188} INFO - [2024-03-29T13:57:34.420+0000] {dagbag.py:540} INFO - Filling up the DagBag from /home/airflow/.local/lib/python3.8/site-packages/airflow/example_dags/example_local_kubernetes_executor.py
[2024-03-29T13:57:34.427+0000] {processor.py:840} INFO - DAG(s) 'example_local_kubernetes_executor' retrieved from /home/airflow/.local/lib/python3.8/site-packages/airflow/example_dags/example_local_kubernetes_executor.py
[2024-03-29T13:57:34.446+0000] {logging_mixin.py:188} INFO - [2024-03-29T13:57:34.446+0000] {dag.py:3047} INFO - Sync 1 DAGs
[2024-03-29T13:57:34.456+0000] {logging_mixin.py:188} INFO - [2024-03-29T13:57:34.456+0000] {dag.py:3834} INFO - Setting next_dagrun for example_local_kubernetes_executor to None, run_after=None
[2024-03-29T13:57:34.471+0000] {processor.py:183} INFO - Processing /home/airflow/.local/lib/python3.8/site-packages/airflow/example_dags/example_local_kubernetes_executor.py took 0.057 seconds
[2024-03-29T13:58:04.557+0000] {processor.py:161} INFO - Started process (PID=585) to work on /home/airflow/.local/lib/python3.8/site-packages/airflow/example_dags/example_local_kubernetes_executor.py
[2024-03-29T13:58:04.558+0000] {processor.py:830} INFO - Processing file /home/airflow/.local/lib/python3.8/site-packages/airflow/example_dags/example_local_kubernetes_executor.py for tasks to queue
[2024-03-29T13:58:04.560+0000] {logging_mixin.py:188} INFO - [2024-03-29T13:58:04.559+0000] {dagbag.py:540} INFO - Filling up the DagBag from /home/airflow/.local/lib/python3.8/site-packages/airflow/example_dags/example_local_kubernetes_executor.py
[2024-03-29T13:58:04.566+0000] {processor.py:840} INFO - DAG(s) 'example_local_kubernetes_executor' retrieved from /home/airflow/.local/lib/python3.8/site-packages/airflow/example_dags/example_local_kubernetes_executor.py
[2024-03-29T13:58:04.584+0000] {logging_mixin.py:188} INFO - [2024-03-29T13:58:04.584+0000] {dag.py:3047} INFO - Sync 1 DAGs
[2024-03-29T13:58:04.595+0000] {logging_mixin.py:188} INFO - [2024-03-29T13:58:04.594+0000] {dag.py:3834} INFO - Setting next_dagrun for example_local_kubernetes_executor to None, run_after=None
[2024-03-29T13:58:04.610+0000] {processor.py:183} INFO - Processing /home/airflow/.local/lib/python3.8/site-packages/airflow/example_dags/example_local_kubernetes_executor.py took 0.055 seconds
[2024-03-29T13:58:35.084+0000] {processor.py:161} INFO - Started process (PID=641) to work on /home/airflow/.local/lib/python3.8/site-packages/airflow/example_dags/example_local_kubernetes_executor.py
[2024-03-29T13:58:35.085+0000] {processor.py:830} INFO - Processing file /home/airflow/.local/lib/python3.8/site-packages/airflow/example_dags/example_local_kubernetes_executor.py for tasks to queue
[2024-03-29T13:58:35.086+0000] {logging_mixin.py:188} INFO - [2024-03-29T13:58:35.086+0000] {dagbag.py:540} INFO - Filling up the DagBag from /home/airflow/.local/lib/python3.8/site-packages/airflow/example_dags/example_local_kubernetes_executor.py
[2024-03-29T13:58:35.092+0000] {processor.py:840} INFO - DAG(s) 'example_local_kubernetes_executor' retrieved from /home/airflow/.local/lib/python3.8/site-packages/airflow/example_dags/example_local_kubernetes_executor.py
[2024-03-29T13:58:35.109+0000] {logging_mixin.py:188} INFO - [2024-03-29T13:58:35.109+0000] {dag.py:3047} INFO - Sync 1 DAGs
[2024-03-29T13:58:35.118+0000] {logging_mixin.py:188} INFO - [2024-03-29T13:58:35.118+0000] {dag.py:3834} INFO - Setting next_dagrun for example_local_kubernetes_executor to None, run_after=None
[2024-03-29T13:58:35.131+0000] {processor.py:183} INFO - Processing /home/airflow/.local/lib/python3.8/site-packages/airflow/example_dags/example_local_kubernetes_executor.py took 0.050 seconds
[2024-03-29T13:59:05.544+0000] {processor.py:161} INFO - Started process (PID=697) to work on /home/airflow/.local/lib/python3.8/site-packages/airflow/example_dags/example_local_kubernetes_executor.py
[2024-03-29T13:59:05.545+0000] {processor.py:830} INFO - Processing file /home/airflow/.local/lib/python3.8/site-packages/airflow/example_dags/example_local_kubernetes_executor.py for tasks to queue
[2024-03-29T13:59:05.547+0000] {logging_mixin.py:188} INFO - [2024-03-29T13:59:05.546+0000] {dagbag.py:540} INFO - Filling up the DagBag from /home/airflow/.local/lib/python3.8/site-packages/airflow/example_dags/example_local_kubernetes_executor.py
[2024-03-29T13:59:05.553+0000] {processor.py:840} INFO - DAG(s) 'example_local_kubernetes_executor' retrieved from /home/airflow/.local/lib/python3.8/site-packages/airflow/example_dags/example_local_kubernetes_executor.py
[2024-03-29T13:59:05.573+0000] {logging_mixin.py:188} INFO - [2024-03-29T13:59:05.573+0000] {dag.py:3047} INFO - Sync 1 DAGs
[2024-03-29T13:59:05.584+0000] {logging_mixin.py:188} INFO - [2024-03-29T13:59:05.584+0000] {dag.py:3834} INFO - Setting next_dagrun for example_local_kubernetes_executor to None, run_after=None
[2024-03-29T13:59:05.607+0000] {processor.py:183} INFO - Processing /home/airflow/.local/lib/python3.8/site-packages/airflow/example_dags/example_local_kubernetes_executor.py took 0.066 seconds
[2024-03-29T13:59:35.861+0000] {processor.py:161} INFO - Started process (PID=753) to work on /home/airflow/.local/lib/python3.8/site-packages/airflow/example_dags/example_local_kubernetes_executor.py
[2024-03-29T13:59:35.862+0000] {processor.py:830} INFO - Processing file /home/airflow/.local/lib/python3.8/site-packages/airflow/example_dags/example_local_kubernetes_executor.py for tasks to queue
[2024-03-29T13:59:35.863+0000] {logging_mixin.py:188} INFO - [2024-03-29T13:59:35.863+0000] {dagbag.py:540} INFO - Filling up the DagBag from /home/airflow/.local/lib/python3.8/site-packages/airflow/example_dags/example_local_kubernetes_executor.py
[2024-03-29T13:59:35.872+0000] {processor.py:840} INFO - DAG(s) 'example_local_kubernetes_executor' retrieved from /home/airflow/.local/lib/python3.8/site-packages/airflow/example_dags/example_local_kubernetes_executor.py
[2024-03-29T13:59:35.891+0000] {logging_mixin.py:188} INFO - [2024-03-29T13:59:35.890+0000] {dag.py:3047} INFO - Sync 1 DAGs
[2024-03-29T13:59:35.900+0000] {logging_mixin.py:188} INFO - [2024-03-29T13:59:35.900+0000] {dag.py:3834} INFO - Setting next_dagrun for example_local_kubernetes_executor to None, run_after=None
[2024-03-29T13:59:35.924+0000] {processor.py:183} INFO - Processing /home/airflow/.local/lib/python3.8/site-packages/airflow/example_dags/example_local_kubernetes_executor.py took 0.065 seconds
