[2024-03-29T13:53:27.470+0000] {processor.py:161} INFO - Started process (PID=42) to work on /home/airflow/.local/lib/python3.8/site-packages/airflow/example_dags/example_short_circuit_operator.py
[2024-03-29T13:53:27.471+0000] {processor.py:830} INFO - Processing file /home/airflow/.local/lib/python3.8/site-packages/airflow/example_dags/example_short_circuit_operator.py for tasks to queue
[2024-03-29T13:53:27.473+0000] {logging_mixin.py:188} INFO - [2024-03-29T13:53:27.472+0000] {dagbag.py:540} INFO - Filling up the DagBag from /home/airflow/.local/lib/python3.8/site-packages/airflow/example_dags/example_short_circuit_operator.py
[2024-03-29T13:53:27.485+0000] {processor.py:840} INFO - DAG(s) 'example_short_circuit_operator' retrieved from /home/airflow/.local/lib/python3.8/site-packages/airflow/example_dags/example_short_circuit_operator.py
[2024-03-29T13:53:27.496+0000] {logging_mixin.py:188} INFO - [2024-03-29T13:53:27.495+0000] {dag.py:3047} INFO - Sync 1 DAGs
[2024-03-29T13:53:27.518+0000] {logging_mixin.py:188} INFO - [2024-03-29T13:53:27.518+0000] {dag.py:3834} INFO - Setting next_dagrun for example_short_circuit_operator to 2024-03-28 00:00:00+00:00, run_after=2024-03-29 00:00:00+00:00
[2024-03-29T13:53:27.551+0000] {processor.py:183} INFO - Processing /home/airflow/.local/lib/python3.8/site-packages/airflow/example_dags/example_short_circuit_operator.py took 0.084 seconds
[2024-03-29T13:53:58.182+0000] {processor.py:161} INFO - Started process (PID=98) to work on /home/airflow/.local/lib/python3.8/site-packages/airflow/example_dags/example_short_circuit_operator.py
[2024-03-29T13:53:58.183+0000] {processor.py:830} INFO - Processing file /home/airflow/.local/lib/python3.8/site-packages/airflow/example_dags/example_short_circuit_operator.py for tasks to queue
[2024-03-29T13:53:58.184+0000] {logging_mixin.py:188} INFO - [2024-03-29T13:53:58.184+0000] {dagbag.py:540} INFO - Filling up the DagBag from /home/airflow/.local/lib/python3.8/site-packages/airflow/example_dags/example_short_circuit_operator.py
[2024-03-29T13:53:58.190+0000] {processor.py:840} INFO - DAG(s) 'example_short_circuit_operator' retrieved from /home/airflow/.local/lib/python3.8/site-packages/airflow/example_dags/example_short_circuit_operator.py
[2024-03-29T13:53:58.260+0000] {logging_mixin.py:188} INFO - [2024-03-29T13:53:58.260+0000] {dag.py:3047} INFO - Sync 1 DAGs
[2024-03-29T13:53:58.273+0000] {logging_mixin.py:188} INFO - [2024-03-29T13:53:58.272+0000] {dag.py:3834} INFO - Setting next_dagrun for example_short_circuit_operator to 2024-03-28 00:00:00+00:00, run_after=2024-03-29 00:00:00+00:00
[2024-03-29T13:53:58.295+0000] {processor.py:183} INFO - Processing /home/airflow/.local/lib/python3.8/site-packages/airflow/example_dags/example_short_circuit_operator.py took 0.115 seconds
[2024-03-29T13:54:28.353+0000] {processor.py:161} INFO - Started process (PID=154) to work on /home/airflow/.local/lib/python3.8/site-packages/airflow/example_dags/example_short_circuit_operator.py
[2024-03-29T13:54:28.354+0000] {processor.py:830} INFO - Processing file /home/airflow/.local/lib/python3.8/site-packages/airflow/example_dags/example_short_circuit_operator.py for tasks to queue
[2024-03-29T13:54:28.355+0000] {logging_mixin.py:188} INFO - [2024-03-29T13:54:28.355+0000] {dagbag.py:540} INFO - Filling up the DagBag from /home/airflow/.local/lib/python3.8/site-packages/airflow/example_dags/example_short_circuit_operator.py
[2024-03-29T13:54:28.360+0000] {processor.py:840} INFO - DAG(s) 'example_short_circuit_operator' retrieved from /home/airflow/.local/lib/python3.8/site-packages/airflow/example_dags/example_short_circuit_operator.py
[2024-03-29T13:54:28.375+0000] {logging_mixin.py:188} INFO - [2024-03-29T13:54:28.375+0000] {dag.py:3047} INFO - Sync 1 DAGs
[2024-03-29T13:54:28.389+0000] {logging_mixin.py:188} INFO - [2024-03-29T13:54:28.389+0000] {dag.py:3834} INFO - Setting next_dagrun for example_short_circuit_operator to 2024-03-28 00:00:00+00:00, run_after=2024-03-29 00:00:00+00:00
[2024-03-29T13:54:28.412+0000] {processor.py:183} INFO - Processing /home/airflow/.local/lib/python3.8/site-packages/airflow/example_dags/example_short_circuit_operator.py took 0.061 seconds
[2024-03-29T13:54:58.641+0000] {processor.py:161} INFO - Started process (PID=210) to work on /home/airflow/.local/lib/python3.8/site-packages/airflow/example_dags/example_short_circuit_operator.py
[2024-03-29T13:54:58.642+0000] {processor.py:830} INFO - Processing file /home/airflow/.local/lib/python3.8/site-packages/airflow/example_dags/example_short_circuit_operator.py for tasks to queue
[2024-03-29T13:54:58.644+0000] {logging_mixin.py:188} INFO - [2024-03-29T13:54:58.644+0000] {dagbag.py:540} INFO - Filling up the DagBag from /home/airflow/.local/lib/python3.8/site-packages/airflow/example_dags/example_short_circuit_operator.py
[2024-03-29T13:54:58.649+0000] {processor.py:840} INFO - DAG(s) 'example_short_circuit_operator' retrieved from /home/airflow/.local/lib/python3.8/site-packages/airflow/example_dags/example_short_circuit_operator.py
[2024-03-29T13:54:58.665+0000] {logging_mixin.py:188} INFO - [2024-03-29T13:54:58.665+0000] {dag.py:3047} INFO - Sync 1 DAGs
[2024-03-29T13:54:58.682+0000] {logging_mixin.py:188} INFO - [2024-03-29T13:54:58.682+0000] {dag.py:3834} INFO - Setting next_dagrun for example_short_circuit_operator to 2024-03-28 00:00:00+00:00, run_after=2024-03-29 00:00:00+00:00
[2024-03-29T13:54:58.700+0000] {processor.py:183} INFO - Processing /home/airflow/.local/lib/python3.8/site-packages/airflow/example_dags/example_short_circuit_operator.py took 0.061 seconds
[2024-03-29T13:55:28.984+0000] {processor.py:161} INFO - Started process (PID=266) to work on /home/airflow/.local/lib/python3.8/site-packages/airflow/example_dags/example_short_circuit_operator.py
[2024-03-29T13:55:28.984+0000] {processor.py:830} INFO - Processing file /home/airflow/.local/lib/python3.8/site-packages/airflow/example_dags/example_short_circuit_operator.py for tasks to queue
[2024-03-29T13:55:28.986+0000] {logging_mixin.py:188} INFO - [2024-03-29T13:55:28.986+0000] {dagbag.py:540} INFO - Filling up the DagBag from /home/airflow/.local/lib/python3.8/site-packages/airflow/example_dags/example_short_circuit_operator.py
[2024-03-29T13:55:28.993+0000] {processor.py:840} INFO - DAG(s) 'example_short_circuit_operator' retrieved from /home/airflow/.local/lib/python3.8/site-packages/airflow/example_dags/example_short_circuit_operator.py
[2024-03-29T13:55:29.011+0000] {logging_mixin.py:188} INFO - [2024-03-29T13:55:29.011+0000] {dag.py:3047} INFO - Sync 1 DAGs
[2024-03-29T13:55:29.027+0000] {logging_mixin.py:188} INFO - [2024-03-29T13:55:29.027+0000] {dag.py:3834} INFO - Setting next_dagrun for example_short_circuit_operator to 2024-03-28 00:00:00+00:00, run_after=2024-03-29 00:00:00+00:00
[2024-03-29T13:55:29.040+0000] {processor.py:183} INFO - Processing /home/airflow/.local/lib/python3.8/site-packages/airflow/example_dags/example_short_circuit_operator.py took 0.058 seconds
[2024-03-29T13:55:59.300+0000] {processor.py:161} INFO - Started process (PID=322) to work on /home/airflow/.local/lib/python3.8/site-packages/airflow/example_dags/example_short_circuit_operator.py
[2024-03-29T13:55:59.301+0000] {processor.py:830} INFO - Processing file /home/airflow/.local/lib/python3.8/site-packages/airflow/example_dags/example_short_circuit_operator.py for tasks to queue
[2024-03-29T13:55:59.302+0000] {logging_mixin.py:188} INFO - [2024-03-29T13:55:59.302+0000] {dagbag.py:540} INFO - Filling up the DagBag from /home/airflow/.local/lib/python3.8/site-packages/airflow/example_dags/example_short_circuit_operator.py
[2024-03-29T13:55:59.308+0000] {processor.py:840} INFO - DAG(s) 'example_short_circuit_operator' retrieved from /home/airflow/.local/lib/python3.8/site-packages/airflow/example_dags/example_short_circuit_operator.py
[2024-03-29T13:55:59.324+0000] {logging_mixin.py:188} INFO - [2024-03-29T13:55:59.324+0000] {dag.py:3047} INFO - Sync 1 DAGs
[2024-03-29T13:55:59.340+0000] {logging_mixin.py:188} INFO - [2024-03-29T13:55:59.340+0000] {dag.py:3834} INFO - Setting next_dagrun for example_short_circuit_operator to 2024-03-28 00:00:00+00:00, run_after=2024-03-29 00:00:00+00:00
[2024-03-29T13:55:59.353+0000] {processor.py:183} INFO - Processing /home/airflow/.local/lib/python3.8/site-packages/airflow/example_dags/example_short_circuit_operator.py took 0.056 seconds
[2024-03-29T13:56:29.513+0000] {processor.py:161} INFO - Started process (PID=378) to work on /home/airflow/.local/lib/python3.8/site-packages/airflow/example_dags/example_short_circuit_operator.py
[2024-03-29T13:56:29.514+0000] {processor.py:830} INFO - Processing file /home/airflow/.local/lib/python3.8/site-packages/airflow/example_dags/example_short_circuit_operator.py for tasks to queue
[2024-03-29T13:56:29.515+0000] {logging_mixin.py:188} INFO - [2024-03-29T13:56:29.515+0000] {dagbag.py:540} INFO - Filling up the DagBag from /home/airflow/.local/lib/python3.8/site-packages/airflow/example_dags/example_short_circuit_operator.py
[2024-03-29T13:56:29.520+0000] {processor.py:840} INFO - DAG(s) 'example_short_circuit_operator' retrieved from /home/airflow/.local/lib/python3.8/site-packages/airflow/example_dags/example_short_circuit_operator.py
[2024-03-29T13:56:29.535+0000] {logging_mixin.py:188} INFO - [2024-03-29T13:56:29.535+0000] {dag.py:3047} INFO - Sync 1 DAGs
[2024-03-29T13:56:29.550+0000] {logging_mixin.py:188} INFO - [2024-03-29T13:56:29.550+0000] {dag.py:3834} INFO - Setting next_dagrun for example_short_circuit_operator to 2024-03-28 00:00:00+00:00, run_after=2024-03-29 00:00:00+00:00
[2024-03-29T13:56:29.564+0000] {processor.py:183} INFO - Processing /home/airflow/.local/lib/python3.8/site-packages/airflow/example_dags/example_short_circuit_operator.py took 0.053 seconds
[2024-03-29T13:56:59.786+0000] {processor.py:161} INFO - Started process (PID=434) to work on /home/airflow/.local/lib/python3.8/site-packages/airflow/example_dags/example_short_circuit_operator.py
[2024-03-29T13:56:59.787+0000] {processor.py:830} INFO - Processing file /home/airflow/.local/lib/python3.8/site-packages/airflow/example_dags/example_short_circuit_operator.py for tasks to queue
[2024-03-29T13:56:59.789+0000] {logging_mixin.py:188} INFO - [2024-03-29T13:56:59.788+0000] {dagbag.py:540} INFO - Filling up the DagBag from /home/airflow/.local/lib/python3.8/site-packages/airflow/example_dags/example_short_circuit_operator.py
[2024-03-29T13:56:59.795+0000] {processor.py:840} INFO - DAG(s) 'example_short_circuit_operator' retrieved from /home/airflow/.local/lib/python3.8/site-packages/airflow/example_dags/example_short_circuit_operator.py
[2024-03-29T13:56:59.816+0000] {logging_mixin.py:188} INFO - [2024-03-29T13:56:59.815+0000] {dag.py:3047} INFO - Sync 1 DAGs
[2024-03-29T13:56:59.835+0000] {logging_mixin.py:188} INFO - [2024-03-29T13:56:59.835+0000] {dag.py:3834} INFO - Setting next_dagrun for example_short_circuit_operator to 2024-03-28 00:00:00+00:00, run_after=2024-03-29 00:00:00+00:00
[2024-03-29T13:56:59.854+0000] {processor.py:183} INFO - Processing /home/airflow/.local/lib/python3.8/site-packages/airflow/example_dags/example_short_circuit_operator.py took 0.071 seconds
[2024-03-29T13:57:30.602+0000] {processor.py:161} INFO - Started process (PID=496) to work on /home/airflow/.local/lib/python3.8/site-packages/airflow/example_dags/example_short_circuit_operator.py
[2024-03-29T13:57:30.603+0000] {processor.py:830} INFO - Processing file /home/airflow/.local/lib/python3.8/site-packages/airflow/example_dags/example_short_circuit_operator.py for tasks to queue
[2024-03-29T13:57:30.605+0000] {logging_mixin.py:188} INFO - [2024-03-29T13:57:30.605+0000] {dagbag.py:540} INFO - Filling up the DagBag from /home/airflow/.local/lib/python3.8/site-packages/airflow/example_dags/example_short_circuit_operator.py
[2024-03-29T13:57:30.614+0000] {processor.py:840} INFO - DAG(s) 'example_short_circuit_operator' retrieved from /home/airflow/.local/lib/python3.8/site-packages/airflow/example_dags/example_short_circuit_operator.py
[2024-03-29T13:57:30.632+0000] {logging_mixin.py:188} INFO - [2024-03-29T13:57:30.632+0000] {dag.py:3047} INFO - Sync 1 DAGs
[2024-03-29T13:57:30.651+0000] {logging_mixin.py:188} INFO - [2024-03-29T13:57:30.651+0000] {dag.py:3834} INFO - Setting next_dagrun for example_short_circuit_operator to 2024-03-28 00:00:00+00:00, run_after=2024-03-29 00:00:00+00:00
[2024-03-29T13:57:30.669+0000] {processor.py:183} INFO - Processing /home/airflow/.local/lib/python3.8/site-packages/airflow/example_dags/example_short_circuit_operator.py took 0.070 seconds
[2024-03-29T13:58:01.115+0000] {processor.py:161} INFO - Started process (PID=552) to work on /home/airflow/.local/lib/python3.8/site-packages/airflow/example_dags/example_short_circuit_operator.py
[2024-03-29T13:58:01.116+0000] {processor.py:830} INFO - Processing file /home/airflow/.local/lib/python3.8/site-packages/airflow/example_dags/example_short_circuit_operator.py for tasks to queue
[2024-03-29T13:58:01.117+0000] {logging_mixin.py:188} INFO - [2024-03-29T13:58:01.117+0000] {dagbag.py:540} INFO - Filling up the DagBag from /home/airflow/.local/lib/python3.8/site-packages/airflow/example_dags/example_short_circuit_operator.py
[2024-03-29T13:58:01.125+0000] {processor.py:840} INFO - DAG(s) 'example_short_circuit_operator' retrieved from /home/airflow/.local/lib/python3.8/site-packages/airflow/example_dags/example_short_circuit_operator.py
[2024-03-29T13:58:01.144+0000] {logging_mixin.py:188} INFO - [2024-03-29T13:58:01.144+0000] {dag.py:3047} INFO - Sync 1 DAGs
[2024-03-29T13:58:01.162+0000] {logging_mixin.py:188} INFO - [2024-03-29T13:58:01.161+0000] {dag.py:3834} INFO - Setting next_dagrun for example_short_circuit_operator to 2024-03-28 00:00:00+00:00, run_after=2024-03-29 00:00:00+00:00
[2024-03-29T13:58:01.178+0000] {processor.py:183} INFO - Processing /home/airflow/.local/lib/python3.8/site-packages/airflow/example_dags/example_short_circuit_operator.py took 0.065 seconds
[2024-03-29T13:58:31.386+0000] {processor.py:161} INFO - Started process (PID=608) to work on /home/airflow/.local/lib/python3.8/site-packages/airflow/example_dags/example_short_circuit_operator.py
[2024-03-29T13:58:31.387+0000] {processor.py:830} INFO - Processing file /home/airflow/.local/lib/python3.8/site-packages/airflow/example_dags/example_short_circuit_operator.py for tasks to queue
[2024-03-29T13:58:31.388+0000] {logging_mixin.py:188} INFO - [2024-03-29T13:58:31.388+0000] {dagbag.py:540} INFO - Filling up the DagBag from /home/airflow/.local/lib/python3.8/site-packages/airflow/example_dags/example_short_circuit_operator.py
[2024-03-29T13:58:31.394+0000] {processor.py:840} INFO - DAG(s) 'example_short_circuit_operator' retrieved from /home/airflow/.local/lib/python3.8/site-packages/airflow/example_dags/example_short_circuit_operator.py
[2024-03-29T13:58:31.413+0000] {logging_mixin.py:188} INFO - [2024-03-29T13:58:31.412+0000] {dag.py:3047} INFO - Sync 1 DAGs
[2024-03-29T13:58:31.431+0000] {logging_mixin.py:188} INFO - [2024-03-29T13:58:31.431+0000] {dag.py:3834} INFO - Setting next_dagrun for example_short_circuit_operator to 2024-03-28 00:00:00+00:00, run_after=2024-03-29 00:00:00+00:00
[2024-03-29T13:58:31.449+0000] {processor.py:183} INFO - Processing /home/airflow/.local/lib/python3.8/site-packages/airflow/example_dags/example_short_circuit_operator.py took 0.066 seconds
[2024-03-29T13:59:01.937+0000] {processor.py:161} INFO - Started process (PID=664) to work on /home/airflow/.local/lib/python3.8/site-packages/airflow/example_dags/example_short_circuit_operator.py
[2024-03-29T13:59:01.938+0000] {processor.py:830} INFO - Processing file /home/airflow/.local/lib/python3.8/site-packages/airflow/example_dags/example_short_circuit_operator.py for tasks to queue
[2024-03-29T13:59:01.939+0000] {logging_mixin.py:188} INFO - [2024-03-29T13:59:01.939+0000] {dagbag.py:540} INFO - Filling up the DagBag from /home/airflow/.local/lib/python3.8/site-packages/airflow/example_dags/example_short_circuit_operator.py
[2024-03-29T13:59:01.944+0000] {processor.py:840} INFO - DAG(s) 'example_short_circuit_operator' retrieved from /home/airflow/.local/lib/python3.8/site-packages/airflow/example_dags/example_short_circuit_operator.py
[2024-03-29T13:59:01.961+0000] {logging_mixin.py:188} INFO - [2024-03-29T13:59:01.961+0000] {dag.py:3047} INFO - Sync 1 DAGs
[2024-03-29T13:59:01.976+0000] {logging_mixin.py:188} INFO - [2024-03-29T13:59:01.976+0000] {dag.py:3834} INFO - Setting next_dagrun for example_short_circuit_operator to 2024-03-28 00:00:00+00:00, run_after=2024-03-29 00:00:00+00:00
[2024-03-29T13:59:02.000+0000] {processor.py:183} INFO - Processing /home/airflow/.local/lib/python3.8/site-packages/airflow/example_dags/example_short_circuit_operator.py took 0.065 seconds
[2024-03-29T13:59:32.262+0000] {processor.py:161} INFO - Started process (PID=720) to work on /home/airflow/.local/lib/python3.8/site-packages/airflow/example_dags/example_short_circuit_operator.py
[2024-03-29T13:59:32.263+0000] {processor.py:830} INFO - Processing file /home/airflow/.local/lib/python3.8/site-packages/airflow/example_dags/example_short_circuit_operator.py for tasks to queue
[2024-03-29T13:59:32.264+0000] {logging_mixin.py:188} INFO - [2024-03-29T13:59:32.264+0000] {dagbag.py:540} INFO - Filling up the DagBag from /home/airflow/.local/lib/python3.8/site-packages/airflow/example_dags/example_short_circuit_operator.py
[2024-03-29T13:59:32.271+0000] {processor.py:840} INFO - DAG(s) 'example_short_circuit_operator' retrieved from /home/airflow/.local/lib/python3.8/site-packages/airflow/example_dags/example_short_circuit_operator.py
[2024-03-29T13:59:32.286+0000] {logging_mixin.py:188} INFO - [2024-03-29T13:59:32.286+0000] {dag.py:3047} INFO - Sync 1 DAGs
[2024-03-29T13:59:32.300+0000] {logging_mixin.py:188} INFO - [2024-03-29T13:59:32.300+0000] {dag.py:3834} INFO - Setting next_dagrun for example_short_circuit_operator to 2024-03-28 00:00:00+00:00, run_after=2024-03-29 00:00:00+00:00
[2024-03-29T13:59:32.312+0000] {processor.py:183} INFO - Processing /home/airflow/.local/lib/python3.8/site-packages/airflow/example_dags/example_short_circuit_operator.py took 0.052 seconds
