[2024-03-29T13:53:28.309+0000] {processor.py:161} INFO - Started process (PID=53) to work on /home/airflow/.local/lib/python3.8/site-packages/airflow/example_dags/example_complex.py
[2024-03-29T13:53:28.311+0000] {processor.py:830} INFO - Processing file /home/airflow/.local/lib/python3.8/site-packages/airflow/example_dags/example_complex.py for tasks to queue
[2024-03-29T13:53:28.313+0000] {logging_mixin.py:188} INFO - [2024-03-29T13:53:28.313+0000] {dagbag.py:540} INFO - Filling up the DagBag from /home/airflow/.local/lib/python3.8/site-packages/airflow/example_dags/example_complex.py
[2024-03-29T13:53:28.333+0000] {processor.py:840} INFO - DAG(s) 'example_complex' retrieved from /home/airflow/.local/lib/python3.8/site-packages/airflow/example_dags/example_complex.py
[2024-03-29T13:53:28.346+0000] {logging_mixin.py:188} INFO - [2024-03-29T13:53:28.346+0000] {dag.py:3047} INFO - Sync 1 DAGs
[2024-03-29T13:53:28.361+0000] {logging_mixin.py:188} INFO - [2024-03-29T13:53:28.360+0000] {dag.py:3834} INFO - Setting next_dagrun for example_complex to None, run_after=None
[2024-03-29T13:53:28.381+0000] {processor.py:183} INFO - Processing /home/airflow/.local/lib/python3.8/site-packages/airflow/example_dags/example_complex.py took 0.075 seconds
[2024-03-29T13:53:59.141+0000] {processor.py:161} INFO - Started process (PID=109) to work on /home/airflow/.local/lib/python3.8/site-packages/airflow/example_dags/example_complex.py
[2024-03-29T13:53:59.142+0000] {processor.py:830} INFO - Processing file /home/airflow/.local/lib/python3.8/site-packages/airflow/example_dags/example_complex.py for tasks to queue
[2024-03-29T13:53:59.143+0000] {logging_mixin.py:188} INFO - [2024-03-29T13:53:59.143+0000] {dagbag.py:540} INFO - Filling up the DagBag from /home/airflow/.local/lib/python3.8/site-packages/airflow/example_dags/example_complex.py
[2024-03-29T13:53:59.152+0000] {processor.py:840} INFO - DAG(s) 'example_complex' retrieved from /home/airflow/.local/lib/python3.8/site-packages/airflow/example_dags/example_complex.py
[2024-03-29T13:53:59.227+0000] {logging_mixin.py:188} INFO - [2024-03-29T13:53:59.227+0000] {dag.py:3047} INFO - Sync 1 DAGs
[2024-03-29T13:53:59.235+0000] {logging_mixin.py:188} INFO - [2024-03-29T13:53:59.235+0000] {dag.py:3834} INFO - Setting next_dagrun for example_complex to None, run_after=None
[2024-03-29T13:53:59.252+0000] {processor.py:183} INFO - Processing /home/airflow/.local/lib/python3.8/site-packages/airflow/example_dags/example_complex.py took 0.114 seconds
[2024-03-29T13:54:29.892+0000] {processor.py:161} INFO - Started process (PID=165) to work on /home/airflow/.local/lib/python3.8/site-packages/airflow/example_dags/example_complex.py
[2024-03-29T13:54:29.893+0000] {processor.py:830} INFO - Processing file /home/airflow/.local/lib/python3.8/site-packages/airflow/example_dags/example_complex.py for tasks to queue
[2024-03-29T13:54:29.895+0000] {logging_mixin.py:188} INFO - [2024-03-29T13:54:29.894+0000] {dagbag.py:540} INFO - Filling up the DagBag from /home/airflow/.local/lib/python3.8/site-packages/airflow/example_dags/example_complex.py
[2024-03-29T13:54:29.903+0000] {processor.py:840} INFO - DAG(s) 'example_complex' retrieved from /home/airflow/.local/lib/python3.8/site-packages/airflow/example_dags/example_complex.py
[2024-03-29T13:54:29.927+0000] {logging_mixin.py:188} INFO - [2024-03-29T13:54:29.927+0000] {dag.py:3047} INFO - Sync 1 DAGs
[2024-03-29T13:54:29.936+0000] {logging_mixin.py:188} INFO - [2024-03-29T13:54:29.936+0000] {dag.py:3834} INFO - Setting next_dagrun for example_complex to None, run_after=None
[2024-03-29T13:54:29.951+0000] {processor.py:183} INFO - Processing /home/airflow/.local/lib/python3.8/site-packages/airflow/example_dags/example_complex.py took 0.061 seconds
[2024-03-29T13:55:00.228+0000] {processor.py:161} INFO - Started process (PID=221) to work on /home/airflow/.local/lib/python3.8/site-packages/airflow/example_dags/example_complex.py
[2024-03-29T13:55:00.229+0000] {processor.py:830} INFO - Processing file /home/airflow/.local/lib/python3.8/site-packages/airflow/example_dags/example_complex.py for tasks to queue
[2024-03-29T13:55:00.230+0000] {logging_mixin.py:188} INFO - [2024-03-29T13:55:00.230+0000] {dagbag.py:540} INFO - Filling up the DagBag from /home/airflow/.local/lib/python3.8/site-packages/airflow/example_dags/example_complex.py
[2024-03-29T13:55:00.239+0000] {processor.py:840} INFO - DAG(s) 'example_complex' retrieved from /home/airflow/.local/lib/python3.8/site-packages/airflow/example_dags/example_complex.py
[2024-03-29T13:55:00.263+0000] {logging_mixin.py:188} INFO - [2024-03-29T13:55:00.263+0000] {dag.py:3047} INFO - Sync 1 DAGs
[2024-03-29T13:55:00.273+0000] {logging_mixin.py:188} INFO - [2024-03-29T13:55:00.273+0000] {dag.py:3834} INFO - Setting next_dagrun for example_complex to None, run_after=None
[2024-03-29T13:55:00.288+0000] {processor.py:183} INFO - Processing /home/airflow/.local/lib/python3.8/site-packages/airflow/example_dags/example_complex.py took 0.063 seconds
[2024-03-29T13:55:30.528+0000] {processor.py:161} INFO - Started process (PID=277) to work on /home/airflow/.local/lib/python3.8/site-packages/airflow/example_dags/example_complex.py
[2024-03-29T13:55:30.529+0000] {processor.py:830} INFO - Processing file /home/airflow/.local/lib/python3.8/site-packages/airflow/example_dags/example_complex.py for tasks to queue
[2024-03-29T13:55:30.532+0000] {logging_mixin.py:188} INFO - [2024-03-29T13:55:30.532+0000] {dagbag.py:540} INFO - Filling up the DagBag from /home/airflow/.local/lib/python3.8/site-packages/airflow/example_dags/example_complex.py
[2024-03-29T13:55:30.539+0000] {processor.py:840} INFO - DAG(s) 'example_complex' retrieved from /home/airflow/.local/lib/python3.8/site-packages/airflow/example_dags/example_complex.py
[2024-03-29T13:55:30.563+0000] {logging_mixin.py:188} INFO - [2024-03-29T13:55:30.562+0000] {dag.py:3047} INFO - Sync 1 DAGs
[2024-03-29T13:55:30.572+0000] {logging_mixin.py:188} INFO - [2024-03-29T13:55:30.572+0000] {dag.py:3834} INFO - Setting next_dagrun for example_complex to None, run_after=None
[2024-03-29T13:55:30.585+0000] {processor.py:183} INFO - Processing /home/airflow/.local/lib/python3.8/site-packages/airflow/example_dags/example_complex.py took 0.060 seconds
[2024-03-29T13:56:00.759+0000] {processor.py:161} INFO - Started process (PID=333) to work on /home/airflow/.local/lib/python3.8/site-packages/airflow/example_dags/example_complex.py
[2024-03-29T13:56:00.760+0000] {processor.py:830} INFO - Processing file /home/airflow/.local/lib/python3.8/site-packages/airflow/example_dags/example_complex.py for tasks to queue
[2024-03-29T13:56:00.761+0000] {logging_mixin.py:188} INFO - [2024-03-29T13:56:00.761+0000] {dagbag.py:540} INFO - Filling up the DagBag from /home/airflow/.local/lib/python3.8/site-packages/airflow/example_dags/example_complex.py
[2024-03-29T13:56:00.769+0000] {processor.py:840} INFO - DAG(s) 'example_complex' retrieved from /home/airflow/.local/lib/python3.8/site-packages/airflow/example_dags/example_complex.py
[2024-03-29T13:56:00.790+0000] {logging_mixin.py:188} INFO - [2024-03-29T13:56:00.790+0000] {dag.py:3047} INFO - Sync 1 DAGs
[2024-03-29T13:56:00.799+0000] {logging_mixin.py:188} INFO - [2024-03-29T13:56:00.799+0000] {dag.py:3834} INFO - Setting next_dagrun for example_complex to None, run_after=None
[2024-03-29T13:56:00.813+0000] {processor.py:183} INFO - Processing /home/airflow/.local/lib/python3.8/site-packages/airflow/example_dags/example_complex.py took 0.056 seconds
[2024-03-29T13:56:31.098+0000] {processor.py:161} INFO - Started process (PID=389) to work on /home/airflow/.local/lib/python3.8/site-packages/airflow/example_dags/example_complex.py
[2024-03-29T13:56:31.099+0000] {processor.py:830} INFO - Processing file /home/airflow/.local/lib/python3.8/site-packages/airflow/example_dags/example_complex.py for tasks to queue
[2024-03-29T13:56:31.100+0000] {logging_mixin.py:188} INFO - [2024-03-29T13:56:31.100+0000] {dagbag.py:540} INFO - Filling up the DagBag from /home/airflow/.local/lib/python3.8/site-packages/airflow/example_dags/example_complex.py
[2024-03-29T13:56:31.108+0000] {processor.py:840} INFO - DAG(s) 'example_complex' retrieved from /home/airflow/.local/lib/python3.8/site-packages/airflow/example_dags/example_complex.py
[2024-03-29T13:56:31.131+0000] {logging_mixin.py:188} INFO - [2024-03-29T13:56:31.131+0000] {dag.py:3047} INFO - Sync 1 DAGs
[2024-03-29T13:56:31.140+0000] {logging_mixin.py:188} INFO - [2024-03-29T13:56:31.140+0000] {dag.py:3834} INFO - Setting next_dagrun for example_complex to None, run_after=None
[2024-03-29T13:56:31.153+0000] {processor.py:183} INFO - Processing /home/airflow/.local/lib/python3.8/site-packages/airflow/example_dags/example_complex.py took 0.058 seconds
[2024-03-29T13:57:01.477+0000] {processor.py:161} INFO - Started process (PID=445) to work on /home/airflow/.local/lib/python3.8/site-packages/airflow/example_dags/example_complex.py
[2024-03-29T13:57:01.478+0000] {processor.py:830} INFO - Processing file /home/airflow/.local/lib/python3.8/site-packages/airflow/example_dags/example_complex.py for tasks to queue
[2024-03-29T13:57:01.480+0000] {logging_mixin.py:188} INFO - [2024-03-29T13:57:01.479+0000] {dagbag.py:540} INFO - Filling up the DagBag from /home/airflow/.local/lib/python3.8/site-packages/airflow/example_dags/example_complex.py
[2024-03-29T13:57:01.488+0000] {processor.py:840} INFO - DAG(s) 'example_complex' retrieved from /home/airflow/.local/lib/python3.8/site-packages/airflow/example_dags/example_complex.py
[2024-03-29T13:57:01.515+0000] {logging_mixin.py:188} INFO - [2024-03-29T13:57:01.515+0000] {dag.py:3047} INFO - Sync 1 DAGs
[2024-03-29T13:57:01.525+0000] {logging_mixin.py:188} INFO - [2024-03-29T13:57:01.525+0000] {dag.py:3834} INFO - Setting next_dagrun for example_complex to None, run_after=None
[2024-03-29T13:57:01.543+0000] {processor.py:183} INFO - Processing /home/airflow/.local/lib/python3.8/site-packages/airflow/example_dags/example_complex.py took 0.068 seconds
[2024-03-29T13:57:32.103+0000] {processor.py:161} INFO - Started process (PID=506) to work on /home/airflow/.local/lib/python3.8/site-packages/airflow/example_dags/example_complex.py
[2024-03-29T13:57:32.104+0000] {processor.py:830} INFO - Processing file /home/airflow/.local/lib/python3.8/site-packages/airflow/example_dags/example_complex.py for tasks to queue
[2024-03-29T13:57:32.106+0000] {logging_mixin.py:188} INFO - [2024-03-29T13:57:32.106+0000] {dagbag.py:540} INFO - Filling up the DagBag from /home/airflow/.local/lib/python3.8/site-packages/airflow/example_dags/example_complex.py
[2024-03-29T13:57:32.115+0000] {processor.py:840} INFO - DAG(s) 'example_complex' retrieved from /home/airflow/.local/lib/python3.8/site-packages/airflow/example_dags/example_complex.py
[2024-03-29T13:57:32.142+0000] {logging_mixin.py:188} INFO - [2024-03-29T13:57:32.142+0000] {dag.py:3047} INFO - Sync 1 DAGs
[2024-03-29T13:57:32.153+0000] {logging_mixin.py:188} INFO - [2024-03-29T13:57:32.152+0000] {dag.py:3834} INFO - Setting next_dagrun for example_complex to None, run_after=None
[2024-03-29T13:57:32.178+0000] {processor.py:183} INFO - Processing /home/airflow/.local/lib/python3.8/site-packages/airflow/example_dags/example_complex.py took 0.078 seconds
[2024-03-29T13:58:02.512+0000] {processor.py:161} INFO - Started process (PID=562) to work on /home/airflow/.local/lib/python3.8/site-packages/airflow/example_dags/example_complex.py
[2024-03-29T13:58:02.512+0000] {processor.py:830} INFO - Processing file /home/airflow/.local/lib/python3.8/site-packages/airflow/example_dags/example_complex.py for tasks to queue
[2024-03-29T13:58:02.514+0000] {logging_mixin.py:188} INFO - [2024-03-29T13:58:02.513+0000] {dagbag.py:540} INFO - Filling up the DagBag from /home/airflow/.local/lib/python3.8/site-packages/airflow/example_dags/example_complex.py
[2024-03-29T13:58:02.521+0000] {processor.py:840} INFO - DAG(s) 'example_complex' retrieved from /home/airflow/.local/lib/python3.8/site-packages/airflow/example_dags/example_complex.py
[2024-03-29T13:58:02.544+0000] {logging_mixin.py:188} INFO - [2024-03-29T13:58:02.543+0000] {dag.py:3047} INFO - Sync 1 DAGs
[2024-03-29T13:58:02.553+0000] {logging_mixin.py:188} INFO - [2024-03-29T13:58:02.553+0000] {dag.py:3834} INFO - Setting next_dagrun for example_complex to None, run_after=None
[2024-03-29T13:58:02.569+0000] {processor.py:183} INFO - Processing /home/airflow/.local/lib/python3.8/site-packages/airflow/example_dags/example_complex.py took 0.059 seconds
[2024-03-29T13:58:32.958+0000] {processor.py:161} INFO - Started process (PID=618) to work on /home/airflow/.local/lib/python3.8/site-packages/airflow/example_dags/example_complex.py
[2024-03-29T13:58:32.959+0000] {processor.py:830} INFO - Processing file /home/airflow/.local/lib/python3.8/site-packages/airflow/example_dags/example_complex.py for tasks to queue
[2024-03-29T13:58:32.961+0000] {logging_mixin.py:188} INFO - [2024-03-29T13:58:32.961+0000] {dagbag.py:540} INFO - Filling up the DagBag from /home/airflow/.local/lib/python3.8/site-packages/airflow/example_dags/example_complex.py
[2024-03-29T13:58:32.969+0000] {processor.py:840} INFO - DAG(s) 'example_complex' retrieved from /home/airflow/.local/lib/python3.8/site-packages/airflow/example_dags/example_complex.py
[2024-03-29T13:58:32.993+0000] {logging_mixin.py:188} INFO - [2024-03-29T13:58:32.993+0000] {dag.py:3047} INFO - Sync 1 DAGs
[2024-03-29T13:58:33.004+0000] {logging_mixin.py:188} INFO - [2024-03-29T13:58:33.003+0000] {dag.py:3834} INFO - Setting next_dagrun for example_complex to None, run_after=None
[2024-03-29T13:58:33.029+0000] {processor.py:183} INFO - Processing /home/airflow/.local/lib/python3.8/site-packages/airflow/example_dags/example_complex.py took 0.074 seconds
[2024-03-29T13:59:03.283+0000] {processor.py:161} INFO - Started process (PID=674) to work on /home/airflow/.local/lib/python3.8/site-packages/airflow/example_dags/example_complex.py
[2024-03-29T13:59:03.284+0000] {processor.py:830} INFO - Processing file /home/airflow/.local/lib/python3.8/site-packages/airflow/example_dags/example_complex.py for tasks to queue
[2024-03-29T13:59:03.286+0000] {logging_mixin.py:188} INFO - [2024-03-29T13:59:03.285+0000] {dagbag.py:540} INFO - Filling up the DagBag from /home/airflow/.local/lib/python3.8/site-packages/airflow/example_dags/example_complex.py
[2024-03-29T13:59:03.294+0000] {processor.py:840} INFO - DAG(s) 'example_complex' retrieved from /home/airflow/.local/lib/python3.8/site-packages/airflow/example_dags/example_complex.py
[2024-03-29T13:59:03.315+0000] {logging_mixin.py:188} INFO - [2024-03-29T13:59:03.315+0000] {dag.py:3047} INFO - Sync 1 DAGs
[2024-03-29T13:59:03.325+0000] {logging_mixin.py:188} INFO - [2024-03-29T13:59:03.324+0000] {dag.py:3834} INFO - Setting next_dagrun for example_complex to None, run_after=None
[2024-03-29T13:59:03.347+0000] {processor.py:183} INFO - Processing /home/airflow/.local/lib/python3.8/site-packages/airflow/example_dags/example_complex.py took 0.066 seconds
[2024-03-29T13:59:33.792+0000] {processor.py:161} INFO - Started process (PID=730) to work on /home/airflow/.local/lib/python3.8/site-packages/airflow/example_dags/example_complex.py
[2024-03-29T13:59:33.794+0000] {processor.py:830} INFO - Processing file /home/airflow/.local/lib/python3.8/site-packages/airflow/example_dags/example_complex.py for tasks to queue
[2024-03-29T13:59:33.796+0000] {logging_mixin.py:188} INFO - [2024-03-29T13:59:33.796+0000] {dagbag.py:540} INFO - Filling up the DagBag from /home/airflow/.local/lib/python3.8/site-packages/airflow/example_dags/example_complex.py
[2024-03-29T13:59:33.804+0000] {processor.py:840} INFO - DAG(s) 'example_complex' retrieved from /home/airflow/.local/lib/python3.8/site-packages/airflow/example_dags/example_complex.py
[2024-03-29T13:59:33.827+0000] {logging_mixin.py:188} INFO - [2024-03-29T13:59:33.827+0000] {dag.py:3047} INFO - Sync 1 DAGs
[2024-03-29T13:59:33.836+0000] {logging_mixin.py:188} INFO - [2024-03-29T13:59:33.836+0000] {dag.py:3834} INFO - Setting next_dagrun for example_complex to None, run_after=None
[2024-03-29T13:59:33.849+0000] {processor.py:183} INFO - Processing /home/airflow/.local/lib/python3.8/site-packages/airflow/example_dags/example_complex.py took 0.059 seconds
