[2024-03-29T13:53:28.413+0000] {processor.py:161} INFO - Started process (PID=55) to work on /home/airflow/.local/lib/python3.8/site-packages/airflow/example_dags/example_sensors.py
[2024-03-29T13:53:28.415+0000] {processor.py:830} INFO - Processing file /home/airflow/.local/lib/python3.8/site-packages/airflow/example_dags/example_sensors.py for tasks to queue
[2024-03-29T13:53:28.417+0000] {logging_mixin.py:188} INFO - [2024-03-29T13:53:28.417+0000] {dagbag.py:540} INFO - Filling up the DagBag from /home/airflow/.local/lib/python3.8/site-packages/airflow/example_dags/example_sensors.py
[2024-03-29T13:53:28.430+0000] {processor.py:840} INFO - DAG(s) 'example_sensors' retrieved from /home/airflow/.local/lib/python3.8/site-packages/airflow/example_dags/example_sensors.py
[2024-03-29T13:53:28.443+0000] {logging_mixin.py:188} INFO - [2024-03-29T13:53:28.443+0000] {dag.py:3047} INFO - Sync 1 DAGs
[2024-03-29T13:53:28.459+0000] {logging_mixin.py:188} INFO - [2024-03-29T13:53:28.459+0000] {dag.py:3834} INFO - Setting next_dagrun for example_sensors to None, run_after=None
[2024-03-29T13:53:28.480+0000] {processor.py:183} INFO - Processing /home/airflow/.local/lib/python3.8/site-packages/airflow/example_dags/example_sensors.py took 0.071 seconds
[2024-03-29T13:53:59.276+0000] {processor.py:161} INFO - Started process (PID=111) to work on /home/airflow/.local/lib/python3.8/site-packages/airflow/example_dags/example_sensors.py
[2024-03-29T13:53:59.277+0000] {processor.py:830} INFO - Processing file /home/airflow/.local/lib/python3.8/site-packages/airflow/example_dags/example_sensors.py for tasks to queue
[2024-03-29T13:53:59.279+0000] {logging_mixin.py:188} INFO - [2024-03-29T13:53:59.278+0000] {dagbag.py:540} INFO - Filling up the DagBag from /home/airflow/.local/lib/python3.8/site-packages/airflow/example_dags/example_sensors.py
[2024-03-29T13:53:59.285+0000] {processor.py:840} INFO - DAG(s) 'example_sensors' retrieved from /home/airflow/.local/lib/python3.8/site-packages/airflow/example_dags/example_sensors.py
[2024-03-29T13:53:59.352+0000] {logging_mixin.py:188} INFO - [2024-03-29T13:53:59.352+0000] {dag.py:3047} INFO - Sync 1 DAGs
[2024-03-29T13:53:59.359+0000] {logging_mixin.py:188} INFO - [2024-03-29T13:53:59.359+0000] {dag.py:3834} INFO - Setting next_dagrun for example_sensors to None, run_after=None
[2024-03-29T13:53:59.379+0000] {processor.py:183} INFO - Processing /home/airflow/.local/lib/python3.8/site-packages/airflow/example_dags/example_sensors.py took 0.105 seconds
[2024-03-29T13:54:29.973+0000] {processor.py:161} INFO - Started process (PID=167) to work on /home/airflow/.local/lib/python3.8/site-packages/airflow/example_dags/example_sensors.py
[2024-03-29T13:54:29.973+0000] {processor.py:830} INFO - Processing file /home/airflow/.local/lib/python3.8/site-packages/airflow/example_dags/example_sensors.py for tasks to queue
[2024-03-29T13:54:29.975+0000] {logging_mixin.py:188} INFO - [2024-03-29T13:54:29.975+0000] {dagbag.py:540} INFO - Filling up the DagBag from /home/airflow/.local/lib/python3.8/site-packages/airflow/example_dags/example_sensors.py
[2024-03-29T13:54:29.981+0000] {processor.py:840} INFO - DAG(s) 'example_sensors' retrieved from /home/airflow/.local/lib/python3.8/site-packages/airflow/example_dags/example_sensors.py
[2024-03-29T13:54:30.001+0000] {logging_mixin.py:188} INFO - [2024-03-29T13:54:30.001+0000] {dag.py:3047} INFO - Sync 1 DAGs
[2024-03-29T13:54:30.009+0000] {logging_mixin.py:188} INFO - [2024-03-29T13:54:30.009+0000] {dag.py:3834} INFO - Setting next_dagrun for example_sensors to None, run_after=None
[2024-03-29T13:54:30.023+0000] {processor.py:183} INFO - Processing /home/airflow/.local/lib/python3.8/site-packages/airflow/example_dags/example_sensors.py took 0.052 seconds
[2024-03-29T13:55:00.308+0000] {processor.py:161} INFO - Started process (PID=223) to work on /home/airflow/.local/lib/python3.8/site-packages/airflow/example_dags/example_sensors.py
[2024-03-29T13:55:00.309+0000] {processor.py:830} INFO - Processing file /home/airflow/.local/lib/python3.8/site-packages/airflow/example_dags/example_sensors.py for tasks to queue
[2024-03-29T13:55:00.311+0000] {logging_mixin.py:188} INFO - [2024-03-29T13:55:00.310+0000] {dagbag.py:540} INFO - Filling up the DagBag from /home/airflow/.local/lib/python3.8/site-packages/airflow/example_dags/example_sensors.py
[2024-03-29T13:55:00.319+0000] {processor.py:840} INFO - DAG(s) 'example_sensors' retrieved from /home/airflow/.local/lib/python3.8/site-packages/airflow/example_dags/example_sensors.py
[2024-03-29T13:55:00.339+0000] {logging_mixin.py:188} INFO - [2024-03-29T13:55:00.339+0000] {dag.py:3047} INFO - Sync 1 DAGs
[2024-03-29T13:55:00.349+0000] {logging_mixin.py:188} INFO - [2024-03-29T13:55:00.348+0000] {dag.py:3834} INFO - Setting next_dagrun for example_sensors to None, run_after=None
[2024-03-29T13:55:00.362+0000] {processor.py:183} INFO - Processing /home/airflow/.local/lib/python3.8/site-packages/airflow/example_dags/example_sensors.py took 0.056 seconds
[2024-03-29T13:55:30.683+0000] {processor.py:161} INFO - Started process (PID=279) to work on /home/airflow/.local/lib/python3.8/site-packages/airflow/example_dags/example_sensors.py
[2024-03-29T13:55:30.684+0000] {processor.py:830} INFO - Processing file /home/airflow/.local/lib/python3.8/site-packages/airflow/example_dags/example_sensors.py for tasks to queue
[2024-03-29T13:55:30.685+0000] {logging_mixin.py:188} INFO - [2024-03-29T13:55:30.685+0000] {dagbag.py:540} INFO - Filling up the DagBag from /home/airflow/.local/lib/python3.8/site-packages/airflow/example_dags/example_sensors.py
[2024-03-29T13:55:30.691+0000] {processor.py:840} INFO - DAG(s) 'example_sensors' retrieved from /home/airflow/.local/lib/python3.8/site-packages/airflow/example_dags/example_sensors.py
[2024-03-29T13:55:30.709+0000] {logging_mixin.py:188} INFO - [2024-03-29T13:55:30.709+0000] {dag.py:3047} INFO - Sync 1 DAGs
[2024-03-29T13:55:30.717+0000] {logging_mixin.py:188} INFO - [2024-03-29T13:55:30.717+0000] {dag.py:3834} INFO - Setting next_dagrun for example_sensors to None, run_after=None
[2024-03-29T13:55:30.741+0000] {processor.py:183} INFO - Processing /home/airflow/.local/lib/python3.8/site-packages/airflow/example_dags/example_sensors.py took 0.060 seconds
[2024-03-29T13:56:00.834+0000] {processor.py:161} INFO - Started process (PID=335) to work on /home/airflow/.local/lib/python3.8/site-packages/airflow/example_dags/example_sensors.py
[2024-03-29T13:56:00.834+0000] {processor.py:830} INFO - Processing file /home/airflow/.local/lib/python3.8/site-packages/airflow/example_dags/example_sensors.py for tasks to queue
[2024-03-29T13:56:00.836+0000] {logging_mixin.py:188} INFO - [2024-03-29T13:56:00.836+0000] {dagbag.py:540} INFO - Filling up the DagBag from /home/airflow/.local/lib/python3.8/site-packages/airflow/example_dags/example_sensors.py
[2024-03-29T13:56:00.842+0000] {processor.py:840} INFO - DAG(s) 'example_sensors' retrieved from /home/airflow/.local/lib/python3.8/site-packages/airflow/example_dags/example_sensors.py
[2024-03-29T13:56:00.862+0000] {logging_mixin.py:188} INFO - [2024-03-29T13:56:00.862+0000] {dag.py:3047} INFO - Sync 1 DAGs
[2024-03-29T13:56:00.871+0000] {logging_mixin.py:188} INFO - [2024-03-29T13:56:00.871+0000] {dag.py:3834} INFO - Setting next_dagrun for example_sensors to None, run_after=None
[2024-03-29T13:56:00.884+0000] {processor.py:183} INFO - Processing /home/airflow/.local/lib/python3.8/site-packages/airflow/example_dags/example_sensors.py took 0.053 seconds
[2024-03-29T13:56:31.214+0000] {processor.py:161} INFO - Started process (PID=391) to work on /home/airflow/.local/lib/python3.8/site-packages/airflow/example_dags/example_sensors.py
[2024-03-29T13:56:31.215+0000] {processor.py:830} INFO - Processing file /home/airflow/.local/lib/python3.8/site-packages/airflow/example_dags/example_sensors.py for tasks to queue
[2024-03-29T13:56:31.217+0000] {logging_mixin.py:188} INFO - [2024-03-29T13:56:31.217+0000] {dagbag.py:540} INFO - Filling up the DagBag from /home/airflow/.local/lib/python3.8/site-packages/airflow/example_dags/example_sensors.py
[2024-03-29T13:56:31.223+0000] {processor.py:840} INFO - DAG(s) 'example_sensors' retrieved from /home/airflow/.local/lib/python3.8/site-packages/airflow/example_dags/example_sensors.py
[2024-03-29T13:56:31.244+0000] {logging_mixin.py:188} INFO - [2024-03-29T13:56:31.244+0000] {dag.py:3047} INFO - Sync 1 DAGs
[2024-03-29T13:56:31.255+0000] {logging_mixin.py:188} INFO - [2024-03-29T13:56:31.255+0000] {dag.py:3834} INFO - Setting next_dagrun for example_sensors to None, run_after=None
[2024-03-29T13:56:31.274+0000] {processor.py:183} INFO - Processing /home/airflow/.local/lib/python3.8/site-packages/airflow/example_dags/example_sensors.py took 0.062 seconds
[2024-03-29T13:57:01.656+0000] {processor.py:161} INFO - Started process (PID=447) to work on /home/airflow/.local/lib/python3.8/site-packages/airflow/example_dags/example_sensors.py
[2024-03-29T13:57:01.657+0000] {processor.py:830} INFO - Processing file /home/airflow/.local/lib/python3.8/site-packages/airflow/example_dags/example_sensors.py for tasks to queue
[2024-03-29T13:57:01.659+0000] {logging_mixin.py:188} INFO - [2024-03-29T13:57:01.659+0000] {dagbag.py:540} INFO - Filling up the DagBag from /home/airflow/.local/lib/python3.8/site-packages/airflow/example_dags/example_sensors.py
[2024-03-29T13:57:01.666+0000] {processor.py:840} INFO - DAG(s) 'example_sensors' retrieved from /home/airflow/.local/lib/python3.8/site-packages/airflow/example_dags/example_sensors.py
[2024-03-29T13:57:01.688+0000] {logging_mixin.py:188} INFO - [2024-03-29T13:57:01.687+0000] {dag.py:3047} INFO - Sync 1 DAGs
[2024-03-29T13:57:01.700+0000] {logging_mixin.py:188} INFO - [2024-03-29T13:57:01.699+0000] {dag.py:3834} INFO - Setting next_dagrun for example_sensors to None, run_after=None
[2024-03-29T13:57:01.728+0000] {processor.py:183} INFO - Processing /home/airflow/.local/lib/python3.8/site-packages/airflow/example_dags/example_sensors.py took 0.075 seconds
[2024-03-29T13:57:32.300+0000] {processor.py:161} INFO - Started process (PID=509) to work on /home/airflow/.local/lib/python3.8/site-packages/airflow/example_dags/example_sensors.py
[2024-03-29T13:57:32.301+0000] {processor.py:830} INFO - Processing file /home/airflow/.local/lib/python3.8/site-packages/airflow/example_dags/example_sensors.py for tasks to queue
[2024-03-29T13:57:32.302+0000] {logging_mixin.py:188} INFO - [2024-03-29T13:57:32.302+0000] {dagbag.py:540} INFO - Filling up the DagBag from /home/airflow/.local/lib/python3.8/site-packages/airflow/example_dags/example_sensors.py
[2024-03-29T13:57:32.309+0000] {processor.py:840} INFO - DAG(s) 'example_sensors' retrieved from /home/airflow/.local/lib/python3.8/site-packages/airflow/example_dags/example_sensors.py
[2024-03-29T13:57:32.330+0000] {logging_mixin.py:188} INFO - [2024-03-29T13:57:32.329+0000] {dag.py:3047} INFO - Sync 1 DAGs
[2024-03-29T13:57:32.339+0000] {logging_mixin.py:188} INFO - [2024-03-29T13:57:32.339+0000] {dag.py:3834} INFO - Setting next_dagrun for example_sensors to None, run_after=None
[2024-03-29T13:57:32.354+0000] {processor.py:183} INFO - Processing /home/airflow/.local/lib/python3.8/site-packages/airflow/example_dags/example_sensors.py took 0.057 seconds
[2024-03-29T13:58:02.591+0000] {processor.py:161} INFO - Started process (PID=564) to work on /home/airflow/.local/lib/python3.8/site-packages/airflow/example_dags/example_sensors.py
[2024-03-29T13:58:02.592+0000] {processor.py:830} INFO - Processing file /home/airflow/.local/lib/python3.8/site-packages/airflow/example_dags/example_sensors.py for tasks to queue
[2024-03-29T13:58:02.593+0000] {logging_mixin.py:188} INFO - [2024-03-29T13:58:02.593+0000] {dagbag.py:540} INFO - Filling up the DagBag from /home/airflow/.local/lib/python3.8/site-packages/airflow/example_dags/example_sensors.py
[2024-03-29T13:58:02.601+0000] {processor.py:840} INFO - DAG(s) 'example_sensors' retrieved from /home/airflow/.local/lib/python3.8/site-packages/airflow/example_dags/example_sensors.py
[2024-03-29T13:58:02.619+0000] {logging_mixin.py:188} INFO - [2024-03-29T13:58:02.618+0000] {dag.py:3047} INFO - Sync 1 DAGs
[2024-03-29T13:58:02.627+0000] {logging_mixin.py:188} INFO - [2024-03-29T13:58:02.627+0000] {dag.py:3834} INFO - Setting next_dagrun for example_sensors to None, run_after=None
[2024-03-29T13:58:02.644+0000] {processor.py:183} INFO - Processing /home/airflow/.local/lib/python3.8/site-packages/airflow/example_dags/example_sensors.py took 0.056 seconds
[2024-03-29T13:58:33.146+0000] {processor.py:161} INFO - Started process (PID=621) to work on /home/airflow/.local/lib/python3.8/site-packages/airflow/example_dags/example_sensors.py
[2024-03-29T13:58:33.148+0000] {processor.py:830} INFO - Processing file /home/airflow/.local/lib/python3.8/site-packages/airflow/example_dags/example_sensors.py for tasks to queue
[2024-03-29T13:58:33.150+0000] {logging_mixin.py:188} INFO - [2024-03-29T13:58:33.150+0000] {dagbag.py:540} INFO - Filling up the DagBag from /home/airflow/.local/lib/python3.8/site-packages/airflow/example_dags/example_sensors.py
[2024-03-29T13:58:33.158+0000] {processor.py:840} INFO - DAG(s) 'example_sensors' retrieved from /home/airflow/.local/lib/python3.8/site-packages/airflow/example_dags/example_sensors.py
[2024-03-29T13:58:33.181+0000] {logging_mixin.py:188} INFO - [2024-03-29T13:58:33.180+0000] {dag.py:3047} INFO - Sync 1 DAGs
[2024-03-29T13:58:33.196+0000] {logging_mixin.py:188} INFO - [2024-03-29T13:58:33.196+0000] {dag.py:3834} INFO - Setting next_dagrun for example_sensors to None, run_after=None
[2024-03-29T13:58:33.215+0000] {processor.py:183} INFO - Processing /home/airflow/.local/lib/python3.8/site-packages/airflow/example_dags/example_sensors.py took 0.073 seconds
[2024-03-29T13:59:03.452+0000] {processor.py:161} INFO - Started process (PID=676) to work on /home/airflow/.local/lib/python3.8/site-packages/airflow/example_dags/example_sensors.py
[2024-03-29T13:59:03.452+0000] {processor.py:830} INFO - Processing file /home/airflow/.local/lib/python3.8/site-packages/airflow/example_dags/example_sensors.py for tasks to queue
[2024-03-29T13:59:03.454+0000] {logging_mixin.py:188} INFO - [2024-03-29T13:59:03.454+0000] {dagbag.py:540} INFO - Filling up the DagBag from /home/airflow/.local/lib/python3.8/site-packages/airflow/example_dags/example_sensors.py
[2024-03-29T13:59:03.460+0000] {processor.py:840} INFO - DAG(s) 'example_sensors' retrieved from /home/airflow/.local/lib/python3.8/site-packages/airflow/example_dags/example_sensors.py
[2024-03-29T13:59:03.479+0000] {logging_mixin.py:188} INFO - [2024-03-29T13:59:03.479+0000] {dag.py:3047} INFO - Sync 1 DAGs
[2024-03-29T13:59:03.488+0000] {logging_mixin.py:188} INFO - [2024-03-29T13:59:03.488+0000] {dag.py:3834} INFO - Setting next_dagrun for example_sensors to None, run_after=None
[2024-03-29T13:59:03.504+0000] {processor.py:183} INFO - Processing /home/airflow/.local/lib/python3.8/site-packages/airflow/example_dags/example_sensors.py took 0.055 seconds
[2024-03-29T13:59:33.871+0000] {processor.py:161} INFO - Started process (PID=732) to work on /home/airflow/.local/lib/python3.8/site-packages/airflow/example_dags/example_sensors.py
[2024-03-29T13:59:33.871+0000] {processor.py:830} INFO - Processing file /home/airflow/.local/lib/python3.8/site-packages/airflow/example_dags/example_sensors.py for tasks to queue
[2024-03-29T13:59:33.873+0000] {logging_mixin.py:188} INFO - [2024-03-29T13:59:33.873+0000] {dagbag.py:540} INFO - Filling up the DagBag from /home/airflow/.local/lib/python3.8/site-packages/airflow/example_dags/example_sensors.py
[2024-03-29T13:59:33.879+0000] {processor.py:840} INFO - DAG(s) 'example_sensors' retrieved from /home/airflow/.local/lib/python3.8/site-packages/airflow/example_dags/example_sensors.py
[2024-03-29T13:59:33.897+0000] {logging_mixin.py:188} INFO - [2024-03-29T13:59:33.897+0000] {dag.py:3047} INFO - Sync 1 DAGs
[2024-03-29T13:59:33.905+0000] {logging_mixin.py:188} INFO - [2024-03-29T13:59:33.905+0000] {dag.py:3834} INFO - Setting next_dagrun for example_sensors to None, run_after=None
[2024-03-29T13:59:33.928+0000] {processor.py:183} INFO - Processing /home/airflow/.local/lib/python3.8/site-packages/airflow/example_dags/example_sensors.py took 0.060 seconds
