[2024-03-29T13:53:28.076+0000] {processor.py:161} INFO - Started process (PID=51) to work on /home/airflow/.local/lib/python3.8/site-packages/airflow/example_dags/example_task_group.py
[2024-03-29T13:53:28.077+0000] {processor.py:830} INFO - Processing file /home/airflow/.local/lib/python3.8/site-packages/airflow/example_dags/example_task_group.py for tasks to queue
[2024-03-29T13:53:28.079+0000] {logging_mixin.py:188} INFO - [2024-03-29T13:53:28.078+0000] {dagbag.py:540} INFO - Filling up the DagBag from /home/airflow/.local/lib/python3.8/site-packages/airflow/example_dags/example_task_group.py
[2024-03-29T13:53:28.090+0000] {processor.py:840} INFO - DAG(s) 'example_task_group' retrieved from /home/airflow/.local/lib/python3.8/site-packages/airflow/example_dags/example_task_group.py
[2024-03-29T13:53:28.103+0000] {logging_mixin.py:188} INFO - [2024-03-29T13:53:28.103+0000] {dag.py:3047} INFO - Sync 1 DAGs
[2024-03-29T13:53:28.128+0000] {logging_mixin.py:188} INFO - [2024-03-29T13:53:28.128+0000] {dag.py:3834} INFO - Setting next_dagrun for example_task_group to 2024-03-28 00:00:00+00:00, run_after=2024-03-29 00:00:00+00:00
[2024-03-29T13:53:28.146+0000] {processor.py:183} INFO - Processing /home/airflow/.local/lib/python3.8/site-packages/airflow/example_dags/example_task_group.py took 0.075 seconds
[2024-03-29T13:53:59.012+0000] {processor.py:161} INFO - Started process (PID=107) to work on /home/airflow/.local/lib/python3.8/site-packages/airflow/example_dags/example_task_group.py
[2024-03-29T13:53:59.013+0000] {processor.py:830} INFO - Processing file /home/airflow/.local/lib/python3.8/site-packages/airflow/example_dags/example_task_group.py for tasks to queue
[2024-03-29T13:53:59.014+0000] {logging_mixin.py:188} INFO - [2024-03-29T13:53:59.014+0000] {dagbag.py:540} INFO - Filling up the DagBag from /home/airflow/.local/lib/python3.8/site-packages/airflow/example_dags/example_task_group.py
[2024-03-29T13:53:59.021+0000] {processor.py:840} INFO - DAG(s) 'example_task_group' retrieved from /home/airflow/.local/lib/python3.8/site-packages/airflow/example_dags/example_task_group.py
[2024-03-29T13:53:59.096+0000] {logging_mixin.py:188} INFO - [2024-03-29T13:53:59.096+0000] {dag.py:3047} INFO - Sync 1 DAGs
[2024-03-29T13:53:59.110+0000] {logging_mixin.py:188} INFO - [2024-03-29T13:53:59.110+0000] {dag.py:3834} INFO - Setting next_dagrun for example_task_group to 2024-03-28 00:00:00+00:00, run_after=2024-03-29 00:00:00+00:00
[2024-03-29T13:53:59.123+0000] {processor.py:183} INFO - Processing /home/airflow/.local/lib/python3.8/site-packages/airflow/example_dags/example_task_group.py took 0.113 seconds
[2024-03-29T13:54:29.775+0000] {processor.py:161} INFO - Started process (PID=163) to work on /home/airflow/.local/lib/python3.8/site-packages/airflow/example_dags/example_task_group.py
[2024-03-29T13:54:29.775+0000] {processor.py:830} INFO - Processing file /home/airflow/.local/lib/python3.8/site-packages/airflow/example_dags/example_task_group.py for tasks to queue
[2024-03-29T13:54:29.777+0000] {logging_mixin.py:188} INFO - [2024-03-29T13:54:29.777+0000] {dagbag.py:540} INFO - Filling up the DagBag from /home/airflow/.local/lib/python3.8/site-packages/airflow/example_dags/example_task_group.py
[2024-03-29T13:54:29.782+0000] {processor.py:840} INFO - DAG(s) 'example_task_group' retrieved from /home/airflow/.local/lib/python3.8/site-packages/airflow/example_dags/example_task_group.py
[2024-03-29T13:54:29.802+0000] {logging_mixin.py:188} INFO - [2024-03-29T13:54:29.802+0000] {dag.py:3047} INFO - Sync 1 DAGs
[2024-03-29T13:54:29.818+0000] {logging_mixin.py:188} INFO - [2024-03-29T13:54:29.817+0000] {dag.py:3834} INFO - Setting next_dagrun for example_task_group to 2024-03-28 00:00:00+00:00, run_after=2024-03-29 00:00:00+00:00
[2024-03-29T13:54:29.830+0000] {processor.py:183} INFO - Processing /home/airflow/.local/lib/python3.8/site-packages/airflow/example_dags/example_task_group.py took 0.058 seconds
[2024-03-29T13:55:00.105+0000] {processor.py:161} INFO - Started process (PID=219) to work on /home/airflow/.local/lib/python3.8/site-packages/airflow/example_dags/example_task_group.py
[2024-03-29T13:55:00.106+0000] {processor.py:830} INFO - Processing file /home/airflow/.local/lib/python3.8/site-packages/airflow/example_dags/example_task_group.py for tasks to queue
[2024-03-29T13:55:00.107+0000] {logging_mixin.py:188} INFO - [2024-03-29T13:55:00.107+0000] {dagbag.py:540} INFO - Filling up the DagBag from /home/airflow/.local/lib/python3.8/site-packages/airflow/example_dags/example_task_group.py
[2024-03-29T13:55:00.113+0000] {processor.py:840} INFO - DAG(s) 'example_task_group' retrieved from /home/airflow/.local/lib/python3.8/site-packages/airflow/example_dags/example_task_group.py
[2024-03-29T13:55:00.133+0000] {logging_mixin.py:188} INFO - [2024-03-29T13:55:00.133+0000] {dag.py:3047} INFO - Sync 1 DAGs
[2024-03-29T13:55:00.151+0000] {logging_mixin.py:188} INFO - [2024-03-29T13:55:00.150+0000] {dag.py:3834} INFO - Setting next_dagrun for example_task_group to 2024-03-28 00:00:00+00:00, run_after=2024-03-29 00:00:00+00:00
[2024-03-29T13:55:00.166+0000] {processor.py:183} INFO - Processing /home/airflow/.local/lib/python3.8/site-packages/airflow/example_dags/example_task_group.py took 0.063 seconds
[2024-03-29T13:55:30.423+0000] {processor.py:161} INFO - Started process (PID=275) to work on /home/airflow/.local/lib/python3.8/site-packages/airflow/example_dags/example_task_group.py
[2024-03-29T13:55:30.424+0000] {processor.py:830} INFO - Processing file /home/airflow/.local/lib/python3.8/site-packages/airflow/example_dags/example_task_group.py for tasks to queue
[2024-03-29T13:55:30.425+0000] {logging_mixin.py:188} INFO - [2024-03-29T13:55:30.425+0000] {dagbag.py:540} INFO - Filling up the DagBag from /home/airflow/.local/lib/python3.8/site-packages/airflow/example_dags/example_task_group.py
[2024-03-29T13:55:30.430+0000] {processor.py:840} INFO - DAG(s) 'example_task_group' retrieved from /home/airflow/.local/lib/python3.8/site-packages/airflow/example_dags/example_task_group.py
[2024-03-29T13:55:30.444+0000] {logging_mixin.py:188} INFO - [2024-03-29T13:55:30.444+0000] {dag.py:3047} INFO - Sync 1 DAGs
[2024-03-29T13:55:30.459+0000] {logging_mixin.py:188} INFO - [2024-03-29T13:55:30.458+0000] {dag.py:3834} INFO - Setting next_dagrun for example_task_group to 2024-03-28 00:00:00+00:00, run_after=2024-03-29 00:00:00+00:00
[2024-03-29T13:55:30.471+0000] {processor.py:183} INFO - Processing /home/airflow/.local/lib/python3.8/site-packages/airflow/example_dags/example_task_group.py took 0.050 seconds
[2024-03-29T13:56:00.632+0000] {processor.py:161} INFO - Started process (PID=331) to work on /home/airflow/.local/lib/python3.8/site-packages/airflow/example_dags/example_task_group.py
[2024-03-29T13:56:00.633+0000] {processor.py:830} INFO - Processing file /home/airflow/.local/lib/python3.8/site-packages/airflow/example_dags/example_task_group.py for tasks to queue
[2024-03-29T13:56:00.635+0000] {logging_mixin.py:188} INFO - [2024-03-29T13:56:00.635+0000] {dagbag.py:540} INFO - Filling up the DagBag from /home/airflow/.local/lib/python3.8/site-packages/airflow/example_dags/example_task_group.py
[2024-03-29T13:56:00.642+0000] {processor.py:840} INFO - DAG(s) 'example_task_group' retrieved from /home/airflow/.local/lib/python3.8/site-packages/airflow/example_dags/example_task_group.py
[2024-03-29T13:56:00.659+0000] {logging_mixin.py:188} INFO - [2024-03-29T13:56:00.658+0000] {dag.py:3047} INFO - Sync 1 DAGs
[2024-03-29T13:56:00.674+0000] {logging_mixin.py:188} INFO - [2024-03-29T13:56:00.673+0000] {dag.py:3834} INFO - Setting next_dagrun for example_task_group to 2024-03-28 00:00:00+00:00, run_after=2024-03-29 00:00:00+00:00
[2024-03-29T13:56:00.696+0000] {processor.py:183} INFO - Processing /home/airflow/.local/lib/python3.8/site-packages/airflow/example_dags/example_task_group.py took 0.066 seconds
[2024-03-29T13:56:30.915+0000] {processor.py:161} INFO - Started process (PID=387) to work on /home/airflow/.local/lib/python3.8/site-packages/airflow/example_dags/example_task_group.py
[2024-03-29T13:56:30.916+0000] {processor.py:830} INFO - Processing file /home/airflow/.local/lib/python3.8/site-packages/airflow/example_dags/example_task_group.py for tasks to queue
[2024-03-29T13:56:30.917+0000] {logging_mixin.py:188} INFO - [2024-03-29T13:56:30.917+0000] {dagbag.py:540} INFO - Filling up the DagBag from /home/airflow/.local/lib/python3.8/site-packages/airflow/example_dags/example_task_group.py
[2024-03-29T13:56:30.922+0000] {processor.py:840} INFO - DAG(s) 'example_task_group' retrieved from /home/airflow/.local/lib/python3.8/site-packages/airflow/example_dags/example_task_group.py
[2024-03-29T13:56:30.938+0000] {logging_mixin.py:188} INFO - [2024-03-29T13:56:30.937+0000] {dag.py:3047} INFO - Sync 1 DAGs
[2024-03-29T13:56:30.953+0000] {logging_mixin.py:188} INFO - [2024-03-29T13:56:30.953+0000] {dag.py:3834} INFO - Setting next_dagrun for example_task_group to 2024-03-28 00:00:00+00:00, run_after=2024-03-29 00:00:00+00:00
[2024-03-29T13:56:30.967+0000] {processor.py:183} INFO - Processing /home/airflow/.local/lib/python3.8/site-packages/airflow/example_dags/example_task_group.py took 0.054 seconds
[2024-03-29T13:57:01.237+0000] {processor.py:161} INFO - Started process (PID=442) to work on /home/airflow/.local/lib/python3.8/site-packages/airflow/example_dags/example_task_group.py
[2024-03-29T13:57:01.238+0000] {processor.py:830} INFO - Processing file /home/airflow/.local/lib/python3.8/site-packages/airflow/example_dags/example_task_group.py for tasks to queue
[2024-03-29T13:57:01.239+0000] {logging_mixin.py:188} INFO - [2024-03-29T13:57:01.239+0000] {dagbag.py:540} INFO - Filling up the DagBag from /home/airflow/.local/lib/python3.8/site-packages/airflow/example_dags/example_task_group.py
[2024-03-29T13:57:01.245+0000] {processor.py:840} INFO - DAG(s) 'example_task_group' retrieved from /home/airflow/.local/lib/python3.8/site-packages/airflow/example_dags/example_task_group.py
[2024-03-29T13:57:01.266+0000] {logging_mixin.py:188} INFO - [2024-03-29T13:57:01.266+0000] {dag.py:3047} INFO - Sync 1 DAGs
[2024-03-29T13:57:01.287+0000] {logging_mixin.py:188} INFO - [2024-03-29T13:57:01.287+0000] {dag.py:3834} INFO - Setting next_dagrun for example_task_group to 2024-03-28 00:00:00+00:00, run_after=2024-03-29 00:00:00+00:00
[2024-03-29T13:57:01.310+0000] {processor.py:183} INFO - Processing /home/airflow/.local/lib/python3.8/site-packages/airflow/example_dags/example_task_group.py took 0.075 seconds
[2024-03-29T13:57:32.020+0000] {processor.py:161} INFO - Started process (PID=504) to work on /home/airflow/.local/lib/python3.8/site-packages/airflow/example_dags/example_task_group.py
[2024-03-29T13:57:32.021+0000] {processor.py:830} INFO - Processing file /home/airflow/.local/lib/python3.8/site-packages/airflow/example_dags/example_task_group.py for tasks to queue
[2024-03-29T13:57:32.023+0000] {logging_mixin.py:188} INFO - [2024-03-29T13:57:32.022+0000] {dagbag.py:540} INFO - Filling up the DagBag from /home/airflow/.local/lib/python3.8/site-packages/airflow/example_dags/example_task_group.py
[2024-03-29T13:57:32.028+0000] {processor.py:840} INFO - DAG(s) 'example_task_group' retrieved from /home/airflow/.local/lib/python3.8/site-packages/airflow/example_dags/example_task_group.py
[2024-03-29T13:57:32.044+0000] {logging_mixin.py:188} INFO - [2024-03-29T13:57:32.044+0000] {dag.py:3047} INFO - Sync 1 DAGs
[2024-03-29T13:57:32.059+0000] {logging_mixin.py:188} INFO - [2024-03-29T13:57:32.059+0000] {dag.py:3834} INFO - Setting next_dagrun for example_task_group to 2024-03-28 00:00:00+00:00, run_after=2024-03-29 00:00:00+00:00
[2024-03-29T13:57:32.075+0000] {processor.py:183} INFO - Processing /home/airflow/.local/lib/python3.8/site-packages/airflow/example_dags/example_task_group.py took 0.057 seconds
[2024-03-29T13:58:02.433+0000] {processor.py:161} INFO - Started process (PID=560) to work on /home/airflow/.local/lib/python3.8/site-packages/airflow/example_dags/example_task_group.py
[2024-03-29T13:58:02.434+0000] {processor.py:830} INFO - Processing file /home/airflow/.local/lib/python3.8/site-packages/airflow/example_dags/example_task_group.py for tasks to queue
[2024-03-29T13:58:02.435+0000] {logging_mixin.py:188} INFO - [2024-03-29T13:58:02.435+0000] {dagbag.py:540} INFO - Filling up the DagBag from /home/airflow/.local/lib/python3.8/site-packages/airflow/example_dags/example_task_group.py
[2024-03-29T13:58:02.441+0000] {processor.py:840} INFO - DAG(s) 'example_task_group' retrieved from /home/airflow/.local/lib/python3.8/site-packages/airflow/example_dags/example_task_group.py
[2024-03-29T13:58:02.460+0000] {logging_mixin.py:188} INFO - [2024-03-29T13:58:02.460+0000] {dag.py:3047} INFO - Sync 1 DAGs
[2024-03-29T13:58:02.480+0000] {logging_mixin.py:188} INFO - [2024-03-29T13:58:02.479+0000] {dag.py:3834} INFO - Setting next_dagrun for example_task_group to 2024-03-28 00:00:00+00:00, run_after=2024-03-29 00:00:00+00:00
[2024-03-29T13:58:02.493+0000] {processor.py:183} INFO - Processing /home/airflow/.local/lib/python3.8/site-packages/airflow/example_dags/example_task_group.py took 0.062 seconds
[2024-03-29T13:58:32.762+0000] {processor.py:161} INFO - Started process (PID=616) to work on /home/airflow/.local/lib/python3.8/site-packages/airflow/example_dags/example_task_group.py
[2024-03-29T13:58:32.763+0000] {processor.py:830} INFO - Processing file /home/airflow/.local/lib/python3.8/site-packages/airflow/example_dags/example_task_group.py for tasks to queue
[2024-03-29T13:58:32.764+0000] {logging_mixin.py:188} INFO - [2024-03-29T13:58:32.764+0000] {dagbag.py:540} INFO - Filling up the DagBag from /home/airflow/.local/lib/python3.8/site-packages/airflow/example_dags/example_task_group.py
[2024-03-29T13:58:32.770+0000] {processor.py:840} INFO - DAG(s) 'example_task_group' retrieved from /home/airflow/.local/lib/python3.8/site-packages/airflow/example_dags/example_task_group.py
[2024-03-29T13:58:32.787+0000] {logging_mixin.py:188} INFO - [2024-03-29T13:58:32.786+0000] {dag.py:3047} INFO - Sync 1 DAGs
[2024-03-29T13:58:32.807+0000] {logging_mixin.py:188} INFO - [2024-03-29T13:58:32.807+0000] {dag.py:3834} INFO - Setting next_dagrun for example_task_group to 2024-03-28 00:00:00+00:00, run_after=2024-03-29 00:00:00+00:00
[2024-03-29T13:58:32.823+0000] {processor.py:183} INFO - Processing /home/airflow/.local/lib/python3.8/site-packages/airflow/example_dags/example_task_group.py took 0.063 seconds
[2024-03-29T13:59:03.210+0000] {processor.py:161} INFO - Started process (PID=672) to work on /home/airflow/.local/lib/python3.8/site-packages/airflow/example_dags/example_task_group.py
[2024-03-29T13:59:03.211+0000] {processor.py:830} INFO - Processing file /home/airflow/.local/lib/python3.8/site-packages/airflow/example_dags/example_task_group.py for tasks to queue
[2024-03-29T13:59:03.212+0000] {logging_mixin.py:188} INFO - [2024-03-29T13:59:03.212+0000] {dagbag.py:540} INFO - Filling up the DagBag from /home/airflow/.local/lib/python3.8/site-packages/airflow/example_dags/example_task_group.py
[2024-03-29T13:59:03.218+0000] {processor.py:840} INFO - DAG(s) 'example_task_group' retrieved from /home/airflow/.local/lib/python3.8/site-packages/airflow/example_dags/example_task_group.py
[2024-03-29T13:59:03.233+0000] {logging_mixin.py:188} INFO - [2024-03-29T13:59:03.233+0000] {dag.py:3047} INFO - Sync 1 DAGs
[2024-03-29T13:59:03.249+0000] {logging_mixin.py:188} INFO - [2024-03-29T13:59:03.249+0000] {dag.py:3834} INFO - Setting next_dagrun for example_task_group to 2024-03-28 00:00:00+00:00, run_after=2024-03-29 00:00:00+00:00
[2024-03-29T13:59:03.263+0000] {processor.py:183} INFO - Processing /home/airflow/.local/lib/python3.8/site-packages/airflow/example_dags/example_task_group.py took 0.055 seconds
[2024-03-29T13:59:33.624+0000] {processor.py:161} INFO - Started process (PID=728) to work on /home/airflow/.local/lib/python3.8/site-packages/airflow/example_dags/example_task_group.py
[2024-03-29T13:59:33.624+0000] {processor.py:830} INFO - Processing file /home/airflow/.local/lib/python3.8/site-packages/airflow/example_dags/example_task_group.py for tasks to queue
[2024-03-29T13:59:33.626+0000] {logging_mixin.py:188} INFO - [2024-03-29T13:59:33.625+0000] {dagbag.py:540} INFO - Filling up the DagBag from /home/airflow/.local/lib/python3.8/site-packages/airflow/example_dags/example_task_group.py
[2024-03-29T13:59:33.631+0000] {processor.py:840} INFO - DAG(s) 'example_task_group' retrieved from /home/airflow/.local/lib/python3.8/site-packages/airflow/example_dags/example_task_group.py
[2024-03-29T13:59:33.649+0000] {logging_mixin.py:188} INFO - [2024-03-29T13:59:33.648+0000] {dag.py:3047} INFO - Sync 1 DAGs
[2024-03-29T13:59:33.665+0000] {logging_mixin.py:188} INFO - [2024-03-29T13:59:33.665+0000] {dag.py:3834} INFO - Setting next_dagrun for example_task_group to 2024-03-28 00:00:00+00:00, run_after=2024-03-29 00:00:00+00:00
[2024-03-29T13:59:33.681+0000] {processor.py:183} INFO - Processing /home/airflow/.local/lib/python3.8/site-packages/airflow/example_dags/example_task_group.py took 0.060 seconds
