[2024-03-29T13:53:29.565+0000] {processor.py:161} INFO - Started process (PID=76) to work on /home/airflow/.local/lib/python3.8/site-packages/airflow/example_dags/example_trigger_controller_dag.py
[2024-03-29T13:53:29.566+0000] {processor.py:830} INFO - Processing file /home/airflow/.local/lib/python3.8/site-packages/airflow/example_dags/example_trigger_controller_dag.py for tasks to queue
[2024-03-29T13:53:29.568+0000] {logging_mixin.py:188} INFO - [2024-03-29T13:53:29.568+0000] {dagbag.py:540} INFO - Filling up the DagBag from /home/airflow/.local/lib/python3.8/site-packages/airflow/example_dags/example_trigger_controller_dag.py
[2024-03-29T13:53:29.575+0000] {processor.py:840} INFO - DAG(s) 'example_trigger_controller_dag' retrieved from /home/airflow/.local/lib/python3.8/site-packages/airflow/example_dags/example_trigger_controller_dag.py
[2024-03-29T13:53:29.587+0000] {logging_mixin.py:188} INFO - [2024-03-29T13:53:29.587+0000] {dag.py:3047} INFO - Sync 1 DAGs
[2024-03-29T13:53:29.608+0000] {logging_mixin.py:188} INFO - [2024-03-29T13:53:29.608+0000] {dag.py:3834} INFO - Setting next_dagrun for example_trigger_controller_dag to 2021-01-01 00:00:00+00:00, run_after=2021-01-01 00:00:00+00:00
[2024-03-29T13:53:29.626+0000] {processor.py:183} INFO - Processing /home/airflow/.local/lib/python3.8/site-packages/airflow/example_dags/example_trigger_controller_dag.py took 0.064 seconds
[2024-03-29T13:54:00.938+0000] {processor.py:161} INFO - Started process (PID=132) to work on /home/airflow/.local/lib/python3.8/site-packages/airflow/example_dags/example_trigger_controller_dag.py
[2024-03-29T13:54:00.939+0000] {processor.py:830} INFO - Processing file /home/airflow/.local/lib/python3.8/site-packages/airflow/example_dags/example_trigger_controller_dag.py for tasks to queue
[2024-03-29T13:54:00.940+0000] {logging_mixin.py:188} INFO - [2024-03-29T13:54:00.940+0000] {dagbag.py:540} INFO - Filling up the DagBag from /home/airflow/.local/lib/python3.8/site-packages/airflow/example_dags/example_trigger_controller_dag.py
[2024-03-29T13:54:00.944+0000] {processor.py:840} INFO - DAG(s) 'example_trigger_controller_dag' retrieved from /home/airflow/.local/lib/python3.8/site-packages/airflow/example_dags/example_trigger_controller_dag.py
[2024-03-29T13:54:01.013+0000] {logging_mixin.py:188} INFO - [2024-03-29T13:54:01.012+0000] {dag.py:3047} INFO - Sync 1 DAGs
[2024-03-29T13:54:01.028+0000] {logging_mixin.py:188} INFO - [2024-03-29T13:54:01.028+0000] {dag.py:3834} INFO - Setting next_dagrun for example_trigger_controller_dag to 2021-01-01 00:00:00+00:00, run_after=2021-01-01 00:00:00+00:00
[2024-03-29T13:54:01.043+0000] {processor.py:183} INFO - Processing /home/airflow/.local/lib/python3.8/site-packages/airflow/example_dags/example_trigger_controller_dag.py took 0.108 seconds
[2024-03-29T13:54:31.822+0000] {processor.py:161} INFO - Started process (PID=188) to work on /home/airflow/.local/lib/python3.8/site-packages/airflow/example_dags/example_trigger_controller_dag.py
[2024-03-29T13:54:31.823+0000] {processor.py:830} INFO - Processing file /home/airflow/.local/lib/python3.8/site-packages/airflow/example_dags/example_trigger_controller_dag.py for tasks to queue
[2024-03-29T13:54:31.825+0000] {logging_mixin.py:188} INFO - [2024-03-29T13:54:31.824+0000] {dagbag.py:540} INFO - Filling up the DagBag from /home/airflow/.local/lib/python3.8/site-packages/airflow/example_dags/example_trigger_controller_dag.py
[2024-03-29T13:54:31.828+0000] {processor.py:840} INFO - DAG(s) 'example_trigger_controller_dag' retrieved from /home/airflow/.local/lib/python3.8/site-packages/airflow/example_dags/example_trigger_controller_dag.py
[2024-03-29T13:54:31.843+0000] {logging_mixin.py:188} INFO - [2024-03-29T13:54:31.843+0000] {dag.py:3047} INFO - Sync 1 DAGs
[2024-03-29T13:54:31.858+0000] {logging_mixin.py:188} INFO - [2024-03-29T13:54:31.857+0000] {dag.py:3834} INFO - Setting next_dagrun for example_trigger_controller_dag to 2021-01-01 00:00:00+00:00, run_after=2021-01-01 00:00:00+00:00
[2024-03-29T13:54:31.871+0000] {processor.py:183} INFO - Processing /home/airflow/.local/lib/python3.8/site-packages/airflow/example_dags/example_trigger_controller_dag.py took 0.051 seconds
[2024-03-29T13:55:02.294+0000] {processor.py:161} INFO - Started process (PID=244) to work on /home/airflow/.local/lib/python3.8/site-packages/airflow/example_dags/example_trigger_controller_dag.py
[2024-03-29T13:55:02.295+0000] {processor.py:830} INFO - Processing file /home/airflow/.local/lib/python3.8/site-packages/airflow/example_dags/example_trigger_controller_dag.py for tasks to queue
[2024-03-29T13:55:02.296+0000] {logging_mixin.py:188} INFO - [2024-03-29T13:55:02.296+0000] {dagbag.py:540} INFO - Filling up the DagBag from /home/airflow/.local/lib/python3.8/site-packages/airflow/example_dags/example_trigger_controller_dag.py
[2024-03-29T13:55:02.299+0000] {processor.py:840} INFO - DAG(s) 'example_trigger_controller_dag' retrieved from /home/airflow/.local/lib/python3.8/site-packages/airflow/example_dags/example_trigger_controller_dag.py
[2024-03-29T13:55:02.316+0000] {logging_mixin.py:188} INFO - [2024-03-29T13:55:02.316+0000] {dag.py:3047} INFO - Sync 1 DAGs
[2024-03-29T13:55:02.334+0000] {logging_mixin.py:188} INFO - [2024-03-29T13:55:02.334+0000] {dag.py:3834} INFO - Setting next_dagrun for example_trigger_controller_dag to 2021-01-01 00:00:00+00:00, run_after=2021-01-01 00:00:00+00:00
[2024-03-29T13:55:02.347+0000] {processor.py:183} INFO - Processing /home/airflow/.local/lib/python3.8/site-packages/airflow/example_dags/example_trigger_controller_dag.py took 0.055 seconds
[2024-03-29T13:55:32.625+0000] {processor.py:161} INFO - Started process (PID=300) to work on /home/airflow/.local/lib/python3.8/site-packages/airflow/example_dags/example_trigger_controller_dag.py
[2024-03-29T13:55:32.626+0000] {processor.py:830} INFO - Processing file /home/airflow/.local/lib/python3.8/site-packages/airflow/example_dags/example_trigger_controller_dag.py for tasks to queue
[2024-03-29T13:55:32.627+0000] {logging_mixin.py:188} INFO - [2024-03-29T13:55:32.627+0000] {dagbag.py:540} INFO - Filling up the DagBag from /home/airflow/.local/lib/python3.8/site-packages/airflow/example_dags/example_trigger_controller_dag.py
[2024-03-29T13:55:32.630+0000] {processor.py:840} INFO - DAG(s) 'example_trigger_controller_dag' retrieved from /home/airflow/.local/lib/python3.8/site-packages/airflow/example_dags/example_trigger_controller_dag.py
[2024-03-29T13:55:32.646+0000] {logging_mixin.py:188} INFO - [2024-03-29T13:55:32.646+0000] {dag.py:3047} INFO - Sync 1 DAGs
[2024-03-29T13:55:32.662+0000] {logging_mixin.py:188} INFO - [2024-03-29T13:55:32.662+0000] {dag.py:3834} INFO - Setting next_dagrun for example_trigger_controller_dag to 2021-01-01 00:00:00+00:00, run_after=2021-01-01 00:00:00+00:00
[2024-03-29T13:55:32.682+0000] {processor.py:183} INFO - Processing /home/airflow/.local/lib/python3.8/site-packages/airflow/example_dags/example_trigger_controller_dag.py took 0.059 seconds
[2024-03-29T13:56:02.832+0000] {processor.py:161} INFO - Started process (PID=356) to work on /home/airflow/.local/lib/python3.8/site-packages/airflow/example_dags/example_trigger_controller_dag.py
[2024-03-29T13:56:02.833+0000] {processor.py:830} INFO - Processing file /home/airflow/.local/lib/python3.8/site-packages/airflow/example_dags/example_trigger_controller_dag.py for tasks to queue
[2024-03-29T13:56:02.835+0000] {logging_mixin.py:188} INFO - [2024-03-29T13:56:02.834+0000] {dagbag.py:540} INFO - Filling up the DagBag from /home/airflow/.local/lib/python3.8/site-packages/airflow/example_dags/example_trigger_controller_dag.py
[2024-03-29T13:56:02.838+0000] {processor.py:840} INFO - DAG(s) 'example_trigger_controller_dag' retrieved from /home/airflow/.local/lib/python3.8/site-packages/airflow/example_dags/example_trigger_controller_dag.py
[2024-03-29T13:56:02.852+0000] {logging_mixin.py:188} INFO - [2024-03-29T13:56:02.851+0000] {dag.py:3047} INFO - Sync 1 DAGs
[2024-03-29T13:56:02.866+0000] {logging_mixin.py:188} INFO - [2024-03-29T13:56:02.866+0000] {dag.py:3834} INFO - Setting next_dagrun for example_trigger_controller_dag to 2021-01-01 00:00:00+00:00, run_after=2021-01-01 00:00:00+00:00
[2024-03-29T13:56:02.880+0000] {processor.py:183} INFO - Processing /home/airflow/.local/lib/python3.8/site-packages/airflow/example_dags/example_trigger_controller_dag.py took 0.050 seconds
[2024-03-29T13:56:33.091+0000] {processor.py:161} INFO - Started process (PID=412) to work on /home/airflow/.local/lib/python3.8/site-packages/airflow/example_dags/example_trigger_controller_dag.py
[2024-03-29T13:56:33.092+0000] {processor.py:830} INFO - Processing file /home/airflow/.local/lib/python3.8/site-packages/airflow/example_dags/example_trigger_controller_dag.py for tasks to queue
[2024-03-29T13:56:33.094+0000] {logging_mixin.py:188} INFO - [2024-03-29T13:56:33.094+0000] {dagbag.py:540} INFO - Filling up the DagBag from /home/airflow/.local/lib/python3.8/site-packages/airflow/example_dags/example_trigger_controller_dag.py
[2024-03-29T13:56:33.098+0000] {processor.py:840} INFO - DAG(s) 'example_trigger_controller_dag' retrieved from /home/airflow/.local/lib/python3.8/site-packages/airflow/example_dags/example_trigger_controller_dag.py
[2024-03-29T13:56:33.113+0000] {logging_mixin.py:188} INFO - [2024-03-29T13:56:33.112+0000] {dag.py:3047} INFO - Sync 1 DAGs
[2024-03-29T13:56:33.131+0000] {logging_mixin.py:188} INFO - [2024-03-29T13:56:33.130+0000] {dag.py:3834} INFO - Setting next_dagrun for example_trigger_controller_dag to 2021-01-01 00:00:00+00:00, run_after=2021-01-01 00:00:00+00:00
[2024-03-29T13:56:33.150+0000] {processor.py:183} INFO - Processing /home/airflow/.local/lib/python3.8/site-packages/airflow/example_dags/example_trigger_controller_dag.py took 0.062 seconds
[2024-03-29T13:57:03.674+0000] {processor.py:161} INFO - Started process (PID=468) to work on /home/airflow/.local/lib/python3.8/site-packages/airflow/example_dags/example_trigger_controller_dag.py
[2024-03-29T13:57:03.675+0000] {processor.py:830} INFO - Processing file /home/airflow/.local/lib/python3.8/site-packages/airflow/example_dags/example_trigger_controller_dag.py for tasks to queue
[2024-03-29T13:57:03.676+0000] {logging_mixin.py:188} INFO - [2024-03-29T13:57:03.676+0000] {dagbag.py:540} INFO - Filling up the DagBag from /home/airflow/.local/lib/python3.8/site-packages/airflow/example_dags/example_trigger_controller_dag.py
[2024-03-29T13:57:03.679+0000] {processor.py:840} INFO - DAG(s) 'example_trigger_controller_dag' retrieved from /home/airflow/.local/lib/python3.8/site-packages/airflow/example_dags/example_trigger_controller_dag.py
[2024-03-29T13:57:03.693+0000] {logging_mixin.py:188} INFO - [2024-03-29T13:57:03.692+0000] {dag.py:3047} INFO - Sync 1 DAGs
[2024-03-29T13:57:03.707+0000] {logging_mixin.py:188} INFO - [2024-03-29T13:57:03.706+0000] {dag.py:3834} INFO - Setting next_dagrun for example_trigger_controller_dag to 2021-01-01 00:00:00+00:00, run_after=2021-01-01 00:00:00+00:00
[2024-03-29T13:57:03.727+0000] {processor.py:183} INFO - Processing /home/airflow/.local/lib/python3.8/site-packages/airflow/example_dags/example_trigger_controller_dag.py took 0.056 seconds
[2024-03-29T13:57:34.418+0000] {processor.py:161} INFO - Started process (PID=530) to work on /home/airflow/.local/lib/python3.8/site-packages/airflow/example_dags/example_trigger_controller_dag.py
[2024-03-29T13:57:34.419+0000] {processor.py:830} INFO - Processing file /home/airflow/.local/lib/python3.8/site-packages/airflow/example_dags/example_trigger_controller_dag.py for tasks to queue
[2024-03-29T13:57:34.420+0000] {logging_mixin.py:188} INFO - [2024-03-29T13:57:34.420+0000] {dagbag.py:540} INFO - Filling up the DagBag from /home/airflow/.local/lib/python3.8/site-packages/airflow/example_dags/example_trigger_controller_dag.py
[2024-03-29T13:57:34.424+0000] {processor.py:840} INFO - DAG(s) 'example_trigger_controller_dag' retrieved from /home/airflow/.local/lib/python3.8/site-packages/airflow/example_dags/example_trigger_controller_dag.py
[2024-03-29T13:57:34.443+0000] {logging_mixin.py:188} INFO - [2024-03-29T13:57:34.443+0000] {dag.py:3047} INFO - Sync 1 DAGs
[2024-03-29T13:57:34.463+0000] {logging_mixin.py:188} INFO - [2024-03-29T13:57:34.463+0000] {dag.py:3834} INFO - Setting next_dagrun for example_trigger_controller_dag to 2021-01-01 00:00:00+00:00, run_after=2021-01-01 00:00:00+00:00
[2024-03-29T13:57:34.479+0000] {processor.py:183} INFO - Processing /home/airflow/.local/lib/python3.8/site-packages/airflow/example_dags/example_trigger_controller_dag.py took 0.064 seconds
[2024-03-29T13:58:04.620+0000] {processor.py:161} INFO - Started process (PID=586) to work on /home/airflow/.local/lib/python3.8/site-packages/airflow/example_dags/example_trigger_controller_dag.py
[2024-03-29T13:58:04.621+0000] {processor.py:830} INFO - Processing file /home/airflow/.local/lib/python3.8/site-packages/airflow/example_dags/example_trigger_controller_dag.py for tasks to queue
[2024-03-29T13:58:04.622+0000] {logging_mixin.py:188} INFO - [2024-03-29T13:58:04.622+0000] {dagbag.py:540} INFO - Filling up the DagBag from /home/airflow/.local/lib/python3.8/site-packages/airflow/example_dags/example_trigger_controller_dag.py
[2024-03-29T13:58:04.626+0000] {processor.py:840} INFO - DAG(s) 'example_trigger_controller_dag' retrieved from /home/airflow/.local/lib/python3.8/site-packages/airflow/example_dags/example_trigger_controller_dag.py
[2024-03-29T13:58:04.641+0000] {logging_mixin.py:188} INFO - [2024-03-29T13:58:04.640+0000] {dag.py:3047} INFO - Sync 1 DAGs
[2024-03-29T13:58:04.656+0000] {logging_mixin.py:188} INFO - [2024-03-29T13:58:04.656+0000] {dag.py:3834} INFO - Setting next_dagrun for example_trigger_controller_dag to 2021-01-01 00:00:00+00:00, run_after=2021-01-01 00:00:00+00:00
[2024-03-29T13:58:04.669+0000] {processor.py:183} INFO - Processing /home/airflow/.local/lib/python3.8/site-packages/airflow/example_dags/example_trigger_controller_dag.py took 0.051 seconds
[2024-03-29T13:58:35.152+0000] {processor.py:161} INFO - Started process (PID=642) to work on /home/airflow/.local/lib/python3.8/site-packages/airflow/example_dags/example_trigger_controller_dag.py
[2024-03-29T13:58:35.152+0000] {processor.py:830} INFO - Processing file /home/airflow/.local/lib/python3.8/site-packages/airflow/example_dags/example_trigger_controller_dag.py for tasks to queue
[2024-03-29T13:58:35.154+0000] {logging_mixin.py:188} INFO - [2024-03-29T13:58:35.153+0000] {dagbag.py:540} INFO - Filling up the DagBag from /home/airflow/.local/lib/python3.8/site-packages/airflow/example_dags/example_trigger_controller_dag.py
[2024-03-29T13:58:35.157+0000] {processor.py:840} INFO - DAG(s) 'example_trigger_controller_dag' retrieved from /home/airflow/.local/lib/python3.8/site-packages/airflow/example_dags/example_trigger_controller_dag.py
[2024-03-29T13:58:35.171+0000] {logging_mixin.py:188} INFO - [2024-03-29T13:58:35.171+0000] {dag.py:3047} INFO - Sync 1 DAGs
[2024-03-29T13:58:35.188+0000] {logging_mixin.py:188} INFO - [2024-03-29T13:58:35.188+0000] {dag.py:3834} INFO - Setting next_dagrun for example_trigger_controller_dag to 2021-01-01 00:00:00+00:00, run_after=2021-01-01 00:00:00+00:00
[2024-03-29T13:58:35.201+0000] {processor.py:183} INFO - Processing /home/airflow/.local/lib/python3.8/site-packages/airflow/example_dags/example_trigger_controller_dag.py took 0.051 seconds
[2024-03-29T13:59:05.544+0000] {processor.py:161} INFO - Started process (PID=698) to work on /home/airflow/.local/lib/python3.8/site-packages/airflow/example_dags/example_trigger_controller_dag.py
[2024-03-29T13:59:05.545+0000] {processor.py:830} INFO - Processing file /home/airflow/.local/lib/python3.8/site-packages/airflow/example_dags/example_trigger_controller_dag.py for tasks to queue
[2024-03-29T13:59:05.546+0000] {logging_mixin.py:188} INFO - [2024-03-29T13:59:05.546+0000] {dagbag.py:540} INFO - Filling up the DagBag from /home/airflow/.local/lib/python3.8/site-packages/airflow/example_dags/example_trigger_controller_dag.py
[2024-03-29T13:59:05.550+0000] {processor.py:840} INFO - DAG(s) 'example_trigger_controller_dag' retrieved from /home/airflow/.local/lib/python3.8/site-packages/airflow/example_dags/example_trigger_controller_dag.py
[2024-03-29T13:59:05.567+0000] {logging_mixin.py:188} INFO - [2024-03-29T13:59:05.567+0000] {dag.py:3047} INFO - Sync 1 DAGs
[2024-03-29T13:59:05.583+0000] {logging_mixin.py:188} INFO - [2024-03-29T13:59:05.583+0000] {dag.py:3834} INFO - Setting next_dagrun for example_trigger_controller_dag to 2021-01-01 00:00:00+00:00, run_after=2021-01-01 00:00:00+00:00
[2024-03-29T13:59:05.607+0000] {processor.py:183} INFO - Processing /home/airflow/.local/lib/python3.8/site-packages/airflow/example_dags/example_trigger_controller_dag.py took 0.065 seconds
[2024-03-29T13:59:35.862+0000] {processor.py:161} INFO - Started process (PID=754) to work on /home/airflow/.local/lib/python3.8/site-packages/airflow/example_dags/example_trigger_controller_dag.py
[2024-03-29T13:59:35.863+0000] {processor.py:830} INFO - Processing file /home/airflow/.local/lib/python3.8/site-packages/airflow/example_dags/example_trigger_controller_dag.py for tasks to queue
[2024-03-29T13:59:35.864+0000] {logging_mixin.py:188} INFO - [2024-03-29T13:59:35.864+0000] {dagbag.py:540} INFO - Filling up the DagBag from /home/airflow/.local/lib/python3.8/site-packages/airflow/example_dags/example_trigger_controller_dag.py
[2024-03-29T13:59:35.869+0000] {processor.py:840} INFO - DAG(s) 'example_trigger_controller_dag' retrieved from /home/airflow/.local/lib/python3.8/site-packages/airflow/example_dags/example_trigger_controller_dag.py
[2024-03-29T13:59:35.885+0000] {logging_mixin.py:188} INFO - [2024-03-29T13:59:35.885+0000] {dag.py:3047} INFO - Sync 1 DAGs
[2024-03-29T13:59:35.903+0000] {logging_mixin.py:188} INFO - [2024-03-29T13:59:35.902+0000] {dag.py:3834} INFO - Setting next_dagrun for example_trigger_controller_dag to 2021-01-01 00:00:00+00:00, run_after=2021-01-01 00:00:00+00:00
[2024-03-29T13:59:35.924+0000] {processor.py:183} INFO - Processing /home/airflow/.local/lib/python3.8/site-packages/airflow/example_dags/example_trigger_controller_dag.py took 0.065 seconds
