[2024-03-29T13:53:29.819+0000] {processor.py:161} INFO - Started process (PID=82) to work on /home/airflow/.local/lib/python3.8/site-packages/airflow/example_dags/example_external_task_marker_dag.py
[2024-03-29T13:53:29.820+0000] {processor.py:830} INFO - Processing file /home/airflow/.local/lib/python3.8/site-packages/airflow/example_dags/example_external_task_marker_dag.py for tasks to queue
[2024-03-29T13:53:29.822+0000] {logging_mixin.py:188} INFO - [2024-03-29T13:53:29.822+0000] {dagbag.py:540} INFO - Filling up the DagBag from /home/airflow/.local/lib/python3.8/site-packages/airflow/example_dags/example_external_task_marker_dag.py
[2024-03-29T13:53:29.827+0000] {processor.py:840} INFO - DAG(s) 'example_external_task_marker_child', 'example_external_task_marker_parent' retrieved from /home/airflow/.local/lib/python3.8/site-packages/airflow/example_dags/example_external_task_marker_dag.py
[2024-03-29T13:53:29.838+0000] {logging_mixin.py:188} INFO - [2024-03-29T13:53:29.838+0000] {dag.py:3047} INFO - Sync 2 DAGs
[2024-03-29T13:53:29.850+0000] {logging_mixin.py:188} INFO - [2024-03-29T13:53:29.850+0000] {dag.py:3834} INFO - Setting next_dagrun for example_external_task_marker_child to None, run_after=None
[2024-03-29T13:53:29.854+0000] {logging_mixin.py:188} INFO - [2024-03-29T13:53:29.854+0000] {dag.py:3834} INFO - Setting next_dagrun for example_external_task_marker_parent to None, run_after=None
[2024-03-29T13:53:29.873+0000] {processor.py:183} INFO - Processing /home/airflow/.local/lib/python3.8/site-packages/airflow/example_dags/example_external_task_marker_dag.py took 0.057 seconds
[2024-03-29T13:54:01.535+0000] {processor.py:161} INFO - Started process (PID=138) to work on /home/airflow/.local/lib/python3.8/site-packages/airflow/example_dags/example_external_task_marker_dag.py
[2024-03-29T13:54:01.536+0000] {processor.py:830} INFO - Processing file /home/airflow/.local/lib/python3.8/site-packages/airflow/example_dags/example_external_task_marker_dag.py for tasks to queue
[2024-03-29T13:54:01.538+0000] {logging_mixin.py:188} INFO - [2024-03-29T13:54:01.537+0000] {dagbag.py:540} INFO - Filling up the DagBag from /home/airflow/.local/lib/python3.8/site-packages/airflow/example_dags/example_external_task_marker_dag.py
[2024-03-29T13:54:01.542+0000] {processor.py:840} INFO - DAG(s) 'example_external_task_marker_child', 'example_external_task_marker_parent' retrieved from /home/airflow/.local/lib/python3.8/site-packages/airflow/example_dags/example_external_task_marker_dag.py
[2024-03-29T13:54:01.616+0000] {logging_mixin.py:188} INFO - [2024-03-29T13:54:01.616+0000] {dag.py:3047} INFO - Sync 2 DAGs
[2024-03-29T13:54:01.625+0000] {logging_mixin.py:188} INFO - [2024-03-29T13:54:01.624+0000] {dag.py:3834} INFO - Setting next_dagrun for example_external_task_marker_child to None, run_after=None
[2024-03-29T13:54:01.629+0000] {logging_mixin.py:188} INFO - [2024-03-29T13:54:01.629+0000] {dag.py:3834} INFO - Setting next_dagrun for example_external_task_marker_parent to None, run_after=None
[2024-03-29T13:54:01.643+0000] {processor.py:183} INFO - Processing /home/airflow/.local/lib/python3.8/site-packages/airflow/example_dags/example_external_task_marker_dag.py took 0.110 seconds
[2024-03-29T13:54:32.224+0000] {processor.py:161} INFO - Started process (PID=194) to work on /home/airflow/.local/lib/python3.8/site-packages/airflow/example_dags/example_external_task_marker_dag.py
[2024-03-29T13:54:32.225+0000] {processor.py:830} INFO - Processing file /home/airflow/.local/lib/python3.8/site-packages/airflow/example_dags/example_external_task_marker_dag.py for tasks to queue
[2024-03-29T13:54:32.227+0000] {logging_mixin.py:188} INFO - [2024-03-29T13:54:32.226+0000] {dagbag.py:540} INFO - Filling up the DagBag from /home/airflow/.local/lib/python3.8/site-packages/airflow/example_dags/example_external_task_marker_dag.py
[2024-03-29T13:54:32.231+0000] {processor.py:840} INFO - DAG(s) 'example_external_task_marker_child', 'example_external_task_marker_parent' retrieved from /home/airflow/.local/lib/python3.8/site-packages/airflow/example_dags/example_external_task_marker_dag.py
[2024-03-29T13:54:32.248+0000] {logging_mixin.py:188} INFO - [2024-03-29T13:54:32.248+0000] {dag.py:3047} INFO - Sync 2 DAGs
[2024-03-29T13:54:32.257+0000] {logging_mixin.py:188} INFO - [2024-03-29T13:54:32.257+0000] {dag.py:3834} INFO - Setting next_dagrun for example_external_task_marker_child to None, run_after=None
[2024-03-29T13:54:32.260+0000] {logging_mixin.py:188} INFO - [2024-03-29T13:54:32.259+0000] {dag.py:3834} INFO - Setting next_dagrun for example_external_task_marker_parent to None, run_after=None
[2024-03-29T13:54:32.271+0000] {processor.py:183} INFO - Processing /home/airflow/.local/lib/python3.8/site-packages/airflow/example_dags/example_external_task_marker_dag.py took 0.052 seconds
[2024-03-29T13:55:02.605+0000] {processor.py:161} INFO - Started process (PID=250) to work on /home/airflow/.local/lib/python3.8/site-packages/airflow/example_dags/example_external_task_marker_dag.py
[2024-03-29T13:55:02.606+0000] {processor.py:830} INFO - Processing file /home/airflow/.local/lib/python3.8/site-packages/airflow/example_dags/example_external_task_marker_dag.py for tasks to queue
[2024-03-29T13:55:02.608+0000] {logging_mixin.py:188} INFO - [2024-03-29T13:55:02.607+0000] {dagbag.py:540} INFO - Filling up the DagBag from /home/airflow/.local/lib/python3.8/site-packages/airflow/example_dags/example_external_task_marker_dag.py
[2024-03-29T13:55:02.613+0000] {processor.py:840} INFO - DAG(s) 'example_external_task_marker_parent', 'example_external_task_marker_child' retrieved from /home/airflow/.local/lib/python3.8/site-packages/airflow/example_dags/example_external_task_marker_dag.py
[2024-03-29T13:55:02.631+0000] {logging_mixin.py:188} INFO - [2024-03-29T13:55:02.631+0000] {dag.py:3047} INFO - Sync 2 DAGs
[2024-03-29T13:55:02.641+0000] {logging_mixin.py:188} INFO - [2024-03-29T13:55:02.641+0000] {dag.py:3834} INFO - Setting next_dagrun for example_external_task_marker_child to None, run_after=None
[2024-03-29T13:55:02.644+0000] {logging_mixin.py:188} INFO - [2024-03-29T13:55:02.644+0000] {dag.py:3834} INFO - Setting next_dagrun for example_external_task_marker_parent to None, run_after=None
[2024-03-29T13:55:02.656+0000] {processor.py:183} INFO - Processing /home/airflow/.local/lib/python3.8/site-packages/airflow/example_dags/example_external_task_marker_dag.py took 0.053 seconds
[2024-03-29T13:55:32.913+0000] {processor.py:161} INFO - Started process (PID=306) to work on /home/airflow/.local/lib/python3.8/site-packages/airflow/example_dags/example_external_task_marker_dag.py
[2024-03-29T13:55:32.914+0000] {processor.py:830} INFO - Processing file /home/airflow/.local/lib/python3.8/site-packages/airflow/example_dags/example_external_task_marker_dag.py for tasks to queue
[2024-03-29T13:55:32.916+0000] {logging_mixin.py:188} INFO - [2024-03-29T13:55:32.915+0000] {dagbag.py:540} INFO - Filling up the DagBag from /home/airflow/.local/lib/python3.8/site-packages/airflow/example_dags/example_external_task_marker_dag.py
[2024-03-29T13:55:32.920+0000] {processor.py:840} INFO - DAG(s) 'example_external_task_marker_child', 'example_external_task_marker_parent' retrieved from /home/airflow/.local/lib/python3.8/site-packages/airflow/example_dags/example_external_task_marker_dag.py
[2024-03-29T13:55:32.938+0000] {logging_mixin.py:188} INFO - [2024-03-29T13:55:32.938+0000] {dag.py:3047} INFO - Sync 2 DAGs
[2024-03-29T13:55:32.949+0000] {logging_mixin.py:188} INFO - [2024-03-29T13:55:32.949+0000] {dag.py:3834} INFO - Setting next_dagrun for example_external_task_marker_child to None, run_after=None
[2024-03-29T13:55:32.952+0000] {logging_mixin.py:188} INFO - [2024-03-29T13:55:32.952+0000] {dag.py:3834} INFO - Setting next_dagrun for example_external_task_marker_parent to None, run_after=None
[2024-03-29T13:55:32.965+0000] {processor.py:183} INFO - Processing /home/airflow/.local/lib/python3.8/site-packages/airflow/example_dags/example_external_task_marker_dag.py took 0.055 seconds
[2024-03-29T13:56:03.050+0000] {processor.py:161} INFO - Started process (PID=362) to work on /home/airflow/.local/lib/python3.8/site-packages/airflow/example_dags/example_external_task_marker_dag.py
[2024-03-29T13:56:03.051+0000] {processor.py:830} INFO - Processing file /home/airflow/.local/lib/python3.8/site-packages/airflow/example_dags/example_external_task_marker_dag.py for tasks to queue
[2024-03-29T13:56:03.053+0000] {logging_mixin.py:188} INFO - [2024-03-29T13:56:03.052+0000] {dagbag.py:540} INFO - Filling up the DagBag from /home/airflow/.local/lib/python3.8/site-packages/airflow/example_dags/example_external_task_marker_dag.py
[2024-03-29T13:56:03.057+0000] {processor.py:840} INFO - DAG(s) 'example_external_task_marker_child', 'example_external_task_marker_parent' retrieved from /home/airflow/.local/lib/python3.8/site-packages/airflow/example_dags/example_external_task_marker_dag.py
[2024-03-29T13:56:03.075+0000] {logging_mixin.py:188} INFO - [2024-03-29T13:56:03.075+0000] {dag.py:3047} INFO - Sync 2 DAGs
[2024-03-29T13:56:03.084+0000] {logging_mixin.py:188} INFO - [2024-03-29T13:56:03.083+0000] {dag.py:3834} INFO - Setting next_dagrun for example_external_task_marker_child to None, run_after=None
[2024-03-29T13:56:03.087+0000] {logging_mixin.py:188} INFO - [2024-03-29T13:56:03.087+0000] {dag.py:3834} INFO - Setting next_dagrun for example_external_task_marker_parent to None, run_after=None
[2024-03-29T13:56:03.111+0000] {processor.py:183} INFO - Processing /home/airflow/.local/lib/python3.8/site-packages/airflow/example_dags/example_external_task_marker_dag.py took 0.063 seconds
[2024-03-29T13:56:33.348+0000] {processor.py:161} INFO - Started process (PID=418) to work on /home/airflow/.local/lib/python3.8/site-packages/airflow/example_dags/example_external_task_marker_dag.py
[2024-03-29T13:56:33.349+0000] {processor.py:830} INFO - Processing file /home/airflow/.local/lib/python3.8/site-packages/airflow/example_dags/example_external_task_marker_dag.py for tasks to queue
[2024-03-29T13:56:33.350+0000] {logging_mixin.py:188} INFO - [2024-03-29T13:56:33.350+0000] {dagbag.py:540} INFO - Filling up the DagBag from /home/airflow/.local/lib/python3.8/site-packages/airflow/example_dags/example_external_task_marker_dag.py
[2024-03-29T13:56:33.355+0000] {processor.py:840} INFO - DAG(s) 'example_external_task_marker_parent', 'example_external_task_marker_child' retrieved from /home/airflow/.local/lib/python3.8/site-packages/airflow/example_dags/example_external_task_marker_dag.py
[2024-03-29T13:56:33.377+0000] {logging_mixin.py:188} INFO - [2024-03-29T13:56:33.377+0000] {dag.py:3047} INFO - Sync 2 DAGs
[2024-03-29T13:56:33.387+0000] {logging_mixin.py:188} INFO - [2024-03-29T13:56:33.387+0000] {dag.py:3834} INFO - Setting next_dagrun for example_external_task_marker_child to None, run_after=None
[2024-03-29T13:56:33.391+0000] {logging_mixin.py:188} INFO - [2024-03-29T13:56:33.391+0000] {dag.py:3834} INFO - Setting next_dagrun for example_external_task_marker_parent to None, run_after=None
[2024-03-29T13:56:33.403+0000] {processor.py:183} INFO - Processing /home/airflow/.local/lib/python3.8/site-packages/airflow/example_dags/example_external_task_marker_dag.py took 0.058 seconds
[2024-03-29T13:57:04.008+0000] {processor.py:161} INFO - Started process (PID=474) to work on /home/airflow/.local/lib/python3.8/site-packages/airflow/example_dags/example_external_task_marker_dag.py
[2024-03-29T13:57:04.009+0000] {processor.py:830} INFO - Processing file /home/airflow/.local/lib/python3.8/site-packages/airflow/example_dags/example_external_task_marker_dag.py for tasks to queue
[2024-03-29T13:57:04.010+0000] {logging_mixin.py:188} INFO - [2024-03-29T13:57:04.010+0000] {dagbag.py:540} INFO - Filling up the DagBag from /home/airflow/.local/lib/python3.8/site-packages/airflow/example_dags/example_external_task_marker_dag.py
[2024-03-29T13:57:04.014+0000] {processor.py:840} INFO - DAG(s) 'example_external_task_marker_child', 'example_external_task_marker_parent' retrieved from /home/airflow/.local/lib/python3.8/site-packages/airflow/example_dags/example_external_task_marker_dag.py
[2024-03-29T13:57:04.032+0000] {logging_mixin.py:188} INFO - [2024-03-29T13:57:04.032+0000] {dag.py:3047} INFO - Sync 2 DAGs
[2024-03-29T13:57:04.041+0000] {logging_mixin.py:188} INFO - [2024-03-29T13:57:04.041+0000] {dag.py:3834} INFO - Setting next_dagrun for example_external_task_marker_child to None, run_after=None
[2024-03-29T13:57:04.044+0000] {logging_mixin.py:188} INFO - [2024-03-29T13:57:04.044+0000] {dag.py:3834} INFO - Setting next_dagrun for example_external_task_marker_parent to None, run_after=None
[2024-03-29T13:57:04.065+0000] {processor.py:183} INFO - Processing /home/airflow/.local/lib/python3.8/site-packages/airflow/example_dags/example_external_task_marker_dag.py took 0.060 seconds
[2024-03-29T13:57:34.731+0000] {processor.py:161} INFO - Started process (PID=536) to work on /home/airflow/.local/lib/python3.8/site-packages/airflow/example_dags/example_external_task_marker_dag.py
[2024-03-29T13:57:34.732+0000] {processor.py:830} INFO - Processing file /home/airflow/.local/lib/python3.8/site-packages/airflow/example_dags/example_external_task_marker_dag.py for tasks to queue
[2024-03-29T13:57:34.734+0000] {logging_mixin.py:188} INFO - [2024-03-29T13:57:34.734+0000] {dagbag.py:540} INFO - Filling up the DagBag from /home/airflow/.local/lib/python3.8/site-packages/airflow/example_dags/example_external_task_marker_dag.py
[2024-03-29T13:57:34.739+0000] {processor.py:840} INFO - DAG(s) 'example_external_task_marker_child', 'example_external_task_marker_parent' retrieved from /home/airflow/.local/lib/python3.8/site-packages/airflow/example_dags/example_external_task_marker_dag.py
[2024-03-29T13:57:34.757+0000] {logging_mixin.py:188} INFO - [2024-03-29T13:57:34.757+0000] {dag.py:3047} INFO - Sync 2 DAGs
[2024-03-29T13:57:34.767+0000] {logging_mixin.py:188} INFO - [2024-03-29T13:57:34.767+0000] {dag.py:3834} INFO - Setting next_dagrun for example_external_task_marker_child to None, run_after=None
[2024-03-29T13:57:34.770+0000] {logging_mixin.py:188} INFO - [2024-03-29T13:57:34.769+0000] {dag.py:3834} INFO - Setting next_dagrun for example_external_task_marker_parent to None, run_after=None
[2024-03-29T13:57:34.782+0000] {processor.py:183} INFO - Processing /home/airflow/.local/lib/python3.8/site-packages/airflow/example_dags/example_external_task_marker_dag.py took 0.053 seconds
[2024-03-29T13:58:04.926+0000] {processor.py:161} INFO - Started process (PID=592) to work on /home/airflow/.local/lib/python3.8/site-packages/airflow/example_dags/example_external_task_marker_dag.py
[2024-03-29T13:58:04.927+0000] {processor.py:830} INFO - Processing file /home/airflow/.local/lib/python3.8/site-packages/airflow/example_dags/example_external_task_marker_dag.py for tasks to queue
[2024-03-29T13:58:04.929+0000] {logging_mixin.py:188} INFO - [2024-03-29T13:58:04.928+0000] {dagbag.py:540} INFO - Filling up the DagBag from /home/airflow/.local/lib/python3.8/site-packages/airflow/example_dags/example_external_task_marker_dag.py
[2024-03-29T13:58:04.933+0000] {processor.py:840} INFO - DAG(s) 'example_external_task_marker_parent', 'example_external_task_marker_child' retrieved from /home/airflow/.local/lib/python3.8/site-packages/airflow/example_dags/example_external_task_marker_dag.py
[2024-03-29T13:58:04.953+0000] {logging_mixin.py:188} INFO - [2024-03-29T13:58:04.953+0000] {dag.py:3047} INFO - Sync 2 DAGs
[2024-03-29T13:58:04.964+0000] {logging_mixin.py:188} INFO - [2024-03-29T13:58:04.964+0000] {dag.py:3834} INFO - Setting next_dagrun for example_external_task_marker_child to None, run_after=None
[2024-03-29T13:58:04.967+0000] {logging_mixin.py:188} INFO - [2024-03-29T13:58:04.967+0000] {dag.py:3834} INFO - Setting next_dagrun for example_external_task_marker_parent to None, run_after=None
[2024-03-29T13:58:04.979+0000] {processor.py:183} INFO - Processing /home/airflow/.local/lib/python3.8/site-packages/airflow/example_dags/example_external_task_marker_dag.py took 0.055 seconds
[2024-03-29T13:58:35.459+0000] {processor.py:161} INFO - Started process (PID=648) to work on /home/airflow/.local/lib/python3.8/site-packages/airflow/example_dags/example_external_task_marker_dag.py
[2024-03-29T13:58:35.460+0000] {processor.py:830} INFO - Processing file /home/airflow/.local/lib/python3.8/site-packages/airflow/example_dags/example_external_task_marker_dag.py for tasks to queue
[2024-03-29T13:58:35.462+0000] {logging_mixin.py:188} INFO - [2024-03-29T13:58:35.461+0000] {dagbag.py:540} INFO - Filling up the DagBag from /home/airflow/.local/lib/python3.8/site-packages/airflow/example_dags/example_external_task_marker_dag.py
[2024-03-29T13:58:35.466+0000] {processor.py:840} INFO - DAG(s) 'example_external_task_marker_parent', 'example_external_task_marker_child' retrieved from /home/airflow/.local/lib/python3.8/site-packages/airflow/example_dags/example_external_task_marker_dag.py
[2024-03-29T13:58:35.484+0000] {logging_mixin.py:188} INFO - [2024-03-29T13:58:35.484+0000] {dag.py:3047} INFO - Sync 2 DAGs
[2024-03-29T13:58:35.496+0000] {logging_mixin.py:188} INFO - [2024-03-29T13:58:35.495+0000] {dag.py:3834} INFO - Setting next_dagrun for example_external_task_marker_child to None, run_after=None
[2024-03-29T13:58:35.500+0000] {logging_mixin.py:188} INFO - [2024-03-29T13:58:35.500+0000] {dag.py:3834} INFO - Setting next_dagrun for example_external_task_marker_parent to None, run_after=None
[2024-03-29T13:58:35.523+0000] {processor.py:183} INFO - Processing /home/airflow/.local/lib/python3.8/site-packages/airflow/example_dags/example_external_task_marker_dag.py took 0.066 seconds
[2024-03-29T13:59:05.874+0000] {processor.py:161} INFO - Started process (PID=704) to work on /home/airflow/.local/lib/python3.8/site-packages/airflow/example_dags/example_external_task_marker_dag.py
[2024-03-29T13:59:05.875+0000] {processor.py:830} INFO - Processing file /home/airflow/.local/lib/python3.8/site-packages/airflow/example_dags/example_external_task_marker_dag.py for tasks to queue
[2024-03-29T13:59:05.877+0000] {logging_mixin.py:188} INFO - [2024-03-29T13:59:05.876+0000] {dagbag.py:540} INFO - Filling up the DagBag from /home/airflow/.local/lib/python3.8/site-packages/airflow/example_dags/example_external_task_marker_dag.py
[2024-03-29T13:59:05.882+0000] {processor.py:840} INFO - DAG(s) 'example_external_task_marker_child', 'example_external_task_marker_parent' retrieved from /home/airflow/.local/lib/python3.8/site-packages/airflow/example_dags/example_external_task_marker_dag.py
[2024-03-29T13:59:05.900+0000] {logging_mixin.py:188} INFO - [2024-03-29T13:59:05.900+0000] {dag.py:3047} INFO - Sync 2 DAGs
[2024-03-29T13:59:05.911+0000] {logging_mixin.py:188} INFO - [2024-03-29T13:59:05.911+0000] {dag.py:3834} INFO - Setting next_dagrun for example_external_task_marker_child to None, run_after=None
[2024-03-29T13:59:05.914+0000] {logging_mixin.py:188} INFO - [2024-03-29T13:59:05.914+0000] {dag.py:3834} INFO - Setting next_dagrun for example_external_task_marker_parent to None, run_after=None
[2024-03-29T13:59:05.927+0000] {processor.py:183} INFO - Processing /home/airflow/.local/lib/python3.8/site-packages/airflow/example_dags/example_external_task_marker_dag.py took 0.055 seconds
[2024-03-29T13:59:36.193+0000] {processor.py:161} INFO - Started process (PID=760) to work on /home/airflow/.local/lib/python3.8/site-packages/airflow/example_dags/example_external_task_marker_dag.py
[2024-03-29T13:59:36.194+0000] {processor.py:830} INFO - Processing file /home/airflow/.local/lib/python3.8/site-packages/airflow/example_dags/example_external_task_marker_dag.py for tasks to queue
[2024-03-29T13:59:36.195+0000] {logging_mixin.py:188} INFO - [2024-03-29T13:59:36.195+0000] {dagbag.py:540} INFO - Filling up the DagBag from /home/airflow/.local/lib/python3.8/site-packages/airflow/example_dags/example_external_task_marker_dag.py
[2024-03-29T13:59:36.200+0000] {processor.py:840} INFO - DAG(s) 'example_external_task_marker_child', 'example_external_task_marker_parent' retrieved from /home/airflow/.local/lib/python3.8/site-packages/airflow/example_dags/example_external_task_marker_dag.py
[2024-03-29T13:59:36.219+0000] {logging_mixin.py:188} INFO - [2024-03-29T13:59:36.218+0000] {dag.py:3047} INFO - Sync 2 DAGs
[2024-03-29T13:59:36.228+0000] {logging_mixin.py:188} INFO - [2024-03-29T13:59:36.228+0000] {dag.py:3834} INFO - Setting next_dagrun for example_external_task_marker_child to None, run_after=None
[2024-03-29T13:59:36.231+0000] {logging_mixin.py:188} INFO - [2024-03-29T13:59:36.231+0000] {dag.py:3834} INFO - Setting next_dagrun for example_external_task_marker_parent to None, run_after=None
[2024-03-29T13:59:36.243+0000] {processor.py:183} INFO - Processing /home/airflow/.local/lib/python3.8/site-packages/airflow/example_dags/example_external_task_marker_dag.py took 0.052 seconds
