[2024-03-29T13:53:29.033+0000] {processor.py:161} INFO - Started process (PID=66) to work on /home/airflow/.local/lib/python3.8/site-packages/airflow/example_dags/example_python_operator.py
[2024-03-29T13:53:29.034+0000] {processor.py:830} INFO - Processing file /home/airflow/.local/lib/python3.8/site-packages/airflow/example_dags/example_python_operator.py for tasks to queue
[2024-03-29T13:53:29.036+0000] {logging_mixin.py:188} INFO - [2024-03-29T13:53:29.035+0000] {dagbag.py:540} INFO - Filling up the DagBag from /home/airflow/.local/lib/python3.8/site-packages/airflow/example_dags/example_python_operator.py
[2024-03-29T13:53:29.050+0000] {processor.py:840} INFO - DAG(s) 'example_python_operator' retrieved from /home/airflow/.local/lib/python3.8/site-packages/airflow/example_dags/example_python_operator.py
[2024-03-29T13:53:29.061+0000] {logging_mixin.py:188} INFO - [2024-03-29T13:53:29.060+0000] {dag.py:3047} INFO - Sync 1 DAGs
[2024-03-29T13:53:29.072+0000] {logging_mixin.py:188} INFO - [2024-03-29T13:53:29.072+0000] {dag.py:3834} INFO - Setting next_dagrun for example_python_operator to None, run_after=None
[2024-03-29T13:53:29.102+0000] {processor.py:183} INFO - Processing /home/airflow/.local/lib/python3.8/site-packages/airflow/example_dags/example_python_operator.py took 0.073 seconds
[2024-03-29T13:54:00.078+0000] {processor.py:161} INFO - Started process (PID=122) to work on /home/airflow/.local/lib/python3.8/site-packages/airflow/example_dags/example_python_operator.py
[2024-03-29T13:54:00.079+0000] {processor.py:830} INFO - Processing file /home/airflow/.local/lib/python3.8/site-packages/airflow/example_dags/example_python_operator.py for tasks to queue
[2024-03-29T13:54:00.080+0000] {logging_mixin.py:188} INFO - [2024-03-29T13:54:00.080+0000] {dagbag.py:540} INFO - Filling up the DagBag from /home/airflow/.local/lib/python3.8/site-packages/airflow/example_dags/example_python_operator.py
[2024-03-29T13:54:00.088+0000] {processor.py:840} INFO - DAG(s) 'example_python_operator' retrieved from /home/airflow/.local/lib/python3.8/site-packages/airflow/example_dags/example_python_operator.py
[2024-03-29T13:54:00.162+0000] {logging_mixin.py:188} INFO - [2024-03-29T13:54:00.162+0000] {dag.py:3047} INFO - Sync 1 DAGs
[2024-03-29T13:54:00.170+0000] {logging_mixin.py:188} INFO - [2024-03-29T13:54:00.170+0000] {dag.py:3834} INFO - Setting next_dagrun for example_python_operator to None, run_after=None
[2024-03-29T13:54:00.194+0000] {processor.py:183} INFO - Processing /home/airflow/.local/lib/python3.8/site-packages/airflow/example_dags/example_python_operator.py took 0.118 seconds
[2024-03-29T13:54:30.402+0000] {processor.py:161} INFO - Started process (PID=178) to work on /home/airflow/.local/lib/python3.8/site-packages/airflow/example_dags/example_python_operator.py
[2024-03-29T13:54:30.402+0000] {processor.py:830} INFO - Processing file /home/airflow/.local/lib/python3.8/site-packages/airflow/example_dags/example_python_operator.py for tasks to queue
[2024-03-29T13:54:30.404+0000] {logging_mixin.py:188} INFO - [2024-03-29T13:54:30.404+0000] {dagbag.py:540} INFO - Filling up the DagBag from /home/airflow/.local/lib/python3.8/site-packages/airflow/example_dags/example_python_operator.py
[2024-03-29T13:54:30.412+0000] {processor.py:840} INFO - DAG(s) 'example_python_operator' retrieved from /home/airflow/.local/lib/python3.8/site-packages/airflow/example_dags/example_python_operator.py
[2024-03-29T13:54:30.428+0000] {logging_mixin.py:188} INFO - [2024-03-29T13:54:30.427+0000] {dag.py:3047} INFO - Sync 1 DAGs
[2024-03-29T13:54:30.437+0000] {logging_mixin.py:188} INFO - [2024-03-29T13:54:30.436+0000] {dag.py:3834} INFO - Setting next_dagrun for example_python_operator to None, run_after=None
[2024-03-29T13:54:30.453+0000] {processor.py:183} INFO - Processing /home/airflow/.local/lib/python3.8/site-packages/airflow/example_dags/example_python_operator.py took 0.054 seconds
[2024-03-29T13:55:00.862+0000] {processor.py:161} INFO - Started process (PID=234) to work on /home/airflow/.local/lib/python3.8/site-packages/airflow/example_dags/example_python_operator.py
[2024-03-29T13:55:00.863+0000] {processor.py:830} INFO - Processing file /home/airflow/.local/lib/python3.8/site-packages/airflow/example_dags/example_python_operator.py for tasks to queue
[2024-03-29T13:55:00.865+0000] {logging_mixin.py:188} INFO - [2024-03-29T13:55:00.864+0000] {dagbag.py:540} INFO - Filling up the DagBag from /home/airflow/.local/lib/python3.8/site-packages/airflow/example_dags/example_python_operator.py
[2024-03-29T13:55:00.872+0000] {processor.py:840} INFO - DAG(s) 'example_python_operator' retrieved from /home/airflow/.local/lib/python3.8/site-packages/airflow/example_dags/example_python_operator.py
[2024-03-29T13:55:00.887+0000] {logging_mixin.py:188} INFO - [2024-03-29T13:55:00.887+0000] {dag.py:3047} INFO - Sync 1 DAGs
[2024-03-29T13:55:00.895+0000] {logging_mixin.py:188} INFO - [2024-03-29T13:55:00.895+0000] {dag.py:3834} INFO - Setting next_dagrun for example_python_operator to None, run_after=None
[2024-03-29T13:55:00.908+0000] {processor.py:183} INFO - Processing /home/airflow/.local/lib/python3.8/site-packages/airflow/example_dags/example_python_operator.py took 0.048 seconds
[2024-03-29T13:55:31.156+0000] {processor.py:161} INFO - Started process (PID=290) to work on /home/airflow/.local/lib/python3.8/site-packages/airflow/example_dags/example_python_operator.py
[2024-03-29T13:55:31.156+0000] {processor.py:830} INFO - Processing file /home/airflow/.local/lib/python3.8/site-packages/airflow/example_dags/example_python_operator.py for tasks to queue
[2024-03-29T13:55:31.158+0000] {logging_mixin.py:188} INFO - [2024-03-29T13:55:31.157+0000] {dagbag.py:540} INFO - Filling up the DagBag from /home/airflow/.local/lib/python3.8/site-packages/airflow/example_dags/example_python_operator.py
[2024-03-29T13:55:31.165+0000] {processor.py:840} INFO - DAG(s) 'example_python_operator' retrieved from /home/airflow/.local/lib/python3.8/site-packages/airflow/example_dags/example_python_operator.py
[2024-03-29T13:55:31.186+0000] {logging_mixin.py:188} INFO - [2024-03-29T13:55:31.185+0000] {dag.py:3047} INFO - Sync 1 DAGs
[2024-03-29T13:55:31.196+0000] {logging_mixin.py:188} INFO - [2024-03-29T13:55:31.196+0000] {dag.py:3834} INFO - Setting next_dagrun for example_python_operator to None, run_after=None
[2024-03-29T13:55:31.223+0000] {processor.py:183} INFO - Processing /home/airflow/.local/lib/python3.8/site-packages/airflow/example_dags/example_python_operator.py took 0.070 seconds
[2024-03-29T13:56:01.264+0000] {processor.py:161} INFO - Started process (PID=346) to work on /home/airflow/.local/lib/python3.8/site-packages/airflow/example_dags/example_python_operator.py
[2024-03-29T13:56:01.265+0000] {processor.py:830} INFO - Processing file /home/airflow/.local/lib/python3.8/site-packages/airflow/example_dags/example_python_operator.py for tasks to queue
[2024-03-29T13:56:01.267+0000] {logging_mixin.py:188} INFO - [2024-03-29T13:56:01.267+0000] {dagbag.py:540} INFO - Filling up the DagBag from /home/airflow/.local/lib/python3.8/site-packages/airflow/example_dags/example_python_operator.py
[2024-03-29T13:56:01.277+0000] {processor.py:840} INFO - DAG(s) 'example_python_operator' retrieved from /home/airflow/.local/lib/python3.8/site-packages/airflow/example_dags/example_python_operator.py
[2024-03-29T13:56:01.294+0000] {logging_mixin.py:188} INFO - [2024-03-29T13:56:01.294+0000] {dag.py:3047} INFO - Sync 1 DAGs
[2024-03-29T13:56:01.305+0000] {logging_mixin.py:188} INFO - [2024-03-29T13:56:01.304+0000] {dag.py:3834} INFO - Setting next_dagrun for example_python_operator to None, run_after=None
[2024-03-29T13:56:01.322+0000] {processor.py:183} INFO - Processing /home/airflow/.local/lib/python3.8/site-packages/airflow/example_dags/example_python_operator.py took 0.061 seconds
[2024-03-29T13:56:31.643+0000] {processor.py:161} INFO - Started process (PID=402) to work on /home/airflow/.local/lib/python3.8/site-packages/airflow/example_dags/example_python_operator.py
[2024-03-29T13:56:31.644+0000] {processor.py:830} INFO - Processing file /home/airflow/.local/lib/python3.8/site-packages/airflow/example_dags/example_python_operator.py for tasks to queue
[2024-03-29T13:56:31.645+0000] {logging_mixin.py:188} INFO - [2024-03-29T13:56:31.645+0000] {dagbag.py:540} INFO - Filling up the DagBag from /home/airflow/.local/lib/python3.8/site-packages/airflow/example_dags/example_python_operator.py
[2024-03-29T13:56:31.656+0000] {processor.py:840} INFO - DAG(s) 'example_python_operator' retrieved from /home/airflow/.local/lib/python3.8/site-packages/airflow/example_dags/example_python_operator.py
[2024-03-29T13:56:31.672+0000] {logging_mixin.py:188} INFO - [2024-03-29T13:56:31.671+0000] {dag.py:3047} INFO - Sync 1 DAGs
[2024-03-29T13:56:31.681+0000] {logging_mixin.py:188} INFO - [2024-03-29T13:56:31.680+0000] {dag.py:3834} INFO - Setting next_dagrun for example_python_operator to None, run_after=None
[2024-03-29T13:56:31.695+0000] {processor.py:183} INFO - Processing /home/airflow/.local/lib/python3.8/site-packages/airflow/example_dags/example_python_operator.py took 0.054 seconds
[2024-03-29T13:57:02.209+0000] {processor.py:161} INFO - Started process (PID=458) to work on /home/airflow/.local/lib/python3.8/site-packages/airflow/example_dags/example_python_operator.py
[2024-03-29T13:57:02.210+0000] {processor.py:830} INFO - Processing file /home/airflow/.local/lib/python3.8/site-packages/airflow/example_dags/example_python_operator.py for tasks to queue
[2024-03-29T13:57:02.211+0000] {logging_mixin.py:188} INFO - [2024-03-29T13:57:02.211+0000] {dagbag.py:540} INFO - Filling up the DagBag from /home/airflow/.local/lib/python3.8/site-packages/airflow/example_dags/example_python_operator.py
[2024-03-29T13:57:02.219+0000] {processor.py:840} INFO - DAG(s) 'example_python_operator' retrieved from /home/airflow/.local/lib/python3.8/site-packages/airflow/example_dags/example_python_operator.py
[2024-03-29T13:57:02.236+0000] {logging_mixin.py:188} INFO - [2024-03-29T13:57:02.236+0000] {dag.py:3047} INFO - Sync 1 DAGs
[2024-03-29T13:57:02.246+0000] {logging_mixin.py:188} INFO - [2024-03-29T13:57:02.246+0000] {dag.py:3834} INFO - Setting next_dagrun for example_python_operator to None, run_after=None
[2024-03-29T13:57:02.264+0000] {processor.py:183} INFO - Processing /home/airflow/.local/lib/python3.8/site-packages/airflow/example_dags/example_python_operator.py took 0.058 seconds
[2024-03-29T13:57:32.958+0000] {processor.py:161} INFO - Started process (PID=520) to work on /home/airflow/.local/lib/python3.8/site-packages/airflow/example_dags/example_python_operator.py
[2024-03-29T13:57:32.959+0000] {processor.py:830} INFO - Processing file /home/airflow/.local/lib/python3.8/site-packages/airflow/example_dags/example_python_operator.py for tasks to queue
[2024-03-29T13:57:32.961+0000] {logging_mixin.py:188} INFO - [2024-03-29T13:57:32.960+0000] {dagbag.py:540} INFO - Filling up the DagBag from /home/airflow/.local/lib/python3.8/site-packages/airflow/example_dags/example_python_operator.py
[2024-03-29T13:57:32.970+0000] {processor.py:840} INFO - DAG(s) 'example_python_operator' retrieved from /home/airflow/.local/lib/python3.8/site-packages/airflow/example_dags/example_python_operator.py
[2024-03-29T13:57:32.988+0000] {logging_mixin.py:188} INFO - [2024-03-29T13:57:32.987+0000] {dag.py:3047} INFO - Sync 1 DAGs
[2024-03-29T13:57:32.999+0000] {logging_mixin.py:188} INFO - [2024-03-29T13:57:32.998+0000] {dag.py:3834} INFO - Setting next_dagrun for example_python_operator to None, run_after=None
[2024-03-29T13:57:33.015+0000] {processor.py:183} INFO - Processing /home/airflow/.local/lib/python3.8/site-packages/airflow/example_dags/example_python_operator.py took 0.060 seconds
[2024-03-29T13:58:03.208+0000] {processor.py:161} INFO - Started process (PID=576) to work on /home/airflow/.local/lib/python3.8/site-packages/airflow/example_dags/example_python_operator.py
[2024-03-29T13:58:03.209+0000] {processor.py:830} INFO - Processing file /home/airflow/.local/lib/python3.8/site-packages/airflow/example_dags/example_python_operator.py for tasks to queue
[2024-03-29T13:58:03.210+0000] {logging_mixin.py:188} INFO - [2024-03-29T13:58:03.210+0000] {dagbag.py:540} INFO - Filling up the DagBag from /home/airflow/.local/lib/python3.8/site-packages/airflow/example_dags/example_python_operator.py
[2024-03-29T13:58:03.217+0000] {processor.py:840} INFO - DAG(s) 'example_python_operator' retrieved from /home/airflow/.local/lib/python3.8/site-packages/airflow/example_dags/example_python_operator.py
[2024-03-29T13:58:03.234+0000] {logging_mixin.py:188} INFO - [2024-03-29T13:58:03.234+0000] {dag.py:3047} INFO - Sync 1 DAGs
[2024-03-29T13:58:03.245+0000] {logging_mixin.py:188} INFO - [2024-03-29T13:58:03.245+0000] {dag.py:3834} INFO - Setting next_dagrun for example_python_operator to None, run_after=None
[2024-03-29T13:58:03.259+0000] {processor.py:183} INFO - Processing /home/airflow/.local/lib/python3.8/site-packages/airflow/example_dags/example_python_operator.py took 0.053 seconds
[2024-03-29T13:58:33.735+0000] {processor.py:161} INFO - Started process (PID=632) to work on /home/airflow/.local/lib/python3.8/site-packages/airflow/example_dags/example_python_operator.py
[2024-03-29T13:58:33.736+0000] {processor.py:830} INFO - Processing file /home/airflow/.local/lib/python3.8/site-packages/airflow/example_dags/example_python_operator.py for tasks to queue
[2024-03-29T13:58:33.738+0000] {logging_mixin.py:188} INFO - [2024-03-29T13:58:33.737+0000] {dagbag.py:540} INFO - Filling up the DagBag from /home/airflow/.local/lib/python3.8/site-packages/airflow/example_dags/example_python_operator.py
[2024-03-29T13:58:33.746+0000] {processor.py:840} INFO - DAG(s) 'example_python_operator' retrieved from /home/airflow/.local/lib/python3.8/site-packages/airflow/example_dags/example_python_operator.py
[2024-03-29T13:58:33.765+0000] {logging_mixin.py:188} INFO - [2024-03-29T13:58:33.765+0000] {dag.py:3047} INFO - Sync 1 DAGs
[2024-03-29T13:58:33.776+0000] {logging_mixin.py:188} INFO - [2024-03-29T13:58:33.775+0000] {dag.py:3834} INFO - Setting next_dagrun for example_python_operator to None, run_after=None
[2024-03-29T13:58:33.791+0000] {processor.py:183} INFO - Processing /home/airflow/.local/lib/python3.8/site-packages/airflow/example_dags/example_python_operator.py took 0.059 seconds
[2024-03-29T13:59:04.091+0000] {processor.py:161} INFO - Started process (PID=688) to work on /home/airflow/.local/lib/python3.8/site-packages/airflow/example_dags/example_python_operator.py
[2024-03-29T13:59:04.091+0000] {processor.py:830} INFO - Processing file /home/airflow/.local/lib/python3.8/site-packages/airflow/example_dags/example_python_operator.py for tasks to queue
[2024-03-29T13:59:04.093+0000] {logging_mixin.py:188} INFO - [2024-03-29T13:59:04.093+0000] {dagbag.py:540} INFO - Filling up the DagBag from /home/airflow/.local/lib/python3.8/site-packages/airflow/example_dags/example_python_operator.py
[2024-03-29T13:59:04.103+0000] {processor.py:840} INFO - DAG(s) 'example_python_operator' retrieved from /home/airflow/.local/lib/python3.8/site-packages/airflow/example_dags/example_python_operator.py
[2024-03-29T13:59:04.127+0000] {logging_mixin.py:188} INFO - [2024-03-29T13:59:04.127+0000] {dag.py:3047} INFO - Sync 1 DAGs
[2024-03-29T13:59:04.138+0000] {logging_mixin.py:188} INFO - [2024-03-29T13:59:04.138+0000] {dag.py:3834} INFO - Setting next_dagrun for example_python_operator to None, run_after=None
[2024-03-29T13:59:04.153+0000] {processor.py:183} INFO - Processing /home/airflow/.local/lib/python3.8/site-packages/airflow/example_dags/example_python_operator.py took 0.066 seconds
[2024-03-29T13:59:34.423+0000] {processor.py:161} INFO - Started process (PID=744) to work on /home/airflow/.local/lib/python3.8/site-packages/airflow/example_dags/example_python_operator.py
[2024-03-29T13:59:34.424+0000] {processor.py:830} INFO - Processing file /home/airflow/.local/lib/python3.8/site-packages/airflow/example_dags/example_python_operator.py for tasks to queue
[2024-03-29T13:59:34.426+0000] {logging_mixin.py:188} INFO - [2024-03-29T13:59:34.425+0000] {dagbag.py:540} INFO - Filling up the DagBag from /home/airflow/.local/lib/python3.8/site-packages/airflow/example_dags/example_python_operator.py
[2024-03-29T13:59:34.433+0000] {processor.py:840} INFO - DAG(s) 'example_python_operator' retrieved from /home/airflow/.local/lib/python3.8/site-packages/airflow/example_dags/example_python_operator.py
[2024-03-29T13:59:34.450+0000] {logging_mixin.py:188} INFO - [2024-03-29T13:59:34.450+0000] {dag.py:3047} INFO - Sync 1 DAGs
[2024-03-29T13:59:34.459+0000] {logging_mixin.py:188} INFO - [2024-03-29T13:59:34.459+0000] {dag.py:3834} INFO - Setting next_dagrun for example_python_operator to None, run_after=None
[2024-03-29T13:59:34.472+0000] {processor.py:183} INFO - Processing /home/airflow/.local/lib/python3.8/site-packages/airflow/example_dags/example_python_operator.py took 0.051 seconds
