[2024-03-29T13:53:29.132+0000] {processor.py:161} INFO - Started process (PID=68) to work on /home/airflow/.local/lib/python3.8/site-packages/airflow/example_dags/example_branch_operator.py
[2024-03-29T13:53:29.133+0000] {processor.py:830} INFO - Processing file /home/airflow/.local/lib/python3.8/site-packages/airflow/example_dags/example_branch_operator.py for tasks to queue
[2024-03-29T13:53:29.136+0000] {logging_mixin.py:188} INFO - [2024-03-29T13:53:29.135+0000] {dagbag.py:540} INFO - Filling up the DagBag from /home/airflow/.local/lib/python3.8/site-packages/airflow/example_dags/example_branch_operator.py
[2024-03-29T13:53:29.157+0000] {processor.py:840} INFO - DAG(s) 'example_branch_operator' retrieved from /home/airflow/.local/lib/python3.8/site-packages/airflow/example_dags/example_branch_operator.py
[2024-03-29T13:53:29.169+0000] {logging_mixin.py:188} INFO - [2024-03-29T13:53:29.169+0000] {dag.py:3047} INFO - Sync 1 DAGs
[2024-03-29T13:53:29.196+0000] {logging_mixin.py:188} INFO - [2024-03-29T13:53:29.196+0000] {dag.py:3834} INFO - Setting next_dagrun for example_branch_operator to 2024-03-28 00:00:00+00:00, run_after=2024-03-29 00:00:00+00:00
[2024-03-29T13:53:29.216+0000] {processor.py:183} INFO - Processing /home/airflow/.local/lib/python3.8/site-packages/airflow/example_dags/example_branch_operator.py took 0.087 seconds
[2024-03-29T13:54:00.218+0000] {processor.py:161} INFO - Started process (PID=124) to work on /home/airflow/.local/lib/python3.8/site-packages/airflow/example_dags/example_branch_operator.py
[2024-03-29T13:54:00.219+0000] {processor.py:830} INFO - Processing file /home/airflow/.local/lib/python3.8/site-packages/airflow/example_dags/example_branch_operator.py for tasks to queue
[2024-03-29T13:54:00.220+0000] {logging_mixin.py:188} INFO - [2024-03-29T13:54:00.220+0000] {dagbag.py:540} INFO - Filling up the DagBag from /home/airflow/.local/lib/python3.8/site-packages/airflow/example_dags/example_branch_operator.py
[2024-03-29T13:54:00.233+0000] {processor.py:840} INFO - DAG(s) 'example_branch_operator' retrieved from /home/airflow/.local/lib/python3.8/site-packages/airflow/example_dags/example_branch_operator.py
[2024-03-29T13:54:00.312+0000] {logging_mixin.py:188} INFO - [2024-03-29T13:54:00.312+0000] {dag.py:3047} INFO - Sync 1 DAGs
[2024-03-29T13:54:00.327+0000] {logging_mixin.py:188} INFO - [2024-03-29T13:54:00.327+0000] {dag.py:3834} INFO - Setting next_dagrun for example_branch_operator to 2024-03-28 00:00:00+00:00, run_after=2024-03-29 00:00:00+00:00
[2024-03-29T13:54:00.341+0000] {processor.py:183} INFO - Processing /home/airflow/.local/lib/python3.8/site-packages/airflow/example_dags/example_branch_operator.py took 0.125 seconds
[2024-03-29T13:54:30.473+0000] {processor.py:161} INFO - Started process (PID=180) to work on /home/airflow/.local/lib/python3.8/site-packages/airflow/example_dags/example_branch_operator.py
[2024-03-29T13:54:30.474+0000] {processor.py:830} INFO - Processing file /home/airflow/.local/lib/python3.8/site-packages/airflow/example_dags/example_branch_operator.py for tasks to queue
[2024-03-29T13:54:30.475+0000] {logging_mixin.py:188} INFO - [2024-03-29T13:54:30.475+0000] {dagbag.py:540} INFO - Filling up the DagBag from /home/airflow/.local/lib/python3.8/site-packages/airflow/example_dags/example_branch_operator.py
[2024-03-29T13:54:30.487+0000] {processor.py:840} INFO - DAG(s) 'example_branch_operator' retrieved from /home/airflow/.local/lib/python3.8/site-packages/airflow/example_dags/example_branch_operator.py
[2024-03-29T13:54:30.509+0000] {logging_mixin.py:188} INFO - [2024-03-29T13:54:30.509+0000] {dag.py:3047} INFO - Sync 1 DAGs
[2024-03-29T13:54:30.527+0000] {logging_mixin.py:188} INFO - [2024-03-29T13:54:30.527+0000] {dag.py:3834} INFO - Setting next_dagrun for example_branch_operator to 2024-03-28 00:00:00+00:00, run_after=2024-03-29 00:00:00+00:00
[2024-03-29T13:54:30.539+0000] {processor.py:183} INFO - Processing /home/airflow/.local/lib/python3.8/site-packages/airflow/example_dags/example_branch_operator.py took 0.069 seconds
[2024-03-29T13:55:00.930+0000] {processor.py:161} INFO - Started process (PID=236) to work on /home/airflow/.local/lib/python3.8/site-packages/airflow/example_dags/example_branch_operator.py
[2024-03-29T13:55:00.930+0000] {processor.py:830} INFO - Processing file /home/airflow/.local/lib/python3.8/site-packages/airflow/example_dags/example_branch_operator.py for tasks to queue
[2024-03-29T13:55:00.932+0000] {logging_mixin.py:188} INFO - [2024-03-29T13:55:00.931+0000] {dagbag.py:540} INFO - Filling up the DagBag from /home/airflow/.local/lib/python3.8/site-packages/airflow/example_dags/example_branch_operator.py
[2024-03-29T13:55:00.943+0000] {processor.py:840} INFO - DAG(s) 'example_branch_operator' retrieved from /home/airflow/.local/lib/python3.8/site-packages/airflow/example_dags/example_branch_operator.py
[2024-03-29T13:55:00.964+0000] {logging_mixin.py:188} INFO - [2024-03-29T13:55:00.964+0000] {dag.py:3047} INFO - Sync 1 DAGs
[2024-03-29T13:55:00.980+0000] {logging_mixin.py:188} INFO - [2024-03-29T13:55:00.980+0000] {dag.py:3834} INFO - Setting next_dagrun for example_branch_operator to 2024-03-28 00:00:00+00:00, run_after=2024-03-29 00:00:00+00:00
[2024-03-29T13:55:00.995+0000] {processor.py:183} INFO - Processing /home/airflow/.local/lib/python3.8/site-packages/airflow/example_dags/example_branch_operator.py took 0.068 seconds
[2024-03-29T13:55:31.250+0000] {processor.py:161} INFO - Started process (PID=292) to work on /home/airflow/.local/lib/python3.8/site-packages/airflow/example_dags/example_branch_operator.py
[2024-03-29T13:55:31.251+0000] {processor.py:830} INFO - Processing file /home/airflow/.local/lib/python3.8/site-packages/airflow/example_dags/example_branch_operator.py for tasks to queue
[2024-03-29T13:55:31.252+0000] {logging_mixin.py:188} INFO - [2024-03-29T13:55:31.252+0000] {dagbag.py:540} INFO - Filling up the DagBag from /home/airflow/.local/lib/python3.8/site-packages/airflow/example_dags/example_branch_operator.py
[2024-03-29T13:55:31.268+0000] {processor.py:840} INFO - DAG(s) 'example_branch_operator' retrieved from /home/airflow/.local/lib/python3.8/site-packages/airflow/example_dags/example_branch_operator.py
[2024-03-29T13:55:31.292+0000] {logging_mixin.py:188} INFO - [2024-03-29T13:55:31.292+0000] {dag.py:3047} INFO - Sync 1 DAGs
[2024-03-29T13:55:31.316+0000] {logging_mixin.py:188} INFO - [2024-03-29T13:55:31.316+0000] {dag.py:3834} INFO - Setting next_dagrun for example_branch_operator to 2024-03-28 00:00:00+00:00, run_after=2024-03-29 00:00:00+00:00
[2024-03-29T13:55:31.342+0000] {processor.py:183} INFO - Processing /home/airflow/.local/lib/python3.8/site-packages/airflow/example_dags/example_branch_operator.py took 0.095 seconds
[2024-03-29T13:56:01.388+0000] {processor.py:161} INFO - Started process (PID=348) to work on /home/airflow/.local/lib/python3.8/site-packages/airflow/example_dags/example_branch_operator.py
[2024-03-29T13:56:01.389+0000] {processor.py:830} INFO - Processing file /home/airflow/.local/lib/python3.8/site-packages/airflow/example_dags/example_branch_operator.py for tasks to queue
[2024-03-29T13:56:01.390+0000] {logging_mixin.py:188} INFO - [2024-03-29T13:56:01.390+0000] {dagbag.py:540} INFO - Filling up the DagBag from /home/airflow/.local/lib/python3.8/site-packages/airflow/example_dags/example_branch_operator.py
[2024-03-29T13:56:01.403+0000] {processor.py:840} INFO - DAG(s) 'example_branch_operator' retrieved from /home/airflow/.local/lib/python3.8/site-packages/airflow/example_dags/example_branch_operator.py
[2024-03-29T13:56:01.425+0000] {logging_mixin.py:188} INFO - [2024-03-29T13:56:01.425+0000] {dag.py:3047} INFO - Sync 1 DAGs
[2024-03-29T13:56:01.445+0000] {logging_mixin.py:188} INFO - [2024-03-29T13:56:01.445+0000] {dag.py:3834} INFO - Setting next_dagrun for example_branch_operator to 2024-03-28 00:00:00+00:00, run_after=2024-03-29 00:00:00+00:00
[2024-03-29T13:56:01.469+0000] {processor.py:183} INFO - Processing /home/airflow/.local/lib/python3.8/site-packages/airflow/example_dags/example_branch_operator.py took 0.083 seconds
[2024-03-29T13:56:31.718+0000] {processor.py:161} INFO - Started process (PID=404) to work on /home/airflow/.local/lib/python3.8/site-packages/airflow/example_dags/example_branch_operator.py
[2024-03-29T13:56:31.719+0000] {processor.py:830} INFO - Processing file /home/airflow/.local/lib/python3.8/site-packages/airflow/example_dags/example_branch_operator.py for tasks to queue
[2024-03-29T13:56:31.720+0000] {logging_mixin.py:188} INFO - [2024-03-29T13:56:31.720+0000] {dagbag.py:540} INFO - Filling up the DagBag from /home/airflow/.local/lib/python3.8/site-packages/airflow/example_dags/example_branch_operator.py
[2024-03-29T13:56:31.733+0000] {processor.py:840} INFO - DAG(s) 'example_branch_operator' retrieved from /home/airflow/.local/lib/python3.8/site-packages/airflow/example_dags/example_branch_operator.py
[2024-03-29T13:56:31.755+0000] {logging_mixin.py:188} INFO - [2024-03-29T13:56:31.755+0000] {dag.py:3047} INFO - Sync 1 DAGs
[2024-03-29T13:56:31.775+0000] {logging_mixin.py:188} INFO - [2024-03-29T13:56:31.775+0000] {dag.py:3834} INFO - Setting next_dagrun for example_branch_operator to 2024-03-28 00:00:00+00:00, run_after=2024-03-29 00:00:00+00:00
[2024-03-29T13:56:31.792+0000] {processor.py:183} INFO - Processing /home/airflow/.local/lib/python3.8/site-packages/airflow/example_dags/example_branch_operator.py took 0.077 seconds
[2024-03-29T13:57:02.295+0000] {processor.py:161} INFO - Started process (PID=460) to work on /home/airflow/.local/lib/python3.8/site-packages/airflow/example_dags/example_branch_operator.py
[2024-03-29T13:57:02.296+0000] {processor.py:830} INFO - Processing file /home/airflow/.local/lib/python3.8/site-packages/airflow/example_dags/example_branch_operator.py for tasks to queue
[2024-03-29T13:57:02.297+0000] {logging_mixin.py:188} INFO - [2024-03-29T13:57:02.297+0000] {dagbag.py:540} INFO - Filling up the DagBag from /home/airflow/.local/lib/python3.8/site-packages/airflow/example_dags/example_branch_operator.py
[2024-03-29T13:57:02.312+0000] {processor.py:840} INFO - DAG(s) 'example_branch_operator' retrieved from /home/airflow/.local/lib/python3.8/site-packages/airflow/example_dags/example_branch_operator.py
[2024-03-29T13:57:02.333+0000] {logging_mixin.py:188} INFO - [2024-03-29T13:57:02.333+0000] {dag.py:3047} INFO - Sync 1 DAGs
[2024-03-29T13:57:02.354+0000] {logging_mixin.py:188} INFO - [2024-03-29T13:57:02.354+0000] {dag.py:3834} INFO - Setting next_dagrun for example_branch_operator to 2024-03-28 00:00:00+00:00, run_after=2024-03-29 00:00:00+00:00
[2024-03-29T13:57:02.371+0000] {processor.py:183} INFO - Processing /home/airflow/.local/lib/python3.8/site-packages/airflow/example_dags/example_branch_operator.py took 0.080 seconds
[2024-03-29T13:57:33.129+0000] {processor.py:161} INFO - Started process (PID=522) to work on /home/airflow/.local/lib/python3.8/site-packages/airflow/example_dags/example_branch_operator.py
[2024-03-29T13:57:33.130+0000] {processor.py:830} INFO - Processing file /home/airflow/.local/lib/python3.8/site-packages/airflow/example_dags/example_branch_operator.py for tasks to queue
[2024-03-29T13:57:33.132+0000] {logging_mixin.py:188} INFO - [2024-03-29T13:57:33.131+0000] {dagbag.py:540} INFO - Filling up the DagBag from /home/airflow/.local/lib/python3.8/site-packages/airflow/example_dags/example_branch_operator.py
[2024-03-29T13:57:33.144+0000] {processor.py:840} INFO - DAG(s) 'example_branch_operator' retrieved from /home/airflow/.local/lib/python3.8/site-packages/airflow/example_dags/example_branch_operator.py
[2024-03-29T13:57:33.166+0000] {logging_mixin.py:188} INFO - [2024-03-29T13:57:33.166+0000] {dag.py:3047} INFO - Sync 1 DAGs
[2024-03-29T13:57:33.184+0000] {logging_mixin.py:188} INFO - [2024-03-29T13:57:33.183+0000] {dag.py:3834} INFO - Setting next_dagrun for example_branch_operator to 2024-03-28 00:00:00+00:00, run_after=2024-03-29 00:00:00+00:00
[2024-03-29T13:57:33.202+0000] {processor.py:183} INFO - Processing /home/airflow/.local/lib/python3.8/site-packages/airflow/example_dags/example_branch_operator.py took 0.075 seconds
[2024-03-29T13:58:03.279+0000] {processor.py:161} INFO - Started process (PID=578) to work on /home/airflow/.local/lib/python3.8/site-packages/airflow/example_dags/example_branch_operator.py
[2024-03-29T13:58:03.280+0000] {processor.py:830} INFO - Processing file /home/airflow/.local/lib/python3.8/site-packages/airflow/example_dags/example_branch_operator.py for tasks to queue
[2024-03-29T13:58:03.282+0000] {logging_mixin.py:188} INFO - [2024-03-29T13:58:03.282+0000] {dagbag.py:540} INFO - Filling up the DagBag from /home/airflow/.local/lib/python3.8/site-packages/airflow/example_dags/example_branch_operator.py
[2024-03-29T13:58:03.294+0000] {processor.py:840} INFO - DAG(s) 'example_branch_operator' retrieved from /home/airflow/.local/lib/python3.8/site-packages/airflow/example_dags/example_branch_operator.py
[2024-03-29T13:58:03.315+0000] {logging_mixin.py:188} INFO - [2024-03-29T13:58:03.315+0000] {dag.py:3047} INFO - Sync 1 DAGs
[2024-03-29T13:58:03.332+0000] {logging_mixin.py:188} INFO - [2024-03-29T13:58:03.332+0000] {dag.py:3834} INFO - Setting next_dagrun for example_branch_operator to 2024-03-28 00:00:00+00:00, run_after=2024-03-29 00:00:00+00:00
[2024-03-29T13:58:03.345+0000] {processor.py:183} INFO - Processing /home/airflow/.local/lib/python3.8/site-packages/airflow/example_dags/example_branch_operator.py took 0.068 seconds
[2024-03-29T13:58:33.814+0000] {processor.py:161} INFO - Started process (PID=634) to work on /home/airflow/.local/lib/python3.8/site-packages/airflow/example_dags/example_branch_operator.py
[2024-03-29T13:58:33.815+0000] {processor.py:830} INFO - Processing file /home/airflow/.local/lib/python3.8/site-packages/airflow/example_dags/example_branch_operator.py for tasks to queue
[2024-03-29T13:58:33.816+0000] {logging_mixin.py:188} INFO - [2024-03-29T13:58:33.816+0000] {dagbag.py:540} INFO - Filling up the DagBag from /home/airflow/.local/lib/python3.8/site-packages/airflow/example_dags/example_branch_operator.py
[2024-03-29T13:58:33.830+0000] {processor.py:840} INFO - DAG(s) 'example_branch_operator' retrieved from /home/airflow/.local/lib/python3.8/site-packages/airflow/example_dags/example_branch_operator.py
[2024-03-29T13:58:33.853+0000] {logging_mixin.py:188} INFO - [2024-03-29T13:58:33.853+0000] {dag.py:3047} INFO - Sync 1 DAGs
[2024-03-29T13:58:33.872+0000] {logging_mixin.py:188} INFO - [2024-03-29T13:58:33.872+0000] {dag.py:3834} INFO - Setting next_dagrun for example_branch_operator to 2024-03-28 00:00:00+00:00, run_after=2024-03-29 00:00:00+00:00
[2024-03-29T13:58:33.887+0000] {processor.py:183} INFO - Processing /home/airflow/.local/lib/python3.8/site-packages/airflow/example_dags/example_branch_operator.py took 0.076 seconds
[2024-03-29T13:59:04.174+0000] {processor.py:161} INFO - Started process (PID=690) to work on /home/airflow/.local/lib/python3.8/site-packages/airflow/example_dags/example_branch_operator.py
[2024-03-29T13:59:04.175+0000] {processor.py:830} INFO - Processing file /home/airflow/.local/lib/python3.8/site-packages/airflow/example_dags/example_branch_operator.py for tasks to queue
[2024-03-29T13:59:04.176+0000] {logging_mixin.py:188} INFO - [2024-03-29T13:59:04.176+0000] {dagbag.py:540} INFO - Filling up the DagBag from /home/airflow/.local/lib/python3.8/site-packages/airflow/example_dags/example_branch_operator.py
[2024-03-29T13:59:04.190+0000] {processor.py:840} INFO - DAG(s) 'example_branch_operator' retrieved from /home/airflow/.local/lib/python3.8/site-packages/airflow/example_dags/example_branch_operator.py
[2024-03-29T13:59:04.212+0000] {logging_mixin.py:188} INFO - [2024-03-29T13:59:04.211+0000] {dag.py:3047} INFO - Sync 1 DAGs
[2024-03-29T13:59:04.233+0000] {logging_mixin.py:188} INFO - [2024-03-29T13:59:04.233+0000] {dag.py:3834} INFO - Setting next_dagrun for example_branch_operator to 2024-03-28 00:00:00+00:00, run_after=2024-03-29 00:00:00+00:00
[2024-03-29T13:59:04.252+0000] {processor.py:183} INFO - Processing /home/airflow/.local/lib/python3.8/site-packages/airflow/example_dags/example_branch_operator.py took 0.080 seconds
[2024-03-29T13:59:34.494+0000] {processor.py:161} INFO - Started process (PID=746) to work on /home/airflow/.local/lib/python3.8/site-packages/airflow/example_dags/example_branch_operator.py
[2024-03-29T13:59:34.495+0000] {processor.py:830} INFO - Processing file /home/airflow/.local/lib/python3.8/site-packages/airflow/example_dags/example_branch_operator.py for tasks to queue
[2024-03-29T13:59:34.497+0000] {logging_mixin.py:188} INFO - [2024-03-29T13:59:34.496+0000] {dagbag.py:540} INFO - Filling up the DagBag from /home/airflow/.local/lib/python3.8/site-packages/airflow/example_dags/example_branch_operator.py
[2024-03-29T13:59:34.510+0000] {processor.py:840} INFO - DAG(s) 'example_branch_operator' retrieved from /home/airflow/.local/lib/python3.8/site-packages/airflow/example_dags/example_branch_operator.py
[2024-03-29T13:59:34.531+0000] {logging_mixin.py:188} INFO - [2024-03-29T13:59:34.531+0000] {dag.py:3047} INFO - Sync 1 DAGs
[2024-03-29T13:59:34.548+0000] {logging_mixin.py:188} INFO - [2024-03-29T13:59:34.548+0000] {dag.py:3834} INFO - Setting next_dagrun for example_branch_operator to 2024-03-28 00:00:00+00:00, run_after=2024-03-29 00:00:00+00:00
[2024-03-29T13:59:34.561+0000] {processor.py:183} INFO - Processing /home/airflow/.local/lib/python3.8/site-packages/airflow/example_dags/example_branch_operator.py took 0.069 seconds
