[2024-03-29T13:53:29.034+0000] {processor.py:161} INFO - Started process (PID=67) to work on /home/airflow/.local/lib/python3.8/site-packages/airflow/example_dags/example_sla_dag.py
[2024-03-29T13:53:29.035+0000] {processor.py:830} INFO - Processing file /home/airflow/.local/lib/python3.8/site-packages/airflow/example_dags/example_sla_dag.py for tasks to queue
[2024-03-29T13:53:29.036+0000] {logging_mixin.py:188} INFO - [2024-03-29T13:53:29.036+0000] {dagbag.py:540} INFO - Filling up the DagBag from /home/airflow/.local/lib/python3.8/site-packages/airflow/example_dags/example_sla_dag.py
[2024-03-29T13:53:29.047+0000] {processor.py:840} INFO - DAG(s) 'example_sla_dag' retrieved from /home/airflow/.local/lib/python3.8/site-packages/airflow/example_dags/example_sla_dag.py
[2024-03-29T13:53:29.059+0000] {logging_mixin.py:188} INFO - [2024-03-29T13:53:29.059+0000] {dag.py:3047} INFO - Sync 1 DAGs
[2024-03-29T13:53:29.083+0000] {logging_mixin.py:188} INFO - [2024-03-29T13:53:29.083+0000] {dag.py:3834} INFO - Setting next_dagrun for example_sla_dag to 2024-03-29 13:50:00+00:00, run_after=2024-03-29 13:52:00+00:00
[2024-03-29T13:53:29.104+0000] {processor.py:183} INFO - Processing /home/airflow/.local/lib/python3.8/site-packages/airflow/example_dags/example_sla_dag.py took 0.073 seconds
[2024-03-29T13:54:00.217+0000] {processor.py:161} INFO - Started process (PID=123) to work on /home/airflow/.local/lib/python3.8/site-packages/airflow/example_dags/example_sla_dag.py
[2024-03-29T13:54:00.218+0000] {processor.py:830} INFO - Processing file /home/airflow/.local/lib/python3.8/site-packages/airflow/example_dags/example_sla_dag.py for tasks to queue
[2024-03-29T13:54:00.219+0000] {logging_mixin.py:188} INFO - [2024-03-29T13:54:00.219+0000] {dagbag.py:540} INFO - Filling up the DagBag from /home/airflow/.local/lib/python3.8/site-packages/airflow/example_dags/example_sla_dag.py
[2024-03-29T13:54:00.225+0000] {processor.py:840} INFO - DAG(s) 'example_sla_dag' retrieved from /home/airflow/.local/lib/python3.8/site-packages/airflow/example_dags/example_sla_dag.py
[2024-03-29T13:54:00.301+0000] {logging_mixin.py:188} INFO - [2024-03-29T13:54:00.301+0000] {dag.py:3047} INFO - Sync 1 DAGs
[2024-03-29T13:54:00.316+0000] {logging_mixin.py:188} INFO - [2024-03-29T13:54:00.316+0000] {dag.py:3834} INFO - Setting next_dagrun for example_sla_dag to 2024-03-29 13:52:00+00:00, run_after=2024-03-29 13:54:00+00:00
[2024-03-29T13:54:00.337+0000] {processor.py:183} INFO - Processing /home/airflow/.local/lib/python3.8/site-packages/airflow/example_dags/example_sla_dag.py took 0.123 seconds
[2024-03-29T13:54:30.435+0000] {processor.py:161} INFO - Started process (PID=179) to work on /home/airflow/.local/lib/python3.8/site-packages/airflow/example_dags/example_sla_dag.py
[2024-03-29T13:54:30.435+0000] {processor.py:830} INFO - Processing file /home/airflow/.local/lib/python3.8/site-packages/airflow/example_dags/example_sla_dag.py for tasks to queue
[2024-03-29T13:54:30.437+0000] {logging_mixin.py:188} INFO - [2024-03-29T13:54:30.437+0000] {dagbag.py:540} INFO - Filling up the DagBag from /home/airflow/.local/lib/python3.8/site-packages/airflow/example_dags/example_sla_dag.py
[2024-03-29T13:54:30.443+0000] {processor.py:840} INFO - DAG(s) 'example_sla_dag' retrieved from /home/airflow/.local/lib/python3.8/site-packages/airflow/example_dags/example_sla_dag.py
[2024-03-29T13:54:30.460+0000] {logging_mixin.py:188} INFO - [2024-03-29T13:54:30.459+0000] {dag.py:3047} INFO - Sync 1 DAGs
[2024-03-29T13:54:30.477+0000] {logging_mixin.py:188} INFO - [2024-03-29T13:54:30.477+0000] {dag.py:3834} INFO - Setting next_dagrun for example_sla_dag to 2024-03-29 13:52:00+00:00, run_after=2024-03-29 13:54:00+00:00
[2024-03-29T13:54:30.491+0000] {processor.py:183} INFO - Processing /home/airflow/.local/lib/python3.8/site-packages/airflow/example_dags/example_sla_dag.py took 0.059 seconds
[2024-03-29T13:55:00.928+0000] {processor.py:161} INFO - Started process (PID=235) to work on /home/airflow/.local/lib/python3.8/site-packages/airflow/example_dags/example_sla_dag.py
[2024-03-29T13:55:00.929+0000] {processor.py:830} INFO - Processing file /home/airflow/.local/lib/python3.8/site-packages/airflow/example_dags/example_sla_dag.py for tasks to queue
[2024-03-29T13:55:00.931+0000] {logging_mixin.py:188} INFO - [2024-03-29T13:55:00.930+0000] {dagbag.py:540} INFO - Filling up the DagBag from /home/airflow/.local/lib/python3.8/site-packages/airflow/example_dags/example_sla_dag.py
[2024-03-29T13:55:00.936+0000] {processor.py:840} INFO - DAG(s) 'example_sla_dag' retrieved from /home/airflow/.local/lib/python3.8/site-packages/airflow/example_dags/example_sla_dag.py
[2024-03-29T13:55:00.951+0000] {logging_mixin.py:188} INFO - [2024-03-29T13:55:00.950+0000] {dag.py:3047} INFO - Sync 1 DAGs
[2024-03-29T13:55:00.969+0000] {logging_mixin.py:188} INFO - [2024-03-29T13:55:00.969+0000] {dag.py:3834} INFO - Setting next_dagrun for example_sla_dag to 2024-03-29 13:52:00+00:00, run_after=2024-03-29 13:54:00+00:00
[2024-03-29T13:55:00.995+0000] {processor.py:183} INFO - Processing /home/airflow/.local/lib/python3.8/site-packages/airflow/example_dags/example_sla_dag.py took 0.069 seconds
[2024-03-29T13:55:31.156+0000] {processor.py:161} INFO - Started process (PID=291) to work on /home/airflow/.local/lib/python3.8/site-packages/airflow/example_dags/example_sla_dag.py
[2024-03-29T13:55:31.156+0000] {processor.py:830} INFO - Processing file /home/airflow/.local/lib/python3.8/site-packages/airflow/example_dags/example_sla_dag.py for tasks to queue
[2024-03-29T13:55:31.158+0000] {logging_mixin.py:188} INFO - [2024-03-29T13:55:31.157+0000] {dagbag.py:540} INFO - Filling up the DagBag from /home/airflow/.local/lib/python3.8/site-packages/airflow/example_dags/example_sla_dag.py
[2024-03-29T13:55:31.163+0000] {processor.py:840} INFO - DAG(s) 'example_sla_dag' retrieved from /home/airflow/.local/lib/python3.8/site-packages/airflow/example_dags/example_sla_dag.py
[2024-03-29T13:55:31.179+0000] {logging_mixin.py:188} INFO - [2024-03-29T13:55:31.178+0000] {dag.py:3047} INFO - Sync 1 DAGs
[2024-03-29T13:55:31.203+0000] {logging_mixin.py:188} INFO - [2024-03-29T13:55:31.203+0000] {dag.py:3834} INFO - Setting next_dagrun for example_sla_dag to 2024-03-29 13:52:00+00:00, run_after=2024-03-29 13:54:00+00:00
[2024-03-29T13:55:31.223+0000] {processor.py:183} INFO - Processing /home/airflow/.local/lib/python3.8/site-packages/airflow/example_dags/example_sla_dag.py took 0.070 seconds
[2024-03-29T13:56:01.293+0000] {processor.py:161} INFO - Started process (PID=347) to work on /home/airflow/.local/lib/python3.8/site-packages/airflow/example_dags/example_sla_dag.py
[2024-03-29T13:56:01.294+0000] {processor.py:830} INFO - Processing file /home/airflow/.local/lib/python3.8/site-packages/airflow/example_dags/example_sla_dag.py for tasks to queue
[2024-03-29T13:56:01.296+0000] {logging_mixin.py:188} INFO - [2024-03-29T13:56:01.295+0000] {dagbag.py:540} INFO - Filling up the DagBag from /home/airflow/.local/lib/python3.8/site-packages/airflow/example_dags/example_sla_dag.py
[2024-03-29T13:56:01.303+0000] {processor.py:840} INFO - DAG(s) 'example_sla_dag' retrieved from /home/airflow/.local/lib/python3.8/site-packages/airflow/example_dags/example_sla_dag.py
[2024-03-29T13:56:01.320+0000] {logging_mixin.py:188} INFO - [2024-03-29T13:56:01.320+0000] {dag.py:3047} INFO - Sync 1 DAGs
[2024-03-29T13:56:01.342+0000] {logging_mixin.py:188} INFO - [2024-03-29T13:56:01.342+0000] {dag.py:3834} INFO - Setting next_dagrun for example_sla_dag to 2024-03-29 13:54:00+00:00, run_after=2024-03-29 13:56:00+00:00
[2024-03-29T13:56:01.363+0000] {processor.py:183} INFO - Processing /home/airflow/.local/lib/python3.8/site-packages/airflow/example_dags/example_sla_dag.py took 0.072 seconds
[2024-03-29T13:56:31.695+0000] {processor.py:161} INFO - Started process (PID=403) to work on /home/airflow/.local/lib/python3.8/site-packages/airflow/example_dags/example_sla_dag.py
[2024-03-29T13:56:31.695+0000] {processor.py:830} INFO - Processing file /home/airflow/.local/lib/python3.8/site-packages/airflow/example_dags/example_sla_dag.py for tasks to queue
[2024-03-29T13:56:31.697+0000] {logging_mixin.py:188} INFO - [2024-03-29T13:56:31.697+0000] {dagbag.py:540} INFO - Filling up the DagBag from /home/airflow/.local/lib/python3.8/site-packages/airflow/example_dags/example_sla_dag.py
[2024-03-29T13:56:31.705+0000] {processor.py:840} INFO - DAG(s) 'example_sla_dag' retrieved from /home/airflow/.local/lib/python3.8/site-packages/airflow/example_dags/example_sla_dag.py
[2024-03-29T13:56:31.719+0000] {logging_mixin.py:188} INFO - [2024-03-29T13:56:31.719+0000] {dag.py:3047} INFO - Sync 1 DAGs
[2024-03-29T13:56:31.737+0000] {logging_mixin.py:188} INFO - [2024-03-29T13:56:31.737+0000] {dag.py:3834} INFO - Setting next_dagrun for example_sla_dag to 2024-03-29 13:54:00+00:00, run_after=2024-03-29 13:56:00+00:00
[2024-03-29T13:56:31.750+0000] {processor.py:183} INFO - Processing /home/airflow/.local/lib/python3.8/site-packages/airflow/example_dags/example_sla_dag.py took 0.057 seconds
[2024-03-29T13:57:02.293+0000] {processor.py:161} INFO - Started process (PID=459) to work on /home/airflow/.local/lib/python3.8/site-packages/airflow/example_dags/example_sla_dag.py
[2024-03-29T13:57:02.294+0000] {processor.py:830} INFO - Processing file /home/airflow/.local/lib/python3.8/site-packages/airflow/example_dags/example_sla_dag.py for tasks to queue
[2024-03-29T13:57:02.295+0000] {logging_mixin.py:188} INFO - [2024-03-29T13:57:02.295+0000] {dagbag.py:540} INFO - Filling up the DagBag from /home/airflow/.local/lib/python3.8/site-packages/airflow/example_dags/example_sla_dag.py
[2024-03-29T13:57:02.302+0000] {processor.py:840} INFO - DAG(s) 'example_sla_dag' retrieved from /home/airflow/.local/lib/python3.8/site-packages/airflow/example_dags/example_sla_dag.py
[2024-03-29T13:57:02.318+0000] {logging_mixin.py:188} INFO - [2024-03-29T13:57:02.317+0000] {dag.py:3047} INFO - Sync 1 DAGs
[2024-03-29T13:57:02.336+0000] {logging_mixin.py:188} INFO - [2024-03-29T13:57:02.336+0000] {dag.py:3834} INFO - Setting next_dagrun for example_sla_dag to 2024-03-29 13:54:00+00:00, run_after=2024-03-29 13:56:00+00:00
[2024-03-29T13:57:02.353+0000] {processor.py:183} INFO - Processing /home/airflow/.local/lib/python3.8/site-packages/airflow/example_dags/example_sla_dag.py took 0.063 seconds
[2024-03-29T13:57:33.037+0000] {processor.py:161} INFO - Started process (PID=521) to work on /home/airflow/.local/lib/python3.8/site-packages/airflow/example_dags/example_sla_dag.py
[2024-03-29T13:57:33.038+0000] {processor.py:830} INFO - Processing file /home/airflow/.local/lib/python3.8/site-packages/airflow/example_dags/example_sla_dag.py for tasks to queue
[2024-03-29T13:57:33.039+0000] {logging_mixin.py:188} INFO - [2024-03-29T13:57:33.039+0000] {dagbag.py:540} INFO - Filling up the DagBag from /home/airflow/.local/lib/python3.8/site-packages/airflow/example_dags/example_sla_dag.py
[2024-03-29T13:57:33.046+0000] {processor.py:840} INFO - DAG(s) 'example_sla_dag' retrieved from /home/airflow/.local/lib/python3.8/site-packages/airflow/example_dags/example_sla_dag.py
[2024-03-29T13:57:33.062+0000] {logging_mixin.py:188} INFO - [2024-03-29T13:57:33.061+0000] {dag.py:3047} INFO - Sync 1 DAGs
[2024-03-29T13:57:33.082+0000] {logging_mixin.py:188} INFO - [2024-03-29T13:57:33.082+0000] {dag.py:3834} INFO - Setting next_dagrun for example_sla_dag to 2024-03-29 13:54:00+00:00, run_after=2024-03-29 13:56:00+00:00
[2024-03-29T13:57:33.106+0000] {processor.py:183} INFO - Processing /home/airflow/.local/lib/python3.8/site-packages/airflow/example_dags/example_sla_dag.py took 0.072 seconds
[2024-03-29T13:58:03.248+0000] {processor.py:161} INFO - Started process (PID=577) to work on /home/airflow/.local/lib/python3.8/site-packages/airflow/example_dags/example_sla_dag.py
[2024-03-29T13:58:03.249+0000] {processor.py:830} INFO - Processing file /home/airflow/.local/lib/python3.8/site-packages/airflow/example_dags/example_sla_dag.py for tasks to queue
[2024-03-29T13:58:03.250+0000] {logging_mixin.py:188} INFO - [2024-03-29T13:58:03.250+0000] {dagbag.py:540} INFO - Filling up the DagBag from /home/airflow/.local/lib/python3.8/site-packages/airflow/example_dags/example_sla_dag.py
[2024-03-29T13:58:03.256+0000] {processor.py:840} INFO - DAG(s) 'example_sla_dag' retrieved from /home/airflow/.local/lib/python3.8/site-packages/airflow/example_dags/example_sla_dag.py
[2024-03-29T13:58:03.272+0000] {logging_mixin.py:188} INFO - [2024-03-29T13:58:03.271+0000] {dag.py:3047} INFO - Sync 1 DAGs
[2024-03-29T13:58:03.290+0000] {logging_mixin.py:188} INFO - [2024-03-29T13:58:03.290+0000] {dag.py:3834} INFO - Setting next_dagrun for example_sla_dag to 2024-03-29 13:56:00+00:00, run_after=2024-03-29 13:58:00+00:00
[2024-03-29T13:58:03.304+0000] {processor.py:183} INFO - Processing /home/airflow/.local/lib/python3.8/site-packages/airflow/example_dags/example_sla_dag.py took 0.059 seconds
[2024-03-29T13:58:33.783+0000] {processor.py:161} INFO - Started process (PID=633) to work on /home/airflow/.local/lib/python3.8/site-packages/airflow/example_dags/example_sla_dag.py
[2024-03-29T13:58:33.784+0000] {processor.py:830} INFO - Processing file /home/airflow/.local/lib/python3.8/site-packages/airflow/example_dags/example_sla_dag.py for tasks to queue
[2024-03-29T13:58:33.786+0000] {logging_mixin.py:188} INFO - [2024-03-29T13:58:33.785+0000] {dagbag.py:540} INFO - Filling up the DagBag from /home/airflow/.local/lib/python3.8/site-packages/airflow/example_dags/example_sla_dag.py
[2024-03-29T13:58:33.793+0000] {processor.py:840} INFO - DAG(s) 'example_sla_dag' retrieved from /home/airflow/.local/lib/python3.8/site-packages/airflow/example_dags/example_sla_dag.py
[2024-03-29T13:58:33.810+0000] {logging_mixin.py:188} INFO - [2024-03-29T13:58:33.810+0000] {dag.py:3047} INFO - Sync 1 DAGs
[2024-03-29T13:58:33.831+0000] {logging_mixin.py:188} INFO - [2024-03-29T13:58:33.830+0000] {dag.py:3834} INFO - Setting next_dagrun for example_sla_dag to 2024-03-29 13:56:00+00:00, run_after=2024-03-29 13:58:00+00:00
[2024-03-29T13:58:33.846+0000] {processor.py:183} INFO - Processing /home/airflow/.local/lib/python3.8/site-packages/airflow/example_dags/example_sla_dag.py took 0.065 seconds
[2024-03-29T13:59:04.151+0000] {processor.py:161} INFO - Started process (PID=689) to work on /home/airflow/.local/lib/python3.8/site-packages/airflow/example_dags/example_sla_dag.py
[2024-03-29T13:59:04.152+0000] {processor.py:830} INFO - Processing file /home/airflow/.local/lib/python3.8/site-packages/airflow/example_dags/example_sla_dag.py for tasks to queue
[2024-03-29T13:59:04.153+0000] {logging_mixin.py:188} INFO - [2024-03-29T13:59:04.153+0000] {dagbag.py:540} INFO - Filling up the DagBag from /home/airflow/.local/lib/python3.8/site-packages/airflow/example_dags/example_sla_dag.py
[2024-03-29T13:59:04.160+0000] {processor.py:840} INFO - DAG(s) 'example_sla_dag' retrieved from /home/airflow/.local/lib/python3.8/site-packages/airflow/example_dags/example_sla_dag.py
[2024-03-29T13:59:04.176+0000] {logging_mixin.py:188} INFO - [2024-03-29T13:59:04.176+0000] {dag.py:3047} INFO - Sync 1 DAGs
[2024-03-29T13:59:04.198+0000] {logging_mixin.py:188} INFO - [2024-03-29T13:59:04.197+0000] {dag.py:3834} INFO - Setting next_dagrun for example_sla_dag to 2024-03-29 13:56:00+00:00, run_after=2024-03-29 13:58:00+00:00
[2024-03-29T13:59:04.211+0000] {processor.py:183} INFO - Processing /home/airflow/.local/lib/python3.8/site-packages/airflow/example_dags/example_sla_dag.py took 0.063 seconds
[2024-03-29T13:59:34.464+0000] {processor.py:161} INFO - Started process (PID=745) to work on /home/airflow/.local/lib/python3.8/site-packages/airflow/example_dags/example_sla_dag.py
[2024-03-29T13:59:34.465+0000] {processor.py:830} INFO - Processing file /home/airflow/.local/lib/python3.8/site-packages/airflow/example_dags/example_sla_dag.py for tasks to queue
[2024-03-29T13:59:34.467+0000] {logging_mixin.py:188} INFO - [2024-03-29T13:59:34.466+0000] {dagbag.py:540} INFO - Filling up the DagBag from /home/airflow/.local/lib/python3.8/site-packages/airflow/example_dags/example_sla_dag.py
[2024-03-29T13:59:34.474+0000] {processor.py:840} INFO - DAG(s) 'example_sla_dag' retrieved from /home/airflow/.local/lib/python3.8/site-packages/airflow/example_dags/example_sla_dag.py
[2024-03-29T13:59:34.491+0000] {logging_mixin.py:188} INFO - [2024-03-29T13:59:34.491+0000] {dag.py:3047} INFO - Sync 1 DAGs
[2024-03-29T13:59:34.512+0000] {logging_mixin.py:188} INFO - [2024-03-29T13:59:34.512+0000] {dag.py:3834} INFO - Setting next_dagrun for example_sla_dag to 2024-03-29 13:56:00+00:00, run_after=2024-03-29 13:58:00+00:00
[2024-03-29T13:59:34.527+0000] {processor.py:183} INFO - Processing /home/airflow/.local/lib/python3.8/site-packages/airflow/example_dags/example_sla_dag.py took 0.064 seconds
