[2024-03-21T22:38:35.818+0000] {processor.py:161} INFO - Started process (PID=51) to work on /home/airflow/.local/lib/python3.8/site-packages/airflow/example_dags/example_datasets.py
[2024-03-21T22:38:35.820+0000] {processor.py:830} INFO - Processing file /home/airflow/.local/lib/python3.8/site-packages/airflow/example_dags/example_datasets.py for tasks to queue
[2024-03-21T22:38:35.821+0000] {logging_mixin.py:188} INFO - [2024-03-21T22:38:35.821+0000] {dagbag.py:540} INFO - Filling up the DagBag from /home/airflow/.local/lib/python3.8/site-packages/airflow/example_dags/example_datasets.py
[2024-03-21T22:38:35.903+0000] {processor.py:840} INFO - DAG(s) 'dataset_consumes_1_never_scheduled', 'dataset_produces_2', 'dataset_consumes_1', 'dataset_consumes_1_and_2', 'dataset_produces_1', 'dataset_consumes_unknown_never_scheduled' retrieved from /home/airflow/.local/lib/python3.8/site-packages/airflow/example_dags/example_datasets.py
[2024-03-21T22:38:35.969+0000] {logging_mixin.py:188} INFO - [2024-03-21T22:38:35.969+0000] {dag.py:3047} INFO - Sync 6 DAGs
[2024-03-21T22:38:36.108+0000] {logging_mixin.py:188} INFO - [2024-03-21T22:38:36.108+0000] {dag.py:3834} INFO - Setting next_dagrun for dataset_consumes_1 to None, run_after=None
[2024-03-21T22:38:36.131+0000] {logging_mixin.py:188} INFO - [2024-03-21T22:38:36.130+0000] {dag.py:3834} INFO - Setting next_dagrun for dataset_consumes_1_and_2 to None, run_after=None
[2024-03-21T22:38:36.132+0000] {logging_mixin.py:188} INFO - [2024-03-21T22:38:36.132+0000] {dag.py:3834} INFO - Setting next_dagrun for dataset_consumes_1_never_scheduled to None, run_after=None
[2024-03-21T22:38:36.133+0000] {logging_mixin.py:188} INFO - [2024-03-21T22:38:36.133+0000] {dag.py:3834} INFO - Setting next_dagrun for dataset_consumes_unknown_never_scheduled to None, run_after=None
[2024-03-21T22:38:36.167+0000] {logging_mixin.py:188} INFO - [2024-03-21T22:38:36.167+0000] {dag.py:3834} INFO - Setting next_dagrun for dataset_produces_1 to 2024-03-20 00:00:00+00:00, run_after=2024-03-21 00:00:00+00:00
[2024-03-21T22:38:36.169+0000] {logging_mixin.py:188} INFO - [2024-03-21T22:38:36.169+0000] {dag.py:3834} INFO - Setting next_dagrun for dataset_produces_2 to None, run_after=None
[2024-03-21T22:38:36.389+0000] {processor.py:183} INFO - Processing /home/airflow/.local/lib/python3.8/site-packages/airflow/example_dags/example_datasets.py took 0.573 seconds
[2024-03-21T22:39:06.813+0000] {processor.py:161} INFO - Started process (PID=106) to work on /home/airflow/.local/lib/python3.8/site-packages/airflow/example_dags/example_datasets.py
[2024-03-21T22:39:06.814+0000] {processor.py:830} INFO - Processing file /home/airflow/.local/lib/python3.8/site-packages/airflow/example_dags/example_datasets.py for tasks to queue
[2024-03-21T22:39:06.815+0000] {logging_mixin.py:188} INFO - [2024-03-21T22:39:06.815+0000] {dagbag.py:540} INFO - Filling up the DagBag from /home/airflow/.local/lib/python3.8/site-packages/airflow/example_dags/example_datasets.py
[2024-03-21T22:39:06.824+0000] {processor.py:840} INFO - DAG(s) 'dataset_produces_2', 'dataset_produces_1', 'dataset_consumes_1', 'dataset_consumes_unknown_never_scheduled', 'dataset_consumes_1_and_2', 'dataset_consumes_1_never_scheduled' retrieved from /home/airflow/.local/lib/python3.8/site-packages/airflow/example_dags/example_datasets.py
[2024-03-21T22:39:06.943+0000] {logging_mixin.py:188} INFO - [2024-03-21T22:39:06.943+0000] {dag.py:3047} INFO - Sync 6 DAGs
[2024-03-21T22:39:06.958+0000] {logging_mixin.py:188} INFO - [2024-03-21T22:39:06.958+0000] {dag.py:3834} INFO - Setting next_dagrun for dataset_consumes_1 to None, run_after=None
[2024-03-21T22:39:06.961+0000] {logging_mixin.py:188} INFO - [2024-03-21T22:39:06.960+0000] {dag.py:3834} INFO - Setting next_dagrun for dataset_consumes_1_and_2 to None, run_after=None
[2024-03-21T22:39:06.962+0000] {logging_mixin.py:188} INFO - [2024-03-21T22:39:06.962+0000] {dag.py:3834} INFO - Setting next_dagrun for dataset_consumes_1_never_scheduled to None, run_after=None
[2024-03-21T22:39:06.963+0000] {logging_mixin.py:188} INFO - [2024-03-21T22:39:06.963+0000] {dag.py:3834} INFO - Setting next_dagrun for dataset_consumes_unknown_never_scheduled to None, run_after=None
[2024-03-21T22:39:06.965+0000] {logging_mixin.py:188} INFO - [2024-03-21T22:39:06.965+0000] {dag.py:3834} INFO - Setting next_dagrun for dataset_produces_1 to 2024-03-20 00:00:00+00:00, run_after=2024-03-21 00:00:00+00:00
[2024-03-21T22:39:06.966+0000] {logging_mixin.py:188} INFO - [2024-03-21T22:39:06.966+0000] {dag.py:3834} INFO - Setting next_dagrun for dataset_produces_2 to None, run_after=None
[2024-03-21T22:39:07.003+0000] {processor.py:183} INFO - Processing /home/airflow/.local/lib/python3.8/site-packages/airflow/example_dags/example_datasets.py took 0.192 seconds
[2024-03-21T22:39:37.708+0000] {processor.py:161} INFO - Started process (PID=161) to work on /home/airflow/.local/lib/python3.8/site-packages/airflow/example_dags/example_datasets.py
[2024-03-21T22:39:37.709+0000] {processor.py:830} INFO - Processing file /home/airflow/.local/lib/python3.8/site-packages/airflow/example_dags/example_datasets.py for tasks to queue
[2024-03-21T22:39:37.711+0000] {logging_mixin.py:188} INFO - [2024-03-21T22:39:37.711+0000] {dagbag.py:540} INFO - Filling up the DagBag from /home/airflow/.local/lib/python3.8/site-packages/airflow/example_dags/example_datasets.py
[2024-03-21T22:39:37.719+0000] {processor.py:840} INFO - DAG(s) 'dataset_consumes_unknown_never_scheduled', 'dataset_consumes_1_and_2', 'dataset_produces_2', 'dataset_consumes_1_never_scheduled', 'dataset_consumes_1', 'dataset_produces_1' retrieved from /home/airflow/.local/lib/python3.8/site-packages/airflow/example_dags/example_datasets.py
[2024-03-21T22:39:37.745+0000] {logging_mixin.py:188} INFO - [2024-03-21T22:39:37.745+0000] {dag.py:3047} INFO - Sync 6 DAGs
[2024-03-21T22:39:37.763+0000] {logging_mixin.py:188} INFO - [2024-03-21T22:39:37.762+0000] {dag.py:3834} INFO - Setting next_dagrun for dataset_consumes_1 to None, run_after=None
[2024-03-21T22:39:37.766+0000] {logging_mixin.py:188} INFO - [2024-03-21T22:39:37.766+0000] {dag.py:3834} INFO - Setting next_dagrun for dataset_consumes_1_and_2 to None, run_after=None
[2024-03-21T22:39:37.768+0000] {logging_mixin.py:188} INFO - [2024-03-21T22:39:37.767+0000] {dag.py:3834} INFO - Setting next_dagrun for dataset_consumes_1_never_scheduled to None, run_after=None
[2024-03-21T22:39:37.769+0000] {logging_mixin.py:188} INFO - [2024-03-21T22:39:37.769+0000] {dag.py:3834} INFO - Setting next_dagrun for dataset_consumes_unknown_never_scheduled to None, run_after=None
[2024-03-21T22:39:37.772+0000] {logging_mixin.py:188} INFO - [2024-03-21T22:39:37.772+0000] {dag.py:3834} INFO - Setting next_dagrun for dataset_produces_1 to 2024-03-20 00:00:00+00:00, run_after=2024-03-21 00:00:00+00:00
[2024-03-21T22:39:37.773+0000] {logging_mixin.py:188} INFO - [2024-03-21T22:39:37.773+0000] {dag.py:3834} INFO - Setting next_dagrun for dataset_produces_2 to None, run_after=None
[2024-03-21T22:39:37.799+0000] {processor.py:183} INFO - Processing /home/airflow/.local/lib/python3.8/site-packages/airflow/example_dags/example_datasets.py took 0.093 seconds
[2024-03-21T22:40:08.136+0000] {processor.py:161} INFO - Started process (PID=216) to work on /home/airflow/.local/lib/python3.8/site-packages/airflow/example_dags/example_datasets.py
[2024-03-21T22:40:08.137+0000] {processor.py:830} INFO - Processing file /home/airflow/.local/lib/python3.8/site-packages/airflow/example_dags/example_datasets.py for tasks to queue
[2024-03-21T22:40:08.139+0000] {logging_mixin.py:188} INFO - [2024-03-21T22:40:08.138+0000] {dagbag.py:540} INFO - Filling up the DagBag from /home/airflow/.local/lib/python3.8/site-packages/airflow/example_dags/example_datasets.py
[2024-03-21T22:40:08.146+0000] {processor.py:840} INFO - DAG(s) 'dataset_consumes_unknown_never_scheduled', 'dataset_consumes_1_never_scheduled', 'dataset_produces_1', 'dataset_consumes_1', 'dataset_consumes_1_and_2', 'dataset_produces_2' retrieved from /home/airflow/.local/lib/python3.8/site-packages/airflow/example_dags/example_datasets.py
[2024-03-21T22:40:08.178+0000] {logging_mixin.py:188} INFO - [2024-03-21T22:40:08.178+0000] {dag.py:3047} INFO - Sync 6 DAGs
[2024-03-21T22:40:08.194+0000] {logging_mixin.py:188} INFO - [2024-03-21T22:40:08.194+0000] {dag.py:3834} INFO - Setting next_dagrun for dataset_consumes_1 to None, run_after=None
[2024-03-21T22:40:08.196+0000] {logging_mixin.py:188} INFO - [2024-03-21T22:40:08.196+0000] {dag.py:3834} INFO - Setting next_dagrun for dataset_consumes_1_and_2 to None, run_after=None
[2024-03-21T22:40:08.197+0000] {logging_mixin.py:188} INFO - [2024-03-21T22:40:08.197+0000] {dag.py:3834} INFO - Setting next_dagrun for dataset_consumes_1_never_scheduled to None, run_after=None
[2024-03-21T22:40:08.198+0000] {logging_mixin.py:188} INFO - [2024-03-21T22:40:08.198+0000] {dag.py:3834} INFO - Setting next_dagrun for dataset_consumes_unknown_never_scheduled to None, run_after=None
[2024-03-21T22:40:08.210+0000] {logging_mixin.py:188} INFO - [2024-03-21T22:40:08.210+0000] {dag.py:3834} INFO - Setting next_dagrun for dataset_produces_1 to 2024-03-20 00:00:00+00:00, run_after=2024-03-21 00:00:00+00:00
[2024-03-21T22:40:08.211+0000] {logging_mixin.py:188} INFO - [2024-03-21T22:40:08.211+0000] {dag.py:3834} INFO - Setting next_dagrun for dataset_produces_2 to None, run_after=None
[2024-03-21T22:40:08.237+0000] {processor.py:183} INFO - Processing /home/airflow/.local/lib/python3.8/site-packages/airflow/example_dags/example_datasets.py took 0.103 seconds
[2024-03-21T22:40:38.543+0000] {processor.py:161} INFO - Started process (PID=271) to work on /home/airflow/.local/lib/python3.8/site-packages/airflow/example_dags/example_datasets.py
[2024-03-21T22:40:38.544+0000] {processor.py:830} INFO - Processing file /home/airflow/.local/lib/python3.8/site-packages/airflow/example_dags/example_datasets.py for tasks to queue
[2024-03-21T22:40:38.546+0000] {logging_mixin.py:188} INFO - [2024-03-21T22:40:38.545+0000] {dagbag.py:540} INFO - Filling up the DagBag from /home/airflow/.local/lib/python3.8/site-packages/airflow/example_dags/example_datasets.py
[2024-03-21T22:40:38.556+0000] {processor.py:840} INFO - DAG(s) 'dataset_produces_1', 'dataset_consumes_unknown_never_scheduled', 'dataset_consumes_1_and_2', 'dataset_produces_2', 'dataset_consumes_1', 'dataset_consumes_1_never_scheduled' retrieved from /home/airflow/.local/lib/python3.8/site-packages/airflow/example_dags/example_datasets.py
[2024-03-21T22:40:38.584+0000] {logging_mixin.py:188} INFO - [2024-03-21T22:40:38.583+0000] {dag.py:3047} INFO - Sync 6 DAGs
[2024-03-21T22:40:38.600+0000] {logging_mixin.py:188} INFO - [2024-03-21T22:40:38.599+0000] {dag.py:3834} INFO - Setting next_dagrun for dataset_consumes_1 to None, run_after=None
[2024-03-21T22:40:38.603+0000] {logging_mixin.py:188} INFO - [2024-03-21T22:40:38.603+0000] {dag.py:3834} INFO - Setting next_dagrun for dataset_consumes_1_and_2 to None, run_after=None
[2024-03-21T22:40:38.604+0000] {logging_mixin.py:188} INFO - [2024-03-21T22:40:38.604+0000] {dag.py:3834} INFO - Setting next_dagrun for dataset_consumes_1_never_scheduled to None, run_after=None
[2024-03-21T22:40:38.605+0000] {logging_mixin.py:188} INFO - [2024-03-21T22:40:38.605+0000] {dag.py:3834} INFO - Setting next_dagrun for dataset_consumes_unknown_never_scheduled to None, run_after=None
[2024-03-21T22:40:38.607+0000] {logging_mixin.py:188} INFO - [2024-03-21T22:40:38.607+0000] {dag.py:3834} INFO - Setting next_dagrun for dataset_produces_1 to 2024-03-20 00:00:00+00:00, run_after=2024-03-21 00:00:00+00:00
[2024-03-21T22:40:38.608+0000] {logging_mixin.py:188} INFO - [2024-03-21T22:40:38.608+0000] {dag.py:3834} INFO - Setting next_dagrun for dataset_produces_2 to None, run_after=None
[2024-03-21T22:40:38.631+0000] {processor.py:183} INFO - Processing /home/airflow/.local/lib/python3.8/site-packages/airflow/example_dags/example_datasets.py took 0.092 seconds
[2024-03-21T22:41:09.156+0000] {processor.py:161} INFO - Started process (PID=326) to work on /home/airflow/.local/lib/python3.8/site-packages/airflow/example_dags/example_datasets.py
[2024-03-21T22:41:09.156+0000] {processor.py:830} INFO - Processing file /home/airflow/.local/lib/python3.8/site-packages/airflow/example_dags/example_datasets.py for tasks to queue
[2024-03-21T22:41:09.158+0000] {logging_mixin.py:188} INFO - [2024-03-21T22:41:09.158+0000] {dagbag.py:540} INFO - Filling up the DagBag from /home/airflow/.local/lib/python3.8/site-packages/airflow/example_dags/example_datasets.py
[2024-03-21T22:41:09.166+0000] {processor.py:840} INFO - DAG(s) 'dataset_produces_1', 'dataset_consumes_unknown_never_scheduled', 'dataset_consumes_1', 'dataset_produces_2', 'dataset_consumes_1_never_scheduled', 'dataset_consumes_1_and_2' retrieved from /home/airflow/.local/lib/python3.8/site-packages/airflow/example_dags/example_datasets.py
[2024-03-21T22:41:09.195+0000] {logging_mixin.py:188} INFO - [2024-03-21T22:41:09.195+0000] {dag.py:3047} INFO - Sync 6 DAGs
[2024-03-21T22:41:09.212+0000] {logging_mixin.py:188} INFO - [2024-03-21T22:41:09.211+0000] {dag.py:3834} INFO - Setting next_dagrun for dataset_consumes_1 to None, run_after=None
[2024-03-21T22:41:09.215+0000] {logging_mixin.py:188} INFO - [2024-03-21T22:41:09.215+0000] {dag.py:3834} INFO - Setting next_dagrun for dataset_consumes_1_and_2 to None, run_after=None
[2024-03-21T22:41:09.216+0000] {logging_mixin.py:188} INFO - [2024-03-21T22:41:09.216+0000] {dag.py:3834} INFO - Setting next_dagrun for dataset_consumes_1_never_scheduled to None, run_after=None
[2024-03-21T22:41:09.217+0000] {logging_mixin.py:188} INFO - [2024-03-21T22:41:09.217+0000] {dag.py:3834} INFO - Setting next_dagrun for dataset_consumes_unknown_never_scheduled to None, run_after=None
[2024-03-21T22:41:09.219+0000] {logging_mixin.py:188} INFO - [2024-03-21T22:41:09.219+0000] {dag.py:3834} INFO - Setting next_dagrun for dataset_produces_1 to 2024-03-20 00:00:00+00:00, run_after=2024-03-21 00:00:00+00:00
[2024-03-21T22:41:09.220+0000] {logging_mixin.py:188} INFO - [2024-03-21T22:41:09.220+0000] {dag.py:3834} INFO - Setting next_dagrun for dataset_produces_2 to None, run_after=None
[2024-03-21T22:41:09.242+0000] {processor.py:183} INFO - Processing /home/airflow/.local/lib/python3.8/site-packages/airflow/example_dags/example_datasets.py took 0.089 seconds
[2024-03-21T22:41:39.404+0000] {processor.py:161} INFO - Started process (PID=381) to work on /home/airflow/.local/lib/python3.8/site-packages/airflow/example_dags/example_datasets.py
[2024-03-21T22:41:39.405+0000] {processor.py:830} INFO - Processing file /home/airflow/.local/lib/python3.8/site-packages/airflow/example_dags/example_datasets.py for tasks to queue
[2024-03-21T22:41:39.407+0000] {logging_mixin.py:188} INFO - [2024-03-21T22:41:39.406+0000] {dagbag.py:540} INFO - Filling up the DagBag from /home/airflow/.local/lib/python3.8/site-packages/airflow/example_dags/example_datasets.py
[2024-03-21T22:41:39.416+0000] {processor.py:840} INFO - DAG(s) 'dataset_produces_1', 'dataset_consumes_1_and_2', 'dataset_consumes_unknown_never_scheduled', 'dataset_produces_2', 'dataset_consumes_1_never_scheduled', 'dataset_consumes_1' retrieved from /home/airflow/.local/lib/python3.8/site-packages/airflow/example_dags/example_datasets.py
[2024-03-21T22:41:39.453+0000] {logging_mixin.py:188} INFO - [2024-03-21T22:41:39.452+0000] {dag.py:3047} INFO - Sync 6 DAGs
[2024-03-21T22:41:39.473+0000] {logging_mixin.py:188} INFO - [2024-03-21T22:41:39.473+0000] {dag.py:3834} INFO - Setting next_dagrun for dataset_consumes_1 to None, run_after=None
[2024-03-21T22:41:39.476+0000] {logging_mixin.py:188} INFO - [2024-03-21T22:41:39.476+0000] {dag.py:3834} INFO - Setting next_dagrun for dataset_consumes_1_and_2 to None, run_after=None
[2024-03-21T22:41:39.478+0000] {logging_mixin.py:188} INFO - [2024-03-21T22:41:39.477+0000] {dag.py:3834} INFO - Setting next_dagrun for dataset_consumes_1_never_scheduled to None, run_after=None
[2024-03-21T22:41:39.479+0000] {logging_mixin.py:188} INFO - [2024-03-21T22:41:39.479+0000] {dag.py:3834} INFO - Setting next_dagrun for dataset_consumes_unknown_never_scheduled to None, run_after=None
[2024-03-21T22:41:39.482+0000] {logging_mixin.py:188} INFO - [2024-03-21T22:41:39.481+0000] {dag.py:3834} INFO - Setting next_dagrun for dataset_produces_1 to 2024-03-20 00:00:00+00:00, run_after=2024-03-21 00:00:00+00:00
[2024-03-21T22:41:39.483+0000] {logging_mixin.py:188} INFO - [2024-03-21T22:41:39.483+0000] {dag.py:3834} INFO - Setting next_dagrun for dataset_produces_2 to None, run_after=None
[2024-03-21T22:41:39.514+0000] {processor.py:183} INFO - Processing /home/airflow/.local/lib/python3.8/site-packages/airflow/example_dags/example_datasets.py took 0.114 seconds
[2024-03-21T22:42:09.637+0000] {processor.py:161} INFO - Started process (PID=436) to work on /home/airflow/.local/lib/python3.8/site-packages/airflow/example_dags/example_datasets.py
[2024-03-21T22:42:09.638+0000] {processor.py:830} INFO - Processing file /home/airflow/.local/lib/python3.8/site-packages/airflow/example_dags/example_datasets.py for tasks to queue
[2024-03-21T22:42:09.639+0000] {logging_mixin.py:188} INFO - [2024-03-21T22:42:09.639+0000] {dagbag.py:540} INFO - Filling up the DagBag from /home/airflow/.local/lib/python3.8/site-packages/airflow/example_dags/example_datasets.py
[2024-03-21T22:42:09.647+0000] {processor.py:840} INFO - DAG(s) 'dataset_produces_2', 'dataset_consumes_1_and_2', 'dataset_produces_1', 'dataset_consumes_1', 'dataset_consumes_unknown_never_scheduled', 'dataset_consumes_1_never_scheduled' retrieved from /home/airflow/.local/lib/python3.8/site-packages/airflow/example_dags/example_datasets.py
[2024-03-21T22:42:09.676+0000] {logging_mixin.py:188} INFO - [2024-03-21T22:42:09.676+0000] {dag.py:3047} INFO - Sync 6 DAGs
[2024-03-21T22:42:09.693+0000] {logging_mixin.py:188} INFO - [2024-03-21T22:42:09.692+0000] {dag.py:3834} INFO - Setting next_dagrun for dataset_consumes_1 to None, run_after=None
[2024-03-21T22:42:09.695+0000] {logging_mixin.py:188} INFO - [2024-03-21T22:42:09.695+0000] {dag.py:3834} INFO - Setting next_dagrun for dataset_consumes_1_and_2 to None, run_after=None
[2024-03-21T22:42:09.697+0000] {logging_mixin.py:188} INFO - [2024-03-21T22:42:09.696+0000] {dag.py:3834} INFO - Setting next_dagrun for dataset_consumes_1_never_scheduled to None, run_after=None
[2024-03-21T22:42:09.698+0000] {logging_mixin.py:188} INFO - [2024-03-21T22:42:09.697+0000] {dag.py:3834} INFO - Setting next_dagrun for dataset_consumes_unknown_never_scheduled to None, run_after=None
[2024-03-21T22:42:09.699+0000] {logging_mixin.py:188} INFO - [2024-03-21T22:42:09.699+0000] {dag.py:3834} INFO - Setting next_dagrun for dataset_produces_1 to 2024-03-20 00:00:00+00:00, run_after=2024-03-21 00:00:00+00:00
[2024-03-21T22:42:09.700+0000] {logging_mixin.py:188} INFO - [2024-03-21T22:42:09.700+0000] {dag.py:3834} INFO - Setting next_dagrun for dataset_produces_2 to None, run_after=None
[2024-03-21T22:42:09.733+0000] {processor.py:183} INFO - Processing /home/airflow/.local/lib/python3.8/site-packages/airflow/example_dags/example_datasets.py took 0.099 seconds
[2024-03-21T22:42:40.216+0000] {processor.py:161} INFO - Started process (PID=491) to work on /home/airflow/.local/lib/python3.8/site-packages/airflow/example_dags/example_datasets.py
[2024-03-21T22:42:40.217+0000] {processor.py:830} INFO - Processing file /home/airflow/.local/lib/python3.8/site-packages/airflow/example_dags/example_datasets.py for tasks to queue
[2024-03-21T22:42:40.218+0000] {logging_mixin.py:188} INFO - [2024-03-21T22:42:40.218+0000] {dagbag.py:540} INFO - Filling up the DagBag from /home/airflow/.local/lib/python3.8/site-packages/airflow/example_dags/example_datasets.py
[2024-03-21T22:42:40.227+0000] {processor.py:840} INFO - DAG(s) 'dataset_produces_1', 'dataset_produces_2', 'dataset_consumes_unknown_never_scheduled', 'dataset_consumes_1_and_2', 'dataset_consumes_1_never_scheduled', 'dataset_consumes_1' retrieved from /home/airflow/.local/lib/python3.8/site-packages/airflow/example_dags/example_datasets.py
[2024-03-21T22:42:40.255+0000] {logging_mixin.py:188} INFO - [2024-03-21T22:42:40.255+0000] {dag.py:3047} INFO - Sync 6 DAGs
[2024-03-21T22:42:40.273+0000] {logging_mixin.py:188} INFO - [2024-03-21T22:42:40.273+0000] {dag.py:3834} INFO - Setting next_dagrun for dataset_consumes_1 to None, run_after=None
[2024-03-21T22:42:40.275+0000] {logging_mixin.py:188} INFO - [2024-03-21T22:42:40.275+0000] {dag.py:3834} INFO - Setting next_dagrun for dataset_consumes_1_and_2 to None, run_after=None
[2024-03-21T22:42:40.276+0000] {logging_mixin.py:188} INFO - [2024-03-21T22:42:40.276+0000] {dag.py:3834} INFO - Setting next_dagrun for dataset_consumes_1_never_scheduled to None, run_after=None
[2024-03-21T22:42:40.277+0000] {logging_mixin.py:188} INFO - [2024-03-21T22:42:40.277+0000] {dag.py:3834} INFO - Setting next_dagrun for dataset_consumes_unknown_never_scheduled to None, run_after=None
[2024-03-21T22:42:40.279+0000] {logging_mixin.py:188} INFO - [2024-03-21T22:42:40.279+0000] {dag.py:3834} INFO - Setting next_dagrun for dataset_produces_1 to 2024-03-20 00:00:00+00:00, run_after=2024-03-21 00:00:00+00:00
[2024-03-21T22:42:40.280+0000] {logging_mixin.py:188} INFO - [2024-03-21T22:42:40.280+0000] {dag.py:3834} INFO - Setting next_dagrun for dataset_produces_2 to None, run_after=None
[2024-03-21T22:42:40.306+0000] {processor.py:183} INFO - Processing /home/airflow/.local/lib/python3.8/site-packages/airflow/example_dags/example_datasets.py took 0.094 seconds
[2024-03-21T22:43:10.681+0000] {processor.py:161} INFO - Started process (PID=546) to work on /home/airflow/.local/lib/python3.8/site-packages/airflow/example_dags/example_datasets.py
[2024-03-21T22:43:10.682+0000] {processor.py:830} INFO - Processing file /home/airflow/.local/lib/python3.8/site-packages/airflow/example_dags/example_datasets.py for tasks to queue
[2024-03-21T22:43:10.684+0000] {logging_mixin.py:188} INFO - [2024-03-21T22:43:10.683+0000] {dagbag.py:540} INFO - Filling up the DagBag from /home/airflow/.local/lib/python3.8/site-packages/airflow/example_dags/example_datasets.py
[2024-03-21T22:43:10.691+0000] {processor.py:840} INFO - DAG(s) 'dataset_produces_2', 'dataset_consumes_unknown_never_scheduled', 'dataset_consumes_1_and_2', 'dataset_consumes_1', 'dataset_produces_1', 'dataset_consumes_1_never_scheduled' retrieved from /home/airflow/.local/lib/python3.8/site-packages/airflow/example_dags/example_datasets.py
[2024-03-21T22:43:10.717+0000] {logging_mixin.py:188} INFO - [2024-03-21T22:43:10.716+0000] {dag.py:3047} INFO - Sync 6 DAGs
[2024-03-21T22:43:10.734+0000] {logging_mixin.py:188} INFO - [2024-03-21T22:43:10.734+0000] {dag.py:3834} INFO - Setting next_dagrun for dataset_consumes_1 to None, run_after=None
[2024-03-21T22:43:10.737+0000] {logging_mixin.py:188} INFO - [2024-03-21T22:43:10.737+0000] {dag.py:3834} INFO - Setting next_dagrun for dataset_consumes_1_and_2 to None, run_after=None
[2024-03-21T22:43:10.738+0000] {logging_mixin.py:188} INFO - [2024-03-21T22:43:10.738+0000] {dag.py:3834} INFO - Setting next_dagrun for dataset_consumes_1_never_scheduled to None, run_after=None
[2024-03-21T22:43:10.739+0000] {logging_mixin.py:188} INFO - [2024-03-21T22:43:10.739+0000] {dag.py:3834} INFO - Setting next_dagrun for dataset_consumes_unknown_never_scheduled to None, run_after=None
[2024-03-21T22:43:10.741+0000] {logging_mixin.py:188} INFO - [2024-03-21T22:43:10.741+0000] {dag.py:3834} INFO - Setting next_dagrun for dataset_produces_1 to 2024-03-20 00:00:00+00:00, run_after=2024-03-21 00:00:00+00:00
[2024-03-21T22:43:10.743+0000] {logging_mixin.py:188} INFO - [2024-03-21T22:43:10.743+0000] {dag.py:3834} INFO - Setting next_dagrun for dataset_produces_2 to None, run_after=None
[2024-03-21T22:43:10.777+0000] {processor.py:183} INFO - Processing /home/airflow/.local/lib/python3.8/site-packages/airflow/example_dags/example_datasets.py took 0.098 seconds
[2024-03-21T22:43:41.006+0000] {processor.py:161} INFO - Started process (PID=601) to work on /home/airflow/.local/lib/python3.8/site-packages/airflow/example_dags/example_datasets.py
[2024-03-21T22:43:41.007+0000] {processor.py:830} INFO - Processing file /home/airflow/.local/lib/python3.8/site-packages/airflow/example_dags/example_datasets.py for tasks to queue
[2024-03-21T22:43:41.009+0000] {logging_mixin.py:188} INFO - [2024-03-21T22:43:41.009+0000] {dagbag.py:540} INFO - Filling up the DagBag from /home/airflow/.local/lib/python3.8/site-packages/airflow/example_dags/example_datasets.py
[2024-03-21T22:43:41.017+0000] {processor.py:840} INFO - DAG(s) 'dataset_produces_2', 'dataset_produces_1', 'dataset_consumes_1', 'dataset_consumes_1_never_scheduled', 'dataset_consumes_1_and_2', 'dataset_consumes_unknown_never_scheduled' retrieved from /home/airflow/.local/lib/python3.8/site-packages/airflow/example_dags/example_datasets.py
[2024-03-21T22:43:41.051+0000] {logging_mixin.py:188} INFO - [2024-03-21T22:43:41.051+0000] {dag.py:3047} INFO - Sync 6 DAGs
[2024-03-21T22:43:41.074+0000] {logging_mixin.py:188} INFO - [2024-03-21T22:43:41.073+0000] {dag.py:3834} INFO - Setting next_dagrun for dataset_consumes_1 to None, run_after=None
[2024-03-21T22:43:41.078+0000] {logging_mixin.py:188} INFO - [2024-03-21T22:43:41.078+0000] {dag.py:3834} INFO - Setting next_dagrun for dataset_consumes_1_and_2 to None, run_after=None
[2024-03-21T22:43:41.080+0000] {logging_mixin.py:188} INFO - [2024-03-21T22:43:41.080+0000] {dag.py:3834} INFO - Setting next_dagrun for dataset_consumes_1_never_scheduled to None, run_after=None
[2024-03-21T22:43:41.081+0000] {logging_mixin.py:188} INFO - [2024-03-21T22:43:41.081+0000] {dag.py:3834} INFO - Setting next_dagrun for dataset_consumes_unknown_never_scheduled to None, run_after=None
[2024-03-21T22:43:41.084+0000] {logging_mixin.py:188} INFO - [2024-03-21T22:43:41.084+0000] {dag.py:3834} INFO - Setting next_dagrun for dataset_produces_1 to 2024-03-20 00:00:00+00:00, run_after=2024-03-21 00:00:00+00:00
[2024-03-21T22:43:41.085+0000] {logging_mixin.py:188} INFO - [2024-03-21T22:43:41.085+0000] {dag.py:3834} INFO - Setting next_dagrun for dataset_produces_2 to None, run_after=None
[2024-03-21T22:43:41.112+0000] {processor.py:183} INFO - Processing /home/airflow/.local/lib/python3.8/site-packages/airflow/example_dags/example_datasets.py took 0.108 seconds
