[2024-03-21T22:38:38.017+0000] {processor.py:161} INFO - Started process (PID=71) to work on /home/airflow/.local/lib/python3.8/site-packages/airflow/example_dags/example_branch_datetime_operator.py
[2024-03-21T22:38:38.020+0000] {processor.py:830} INFO - Processing file /home/airflow/.local/lib/python3.8/site-packages/airflow/example_dags/example_branch_datetime_operator.py for tasks to queue
[2024-03-21T22:38:38.033+0000] {logging_mixin.py:188} INFO - [2024-03-21T22:38:38.032+0000] {dagbag.py:540} INFO - Filling up the DagBag from /home/airflow/.local/lib/python3.8/site-packages/airflow/example_dags/example_branch_datetime_operator.py
[2024-03-21T22:38:38.067+0000] {processor.py:840} INFO - DAG(s) 'example_branch_datetime_operator_2', 'example_branch_datetime_operator', 'example_branch_datetime_operator_3' retrieved from /home/airflow/.local/lib/python3.8/site-packages/airflow/example_dags/example_branch_datetime_operator.py
[2024-03-21T22:38:38.142+0000] {logging_mixin.py:188} INFO - [2024-03-21T22:38:38.141+0000] {dag.py:3047} INFO - Sync 3 DAGs
[2024-03-21T22:38:38.186+0000] {logging_mixin.py:188} INFO - [2024-03-21T22:38:38.185+0000] {dag.py:3834} INFO - Setting next_dagrun for example_branch_datetime_operator to 2024-03-20 00:00:00+00:00, run_after=2024-03-21 00:00:00+00:00
[2024-03-21T22:38:38.193+0000] {logging_mixin.py:188} INFO - [2024-03-21T22:38:38.193+0000] {dag.py:3834} INFO - Setting next_dagrun for example_branch_datetime_operator_2 to 2024-03-20 00:00:00+00:00, run_after=2024-03-21 00:00:00+00:00
[2024-03-21T22:38:38.197+0000] {logging_mixin.py:188} INFO - [2024-03-21T22:38:38.197+0000] {dag.py:3834} INFO - Setting next_dagrun for example_branch_datetime_operator_3 to 2024-03-20 00:00:00+00:00, run_after=2024-03-21 00:00:00+00:00
[2024-03-21T22:38:38.222+0000] {processor.py:183} INFO - Processing /home/airflow/.local/lib/python3.8/site-packages/airflow/example_dags/example_branch_datetime_operator.py took 0.211 seconds
[2024-03-21T22:39:08.740+0000] {processor.py:161} INFO - Started process (PID=126) to work on /home/airflow/.local/lib/python3.8/site-packages/airflow/example_dags/example_branch_datetime_operator.py
[2024-03-21T22:39:08.741+0000] {processor.py:830} INFO - Processing file /home/airflow/.local/lib/python3.8/site-packages/airflow/example_dags/example_branch_datetime_operator.py for tasks to queue
[2024-03-21T22:39:08.742+0000] {logging_mixin.py:188} INFO - [2024-03-21T22:39:08.742+0000] {dagbag.py:540} INFO - Filling up the DagBag from /home/airflow/.local/lib/python3.8/site-packages/airflow/example_dags/example_branch_datetime_operator.py
[2024-03-21T22:39:08.751+0000] {processor.py:840} INFO - DAG(s) 'example_branch_datetime_operator_2', 'example_branch_datetime_operator_3', 'example_branch_datetime_operator' retrieved from /home/airflow/.local/lib/python3.8/site-packages/airflow/example_dags/example_branch_datetime_operator.py
[2024-03-21T22:39:08.878+0000] {logging_mixin.py:188} INFO - [2024-03-21T22:39:08.877+0000] {dag.py:3047} INFO - Sync 3 DAGs
[2024-03-21T22:39:08.912+0000] {logging_mixin.py:188} INFO - [2024-03-21T22:39:08.912+0000] {dag.py:3834} INFO - Setting next_dagrun for example_branch_datetime_operator to 2024-03-20 00:00:00+00:00, run_after=2024-03-21 00:00:00+00:00
[2024-03-21T22:39:08.920+0000] {logging_mixin.py:188} INFO - [2024-03-21T22:39:08.919+0000] {dag.py:3834} INFO - Setting next_dagrun for example_branch_datetime_operator_2 to 2024-03-20 00:00:00+00:00, run_after=2024-03-21 00:00:00+00:00
[2024-03-21T22:39:08.924+0000] {logging_mixin.py:188} INFO - [2024-03-21T22:39:08.923+0000] {dag.py:3834} INFO - Setting next_dagrun for example_branch_datetime_operator_3 to 2024-03-20 00:00:00+00:00, run_after=2024-03-21 00:00:00+00:00
[2024-03-21T22:39:08.955+0000] {processor.py:183} INFO - Processing /home/airflow/.local/lib/python3.8/site-packages/airflow/example_dags/example_branch_datetime_operator.py took 0.218 seconds
[2024-03-21T22:39:39.833+0000] {processor.py:161} INFO - Started process (PID=181) to work on /home/airflow/.local/lib/python3.8/site-packages/airflow/example_dags/example_branch_datetime_operator.py
[2024-03-21T22:39:39.834+0000] {processor.py:830} INFO - Processing file /home/airflow/.local/lib/python3.8/site-packages/airflow/example_dags/example_branch_datetime_operator.py for tasks to queue
[2024-03-21T22:39:39.836+0000] {logging_mixin.py:188} INFO - [2024-03-21T22:39:39.836+0000] {dagbag.py:540} INFO - Filling up the DagBag from /home/airflow/.local/lib/python3.8/site-packages/airflow/example_dags/example_branch_datetime_operator.py
[2024-03-21T22:39:39.845+0000] {processor.py:840} INFO - DAG(s) 'example_branch_datetime_operator_2', 'example_branch_datetime_operator', 'example_branch_datetime_operator_3' retrieved from /home/airflow/.local/lib/python3.8/site-packages/airflow/example_dags/example_branch_datetime_operator.py
[2024-03-21T22:39:39.869+0000] {logging_mixin.py:188} INFO - [2024-03-21T22:39:39.869+0000] {dag.py:3047} INFO - Sync 3 DAGs
[2024-03-21T22:39:39.889+0000] {logging_mixin.py:188} INFO - [2024-03-21T22:39:39.889+0000] {dag.py:3834} INFO - Setting next_dagrun for example_branch_datetime_operator to 2024-03-20 00:00:00+00:00, run_after=2024-03-21 00:00:00+00:00
[2024-03-21T22:39:39.894+0000] {logging_mixin.py:188} INFO - [2024-03-21T22:39:39.894+0000] {dag.py:3834} INFO - Setting next_dagrun for example_branch_datetime_operator_2 to 2024-03-20 00:00:00+00:00, run_after=2024-03-21 00:00:00+00:00
[2024-03-21T22:39:39.896+0000] {logging_mixin.py:188} INFO - [2024-03-21T22:39:39.896+0000] {dag.py:3834} INFO - Setting next_dagrun for example_branch_datetime_operator_3 to 2024-03-20 00:00:00+00:00, run_after=2024-03-21 00:00:00+00:00
[2024-03-21T22:39:39.909+0000] {processor.py:183} INFO - Processing /home/airflow/.local/lib/python3.8/site-packages/airflow/example_dags/example_branch_datetime_operator.py took 0.080 seconds
[2024-03-21T22:40:10.188+0000] {processor.py:161} INFO - Started process (PID=236) to work on /home/airflow/.local/lib/python3.8/site-packages/airflow/example_dags/example_branch_datetime_operator.py
[2024-03-21T22:40:10.189+0000] {processor.py:830} INFO - Processing file /home/airflow/.local/lib/python3.8/site-packages/airflow/example_dags/example_branch_datetime_operator.py for tasks to queue
[2024-03-21T22:40:10.191+0000] {logging_mixin.py:188} INFO - [2024-03-21T22:40:10.191+0000] {dagbag.py:540} INFO - Filling up the DagBag from /home/airflow/.local/lib/python3.8/site-packages/airflow/example_dags/example_branch_datetime_operator.py
[2024-03-21T22:40:10.200+0000] {processor.py:840} INFO - DAG(s) 'example_branch_datetime_operator_2', 'example_branch_datetime_operator_3', 'example_branch_datetime_operator' retrieved from /home/airflow/.local/lib/python3.8/site-packages/airflow/example_dags/example_branch_datetime_operator.py
[2024-03-21T22:40:10.225+0000] {logging_mixin.py:188} INFO - [2024-03-21T22:40:10.225+0000] {dag.py:3047} INFO - Sync 3 DAGs
[2024-03-21T22:40:10.244+0000] {logging_mixin.py:188} INFO - [2024-03-21T22:40:10.243+0000] {dag.py:3834} INFO - Setting next_dagrun for example_branch_datetime_operator to 2024-03-20 00:00:00+00:00, run_after=2024-03-21 00:00:00+00:00
[2024-03-21T22:40:10.248+0000] {logging_mixin.py:188} INFO - [2024-03-21T22:40:10.248+0000] {dag.py:3834} INFO - Setting next_dagrun for example_branch_datetime_operator_2 to 2024-03-20 00:00:00+00:00, run_after=2024-03-21 00:00:00+00:00
[2024-03-21T22:40:10.250+0000] {logging_mixin.py:188} INFO - [2024-03-21T22:40:10.250+0000] {dag.py:3834} INFO - Setting next_dagrun for example_branch_datetime_operator_3 to 2024-03-20 00:00:00+00:00, run_after=2024-03-21 00:00:00+00:00
[2024-03-21T22:40:10.265+0000] {processor.py:183} INFO - Processing /home/airflow/.local/lib/python3.8/site-packages/airflow/example_dags/example_branch_datetime_operator.py took 0.080 seconds
[2024-03-21T22:40:40.759+0000] {processor.py:161} INFO - Started process (PID=291) to work on /home/airflow/.local/lib/python3.8/site-packages/airflow/example_dags/example_branch_datetime_operator.py
[2024-03-21T22:40:40.760+0000] {processor.py:830} INFO - Processing file /home/airflow/.local/lib/python3.8/site-packages/airflow/example_dags/example_branch_datetime_operator.py for tasks to queue
[2024-03-21T22:40:40.762+0000] {logging_mixin.py:188} INFO - [2024-03-21T22:40:40.762+0000] {dagbag.py:540} INFO - Filling up the DagBag from /home/airflow/.local/lib/python3.8/site-packages/airflow/example_dags/example_branch_datetime_operator.py
[2024-03-21T22:40:40.773+0000] {processor.py:840} INFO - DAG(s) 'example_branch_datetime_operator', 'example_branch_datetime_operator_2', 'example_branch_datetime_operator_3' retrieved from /home/airflow/.local/lib/python3.8/site-packages/airflow/example_dags/example_branch_datetime_operator.py
[2024-03-21T22:40:40.799+0000] {logging_mixin.py:188} INFO - [2024-03-21T22:40:40.798+0000] {dag.py:3047} INFO - Sync 3 DAGs
[2024-03-21T22:40:40.819+0000] {logging_mixin.py:188} INFO - [2024-03-21T22:40:40.818+0000] {dag.py:3834} INFO - Setting next_dagrun for example_branch_datetime_operator to 2024-03-20 00:00:00+00:00, run_after=2024-03-21 00:00:00+00:00
[2024-03-21T22:40:40.823+0000] {logging_mixin.py:188} INFO - [2024-03-21T22:40:40.823+0000] {dag.py:3834} INFO - Setting next_dagrun for example_branch_datetime_operator_2 to 2024-03-20 00:00:00+00:00, run_after=2024-03-21 00:00:00+00:00
[2024-03-21T22:40:40.826+0000] {logging_mixin.py:188} INFO - [2024-03-21T22:40:40.825+0000] {dag.py:3834} INFO - Setting next_dagrun for example_branch_datetime_operator_3 to 2024-03-20 00:00:00+00:00, run_after=2024-03-21 00:00:00+00:00
[2024-03-21T22:40:40.839+0000] {processor.py:183} INFO - Processing /home/airflow/.local/lib/python3.8/site-packages/airflow/example_dags/example_branch_datetime_operator.py took 0.083 seconds
[2024-03-21T22:41:10.990+0000] {processor.py:161} INFO - Started process (PID=346) to work on /home/airflow/.local/lib/python3.8/site-packages/airflow/example_dags/example_branch_datetime_operator.py
[2024-03-21T22:41:10.991+0000] {processor.py:830} INFO - Processing file /home/airflow/.local/lib/python3.8/site-packages/airflow/example_dags/example_branch_datetime_operator.py for tasks to queue
[2024-03-21T22:41:11.003+0000] {logging_mixin.py:188} INFO - [2024-03-21T22:41:11.003+0000] {dagbag.py:540} INFO - Filling up the DagBag from /home/airflow/.local/lib/python3.8/site-packages/airflow/example_dags/example_branch_datetime_operator.py
[2024-03-21T22:41:11.012+0000] {processor.py:840} INFO - DAG(s) 'example_branch_datetime_operator', 'example_branch_datetime_operator_3', 'example_branch_datetime_operator_2' retrieved from /home/airflow/.local/lib/python3.8/site-packages/airflow/example_dags/example_branch_datetime_operator.py
[2024-03-21T22:41:11.032+0000] {logging_mixin.py:188} INFO - [2024-03-21T22:41:11.032+0000] {dag.py:3047} INFO - Sync 3 DAGs
[2024-03-21T22:41:11.054+0000] {logging_mixin.py:188} INFO - [2024-03-21T22:41:11.054+0000] {dag.py:3834} INFO - Setting next_dagrun for example_branch_datetime_operator to 2024-03-20 00:00:00+00:00, run_after=2024-03-21 00:00:00+00:00
[2024-03-21T22:41:11.058+0000] {logging_mixin.py:188} INFO - [2024-03-21T22:41:11.058+0000] {dag.py:3834} INFO - Setting next_dagrun for example_branch_datetime_operator_2 to 2024-03-20 00:00:00+00:00, run_after=2024-03-21 00:00:00+00:00
[2024-03-21T22:41:11.061+0000] {logging_mixin.py:188} INFO - [2024-03-21T22:41:11.061+0000] {dag.py:3834} INFO - Setting next_dagrun for example_branch_datetime_operator_3 to 2024-03-20 00:00:00+00:00, run_after=2024-03-21 00:00:00+00:00
[2024-03-21T22:41:11.074+0000] {processor.py:183} INFO - Processing /home/airflow/.local/lib/python3.8/site-packages/airflow/example_dags/example_branch_datetime_operator.py took 0.089 seconds
[2024-03-21T22:41:41.314+0000] {processor.py:161} INFO - Started process (PID=401) to work on /home/airflow/.local/lib/python3.8/site-packages/airflow/example_dags/example_branch_datetime_operator.py
[2024-03-21T22:41:41.315+0000] {processor.py:830} INFO - Processing file /home/airflow/.local/lib/python3.8/site-packages/airflow/example_dags/example_branch_datetime_operator.py for tasks to queue
[2024-03-21T22:41:41.316+0000] {logging_mixin.py:188} INFO - [2024-03-21T22:41:41.316+0000] {dagbag.py:540} INFO - Filling up the DagBag from /home/airflow/.local/lib/python3.8/site-packages/airflow/example_dags/example_branch_datetime_operator.py
[2024-03-21T22:41:41.324+0000] {processor.py:840} INFO - DAG(s) 'example_branch_datetime_operator_2', 'example_branch_datetime_operator_3', 'example_branch_datetime_operator' retrieved from /home/airflow/.local/lib/python3.8/site-packages/airflow/example_dags/example_branch_datetime_operator.py
[2024-03-21T22:41:41.346+0000] {logging_mixin.py:188} INFO - [2024-03-21T22:41:41.346+0000] {dag.py:3047} INFO - Sync 3 DAGs
[2024-03-21T22:41:41.367+0000] {logging_mixin.py:188} INFO - [2024-03-21T22:41:41.367+0000] {dag.py:3834} INFO - Setting next_dagrun for example_branch_datetime_operator to 2024-03-20 00:00:00+00:00, run_after=2024-03-21 00:00:00+00:00
[2024-03-21T22:41:41.371+0000] {logging_mixin.py:188} INFO - [2024-03-21T22:41:41.371+0000] {dag.py:3834} INFO - Setting next_dagrun for example_branch_datetime_operator_2 to 2024-03-20 00:00:00+00:00, run_after=2024-03-21 00:00:00+00:00
[2024-03-21T22:41:41.373+0000] {logging_mixin.py:188} INFO - [2024-03-21T22:41:41.373+0000] {dag.py:3834} INFO - Setting next_dagrun for example_branch_datetime_operator_3 to 2024-03-20 00:00:00+00:00, run_after=2024-03-21 00:00:00+00:00
[2024-03-21T22:41:41.392+0000] {processor.py:183} INFO - Processing /home/airflow/.local/lib/python3.8/site-packages/airflow/example_dags/example_branch_datetime_operator.py took 0.081 seconds
[2024-03-21T22:42:11.682+0000] {processor.py:161} INFO - Started process (PID=456) to work on /home/airflow/.local/lib/python3.8/site-packages/airflow/example_dags/example_branch_datetime_operator.py
[2024-03-21T22:42:11.683+0000] {processor.py:830} INFO - Processing file /home/airflow/.local/lib/python3.8/site-packages/airflow/example_dags/example_branch_datetime_operator.py for tasks to queue
[2024-03-21T22:42:11.685+0000] {logging_mixin.py:188} INFO - [2024-03-21T22:42:11.685+0000] {dagbag.py:540} INFO - Filling up the DagBag from /home/airflow/.local/lib/python3.8/site-packages/airflow/example_dags/example_branch_datetime_operator.py
[2024-03-21T22:42:11.693+0000] {processor.py:840} INFO - DAG(s) 'example_branch_datetime_operator', 'example_branch_datetime_operator_3', 'example_branch_datetime_operator_2' retrieved from /home/airflow/.local/lib/python3.8/site-packages/airflow/example_dags/example_branch_datetime_operator.py
[2024-03-21T22:42:11.714+0000] {logging_mixin.py:188} INFO - [2024-03-21T22:42:11.714+0000] {dag.py:3047} INFO - Sync 3 DAGs
[2024-03-21T22:42:11.733+0000] {logging_mixin.py:188} INFO - [2024-03-21T22:42:11.733+0000] {dag.py:3834} INFO - Setting next_dagrun for example_branch_datetime_operator to 2024-03-20 00:00:00+00:00, run_after=2024-03-21 00:00:00+00:00
[2024-03-21T22:42:11.737+0000] {logging_mixin.py:188} INFO - [2024-03-21T22:42:11.737+0000] {dag.py:3834} INFO - Setting next_dagrun for example_branch_datetime_operator_2 to 2024-03-20 00:00:00+00:00, run_after=2024-03-21 00:00:00+00:00
[2024-03-21T22:42:11.740+0000] {logging_mixin.py:188} INFO - [2024-03-21T22:42:11.739+0000] {dag.py:3834} INFO - Setting next_dagrun for example_branch_datetime_operator_3 to 2024-03-20 00:00:00+00:00, run_after=2024-03-21 00:00:00+00:00
[2024-03-21T22:42:11.757+0000] {processor.py:183} INFO - Processing /home/airflow/.local/lib/python3.8/site-packages/airflow/example_dags/example_branch_datetime_operator.py took 0.078 seconds
[2024-03-21T22:42:42.048+0000] {processor.py:161} INFO - Started process (PID=511) to work on /home/airflow/.local/lib/python3.8/site-packages/airflow/example_dags/example_branch_datetime_operator.py
[2024-03-21T22:42:42.049+0000] {processor.py:830} INFO - Processing file /home/airflow/.local/lib/python3.8/site-packages/airflow/example_dags/example_branch_datetime_operator.py for tasks to queue
[2024-03-21T22:42:42.051+0000] {logging_mixin.py:188} INFO - [2024-03-21T22:42:42.050+0000] {dagbag.py:540} INFO - Filling up the DagBag from /home/airflow/.local/lib/python3.8/site-packages/airflow/example_dags/example_branch_datetime_operator.py
[2024-03-21T22:42:42.059+0000] {processor.py:840} INFO - DAG(s) 'example_branch_datetime_operator_2', 'example_branch_datetime_operator_3', 'example_branch_datetime_operator' retrieved from /home/airflow/.local/lib/python3.8/site-packages/airflow/example_dags/example_branch_datetime_operator.py
[2024-03-21T22:42:42.085+0000] {logging_mixin.py:188} INFO - [2024-03-21T22:42:42.085+0000] {dag.py:3047} INFO - Sync 3 DAGs
[2024-03-21T22:42:42.104+0000] {logging_mixin.py:188} INFO - [2024-03-21T22:42:42.104+0000] {dag.py:3834} INFO - Setting next_dagrun for example_branch_datetime_operator to 2024-03-20 00:00:00+00:00, run_after=2024-03-21 00:00:00+00:00
[2024-03-21T22:42:42.108+0000] {logging_mixin.py:188} INFO - [2024-03-21T22:42:42.108+0000] {dag.py:3834} INFO - Setting next_dagrun for example_branch_datetime_operator_2 to 2024-03-20 00:00:00+00:00, run_after=2024-03-21 00:00:00+00:00
[2024-03-21T22:42:42.110+0000] {logging_mixin.py:188} INFO - [2024-03-21T22:42:42.110+0000] {dag.py:3834} INFO - Setting next_dagrun for example_branch_datetime_operator_3 to 2024-03-20 00:00:00+00:00, run_after=2024-03-21 00:00:00+00:00
[2024-03-21T22:42:42.125+0000] {processor.py:183} INFO - Processing /home/airflow/.local/lib/python3.8/site-packages/airflow/example_dags/example_branch_datetime_operator.py took 0.080 seconds
[2024-03-21T22:43:12.570+0000] {processor.py:161} INFO - Started process (PID=566) to work on /home/airflow/.local/lib/python3.8/site-packages/airflow/example_dags/example_branch_datetime_operator.py
[2024-03-21T22:43:12.571+0000] {processor.py:830} INFO - Processing file /home/airflow/.local/lib/python3.8/site-packages/airflow/example_dags/example_branch_datetime_operator.py for tasks to queue
[2024-03-21T22:43:12.573+0000] {logging_mixin.py:188} INFO - [2024-03-21T22:43:12.573+0000] {dagbag.py:540} INFO - Filling up the DagBag from /home/airflow/.local/lib/python3.8/site-packages/airflow/example_dags/example_branch_datetime_operator.py
[2024-03-21T22:43:12.581+0000] {processor.py:840} INFO - DAG(s) 'example_branch_datetime_operator_3', 'example_branch_datetime_operator', 'example_branch_datetime_operator_2' retrieved from /home/airflow/.local/lib/python3.8/site-packages/airflow/example_dags/example_branch_datetime_operator.py
[2024-03-21T22:43:12.607+0000] {logging_mixin.py:188} INFO - [2024-03-21T22:43:12.607+0000] {dag.py:3047} INFO - Sync 3 DAGs
[2024-03-21T22:43:12.630+0000] {logging_mixin.py:188} INFO - [2024-03-21T22:43:12.629+0000] {dag.py:3834} INFO - Setting next_dagrun for example_branch_datetime_operator to 2024-03-20 00:00:00+00:00, run_after=2024-03-21 00:00:00+00:00
[2024-03-21T22:43:12.633+0000] {logging_mixin.py:188} INFO - [2024-03-21T22:43:12.633+0000] {dag.py:3834} INFO - Setting next_dagrun for example_branch_datetime_operator_2 to 2024-03-20 00:00:00+00:00, run_after=2024-03-21 00:00:00+00:00
[2024-03-21T22:43:12.636+0000] {logging_mixin.py:188} INFO - [2024-03-21T22:43:12.636+0000] {dag.py:3834} INFO - Setting next_dagrun for example_branch_datetime_operator_3 to 2024-03-20 00:00:00+00:00, run_after=2024-03-21 00:00:00+00:00
[2024-03-21T22:43:12.650+0000] {processor.py:183} INFO - Processing /home/airflow/.local/lib/python3.8/site-packages/airflow/example_dags/example_branch_datetime_operator.py took 0.084 seconds
[2024-03-21T22:43:43.054+0000] {processor.py:161} INFO - Started process (PID=621) to work on /home/airflow/.local/lib/python3.8/site-packages/airflow/example_dags/example_branch_datetime_operator.py
[2024-03-21T22:43:43.055+0000] {processor.py:830} INFO - Processing file /home/airflow/.local/lib/python3.8/site-packages/airflow/example_dags/example_branch_datetime_operator.py for tasks to queue
[2024-03-21T22:43:43.057+0000] {logging_mixin.py:188} INFO - [2024-03-21T22:43:43.056+0000] {dagbag.py:540} INFO - Filling up the DagBag from /home/airflow/.local/lib/python3.8/site-packages/airflow/example_dags/example_branch_datetime_operator.py
[2024-03-21T22:43:43.067+0000] {processor.py:840} INFO - DAG(s) 'example_branch_datetime_operator', 'example_branch_datetime_operator_3', 'example_branch_datetime_operator_2' retrieved from /home/airflow/.local/lib/python3.8/site-packages/airflow/example_dags/example_branch_datetime_operator.py
[2024-03-21T22:43:43.103+0000] {logging_mixin.py:188} INFO - [2024-03-21T22:43:43.103+0000] {dag.py:3047} INFO - Sync 3 DAGs
[2024-03-21T22:43:43.128+0000] {logging_mixin.py:188} INFO - [2024-03-21T22:43:43.128+0000] {dag.py:3834} INFO - Setting next_dagrun for example_branch_datetime_operator to 2024-03-20 00:00:00+00:00, run_after=2024-03-21 00:00:00+00:00
[2024-03-21T22:43:43.133+0000] {logging_mixin.py:188} INFO - [2024-03-21T22:43:43.132+0000] {dag.py:3834} INFO - Setting next_dagrun for example_branch_datetime_operator_2 to 2024-03-20 00:00:00+00:00, run_after=2024-03-21 00:00:00+00:00
[2024-03-21T22:43:43.135+0000] {logging_mixin.py:188} INFO - [2024-03-21T22:43:43.135+0000] {dag.py:3834} INFO - Setting next_dagrun for example_branch_datetime_operator_3 to 2024-03-20 00:00:00+00:00, run_after=2024-03-21 00:00:00+00:00
[2024-03-21T22:43:43.152+0000] {processor.py:183} INFO - Processing /home/airflow/.local/lib/python3.8/site-packages/airflow/example_dags/example_branch_datetime_operator.py took 0.101 seconds
