[2024-03-21T22:38:39.060+0000] {processor.py:161} INFO - Started process (PID=77) to work on /home/airflow/.local/lib/python3.8/site-packages/airflow/example_dags/example_latest_only_with_trigger.py
[2024-03-21T22:38:39.065+0000] {processor.py:830} INFO - Processing file /home/airflow/.local/lib/python3.8/site-packages/airflow/example_dags/example_latest_only_with_trigger.py for tasks to queue
[2024-03-21T22:38:39.071+0000] {logging_mixin.py:188} INFO - [2024-03-21T22:38:39.071+0000] {dagbag.py:540} INFO - Filling up the DagBag from /home/airflow/.local/lib/python3.8/site-packages/airflow/example_dags/example_latest_only_with_trigger.py
[2024-03-21T22:38:39.079+0000] {processor.py:840} INFO - DAG(s) 'latest_only_with_trigger' retrieved from /home/airflow/.local/lib/python3.8/site-packages/airflow/example_dags/example_latest_only_with_trigger.py
[2024-03-21T22:38:39.112+0000] {logging_mixin.py:188} INFO - [2024-03-21T22:38:39.112+0000] {dag.py:3047} INFO - Sync 1 DAGs
[2024-03-21T22:38:39.153+0000] {logging_mixin.py:188} INFO - [2024-03-21T22:38:39.153+0000] {dag.py:3834} INFO - Setting next_dagrun for latest_only_with_trigger to 2024-03-21 16:00:00+00:00, run_after=2024-03-21 20:00:00+00:00
[2024-03-21T22:38:39.212+0000] {processor.py:183} INFO - Processing /home/airflow/.local/lib/python3.8/site-packages/airflow/example_dags/example_latest_only_with_trigger.py took 0.186 seconds
[2024-03-21T22:39:09.436+0000] {processor.py:161} INFO - Started process (PID=132) to work on /home/airflow/.local/lib/python3.8/site-packages/airflow/example_dags/example_latest_only_with_trigger.py
[2024-03-21T22:39:09.437+0000] {processor.py:830} INFO - Processing file /home/airflow/.local/lib/python3.8/site-packages/airflow/example_dags/example_latest_only_with_trigger.py for tasks to queue
[2024-03-21T22:39:09.439+0000] {logging_mixin.py:188} INFO - [2024-03-21T22:39:09.438+0000] {dagbag.py:540} INFO - Filling up the DagBag from /home/airflow/.local/lib/python3.8/site-packages/airflow/example_dags/example_latest_only_with_trigger.py
[2024-03-21T22:39:09.444+0000] {processor.py:840} INFO - DAG(s) 'latest_only_with_trigger' retrieved from /home/airflow/.local/lib/python3.8/site-packages/airflow/example_dags/example_latest_only_with_trigger.py
[2024-03-21T22:39:09.516+0000] {logging_mixin.py:188} INFO - [2024-03-21T22:39:09.515+0000] {dag.py:3047} INFO - Sync 1 DAGs
[2024-03-21T22:39:09.530+0000] {logging_mixin.py:188} INFO - [2024-03-21T22:39:09.530+0000] {dag.py:3834} INFO - Setting next_dagrun for latest_only_with_trigger to 2024-03-21 16:00:00+00:00, run_after=2024-03-21 20:00:00+00:00
[2024-03-21T22:39:09.557+0000] {processor.py:183} INFO - Processing /home/airflow/.local/lib/python3.8/site-packages/airflow/example_dags/example_latest_only_with_trigger.py took 0.124 seconds
[2024-03-21T22:39:40.087+0000] {processor.py:161} INFO - Started process (PID=187) to work on /home/airflow/.local/lib/python3.8/site-packages/airflow/example_dags/example_latest_only_with_trigger.py
[2024-03-21T22:39:40.088+0000] {processor.py:830} INFO - Processing file /home/airflow/.local/lib/python3.8/site-packages/airflow/example_dags/example_latest_only_with_trigger.py for tasks to queue
[2024-03-21T22:39:40.089+0000] {logging_mixin.py:188} INFO - [2024-03-21T22:39:40.089+0000] {dagbag.py:540} INFO - Filling up the DagBag from /home/airflow/.local/lib/python3.8/site-packages/airflow/example_dags/example_latest_only_with_trigger.py
[2024-03-21T22:39:40.094+0000] {processor.py:840} INFO - DAG(s) 'latest_only_with_trigger' retrieved from /home/airflow/.local/lib/python3.8/site-packages/airflow/example_dags/example_latest_only_with_trigger.py
[2024-03-21T22:39:40.110+0000] {logging_mixin.py:188} INFO - [2024-03-21T22:39:40.109+0000] {dag.py:3047} INFO - Sync 1 DAGs
[2024-03-21T22:39:40.126+0000] {logging_mixin.py:188} INFO - [2024-03-21T22:39:40.125+0000] {dag.py:3834} INFO - Setting next_dagrun for latest_only_with_trigger to 2024-03-21 16:00:00+00:00, run_after=2024-03-21 20:00:00+00:00
[2024-03-21T22:39:40.139+0000] {processor.py:183} INFO - Processing /home/airflow/.local/lib/python3.8/site-packages/airflow/example_dags/example_latest_only_with_trigger.py took 0.055 seconds
[2024-03-21T22:40:10.460+0000] {processor.py:161} INFO - Started process (PID=242) to work on /home/airflow/.local/lib/python3.8/site-packages/airflow/example_dags/example_latest_only_with_trigger.py
[2024-03-21T22:40:10.462+0000] {processor.py:830} INFO - Processing file /home/airflow/.local/lib/python3.8/site-packages/airflow/example_dags/example_latest_only_with_trigger.py for tasks to queue
[2024-03-21T22:40:10.464+0000] {logging_mixin.py:188} INFO - [2024-03-21T22:40:10.463+0000] {dagbag.py:540} INFO - Filling up the DagBag from /home/airflow/.local/lib/python3.8/site-packages/airflow/example_dags/example_latest_only_with_trigger.py
[2024-03-21T22:40:10.469+0000] {processor.py:840} INFO - DAG(s) 'latest_only_with_trigger' retrieved from /home/airflow/.local/lib/python3.8/site-packages/airflow/example_dags/example_latest_only_with_trigger.py
[2024-03-21T22:40:10.487+0000] {logging_mixin.py:188} INFO - [2024-03-21T22:40:10.487+0000] {dag.py:3047} INFO - Sync 1 DAGs
[2024-03-21T22:40:10.503+0000] {logging_mixin.py:188} INFO - [2024-03-21T22:40:10.502+0000] {dag.py:3834} INFO - Setting next_dagrun for latest_only_with_trigger to 2024-03-21 16:00:00+00:00, run_after=2024-03-21 20:00:00+00:00
[2024-03-21T22:40:10.529+0000] {processor.py:183} INFO - Processing /home/airflow/.local/lib/python3.8/site-packages/airflow/example_dags/example_latest_only_with_trigger.py took 0.072 seconds
[2024-03-21T22:40:41.049+0000] {processor.py:161} INFO - Started process (PID=297) to work on /home/airflow/.local/lib/python3.8/site-packages/airflow/example_dags/example_latest_only_with_trigger.py
[2024-03-21T22:40:41.050+0000] {processor.py:830} INFO - Processing file /home/airflow/.local/lib/python3.8/site-packages/airflow/example_dags/example_latest_only_with_trigger.py for tasks to queue
[2024-03-21T22:40:41.052+0000] {logging_mixin.py:188} INFO - [2024-03-21T22:40:41.052+0000] {dagbag.py:540} INFO - Filling up the DagBag from /home/airflow/.local/lib/python3.8/site-packages/airflow/example_dags/example_latest_only_with_trigger.py
[2024-03-21T22:40:41.058+0000] {processor.py:840} INFO - DAG(s) 'latest_only_with_trigger' retrieved from /home/airflow/.local/lib/python3.8/site-packages/airflow/example_dags/example_latest_only_with_trigger.py
[2024-03-21T22:40:41.075+0000] {logging_mixin.py:188} INFO - [2024-03-21T22:40:41.074+0000] {dag.py:3047} INFO - Sync 1 DAGs
[2024-03-21T22:40:41.091+0000] {logging_mixin.py:188} INFO - [2024-03-21T22:40:41.091+0000] {dag.py:3834} INFO - Setting next_dagrun for latest_only_with_trigger to 2024-03-21 16:00:00+00:00, run_after=2024-03-21 20:00:00+00:00
[2024-03-21T22:40:41.103+0000] {processor.py:183} INFO - Processing /home/airflow/.local/lib/python3.8/site-packages/airflow/example_dags/example_latest_only_with_trigger.py took 0.057 seconds
[2024-03-21T22:41:11.260+0000] {processor.py:161} INFO - Started process (PID=352) to work on /home/airflow/.local/lib/python3.8/site-packages/airflow/example_dags/example_latest_only_with_trigger.py
[2024-03-21T22:41:11.261+0000] {processor.py:830} INFO - Processing file /home/airflow/.local/lib/python3.8/site-packages/airflow/example_dags/example_latest_only_with_trigger.py for tasks to queue
[2024-03-21T22:41:11.263+0000] {logging_mixin.py:188} INFO - [2024-03-21T22:41:11.263+0000] {dagbag.py:540} INFO - Filling up the DagBag from /home/airflow/.local/lib/python3.8/site-packages/airflow/example_dags/example_latest_only_with_trigger.py
[2024-03-21T22:41:11.268+0000] {processor.py:840} INFO - DAG(s) 'latest_only_with_trigger' retrieved from /home/airflow/.local/lib/python3.8/site-packages/airflow/example_dags/example_latest_only_with_trigger.py
[2024-03-21T22:41:11.286+0000] {logging_mixin.py:188} INFO - [2024-03-21T22:41:11.285+0000] {dag.py:3047} INFO - Sync 1 DAGs
[2024-03-21T22:41:11.301+0000] {logging_mixin.py:188} INFO - [2024-03-21T22:41:11.300+0000] {dag.py:3834} INFO - Setting next_dagrun for latest_only_with_trigger to 2024-03-21 16:00:00+00:00, run_after=2024-03-21 20:00:00+00:00
[2024-03-21T22:41:11.324+0000] {processor.py:183} INFO - Processing /home/airflow/.local/lib/python3.8/site-packages/airflow/example_dags/example_latest_only_with_trigger.py took 0.067 seconds
[2024-03-21T22:41:41.577+0000] {processor.py:161} INFO - Started process (PID=407) to work on /home/airflow/.local/lib/python3.8/site-packages/airflow/example_dags/example_latest_only_with_trigger.py
[2024-03-21T22:41:41.578+0000] {processor.py:830} INFO - Processing file /home/airflow/.local/lib/python3.8/site-packages/airflow/example_dags/example_latest_only_with_trigger.py for tasks to queue
[2024-03-21T22:41:41.580+0000] {logging_mixin.py:188} INFO - [2024-03-21T22:41:41.579+0000] {dagbag.py:540} INFO - Filling up the DagBag from /home/airflow/.local/lib/python3.8/site-packages/airflow/example_dags/example_latest_only_with_trigger.py
[2024-03-21T22:41:41.584+0000] {processor.py:840} INFO - DAG(s) 'latest_only_with_trigger' retrieved from /home/airflow/.local/lib/python3.8/site-packages/airflow/example_dags/example_latest_only_with_trigger.py
[2024-03-21T22:41:41.603+0000] {logging_mixin.py:188} INFO - [2024-03-21T22:41:41.603+0000] {dag.py:3047} INFO - Sync 1 DAGs
[2024-03-21T22:41:41.619+0000] {logging_mixin.py:188} INFO - [2024-03-21T22:41:41.619+0000] {dag.py:3834} INFO - Setting next_dagrun for latest_only_with_trigger to 2024-03-21 16:00:00+00:00, run_after=2024-03-21 20:00:00+00:00
[2024-03-21T22:41:41.641+0000] {processor.py:183} INFO - Processing /home/airflow/.local/lib/python3.8/site-packages/airflow/example_dags/example_latest_only_with_trigger.py took 0.067 seconds
[2024-03-21T22:42:11.952+0000] {processor.py:161} INFO - Started process (PID=462) to work on /home/airflow/.local/lib/python3.8/site-packages/airflow/example_dags/example_latest_only_with_trigger.py
[2024-03-21T22:42:11.953+0000] {processor.py:830} INFO - Processing file /home/airflow/.local/lib/python3.8/site-packages/airflow/example_dags/example_latest_only_with_trigger.py for tasks to queue
[2024-03-21T22:42:11.954+0000] {logging_mixin.py:188} INFO - [2024-03-21T22:42:11.954+0000] {dagbag.py:540} INFO - Filling up the DagBag from /home/airflow/.local/lib/python3.8/site-packages/airflow/example_dags/example_latest_only_with_trigger.py
[2024-03-21T22:42:11.959+0000] {processor.py:840} INFO - DAG(s) 'latest_only_with_trigger' retrieved from /home/airflow/.local/lib/python3.8/site-packages/airflow/example_dags/example_latest_only_with_trigger.py
[2024-03-21T22:42:11.976+0000] {logging_mixin.py:188} INFO - [2024-03-21T22:42:11.975+0000] {dag.py:3047} INFO - Sync 1 DAGs
[2024-03-21T22:42:11.992+0000] {logging_mixin.py:188} INFO - [2024-03-21T22:42:11.992+0000] {dag.py:3834} INFO - Setting next_dagrun for latest_only_with_trigger to 2024-03-21 16:00:00+00:00, run_after=2024-03-21 20:00:00+00:00
[2024-03-21T22:42:12.006+0000] {processor.py:183} INFO - Processing /home/airflow/.local/lib/python3.8/site-packages/airflow/example_dags/example_latest_only_with_trigger.py took 0.056 seconds
[2024-03-21T22:42:42.345+0000] {processor.py:161} INFO - Started process (PID=517) to work on /home/airflow/.local/lib/python3.8/site-packages/airflow/example_dags/example_latest_only_with_trigger.py
[2024-03-21T22:42:42.346+0000] {processor.py:830} INFO - Processing file /home/airflow/.local/lib/python3.8/site-packages/airflow/example_dags/example_latest_only_with_trigger.py for tasks to queue
[2024-03-21T22:42:42.347+0000] {logging_mixin.py:188} INFO - [2024-03-21T22:42:42.347+0000] {dagbag.py:540} INFO - Filling up the DagBag from /home/airflow/.local/lib/python3.8/site-packages/airflow/example_dags/example_latest_only_with_trigger.py
[2024-03-21T22:42:42.352+0000] {processor.py:840} INFO - DAG(s) 'latest_only_with_trigger' retrieved from /home/airflow/.local/lib/python3.8/site-packages/airflow/example_dags/example_latest_only_with_trigger.py
[2024-03-21T22:42:42.371+0000] {logging_mixin.py:188} INFO - [2024-03-21T22:42:42.371+0000] {dag.py:3047} INFO - Sync 1 DAGs
[2024-03-21T22:42:42.386+0000] {logging_mixin.py:188} INFO - [2024-03-21T22:42:42.386+0000] {dag.py:3834} INFO - Setting next_dagrun for latest_only_with_trigger to 2024-03-21 16:00:00+00:00, run_after=2024-03-21 20:00:00+00:00
[2024-03-21T22:42:42.399+0000] {processor.py:183} INFO - Processing /home/airflow/.local/lib/python3.8/site-packages/airflow/example_dags/example_latest_only_with_trigger.py took 0.057 seconds
[2024-03-21T22:43:12.940+0000] {processor.py:161} INFO - Started process (PID=572) to work on /home/airflow/.local/lib/python3.8/site-packages/airflow/example_dags/example_latest_only_with_trigger.py
[2024-03-21T22:43:12.941+0000] {processor.py:830} INFO - Processing file /home/airflow/.local/lib/python3.8/site-packages/airflow/example_dags/example_latest_only_with_trigger.py for tasks to queue
[2024-03-21T22:43:12.943+0000] {logging_mixin.py:188} INFO - [2024-03-21T22:43:12.942+0000] {dagbag.py:540} INFO - Filling up the DagBag from /home/airflow/.local/lib/python3.8/site-packages/airflow/example_dags/example_latest_only_with_trigger.py
[2024-03-21T22:43:12.948+0000] {processor.py:840} INFO - DAG(s) 'latest_only_with_trigger' retrieved from /home/airflow/.local/lib/python3.8/site-packages/airflow/example_dags/example_latest_only_with_trigger.py
[2024-03-21T22:43:12.964+0000] {logging_mixin.py:188} INFO - [2024-03-21T22:43:12.964+0000] {dag.py:3047} INFO - Sync 1 DAGs
[2024-03-21T22:43:12.981+0000] {logging_mixin.py:188} INFO - [2024-03-21T22:43:12.981+0000] {dag.py:3834} INFO - Setting next_dagrun for latest_only_with_trigger to 2024-03-21 16:00:00+00:00, run_after=2024-03-21 20:00:00+00:00
[2024-03-21T22:43:12.997+0000] {processor.py:183} INFO - Processing /home/airflow/.local/lib/python3.8/site-packages/airflow/example_dags/example_latest_only_with_trigger.py took 0.060 seconds
[2024-03-21T22:43:43.369+0000] {processor.py:161} INFO - Started process (PID=627) to work on /home/airflow/.local/lib/python3.8/site-packages/airflow/example_dags/example_latest_only_with_trigger.py
[2024-03-21T22:43:43.370+0000] {processor.py:830} INFO - Processing file /home/airflow/.local/lib/python3.8/site-packages/airflow/example_dags/example_latest_only_with_trigger.py for tasks to queue
[2024-03-21T22:43:43.372+0000] {logging_mixin.py:188} INFO - [2024-03-21T22:43:43.372+0000] {dagbag.py:540} INFO - Filling up the DagBag from /home/airflow/.local/lib/python3.8/site-packages/airflow/example_dags/example_latest_only_with_trigger.py
[2024-03-21T22:43:43.377+0000] {processor.py:840} INFO - DAG(s) 'latest_only_with_trigger' retrieved from /home/airflow/.local/lib/python3.8/site-packages/airflow/example_dags/example_latest_only_with_trigger.py
[2024-03-21T22:43:43.399+0000] {logging_mixin.py:188} INFO - [2024-03-21T22:43:43.398+0000] {dag.py:3047} INFO - Sync 1 DAGs
[2024-03-21T22:43:43.418+0000] {logging_mixin.py:188} INFO - [2024-03-21T22:43:43.417+0000] {dag.py:3834} INFO - Setting next_dagrun for latest_only_with_trigger to 2024-03-21 16:00:00+00:00, run_after=2024-03-21 20:00:00+00:00
[2024-03-21T22:43:43.438+0000] {processor.py:183} INFO - Processing /home/airflow/.local/lib/python3.8/site-packages/airflow/example_dags/example_latest_only_with_trigger.py took 0.071 seconds
