[2024-03-21T22:38:35.215+0000] {processor.py:161} INFO - Started process (PID=45) to work on /home/airflow/.local/lib/python3.8/site-packages/airflow/example_dags/example_branch_labels.py
[2024-03-21T22:38:35.216+0000] {processor.py:830} INFO - Processing file /home/airflow/.local/lib/python3.8/site-packages/airflow/example_dags/example_branch_labels.py for tasks to queue
[2024-03-21T22:38:35.218+0000] {logging_mixin.py:188} INFO - [2024-03-21T22:38:35.217+0000] {dagbag.py:540} INFO - Filling up the DagBag from /home/airflow/.local/lib/python3.8/site-packages/airflow/example_dags/example_branch_labels.py
[2024-03-21T22:38:35.227+0000] {processor.py:840} INFO - DAG(s) 'example_branch_labels' retrieved from /home/airflow/.local/lib/python3.8/site-packages/airflow/example_dags/example_branch_labels.py
[2024-03-21T22:38:35.238+0000] {logging_mixin.py:188} INFO - [2024-03-21T22:38:35.237+0000] {dag.py:3047} INFO - Sync 1 DAGs
[2024-03-21T22:38:35.260+0000] {logging_mixin.py:188} INFO - [2024-03-21T22:38:35.260+0000] {dag.py:3834} INFO - Setting next_dagrun for example_branch_labels to 2024-03-20 00:00:00+00:00, run_after=2024-03-21 00:00:00+00:00
[2024-03-21T22:38:35.277+0000] {processor.py:183} INFO - Processing /home/airflow/.local/lib/python3.8/site-packages/airflow/example_dags/example_branch_labels.py took 0.065 seconds
[2024-03-21T22:39:06.243+0000] {processor.py:161} INFO - Started process (PID=100) to work on /home/airflow/.local/lib/python3.8/site-packages/airflow/example_dags/example_branch_labels.py
[2024-03-21T22:39:06.244+0000] {processor.py:830} INFO - Processing file /home/airflow/.local/lib/python3.8/site-packages/airflow/example_dags/example_branch_labels.py for tasks to queue
[2024-03-21T22:39:06.246+0000] {logging_mixin.py:188} INFO - [2024-03-21T22:39:06.246+0000] {dagbag.py:540} INFO - Filling up the DagBag from /home/airflow/.local/lib/python3.8/site-packages/airflow/example_dags/example_branch_labels.py
[2024-03-21T22:39:06.253+0000] {processor.py:840} INFO - DAG(s) 'example_branch_labels' retrieved from /home/airflow/.local/lib/python3.8/site-packages/airflow/example_dags/example_branch_labels.py
[2024-03-21T22:39:06.333+0000] {logging_mixin.py:188} INFO - [2024-03-21T22:39:06.332+0000] {dag.py:3047} INFO - Sync 1 DAGs
[2024-03-21T22:39:06.347+0000] {logging_mixin.py:188} INFO - [2024-03-21T22:39:06.347+0000] {dag.py:3834} INFO - Setting next_dagrun for example_branch_labels to 2024-03-20 00:00:00+00:00, run_after=2024-03-21 00:00:00+00:00
[2024-03-21T22:39:06.363+0000] {processor.py:183} INFO - Processing /home/airflow/.local/lib/python3.8/site-packages/airflow/example_dags/example_branch_labels.py took 0.122 seconds
[2024-03-21T22:39:36.503+0000] {processor.py:161} INFO - Started process (PID=155) to work on /home/airflow/.local/lib/python3.8/site-packages/airflow/example_dags/example_branch_labels.py
[2024-03-21T22:39:36.504+0000] {processor.py:830} INFO - Processing file /home/airflow/.local/lib/python3.8/site-packages/airflow/example_dags/example_branch_labels.py for tasks to queue
[2024-03-21T22:39:36.506+0000] {logging_mixin.py:188} INFO - [2024-03-21T22:39:36.506+0000] {dagbag.py:540} INFO - Filling up the DagBag from /home/airflow/.local/lib/python3.8/site-packages/airflow/example_dags/example_branch_labels.py
[2024-03-21T22:39:36.513+0000] {processor.py:840} INFO - DAG(s) 'example_branch_labels' retrieved from /home/airflow/.local/lib/python3.8/site-packages/airflow/example_dags/example_branch_labels.py
[2024-03-21T22:39:36.531+0000] {logging_mixin.py:188} INFO - [2024-03-21T22:39:36.531+0000] {dag.py:3047} INFO - Sync 1 DAGs
[2024-03-21T22:39:36.551+0000] {logging_mixin.py:188} INFO - [2024-03-21T22:39:36.550+0000] {dag.py:3834} INFO - Setting next_dagrun for example_branch_labels to 2024-03-20 00:00:00+00:00, run_after=2024-03-21 00:00:00+00:00
[2024-03-21T22:39:36.569+0000] {processor.py:183} INFO - Processing /home/airflow/.local/lib/python3.8/site-packages/airflow/example_dags/example_branch_labels.py took 0.068 seconds
[2024-03-21T22:40:06.864+0000] {processor.py:161} INFO - Started process (PID=210) to work on /home/airflow/.local/lib/python3.8/site-packages/airflow/example_dags/example_branch_labels.py
[2024-03-21T22:40:06.865+0000] {processor.py:830} INFO - Processing file /home/airflow/.local/lib/python3.8/site-packages/airflow/example_dags/example_branch_labels.py for tasks to queue
[2024-03-21T22:40:06.867+0000] {logging_mixin.py:188} INFO - [2024-03-21T22:40:06.867+0000] {dagbag.py:540} INFO - Filling up the DagBag from /home/airflow/.local/lib/python3.8/site-packages/airflow/example_dags/example_branch_labels.py
[2024-03-21T22:40:06.874+0000] {processor.py:840} INFO - DAG(s) 'example_branch_labels' retrieved from /home/airflow/.local/lib/python3.8/site-packages/airflow/example_dags/example_branch_labels.py
[2024-03-21T22:40:06.892+0000] {logging_mixin.py:188} INFO - [2024-03-21T22:40:06.891+0000] {dag.py:3047} INFO - Sync 1 DAGs
[2024-03-21T22:40:06.909+0000] {logging_mixin.py:188} INFO - [2024-03-21T22:40:06.909+0000] {dag.py:3834} INFO - Setting next_dagrun for example_branch_labels to 2024-03-20 00:00:00+00:00, run_after=2024-03-21 00:00:00+00:00
[2024-03-21T22:40:06.923+0000] {processor.py:183} INFO - Processing /home/airflow/.local/lib/python3.8/site-packages/airflow/example_dags/example_branch_labels.py took 0.062 seconds
[2024-03-21T22:40:37.253+0000] {processor.py:161} INFO - Started process (PID=265) to work on /home/airflow/.local/lib/python3.8/site-packages/airflow/example_dags/example_branch_labels.py
[2024-03-21T22:40:37.255+0000] {processor.py:830} INFO - Processing file /home/airflow/.local/lib/python3.8/site-packages/airflow/example_dags/example_branch_labels.py for tasks to queue
[2024-03-21T22:40:37.257+0000] {logging_mixin.py:188} INFO - [2024-03-21T22:40:37.256+0000] {dagbag.py:540} INFO - Filling up the DagBag from /home/airflow/.local/lib/python3.8/site-packages/airflow/example_dags/example_branch_labels.py
[2024-03-21T22:40:37.265+0000] {processor.py:840} INFO - DAG(s) 'example_branch_labels' retrieved from /home/airflow/.local/lib/python3.8/site-packages/airflow/example_dags/example_branch_labels.py
[2024-03-21T22:40:37.284+0000] {logging_mixin.py:188} INFO - [2024-03-21T22:40:37.283+0000] {dag.py:3047} INFO - Sync 1 DAGs
[2024-03-21T22:40:37.306+0000] {logging_mixin.py:188} INFO - [2024-03-21T22:40:37.306+0000] {dag.py:3834} INFO - Setting next_dagrun for example_branch_labels to 2024-03-20 00:00:00+00:00, run_after=2024-03-21 00:00:00+00:00
[2024-03-21T22:40:37.320+0000] {processor.py:183} INFO - Processing /home/airflow/.local/lib/python3.8/site-packages/airflow/example_dags/example_branch_labels.py took 0.070 seconds
[2024-03-21T22:41:07.829+0000] {processor.py:161} INFO - Started process (PID=320) to work on /home/airflow/.local/lib/python3.8/site-packages/airflow/example_dags/example_branch_labels.py
[2024-03-21T22:41:07.830+0000] {processor.py:830} INFO - Processing file /home/airflow/.local/lib/python3.8/site-packages/airflow/example_dags/example_branch_labels.py for tasks to queue
[2024-03-21T22:41:07.831+0000] {logging_mixin.py:188} INFO - [2024-03-21T22:41:07.831+0000] {dagbag.py:540} INFO - Filling up the DagBag from /home/airflow/.local/lib/python3.8/site-packages/airflow/example_dags/example_branch_labels.py
[2024-03-21T22:41:07.837+0000] {processor.py:840} INFO - DAG(s) 'example_branch_labels' retrieved from /home/airflow/.local/lib/python3.8/site-packages/airflow/example_dags/example_branch_labels.py
[2024-03-21T22:41:07.854+0000] {logging_mixin.py:188} INFO - [2024-03-21T22:41:07.854+0000] {dag.py:3047} INFO - Sync 1 DAGs
[2024-03-21T22:41:07.873+0000] {logging_mixin.py:188} INFO - [2024-03-21T22:41:07.873+0000] {dag.py:3834} INFO - Setting next_dagrun for example_branch_labels to 2024-03-20 00:00:00+00:00, run_after=2024-03-21 00:00:00+00:00
[2024-03-21T22:41:07.888+0000] {processor.py:183} INFO - Processing /home/airflow/.local/lib/python3.8/site-packages/airflow/example_dags/example_branch_labels.py took 0.061 seconds
[2024-03-21T22:41:38.053+0000] {processor.py:161} INFO - Started process (PID=375) to work on /home/airflow/.local/lib/python3.8/site-packages/airflow/example_dags/example_branch_labels.py
[2024-03-21T22:41:38.055+0000] {processor.py:830} INFO - Processing file /home/airflow/.local/lib/python3.8/site-packages/airflow/example_dags/example_branch_labels.py for tasks to queue
[2024-03-21T22:41:38.056+0000] {logging_mixin.py:188} INFO - [2024-03-21T22:41:38.056+0000] {dagbag.py:540} INFO - Filling up the DagBag from /home/airflow/.local/lib/python3.8/site-packages/airflow/example_dags/example_branch_labels.py
[2024-03-21T22:41:38.062+0000] {processor.py:840} INFO - DAG(s) 'example_branch_labels' retrieved from /home/airflow/.local/lib/python3.8/site-packages/airflow/example_dags/example_branch_labels.py
[2024-03-21T22:41:38.079+0000] {logging_mixin.py:188} INFO - [2024-03-21T22:41:38.078+0000] {dag.py:3047} INFO - Sync 1 DAGs
[2024-03-21T22:41:38.095+0000] {logging_mixin.py:188} INFO - [2024-03-21T22:41:38.095+0000] {dag.py:3834} INFO - Setting next_dagrun for example_branch_labels to 2024-03-20 00:00:00+00:00, run_after=2024-03-21 00:00:00+00:00
[2024-03-21T22:41:38.117+0000] {processor.py:183} INFO - Processing /home/airflow/.local/lib/python3.8/site-packages/airflow/example_dags/example_branch_labels.py took 0.067 seconds
[2024-03-21T22:42:08.363+0000] {processor.py:161} INFO - Started process (PID=430) to work on /home/airflow/.local/lib/python3.8/site-packages/airflow/example_dags/example_branch_labels.py
[2024-03-21T22:42:08.363+0000] {processor.py:830} INFO - Processing file /home/airflow/.local/lib/python3.8/site-packages/airflow/example_dags/example_branch_labels.py for tasks to queue
[2024-03-21T22:42:08.365+0000] {logging_mixin.py:188} INFO - [2024-03-21T22:42:08.364+0000] {dagbag.py:540} INFO - Filling up the DagBag from /home/airflow/.local/lib/python3.8/site-packages/airflow/example_dags/example_branch_labels.py
[2024-03-21T22:42:08.371+0000] {processor.py:840} INFO - DAG(s) 'example_branch_labels' retrieved from /home/airflow/.local/lib/python3.8/site-packages/airflow/example_dags/example_branch_labels.py
[2024-03-21T22:42:08.386+0000] {logging_mixin.py:188} INFO - [2024-03-21T22:42:08.386+0000] {dag.py:3047} INFO - Sync 1 DAGs
[2024-03-21T22:42:08.406+0000] {logging_mixin.py:188} INFO - [2024-03-21T22:42:08.406+0000] {dag.py:3834} INFO - Setting next_dagrun for example_branch_labels to 2024-03-20 00:00:00+00:00, run_after=2024-03-21 00:00:00+00:00
[2024-03-21T22:42:08.427+0000] {processor.py:183} INFO - Processing /home/airflow/.local/lib/python3.8/site-packages/airflow/example_dags/example_branch_labels.py took 0.067 seconds
[2024-03-21T22:42:38.850+0000] {processor.py:161} INFO - Started process (PID=485) to work on /home/airflow/.local/lib/python3.8/site-packages/airflow/example_dags/example_branch_labels.py
[2024-03-21T22:42:38.850+0000] {processor.py:830} INFO - Processing file /home/airflow/.local/lib/python3.8/site-packages/airflow/example_dags/example_branch_labels.py for tasks to queue
[2024-03-21T22:42:38.852+0000] {logging_mixin.py:188} INFO - [2024-03-21T22:42:38.852+0000] {dagbag.py:540} INFO - Filling up the DagBag from /home/airflow/.local/lib/python3.8/site-packages/airflow/example_dags/example_branch_labels.py
[2024-03-21T22:42:38.858+0000] {processor.py:840} INFO - DAG(s) 'example_branch_labels' retrieved from /home/airflow/.local/lib/python3.8/site-packages/airflow/example_dags/example_branch_labels.py
[2024-03-21T22:42:38.876+0000] {logging_mixin.py:188} INFO - [2024-03-21T22:42:38.876+0000] {dag.py:3047} INFO - Sync 1 DAGs
[2024-03-21T22:42:38.896+0000] {logging_mixin.py:188} INFO - [2024-03-21T22:42:38.896+0000] {dag.py:3834} INFO - Setting next_dagrun for example_branch_labels to 2024-03-20 00:00:00+00:00, run_after=2024-03-21 00:00:00+00:00
[2024-03-21T22:42:38.910+0000] {processor.py:183} INFO - Processing /home/airflow/.local/lib/python3.8/site-packages/airflow/example_dags/example_branch_labels.py took 0.064 seconds
[2024-03-21T22:43:09.146+0000] {processor.py:161} INFO - Started process (PID=540) to work on /home/airflow/.local/lib/python3.8/site-packages/airflow/example_dags/example_branch_labels.py
[2024-03-21T22:43:09.147+0000] {processor.py:830} INFO - Processing file /home/airflow/.local/lib/python3.8/site-packages/airflow/example_dags/example_branch_labels.py for tasks to queue
[2024-03-21T22:43:09.149+0000] {logging_mixin.py:188} INFO - [2024-03-21T22:43:09.149+0000] {dagbag.py:540} INFO - Filling up the DagBag from /home/airflow/.local/lib/python3.8/site-packages/airflow/example_dags/example_branch_labels.py
[2024-03-21T22:43:09.155+0000] {processor.py:840} INFO - DAG(s) 'example_branch_labels' retrieved from /home/airflow/.local/lib/python3.8/site-packages/airflow/example_dags/example_branch_labels.py
[2024-03-21T22:43:09.173+0000] {logging_mixin.py:188} INFO - [2024-03-21T22:43:09.173+0000] {dag.py:3047} INFO - Sync 1 DAGs
[2024-03-21T22:43:09.191+0000] {logging_mixin.py:188} INFO - [2024-03-21T22:43:09.191+0000] {dag.py:3834} INFO - Setting next_dagrun for example_branch_labels to 2024-03-20 00:00:00+00:00, run_after=2024-03-21 00:00:00+00:00
[2024-03-21T22:43:09.212+0000] {processor.py:183} INFO - Processing /home/airflow/.local/lib/python3.8/site-packages/airflow/example_dags/example_branch_labels.py took 0.069 seconds
[2024-03-21T22:43:39.711+0000] {processor.py:161} INFO - Started process (PID=595) to work on /home/airflow/.local/lib/python3.8/site-packages/airflow/example_dags/example_branch_labels.py
[2024-03-21T22:43:39.712+0000] {processor.py:830} INFO - Processing file /home/airflow/.local/lib/python3.8/site-packages/airflow/example_dags/example_branch_labels.py for tasks to queue
[2024-03-21T22:43:39.714+0000] {logging_mixin.py:188} INFO - [2024-03-21T22:43:39.714+0000] {dagbag.py:540} INFO - Filling up the DagBag from /home/airflow/.local/lib/python3.8/site-packages/airflow/example_dags/example_branch_labels.py
[2024-03-21T22:43:39.721+0000] {processor.py:840} INFO - DAG(s) 'example_branch_labels' retrieved from /home/airflow/.local/lib/python3.8/site-packages/airflow/example_dags/example_branch_labels.py
[2024-03-21T22:43:39.742+0000] {logging_mixin.py:188} INFO - [2024-03-21T22:43:39.742+0000] {dag.py:3047} INFO - Sync 1 DAGs
[2024-03-21T22:43:39.762+0000] {logging_mixin.py:188} INFO - [2024-03-21T22:43:39.762+0000] {dag.py:3834} INFO - Setting next_dagrun for example_branch_labels to 2024-03-20 00:00:00+00:00, run_after=2024-03-21 00:00:00+00:00
[2024-03-21T22:43:39.781+0000] {processor.py:183} INFO - Processing /home/airflow/.local/lib/python3.8/site-packages/airflow/example_dags/example_branch_labels.py took 0.072 seconds
