[2024-03-21T22:38:37.782+0000] {processor.py:161} INFO - Started process (PID=68) to work on /home/airflow/.local/lib/python3.8/site-packages/airflow/example_dags/example_nested_branch_dag.py
[2024-03-21T22:38:37.783+0000] {processor.py:830} INFO - Processing file /home/airflow/.local/lib/python3.8/site-packages/airflow/example_dags/example_nested_branch_dag.py for tasks to queue
[2024-03-21T22:38:37.785+0000] {logging_mixin.py:188} INFO - [2024-03-21T22:38:37.785+0000] {dagbag.py:540} INFO - Filling up the DagBag from /home/airflow/.local/lib/python3.8/site-packages/airflow/example_dags/example_nested_branch_dag.py
[2024-03-21T22:38:37.797+0000] {processor.py:840} INFO - DAG(s) 'example_nested_branch_dag' retrieved from /home/airflow/.local/lib/python3.8/site-packages/airflow/example_dags/example_nested_branch_dag.py
[2024-03-21T22:38:37.819+0000] {logging_mixin.py:188} INFO - [2024-03-21T22:38:37.819+0000] {dag.py:3047} INFO - Sync 1 DAGs
[2024-03-21T22:38:37.860+0000] {logging_mixin.py:188} INFO - [2024-03-21T22:38:37.860+0000] {dag.py:3834} INFO - Setting next_dagrun for example_nested_branch_dag to 2024-03-20 00:00:00+00:00, run_after=2024-03-21 00:00:00+00:00
[2024-03-21T22:38:37.891+0000] {processor.py:183} INFO - Processing /home/airflow/.local/lib/python3.8/site-packages/airflow/example_dags/example_nested_branch_dag.py took 0.112 seconds
[2024-03-21T22:39:08.427+0000] {processor.py:161} INFO - Started process (PID=123) to work on /home/airflow/.local/lib/python3.8/site-packages/airflow/example_dags/example_nested_branch_dag.py
[2024-03-21T22:39:08.428+0000] {processor.py:830} INFO - Processing file /home/airflow/.local/lib/python3.8/site-packages/airflow/example_dags/example_nested_branch_dag.py for tasks to queue
[2024-03-21T22:39:08.429+0000] {logging_mixin.py:188} INFO - [2024-03-21T22:39:08.429+0000] {dagbag.py:540} INFO - Filling up the DagBag from /home/airflow/.local/lib/python3.8/site-packages/airflow/example_dags/example_nested_branch_dag.py
[2024-03-21T22:39:08.437+0000] {processor.py:840} INFO - DAG(s) 'example_nested_branch_dag' retrieved from /home/airflow/.local/lib/python3.8/site-packages/airflow/example_dags/example_nested_branch_dag.py
[2024-03-21T22:39:08.522+0000] {logging_mixin.py:188} INFO - [2024-03-21T22:39:08.522+0000] {dag.py:3047} INFO - Sync 1 DAGs
[2024-03-21T22:39:08.538+0000] {logging_mixin.py:188} INFO - [2024-03-21T22:39:08.538+0000] {dag.py:3834} INFO - Setting next_dagrun for example_nested_branch_dag to 2024-03-20 00:00:00+00:00, run_after=2024-03-21 00:00:00+00:00
[2024-03-21T22:39:08.552+0000] {processor.py:183} INFO - Processing /home/airflow/.local/lib/python3.8/site-packages/airflow/example_dags/example_nested_branch_dag.py took 0.128 seconds
[2024-03-21T22:39:38.677+0000] {processor.py:161} INFO - Started process (PID=178) to work on /home/airflow/.local/lib/python3.8/site-packages/airflow/example_dags/example_nested_branch_dag.py
[2024-03-21T22:39:38.678+0000] {processor.py:830} INFO - Processing file /home/airflow/.local/lib/python3.8/site-packages/airflow/example_dags/example_nested_branch_dag.py for tasks to queue
[2024-03-21T22:39:38.680+0000] {logging_mixin.py:188} INFO - [2024-03-21T22:39:38.679+0000] {dagbag.py:540} INFO - Filling up the DagBag from /home/airflow/.local/lib/python3.8/site-packages/airflow/example_dags/example_nested_branch_dag.py
[2024-03-21T22:39:38.688+0000] {processor.py:840} INFO - DAG(s) 'example_nested_branch_dag' retrieved from /home/airflow/.local/lib/python3.8/site-packages/airflow/example_dags/example_nested_branch_dag.py
[2024-03-21T22:39:38.705+0000] {logging_mixin.py:188} INFO - [2024-03-21T22:39:38.704+0000] {dag.py:3047} INFO - Sync 1 DAGs
[2024-03-21T22:39:38.722+0000] {logging_mixin.py:188} INFO - [2024-03-21T22:39:38.721+0000] {dag.py:3834} INFO - Setting next_dagrun for example_nested_branch_dag to 2024-03-20 00:00:00+00:00, run_after=2024-03-21 00:00:00+00:00
[2024-03-21T22:39:38.735+0000] {processor.py:183} INFO - Processing /home/airflow/.local/lib/python3.8/site-packages/airflow/example_dags/example_nested_branch_dag.py took 0.061 seconds
[2024-03-21T22:40:09.098+0000] {processor.py:161} INFO - Started process (PID=233) to work on /home/airflow/.local/lib/python3.8/site-packages/airflow/example_dags/example_nested_branch_dag.py
[2024-03-21T22:40:09.099+0000] {processor.py:830} INFO - Processing file /home/airflow/.local/lib/python3.8/site-packages/airflow/example_dags/example_nested_branch_dag.py for tasks to queue
[2024-03-21T22:40:09.101+0000] {logging_mixin.py:188} INFO - [2024-03-21T22:40:09.100+0000] {dagbag.py:540} INFO - Filling up the DagBag from /home/airflow/.local/lib/python3.8/site-packages/airflow/example_dags/example_nested_branch_dag.py
[2024-03-21T22:40:09.108+0000] {processor.py:840} INFO - DAG(s) 'example_nested_branch_dag' retrieved from /home/airflow/.local/lib/python3.8/site-packages/airflow/example_dags/example_nested_branch_dag.py
[2024-03-21T22:40:09.125+0000] {logging_mixin.py:188} INFO - [2024-03-21T22:40:09.124+0000] {dag.py:3047} INFO - Sync 1 DAGs
[2024-03-21T22:40:09.142+0000] {logging_mixin.py:188} INFO - [2024-03-21T22:40:09.141+0000] {dag.py:3834} INFO - Setting next_dagrun for example_nested_branch_dag to 2024-03-20 00:00:00+00:00, run_after=2024-03-21 00:00:00+00:00
[2024-03-21T22:40:09.155+0000] {processor.py:183} INFO - Processing /home/airflow/.local/lib/python3.8/site-packages/airflow/example_dags/example_nested_branch_dag.py took 0.060 seconds
[2024-03-21T22:40:39.650+0000] {processor.py:161} INFO - Started process (PID=289) to work on /home/airflow/.local/lib/python3.8/site-packages/airflow/example_dags/example_nested_branch_dag.py
[2024-03-21T22:40:39.651+0000] {processor.py:830} INFO - Processing file /home/airflow/.local/lib/python3.8/site-packages/airflow/example_dags/example_nested_branch_dag.py for tasks to queue
[2024-03-21T22:40:39.653+0000] {logging_mixin.py:188} INFO - [2024-03-21T22:40:39.652+0000] {dagbag.py:540} INFO - Filling up the DagBag from /home/airflow/.local/lib/python3.8/site-packages/airflow/example_dags/example_nested_branch_dag.py
[2024-03-21T22:40:39.662+0000] {processor.py:840} INFO - DAG(s) 'example_nested_branch_dag' retrieved from /home/airflow/.local/lib/python3.8/site-packages/airflow/example_dags/example_nested_branch_dag.py
[2024-03-21T22:40:39.683+0000] {logging_mixin.py:188} INFO - [2024-03-21T22:40:39.683+0000] {dag.py:3047} INFO - Sync 1 DAGs
[2024-03-21T22:40:39.704+0000] {logging_mixin.py:188} INFO - [2024-03-21T22:40:39.703+0000] {dag.py:3834} INFO - Setting next_dagrun for example_nested_branch_dag to 2024-03-20 00:00:00+00:00, run_after=2024-03-21 00:00:00+00:00
[2024-03-21T22:40:39.725+0000] {processor.py:183} INFO - Processing /home/airflow/.local/lib/python3.8/site-packages/airflow/example_dags/example_nested_branch_dag.py took 0.078 seconds
[2024-03-21T22:41:09.902+0000] {processor.py:161} INFO - Started process (PID=344) to work on /home/airflow/.local/lib/python3.8/site-packages/airflow/example_dags/example_nested_branch_dag.py
[2024-03-21T22:41:09.904+0000] {processor.py:830} INFO - Processing file /home/airflow/.local/lib/python3.8/site-packages/airflow/example_dags/example_nested_branch_dag.py for tasks to queue
[2024-03-21T22:41:09.905+0000] {logging_mixin.py:188} INFO - [2024-03-21T22:41:09.905+0000] {dagbag.py:540} INFO - Filling up the DagBag from /home/airflow/.local/lib/python3.8/site-packages/airflow/example_dags/example_nested_branch_dag.py
[2024-03-21T22:41:09.913+0000] {processor.py:840} INFO - DAG(s) 'example_nested_branch_dag' retrieved from /home/airflow/.local/lib/python3.8/site-packages/airflow/example_dags/example_nested_branch_dag.py
[2024-03-21T22:41:09.930+0000] {logging_mixin.py:188} INFO - [2024-03-21T22:41:09.930+0000] {dag.py:3047} INFO - Sync 1 DAGs
[2024-03-21T22:41:09.946+0000] {logging_mixin.py:188} INFO - [2024-03-21T22:41:09.946+0000] {dag.py:3834} INFO - Setting next_dagrun for example_nested_branch_dag to 2024-03-20 00:00:00+00:00, run_after=2024-03-21 00:00:00+00:00
[2024-03-21T22:41:09.959+0000] {processor.py:183} INFO - Processing /home/airflow/.local/lib/python3.8/site-packages/airflow/example_dags/example_nested_branch_dag.py took 0.059 seconds
[2024-03-21T22:41:40.200+0000] {processor.py:161} INFO - Started process (PID=398) to work on /home/airflow/.local/lib/python3.8/site-packages/airflow/example_dags/example_nested_branch_dag.py
[2024-03-21T22:41:40.201+0000] {processor.py:830} INFO - Processing file /home/airflow/.local/lib/python3.8/site-packages/airflow/example_dags/example_nested_branch_dag.py for tasks to queue
[2024-03-21T22:41:40.203+0000] {logging_mixin.py:188} INFO - [2024-03-21T22:41:40.202+0000] {dagbag.py:540} INFO - Filling up the DagBag from /home/airflow/.local/lib/python3.8/site-packages/airflow/example_dags/example_nested_branch_dag.py
[2024-03-21T22:41:40.211+0000] {processor.py:840} INFO - DAG(s) 'example_nested_branch_dag' retrieved from /home/airflow/.local/lib/python3.8/site-packages/airflow/example_dags/example_nested_branch_dag.py
[2024-03-21T22:41:40.229+0000] {logging_mixin.py:188} INFO - [2024-03-21T22:41:40.229+0000] {dag.py:3047} INFO - Sync 1 DAGs
[2024-03-21T22:41:40.247+0000] {logging_mixin.py:188} INFO - [2024-03-21T22:41:40.247+0000] {dag.py:3834} INFO - Setting next_dagrun for example_nested_branch_dag to 2024-03-20 00:00:00+00:00, run_after=2024-03-21 00:00:00+00:00
[2024-03-21T22:41:40.261+0000] {processor.py:183} INFO - Processing /home/airflow/.local/lib/python3.8/site-packages/airflow/example_dags/example_nested_branch_dag.py took 0.065 seconds
[2024-03-21T22:42:10.585+0000] {processor.py:161} INFO - Started process (PID=453) to work on /home/airflow/.local/lib/python3.8/site-packages/airflow/example_dags/example_nested_branch_dag.py
[2024-03-21T22:42:10.586+0000] {processor.py:830} INFO - Processing file /home/airflow/.local/lib/python3.8/site-packages/airflow/example_dags/example_nested_branch_dag.py for tasks to queue
[2024-03-21T22:42:10.588+0000] {logging_mixin.py:188} INFO - [2024-03-21T22:42:10.587+0000] {dagbag.py:540} INFO - Filling up the DagBag from /home/airflow/.local/lib/python3.8/site-packages/airflow/example_dags/example_nested_branch_dag.py
[2024-03-21T22:42:10.596+0000] {processor.py:840} INFO - DAG(s) 'example_nested_branch_dag' retrieved from /home/airflow/.local/lib/python3.8/site-packages/airflow/example_dags/example_nested_branch_dag.py
[2024-03-21T22:42:10.613+0000] {logging_mixin.py:188} INFO - [2024-03-21T22:42:10.613+0000] {dag.py:3047} INFO - Sync 1 DAGs
[2024-03-21T22:42:10.629+0000] {logging_mixin.py:188} INFO - [2024-03-21T22:42:10.629+0000] {dag.py:3834} INFO - Setting next_dagrun for example_nested_branch_dag to 2024-03-20 00:00:00+00:00, run_after=2024-03-21 00:00:00+00:00
[2024-03-21T22:42:10.645+0000] {processor.py:183} INFO - Processing /home/airflow/.local/lib/python3.8/site-packages/airflow/example_dags/example_nested_branch_dag.py took 0.063 seconds
[2024-03-21T22:42:40.936+0000] {processor.py:161} INFO - Started process (PID=508) to work on /home/airflow/.local/lib/python3.8/site-packages/airflow/example_dags/example_nested_branch_dag.py
[2024-03-21T22:42:40.937+0000] {processor.py:830} INFO - Processing file /home/airflow/.local/lib/python3.8/site-packages/airflow/example_dags/example_nested_branch_dag.py for tasks to queue
[2024-03-21T22:42:40.938+0000] {logging_mixin.py:188} INFO - [2024-03-21T22:42:40.938+0000] {dagbag.py:540} INFO - Filling up the DagBag from /home/airflow/.local/lib/python3.8/site-packages/airflow/example_dags/example_nested_branch_dag.py
[2024-03-21T22:42:40.946+0000] {processor.py:840} INFO - DAG(s) 'example_nested_branch_dag' retrieved from /home/airflow/.local/lib/python3.8/site-packages/airflow/example_dags/example_nested_branch_dag.py
[2024-03-21T22:42:40.964+0000] {logging_mixin.py:188} INFO - [2024-03-21T22:42:40.964+0000] {dag.py:3047} INFO - Sync 1 DAGs
[2024-03-21T22:42:40.981+0000] {logging_mixin.py:188} INFO - [2024-03-21T22:42:40.981+0000] {dag.py:3834} INFO - Setting next_dagrun for example_nested_branch_dag to 2024-03-20 00:00:00+00:00, run_after=2024-03-21 00:00:00+00:00
[2024-03-21T22:42:40.995+0000] {processor.py:183} INFO - Processing /home/airflow/.local/lib/python3.8/site-packages/airflow/example_dags/example_nested_branch_dag.py took 0.062 seconds
[2024-03-21T22:43:11.447+0000] {processor.py:161} INFO - Started process (PID=563) to work on /home/airflow/.local/lib/python3.8/site-packages/airflow/example_dags/example_nested_branch_dag.py
[2024-03-21T22:43:11.448+0000] {processor.py:830} INFO - Processing file /home/airflow/.local/lib/python3.8/site-packages/airflow/example_dags/example_nested_branch_dag.py for tasks to queue
[2024-03-21T22:43:11.450+0000] {logging_mixin.py:188} INFO - [2024-03-21T22:43:11.450+0000] {dagbag.py:540} INFO - Filling up the DagBag from /home/airflow/.local/lib/python3.8/site-packages/airflow/example_dags/example_nested_branch_dag.py
[2024-03-21T22:43:11.461+0000] {processor.py:840} INFO - DAG(s) 'example_nested_branch_dag' retrieved from /home/airflow/.local/lib/python3.8/site-packages/airflow/example_dags/example_nested_branch_dag.py
[2024-03-21T22:43:11.480+0000] {logging_mixin.py:188} INFO - [2024-03-21T22:43:11.480+0000] {dag.py:3047} INFO - Sync 1 DAGs
[2024-03-21T22:43:11.502+0000] {logging_mixin.py:188} INFO - [2024-03-21T22:43:11.501+0000] {dag.py:3834} INFO - Setting next_dagrun for example_nested_branch_dag to 2024-03-20 00:00:00+00:00, run_after=2024-03-21 00:00:00+00:00
[2024-03-21T22:43:11.518+0000] {processor.py:183} INFO - Processing /home/airflow/.local/lib/python3.8/site-packages/airflow/example_dags/example_nested_branch_dag.py took 0.073 seconds
[2024-03-21T22:43:41.867+0000] {processor.py:161} INFO - Started process (PID=618) to work on /home/airflow/.local/lib/python3.8/site-packages/airflow/example_dags/example_nested_branch_dag.py
[2024-03-21T22:43:41.868+0000] {processor.py:830} INFO - Processing file /home/airflow/.local/lib/python3.8/site-packages/airflow/example_dags/example_nested_branch_dag.py for tasks to queue
[2024-03-21T22:43:41.870+0000] {logging_mixin.py:188} INFO - [2024-03-21T22:43:41.870+0000] {dagbag.py:540} INFO - Filling up the DagBag from /home/airflow/.local/lib/python3.8/site-packages/airflow/example_dags/example_nested_branch_dag.py
[2024-03-21T22:43:41.878+0000] {processor.py:840} INFO - DAG(s) 'example_nested_branch_dag' retrieved from /home/airflow/.local/lib/python3.8/site-packages/airflow/example_dags/example_nested_branch_dag.py
[2024-03-21T22:43:41.898+0000] {logging_mixin.py:188} INFO - [2024-03-21T22:43:41.897+0000] {dag.py:3047} INFO - Sync 1 DAGs
[2024-03-21T22:43:41.921+0000] {logging_mixin.py:188} INFO - [2024-03-21T22:43:41.920+0000] {dag.py:3834} INFO - Setting next_dagrun for example_nested_branch_dag to 2024-03-20 00:00:00+00:00, run_after=2024-03-21 00:00:00+00:00
[2024-03-21T22:43:41.940+0000] {processor.py:183} INFO - Processing /home/airflow/.local/lib/python3.8/site-packages/airflow/example_dags/example_nested_branch_dag.py took 0.076 seconds
