[2024-03-21T22:38:36.201+0000] {processor.py:161} INFO - Started process (PID=52) to work on /home/airflow/.local/lib/python3.8/site-packages/airflow/example_dags/example_complex.py
[2024-03-21T22:38:36.247+0000] {processor.py:830} INFO - Processing file /home/airflow/.local/lib/python3.8/site-packages/airflow/example_dags/example_complex.py for tasks to queue
[2024-03-21T22:38:36.256+0000] {logging_mixin.py:188} INFO - [2024-03-21T22:38:36.255+0000] {dagbag.py:540} INFO - Filling up the DagBag from /home/airflow/.local/lib/python3.8/site-packages/airflow/example_dags/example_complex.py
[2024-03-21T22:38:36.275+0000] {processor.py:840} INFO - DAG(s) 'example_complex' retrieved from /home/airflow/.local/lib/python3.8/site-packages/airflow/example_dags/example_complex.py
[2024-03-21T22:38:36.388+0000] {logging_mixin.py:188} INFO - [2024-03-21T22:38:36.388+0000] {dag.py:3047} INFO - Sync 1 DAGs
[2024-03-21T22:38:36.416+0000] {logging_mixin.py:188} INFO - [2024-03-21T22:38:36.416+0000] {dag.py:3834} INFO - Setting next_dagrun for example_complex to None, run_after=None
[2024-03-21T22:38:36.449+0000] {processor.py:183} INFO - Processing /home/airflow/.local/lib/python3.8/site-packages/airflow/example_dags/example_complex.py took 0.341 seconds
[2024-03-21T22:39:06.888+0000] {processor.py:161} INFO - Started process (PID=107) to work on /home/airflow/.local/lib/python3.8/site-packages/airflow/example_dags/example_complex.py
[2024-03-21T22:39:06.889+0000] {processor.py:830} INFO - Processing file /home/airflow/.local/lib/python3.8/site-packages/airflow/example_dags/example_complex.py for tasks to queue
[2024-03-21T22:39:06.890+0000] {logging_mixin.py:188} INFO - [2024-03-21T22:39:06.890+0000] {dagbag.py:540} INFO - Filling up the DagBag from /home/airflow/.local/lib/python3.8/site-packages/airflow/example_dags/example_complex.py
[2024-03-21T22:39:06.900+0000] {processor.py:840} INFO - DAG(s) 'example_complex' retrieved from /home/airflow/.local/lib/python3.8/site-packages/airflow/example_dags/example_complex.py
[2024-03-21T22:39:06.985+0000] {logging_mixin.py:188} INFO - [2024-03-21T22:39:06.984+0000] {dag.py:3047} INFO - Sync 1 DAGs
[2024-03-21T22:39:06.993+0000] {logging_mixin.py:188} INFO - [2024-03-21T22:39:06.993+0000] {dag.py:3834} INFO - Setting next_dagrun for example_complex to None, run_after=None
[2024-03-21T22:39:07.010+0000] {processor.py:183} INFO - Processing /home/airflow/.local/lib/python3.8/site-packages/airflow/example_dags/example_complex.py took 0.124 seconds
[2024-03-21T22:39:37.823+0000] {processor.py:161} INFO - Started process (PID=162) to work on /home/airflow/.local/lib/python3.8/site-packages/airflow/example_dags/example_complex.py
[2024-03-21T22:39:37.823+0000] {processor.py:830} INFO - Processing file /home/airflow/.local/lib/python3.8/site-packages/airflow/example_dags/example_complex.py for tasks to queue
[2024-03-21T22:39:37.825+0000] {logging_mixin.py:188} INFO - [2024-03-21T22:39:37.825+0000] {dagbag.py:540} INFO - Filling up the DagBag from /home/airflow/.local/lib/python3.8/site-packages/airflow/example_dags/example_complex.py
[2024-03-21T22:39:37.834+0000] {processor.py:840} INFO - DAG(s) 'example_complex' retrieved from /home/airflow/.local/lib/python3.8/site-packages/airflow/example_dags/example_complex.py
[2024-03-21T22:39:37.855+0000] {logging_mixin.py:188} INFO - [2024-03-21T22:39:37.855+0000] {dag.py:3047} INFO - Sync 1 DAGs
[2024-03-21T22:39:37.864+0000] {logging_mixin.py:188} INFO - [2024-03-21T22:39:37.863+0000] {dag.py:3834} INFO - Setting next_dagrun for example_complex to None, run_after=None
[2024-03-21T22:39:37.880+0000] {processor.py:183} INFO - Processing /home/airflow/.local/lib/python3.8/site-packages/airflow/example_dags/example_complex.py took 0.060 seconds
[2024-03-21T22:40:08.238+0000] {processor.py:161} INFO - Started process (PID=217) to work on /home/airflow/.local/lib/python3.8/site-packages/airflow/example_dags/example_complex.py
[2024-03-21T22:40:08.239+0000] {processor.py:830} INFO - Processing file /home/airflow/.local/lib/python3.8/site-packages/airflow/example_dags/example_complex.py for tasks to queue
[2024-03-21T22:40:08.240+0000] {logging_mixin.py:188} INFO - [2024-03-21T22:40:08.240+0000] {dagbag.py:540} INFO - Filling up the DagBag from /home/airflow/.local/lib/python3.8/site-packages/airflow/example_dags/example_complex.py
[2024-03-21T22:40:08.250+0000] {processor.py:840} INFO - DAG(s) 'example_complex' retrieved from /home/airflow/.local/lib/python3.8/site-packages/airflow/example_dags/example_complex.py
[2024-03-21T22:40:08.273+0000] {logging_mixin.py:188} INFO - [2024-03-21T22:40:08.273+0000] {dag.py:3047} INFO - Sync 1 DAGs
[2024-03-21T22:40:08.282+0000] {logging_mixin.py:188} INFO - [2024-03-21T22:40:08.282+0000] {dag.py:3834} INFO - Setting next_dagrun for example_complex to None, run_after=None
[2024-03-21T22:40:08.312+0000] {processor.py:183} INFO - Processing /home/airflow/.local/lib/python3.8/site-packages/airflow/example_dags/example_complex.py took 0.077 seconds
[2024-03-21T22:40:38.651+0000] {processor.py:161} INFO - Started process (PID=272) to work on /home/airflow/.local/lib/python3.8/site-packages/airflow/example_dags/example_complex.py
[2024-03-21T22:40:38.652+0000] {processor.py:830} INFO - Processing file /home/airflow/.local/lib/python3.8/site-packages/airflow/example_dags/example_complex.py for tasks to queue
[2024-03-21T22:40:38.654+0000] {logging_mixin.py:188} INFO - [2024-03-21T22:40:38.653+0000] {dagbag.py:540} INFO - Filling up the DagBag from /home/airflow/.local/lib/python3.8/site-packages/airflow/example_dags/example_complex.py
[2024-03-21T22:40:38.662+0000] {processor.py:840} INFO - DAG(s) 'example_complex' retrieved from /home/airflow/.local/lib/python3.8/site-packages/airflow/example_dags/example_complex.py
[2024-03-21T22:40:38.684+0000] {logging_mixin.py:188} INFO - [2024-03-21T22:40:38.684+0000] {dag.py:3047} INFO - Sync 1 DAGs
[2024-03-21T22:40:38.694+0000] {logging_mixin.py:188} INFO - [2024-03-21T22:40:38.693+0000] {dag.py:3834} INFO - Setting next_dagrun for example_complex to None, run_after=None
[2024-03-21T22:40:38.706+0000] {processor.py:183} INFO - Processing /home/airflow/.local/lib/python3.8/site-packages/airflow/example_dags/example_complex.py took 0.058 seconds
[2024-03-21T22:41:09.234+0000] {processor.py:161} INFO - Started process (PID=327) to work on /home/airflow/.local/lib/python3.8/site-packages/airflow/example_dags/example_complex.py
[2024-03-21T22:41:09.235+0000] {processor.py:830} INFO - Processing file /home/airflow/.local/lib/python3.8/site-packages/airflow/example_dags/example_complex.py for tasks to queue
[2024-03-21T22:41:09.237+0000] {logging_mixin.py:188} INFO - [2024-03-21T22:41:09.237+0000] {dagbag.py:540} INFO - Filling up the DagBag from /home/airflow/.local/lib/python3.8/site-packages/airflow/example_dags/example_complex.py
[2024-03-21T22:41:09.245+0000] {processor.py:840} INFO - DAG(s) 'example_complex' retrieved from /home/airflow/.local/lib/python3.8/site-packages/airflow/example_dags/example_complex.py
[2024-03-21T22:41:09.270+0000] {logging_mixin.py:188} INFO - [2024-03-21T22:41:09.270+0000] {dag.py:3047} INFO - Sync 1 DAGs
[2024-03-21T22:41:09.280+0000] {logging_mixin.py:188} INFO - [2024-03-21T22:41:09.280+0000] {dag.py:3834} INFO - Setting next_dagrun for example_complex to None, run_after=None
[2024-03-21T22:41:09.292+0000] {processor.py:183} INFO - Processing /home/airflow/.local/lib/python3.8/site-packages/airflow/example_dags/example_complex.py took 0.061 seconds
[2024-03-21T22:41:39.506+0000] {processor.py:161} INFO - Started process (PID=382) to work on /home/airflow/.local/lib/python3.8/site-packages/airflow/example_dags/example_complex.py
[2024-03-21T22:41:39.507+0000] {processor.py:830} INFO - Processing file /home/airflow/.local/lib/python3.8/site-packages/airflow/example_dags/example_complex.py for tasks to queue
[2024-03-21T22:41:39.508+0000] {logging_mixin.py:188} INFO - [2024-03-21T22:41:39.508+0000] {dagbag.py:540} INFO - Filling up the DagBag from /home/airflow/.local/lib/python3.8/site-packages/airflow/example_dags/example_complex.py
[2024-03-21T22:41:39.520+0000] {processor.py:840} INFO - DAG(s) 'example_complex' retrieved from /home/airflow/.local/lib/python3.8/site-packages/airflow/example_dags/example_complex.py
[2024-03-21T22:41:39.547+0000] {logging_mixin.py:188} INFO - [2024-03-21T22:41:39.547+0000] {dag.py:3047} INFO - Sync 1 DAGs
[2024-03-21T22:41:39.558+0000] {logging_mixin.py:188} INFO - [2024-03-21T22:41:39.558+0000] {dag.py:3834} INFO - Setting next_dagrun for example_complex to None, run_after=None
[2024-03-21T22:41:39.576+0000] {processor.py:183} INFO - Processing /home/airflow/.local/lib/python3.8/site-packages/airflow/example_dags/example_complex.py took 0.073 seconds
[2024-03-21T22:42:09.758+0000] {processor.py:161} INFO - Started process (PID=437) to work on /home/airflow/.local/lib/python3.8/site-packages/airflow/example_dags/example_complex.py
[2024-03-21T22:42:09.759+0000] {processor.py:830} INFO - Processing file /home/airflow/.local/lib/python3.8/site-packages/airflow/example_dags/example_complex.py for tasks to queue
[2024-03-21T22:42:09.761+0000] {logging_mixin.py:188} INFO - [2024-03-21T22:42:09.760+0000] {dagbag.py:540} INFO - Filling up the DagBag from /home/airflow/.local/lib/python3.8/site-packages/airflow/example_dags/example_complex.py
[2024-03-21T22:42:09.769+0000] {processor.py:840} INFO - DAG(s) 'example_complex' retrieved from /home/airflow/.local/lib/python3.8/site-packages/airflow/example_dags/example_complex.py
[2024-03-21T22:42:09.792+0000] {logging_mixin.py:188} INFO - [2024-03-21T22:42:09.792+0000] {dag.py:3047} INFO - Sync 1 DAGs
[2024-03-21T22:42:09.801+0000] {logging_mixin.py:188} INFO - [2024-03-21T22:42:09.801+0000] {dag.py:3834} INFO - Setting next_dagrun for example_complex to None, run_after=None
[2024-03-21T22:42:09.822+0000] {processor.py:183} INFO - Processing /home/airflow/.local/lib/python3.8/site-packages/airflow/example_dags/example_complex.py took 0.066 seconds
[2024-03-21T22:42:40.310+0000] {processor.py:161} INFO - Started process (PID=492) to work on /home/airflow/.local/lib/python3.8/site-packages/airflow/example_dags/example_complex.py
[2024-03-21T22:42:40.311+0000] {processor.py:830} INFO - Processing file /home/airflow/.local/lib/python3.8/site-packages/airflow/example_dags/example_complex.py for tasks to queue
[2024-03-21T22:42:40.312+0000] {logging_mixin.py:188} INFO - [2024-03-21T22:42:40.312+0000] {dagbag.py:540} INFO - Filling up the DagBag from /home/airflow/.local/lib/python3.8/site-packages/airflow/example_dags/example_complex.py
[2024-03-21T22:42:40.323+0000] {processor.py:840} INFO - DAG(s) 'example_complex' retrieved from /home/airflow/.local/lib/python3.8/site-packages/airflow/example_dags/example_complex.py
[2024-03-21T22:42:40.347+0000] {logging_mixin.py:188} INFO - [2024-03-21T22:42:40.347+0000] {dag.py:3047} INFO - Sync 1 DAGs
[2024-03-21T22:42:40.356+0000] {logging_mixin.py:188} INFO - [2024-03-21T22:42:40.355+0000] {dag.py:3834} INFO - Setting next_dagrun for example_complex to None, run_after=None
[2024-03-21T22:42:40.369+0000] {processor.py:183} INFO - Processing /home/airflow/.local/lib/python3.8/site-packages/airflow/example_dags/example_complex.py took 0.063 seconds
[2024-03-21T22:43:10.765+0000] {processor.py:161} INFO - Started process (PID=547) to work on /home/airflow/.local/lib/python3.8/site-packages/airflow/example_dags/example_complex.py
[2024-03-21T22:43:10.767+0000] {processor.py:830} INFO - Processing file /home/airflow/.local/lib/python3.8/site-packages/airflow/example_dags/example_complex.py for tasks to queue
[2024-03-21T22:43:10.769+0000] {logging_mixin.py:188} INFO - [2024-03-21T22:43:10.769+0000] {dagbag.py:540} INFO - Filling up the DagBag from /home/airflow/.local/lib/python3.8/site-packages/airflow/example_dags/example_complex.py
[2024-03-21T22:43:10.779+0000] {processor.py:840} INFO - DAG(s) 'example_complex' retrieved from /home/airflow/.local/lib/python3.8/site-packages/airflow/example_dags/example_complex.py
[2024-03-21T22:43:10.803+0000] {logging_mixin.py:188} INFO - [2024-03-21T22:43:10.803+0000] {dag.py:3047} INFO - Sync 1 DAGs
[2024-03-21T22:43:10.813+0000] {logging_mixin.py:188} INFO - [2024-03-21T22:43:10.813+0000] {dag.py:3834} INFO - Setting next_dagrun for example_complex to None, run_after=None
[2024-03-21T22:43:10.827+0000] {processor.py:183} INFO - Processing /home/airflow/.local/lib/python3.8/site-packages/airflow/example_dags/example_complex.py took 0.069 seconds
[2024-03-21T22:43:41.127+0000] {processor.py:161} INFO - Started process (PID=602) to work on /home/airflow/.local/lib/python3.8/site-packages/airflow/example_dags/example_complex.py
[2024-03-21T22:43:41.128+0000] {processor.py:830} INFO - Processing file /home/airflow/.local/lib/python3.8/site-packages/airflow/example_dags/example_complex.py for tasks to queue
[2024-03-21T22:43:41.130+0000] {logging_mixin.py:188} INFO - [2024-03-21T22:43:41.129+0000] {dagbag.py:540} INFO - Filling up the DagBag from /home/airflow/.local/lib/python3.8/site-packages/airflow/example_dags/example_complex.py
[2024-03-21T22:43:41.140+0000] {processor.py:840} INFO - DAG(s) 'example_complex' retrieved from /home/airflow/.local/lib/python3.8/site-packages/airflow/example_dags/example_complex.py
[2024-03-21T22:43:41.168+0000] {logging_mixin.py:188} INFO - [2024-03-21T22:43:41.167+0000] {dag.py:3047} INFO - Sync 1 DAGs
[2024-03-21T22:43:41.178+0000] {logging_mixin.py:188} INFO - [2024-03-21T22:43:41.178+0000] {dag.py:3834} INFO - Setting next_dagrun for example_complex to None, run_after=None
[2024-03-21T22:43:41.198+0000] {processor.py:183} INFO - Processing /home/airflow/.local/lib/python3.8/site-packages/airflow/example_dags/example_complex.py took 0.074 seconds
