[2024-03-21T22:38:39.299+0000] {processor.py:161} INFO - Started process (PID=80) to work on /home/airflow/.local/lib/python3.8/site-packages/airflow/example_dags/example_subdag_operator.py
[2024-03-21T22:38:39.301+0000] {processor.py:830} INFO - Processing file /home/airflow/.local/lib/python3.8/site-packages/airflow/example_dags/example_subdag_operator.py for tasks to queue
[2024-03-21T22:38:39.307+0000] {logging_mixin.py:188} INFO - [2024-03-21T22:38:39.306+0000] {dagbag.py:540} INFO - Filling up the DagBag from /home/airflow/.local/lib/python3.8/site-packages/airflow/example_dags/example_subdag_operator.py
[2024-03-21T22:38:39.371+0000] {processor.py:840} INFO - DAG(s) 'example_subdag_operator.section-1', 'example_subdag_operator.section-2', 'example_subdag_operator' retrieved from /home/airflow/.local/lib/python3.8/site-packages/airflow/example_dags/example_subdag_operator.py
[2024-03-21T22:38:39.375+0000] {logging_mixin.py:188} INFO - [2024-03-21T22:38:39.374+0000] {dag.py:3047} INFO - Sync 3 DAGs
[2024-03-21T22:38:39.407+0000] {logging_mixin.py:188} INFO - [2024-03-21T22:38:39.406+0000] {dag.py:3834} INFO - Setting next_dagrun for example_subdag_operator to 2022-01-01 00:00:00+00:00, run_after=2022-01-01 00:00:00+00:00
[2024-03-21T22:38:39.411+0000] {logging_mixin.py:188} INFO - [2024-03-21T22:38:39.411+0000] {dag.py:3834} INFO - Setting next_dagrun for example_subdag_operator.section-1 to None, run_after=None
[2024-03-21T22:38:39.414+0000] {logging_mixin.py:188} INFO - [2024-03-21T22:38:39.413+0000] {dag.py:3834} INFO - Setting next_dagrun for example_subdag_operator.section-2 to None, run_after=None
[2024-03-21T22:38:39.432+0000] {logging_mixin.py:188} INFO - [2024-03-21T22:38:39.432+0000] {dag.py:3047} INFO - Sync 2 DAGs
[2024-03-21T22:38:39.438+0000] {logging_mixin.py:188} INFO - [2024-03-21T22:38:39.438+0000] {dag.py:3834} INFO - Setting next_dagrun for example_subdag_operator.section-1 to None, run_after=None
[2024-03-21T22:38:39.439+0000] {logging_mixin.py:188} INFO - [2024-03-21T22:38:39.438+0000] {dag.py:3834} INFO - Setting next_dagrun for example_subdag_operator.section-2 to None, run_after=None
[2024-03-21T22:38:39.456+0000] {processor.py:183} INFO - Processing /home/airflow/.local/lib/python3.8/site-packages/airflow/example_dags/example_subdag_operator.py took 0.164 seconds
[2024-03-21T22:39:09.719+0000] {processor.py:161} INFO - Started process (PID=135) to work on /home/airflow/.local/lib/python3.8/site-packages/airflow/example_dags/example_subdag_operator.py
[2024-03-21T22:39:09.720+0000] {processor.py:830} INFO - Processing file /home/airflow/.local/lib/python3.8/site-packages/airflow/example_dags/example_subdag_operator.py for tasks to queue
[2024-03-21T22:39:09.722+0000] {logging_mixin.py:188} INFO - [2024-03-21T22:39:09.722+0000] {dagbag.py:540} INFO - Filling up the DagBag from /home/airflow/.local/lib/python3.8/site-packages/airflow/example_dags/example_subdag_operator.py
[2024-03-21T22:39:09.743+0000] {processor.py:840} INFO - DAG(s) 'example_subdag_operator.section-1', 'example_subdag_operator.section-2', 'example_subdag_operator' retrieved from /home/airflow/.local/lib/python3.8/site-packages/airflow/example_dags/example_subdag_operator.py
[2024-03-21T22:39:09.815+0000] {logging_mixin.py:188} INFO - [2024-03-21T22:39:09.815+0000] {dag.py:3047} INFO - Sync 3 DAGs
[2024-03-21T22:39:09.832+0000] {logging_mixin.py:188} INFO - [2024-03-21T22:39:09.832+0000] {dag.py:3834} INFO - Setting next_dagrun for example_subdag_operator to 2022-01-01 00:00:00+00:00, run_after=2022-01-01 00:00:00+00:00
[2024-03-21T22:39:09.835+0000] {logging_mixin.py:188} INFO - [2024-03-21T22:39:09.834+0000] {dag.py:3834} INFO - Setting next_dagrun for example_subdag_operator.section-1 to None, run_after=None
[2024-03-21T22:39:09.836+0000] {logging_mixin.py:188} INFO - [2024-03-21T22:39:09.836+0000] {dag.py:3834} INFO - Setting next_dagrun for example_subdag_operator.section-2 to None, run_after=None
[2024-03-21T22:39:09.844+0000] {logging_mixin.py:188} INFO - [2024-03-21T22:39:09.844+0000] {dag.py:3047} INFO - Sync 2 DAGs
[2024-03-21T22:39:09.849+0000] {logging_mixin.py:188} INFO - [2024-03-21T22:39:09.849+0000] {dag.py:3834} INFO - Setting next_dagrun for example_subdag_operator.section-1 to None, run_after=None
[2024-03-21T22:39:09.850+0000] {logging_mixin.py:188} INFO - [2024-03-21T22:39:09.850+0000] {dag.py:3834} INFO - Setting next_dagrun for example_subdag_operator.section-2 to None, run_after=None
[2024-03-21T22:39:09.860+0000] {processor.py:183} INFO - Processing /home/airflow/.local/lib/python3.8/site-packages/airflow/example_dags/example_subdag_operator.py took 0.144 seconds
[2024-03-21T22:39:40.171+0000] {processor.py:161} INFO - Started process (PID=190) to work on /home/airflow/.local/lib/python3.8/site-packages/airflow/example_dags/example_subdag_operator.py
[2024-03-21T22:39:40.172+0000] {processor.py:830} INFO - Processing file /home/airflow/.local/lib/python3.8/site-packages/airflow/example_dags/example_subdag_operator.py for tasks to queue
[2024-03-21T22:39:40.174+0000] {logging_mixin.py:188} INFO - [2024-03-21T22:39:40.174+0000] {dagbag.py:540} INFO - Filling up the DagBag from /home/airflow/.local/lib/python3.8/site-packages/airflow/example_dags/example_subdag_operator.py
[2024-03-21T22:39:40.196+0000] {processor.py:840} INFO - DAG(s) 'example_subdag_operator.section-1', 'example_subdag_operator.section-2', 'example_subdag_operator' retrieved from /home/airflow/.local/lib/python3.8/site-packages/airflow/example_dags/example_subdag_operator.py
[2024-03-21T22:39:40.208+0000] {logging_mixin.py:188} INFO - [2024-03-21T22:39:40.208+0000] {dag.py:3047} INFO - Sync 3 DAGs
[2024-03-21T22:39:40.225+0000] {logging_mixin.py:188} INFO - [2024-03-21T22:39:40.225+0000] {dag.py:3834} INFO - Setting next_dagrun for example_subdag_operator to 2022-01-01 00:00:00+00:00, run_after=2022-01-01 00:00:00+00:00
[2024-03-21T22:39:40.229+0000] {logging_mixin.py:188} INFO - [2024-03-21T22:39:40.228+0000] {dag.py:3834} INFO - Setting next_dagrun for example_subdag_operator.section-1 to None, run_after=None
[2024-03-21T22:39:40.230+0000] {logging_mixin.py:188} INFO - [2024-03-21T22:39:40.230+0000] {dag.py:3834} INFO - Setting next_dagrun for example_subdag_operator.section-2 to None, run_after=None
[2024-03-21T22:39:40.236+0000] {logging_mixin.py:188} INFO - [2024-03-21T22:39:40.236+0000] {dag.py:3047} INFO - Sync 2 DAGs
[2024-03-21T22:39:40.239+0000] {logging_mixin.py:188} INFO - [2024-03-21T22:39:40.239+0000] {dag.py:3834} INFO - Setting next_dagrun for example_subdag_operator.section-1 to None, run_after=None
[2024-03-21T22:39:40.240+0000] {logging_mixin.py:188} INFO - [2024-03-21T22:39:40.240+0000] {dag.py:3834} INFO - Setting next_dagrun for example_subdag_operator.section-2 to None, run_after=None
[2024-03-21T22:39:40.250+0000] {processor.py:183} INFO - Processing /home/airflow/.local/lib/python3.8/site-packages/airflow/example_dags/example_subdag_operator.py took 0.082 seconds
[2024-03-21T22:40:10.619+0000] {processor.py:161} INFO - Started process (PID=245) to work on /home/airflow/.local/lib/python3.8/site-packages/airflow/example_dags/example_subdag_operator.py
[2024-03-21T22:40:10.620+0000] {processor.py:830} INFO - Processing file /home/airflow/.local/lib/python3.8/site-packages/airflow/example_dags/example_subdag_operator.py for tasks to queue
[2024-03-21T22:40:10.622+0000] {logging_mixin.py:188} INFO - [2024-03-21T22:40:10.621+0000] {dagbag.py:540} INFO - Filling up the DagBag from /home/airflow/.local/lib/python3.8/site-packages/airflow/example_dags/example_subdag_operator.py
[2024-03-21T22:40:10.641+0000] {processor.py:840} INFO - DAG(s) 'example_subdag_operator.section-1', 'example_subdag_operator.section-2', 'example_subdag_operator' retrieved from /home/airflow/.local/lib/python3.8/site-packages/airflow/example_dags/example_subdag_operator.py
[2024-03-21T22:40:10.654+0000] {logging_mixin.py:188} INFO - [2024-03-21T22:40:10.654+0000] {dag.py:3047} INFO - Sync 3 DAGs
[2024-03-21T22:40:10.670+0000] {logging_mixin.py:188} INFO - [2024-03-21T22:40:10.670+0000] {dag.py:3834} INFO - Setting next_dagrun for example_subdag_operator to 2022-01-01 00:00:00+00:00, run_after=2022-01-01 00:00:00+00:00
[2024-03-21T22:40:10.673+0000] {logging_mixin.py:188} INFO - [2024-03-21T22:40:10.673+0000] {dag.py:3834} INFO - Setting next_dagrun for example_subdag_operator.section-1 to None, run_after=None
[2024-03-21T22:40:10.674+0000] {logging_mixin.py:188} INFO - [2024-03-21T22:40:10.674+0000] {dag.py:3834} INFO - Setting next_dagrun for example_subdag_operator.section-2 to None, run_after=None
[2024-03-21T22:40:10.680+0000] {logging_mixin.py:188} INFO - [2024-03-21T22:40:10.680+0000] {dag.py:3047} INFO - Sync 2 DAGs
[2024-03-21T22:40:10.684+0000] {logging_mixin.py:188} INFO - [2024-03-21T22:40:10.684+0000] {dag.py:3834} INFO - Setting next_dagrun for example_subdag_operator.section-1 to None, run_after=None
[2024-03-21T22:40:10.685+0000] {logging_mixin.py:188} INFO - [2024-03-21T22:40:10.685+0000] {dag.py:3834} INFO - Setting next_dagrun for example_subdag_operator.section-2 to None, run_after=None
[2024-03-21T22:40:10.695+0000] {processor.py:183} INFO - Processing /home/airflow/.local/lib/python3.8/site-packages/airflow/example_dags/example_subdag_operator.py took 0.079 seconds
[2024-03-21T22:40:41.202+0000] {processor.py:161} INFO - Started process (PID=300) to work on /home/airflow/.local/lib/python3.8/site-packages/airflow/example_dags/example_subdag_operator.py
[2024-03-21T22:40:41.203+0000] {processor.py:830} INFO - Processing file /home/airflow/.local/lib/python3.8/site-packages/airflow/example_dags/example_subdag_operator.py for tasks to queue
[2024-03-21T22:40:41.205+0000] {logging_mixin.py:188} INFO - [2024-03-21T22:40:41.204+0000] {dagbag.py:540} INFO - Filling up the DagBag from /home/airflow/.local/lib/python3.8/site-packages/airflow/example_dags/example_subdag_operator.py
[2024-03-21T22:40:41.223+0000] {processor.py:840} INFO - DAG(s) 'example_subdag_operator.section-1', 'example_subdag_operator.section-2', 'example_subdag_operator' retrieved from /home/airflow/.local/lib/python3.8/site-packages/airflow/example_dags/example_subdag_operator.py
[2024-03-21T22:40:41.234+0000] {logging_mixin.py:188} INFO - [2024-03-21T22:40:41.234+0000] {dag.py:3047} INFO - Sync 3 DAGs
[2024-03-21T22:40:41.252+0000] {logging_mixin.py:188} INFO - [2024-03-21T22:40:41.252+0000] {dag.py:3834} INFO - Setting next_dagrun for example_subdag_operator to 2022-01-01 00:00:00+00:00, run_after=2022-01-01 00:00:00+00:00
[2024-03-21T22:40:41.254+0000] {logging_mixin.py:188} INFO - [2024-03-21T22:40:41.254+0000] {dag.py:3834} INFO - Setting next_dagrun for example_subdag_operator.section-1 to None, run_after=None
[2024-03-21T22:40:41.256+0000] {logging_mixin.py:188} INFO - [2024-03-21T22:40:41.256+0000] {dag.py:3834} INFO - Setting next_dagrun for example_subdag_operator.section-2 to None, run_after=None
[2024-03-21T22:40:41.261+0000] {logging_mixin.py:188} INFO - [2024-03-21T22:40:41.261+0000] {dag.py:3047} INFO - Sync 2 DAGs
[2024-03-21T22:40:41.265+0000] {logging_mixin.py:188} INFO - [2024-03-21T22:40:41.265+0000] {dag.py:3834} INFO - Setting next_dagrun for example_subdag_operator.section-1 to None, run_after=None
[2024-03-21T22:40:41.266+0000] {logging_mixin.py:188} INFO - [2024-03-21T22:40:41.266+0000] {dag.py:3834} INFO - Setting next_dagrun for example_subdag_operator.section-2 to None, run_after=None
[2024-03-21T22:40:41.275+0000] {processor.py:183} INFO - Processing /home/airflow/.local/lib/python3.8/site-packages/airflow/example_dags/example_subdag_operator.py took 0.076 seconds
[2024-03-21T22:41:11.423+0000] {processor.py:161} INFO - Started process (PID=355) to work on /home/airflow/.local/lib/python3.8/site-packages/airflow/example_dags/example_subdag_operator.py
[2024-03-21T22:41:11.424+0000] {processor.py:830} INFO - Processing file /home/airflow/.local/lib/python3.8/site-packages/airflow/example_dags/example_subdag_operator.py for tasks to queue
[2024-03-21T22:41:11.426+0000] {logging_mixin.py:188} INFO - [2024-03-21T22:41:11.425+0000] {dagbag.py:540} INFO - Filling up the DagBag from /home/airflow/.local/lib/python3.8/site-packages/airflow/example_dags/example_subdag_operator.py
[2024-03-21T22:41:11.445+0000] {processor.py:840} INFO - DAG(s) 'example_subdag_operator.section-1', 'example_subdag_operator.section-2', 'example_subdag_operator' retrieved from /home/airflow/.local/lib/python3.8/site-packages/airflow/example_dags/example_subdag_operator.py
[2024-03-21T22:41:11.458+0000] {logging_mixin.py:188} INFO - [2024-03-21T22:41:11.458+0000] {dag.py:3047} INFO - Sync 3 DAGs
[2024-03-21T22:41:11.473+0000] {logging_mixin.py:188} INFO - [2024-03-21T22:41:11.473+0000] {dag.py:3834} INFO - Setting next_dagrun for example_subdag_operator to 2022-01-01 00:00:00+00:00, run_after=2022-01-01 00:00:00+00:00
[2024-03-21T22:41:11.477+0000] {logging_mixin.py:188} INFO - [2024-03-21T22:41:11.476+0000] {dag.py:3834} INFO - Setting next_dagrun for example_subdag_operator.section-1 to None, run_after=None
[2024-03-21T22:41:11.478+0000] {logging_mixin.py:188} INFO - [2024-03-21T22:41:11.478+0000] {dag.py:3834} INFO - Setting next_dagrun for example_subdag_operator.section-2 to None, run_after=None
[2024-03-21T22:41:11.485+0000] {logging_mixin.py:188} INFO - [2024-03-21T22:41:11.485+0000] {dag.py:3047} INFO - Sync 2 DAGs
[2024-03-21T22:41:11.489+0000] {logging_mixin.py:188} INFO - [2024-03-21T22:41:11.489+0000] {dag.py:3834} INFO - Setting next_dagrun for example_subdag_operator.section-1 to None, run_after=None
[2024-03-21T22:41:11.490+0000] {logging_mixin.py:188} INFO - [2024-03-21T22:41:11.490+0000] {dag.py:3834} INFO - Setting next_dagrun for example_subdag_operator.section-2 to None, run_after=None
[2024-03-21T22:41:11.500+0000] {processor.py:183} INFO - Processing /home/airflow/.local/lib/python3.8/site-packages/airflow/example_dags/example_subdag_operator.py took 0.079 seconds
[2024-03-21T22:41:41.732+0000] {processor.py:161} INFO - Started process (PID=410) to work on /home/airflow/.local/lib/python3.8/site-packages/airflow/example_dags/example_subdag_operator.py
[2024-03-21T22:41:41.734+0000] {processor.py:830} INFO - Processing file /home/airflow/.local/lib/python3.8/site-packages/airflow/example_dags/example_subdag_operator.py for tasks to queue
[2024-03-21T22:41:41.737+0000] {logging_mixin.py:188} INFO - [2024-03-21T22:41:41.737+0000] {dagbag.py:540} INFO - Filling up the DagBag from /home/airflow/.local/lib/python3.8/site-packages/airflow/example_dags/example_subdag_operator.py
[2024-03-21T22:41:41.763+0000] {processor.py:840} INFO - DAG(s) 'example_subdag_operator.section-1', 'example_subdag_operator.section-2', 'example_subdag_operator' retrieved from /home/airflow/.local/lib/python3.8/site-packages/airflow/example_dags/example_subdag_operator.py
[2024-03-21T22:41:41.775+0000] {logging_mixin.py:188} INFO - [2024-03-21T22:41:41.775+0000] {dag.py:3047} INFO - Sync 3 DAGs
[2024-03-21T22:41:41.791+0000] {logging_mixin.py:188} INFO - [2024-03-21T22:41:41.790+0000] {dag.py:3834} INFO - Setting next_dagrun for example_subdag_operator to 2022-01-01 00:00:00+00:00, run_after=2022-01-01 00:00:00+00:00
[2024-03-21T22:41:41.794+0000] {logging_mixin.py:188} INFO - [2024-03-21T22:41:41.793+0000] {dag.py:3834} INFO - Setting next_dagrun for example_subdag_operator.section-1 to None, run_after=None
[2024-03-21T22:41:41.795+0000] {logging_mixin.py:188} INFO - [2024-03-21T22:41:41.795+0000] {dag.py:3834} INFO - Setting next_dagrun for example_subdag_operator.section-2 to None, run_after=None
[2024-03-21T22:41:41.801+0000] {logging_mixin.py:188} INFO - [2024-03-21T22:41:41.800+0000] {dag.py:3047} INFO - Sync 2 DAGs
[2024-03-21T22:41:41.805+0000] {logging_mixin.py:188} INFO - [2024-03-21T22:41:41.805+0000] {dag.py:3834} INFO - Setting next_dagrun for example_subdag_operator.section-1 to None, run_after=None
[2024-03-21T22:41:41.806+0000] {logging_mixin.py:188} INFO - [2024-03-21T22:41:41.806+0000] {dag.py:3834} INFO - Setting next_dagrun for example_subdag_operator.section-2 to None, run_after=None
[2024-03-21T22:41:41.816+0000] {processor.py:183} INFO - Processing /home/airflow/.local/lib/python3.8/site-packages/airflow/example_dags/example_subdag_operator.py took 0.087 seconds
[2024-03-21T22:42:12.095+0000] {processor.py:161} INFO - Started process (PID=465) to work on /home/airflow/.local/lib/python3.8/site-packages/airflow/example_dags/example_subdag_operator.py
[2024-03-21T22:42:12.096+0000] {processor.py:830} INFO - Processing file /home/airflow/.local/lib/python3.8/site-packages/airflow/example_dags/example_subdag_operator.py for tasks to queue
[2024-03-21T22:42:12.098+0000] {logging_mixin.py:188} INFO - [2024-03-21T22:42:12.097+0000] {dagbag.py:540} INFO - Filling up the DagBag from /home/airflow/.local/lib/python3.8/site-packages/airflow/example_dags/example_subdag_operator.py
[2024-03-21T22:42:12.118+0000] {processor.py:840} INFO - DAG(s) 'example_subdag_operator.section-1', 'example_subdag_operator.section-2', 'example_subdag_operator' retrieved from /home/airflow/.local/lib/python3.8/site-packages/airflow/example_dags/example_subdag_operator.py
[2024-03-21T22:42:12.130+0000] {logging_mixin.py:188} INFO - [2024-03-21T22:42:12.130+0000] {dag.py:3047} INFO - Sync 3 DAGs
[2024-03-21T22:42:12.146+0000] {logging_mixin.py:188} INFO - [2024-03-21T22:42:12.145+0000] {dag.py:3834} INFO - Setting next_dagrun for example_subdag_operator to 2022-01-01 00:00:00+00:00, run_after=2022-01-01 00:00:00+00:00
[2024-03-21T22:42:12.149+0000] {logging_mixin.py:188} INFO - [2024-03-21T22:42:12.148+0000] {dag.py:3834} INFO - Setting next_dagrun for example_subdag_operator.section-1 to None, run_after=None
[2024-03-21T22:42:12.150+0000] {logging_mixin.py:188} INFO - [2024-03-21T22:42:12.150+0000] {dag.py:3834} INFO - Setting next_dagrun for example_subdag_operator.section-2 to None, run_after=None
[2024-03-21T22:42:12.155+0000] {logging_mixin.py:188} INFO - [2024-03-21T22:42:12.155+0000] {dag.py:3047} INFO - Sync 2 DAGs
[2024-03-21T22:42:12.159+0000] {logging_mixin.py:188} INFO - [2024-03-21T22:42:12.159+0000] {dag.py:3834} INFO - Setting next_dagrun for example_subdag_operator.section-1 to None, run_after=None
[2024-03-21T22:42:12.159+0000] {logging_mixin.py:188} INFO - [2024-03-21T22:42:12.159+0000] {dag.py:3834} INFO - Setting next_dagrun for example_subdag_operator.section-2 to None, run_after=None
[2024-03-21T22:42:12.168+0000] {processor.py:183} INFO - Processing /home/airflow/.local/lib/python3.8/site-packages/airflow/example_dags/example_subdag_operator.py took 0.075 seconds
[2024-03-21T22:42:42.495+0000] {processor.py:161} INFO - Started process (PID=520) to work on /home/airflow/.local/lib/python3.8/site-packages/airflow/example_dags/example_subdag_operator.py
[2024-03-21T22:42:42.496+0000] {processor.py:830} INFO - Processing file /home/airflow/.local/lib/python3.8/site-packages/airflow/example_dags/example_subdag_operator.py for tasks to queue
[2024-03-21T22:42:42.498+0000] {logging_mixin.py:188} INFO - [2024-03-21T22:42:42.497+0000] {dagbag.py:540} INFO - Filling up the DagBag from /home/airflow/.local/lib/python3.8/site-packages/airflow/example_dags/example_subdag_operator.py
[2024-03-21T22:42:42.514+0000] {processor.py:840} INFO - DAG(s) 'example_subdag_operator.section-1', 'example_subdag_operator.section-2', 'example_subdag_operator' retrieved from /home/airflow/.local/lib/python3.8/site-packages/airflow/example_dags/example_subdag_operator.py
[2024-03-21T22:42:42.527+0000] {logging_mixin.py:188} INFO - [2024-03-21T22:42:42.527+0000] {dag.py:3047} INFO - Sync 3 DAGs
[2024-03-21T22:42:42.545+0000] {logging_mixin.py:188} INFO - [2024-03-21T22:42:42.545+0000] {dag.py:3834} INFO - Setting next_dagrun for example_subdag_operator to 2022-01-01 00:00:00+00:00, run_after=2022-01-01 00:00:00+00:00
[2024-03-21T22:42:42.548+0000] {logging_mixin.py:188} INFO - [2024-03-21T22:42:42.548+0000] {dag.py:3834} INFO - Setting next_dagrun for example_subdag_operator.section-1 to None, run_after=None
[2024-03-21T22:42:42.549+0000] {logging_mixin.py:188} INFO - [2024-03-21T22:42:42.549+0000] {dag.py:3834} INFO - Setting next_dagrun for example_subdag_operator.section-2 to None, run_after=None
[2024-03-21T22:42:42.555+0000] {logging_mixin.py:188} INFO - [2024-03-21T22:42:42.555+0000] {dag.py:3047} INFO - Sync 2 DAGs
[2024-03-21T22:42:42.559+0000] {logging_mixin.py:188} INFO - [2024-03-21T22:42:42.559+0000] {dag.py:3834} INFO - Setting next_dagrun for example_subdag_operator.section-1 to None, run_after=None
[2024-03-21T22:42:42.559+0000] {logging_mixin.py:188} INFO - [2024-03-21T22:42:42.559+0000] {dag.py:3834} INFO - Setting next_dagrun for example_subdag_operator.section-2 to None, run_after=None
[2024-03-21T22:42:42.567+0000] {processor.py:183} INFO - Processing /home/airflow/.local/lib/python3.8/site-packages/airflow/example_dags/example_subdag_operator.py took 0.075 seconds
[2024-03-21T22:43:13.021+0000] {processor.py:161} INFO - Started process (PID=575) to work on /home/airflow/.local/lib/python3.8/site-packages/airflow/example_dags/example_subdag_operator.py
[2024-03-21T22:43:13.023+0000] {processor.py:830} INFO - Processing file /home/airflow/.local/lib/python3.8/site-packages/airflow/example_dags/example_subdag_operator.py for tasks to queue
[2024-03-21T22:43:13.025+0000] {logging_mixin.py:188} INFO - [2024-03-21T22:43:13.024+0000] {dagbag.py:540} INFO - Filling up the DagBag from /home/airflow/.local/lib/python3.8/site-packages/airflow/example_dags/example_subdag_operator.py
[2024-03-21T22:43:13.046+0000] {processor.py:840} INFO - DAG(s) 'example_subdag_operator.section-1', 'example_subdag_operator.section-2', 'example_subdag_operator' retrieved from /home/airflow/.local/lib/python3.8/site-packages/airflow/example_dags/example_subdag_operator.py
[2024-03-21T22:43:13.061+0000] {logging_mixin.py:188} INFO - [2024-03-21T22:43:13.060+0000] {dag.py:3047} INFO - Sync 3 DAGs
[2024-03-21T22:43:13.081+0000] {logging_mixin.py:188} INFO - [2024-03-21T22:43:13.081+0000] {dag.py:3834} INFO - Setting next_dagrun for example_subdag_operator to 2022-01-01 00:00:00+00:00, run_after=2022-01-01 00:00:00+00:00
[2024-03-21T22:43:13.084+0000] {logging_mixin.py:188} INFO - [2024-03-21T22:43:13.084+0000] {dag.py:3834} INFO - Setting next_dagrun for example_subdag_operator.section-1 to None, run_after=None
[2024-03-21T22:43:13.085+0000] {logging_mixin.py:188} INFO - [2024-03-21T22:43:13.085+0000] {dag.py:3834} INFO - Setting next_dagrun for example_subdag_operator.section-2 to None, run_after=None
[2024-03-21T22:43:13.091+0000] {logging_mixin.py:188} INFO - [2024-03-21T22:43:13.091+0000] {dag.py:3047} INFO - Sync 2 DAGs
[2024-03-21T22:43:13.095+0000] {logging_mixin.py:188} INFO - [2024-03-21T22:43:13.095+0000] {dag.py:3834} INFO - Setting next_dagrun for example_subdag_operator.section-1 to None, run_after=None
[2024-03-21T22:43:13.095+0000] {logging_mixin.py:188} INFO - [2024-03-21T22:43:13.095+0000] {dag.py:3834} INFO - Setting next_dagrun for example_subdag_operator.section-2 to None, run_after=None
[2024-03-21T22:43:13.104+0000] {processor.py:183} INFO - Processing /home/airflow/.local/lib/python3.8/site-packages/airflow/example_dags/example_subdag_operator.py took 0.087 seconds
[2024-03-21T22:43:43.560+0000] {processor.py:161} INFO - Started process (PID=630) to work on /home/airflow/.local/lib/python3.8/site-packages/airflow/example_dags/example_subdag_operator.py
[2024-03-21T22:43:43.561+0000] {processor.py:830} INFO - Processing file /home/airflow/.local/lib/python3.8/site-packages/airflow/example_dags/example_subdag_operator.py for tasks to queue
[2024-03-21T22:43:43.562+0000] {logging_mixin.py:188} INFO - [2024-03-21T22:43:43.562+0000] {dagbag.py:540} INFO - Filling up the DagBag from /home/airflow/.local/lib/python3.8/site-packages/airflow/example_dags/example_subdag_operator.py
[2024-03-21T22:43:43.586+0000] {processor.py:840} INFO - DAG(s) 'example_subdag_operator.section-1', 'example_subdag_operator.section-2', 'example_subdag_operator' retrieved from /home/airflow/.local/lib/python3.8/site-packages/airflow/example_dags/example_subdag_operator.py
[2024-03-21T22:43:43.601+0000] {logging_mixin.py:188} INFO - [2024-03-21T22:43:43.601+0000] {dag.py:3047} INFO - Sync 3 DAGs
[2024-03-21T22:43:43.620+0000] {logging_mixin.py:188} INFO - [2024-03-21T22:43:43.620+0000] {dag.py:3834} INFO - Setting next_dagrun for example_subdag_operator to 2022-01-01 00:00:00+00:00, run_after=2022-01-01 00:00:00+00:00
[2024-03-21T22:43:43.624+0000] {logging_mixin.py:188} INFO - [2024-03-21T22:43:43.624+0000] {dag.py:3834} INFO - Setting next_dagrun for example_subdag_operator.section-1 to None, run_after=None
[2024-03-21T22:43:43.625+0000] {logging_mixin.py:188} INFO - [2024-03-21T22:43:43.625+0000] {dag.py:3834} INFO - Setting next_dagrun for example_subdag_operator.section-2 to None, run_after=None
[2024-03-21T22:43:43.631+0000] {logging_mixin.py:188} INFO - [2024-03-21T22:43:43.631+0000] {dag.py:3047} INFO - Sync 2 DAGs
[2024-03-21T22:43:43.636+0000] {logging_mixin.py:188} INFO - [2024-03-21T22:43:43.636+0000] {dag.py:3834} INFO - Setting next_dagrun for example_subdag_operator.section-1 to None, run_after=None
[2024-03-21T22:43:43.636+0000] {logging_mixin.py:188} INFO - [2024-03-21T22:43:43.636+0000] {dag.py:3834} INFO - Setting next_dagrun for example_subdag_operator.section-2 to None, run_after=None
[2024-03-21T22:43:43.646+0000] {processor.py:183} INFO - Processing /home/airflow/.local/lib/python3.8/site-packages/airflow/example_dags/example_subdag_operator.py took 0.090 seconds
