[2024-03-21T22:38:36.481+0000] {processor.py:161} INFO - Started process (PID=54) to work on /home/airflow/.local/lib/python3.8/site-packages/airflow/example_dags/example_sensors.py
[2024-03-21T22:38:36.482+0000] {processor.py:830} INFO - Processing file /home/airflow/.local/lib/python3.8/site-packages/airflow/example_dags/example_sensors.py for tasks to queue
[2024-03-21T22:38:36.483+0000] {logging_mixin.py:188} INFO - [2024-03-21T22:38:36.483+0000] {dagbag.py:540} INFO - Filling up the DagBag from /home/airflow/.local/lib/python3.8/site-packages/airflow/example_dags/example_sensors.py
[2024-03-21T22:38:36.515+0000] {processor.py:840} INFO - DAG(s) 'example_sensors' retrieved from /home/airflow/.local/lib/python3.8/site-packages/airflow/example_dags/example_sensors.py
[2024-03-21T22:38:36.531+0000] {logging_mixin.py:188} INFO - [2024-03-21T22:38:36.530+0000] {dag.py:3047} INFO - Sync 1 DAGs
[2024-03-21T22:38:36.565+0000] {logging_mixin.py:188} INFO - [2024-03-21T22:38:36.565+0000] {dag.py:3834} INFO - Setting next_dagrun for example_sensors to None, run_after=None
[2024-03-21T22:38:36.600+0000] {processor.py:183} INFO - Processing /home/airflow/.local/lib/python3.8/site-packages/airflow/example_dags/example_sensors.py took 0.122 seconds
[2024-03-21T22:39:07.161+0000] {processor.py:161} INFO - Started process (PID=109) to work on /home/airflow/.local/lib/python3.8/site-packages/airflow/example_dags/example_sensors.py
[2024-03-21T22:39:07.162+0000] {processor.py:830} INFO - Processing file /home/airflow/.local/lib/python3.8/site-packages/airflow/example_dags/example_sensors.py for tasks to queue
[2024-03-21T22:39:07.163+0000] {logging_mixin.py:188} INFO - [2024-03-21T22:39:07.163+0000] {dagbag.py:540} INFO - Filling up the DagBag from /home/airflow/.local/lib/python3.8/site-packages/airflow/example_dags/example_sensors.py
[2024-03-21T22:39:07.173+0000] {processor.py:840} INFO - DAG(s) 'example_sensors' retrieved from /home/airflow/.local/lib/python3.8/site-packages/airflow/example_dags/example_sensors.py
[2024-03-21T22:39:07.250+0000] {logging_mixin.py:188} INFO - [2024-03-21T22:39:07.250+0000] {dag.py:3047} INFO - Sync 1 DAGs
[2024-03-21T22:39:07.257+0000] {logging_mixin.py:188} INFO - [2024-03-21T22:39:07.257+0000] {dag.py:3834} INFO - Setting next_dagrun for example_sensors to None, run_after=None
[2024-03-21T22:39:07.275+0000] {processor.py:183} INFO - Processing /home/airflow/.local/lib/python3.8/site-packages/airflow/example_dags/example_sensors.py took 0.117 seconds
[2024-03-21T22:39:37.907+0000] {processor.py:161} INFO - Started process (PID=164) to work on /home/airflow/.local/lib/python3.8/site-packages/airflow/example_dags/example_sensors.py
[2024-03-21T22:39:37.908+0000] {processor.py:830} INFO - Processing file /home/airflow/.local/lib/python3.8/site-packages/airflow/example_dags/example_sensors.py for tasks to queue
[2024-03-21T22:39:37.910+0000] {logging_mixin.py:188} INFO - [2024-03-21T22:39:37.910+0000] {dagbag.py:540} INFO - Filling up the DagBag from /home/airflow/.local/lib/python3.8/site-packages/airflow/example_dags/example_sensors.py
[2024-03-21T22:39:37.918+0000] {processor.py:840} INFO - DAG(s) 'example_sensors' retrieved from /home/airflow/.local/lib/python3.8/site-packages/airflow/example_dags/example_sensors.py
[2024-03-21T22:39:37.938+0000] {logging_mixin.py:188} INFO - [2024-03-21T22:39:37.937+0000] {dag.py:3047} INFO - Sync 1 DAGs
[2024-03-21T22:39:37.946+0000] {logging_mixin.py:188} INFO - [2024-03-21T22:39:37.946+0000] {dag.py:3834} INFO - Setting next_dagrun for example_sensors to None, run_after=None
[2024-03-21T22:39:37.961+0000] {processor.py:183} INFO - Processing /home/airflow/.local/lib/python3.8/site-packages/airflow/example_dags/example_sensors.py took 0.057 seconds
[2024-03-21T22:40:08.341+0000] {processor.py:161} INFO - Started process (PID=219) to work on /home/airflow/.local/lib/python3.8/site-packages/airflow/example_dags/example_sensors.py
[2024-03-21T22:40:08.342+0000] {processor.py:830} INFO - Processing file /home/airflow/.local/lib/python3.8/site-packages/airflow/example_dags/example_sensors.py for tasks to queue
[2024-03-21T22:40:08.344+0000] {logging_mixin.py:188} INFO - [2024-03-21T22:40:08.344+0000] {dagbag.py:540} INFO - Filling up the DagBag from /home/airflow/.local/lib/python3.8/site-packages/airflow/example_dags/example_sensors.py
[2024-03-21T22:40:08.354+0000] {processor.py:840} INFO - DAG(s) 'example_sensors' retrieved from /home/airflow/.local/lib/python3.8/site-packages/airflow/example_dags/example_sensors.py
[2024-03-21T22:40:08.376+0000] {logging_mixin.py:188} INFO - [2024-03-21T22:40:08.376+0000] {dag.py:3047} INFO - Sync 1 DAGs
[2024-03-21T22:40:08.386+0000] {logging_mixin.py:188} INFO - [2024-03-21T22:40:08.386+0000] {dag.py:3834} INFO - Setting next_dagrun for example_sensors to None, run_after=None
[2024-03-21T22:40:08.411+0000] {processor.py:183} INFO - Processing /home/airflow/.local/lib/python3.8/site-packages/airflow/example_dags/example_sensors.py took 0.074 seconds
[2024-03-21T22:40:38.806+0000] {processor.py:161} INFO - Started process (PID=274) to work on /home/airflow/.local/lib/python3.8/site-packages/airflow/example_dags/example_sensors.py
[2024-03-21T22:40:38.807+0000] {processor.py:830} INFO - Processing file /home/airflow/.local/lib/python3.8/site-packages/airflow/example_dags/example_sensors.py for tasks to queue
[2024-03-21T22:40:38.810+0000] {logging_mixin.py:188} INFO - [2024-03-21T22:40:38.809+0000] {dagbag.py:540} INFO - Filling up the DagBag from /home/airflow/.local/lib/python3.8/site-packages/airflow/example_dags/example_sensors.py
[2024-03-21T22:40:38.817+0000] {processor.py:840} INFO - DAG(s) 'example_sensors' retrieved from /home/airflow/.local/lib/python3.8/site-packages/airflow/example_dags/example_sensors.py
[2024-03-21T22:40:38.839+0000] {logging_mixin.py:188} INFO - [2024-03-21T22:40:38.839+0000] {dag.py:3047} INFO - Sync 1 DAGs
[2024-03-21T22:40:38.848+0000] {logging_mixin.py:188} INFO - [2024-03-21T22:40:38.848+0000] {dag.py:3834} INFO - Setting next_dagrun for example_sensors to None, run_after=None
[2024-03-21T22:40:38.862+0000] {processor.py:183} INFO - Processing /home/airflow/.local/lib/python3.8/site-packages/airflow/example_dags/example_sensors.py took 0.058 seconds
[2024-03-21T22:41:09.312+0000] {processor.py:161} INFO - Started process (PID=329) to work on /home/airflow/.local/lib/python3.8/site-packages/airflow/example_dags/example_sensors.py
[2024-03-21T22:41:09.313+0000] {processor.py:830} INFO - Processing file /home/airflow/.local/lib/python3.8/site-packages/airflow/example_dags/example_sensors.py for tasks to queue
[2024-03-21T22:41:09.315+0000] {logging_mixin.py:188} INFO - [2024-03-21T22:41:09.314+0000] {dagbag.py:540} INFO - Filling up the DagBag from /home/airflow/.local/lib/python3.8/site-packages/airflow/example_dags/example_sensors.py
[2024-03-21T22:41:09.321+0000] {processor.py:840} INFO - DAG(s) 'example_sensors' retrieved from /home/airflow/.local/lib/python3.8/site-packages/airflow/example_dags/example_sensors.py
[2024-03-21T22:41:09.342+0000] {logging_mixin.py:188} INFO - [2024-03-21T22:41:09.342+0000] {dag.py:3047} INFO - Sync 1 DAGs
[2024-03-21T22:41:09.351+0000] {logging_mixin.py:188} INFO - [2024-03-21T22:41:09.351+0000] {dag.py:3834} INFO - Setting next_dagrun for example_sensors to None, run_after=None
[2024-03-21T22:41:09.364+0000] {processor.py:183} INFO - Processing /home/airflow/.local/lib/python3.8/site-packages/airflow/example_dags/example_sensors.py took 0.055 seconds
[2024-03-21T22:41:39.598+0000] {processor.py:161} INFO - Started process (PID=384) to work on /home/airflow/.local/lib/python3.8/site-packages/airflow/example_dags/example_sensors.py
[2024-03-21T22:41:39.599+0000] {processor.py:830} INFO - Processing file /home/airflow/.local/lib/python3.8/site-packages/airflow/example_dags/example_sensors.py for tasks to queue
[2024-03-21T22:41:39.601+0000] {logging_mixin.py:188} INFO - [2024-03-21T22:41:39.601+0000] {dagbag.py:540} INFO - Filling up the DagBag from /home/airflow/.local/lib/python3.8/site-packages/airflow/example_dags/example_sensors.py
[2024-03-21T22:41:39.610+0000] {processor.py:840} INFO - DAG(s) 'example_sensors' retrieved from /home/airflow/.local/lib/python3.8/site-packages/airflow/example_dags/example_sensors.py
[2024-03-21T22:41:39.635+0000] {logging_mixin.py:188} INFO - [2024-03-21T22:41:39.634+0000] {dag.py:3047} INFO - Sync 1 DAGs
[2024-03-21T22:41:39.646+0000] {logging_mixin.py:188} INFO - [2024-03-21T22:41:39.646+0000] {dag.py:3834} INFO - Setting next_dagrun for example_sensors to None, run_after=None
[2024-03-21T22:41:39.664+0000] {processor.py:183} INFO - Processing /home/airflow/.local/lib/python3.8/site-packages/airflow/example_dags/example_sensors.py took 0.068 seconds
[2024-03-21T22:42:09.845+0000] {processor.py:161} INFO - Started process (PID=439) to work on /home/airflow/.local/lib/python3.8/site-packages/airflow/example_dags/example_sensors.py
[2024-03-21T22:42:09.846+0000] {processor.py:830} INFO - Processing file /home/airflow/.local/lib/python3.8/site-packages/airflow/example_dags/example_sensors.py for tasks to queue
[2024-03-21T22:42:09.847+0000] {logging_mixin.py:188} INFO - [2024-03-21T22:42:09.847+0000] {dagbag.py:540} INFO - Filling up the DagBag from /home/airflow/.local/lib/python3.8/site-packages/airflow/example_dags/example_sensors.py
[2024-03-21T22:42:09.854+0000] {processor.py:840} INFO - DAG(s) 'example_sensors' retrieved from /home/airflow/.local/lib/python3.8/site-packages/airflow/example_dags/example_sensors.py
[2024-03-21T22:42:09.876+0000] {logging_mixin.py:188} INFO - [2024-03-21T22:42:09.876+0000] {dag.py:3047} INFO - Sync 1 DAGs
[2024-03-21T22:42:09.886+0000] {logging_mixin.py:188} INFO - [2024-03-21T22:42:09.886+0000] {dag.py:3834} INFO - Setting next_dagrun for example_sensors to None, run_after=None
[2024-03-21T22:42:09.901+0000] {processor.py:183} INFO - Processing /home/airflow/.local/lib/python3.8/site-packages/airflow/example_dags/example_sensors.py took 0.059 seconds
[2024-03-21T22:42:40.390+0000] {processor.py:161} INFO - Started process (PID=494) to work on /home/airflow/.local/lib/python3.8/site-packages/airflow/example_dags/example_sensors.py
[2024-03-21T22:42:40.391+0000] {processor.py:830} INFO - Processing file /home/airflow/.local/lib/python3.8/site-packages/airflow/example_dags/example_sensors.py for tasks to queue
[2024-03-21T22:42:40.393+0000] {logging_mixin.py:188} INFO - [2024-03-21T22:42:40.393+0000] {dagbag.py:540} INFO - Filling up the DagBag from /home/airflow/.local/lib/python3.8/site-packages/airflow/example_dags/example_sensors.py
[2024-03-21T22:42:40.400+0000] {processor.py:840} INFO - DAG(s) 'example_sensors' retrieved from /home/airflow/.local/lib/python3.8/site-packages/airflow/example_dags/example_sensors.py
[2024-03-21T22:42:40.418+0000] {logging_mixin.py:188} INFO - [2024-03-21T22:42:40.418+0000] {dag.py:3047} INFO - Sync 1 DAGs
[2024-03-21T22:42:40.428+0000] {logging_mixin.py:188} INFO - [2024-03-21T22:42:40.428+0000] {dag.py:3834} INFO - Setting next_dagrun for example_sensors to None, run_after=None
[2024-03-21T22:42:40.443+0000] {processor.py:183} INFO - Processing /home/airflow/.local/lib/python3.8/site-packages/airflow/example_dags/example_sensors.py took 0.055 seconds
[2024-03-21T22:43:10.847+0000] {processor.py:161} INFO - Started process (PID=549) to work on /home/airflow/.local/lib/python3.8/site-packages/airflow/example_dags/example_sensors.py
[2024-03-21T22:43:10.848+0000] {processor.py:830} INFO - Processing file /home/airflow/.local/lib/python3.8/site-packages/airflow/example_dags/example_sensors.py for tasks to queue
[2024-03-21T22:43:10.849+0000] {logging_mixin.py:188} INFO - [2024-03-21T22:43:10.849+0000] {dagbag.py:540} INFO - Filling up the DagBag from /home/airflow/.local/lib/python3.8/site-packages/airflow/example_dags/example_sensors.py
[2024-03-21T22:43:10.856+0000] {processor.py:840} INFO - DAG(s) 'example_sensors' retrieved from /home/airflow/.local/lib/python3.8/site-packages/airflow/example_dags/example_sensors.py
[2024-03-21T22:43:10.876+0000] {logging_mixin.py:188} INFO - [2024-03-21T22:43:10.875+0000] {dag.py:3047} INFO - Sync 1 DAGs
[2024-03-21T22:43:10.886+0000] {logging_mixin.py:188} INFO - [2024-03-21T22:43:10.886+0000] {dag.py:3834} INFO - Setting next_dagrun for example_sensors to None, run_after=None
[2024-03-21T22:43:10.901+0000] {processor.py:183} INFO - Processing /home/airflow/.local/lib/python3.8/site-packages/airflow/example_dags/example_sensors.py took 0.057 seconds
[2024-03-21T22:43:41.225+0000] {processor.py:161} INFO - Started process (PID=604) to work on /home/airflow/.local/lib/python3.8/site-packages/airflow/example_dags/example_sensors.py
[2024-03-21T22:43:41.226+0000] {processor.py:830} INFO - Processing file /home/airflow/.local/lib/python3.8/site-packages/airflow/example_dags/example_sensors.py for tasks to queue
[2024-03-21T22:43:41.228+0000] {logging_mixin.py:188} INFO - [2024-03-21T22:43:41.227+0000] {dagbag.py:540} INFO - Filling up the DagBag from /home/airflow/.local/lib/python3.8/site-packages/airflow/example_dags/example_sensors.py
[2024-03-21T22:43:41.235+0000] {processor.py:840} INFO - DAG(s) 'example_sensors' retrieved from /home/airflow/.local/lib/python3.8/site-packages/airflow/example_dags/example_sensors.py
[2024-03-21T22:43:41.255+0000] {logging_mixin.py:188} INFO - [2024-03-21T22:43:41.255+0000] {dag.py:3047} INFO - Sync 1 DAGs
[2024-03-21T22:43:41.266+0000] {logging_mixin.py:188} INFO - [2024-03-21T22:43:41.266+0000] {dag.py:3834} INFO - Setting next_dagrun for example_sensors to None, run_after=None
[2024-03-21T22:43:41.291+0000] {processor.py:183} INFO - Processing /home/airflow/.local/lib/python3.8/site-packages/airflow/example_dags/example_sensors.py took 0.069 seconds
