[2024-03-21T22:38:37.926+0000] {processor.py:161} INFO - Started process (PID=70) to work on /home/airflow/.local/lib/python3.8/site-packages/airflow/example_dags/example_bash_operator.py
[2024-03-21T22:38:37.946+0000] {processor.py:830} INFO - Processing file /home/airflow/.local/lib/python3.8/site-packages/airflow/example_dags/example_bash_operator.py for tasks to queue
[2024-03-21T22:38:37.954+0000] {logging_mixin.py:188} INFO - [2024-03-21T22:38:37.954+0000] {dagbag.py:540} INFO - Filling up the DagBag from /home/airflow/.local/lib/python3.8/site-packages/airflow/example_dags/example_bash_operator.py
[2024-03-21T22:38:37.997+0000] {processor.py:840} INFO - DAG(s) 'example_bash_operator' retrieved from /home/airflow/.local/lib/python3.8/site-packages/airflow/example_dags/example_bash_operator.py
[2024-03-21T22:38:38.015+0000] {logging_mixin.py:188} INFO - [2024-03-21T22:38:38.015+0000] {dag.py:3047} INFO - Sync 1 DAGs
[2024-03-21T22:38:38.065+0000] {logging_mixin.py:188} INFO - [2024-03-21T22:38:38.065+0000] {dag.py:3834} INFO - Setting next_dagrun for example_bash_operator to 2024-03-20 00:00:00+00:00, run_after=2024-03-21 00:00:00+00:00
[2024-03-21T22:38:38.116+0000] {processor.py:183} INFO - Processing /home/airflow/.local/lib/python3.8/site-packages/airflow/example_dags/example_bash_operator.py took 0.196 seconds
[2024-03-21T22:39:08.574+0000] {processor.py:161} INFO - Started process (PID=125) to work on /home/airflow/.local/lib/python3.8/site-packages/airflow/example_dags/example_bash_operator.py
[2024-03-21T22:39:08.575+0000] {processor.py:830} INFO - Processing file /home/airflow/.local/lib/python3.8/site-packages/airflow/example_dags/example_bash_operator.py for tasks to queue
[2024-03-21T22:39:08.577+0000] {logging_mixin.py:188} INFO - [2024-03-21T22:39:08.576+0000] {dagbag.py:540} INFO - Filling up the DagBag from /home/airflow/.local/lib/python3.8/site-packages/airflow/example_dags/example_bash_operator.py
[2024-03-21T22:39:08.586+0000] {processor.py:840} INFO - DAG(s) 'example_bash_operator' retrieved from /home/airflow/.local/lib/python3.8/site-packages/airflow/example_dags/example_bash_operator.py
[2024-03-21T22:39:08.683+0000] {logging_mixin.py:188} INFO - [2024-03-21T22:39:08.682+0000] {dag.py:3047} INFO - Sync 1 DAGs
[2024-03-21T22:39:08.700+0000] {logging_mixin.py:188} INFO - [2024-03-21T22:39:08.699+0000] {dag.py:3834} INFO - Setting next_dagrun for example_bash_operator to 2024-03-20 00:00:00+00:00, run_after=2024-03-21 00:00:00+00:00
[2024-03-21T22:39:08.716+0000] {processor.py:183} INFO - Processing /home/airflow/.local/lib/python3.8/site-packages/airflow/example_dags/example_bash_operator.py took 0.144 seconds
[2024-03-21T22:39:38.823+0000] {processor.py:161} INFO - Started process (PID=180) to work on /home/airflow/.local/lib/python3.8/site-packages/airflow/example_dags/example_bash_operator.py
[2024-03-21T22:39:38.824+0000] {processor.py:830} INFO - Processing file /home/airflow/.local/lib/python3.8/site-packages/airflow/example_dags/example_bash_operator.py for tasks to queue
[2024-03-21T22:39:38.825+0000] {logging_mixin.py:188} INFO - [2024-03-21T22:39:38.825+0000] {dagbag.py:540} INFO - Filling up the DagBag from /home/airflow/.local/lib/python3.8/site-packages/airflow/example_dags/example_bash_operator.py
[2024-03-21T22:39:38.834+0000] {processor.py:840} INFO - DAG(s) 'example_bash_operator' retrieved from /home/airflow/.local/lib/python3.8/site-packages/airflow/example_dags/example_bash_operator.py
[2024-03-21T22:39:38.856+0000] {logging_mixin.py:188} INFO - [2024-03-21T22:39:38.856+0000] {dag.py:3047} INFO - Sync 1 DAGs
[2024-03-21T22:39:38.871+0000] {logging_mixin.py:188} INFO - [2024-03-21T22:39:38.871+0000] {dag.py:3834} INFO - Setting next_dagrun for example_bash_operator to 2024-03-20 00:00:00+00:00, run_after=2024-03-21 00:00:00+00:00
[2024-03-21T22:39:38.884+0000] {processor.py:183} INFO - Processing /home/airflow/.local/lib/python3.8/site-packages/airflow/example_dags/example_bash_operator.py took 0.063 seconds
[2024-03-21T22:40:09.176+0000] {processor.py:161} INFO - Started process (PID=235) to work on /home/airflow/.local/lib/python3.8/site-packages/airflow/example_dags/example_bash_operator.py
[2024-03-21T22:40:09.176+0000] {processor.py:830} INFO - Processing file /home/airflow/.local/lib/python3.8/site-packages/airflow/example_dags/example_bash_operator.py for tasks to queue
[2024-03-21T22:40:09.179+0000] {logging_mixin.py:188} INFO - [2024-03-21T22:40:09.178+0000] {dagbag.py:540} INFO - Filling up the DagBag from /home/airflow/.local/lib/python3.8/site-packages/airflow/example_dags/example_bash_operator.py
[2024-03-21T22:40:09.188+0000] {processor.py:840} INFO - DAG(s) 'example_bash_operator' retrieved from /home/airflow/.local/lib/python3.8/site-packages/airflow/example_dags/example_bash_operator.py
[2024-03-21T22:40:09.208+0000] {logging_mixin.py:188} INFO - [2024-03-21T22:40:09.208+0000] {dag.py:3047} INFO - Sync 1 DAGs
[2024-03-21T22:40:09.224+0000] {logging_mixin.py:188} INFO - [2024-03-21T22:40:09.224+0000] {dag.py:3834} INFO - Setting next_dagrun for example_bash_operator to 2024-03-20 00:00:00+00:00, run_after=2024-03-21 00:00:00+00:00
[2024-03-21T22:40:09.236+0000] {processor.py:183} INFO - Processing /home/airflow/.local/lib/python3.8/site-packages/airflow/example_dags/example_bash_operator.py took 0.063 seconds
[2024-03-21T22:40:39.676+0000] {processor.py:161} INFO - Started process (PID=290) to work on /home/airflow/.local/lib/python3.8/site-packages/airflow/example_dags/example_bash_operator.py
[2024-03-21T22:40:39.677+0000] {processor.py:830} INFO - Processing file /home/airflow/.local/lib/python3.8/site-packages/airflow/example_dags/example_bash_operator.py for tasks to queue
[2024-03-21T22:40:39.679+0000] {logging_mixin.py:188} INFO - [2024-03-21T22:40:39.679+0000] {dagbag.py:540} INFO - Filling up the DagBag from /home/airflow/.local/lib/python3.8/site-packages/airflow/example_dags/example_bash_operator.py
[2024-03-21T22:40:39.690+0000] {processor.py:840} INFO - DAG(s) 'example_bash_operator' retrieved from /home/airflow/.local/lib/python3.8/site-packages/airflow/example_dags/example_bash_operator.py
[2024-03-21T22:40:39.716+0000] {logging_mixin.py:188} INFO - [2024-03-21T22:40:39.716+0000] {dag.py:3047} INFO - Sync 1 DAGs
[2024-03-21T22:40:39.739+0000] {logging_mixin.py:188} INFO - [2024-03-21T22:40:39.739+0000] {dag.py:3834} INFO - Setting next_dagrun for example_bash_operator to 2024-03-20 00:00:00+00:00, run_after=2024-03-21 00:00:00+00:00
[2024-03-21T22:40:39.756+0000] {processor.py:183} INFO - Processing /home/airflow/.local/lib/python3.8/site-packages/airflow/example_dags/example_bash_operator.py took 0.082 seconds
[2024-03-21T22:41:09.925+0000] {processor.py:161} INFO - Started process (PID=345) to work on /home/airflow/.local/lib/python3.8/site-packages/airflow/example_dags/example_bash_operator.py
[2024-03-21T22:41:09.926+0000] {processor.py:830} INFO - Processing file /home/airflow/.local/lib/python3.8/site-packages/airflow/example_dags/example_bash_operator.py for tasks to queue
[2024-03-21T22:41:09.928+0000] {logging_mixin.py:188} INFO - [2024-03-21T22:41:09.927+0000] {dagbag.py:540} INFO - Filling up the DagBag from /home/airflow/.local/lib/python3.8/site-packages/airflow/example_dags/example_bash_operator.py
[2024-03-21T22:41:09.936+0000] {processor.py:840} INFO - DAG(s) 'example_bash_operator' retrieved from /home/airflow/.local/lib/python3.8/site-packages/airflow/example_dags/example_bash_operator.py
[2024-03-21T22:41:09.957+0000] {logging_mixin.py:188} INFO - [2024-03-21T22:41:09.956+0000] {dag.py:3047} INFO - Sync 1 DAGs
[2024-03-21T22:41:09.975+0000] {logging_mixin.py:188} INFO - [2024-03-21T22:41:09.974+0000] {dag.py:3834} INFO - Setting next_dagrun for example_bash_operator to 2024-03-20 00:00:00+00:00, run_after=2024-03-21 00:00:00+00:00
[2024-03-21T22:41:09.987+0000] {processor.py:183} INFO - Processing /home/airflow/.local/lib/python3.8/site-packages/airflow/example_dags/example_bash_operator.py took 0.064 seconds
[2024-03-21T22:41:40.281+0000] {processor.py:161} INFO - Started process (PID=400) to work on /home/airflow/.local/lib/python3.8/site-packages/airflow/example_dags/example_bash_operator.py
[2024-03-21T22:41:40.282+0000] {processor.py:830} INFO - Processing file /home/airflow/.local/lib/python3.8/site-packages/airflow/example_dags/example_bash_operator.py for tasks to queue
[2024-03-21T22:41:40.283+0000] {logging_mixin.py:188} INFO - [2024-03-21T22:41:40.283+0000] {dagbag.py:540} INFO - Filling up the DagBag from /home/airflow/.local/lib/python3.8/site-packages/airflow/example_dags/example_bash_operator.py
[2024-03-21T22:41:40.293+0000] {processor.py:840} INFO - DAG(s) 'example_bash_operator' retrieved from /home/airflow/.local/lib/python3.8/site-packages/airflow/example_dags/example_bash_operator.py
[2024-03-21T22:41:40.320+0000] {logging_mixin.py:188} INFO - [2024-03-21T22:41:40.320+0000] {dag.py:3047} INFO - Sync 1 DAGs
[2024-03-21T22:41:40.337+0000] {logging_mixin.py:188} INFO - [2024-03-21T22:41:40.337+0000] {dag.py:3834} INFO - Setting next_dagrun for example_bash_operator to 2024-03-20 00:00:00+00:00, run_after=2024-03-21 00:00:00+00:00
[2024-03-21T22:41:40.351+0000] {processor.py:183} INFO - Processing /home/airflow/.local/lib/python3.8/site-packages/airflow/example_dags/example_bash_operator.py took 0.073 seconds
[2024-03-21T22:42:10.667+0000] {processor.py:161} INFO - Started process (PID=455) to work on /home/airflow/.local/lib/python3.8/site-packages/airflow/example_dags/example_bash_operator.py
[2024-03-21T22:42:10.668+0000] {processor.py:830} INFO - Processing file /home/airflow/.local/lib/python3.8/site-packages/airflow/example_dags/example_bash_operator.py for tasks to queue
[2024-03-21T22:42:10.670+0000] {logging_mixin.py:188} INFO - [2024-03-21T22:42:10.669+0000] {dagbag.py:540} INFO - Filling up the DagBag from /home/airflow/.local/lib/python3.8/site-packages/airflow/example_dags/example_bash_operator.py
[2024-03-21T22:42:10.679+0000] {processor.py:840} INFO - DAG(s) 'example_bash_operator' retrieved from /home/airflow/.local/lib/python3.8/site-packages/airflow/example_dags/example_bash_operator.py
[2024-03-21T22:42:10.699+0000] {logging_mixin.py:188} INFO - [2024-03-21T22:42:10.699+0000] {dag.py:3047} INFO - Sync 1 DAGs
[2024-03-21T22:42:10.716+0000] {logging_mixin.py:188} INFO - [2024-03-21T22:42:10.716+0000] {dag.py:3834} INFO - Setting next_dagrun for example_bash_operator to 2024-03-20 00:00:00+00:00, run_after=2024-03-21 00:00:00+00:00
[2024-03-21T22:42:10.737+0000] {processor.py:183} INFO - Processing /home/airflow/.local/lib/python3.8/site-packages/airflow/example_dags/example_bash_operator.py took 0.072 seconds
[2024-03-21T22:42:41.017+0000] {processor.py:161} INFO - Started process (PID=510) to work on /home/airflow/.local/lib/python3.8/site-packages/airflow/example_dags/example_bash_operator.py
[2024-03-21T22:42:41.018+0000] {processor.py:830} INFO - Processing file /home/airflow/.local/lib/python3.8/site-packages/airflow/example_dags/example_bash_operator.py for tasks to queue
[2024-03-21T22:42:41.019+0000] {logging_mixin.py:188} INFO - [2024-03-21T22:42:41.019+0000] {dagbag.py:540} INFO - Filling up the DagBag from /home/airflow/.local/lib/python3.8/site-packages/airflow/example_dags/example_bash_operator.py
[2024-03-21T22:42:41.030+0000] {processor.py:840} INFO - DAG(s) 'example_bash_operator' retrieved from /home/airflow/.local/lib/python3.8/site-packages/airflow/example_dags/example_bash_operator.py
[2024-03-21T22:42:41.050+0000] {logging_mixin.py:188} INFO - [2024-03-21T22:42:41.050+0000] {dag.py:3047} INFO - Sync 1 DAGs
[2024-03-21T22:42:41.068+0000] {logging_mixin.py:188} INFO - [2024-03-21T22:42:41.068+0000] {dag.py:3834} INFO - Setting next_dagrun for example_bash_operator to 2024-03-20 00:00:00+00:00, run_after=2024-03-21 00:00:00+00:00
[2024-03-21T22:42:41.090+0000] {processor.py:183} INFO - Processing /home/airflow/.local/lib/python3.8/site-packages/airflow/example_dags/example_bash_operator.py took 0.077 seconds
[2024-03-21T22:43:11.541+0000] {processor.py:161} INFO - Started process (PID=565) to work on /home/airflow/.local/lib/python3.8/site-packages/airflow/example_dags/example_bash_operator.py
[2024-03-21T22:43:11.542+0000] {processor.py:830} INFO - Processing file /home/airflow/.local/lib/python3.8/site-packages/airflow/example_dags/example_bash_operator.py for tasks to queue
[2024-03-21T22:43:11.545+0000] {logging_mixin.py:188} INFO - [2024-03-21T22:43:11.545+0000] {dagbag.py:540} INFO - Filling up the DagBag from /home/airflow/.local/lib/python3.8/site-packages/airflow/example_dags/example_bash_operator.py
[2024-03-21T22:43:11.555+0000] {processor.py:840} INFO - DAG(s) 'example_bash_operator' retrieved from /home/airflow/.local/lib/python3.8/site-packages/airflow/example_dags/example_bash_operator.py
[2024-03-21T22:43:11.578+0000] {logging_mixin.py:188} INFO - [2024-03-21T22:43:11.578+0000] {dag.py:3047} INFO - Sync 1 DAGs
[2024-03-21T22:43:11.599+0000] {logging_mixin.py:188} INFO - [2024-03-21T22:43:11.599+0000] {dag.py:3834} INFO - Setting next_dagrun for example_bash_operator to 2024-03-20 00:00:00+00:00, run_after=2024-03-21 00:00:00+00:00
[2024-03-21T22:43:11.625+0000] {processor.py:183} INFO - Processing /home/airflow/.local/lib/python3.8/site-packages/airflow/example_dags/example_bash_operator.py took 0.087 seconds
[2024-03-21T22:43:41.965+0000] {processor.py:161} INFO - Started process (PID=620) to work on /home/airflow/.local/lib/python3.8/site-packages/airflow/example_dags/example_bash_operator.py
[2024-03-21T22:43:41.966+0000] {processor.py:830} INFO - Processing file /home/airflow/.local/lib/python3.8/site-packages/airflow/example_dags/example_bash_operator.py for tasks to queue
[2024-03-21T22:43:41.968+0000] {logging_mixin.py:188} INFO - [2024-03-21T22:43:41.967+0000] {dagbag.py:540} INFO - Filling up the DagBag from /home/airflow/.local/lib/python3.8/site-packages/airflow/example_dags/example_bash_operator.py
[2024-03-21T22:43:41.978+0000] {processor.py:840} INFO - DAG(s) 'example_bash_operator' retrieved from /home/airflow/.local/lib/python3.8/site-packages/airflow/example_dags/example_bash_operator.py
[2024-03-21T22:43:42.021+0000] {logging_mixin.py:188} INFO - [2024-03-21T22:43:42.020+0000] {dag.py:3047} INFO - Sync 1 DAGs
[2024-03-21T22:43:42.048+0000] {logging_mixin.py:188} INFO - [2024-03-21T22:43:42.048+0000] {dag.py:3834} INFO - Setting next_dagrun for example_bash_operator to 2024-03-20 00:00:00+00:00, run_after=2024-03-21 00:00:00+00:00
[2024-03-21T22:43:42.070+0000] {processor.py:183} INFO - Processing /home/airflow/.local/lib/python3.8/site-packages/airflow/example_dags/example_bash_operator.py took 0.108 seconds
