[2024-03-21T22:38:39.240+0000] {processor.py:161} INFO - Started process (PID=79) to work on /home/airflow/.local/lib/python3.8/site-packages/airflow/example_dags/example_python_decorator.py
[2024-03-21T22:38:39.242+0000] {processor.py:830} INFO - Processing file /home/airflow/.local/lib/python3.8/site-packages/airflow/example_dags/example_python_decorator.py for tasks to queue
[2024-03-21T22:38:39.247+0000] {logging_mixin.py:188} INFO - [2024-03-21T22:38:39.246+0000] {dagbag.py:540} INFO - Filling up the DagBag from /home/airflow/.local/lib/python3.8/site-packages/airflow/example_dags/example_python_decorator.py
[2024-03-21T22:38:39.291+0000] {processor.py:840} INFO - DAG(s) 'example_python_decorator' retrieved from /home/airflow/.local/lib/python3.8/site-packages/airflow/example_dags/example_python_decorator.py
[2024-03-21T22:38:39.305+0000] {logging_mixin.py:188} INFO - [2024-03-21T22:38:39.304+0000] {dag.py:3047} INFO - Sync 1 DAGs
[2024-03-21T22:38:39.325+0000] {logging_mixin.py:188} INFO - [2024-03-21T22:38:39.325+0000] {dag.py:3834} INFO - Setting next_dagrun for example_python_decorator to None, run_after=None
[2024-03-21T22:38:39.356+0000] {processor.py:183} INFO - Processing /home/airflow/.local/lib/python3.8/site-packages/airflow/example_dags/example_python_decorator.py took 0.119 seconds
[2024-03-21T22:39:09.719+0000] {processor.py:161} INFO - Started process (PID=134) to work on /home/airflow/.local/lib/python3.8/site-packages/airflow/example_dags/example_python_decorator.py
[2024-03-21T22:39:09.720+0000] {processor.py:830} INFO - Processing file /home/airflow/.local/lib/python3.8/site-packages/airflow/example_dags/example_python_decorator.py for tasks to queue
[2024-03-21T22:39:09.722+0000] {logging_mixin.py:188} INFO - [2024-03-21T22:39:09.721+0000] {dagbag.py:540} INFO - Filling up the DagBag from /home/airflow/.local/lib/python3.8/site-packages/airflow/example_dags/example_python_decorator.py
[2024-03-21T22:39:09.733+0000] {processor.py:840} INFO - DAG(s) 'example_python_decorator' retrieved from /home/airflow/.local/lib/python3.8/site-packages/airflow/example_dags/example_python_decorator.py
[2024-03-21T22:39:09.805+0000] {logging_mixin.py:188} INFO - [2024-03-21T22:39:09.804+0000] {dag.py:3047} INFO - Sync 1 DAGs
[2024-03-21T22:39:09.812+0000] {logging_mixin.py:188} INFO - [2024-03-21T22:39:09.812+0000] {dag.py:3834} INFO - Setting next_dagrun for example_python_decorator to None, run_after=None
[2024-03-21T22:39:09.838+0000] {processor.py:183} INFO - Processing /home/airflow/.local/lib/python3.8/site-packages/airflow/example_dags/example_python_decorator.py took 0.122 seconds
[2024-03-21T22:39:40.159+0000] {processor.py:161} INFO - Started process (PID=189) to work on /home/airflow/.local/lib/python3.8/site-packages/airflow/example_dags/example_python_decorator.py
[2024-03-21T22:39:40.160+0000] {processor.py:830} INFO - Processing file /home/airflow/.local/lib/python3.8/site-packages/airflow/example_dags/example_python_decorator.py for tasks to queue
[2024-03-21T22:39:40.162+0000] {logging_mixin.py:188} INFO - [2024-03-21T22:39:40.161+0000] {dagbag.py:540} INFO - Filling up the DagBag from /home/airflow/.local/lib/python3.8/site-packages/airflow/example_dags/example_python_decorator.py
[2024-03-21T22:39:40.172+0000] {processor.py:840} INFO - DAG(s) 'example_python_decorator' retrieved from /home/airflow/.local/lib/python3.8/site-packages/airflow/example_dags/example_python_decorator.py
[2024-03-21T22:39:40.189+0000] {logging_mixin.py:188} INFO - [2024-03-21T22:39:40.189+0000] {dag.py:3047} INFO - Sync 1 DAGs
[2024-03-21T22:39:40.200+0000] {logging_mixin.py:188} INFO - [2024-03-21T22:39:40.199+0000] {dag.py:3834} INFO - Setting next_dagrun for example_python_decorator to None, run_after=None
[2024-03-21T22:39:40.222+0000] {processor.py:183} INFO - Processing /home/airflow/.local/lib/python3.8/site-packages/airflow/example_dags/example_python_decorator.py took 0.066 seconds
[2024-03-21T22:40:10.619+0000] {processor.py:161} INFO - Started process (PID=244) to work on /home/airflow/.local/lib/python3.8/site-packages/airflow/example_dags/example_python_decorator.py
[2024-03-21T22:40:10.620+0000] {processor.py:830} INFO - Processing file /home/airflow/.local/lib/python3.8/site-packages/airflow/example_dags/example_python_decorator.py for tasks to queue
[2024-03-21T22:40:10.621+0000] {logging_mixin.py:188} INFO - [2024-03-21T22:40:10.621+0000] {dagbag.py:540} INFO - Filling up the DagBag from /home/airflow/.local/lib/python3.8/site-packages/airflow/example_dags/example_python_decorator.py
[2024-03-21T22:40:10.631+0000] {processor.py:840} INFO - DAG(s) 'example_python_decorator' retrieved from /home/airflow/.local/lib/python3.8/site-packages/airflow/example_dags/example_python_decorator.py
[2024-03-21T22:40:10.649+0000] {logging_mixin.py:188} INFO - [2024-03-21T22:40:10.649+0000] {dag.py:3047} INFO - Sync 1 DAGs
[2024-03-21T22:40:10.659+0000] {logging_mixin.py:188} INFO - [2024-03-21T22:40:10.658+0000] {dag.py:3834} INFO - Setting next_dagrun for example_python_decorator to None, run_after=None
[2024-03-21T22:40:10.673+0000] {processor.py:183} INFO - Processing /home/airflow/.local/lib/python3.8/site-packages/airflow/example_dags/example_python_decorator.py took 0.058 seconds
[2024-03-21T22:40:41.201+0000] {processor.py:161} INFO - Started process (PID=299) to work on /home/airflow/.local/lib/python3.8/site-packages/airflow/example_dags/example_python_decorator.py
[2024-03-21T22:40:41.202+0000] {processor.py:830} INFO - Processing file /home/airflow/.local/lib/python3.8/site-packages/airflow/example_dags/example_python_decorator.py for tasks to queue
[2024-03-21T22:40:41.204+0000] {logging_mixin.py:188} INFO - [2024-03-21T22:40:41.204+0000] {dagbag.py:540} INFO - Filling up the DagBag from /home/airflow/.local/lib/python3.8/site-packages/airflow/example_dags/example_python_decorator.py
[2024-03-21T22:40:41.214+0000] {processor.py:840} INFO - DAG(s) 'example_python_decorator' retrieved from /home/airflow/.local/lib/python3.8/site-packages/airflow/example_dags/example_python_decorator.py
[2024-03-21T22:40:41.231+0000] {logging_mixin.py:188} INFO - [2024-03-21T22:40:41.231+0000] {dag.py:3047} INFO - Sync 1 DAGs
[2024-03-21T22:40:41.240+0000] {logging_mixin.py:188} INFO - [2024-03-21T22:40:41.240+0000] {dag.py:3834} INFO - Setting next_dagrun for example_python_decorator to None, run_after=None
[2024-03-21T22:40:41.263+0000] {processor.py:183} INFO - Processing /home/airflow/.local/lib/python3.8/site-packages/airflow/example_dags/example_python_decorator.py took 0.064 seconds
[2024-03-21T22:41:11.423+0000] {processor.py:161} INFO - Started process (PID=354) to work on /home/airflow/.local/lib/python3.8/site-packages/airflow/example_dags/example_python_decorator.py
[2024-03-21T22:41:11.424+0000] {processor.py:830} INFO - Processing file /home/airflow/.local/lib/python3.8/site-packages/airflow/example_dags/example_python_decorator.py for tasks to queue
[2024-03-21T22:41:11.426+0000] {logging_mixin.py:188} INFO - [2024-03-21T22:41:11.425+0000] {dagbag.py:540} INFO - Filling up the DagBag from /home/airflow/.local/lib/python3.8/site-packages/airflow/example_dags/example_python_decorator.py
[2024-03-21T22:41:11.435+0000] {processor.py:840} INFO - DAG(s) 'example_python_decorator' retrieved from /home/airflow/.local/lib/python3.8/site-packages/airflow/example_dags/example_python_decorator.py
[2024-03-21T22:41:11.453+0000] {logging_mixin.py:188} INFO - [2024-03-21T22:41:11.453+0000] {dag.py:3047} INFO - Sync 1 DAGs
[2024-03-21T22:41:11.461+0000] {logging_mixin.py:188} INFO - [2024-03-21T22:41:11.461+0000] {dag.py:3834} INFO - Setting next_dagrun for example_python_decorator to None, run_after=None
[2024-03-21T22:41:11.474+0000] {processor.py:183} INFO - Processing /home/airflow/.local/lib/python3.8/site-packages/airflow/example_dags/example_python_decorator.py took 0.054 seconds
[2024-03-21T22:41:41.732+0000] {processor.py:161} INFO - Started process (PID=409) to work on /home/airflow/.local/lib/python3.8/site-packages/airflow/example_dags/example_python_decorator.py
[2024-03-21T22:41:41.732+0000] {processor.py:830} INFO - Processing file /home/airflow/.local/lib/python3.8/site-packages/airflow/example_dags/example_python_decorator.py for tasks to queue
[2024-03-21T22:41:41.734+0000] {logging_mixin.py:188} INFO - [2024-03-21T22:41:41.734+0000] {dagbag.py:540} INFO - Filling up the DagBag from /home/airflow/.local/lib/python3.8/site-packages/airflow/example_dags/example_python_decorator.py
[2024-03-21T22:41:41.753+0000] {processor.py:840} INFO - DAG(s) 'example_python_decorator' retrieved from /home/airflow/.local/lib/python3.8/site-packages/airflow/example_dags/example_python_decorator.py
[2024-03-21T22:41:41.773+0000] {logging_mixin.py:188} INFO - [2024-03-21T22:41:41.773+0000] {dag.py:3047} INFO - Sync 1 DAGs
[2024-03-21T22:41:41.782+0000] {logging_mixin.py:188} INFO - [2024-03-21T22:41:41.782+0000] {dag.py:3834} INFO - Setting next_dagrun for example_python_decorator to None, run_after=None
[2024-03-21T22:41:41.806+0000] {processor.py:183} INFO - Processing /home/airflow/.local/lib/python3.8/site-packages/airflow/example_dags/example_python_decorator.py took 0.078 seconds
[2024-03-21T22:42:12.095+0000] {processor.py:161} INFO - Started process (PID=464) to work on /home/airflow/.local/lib/python3.8/site-packages/airflow/example_dags/example_python_decorator.py
[2024-03-21T22:42:12.096+0000] {processor.py:830} INFO - Processing file /home/airflow/.local/lib/python3.8/site-packages/airflow/example_dags/example_python_decorator.py for tasks to queue
[2024-03-21T22:42:12.097+0000] {logging_mixin.py:188} INFO - [2024-03-21T22:42:12.097+0000] {dagbag.py:540} INFO - Filling up the DagBag from /home/airflow/.local/lib/python3.8/site-packages/airflow/example_dags/example_python_decorator.py
[2024-03-21T22:42:12.115+0000] {processor.py:840} INFO - DAG(s) 'example_python_decorator' retrieved from /home/airflow/.local/lib/python3.8/site-packages/airflow/example_dags/example_python_decorator.py
[2024-03-21T22:42:12.133+0000] {logging_mixin.py:188} INFO - [2024-03-21T22:42:12.133+0000] {dag.py:3047} INFO - Sync 1 DAGs
[2024-03-21T22:42:12.142+0000] {logging_mixin.py:188} INFO - [2024-03-21T22:42:12.142+0000] {dag.py:3834} INFO - Setting next_dagrun for example_python_decorator to None, run_after=None
[2024-03-21T22:42:12.166+0000] {processor.py:183} INFO - Processing /home/airflow/.local/lib/python3.8/site-packages/airflow/example_dags/example_python_decorator.py took 0.074 seconds
[2024-03-21T22:42:42.424+0000] {processor.py:161} INFO - Started process (PID=519) to work on /home/airflow/.local/lib/python3.8/site-packages/airflow/example_dags/example_python_decorator.py
[2024-03-21T22:42:42.425+0000] {processor.py:830} INFO - Processing file /home/airflow/.local/lib/python3.8/site-packages/airflow/example_dags/example_python_decorator.py for tasks to queue
[2024-03-21T22:42:42.426+0000] {logging_mixin.py:188} INFO - [2024-03-21T22:42:42.426+0000] {dagbag.py:540} INFO - Filling up the DagBag from /home/airflow/.local/lib/python3.8/site-packages/airflow/example_dags/example_python_decorator.py
[2024-03-21T22:42:42.436+0000] {processor.py:840} INFO - DAG(s) 'example_python_decorator' retrieved from /home/airflow/.local/lib/python3.8/site-packages/airflow/example_dags/example_python_decorator.py
[2024-03-21T22:42:42.454+0000] {logging_mixin.py:188} INFO - [2024-03-21T22:42:42.453+0000] {dag.py:3047} INFO - Sync 1 DAGs
[2024-03-21T22:42:42.462+0000] {logging_mixin.py:188} INFO - [2024-03-21T22:42:42.462+0000] {dag.py:3834} INFO - Setting next_dagrun for example_python_decorator to None, run_after=None
[2024-03-21T22:42:42.478+0000] {processor.py:183} INFO - Processing /home/airflow/.local/lib/python3.8/site-packages/airflow/example_dags/example_python_decorator.py took 0.058 seconds
[2024-03-21T22:43:13.010+0000] {processor.py:161} INFO - Started process (PID=574) to work on /home/airflow/.local/lib/python3.8/site-packages/airflow/example_dags/example_python_decorator.py
[2024-03-21T22:43:13.011+0000] {processor.py:830} INFO - Processing file /home/airflow/.local/lib/python3.8/site-packages/airflow/example_dags/example_python_decorator.py for tasks to queue
[2024-03-21T22:43:13.012+0000] {logging_mixin.py:188} INFO - [2024-03-21T22:43:13.012+0000] {dagbag.py:540} INFO - Filling up the DagBag from /home/airflow/.local/lib/python3.8/site-packages/airflow/example_dags/example_python_decorator.py
[2024-03-21T22:43:13.024+0000] {processor.py:840} INFO - DAG(s) 'example_python_decorator' retrieved from /home/airflow/.local/lib/python3.8/site-packages/airflow/example_dags/example_python_decorator.py
[2024-03-21T22:43:13.043+0000] {logging_mixin.py:188} INFO - [2024-03-21T22:43:13.043+0000] {dag.py:3047} INFO - Sync 1 DAGs
[2024-03-21T22:43:13.052+0000] {logging_mixin.py:188} INFO - [2024-03-21T22:43:13.052+0000] {dag.py:3834} INFO - Setting next_dagrun for example_python_decorator to None, run_after=None
[2024-03-21T22:43:13.067+0000] {processor.py:183} INFO - Processing /home/airflow/.local/lib/python3.8/site-packages/airflow/example_dags/example_python_decorator.py took 0.059 seconds
[2024-03-21T22:43:43.559+0000] {processor.py:161} INFO - Started process (PID=629) to work on /home/airflow/.local/lib/python3.8/site-packages/airflow/example_dags/example_python_decorator.py
[2024-03-21T22:43:43.560+0000] {processor.py:830} INFO - Processing file /home/airflow/.local/lib/python3.8/site-packages/airflow/example_dags/example_python_decorator.py for tasks to queue
[2024-03-21T22:43:43.562+0000] {logging_mixin.py:188} INFO - [2024-03-21T22:43:43.562+0000] {dagbag.py:540} INFO - Filling up the DagBag from /home/airflow/.local/lib/python3.8/site-packages/airflow/example_dags/example_python_decorator.py
[2024-03-21T22:43:43.576+0000] {processor.py:840} INFO - DAG(s) 'example_python_decorator' retrieved from /home/airflow/.local/lib/python3.8/site-packages/airflow/example_dags/example_python_decorator.py
[2024-03-21T22:43:43.597+0000] {logging_mixin.py:188} INFO - [2024-03-21T22:43:43.596+0000] {dag.py:3047} INFO - Sync 1 DAGs
[2024-03-21T22:43:43.609+0000] {logging_mixin.py:188} INFO - [2024-03-21T22:43:43.609+0000] {dag.py:3834} INFO - Setting next_dagrun for example_python_decorator to None, run_after=None
[2024-03-21T22:43:43.634+0000] {processor.py:183} INFO - Processing /home/airflow/.local/lib/python3.8/site-packages/airflow/example_dags/example_python_decorator.py took 0.078 seconds
