[2024-03-21T22:38:37.715+0000] {processor.py:161} INFO - Started process (PID=67) to work on /home/airflow/.local/lib/python3.8/site-packages/airflow/example_dags/example_branch_operator.py
[2024-03-21T22:38:37.717+0000] {processor.py:830} INFO - Processing file /home/airflow/.local/lib/python3.8/site-packages/airflow/example_dags/example_branch_operator.py for tasks to queue
[2024-03-21T22:38:37.723+0000] {logging_mixin.py:188} INFO - [2024-03-21T22:38:37.723+0000] {dagbag.py:540} INFO - Filling up the DagBag from /home/airflow/.local/lib/python3.8/site-packages/airflow/example_dags/example_branch_operator.py
[2024-03-21T22:38:37.749+0000] {processor.py:840} INFO - DAG(s) 'example_branch_operator' retrieved from /home/airflow/.local/lib/python3.8/site-packages/airflow/example_dags/example_branch_operator.py
[2024-03-21T22:38:37.767+0000] {logging_mixin.py:188} INFO - [2024-03-21T22:38:37.767+0000] {dag.py:3047} INFO - Sync 1 DAGs
[2024-03-21T22:38:37.788+0000] {logging_mixin.py:188} INFO - [2024-03-21T22:38:37.788+0000] {dag.py:3834} INFO - Setting next_dagrun for example_branch_operator to 2024-03-20 00:00:00+00:00, run_after=2024-03-21 00:00:00+00:00
[2024-03-21T22:38:37.812+0000] {processor.py:183} INFO - Processing /home/airflow/.local/lib/python3.8/site-packages/airflow/example_dags/example_branch_operator.py took 0.108 seconds
[2024-03-21T22:39:08.273+0000] {processor.py:161} INFO - Started process (PID=122) to work on /home/airflow/.local/lib/python3.8/site-packages/airflow/example_dags/example_branch_operator.py
[2024-03-21T22:39:08.273+0000] {processor.py:830} INFO - Processing file /home/airflow/.local/lib/python3.8/site-packages/airflow/example_dags/example_branch_operator.py for tasks to queue
[2024-03-21T22:39:08.275+0000] {logging_mixin.py:188} INFO - [2024-03-21T22:39:08.275+0000] {dagbag.py:540} INFO - Filling up the DagBag from /home/airflow/.local/lib/python3.8/site-packages/airflow/example_dags/example_branch_operator.py
[2024-03-21T22:39:08.287+0000] {processor.py:840} INFO - DAG(s) 'example_branch_operator' retrieved from /home/airflow/.local/lib/python3.8/site-packages/airflow/example_dags/example_branch_operator.py
[2024-03-21T22:39:08.363+0000] {logging_mixin.py:188} INFO - [2024-03-21T22:39:08.362+0000] {dag.py:3047} INFO - Sync 1 DAGs
[2024-03-21T22:39:08.378+0000] {logging_mixin.py:188} INFO - [2024-03-21T22:39:08.378+0000] {dag.py:3834} INFO - Setting next_dagrun for example_branch_operator to 2024-03-20 00:00:00+00:00, run_after=2024-03-21 00:00:00+00:00
[2024-03-21T22:39:08.402+0000] {processor.py:183} INFO - Processing /home/airflow/.local/lib/python3.8/site-packages/airflow/example_dags/example_branch_operator.py took 0.132 seconds
[2024-03-21T22:39:38.661+0000] {processor.py:161} INFO - Started process (PID=177) to work on /home/airflow/.local/lib/python3.8/site-packages/airflow/example_dags/example_branch_operator.py
[2024-03-21T22:39:38.662+0000] {processor.py:830} INFO - Processing file /home/airflow/.local/lib/python3.8/site-packages/airflow/example_dags/example_branch_operator.py for tasks to queue
[2024-03-21T22:39:38.664+0000] {logging_mixin.py:188} INFO - [2024-03-21T22:39:38.664+0000] {dagbag.py:540} INFO - Filling up the DagBag from /home/airflow/.local/lib/python3.8/site-packages/airflow/example_dags/example_branch_operator.py
[2024-03-21T22:39:38.680+0000] {processor.py:840} INFO - DAG(s) 'example_branch_operator' retrieved from /home/airflow/.local/lib/python3.8/site-packages/airflow/example_dags/example_branch_operator.py
[2024-03-21T22:39:38.701+0000] {logging_mixin.py:188} INFO - [2024-03-21T22:39:38.701+0000] {dag.py:3047} INFO - Sync 1 DAGs
[2024-03-21T22:39:38.721+0000] {logging_mixin.py:188} INFO - [2024-03-21T22:39:38.721+0000] {dag.py:3834} INFO - Setting next_dagrun for example_branch_operator to 2024-03-20 00:00:00+00:00, run_after=2024-03-21 00:00:00+00:00
[2024-03-21T22:39:38.735+0000] {processor.py:183} INFO - Processing /home/airflow/.local/lib/python3.8/site-packages/airflow/example_dags/example_branch_operator.py took 0.077 seconds
[2024-03-21T22:40:09.019+0000] {processor.py:161} INFO - Started process (PID=232) to work on /home/airflow/.local/lib/python3.8/site-packages/airflow/example_dags/example_branch_operator.py
[2024-03-21T22:40:09.020+0000] {processor.py:830} INFO - Processing file /home/airflow/.local/lib/python3.8/site-packages/airflow/example_dags/example_branch_operator.py for tasks to queue
[2024-03-21T22:40:09.021+0000] {logging_mixin.py:188} INFO - [2024-03-21T22:40:09.021+0000] {dagbag.py:540} INFO - Filling up the DagBag from /home/airflow/.local/lib/python3.8/site-packages/airflow/example_dags/example_branch_operator.py
[2024-03-21T22:40:09.035+0000] {processor.py:840} INFO - DAG(s) 'example_branch_operator' retrieved from /home/airflow/.local/lib/python3.8/site-packages/airflow/example_dags/example_branch_operator.py
[2024-03-21T22:40:09.056+0000] {logging_mixin.py:188} INFO - [2024-03-21T22:40:09.056+0000] {dag.py:3047} INFO - Sync 1 DAGs
[2024-03-21T22:40:09.072+0000] {logging_mixin.py:188} INFO - [2024-03-21T22:40:09.072+0000] {dag.py:3834} INFO - Setting next_dagrun for example_branch_operator to 2024-03-20 00:00:00+00:00, run_after=2024-03-21 00:00:00+00:00
[2024-03-21T22:40:09.086+0000] {processor.py:183} INFO - Processing /home/airflow/.local/lib/python3.8/site-packages/airflow/example_dags/example_branch_operator.py took 0.070 seconds
[2024-03-21T22:40:39.565+0000] {processor.py:161} INFO - Started process (PID=287) to work on /home/airflow/.local/lib/python3.8/site-packages/airflow/example_dags/example_branch_operator.py
[2024-03-21T22:40:39.566+0000] {processor.py:830} INFO - Processing file /home/airflow/.local/lib/python3.8/site-packages/airflow/example_dags/example_branch_operator.py for tasks to queue
[2024-03-21T22:40:39.568+0000] {logging_mixin.py:188} INFO - [2024-03-21T22:40:39.567+0000] {dagbag.py:540} INFO - Filling up the DagBag from /home/airflow/.local/lib/python3.8/site-packages/airflow/example_dags/example_branch_operator.py
[2024-03-21T22:40:39.587+0000] {processor.py:840} INFO - DAG(s) 'example_branch_operator' retrieved from /home/airflow/.local/lib/python3.8/site-packages/airflow/example_dags/example_branch_operator.py
[2024-03-21T22:40:39.611+0000] {logging_mixin.py:188} INFO - [2024-03-21T22:40:39.611+0000] {dag.py:3047} INFO - Sync 1 DAGs
[2024-03-21T22:40:39.632+0000] {logging_mixin.py:188} INFO - [2024-03-21T22:40:39.631+0000] {dag.py:3834} INFO - Setting next_dagrun for example_branch_operator to 2024-03-20 00:00:00+00:00, run_after=2024-03-21 00:00:00+00:00
[2024-03-21T22:40:39.651+0000] {processor.py:183} INFO - Processing /home/airflow/.local/lib/python3.8/site-packages/airflow/example_dags/example_branch_operator.py took 0.090 seconds
[2024-03-21T22:41:09.814+0000] {processor.py:161} INFO - Started process (PID=342) to work on /home/airflow/.local/lib/python3.8/site-packages/airflow/example_dags/example_branch_operator.py
[2024-03-21T22:41:09.815+0000] {processor.py:830} INFO - Processing file /home/airflow/.local/lib/python3.8/site-packages/airflow/example_dags/example_branch_operator.py for tasks to queue
[2024-03-21T22:41:09.816+0000] {logging_mixin.py:188} INFO - [2024-03-21T22:41:09.816+0000] {dagbag.py:540} INFO - Filling up the DagBag from /home/airflow/.local/lib/python3.8/site-packages/airflow/example_dags/example_branch_operator.py
[2024-03-21T22:41:09.829+0000] {processor.py:840} INFO - DAG(s) 'example_branch_operator' retrieved from /home/airflow/.local/lib/python3.8/site-packages/airflow/example_dags/example_branch_operator.py
[2024-03-21T22:41:09.850+0000] {logging_mixin.py:188} INFO - [2024-03-21T22:41:09.850+0000] {dag.py:3047} INFO - Sync 1 DAGs
[2024-03-21T22:41:09.867+0000] {logging_mixin.py:188} INFO - [2024-03-21T22:41:09.867+0000] {dag.py:3834} INFO - Setting next_dagrun for example_branch_operator to 2024-03-20 00:00:00+00:00, run_after=2024-03-21 00:00:00+00:00
[2024-03-21T22:41:09.881+0000] {processor.py:183} INFO - Processing /home/airflow/.local/lib/python3.8/site-packages/airflow/example_dags/example_branch_operator.py took 0.070 seconds
[2024-03-21T22:41:40.136+0000] {processor.py:161} INFO - Started process (PID=397) to work on /home/airflow/.local/lib/python3.8/site-packages/airflow/example_dags/example_branch_operator.py
[2024-03-21T22:41:40.137+0000] {processor.py:830} INFO - Processing file /home/airflow/.local/lib/python3.8/site-packages/airflow/example_dags/example_branch_operator.py for tasks to queue
[2024-03-21T22:41:40.139+0000] {logging_mixin.py:188} INFO - [2024-03-21T22:41:40.139+0000] {dagbag.py:540} INFO - Filling up the DagBag from /home/airflow/.local/lib/python3.8/site-packages/airflow/example_dags/example_branch_operator.py
[2024-03-21T22:41:40.154+0000] {processor.py:840} INFO - DAG(s) 'example_branch_operator' retrieved from /home/airflow/.local/lib/python3.8/site-packages/airflow/example_dags/example_branch_operator.py
[2024-03-21T22:41:40.175+0000] {logging_mixin.py:188} INFO - [2024-03-21T22:41:40.175+0000] {dag.py:3047} INFO - Sync 1 DAGs
[2024-03-21T22:41:40.195+0000] {logging_mixin.py:188} INFO - [2024-03-21T22:41:40.195+0000] {dag.py:3834} INFO - Setting next_dagrun for example_branch_operator to 2024-03-20 00:00:00+00:00, run_after=2024-03-21 00:00:00+00:00
[2024-03-21T22:41:40.211+0000] {processor.py:183} INFO - Processing /home/airflow/.local/lib/python3.8/site-packages/airflow/example_dags/example_branch_operator.py took 0.077 seconds
[2024-03-21T22:42:10.510+0000] {processor.py:161} INFO - Started process (PID=452) to work on /home/airflow/.local/lib/python3.8/site-packages/airflow/example_dags/example_branch_operator.py
[2024-03-21T22:42:10.511+0000] {processor.py:830} INFO - Processing file /home/airflow/.local/lib/python3.8/site-packages/airflow/example_dags/example_branch_operator.py for tasks to queue
[2024-03-21T22:42:10.513+0000] {logging_mixin.py:188} INFO - [2024-03-21T22:42:10.513+0000] {dagbag.py:540} INFO - Filling up the DagBag from /home/airflow/.local/lib/python3.8/site-packages/airflow/example_dags/example_branch_operator.py
[2024-03-21T22:42:10.526+0000] {processor.py:840} INFO - DAG(s) 'example_branch_operator' retrieved from /home/airflow/.local/lib/python3.8/site-packages/airflow/example_dags/example_branch_operator.py
[2024-03-21T22:42:10.548+0000] {logging_mixin.py:188} INFO - [2024-03-21T22:42:10.548+0000] {dag.py:3047} INFO - Sync 1 DAGs
[2024-03-21T22:42:10.564+0000] {logging_mixin.py:188} INFO - [2024-03-21T22:42:10.564+0000] {dag.py:3834} INFO - Setting next_dagrun for example_branch_operator to 2024-03-20 00:00:00+00:00, run_after=2024-03-21 00:00:00+00:00
[2024-03-21T22:42:10.579+0000] {processor.py:183} INFO - Processing /home/airflow/.local/lib/python3.8/site-packages/airflow/example_dags/example_branch_operator.py took 0.073 seconds
[2024-03-21T22:42:40.884+0000] {processor.py:161} INFO - Started process (PID=507) to work on /home/airflow/.local/lib/python3.8/site-packages/airflow/example_dags/example_branch_operator.py
[2024-03-21T22:42:40.884+0000] {processor.py:830} INFO - Processing file /home/airflow/.local/lib/python3.8/site-packages/airflow/example_dags/example_branch_operator.py for tasks to queue
[2024-03-21T22:42:40.886+0000] {logging_mixin.py:188} INFO - [2024-03-21T22:42:40.886+0000] {dagbag.py:540} INFO - Filling up the DagBag from /home/airflow/.local/lib/python3.8/site-packages/airflow/example_dags/example_branch_operator.py
[2024-03-21T22:42:40.898+0000] {processor.py:840} INFO - DAG(s) 'example_branch_operator' retrieved from /home/airflow/.local/lib/python3.8/site-packages/airflow/example_dags/example_branch_operator.py
[2024-03-21T22:42:40.919+0000] {logging_mixin.py:188} INFO - [2024-03-21T22:42:40.918+0000] {dag.py:3047} INFO - Sync 1 DAGs
[2024-03-21T22:42:40.937+0000] {logging_mixin.py:188} INFO - [2024-03-21T22:42:40.937+0000] {dag.py:3834} INFO - Setting next_dagrun for example_branch_operator to 2024-03-20 00:00:00+00:00, run_after=2024-03-21 00:00:00+00:00
[2024-03-21T22:42:40.950+0000] {processor.py:183} INFO - Processing /home/airflow/.local/lib/python3.8/site-packages/airflow/example_dags/example_branch_operator.py took 0.069 seconds
[2024-03-21T22:43:11.368+0000] {processor.py:161} INFO - Started process (PID=562) to work on /home/airflow/.local/lib/python3.8/site-packages/airflow/example_dags/example_branch_operator.py
[2024-03-21T22:43:11.369+0000] {processor.py:830} INFO - Processing file /home/airflow/.local/lib/python3.8/site-packages/airflow/example_dags/example_branch_operator.py for tasks to queue
[2024-03-21T22:43:11.371+0000] {logging_mixin.py:188} INFO - [2024-03-21T22:43:11.371+0000] {dagbag.py:540} INFO - Filling up the DagBag from /home/airflow/.local/lib/python3.8/site-packages/airflow/example_dags/example_branch_operator.py
[2024-03-21T22:43:11.388+0000] {processor.py:840} INFO - DAG(s) 'example_branch_operator' retrieved from /home/airflow/.local/lib/python3.8/site-packages/airflow/example_dags/example_branch_operator.py
[2024-03-21T22:43:11.413+0000] {logging_mixin.py:188} INFO - [2024-03-21T22:43:11.412+0000] {dag.py:3047} INFO - Sync 1 DAGs
[2024-03-21T22:43:11.438+0000] {logging_mixin.py:188} INFO - [2024-03-21T22:43:11.438+0000] {dag.py:3834} INFO - Setting next_dagrun for example_branch_operator to 2024-03-20 00:00:00+00:00, run_after=2024-03-21 00:00:00+00:00
[2024-03-21T22:43:11.455+0000] {processor.py:183} INFO - Processing /home/airflow/.local/lib/python3.8/site-packages/airflow/example_dags/example_branch_operator.py took 0.090 seconds
[2024-03-21T22:43:41.832+0000] {processor.py:161} INFO - Started process (PID=617) to work on /home/airflow/.local/lib/python3.8/site-packages/airflow/example_dags/example_branch_operator.py
[2024-03-21T22:43:41.834+0000] {processor.py:830} INFO - Processing file /home/airflow/.local/lib/python3.8/site-packages/airflow/example_dags/example_branch_operator.py for tasks to queue
[2024-03-21T22:43:41.835+0000] {logging_mixin.py:188} INFO - [2024-03-21T22:43:41.835+0000] {dagbag.py:540} INFO - Filling up the DagBag from /home/airflow/.local/lib/python3.8/site-packages/airflow/example_dags/example_branch_operator.py
[2024-03-21T22:43:41.849+0000] {processor.py:840} INFO - DAG(s) 'example_branch_operator' retrieved from /home/airflow/.local/lib/python3.8/site-packages/airflow/example_dags/example_branch_operator.py
[2024-03-21T22:43:41.875+0000] {logging_mixin.py:188} INFO - [2024-03-21T22:43:41.875+0000] {dag.py:3047} INFO - Sync 1 DAGs
[2024-03-21T22:43:41.894+0000] {logging_mixin.py:188} INFO - [2024-03-21T22:43:41.894+0000] {dag.py:3834} INFO - Setting next_dagrun for example_branch_operator to 2024-03-20 00:00:00+00:00, run_after=2024-03-21 00:00:00+00:00
[2024-03-21T22:43:41.922+0000] {processor.py:183} INFO - Processing /home/airflow/.local/lib/python3.8/site-packages/airflow/example_dags/example_branch_operator.py took 0.094 seconds
