[2024-03-21T22:38:37.404+0000] {processor.py:161} INFO - Started process (PID=64) to work on /home/airflow/.local/lib/python3.8/site-packages/airflow/example_dags/example_latest_only.py
[2024-03-21T22:38:37.407+0000] {processor.py:830} INFO - Processing file /home/airflow/.local/lib/python3.8/site-packages/airflow/example_dags/example_latest_only.py for tasks to queue
[2024-03-21T22:38:37.421+0000] {logging_mixin.py:188} INFO - [2024-03-21T22:38:37.421+0000] {dagbag.py:540} INFO - Filling up the DagBag from /home/airflow/.local/lib/python3.8/site-packages/airflow/example_dags/example_latest_only.py
[2024-03-21T22:38:37.473+0000] {processor.py:840} INFO - DAG(s) 'latest_only' retrieved from /home/airflow/.local/lib/python3.8/site-packages/airflow/example_dags/example_latest_only.py
[2024-03-21T22:38:37.486+0000] {logging_mixin.py:188} INFO - [2024-03-21T22:38:37.486+0000] {dag.py:3047} INFO - Sync 1 DAGs
[2024-03-21T22:38:37.515+0000] {logging_mixin.py:188} INFO - [2024-03-21T22:38:37.515+0000] {dag.py:3834} INFO - Setting next_dagrun for latest_only to 2024-03-21 16:00:00+00:00, run_after=2024-03-21 20:00:00+00:00
[2024-03-21T22:38:37.546+0000] {processor.py:183} INFO - Processing /home/airflow/.local/lib/python3.8/site-packages/airflow/example_dags/example_latest_only.py took 0.166 seconds
[2024-03-21T22:39:07.985+0000] {processor.py:161} INFO - Started process (PID=119) to work on /home/airflow/.local/lib/python3.8/site-packages/airflow/example_dags/example_latest_only.py
[2024-03-21T22:39:07.986+0000] {processor.py:830} INFO - Processing file /home/airflow/.local/lib/python3.8/site-packages/airflow/example_dags/example_latest_only.py for tasks to queue
[2024-03-21T22:39:07.987+0000] {logging_mixin.py:188} INFO - [2024-03-21T22:39:07.987+0000] {dagbag.py:540} INFO - Filling up the DagBag from /home/airflow/.local/lib/python3.8/site-packages/airflow/example_dags/example_latest_only.py
[2024-03-21T22:39:07.991+0000] {processor.py:840} INFO - DAG(s) 'latest_only' retrieved from /home/airflow/.local/lib/python3.8/site-packages/airflow/example_dags/example_latest_only.py
[2024-03-21T22:39:08.063+0000] {logging_mixin.py:188} INFO - [2024-03-21T22:39:08.063+0000] {dag.py:3047} INFO - Sync 1 DAGs
[2024-03-21T22:39:08.078+0000] {logging_mixin.py:188} INFO - [2024-03-21T22:39:08.078+0000] {dag.py:3834} INFO - Setting next_dagrun for latest_only to 2024-03-21 16:00:00+00:00, run_after=2024-03-21 20:00:00+00:00
[2024-03-21T22:39:08.101+0000] {processor.py:183} INFO - Processing /home/airflow/.local/lib/python3.8/site-packages/airflow/example_dags/example_latest_only.py took 0.119 seconds
[2024-03-21T22:39:38.508+0000] {processor.py:161} INFO - Started process (PID=174) to work on /home/airflow/.local/lib/python3.8/site-packages/airflow/example_dags/example_latest_only.py
[2024-03-21T22:39:38.509+0000] {processor.py:830} INFO - Processing file /home/airflow/.local/lib/python3.8/site-packages/airflow/example_dags/example_latest_only.py for tasks to queue
[2024-03-21T22:39:38.511+0000] {logging_mixin.py:188} INFO - [2024-03-21T22:39:38.510+0000] {dagbag.py:540} INFO - Filling up the DagBag from /home/airflow/.local/lib/python3.8/site-packages/airflow/example_dags/example_latest_only.py
[2024-03-21T22:39:38.515+0000] {processor.py:840} INFO - DAG(s) 'latest_only' retrieved from /home/airflow/.local/lib/python3.8/site-packages/airflow/example_dags/example_latest_only.py
[2024-03-21T22:39:38.533+0000] {logging_mixin.py:188} INFO - [2024-03-21T22:39:38.532+0000] {dag.py:3047} INFO - Sync 1 DAGs
[2024-03-21T22:39:38.551+0000] {logging_mixin.py:188} INFO - [2024-03-21T22:39:38.551+0000] {dag.py:3834} INFO - Setting next_dagrun for latest_only to 2024-03-21 16:00:00+00:00, run_after=2024-03-21 20:00:00+00:00
[2024-03-21T22:39:38.569+0000] {processor.py:183} INFO - Processing /home/airflow/.local/lib/python3.8/site-packages/airflow/example_dags/example_latest_only.py took 0.063 seconds
[2024-03-21T22:40:08.838+0000] {processor.py:161} INFO - Started process (PID=229) to work on /home/airflow/.local/lib/python3.8/site-packages/airflow/example_dags/example_latest_only.py
[2024-03-21T22:40:08.839+0000] {processor.py:830} INFO - Processing file /home/airflow/.local/lib/python3.8/site-packages/airflow/example_dags/example_latest_only.py for tasks to queue
[2024-03-21T22:40:08.841+0000] {logging_mixin.py:188} INFO - [2024-03-21T22:40:08.841+0000] {dagbag.py:540} INFO - Filling up the DagBag from /home/airflow/.local/lib/python3.8/site-packages/airflow/example_dags/example_latest_only.py
[2024-03-21T22:40:08.848+0000] {processor.py:840} INFO - DAG(s) 'latest_only' retrieved from /home/airflow/.local/lib/python3.8/site-packages/airflow/example_dags/example_latest_only.py
[2024-03-21T22:40:08.869+0000] {logging_mixin.py:188} INFO - [2024-03-21T22:40:08.869+0000] {dag.py:3047} INFO - Sync 1 DAGs
[2024-03-21T22:40:08.889+0000] {logging_mixin.py:188} INFO - [2024-03-21T22:40:08.889+0000] {dag.py:3834} INFO - Setting next_dagrun for latest_only to 2024-03-21 16:00:00+00:00, run_after=2024-03-21 20:00:00+00:00
[2024-03-21T22:40:08.904+0000] {processor.py:183} INFO - Processing /home/airflow/.local/lib/python3.8/site-packages/airflow/example_dags/example_latest_only.py took 0.069 seconds
[2024-03-21T22:40:39.358+0000] {processor.py:161} INFO - Started process (PID=284) to work on /home/airflow/.local/lib/python3.8/site-packages/airflow/example_dags/example_latest_only.py
[2024-03-21T22:40:39.359+0000] {processor.py:830} INFO - Processing file /home/airflow/.local/lib/python3.8/site-packages/airflow/example_dags/example_latest_only.py for tasks to queue
[2024-03-21T22:40:39.361+0000] {logging_mixin.py:188} INFO - [2024-03-21T22:40:39.361+0000] {dagbag.py:540} INFO - Filling up the DagBag from /home/airflow/.local/lib/python3.8/site-packages/airflow/example_dags/example_latest_only.py
[2024-03-21T22:40:39.366+0000] {processor.py:840} INFO - DAG(s) 'latest_only' retrieved from /home/airflow/.local/lib/python3.8/site-packages/airflow/example_dags/example_latest_only.py
[2024-03-21T22:40:39.389+0000] {logging_mixin.py:188} INFO - [2024-03-21T22:40:39.389+0000] {dag.py:3047} INFO - Sync 1 DAGs
[2024-03-21T22:40:39.410+0000] {logging_mixin.py:188} INFO - [2024-03-21T22:40:39.410+0000] {dag.py:3834} INFO - Setting next_dagrun for latest_only to 2024-03-21 16:00:00+00:00, run_after=2024-03-21 20:00:00+00:00
[2024-03-21T22:40:39.426+0000] {processor.py:183} INFO - Processing /home/airflow/.local/lib/python3.8/site-packages/airflow/example_dags/example_latest_only.py took 0.072 seconds
[2024-03-21T22:41:09.709+0000] {processor.py:161} INFO - Started process (PID=339) to work on /home/airflow/.local/lib/python3.8/site-packages/airflow/example_dags/example_latest_only.py
[2024-03-21T22:41:09.710+0000] {processor.py:830} INFO - Processing file /home/airflow/.local/lib/python3.8/site-packages/airflow/example_dags/example_latest_only.py for tasks to queue
[2024-03-21T22:41:09.712+0000] {logging_mixin.py:188} INFO - [2024-03-21T22:41:09.711+0000] {dagbag.py:540} INFO - Filling up the DagBag from /home/airflow/.local/lib/python3.8/site-packages/airflow/example_dags/example_latest_only.py
[2024-03-21T22:41:09.716+0000] {processor.py:840} INFO - DAG(s) 'latest_only' retrieved from /home/airflow/.local/lib/python3.8/site-packages/airflow/example_dags/example_latest_only.py
[2024-03-21T22:41:09.731+0000] {logging_mixin.py:188} INFO - [2024-03-21T22:41:09.731+0000] {dag.py:3047} INFO - Sync 1 DAGs
[2024-03-21T22:41:09.748+0000] {logging_mixin.py:188} INFO - [2024-03-21T22:41:09.747+0000] {dag.py:3834} INFO - Setting next_dagrun for latest_only to 2024-03-21 16:00:00+00:00, run_after=2024-03-21 20:00:00+00:00
[2024-03-21T22:41:09.761+0000] {processor.py:183} INFO - Processing /home/airflow/.local/lib/python3.8/site-packages/airflow/example_dags/example_latest_only.py took 0.055 seconds
[2024-03-21T22:41:40.024+0000] {processor.py:161} INFO - Started process (PID=394) to work on /home/airflow/.local/lib/python3.8/site-packages/airflow/example_dags/example_latest_only.py
[2024-03-21T22:41:40.024+0000] {processor.py:830} INFO - Processing file /home/airflow/.local/lib/python3.8/site-packages/airflow/example_dags/example_latest_only.py for tasks to queue
[2024-03-21T22:41:40.026+0000] {logging_mixin.py:188} INFO - [2024-03-21T22:41:40.026+0000] {dagbag.py:540} INFO - Filling up the DagBag from /home/airflow/.local/lib/python3.8/site-packages/airflow/example_dags/example_latest_only.py
[2024-03-21T22:41:40.031+0000] {processor.py:840} INFO - DAG(s) 'latest_only' retrieved from /home/airflow/.local/lib/python3.8/site-packages/airflow/example_dags/example_latest_only.py
[2024-03-21T22:41:40.049+0000] {logging_mixin.py:188} INFO - [2024-03-21T22:41:40.049+0000] {dag.py:3047} INFO - Sync 1 DAGs
[2024-03-21T22:41:40.070+0000] {logging_mixin.py:188} INFO - [2024-03-21T22:41:40.070+0000] {dag.py:3834} INFO - Setting next_dagrun for latest_only to 2024-03-21 16:00:00+00:00, run_after=2024-03-21 20:00:00+00:00
[2024-03-21T22:41:40.086+0000] {processor.py:183} INFO - Processing /home/airflow/.local/lib/python3.8/site-packages/airflow/example_dags/example_latest_only.py took 0.065 seconds
[2024-03-21T22:42:10.356+0000] {processor.py:161} INFO - Started process (PID=449) to work on /home/airflow/.local/lib/python3.8/site-packages/airflow/example_dags/example_latest_only.py
[2024-03-21T22:42:10.357+0000] {processor.py:830} INFO - Processing file /home/airflow/.local/lib/python3.8/site-packages/airflow/example_dags/example_latest_only.py for tasks to queue
[2024-03-21T22:42:10.359+0000] {logging_mixin.py:188} INFO - [2024-03-21T22:42:10.358+0000] {dagbag.py:540} INFO - Filling up the DagBag from /home/airflow/.local/lib/python3.8/site-packages/airflow/example_dags/example_latest_only.py
[2024-03-21T22:42:10.363+0000] {processor.py:840} INFO - DAG(s) 'latest_only' retrieved from /home/airflow/.local/lib/python3.8/site-packages/airflow/example_dags/example_latest_only.py
[2024-03-21T22:42:10.379+0000] {logging_mixin.py:188} INFO - [2024-03-21T22:42:10.378+0000] {dag.py:3047} INFO - Sync 1 DAGs
[2024-03-21T22:42:10.396+0000] {logging_mixin.py:188} INFO - [2024-03-21T22:42:10.396+0000] {dag.py:3834} INFO - Setting next_dagrun for latest_only to 2024-03-21 16:00:00+00:00, run_after=2024-03-21 20:00:00+00:00
[2024-03-21T22:42:10.412+0000] {processor.py:183} INFO - Processing /home/airflow/.local/lib/python3.8/site-packages/airflow/example_dags/example_latest_only.py took 0.059 seconds
[2024-03-21T22:42:40.783+0000] {processor.py:161} INFO - Started process (PID=504) to work on /home/airflow/.local/lib/python3.8/site-packages/airflow/example_dags/example_latest_only.py
[2024-03-21T22:42:40.783+0000] {processor.py:830} INFO - Processing file /home/airflow/.local/lib/python3.8/site-packages/airflow/example_dags/example_latest_only.py for tasks to queue
[2024-03-21T22:42:40.785+0000] {logging_mixin.py:188} INFO - [2024-03-21T22:42:40.785+0000] {dagbag.py:540} INFO - Filling up the DagBag from /home/airflow/.local/lib/python3.8/site-packages/airflow/example_dags/example_latest_only.py
[2024-03-21T22:42:40.790+0000] {processor.py:840} INFO - DAG(s) 'latest_only' retrieved from /home/airflow/.local/lib/python3.8/site-packages/airflow/example_dags/example_latest_only.py
[2024-03-21T22:42:40.806+0000] {logging_mixin.py:188} INFO - [2024-03-21T22:42:40.806+0000] {dag.py:3047} INFO - Sync 1 DAGs
[2024-03-21T22:42:40.824+0000] {logging_mixin.py:188} INFO - [2024-03-21T22:42:40.824+0000] {dag.py:3834} INFO - Setting next_dagrun for latest_only to 2024-03-21 16:00:00+00:00, run_after=2024-03-21 20:00:00+00:00
[2024-03-21T22:42:40.837+0000] {processor.py:183} INFO - Processing /home/airflow/.local/lib/python3.8/site-packages/airflow/example_dags/example_latest_only.py took 0.057 seconds
[2024-03-21T22:43:11.251+0000] {processor.py:161} INFO - Started process (PID=559) to work on /home/airflow/.local/lib/python3.8/site-packages/airflow/example_dags/example_latest_only.py
[2024-03-21T22:43:11.252+0000] {processor.py:830} INFO - Processing file /home/airflow/.local/lib/python3.8/site-packages/airflow/example_dags/example_latest_only.py for tasks to queue
[2024-03-21T22:43:11.255+0000] {logging_mixin.py:188} INFO - [2024-03-21T22:43:11.254+0000] {dagbag.py:540} INFO - Filling up the DagBag from /home/airflow/.local/lib/python3.8/site-packages/airflow/example_dags/example_latest_only.py
[2024-03-21T22:43:11.260+0000] {processor.py:840} INFO - DAG(s) 'latest_only' retrieved from /home/airflow/.local/lib/python3.8/site-packages/airflow/example_dags/example_latest_only.py
[2024-03-21T22:43:11.278+0000] {logging_mixin.py:188} INFO - [2024-03-21T22:43:11.277+0000] {dag.py:3047} INFO - Sync 1 DAGs
[2024-03-21T22:43:11.300+0000] {logging_mixin.py:188} INFO - [2024-03-21T22:43:11.299+0000] {dag.py:3834} INFO - Setting next_dagrun for latest_only to 2024-03-21 16:00:00+00:00, run_after=2024-03-21 20:00:00+00:00
[2024-03-21T22:43:11.316+0000] {processor.py:183} INFO - Processing /home/airflow/.local/lib/python3.8/site-packages/airflow/example_dags/example_latest_only.py took 0.068 seconds
[2024-03-21T22:43:41.692+0000] {processor.py:161} INFO - Started process (PID=614) to work on /home/airflow/.local/lib/python3.8/site-packages/airflow/example_dags/example_latest_only.py
[2024-03-21T22:43:41.693+0000] {processor.py:830} INFO - Processing file /home/airflow/.local/lib/python3.8/site-packages/airflow/example_dags/example_latest_only.py for tasks to queue
[2024-03-21T22:43:41.695+0000] {logging_mixin.py:188} INFO - [2024-03-21T22:43:41.695+0000] {dagbag.py:540} INFO - Filling up the DagBag from /home/airflow/.local/lib/python3.8/site-packages/airflow/example_dags/example_latest_only.py
[2024-03-21T22:43:41.700+0000] {processor.py:840} INFO - DAG(s) 'latest_only' retrieved from /home/airflow/.local/lib/python3.8/site-packages/airflow/example_dags/example_latest_only.py
[2024-03-21T22:43:41.718+0000] {logging_mixin.py:188} INFO - [2024-03-21T22:43:41.717+0000] {dag.py:3047} INFO - Sync 1 DAGs
[2024-03-21T22:43:41.739+0000] {logging_mixin.py:188} INFO - [2024-03-21T22:43:41.739+0000] {dag.py:3834} INFO - Setting next_dagrun for latest_only to 2024-03-21 16:00:00+00:00, run_after=2024-03-21 20:00:00+00:00
[2024-03-21T22:43:41.755+0000] {processor.py:183} INFO - Processing /home/airflow/.local/lib/python3.8/site-packages/airflow/example_dags/example_latest_only.py took 0.066 seconds
