[2024-03-21T22:38:39.399+0000] {processor.py:161} INFO - Started process (PID=81) to work on /home/airflow/.local/lib/python3.8/site-packages/airflow/example_dags/example_external_task_marker_dag.py
[2024-03-21T22:38:39.402+0000] {processor.py:830} INFO - Processing file /home/airflow/.local/lib/python3.8/site-packages/airflow/example_dags/example_external_task_marker_dag.py for tasks to queue
[2024-03-21T22:38:39.407+0000] {logging_mixin.py:188} INFO - [2024-03-21T22:38:39.406+0000] {dagbag.py:540} INFO - Filling up the DagBag from /home/airflow/.local/lib/python3.8/site-packages/airflow/example_dags/example_external_task_marker_dag.py
[2024-03-21T22:38:39.430+0000] {processor.py:840} INFO - DAG(s) 'example_external_task_marker_child', 'example_external_task_marker_parent' retrieved from /home/airflow/.local/lib/python3.8/site-packages/airflow/example_dags/example_external_task_marker_dag.py
[2024-03-21T22:38:39.464+0000] {logging_mixin.py:188} INFO - [2024-03-21T22:38:39.463+0000] {dag.py:3047} INFO - Sync 2 DAGs
[2024-03-21T22:38:39.484+0000] {logging_mixin.py:188} INFO - [2024-03-21T22:38:39.484+0000] {dag.py:3834} INFO - Setting next_dagrun for example_external_task_marker_child to None, run_after=None
[2024-03-21T22:38:39.490+0000] {logging_mixin.py:188} INFO - [2024-03-21T22:38:39.490+0000] {dag.py:3834} INFO - Setting next_dagrun for example_external_task_marker_parent to None, run_after=None
[2024-03-21T22:38:39.526+0000] {processor.py:183} INFO - Processing /home/airflow/.local/lib/python3.8/site-packages/airflow/example_dags/example_external_task_marker_dag.py took 0.136 seconds
[2024-03-21T22:39:09.862+0000] {processor.py:161} INFO - Started process (PID=136) to work on /home/airflow/.local/lib/python3.8/site-packages/airflow/example_dags/example_external_task_marker_dag.py
[2024-03-21T22:39:09.863+0000] {processor.py:830} INFO - Processing file /home/airflow/.local/lib/python3.8/site-packages/airflow/example_dags/example_external_task_marker_dag.py for tasks to queue
[2024-03-21T22:39:09.865+0000] {logging_mixin.py:188} INFO - [2024-03-21T22:39:09.864+0000] {dagbag.py:540} INFO - Filling up the DagBag from /home/airflow/.local/lib/python3.8/site-packages/airflow/example_dags/example_external_task_marker_dag.py
[2024-03-21T22:39:09.871+0000] {processor.py:840} INFO - DAG(s) 'example_external_task_marker_child', 'example_external_task_marker_parent' retrieved from /home/airflow/.local/lib/python3.8/site-packages/airflow/example_dags/example_external_task_marker_dag.py
[2024-03-21T22:39:09.962+0000] {logging_mixin.py:188} INFO - [2024-03-21T22:39:09.962+0000] {dag.py:3047} INFO - Sync 2 DAGs
[2024-03-21T22:39:09.972+0000] {logging_mixin.py:188} INFO - [2024-03-21T22:39:09.971+0000] {dag.py:3834} INFO - Setting next_dagrun for example_external_task_marker_child to None, run_after=None
[2024-03-21T22:39:09.975+0000] {logging_mixin.py:188} INFO - [2024-03-21T22:39:09.975+0000] {dag.py:3834} INFO - Setting next_dagrun for example_external_task_marker_parent to None, run_after=None
[2024-03-21T22:39:10.001+0000] {processor.py:183} INFO - Processing /home/airflow/.local/lib/python3.8/site-packages/airflow/example_dags/example_external_task_marker_dag.py took 0.143 seconds
[2024-03-21T22:39:40.242+0000] {processor.py:161} INFO - Started process (PID=191) to work on /home/airflow/.local/lib/python3.8/site-packages/airflow/example_dags/example_external_task_marker_dag.py
[2024-03-21T22:39:40.243+0000] {processor.py:830} INFO - Processing file /home/airflow/.local/lib/python3.8/site-packages/airflow/example_dags/example_external_task_marker_dag.py for tasks to queue
[2024-03-21T22:39:40.244+0000] {logging_mixin.py:188} INFO - [2024-03-21T22:39:40.244+0000] {dagbag.py:540} INFO - Filling up the DagBag from /home/airflow/.local/lib/python3.8/site-packages/airflow/example_dags/example_external_task_marker_dag.py
[2024-03-21T22:39:40.250+0000] {processor.py:840} INFO - DAG(s) 'example_external_task_marker_child', 'example_external_task_marker_parent' retrieved from /home/airflow/.local/lib/python3.8/site-packages/airflow/example_dags/example_external_task_marker_dag.py
[2024-03-21T22:39:40.271+0000] {logging_mixin.py:188} INFO - [2024-03-21T22:39:40.271+0000] {dag.py:3047} INFO - Sync 2 DAGs
[2024-03-21T22:39:40.280+0000] {logging_mixin.py:188} INFO - [2024-03-21T22:39:40.280+0000] {dag.py:3834} INFO - Setting next_dagrun for example_external_task_marker_child to None, run_after=None
[2024-03-21T22:39:40.283+0000] {logging_mixin.py:188} INFO - [2024-03-21T22:39:40.283+0000] {dag.py:3834} INFO - Setting next_dagrun for example_external_task_marker_parent to None, run_after=None
[2024-03-21T22:39:40.298+0000] {processor.py:183} INFO - Processing /home/airflow/.local/lib/python3.8/site-packages/airflow/example_dags/example_external_task_marker_dag.py took 0.059 seconds
[2024-03-21T22:40:10.694+0000] {processor.py:161} INFO - Started process (PID=246) to work on /home/airflow/.local/lib/python3.8/site-packages/airflow/example_dags/example_external_task_marker_dag.py
[2024-03-21T22:40:10.695+0000] {processor.py:830} INFO - Processing file /home/airflow/.local/lib/python3.8/site-packages/airflow/example_dags/example_external_task_marker_dag.py for tasks to queue
[2024-03-21T22:40:10.697+0000] {logging_mixin.py:188} INFO - [2024-03-21T22:40:10.696+0000] {dagbag.py:540} INFO - Filling up the DagBag from /home/airflow/.local/lib/python3.8/site-packages/airflow/example_dags/example_external_task_marker_dag.py
[2024-03-21T22:40:10.702+0000] {processor.py:840} INFO - DAG(s) 'example_external_task_marker_child', 'example_external_task_marker_parent' retrieved from /home/airflow/.local/lib/python3.8/site-packages/airflow/example_dags/example_external_task_marker_dag.py
[2024-03-21T22:40:10.724+0000] {logging_mixin.py:188} INFO - [2024-03-21T22:40:10.724+0000] {dag.py:3047} INFO - Sync 2 DAGs
[2024-03-21T22:40:10.736+0000] {logging_mixin.py:188} INFO - [2024-03-21T22:40:10.735+0000] {dag.py:3834} INFO - Setting next_dagrun for example_external_task_marker_child to None, run_after=None
[2024-03-21T22:40:10.739+0000] {logging_mixin.py:188} INFO - [2024-03-21T22:40:10.738+0000] {dag.py:3834} INFO - Setting next_dagrun for example_external_task_marker_parent to None, run_after=None
[2024-03-21T22:40:10.752+0000] {processor.py:183} INFO - Processing /home/airflow/.local/lib/python3.8/site-packages/airflow/example_dags/example_external_task_marker_dag.py took 0.060 seconds
[2024-03-21T22:40:41.282+0000] {processor.py:161} INFO - Started process (PID=301) to work on /home/airflow/.local/lib/python3.8/site-packages/airflow/example_dags/example_external_task_marker_dag.py
[2024-03-21T22:40:41.283+0000] {processor.py:830} INFO - Processing file /home/airflow/.local/lib/python3.8/site-packages/airflow/example_dags/example_external_task_marker_dag.py for tasks to queue
[2024-03-21T22:40:41.285+0000] {logging_mixin.py:188} INFO - [2024-03-21T22:40:41.285+0000] {dagbag.py:540} INFO - Filling up the DagBag from /home/airflow/.local/lib/python3.8/site-packages/airflow/example_dags/example_external_task_marker_dag.py
[2024-03-21T22:40:41.290+0000] {processor.py:840} INFO - DAG(s) 'example_external_task_marker_parent', 'example_external_task_marker_child' retrieved from /home/airflow/.local/lib/python3.8/site-packages/airflow/example_dags/example_external_task_marker_dag.py
[2024-03-21T22:40:41.309+0000] {logging_mixin.py:188} INFO - [2024-03-21T22:40:41.309+0000] {dag.py:3047} INFO - Sync 2 DAGs
[2024-03-21T22:40:41.319+0000] {logging_mixin.py:188} INFO - [2024-03-21T22:40:41.319+0000] {dag.py:3834} INFO - Setting next_dagrun for example_external_task_marker_child to None, run_after=None
[2024-03-21T22:40:41.322+0000] {logging_mixin.py:188} INFO - [2024-03-21T22:40:41.322+0000] {dag.py:3834} INFO - Setting next_dagrun for example_external_task_marker_parent to None, run_after=None
[2024-03-21T22:40:41.335+0000] {processor.py:183} INFO - Processing /home/airflow/.local/lib/python3.8/site-packages/airflow/example_dags/example_external_task_marker_dag.py took 0.056 seconds
[2024-03-21T22:41:11.498+0000] {processor.py:161} INFO - Started process (PID=356) to work on /home/airflow/.local/lib/python3.8/site-packages/airflow/example_dags/example_external_task_marker_dag.py
[2024-03-21T22:41:11.499+0000] {processor.py:830} INFO - Processing file /home/airflow/.local/lib/python3.8/site-packages/airflow/example_dags/example_external_task_marker_dag.py for tasks to queue
[2024-03-21T22:41:11.501+0000] {logging_mixin.py:188} INFO - [2024-03-21T22:41:11.501+0000] {dagbag.py:540} INFO - Filling up the DagBag from /home/airflow/.local/lib/python3.8/site-packages/airflow/example_dags/example_external_task_marker_dag.py
[2024-03-21T22:41:11.506+0000] {processor.py:840} INFO - DAG(s) 'example_external_task_marker_child', 'example_external_task_marker_parent' retrieved from /home/airflow/.local/lib/python3.8/site-packages/airflow/example_dags/example_external_task_marker_dag.py
[2024-03-21T22:41:11.526+0000] {logging_mixin.py:188} INFO - [2024-03-21T22:41:11.526+0000] {dag.py:3047} INFO - Sync 2 DAGs
[2024-03-21T22:41:11.535+0000] {logging_mixin.py:188} INFO - [2024-03-21T22:41:11.535+0000] {dag.py:3834} INFO - Setting next_dagrun for example_external_task_marker_child to None, run_after=None
[2024-03-21T22:41:11.538+0000] {logging_mixin.py:188} INFO - [2024-03-21T22:41:11.538+0000] {dag.py:3834} INFO - Setting next_dagrun for example_external_task_marker_parent to None, run_after=None
[2024-03-21T22:41:11.552+0000] {processor.py:183} INFO - Processing /home/airflow/.local/lib/python3.8/site-packages/airflow/example_dags/example_external_task_marker_dag.py took 0.057 seconds
[2024-03-21T22:41:41.826+0000] {processor.py:161} INFO - Started process (PID=411) to work on /home/airflow/.local/lib/python3.8/site-packages/airflow/example_dags/example_external_task_marker_dag.py
[2024-03-21T22:41:41.827+0000] {processor.py:830} INFO - Processing file /home/airflow/.local/lib/python3.8/site-packages/airflow/example_dags/example_external_task_marker_dag.py for tasks to queue
[2024-03-21T22:41:41.828+0000] {logging_mixin.py:188} INFO - [2024-03-21T22:41:41.828+0000] {dagbag.py:540} INFO - Filling up the DagBag from /home/airflow/.local/lib/python3.8/site-packages/airflow/example_dags/example_external_task_marker_dag.py
[2024-03-21T22:41:41.834+0000] {processor.py:840} INFO - DAG(s) 'example_external_task_marker_parent', 'example_external_task_marker_child' retrieved from /home/airflow/.local/lib/python3.8/site-packages/airflow/example_dags/example_external_task_marker_dag.py
[2024-03-21T22:41:41.853+0000] {logging_mixin.py:188} INFO - [2024-03-21T22:41:41.853+0000] {dag.py:3047} INFO - Sync 2 DAGs
[2024-03-21T22:41:41.865+0000] {logging_mixin.py:188} INFO - [2024-03-21T22:41:41.865+0000] {dag.py:3834} INFO - Setting next_dagrun for example_external_task_marker_child to None, run_after=None
[2024-03-21T22:41:41.869+0000] {logging_mixin.py:188} INFO - [2024-03-21T22:41:41.869+0000] {dag.py:3834} INFO - Setting next_dagrun for example_external_task_marker_parent to None, run_after=None
[2024-03-21T22:41:41.885+0000] {processor.py:183} INFO - Processing /home/airflow/.local/lib/python3.8/site-packages/airflow/example_dags/example_external_task_marker_dag.py took 0.061 seconds
[2024-03-21T22:42:12.190+0000] {processor.py:161} INFO - Started process (PID=466) to work on /home/airflow/.local/lib/python3.8/site-packages/airflow/example_dags/example_external_task_marker_dag.py
[2024-03-21T22:42:12.191+0000] {processor.py:830} INFO - Processing file /home/airflow/.local/lib/python3.8/site-packages/airflow/example_dags/example_external_task_marker_dag.py for tasks to queue
[2024-03-21T22:42:12.193+0000] {logging_mixin.py:188} INFO - [2024-03-21T22:42:12.193+0000] {dagbag.py:540} INFO - Filling up the DagBag from /home/airflow/.local/lib/python3.8/site-packages/airflow/example_dags/example_external_task_marker_dag.py
[2024-03-21T22:42:12.199+0000] {processor.py:840} INFO - DAG(s) 'example_external_task_marker_child', 'example_external_task_marker_parent' retrieved from /home/airflow/.local/lib/python3.8/site-packages/airflow/example_dags/example_external_task_marker_dag.py
[2024-03-21T22:42:12.217+0000] {logging_mixin.py:188} INFO - [2024-03-21T22:42:12.216+0000] {dag.py:3047} INFO - Sync 2 DAGs
[2024-03-21T22:42:12.226+0000] {logging_mixin.py:188} INFO - [2024-03-21T22:42:12.226+0000] {dag.py:3834} INFO - Setting next_dagrun for example_external_task_marker_child to None, run_after=None
[2024-03-21T22:42:12.229+0000] {logging_mixin.py:188} INFO - [2024-03-21T22:42:12.228+0000] {dag.py:3834} INFO - Setting next_dagrun for example_external_task_marker_parent to None, run_after=None
[2024-03-21T22:42:12.249+0000] {processor.py:183} INFO - Processing /home/airflow/.local/lib/python3.8/site-packages/airflow/example_dags/example_external_task_marker_dag.py took 0.061 seconds
[2024-03-21T22:42:42.588+0000] {processor.py:161} INFO - Started process (PID=521) to work on /home/airflow/.local/lib/python3.8/site-packages/airflow/example_dags/example_external_task_marker_dag.py
[2024-03-21T22:42:42.589+0000] {processor.py:830} INFO - Processing file /home/airflow/.local/lib/python3.8/site-packages/airflow/example_dags/example_external_task_marker_dag.py for tasks to queue
[2024-03-21T22:42:42.590+0000] {logging_mixin.py:188} INFO - [2024-03-21T22:42:42.590+0000] {dagbag.py:540} INFO - Filling up the DagBag from /home/airflow/.local/lib/python3.8/site-packages/airflow/example_dags/example_external_task_marker_dag.py
[2024-03-21T22:42:42.595+0000] {processor.py:840} INFO - DAG(s) 'example_external_task_marker_parent', 'example_external_task_marker_child' retrieved from /home/airflow/.local/lib/python3.8/site-packages/airflow/example_dags/example_external_task_marker_dag.py
[2024-03-21T22:42:42.620+0000] {logging_mixin.py:188} INFO - [2024-03-21T22:42:42.620+0000] {dag.py:3047} INFO - Sync 2 DAGs
[2024-03-21T22:42:42.631+0000] {logging_mixin.py:188} INFO - [2024-03-21T22:42:42.630+0000] {dag.py:3834} INFO - Setting next_dagrun for example_external_task_marker_child to None, run_after=None
[2024-03-21T22:42:42.633+0000] {logging_mixin.py:188} INFO - [2024-03-21T22:42:42.633+0000] {dag.py:3834} INFO - Setting next_dagrun for example_external_task_marker_parent to None, run_after=None
[2024-03-21T22:42:42.650+0000] {processor.py:183} INFO - Processing /home/airflow/.local/lib/python3.8/site-packages/airflow/example_dags/example_external_task_marker_dag.py took 0.065 seconds
[2024-03-21T22:43:13.087+0000] {processor.py:161} INFO - Started process (PID=576) to work on /home/airflow/.local/lib/python3.8/site-packages/airflow/example_dags/example_external_task_marker_dag.py
[2024-03-21T22:43:13.088+0000] {processor.py:830} INFO - Processing file /home/airflow/.local/lib/python3.8/site-packages/airflow/example_dags/example_external_task_marker_dag.py for tasks to queue
[2024-03-21T22:43:13.089+0000] {logging_mixin.py:188} INFO - [2024-03-21T22:43:13.089+0000] {dagbag.py:540} INFO - Filling up the DagBag from /home/airflow/.local/lib/python3.8/site-packages/airflow/example_dags/example_external_task_marker_dag.py
[2024-03-21T22:43:13.094+0000] {processor.py:840} INFO - DAG(s) 'example_external_task_marker_child', 'example_external_task_marker_parent' retrieved from /home/airflow/.local/lib/python3.8/site-packages/airflow/example_dags/example_external_task_marker_dag.py
[2024-03-21T22:43:13.116+0000] {logging_mixin.py:188} INFO - [2024-03-21T22:43:13.115+0000] {dag.py:3047} INFO - Sync 2 DAGs
[2024-03-21T22:43:13.126+0000] {logging_mixin.py:188} INFO - [2024-03-21T22:43:13.126+0000] {dag.py:3834} INFO - Setting next_dagrun for example_external_task_marker_child to None, run_after=None
[2024-03-21T22:43:13.129+0000] {logging_mixin.py:188} INFO - [2024-03-21T22:43:13.129+0000] {dag.py:3834} INFO - Setting next_dagrun for example_external_task_marker_parent to None, run_after=None
[2024-03-21T22:43:13.140+0000] {processor.py:183} INFO - Processing /home/airflow/.local/lib/python3.8/site-packages/airflow/example_dags/example_external_task_marker_dag.py took 0.056 seconds
[2024-03-21T22:43:43.655+0000] {processor.py:161} INFO - Started process (PID=631) to work on /home/airflow/.local/lib/python3.8/site-packages/airflow/example_dags/example_external_task_marker_dag.py
[2024-03-21T22:43:43.656+0000] {processor.py:830} INFO - Processing file /home/airflow/.local/lib/python3.8/site-packages/airflow/example_dags/example_external_task_marker_dag.py for tasks to queue
[2024-03-21T22:43:43.658+0000] {logging_mixin.py:188} INFO - [2024-03-21T22:43:43.657+0000] {dagbag.py:540} INFO - Filling up the DagBag from /home/airflow/.local/lib/python3.8/site-packages/airflow/example_dags/example_external_task_marker_dag.py
[2024-03-21T22:43:43.666+0000] {processor.py:840} INFO - DAG(s) 'example_external_task_marker_parent', 'example_external_task_marker_child' retrieved from /home/airflow/.local/lib/python3.8/site-packages/airflow/example_dags/example_external_task_marker_dag.py
[2024-03-21T22:43:43.685+0000] {logging_mixin.py:188} INFO - [2024-03-21T22:43:43.685+0000] {dag.py:3047} INFO - Sync 2 DAGs
[2024-03-21T22:43:43.695+0000] {logging_mixin.py:188} INFO - [2024-03-21T22:43:43.695+0000] {dag.py:3834} INFO - Setting next_dagrun for example_external_task_marker_child to None, run_after=None
[2024-03-21T22:43:43.698+0000] {logging_mixin.py:188} INFO - [2024-03-21T22:43:43.697+0000] {dag.py:3834} INFO - Setting next_dagrun for example_external_task_marker_parent to None, run_after=None
[2024-03-21T22:43:43.711+0000] {processor.py:183} INFO - Processing /home/airflow/.local/lib/python3.8/site-packages/airflow/example_dags/example_external_task_marker_dag.py took 0.059 seconds
