[2024-03-21T22:38:37.007+0000] {processor.py:161} INFO - Started process (PID=60) to work on /home/airflow/.local/lib/python3.8/site-packages/airflow/example_dags/example_setup_teardown.py
[2024-03-21T22:38:37.010+0000] {processor.py:830} INFO - Processing file /home/airflow/.local/lib/python3.8/site-packages/airflow/example_dags/example_setup_teardown.py for tasks to queue
[2024-03-21T22:38:37.030+0000] {logging_mixin.py:188} INFO - [2024-03-21T22:38:37.028+0000] {dagbag.py:540} INFO - Filling up the DagBag from /home/airflow/.local/lib/python3.8/site-packages/airflow/example_dags/example_setup_teardown.py
[2024-03-21T22:38:37.046+0000] {processor.py:840} INFO - DAG(s) 'example_setup_teardown' retrieved from /home/airflow/.local/lib/python3.8/site-packages/airflow/example_dags/example_setup_teardown.py
[2024-03-21T22:38:37.077+0000] {logging_mixin.py:188} INFO - [2024-03-21T22:38:37.076+0000] {dag.py:3047} INFO - Sync 1 DAGs
[2024-03-21T22:38:37.130+0000] {logging_mixin.py:188} INFO - [2024-03-21T22:38:37.130+0000] {dag.py:3834} INFO - Setting next_dagrun for example_setup_teardown to 2024-03-20 00:00:00+00:00, run_after=2024-03-21 00:00:00+00:00
[2024-03-21T22:38:37.161+0000] {processor.py:183} INFO - Processing /home/airflow/.local/lib/python3.8/site-packages/airflow/example_dags/example_setup_teardown.py took 0.176 seconds
[2024-03-21T22:39:07.705+0000] {processor.py:161} INFO - Started process (PID=115) to work on /home/airflow/.local/lib/python3.8/site-packages/airflow/example_dags/example_setup_teardown.py
[2024-03-21T22:39:07.706+0000] {processor.py:830} INFO - Processing file /home/airflow/.local/lib/python3.8/site-packages/airflow/example_dags/example_setup_teardown.py for tasks to queue
[2024-03-21T22:39:07.707+0000] {logging_mixin.py:188} INFO - [2024-03-21T22:39:07.707+0000] {dagbag.py:540} INFO - Filling up the DagBag from /home/airflow/.local/lib/python3.8/site-packages/airflow/example_dags/example_setup_teardown.py
[2024-03-21T22:39:07.713+0000] {processor.py:840} INFO - DAG(s) 'example_setup_teardown' retrieved from /home/airflow/.local/lib/python3.8/site-packages/airflow/example_dags/example_setup_teardown.py
[2024-03-21T22:39:07.785+0000] {logging_mixin.py:188} INFO - [2024-03-21T22:39:07.784+0000] {dag.py:3047} INFO - Sync 1 DAGs
[2024-03-21T22:39:07.798+0000] {logging_mixin.py:188} INFO - [2024-03-21T22:39:07.798+0000] {dag.py:3834} INFO - Setting next_dagrun for example_setup_teardown to 2024-03-20 00:00:00+00:00, run_after=2024-03-21 00:00:00+00:00
[2024-03-21T22:39:07.815+0000] {processor.py:183} INFO - Processing /home/airflow/.local/lib/python3.8/site-packages/airflow/example_dags/example_setup_teardown.py took 0.114 seconds
[2024-03-21T22:39:38.345+0000] {processor.py:161} INFO - Started process (PID=170) to work on /home/airflow/.local/lib/python3.8/site-packages/airflow/example_dags/example_setup_teardown.py
[2024-03-21T22:39:38.346+0000] {processor.py:830} INFO - Processing file /home/airflow/.local/lib/python3.8/site-packages/airflow/example_dags/example_setup_teardown.py for tasks to queue
[2024-03-21T22:39:38.347+0000] {logging_mixin.py:188} INFO - [2024-03-21T22:39:38.347+0000] {dagbag.py:540} INFO - Filling up the DagBag from /home/airflow/.local/lib/python3.8/site-packages/airflow/example_dags/example_setup_teardown.py
[2024-03-21T22:39:38.352+0000] {processor.py:840} INFO - DAG(s) 'example_setup_teardown' retrieved from /home/airflow/.local/lib/python3.8/site-packages/airflow/example_dags/example_setup_teardown.py
[2024-03-21T22:39:38.371+0000] {logging_mixin.py:188} INFO - [2024-03-21T22:39:38.371+0000] {dag.py:3047} INFO - Sync 1 DAGs
[2024-03-21T22:39:38.388+0000] {logging_mixin.py:188} INFO - [2024-03-21T22:39:38.388+0000] {dag.py:3834} INFO - Setting next_dagrun for example_setup_teardown to 2024-03-20 00:00:00+00:00, run_after=2024-03-21 00:00:00+00:00
[2024-03-21T22:39:38.404+0000] {processor.py:183} INFO - Processing /home/airflow/.local/lib/python3.8/site-packages/airflow/example_dags/example_setup_teardown.py took 0.062 seconds
[2024-03-21T22:40:08.671+0000] {processor.py:161} INFO - Started process (PID=225) to work on /home/airflow/.local/lib/python3.8/site-packages/airflow/example_dags/example_setup_teardown.py
[2024-03-21T22:40:08.672+0000] {processor.py:830} INFO - Processing file /home/airflow/.local/lib/python3.8/site-packages/airflow/example_dags/example_setup_teardown.py for tasks to queue
[2024-03-21T22:40:08.674+0000] {logging_mixin.py:188} INFO - [2024-03-21T22:40:08.673+0000] {dagbag.py:540} INFO - Filling up the DagBag from /home/airflow/.local/lib/python3.8/site-packages/airflow/example_dags/example_setup_teardown.py
[2024-03-21T22:40:08.679+0000] {processor.py:840} INFO - DAG(s) 'example_setup_teardown' retrieved from /home/airflow/.local/lib/python3.8/site-packages/airflow/example_dags/example_setup_teardown.py
[2024-03-21T22:40:08.697+0000] {logging_mixin.py:188} INFO - [2024-03-21T22:40:08.697+0000] {dag.py:3047} INFO - Sync 1 DAGs
[2024-03-21T22:40:08.716+0000] {logging_mixin.py:188} INFO - [2024-03-21T22:40:08.715+0000] {dag.py:3834} INFO - Setting next_dagrun for example_setup_teardown to 2024-03-20 00:00:00+00:00, run_after=2024-03-21 00:00:00+00:00
[2024-03-21T22:40:08.734+0000] {processor.py:183} INFO - Processing /home/airflow/.local/lib/python3.8/site-packages/airflow/example_dags/example_setup_teardown.py took 0.067 seconds
[2024-03-21T22:40:39.089+0000] {processor.py:161} INFO - Started process (PID=280) to work on /home/airflow/.local/lib/python3.8/site-packages/airflow/example_dags/example_setup_teardown.py
[2024-03-21T22:40:39.090+0000] {processor.py:830} INFO - Processing file /home/airflow/.local/lib/python3.8/site-packages/airflow/example_dags/example_setup_teardown.py for tasks to queue
[2024-03-21T22:40:39.091+0000] {logging_mixin.py:188} INFO - [2024-03-21T22:40:39.091+0000] {dagbag.py:540} INFO - Filling up the DagBag from /home/airflow/.local/lib/python3.8/site-packages/airflow/example_dags/example_setup_teardown.py
[2024-03-21T22:40:39.098+0000] {processor.py:840} INFO - DAG(s) 'example_setup_teardown' retrieved from /home/airflow/.local/lib/python3.8/site-packages/airflow/example_dags/example_setup_teardown.py
[2024-03-21T22:40:39.115+0000] {logging_mixin.py:188} INFO - [2024-03-21T22:40:39.115+0000] {dag.py:3047} INFO - Sync 1 DAGs
[2024-03-21T22:40:39.132+0000] {logging_mixin.py:188} INFO - [2024-03-21T22:40:39.132+0000] {dag.py:3834} INFO - Setting next_dagrun for example_setup_teardown to 2024-03-20 00:00:00+00:00, run_after=2024-03-21 00:00:00+00:00
[2024-03-21T22:40:39.149+0000] {processor.py:183} INFO - Processing /home/airflow/.local/lib/python3.8/site-packages/airflow/example_dags/example_setup_teardown.py took 0.063 seconds
[2024-03-21T22:41:09.542+0000] {processor.py:161} INFO - Started process (PID=335) to work on /home/airflow/.local/lib/python3.8/site-packages/airflow/example_dags/example_setup_teardown.py
[2024-03-21T22:41:09.543+0000] {processor.py:830} INFO - Processing file /home/airflow/.local/lib/python3.8/site-packages/airflow/example_dags/example_setup_teardown.py for tasks to queue
[2024-03-21T22:41:09.544+0000] {logging_mixin.py:188} INFO - [2024-03-21T22:41:09.544+0000] {dagbag.py:540} INFO - Filling up the DagBag from /home/airflow/.local/lib/python3.8/site-packages/airflow/example_dags/example_setup_teardown.py
[2024-03-21T22:41:09.550+0000] {processor.py:840} INFO - DAG(s) 'example_setup_teardown' retrieved from /home/airflow/.local/lib/python3.8/site-packages/airflow/example_dags/example_setup_teardown.py
[2024-03-21T22:41:09.566+0000] {logging_mixin.py:188} INFO - [2024-03-21T22:41:09.566+0000] {dag.py:3047} INFO - Sync 1 DAGs
[2024-03-21T22:41:09.586+0000] {logging_mixin.py:188} INFO - [2024-03-21T22:41:09.586+0000] {dag.py:3834} INFO - Setting next_dagrun for example_setup_teardown to 2024-03-20 00:00:00+00:00, run_after=2024-03-21 00:00:00+00:00
[2024-03-21T22:41:09.601+0000] {processor.py:183} INFO - Processing /home/airflow/.local/lib/python3.8/site-packages/airflow/example_dags/example_setup_teardown.py took 0.062 seconds
[2024-03-21T22:41:39.860+0000] {processor.py:161} INFO - Started process (PID=390) to work on /home/airflow/.local/lib/python3.8/site-packages/airflow/example_dags/example_setup_teardown.py
[2024-03-21T22:41:39.861+0000] {processor.py:830} INFO - Processing file /home/airflow/.local/lib/python3.8/site-packages/airflow/example_dags/example_setup_teardown.py for tasks to queue
[2024-03-21T22:41:39.863+0000] {logging_mixin.py:188} INFO - [2024-03-21T22:41:39.862+0000] {dagbag.py:540} INFO - Filling up the DagBag from /home/airflow/.local/lib/python3.8/site-packages/airflow/example_dags/example_setup_teardown.py
[2024-03-21T22:41:39.869+0000] {processor.py:840} INFO - DAG(s) 'example_setup_teardown' retrieved from /home/airflow/.local/lib/python3.8/site-packages/airflow/example_dags/example_setup_teardown.py
[2024-03-21T22:41:39.887+0000] {logging_mixin.py:188} INFO - [2024-03-21T22:41:39.887+0000] {dag.py:3047} INFO - Sync 1 DAGs
[2024-03-21T22:41:39.905+0000] {logging_mixin.py:188} INFO - [2024-03-21T22:41:39.905+0000] {dag.py:3834} INFO - Setting next_dagrun for example_setup_teardown to 2024-03-20 00:00:00+00:00, run_after=2024-03-21 00:00:00+00:00
[2024-03-21T22:41:39.920+0000] {processor.py:183} INFO - Processing /home/airflow/.local/lib/python3.8/site-packages/airflow/example_dags/example_setup_teardown.py took 0.063 seconds
[2024-03-21T22:42:10.182+0000] {processor.py:161} INFO - Started process (PID=445) to work on /home/airflow/.local/lib/python3.8/site-packages/airflow/example_dags/example_setup_teardown.py
[2024-03-21T22:42:10.183+0000] {processor.py:830} INFO - Processing file /home/airflow/.local/lib/python3.8/site-packages/airflow/example_dags/example_setup_teardown.py for tasks to queue
[2024-03-21T22:42:10.184+0000] {logging_mixin.py:188} INFO - [2024-03-21T22:42:10.184+0000] {dagbag.py:540} INFO - Filling up the DagBag from /home/airflow/.local/lib/python3.8/site-packages/airflow/example_dags/example_setup_teardown.py
[2024-03-21T22:42:10.189+0000] {processor.py:840} INFO - DAG(s) 'example_setup_teardown' retrieved from /home/airflow/.local/lib/python3.8/site-packages/airflow/example_dags/example_setup_teardown.py
[2024-03-21T22:42:10.206+0000] {logging_mixin.py:188} INFO - [2024-03-21T22:42:10.206+0000] {dag.py:3047} INFO - Sync 1 DAGs
[2024-03-21T22:42:10.224+0000] {logging_mixin.py:188} INFO - [2024-03-21T22:42:10.224+0000] {dag.py:3834} INFO - Setting next_dagrun for example_setup_teardown to 2024-03-20 00:00:00+00:00, run_after=2024-03-21 00:00:00+00:00
[2024-03-21T22:42:10.247+0000] {processor.py:183} INFO - Processing /home/airflow/.local/lib/python3.8/site-packages/airflow/example_dags/example_setup_teardown.py took 0.068 seconds
[2024-03-21T22:42:40.622+0000] {processor.py:161} INFO - Started process (PID=500) to work on /home/airflow/.local/lib/python3.8/site-packages/airflow/example_dags/example_setup_teardown.py
[2024-03-21T22:42:40.623+0000] {processor.py:830} INFO - Processing file /home/airflow/.local/lib/python3.8/site-packages/airflow/example_dags/example_setup_teardown.py for tasks to queue
[2024-03-21T22:42:40.625+0000] {logging_mixin.py:188} INFO - [2024-03-21T22:42:40.625+0000] {dagbag.py:540} INFO - Filling up the DagBag from /home/airflow/.local/lib/python3.8/site-packages/airflow/example_dags/example_setup_teardown.py
[2024-03-21T22:42:40.631+0000] {processor.py:840} INFO - DAG(s) 'example_setup_teardown' retrieved from /home/airflow/.local/lib/python3.8/site-packages/airflow/example_dags/example_setup_teardown.py
[2024-03-21T22:42:40.649+0000] {logging_mixin.py:188} INFO - [2024-03-21T22:42:40.649+0000] {dag.py:3047} INFO - Sync 1 DAGs
[2024-03-21T22:42:40.666+0000] {logging_mixin.py:188} INFO - [2024-03-21T22:42:40.666+0000] {dag.py:3834} INFO - Setting next_dagrun for example_setup_teardown to 2024-03-20 00:00:00+00:00, run_after=2024-03-21 00:00:00+00:00
[2024-03-21T22:42:40.680+0000] {processor.py:183} INFO - Processing /home/airflow/.local/lib/python3.8/site-packages/airflow/example_dags/example_setup_teardown.py took 0.060 seconds
[2024-03-21T22:43:11.085+0000] {processor.py:161} INFO - Started process (PID=555) to work on /home/airflow/.local/lib/python3.8/site-packages/airflow/example_dags/example_setup_teardown.py
[2024-03-21T22:43:11.086+0000] {processor.py:830} INFO - Processing file /home/airflow/.local/lib/python3.8/site-packages/airflow/example_dags/example_setup_teardown.py for tasks to queue
[2024-03-21T22:43:11.088+0000] {logging_mixin.py:188} INFO - [2024-03-21T22:43:11.088+0000] {dagbag.py:540} INFO - Filling up the DagBag from /home/airflow/.local/lib/python3.8/site-packages/airflow/example_dags/example_setup_teardown.py
[2024-03-21T22:43:11.095+0000] {processor.py:840} INFO - DAG(s) 'example_setup_teardown' retrieved from /home/airflow/.local/lib/python3.8/site-packages/airflow/example_dags/example_setup_teardown.py
[2024-03-21T22:43:11.113+0000] {logging_mixin.py:188} INFO - [2024-03-21T22:43:11.113+0000] {dag.py:3047} INFO - Sync 1 DAGs
[2024-03-21T22:43:11.133+0000] {logging_mixin.py:188} INFO - [2024-03-21T22:43:11.133+0000] {dag.py:3834} INFO - Setting next_dagrun for example_setup_teardown to 2024-03-20 00:00:00+00:00, run_after=2024-03-21 00:00:00+00:00
[2024-03-21T22:43:11.151+0000] {processor.py:183} INFO - Processing /home/airflow/.local/lib/python3.8/site-packages/airflow/example_dags/example_setup_teardown.py took 0.070 seconds
[2024-03-21T22:43:41.508+0000] {processor.py:161} INFO - Started process (PID=610) to work on /home/airflow/.local/lib/python3.8/site-packages/airflow/example_dags/example_setup_teardown.py
[2024-03-21T22:43:41.509+0000] {processor.py:830} INFO - Processing file /home/airflow/.local/lib/python3.8/site-packages/airflow/example_dags/example_setup_teardown.py for tasks to queue
[2024-03-21T22:43:41.510+0000] {logging_mixin.py:188} INFO - [2024-03-21T22:43:41.510+0000] {dagbag.py:540} INFO - Filling up the DagBag from /home/airflow/.local/lib/python3.8/site-packages/airflow/example_dags/example_setup_teardown.py
[2024-03-21T22:43:41.517+0000] {processor.py:840} INFO - DAG(s) 'example_setup_teardown' retrieved from /home/airflow/.local/lib/python3.8/site-packages/airflow/example_dags/example_setup_teardown.py
[2024-03-21T22:43:41.534+0000] {logging_mixin.py:188} INFO - [2024-03-21T22:43:41.534+0000] {dag.py:3047} INFO - Sync 1 DAGs
[2024-03-21T22:43:41.554+0000] {logging_mixin.py:188} INFO - [2024-03-21T22:43:41.554+0000] {dag.py:3834} INFO - Setting next_dagrun for example_setup_teardown to 2024-03-20 00:00:00+00:00, run_after=2024-03-21 00:00:00+00:00
[2024-03-21T22:43:41.573+0000] {processor.py:183} INFO - Processing /home/airflow/.local/lib/python3.8/site-packages/airflow/example_dags/example_setup_teardown.py took 0.068 seconds
