[2024-03-21T22:38:37.502+0000] {processor.py:161} INFO - Started process (PID=65) to work on /home/airflow/.local/lib/python3.8/site-packages/airflow/example_dags/example_python_operator.py
[2024-03-21T22:38:37.504+0000] {processor.py:830} INFO - Processing file /home/airflow/.local/lib/python3.8/site-packages/airflow/example_dags/example_python_operator.py for tasks to queue
[2024-03-21T22:38:37.507+0000] {logging_mixin.py:188} INFO - [2024-03-21T22:38:37.506+0000] {dagbag.py:540} INFO - Filling up the DagBag from /home/airflow/.local/lib/python3.8/site-packages/airflow/example_dags/example_python_operator.py
[2024-03-21T22:38:37.554+0000] {processor.py:840} INFO - DAG(s) 'example_python_operator' retrieved from /home/airflow/.local/lib/python3.8/site-packages/airflow/example_dags/example_python_operator.py
[2024-03-21T22:38:37.578+0000] {logging_mixin.py:188} INFO - [2024-03-21T22:38:37.578+0000] {dag.py:3047} INFO - Sync 1 DAGs
[2024-03-21T22:38:37.619+0000] {logging_mixin.py:188} INFO - [2024-03-21T22:38:37.618+0000] {dag.py:3834} INFO - Setting next_dagrun for example_python_operator to None, run_after=None
[2024-03-21T22:38:37.659+0000] {processor.py:183} INFO - Processing /home/airflow/.local/lib/python3.8/site-packages/airflow/example_dags/example_python_operator.py took 0.165 seconds
[2024-03-21T22:39:08.129+0000] {processor.py:161} INFO - Started process (PID=120) to work on /home/airflow/.local/lib/python3.8/site-packages/airflow/example_dags/example_python_operator.py
[2024-03-21T22:39:08.130+0000] {processor.py:830} INFO - Processing file /home/airflow/.local/lib/python3.8/site-packages/airflow/example_dags/example_python_operator.py for tasks to queue
[2024-03-21T22:39:08.131+0000] {logging_mixin.py:188} INFO - [2024-03-21T22:39:08.131+0000] {dagbag.py:540} INFO - Filling up the DagBag from /home/airflow/.local/lib/python3.8/site-packages/airflow/example_dags/example_python_operator.py
[2024-03-21T22:39:08.140+0000] {processor.py:840} INFO - DAG(s) 'example_python_operator' retrieved from /home/airflow/.local/lib/python3.8/site-packages/airflow/example_dags/example_python_operator.py
[2024-03-21T22:39:08.213+0000] {logging_mixin.py:188} INFO - [2024-03-21T22:39:08.212+0000] {dag.py:3047} INFO - Sync 1 DAGs
[2024-03-21T22:39:08.221+0000] {logging_mixin.py:188} INFO - [2024-03-21T22:39:08.221+0000] {dag.py:3834} INFO - Setting next_dagrun for example_python_operator to None, run_after=None
[2024-03-21T22:39:08.244+0000] {processor.py:183} INFO - Processing /home/airflow/.local/lib/python3.8/site-packages/airflow/example_dags/example_python_operator.py took 0.119 seconds
[2024-03-21T22:39:38.585+0000] {processor.py:161} INFO - Started process (PID=175) to work on /home/airflow/.local/lib/python3.8/site-packages/airflow/example_dags/example_python_operator.py
[2024-03-21T22:39:38.586+0000] {processor.py:830} INFO - Processing file /home/airflow/.local/lib/python3.8/site-packages/airflow/example_dags/example_python_operator.py for tasks to queue
[2024-03-21T22:39:38.588+0000] {logging_mixin.py:188} INFO - [2024-03-21T22:39:38.588+0000] {dagbag.py:540} INFO - Filling up the DagBag from /home/airflow/.local/lib/python3.8/site-packages/airflow/example_dags/example_python_operator.py
[2024-03-21T22:39:38.598+0000] {processor.py:840} INFO - DAG(s) 'example_python_operator' retrieved from /home/airflow/.local/lib/python3.8/site-packages/airflow/example_dags/example_python_operator.py
[2024-03-21T22:39:38.615+0000] {logging_mixin.py:188} INFO - [2024-03-21T22:39:38.615+0000] {dag.py:3047} INFO - Sync 1 DAGs
[2024-03-21T22:39:38.624+0000] {logging_mixin.py:188} INFO - [2024-03-21T22:39:38.624+0000] {dag.py:3834} INFO - Setting next_dagrun for example_python_operator to None, run_after=None
[2024-03-21T22:39:38.639+0000] {processor.py:183} INFO - Processing /home/airflow/.local/lib/python3.8/site-packages/airflow/example_dags/example_python_operator.py took 0.056 seconds
[2024-03-21T22:40:08.930+0000] {processor.py:161} INFO - Started process (PID=230) to work on /home/airflow/.local/lib/python3.8/site-packages/airflow/example_dags/example_python_operator.py
[2024-03-21T22:40:08.932+0000] {processor.py:830} INFO - Processing file /home/airflow/.local/lib/python3.8/site-packages/airflow/example_dags/example_python_operator.py for tasks to queue
[2024-03-21T22:40:08.934+0000] {logging_mixin.py:188} INFO - [2024-03-21T22:40:08.934+0000] {dagbag.py:540} INFO - Filling up the DagBag from /home/airflow/.local/lib/python3.8/site-packages/airflow/example_dags/example_python_operator.py
[2024-03-21T22:40:08.943+0000] {processor.py:840} INFO - DAG(s) 'example_python_operator' retrieved from /home/airflow/.local/lib/python3.8/site-packages/airflow/example_dags/example_python_operator.py
[2024-03-21T22:40:08.961+0000] {logging_mixin.py:188} INFO - [2024-03-21T22:40:08.961+0000] {dag.py:3047} INFO - Sync 1 DAGs
[2024-03-21T22:40:08.971+0000] {logging_mixin.py:188} INFO - [2024-03-21T22:40:08.971+0000] {dag.py:3834} INFO - Setting next_dagrun for example_python_operator to None, run_after=None
[2024-03-21T22:40:08.995+0000] {processor.py:183} INFO - Processing /home/airflow/.local/lib/python3.8/site-packages/airflow/example_dags/example_python_operator.py took 0.068 seconds
[2024-03-21T22:40:39.358+0000] {processor.py:161} INFO - Started process (PID=285) to work on /home/airflow/.local/lib/python3.8/site-packages/airflow/example_dags/example_python_operator.py
[2024-03-21T22:40:39.359+0000] {processor.py:830} INFO - Processing file /home/airflow/.local/lib/python3.8/site-packages/airflow/example_dags/example_python_operator.py for tasks to queue
[2024-03-21T22:40:39.361+0000] {logging_mixin.py:188} INFO - [2024-03-21T22:40:39.361+0000] {dagbag.py:540} INFO - Filling up the DagBag from /home/airflow/.local/lib/python3.8/site-packages/airflow/example_dags/example_python_operator.py
[2024-03-21T22:40:39.372+0000] {processor.py:840} INFO - DAG(s) 'example_python_operator' retrieved from /home/airflow/.local/lib/python3.8/site-packages/airflow/example_dags/example_python_operator.py
[2024-03-21T22:40:39.398+0000] {logging_mixin.py:188} INFO - [2024-03-21T22:40:39.398+0000] {dag.py:3047} INFO - Sync 1 DAGs
[2024-03-21T22:40:39.409+0000] {logging_mixin.py:188} INFO - [2024-03-21T22:40:39.408+0000] {dag.py:3834} INFO - Setting next_dagrun for example_python_operator to None, run_after=None
[2024-03-21T22:40:39.425+0000] {processor.py:183} INFO - Processing /home/airflow/.local/lib/python3.8/site-packages/airflow/example_dags/example_python_operator.py took 0.070 seconds
[2024-03-21T22:41:09.744+0000] {processor.py:161} INFO - Started process (PID=340) to work on /home/airflow/.local/lib/python3.8/site-packages/airflow/example_dags/example_python_operator.py
[2024-03-21T22:41:09.745+0000] {processor.py:830} INFO - Processing file /home/airflow/.local/lib/python3.8/site-packages/airflow/example_dags/example_python_operator.py for tasks to queue
[2024-03-21T22:41:09.746+0000] {logging_mixin.py:188} INFO - [2024-03-21T22:41:09.746+0000] {dagbag.py:540} INFO - Filling up the DagBag from /home/airflow/.local/lib/python3.8/site-packages/airflow/example_dags/example_python_operator.py
[2024-03-21T22:41:09.754+0000] {processor.py:840} INFO - DAG(s) 'example_python_operator' retrieved from /home/airflow/.local/lib/python3.8/site-packages/airflow/example_dags/example_python_operator.py
[2024-03-21T22:41:09.771+0000] {logging_mixin.py:188} INFO - [2024-03-21T22:41:09.770+0000] {dag.py:3047} INFO - Sync 1 DAGs
[2024-03-21T22:41:09.781+0000] {logging_mixin.py:188} INFO - [2024-03-21T22:41:09.780+0000] {dag.py:3834} INFO - Setting next_dagrun for example_python_operator to None, run_after=None
[2024-03-21T22:41:09.794+0000] {processor.py:183} INFO - Processing /home/airflow/.local/lib/python3.8/site-packages/airflow/example_dags/example_python_operator.py took 0.053 seconds
[2024-03-21T22:41:40.053+0000] {processor.py:161} INFO - Started process (PID=395) to work on /home/airflow/.local/lib/python3.8/site-packages/airflow/example_dags/example_python_operator.py
[2024-03-21T22:41:40.054+0000] {processor.py:830} INFO - Processing file /home/airflow/.local/lib/python3.8/site-packages/airflow/example_dags/example_python_operator.py for tasks to queue
[2024-03-21T22:41:40.055+0000] {logging_mixin.py:188} INFO - [2024-03-21T22:41:40.055+0000] {dagbag.py:540} INFO - Filling up the DagBag from /home/airflow/.local/lib/python3.8/site-packages/airflow/example_dags/example_python_operator.py
[2024-03-21T22:41:40.065+0000] {processor.py:840} INFO - DAG(s) 'example_python_operator' retrieved from /home/airflow/.local/lib/python3.8/site-packages/airflow/example_dags/example_python_operator.py
[2024-03-21T22:41:40.084+0000] {logging_mixin.py:188} INFO - [2024-03-21T22:41:40.084+0000] {dag.py:3047} INFO - Sync 1 DAGs
[2024-03-21T22:41:40.094+0000] {logging_mixin.py:188} INFO - [2024-03-21T22:41:40.094+0000] {dag.py:3834} INFO - Setting next_dagrun for example_python_operator to None, run_after=None
[2024-03-21T22:41:40.112+0000] {processor.py:183} INFO - Processing /home/airflow/.local/lib/python3.8/site-packages/airflow/example_dags/example_python_operator.py took 0.062 seconds
[2024-03-21T22:42:10.435+0000] {processor.py:161} INFO - Started process (PID=450) to work on /home/airflow/.local/lib/python3.8/site-packages/airflow/example_dags/example_python_operator.py
[2024-03-21T22:42:10.436+0000] {processor.py:830} INFO - Processing file /home/airflow/.local/lib/python3.8/site-packages/airflow/example_dags/example_python_operator.py for tasks to queue
[2024-03-21T22:42:10.438+0000] {logging_mixin.py:188} INFO - [2024-03-21T22:42:10.437+0000] {dagbag.py:540} INFO - Filling up the DagBag from /home/airflow/.local/lib/python3.8/site-packages/airflow/example_dags/example_python_operator.py
[2024-03-21T22:42:10.446+0000] {processor.py:840} INFO - DAG(s) 'example_python_operator' retrieved from /home/airflow/.local/lib/python3.8/site-packages/airflow/example_dags/example_python_operator.py
[2024-03-21T22:42:10.463+0000] {logging_mixin.py:188} INFO - [2024-03-21T22:42:10.463+0000] {dag.py:3047} INFO - Sync 1 DAGs
[2024-03-21T22:42:10.472+0000] {logging_mixin.py:188} INFO - [2024-03-21T22:42:10.471+0000] {dag.py:3834} INFO - Setting next_dagrun for example_python_operator to None, run_after=None
[2024-03-21T22:42:10.484+0000] {processor.py:183} INFO - Processing /home/airflow/.local/lib/python3.8/site-packages/airflow/example_dags/example_python_operator.py took 0.051 seconds
[2024-03-21T22:42:40.808+0000] {processor.py:161} INFO - Started process (PID=505) to work on /home/airflow/.local/lib/python3.8/site-packages/airflow/example_dags/example_python_operator.py
[2024-03-21T22:42:40.809+0000] {processor.py:830} INFO - Processing file /home/airflow/.local/lib/python3.8/site-packages/airflow/example_dags/example_python_operator.py for tasks to queue
[2024-03-21T22:42:40.811+0000] {logging_mixin.py:188} INFO - [2024-03-21T22:42:40.811+0000] {dagbag.py:540} INFO - Filling up the DagBag from /home/airflow/.local/lib/python3.8/site-packages/airflow/example_dags/example_python_operator.py
[2024-03-21T22:42:40.819+0000] {processor.py:840} INFO - DAG(s) 'example_python_operator' retrieved from /home/airflow/.local/lib/python3.8/site-packages/airflow/example_dags/example_python_operator.py
[2024-03-21T22:42:40.838+0000] {logging_mixin.py:188} INFO - [2024-03-21T22:42:40.837+0000] {dag.py:3047} INFO - Sync 1 DAGs
[2024-03-21T22:42:40.848+0000] {logging_mixin.py:188} INFO - [2024-03-21T22:42:40.848+0000] {dag.py:3834} INFO - Setting next_dagrun for example_python_operator to None, run_after=None
[2024-03-21T22:42:40.862+0000] {processor.py:183} INFO - Processing /home/airflow/.local/lib/python3.8/site-packages/airflow/example_dags/example_python_operator.py took 0.057 seconds
[2024-03-21T22:43:11.278+0000] {processor.py:161} INFO - Started process (PID=560) to work on /home/airflow/.local/lib/python3.8/site-packages/airflow/example_dags/example_python_operator.py
[2024-03-21T22:43:11.279+0000] {processor.py:830} INFO - Processing file /home/airflow/.local/lib/python3.8/site-packages/airflow/example_dags/example_python_operator.py for tasks to queue
[2024-03-21T22:43:11.281+0000] {logging_mixin.py:188} INFO - [2024-03-21T22:43:11.281+0000] {dagbag.py:540} INFO - Filling up the DagBag from /home/airflow/.local/lib/python3.8/site-packages/airflow/example_dags/example_python_operator.py
[2024-03-21T22:43:11.292+0000] {processor.py:840} INFO - DAG(s) 'example_python_operator' retrieved from /home/airflow/.local/lib/python3.8/site-packages/airflow/example_dags/example_python_operator.py
[2024-03-21T22:43:11.312+0000] {logging_mixin.py:188} INFO - [2024-03-21T22:43:11.311+0000] {dag.py:3047} INFO - Sync 1 DAGs
[2024-03-21T22:43:11.323+0000] {logging_mixin.py:188} INFO - [2024-03-21T22:43:11.323+0000] {dag.py:3834} INFO - Setting next_dagrun for example_python_operator to None, run_after=None
[2024-03-21T22:43:11.342+0000] {processor.py:183} INFO - Processing /home/airflow/.local/lib/python3.8/site-packages/airflow/example_dags/example_python_operator.py took 0.066 seconds
[2024-03-21T22:43:41.743+0000] {processor.py:161} INFO - Started process (PID=615) to work on /home/airflow/.local/lib/python3.8/site-packages/airflow/example_dags/example_python_operator.py
[2024-03-21T22:43:41.744+0000] {processor.py:830} INFO - Processing file /home/airflow/.local/lib/python3.8/site-packages/airflow/example_dags/example_python_operator.py for tasks to queue
[2024-03-21T22:43:41.746+0000] {logging_mixin.py:188} INFO - [2024-03-21T22:43:41.746+0000] {dagbag.py:540} INFO - Filling up the DagBag from /home/airflow/.local/lib/python3.8/site-packages/airflow/example_dags/example_python_operator.py
[2024-03-21T22:43:41.757+0000] {processor.py:840} INFO - DAG(s) 'example_python_operator' retrieved from /home/airflow/.local/lib/python3.8/site-packages/airflow/example_dags/example_python_operator.py
[2024-03-21T22:43:41.783+0000] {logging_mixin.py:188} INFO - [2024-03-21T22:43:41.783+0000] {dag.py:3047} INFO - Sync 1 DAGs
[2024-03-21T22:43:41.796+0000] {logging_mixin.py:188} INFO - [2024-03-21T22:43:41.796+0000] {dag.py:3834} INFO - Setting next_dagrun for example_python_operator to None, run_after=None
[2024-03-21T22:43:41.811+0000] {processor.py:183} INFO - Processing /home/airflow/.local/lib/python3.8/site-packages/airflow/example_dags/example_python_operator.py took 0.071 seconds
