[2024-03-21T22:38:35.818+0000] {processor.py:161} INFO - Started process (PID=50) to work on /home/airflow/.local/lib/python3.8/site-packages/airflow/example_dags/example_task_group.py
[2024-03-21T22:38:35.820+0000] {processor.py:830} INFO - Processing file /home/airflow/.local/lib/python3.8/site-packages/airflow/example_dags/example_task_group.py for tasks to queue
[2024-03-21T22:38:35.821+0000] {logging_mixin.py:188} INFO - [2024-03-21T22:38:35.821+0000] {dagbag.py:540} INFO - Filling up the DagBag from /home/airflow/.local/lib/python3.8/site-packages/airflow/example_dags/example_task_group.py
[2024-03-21T22:38:35.876+0000] {processor.py:840} INFO - DAG(s) 'example_task_group' retrieved from /home/airflow/.local/lib/python3.8/site-packages/airflow/example_dags/example_task_group.py
[2024-03-21T22:38:35.929+0000] {logging_mixin.py:188} INFO - [2024-03-21T22:38:35.928+0000] {dag.py:3047} INFO - Sync 1 DAGs
[2024-03-21T22:38:36.007+0000] {logging_mixin.py:188} INFO - [2024-03-21T22:38:36.007+0000] {dag.py:3834} INFO - Setting next_dagrun for example_task_group to 2024-03-20 00:00:00+00:00, run_after=2024-03-21 00:00:00+00:00
[2024-03-21T22:38:36.082+0000] {processor.py:183} INFO - Processing /home/airflow/.local/lib/python3.8/site-packages/airflow/example_dags/example_task_group.py took 0.267 seconds
[2024-03-21T22:39:06.682+0000] {processor.py:161} INFO - Started process (PID=105) to work on /home/airflow/.local/lib/python3.8/site-packages/airflow/example_dags/example_task_group.py
[2024-03-21T22:39:06.683+0000] {processor.py:830} INFO - Processing file /home/airflow/.local/lib/python3.8/site-packages/airflow/example_dags/example_task_group.py for tasks to queue
[2024-03-21T22:39:06.685+0000] {logging_mixin.py:188} INFO - [2024-03-21T22:39:06.685+0000] {dagbag.py:540} INFO - Filling up the DagBag from /home/airflow/.local/lib/python3.8/site-packages/airflow/example_dags/example_task_group.py
[2024-03-21T22:39:06.691+0000] {processor.py:840} INFO - DAG(s) 'example_task_group' retrieved from /home/airflow/.local/lib/python3.8/site-packages/airflow/example_dags/example_task_group.py
[2024-03-21T22:39:06.762+0000] {logging_mixin.py:188} INFO - [2024-03-21T22:39:06.762+0000] {dag.py:3047} INFO - Sync 1 DAGs
[2024-03-21T22:39:06.777+0000] {logging_mixin.py:188} INFO - [2024-03-21T22:39:06.777+0000] {dag.py:3834} INFO - Setting next_dagrun for example_task_group to 2024-03-20 00:00:00+00:00, run_after=2024-03-21 00:00:00+00:00
[2024-03-21T22:39:06.794+0000] {processor.py:183} INFO - Processing /home/airflow/.local/lib/python3.8/site-packages/airflow/example_dags/example_task_group.py took 0.114 seconds
[2024-03-21T22:39:37.632+0000] {processor.py:161} INFO - Started process (PID=160) to work on /home/airflow/.local/lib/python3.8/site-packages/airflow/example_dags/example_task_group.py
[2024-03-21T22:39:37.633+0000] {processor.py:830} INFO - Processing file /home/airflow/.local/lib/python3.8/site-packages/airflow/example_dags/example_task_group.py for tasks to queue
[2024-03-21T22:39:37.635+0000] {logging_mixin.py:188} INFO - [2024-03-21T22:39:37.634+0000] {dagbag.py:540} INFO - Filling up the DagBag from /home/airflow/.local/lib/python3.8/site-packages/airflow/example_dags/example_task_group.py
[2024-03-21T22:39:37.641+0000] {processor.py:840} INFO - DAG(s) 'example_task_group' retrieved from /home/airflow/.local/lib/python3.8/site-packages/airflow/example_dags/example_task_group.py
[2024-03-21T22:39:37.659+0000] {logging_mixin.py:188} INFO - [2024-03-21T22:39:37.659+0000] {dag.py:3047} INFO - Sync 1 DAGs
[2024-03-21T22:39:37.675+0000] {logging_mixin.py:188} INFO - [2024-03-21T22:39:37.675+0000] {dag.py:3834} INFO - Setting next_dagrun for example_task_group to 2024-03-20 00:00:00+00:00, run_after=2024-03-21 00:00:00+00:00
[2024-03-21T22:39:37.688+0000] {processor.py:183} INFO - Processing /home/airflow/.local/lib/python3.8/site-packages/airflow/example_dags/example_task_group.py took 0.060 seconds
[2024-03-21T22:40:08.048+0000] {processor.py:161} INFO - Started process (PID=215) to work on /home/airflow/.local/lib/python3.8/site-packages/airflow/example_dags/example_task_group.py
[2024-03-21T22:40:08.049+0000] {processor.py:830} INFO - Processing file /home/airflow/.local/lib/python3.8/site-packages/airflow/example_dags/example_task_group.py for tasks to queue
[2024-03-21T22:40:08.050+0000] {logging_mixin.py:188} INFO - [2024-03-21T22:40:08.050+0000] {dagbag.py:540} INFO - Filling up the DagBag from /home/airflow/.local/lib/python3.8/site-packages/airflow/example_dags/example_task_group.py
[2024-03-21T22:40:08.056+0000] {processor.py:840} INFO - DAG(s) 'example_task_group' retrieved from /home/airflow/.local/lib/python3.8/site-packages/airflow/example_dags/example_task_group.py
[2024-03-21T22:40:08.073+0000] {logging_mixin.py:188} INFO - [2024-03-21T22:40:08.072+0000] {dag.py:3047} INFO - Sync 1 DAGs
[2024-03-21T22:40:08.094+0000] {logging_mixin.py:188} INFO - [2024-03-21T22:40:08.093+0000] {dag.py:3834} INFO - Setting next_dagrun for example_task_group to 2024-03-20 00:00:00+00:00, run_after=2024-03-21 00:00:00+00:00
[2024-03-21T22:40:08.117+0000] {processor.py:183} INFO - Processing /home/airflow/.local/lib/python3.8/site-packages/airflow/example_dags/example_task_group.py took 0.072 seconds
[2024-03-21T22:40:38.459+0000] {processor.py:161} INFO - Started process (PID=270) to work on /home/airflow/.local/lib/python3.8/site-packages/airflow/example_dags/example_task_group.py
[2024-03-21T22:40:38.460+0000] {processor.py:830} INFO - Processing file /home/airflow/.local/lib/python3.8/site-packages/airflow/example_dags/example_task_group.py for tasks to queue
[2024-03-21T22:40:38.462+0000] {logging_mixin.py:188} INFO - [2024-03-21T22:40:38.461+0000] {dagbag.py:540} INFO - Filling up the DagBag from /home/airflow/.local/lib/python3.8/site-packages/airflow/example_dags/example_task_group.py
[2024-03-21T22:40:38.468+0000] {processor.py:840} INFO - DAG(s) 'example_task_group' retrieved from /home/airflow/.local/lib/python3.8/site-packages/airflow/example_dags/example_task_group.py
[2024-03-21T22:40:38.487+0000] {logging_mixin.py:188} INFO - [2024-03-21T22:40:38.486+0000] {dag.py:3047} INFO - Sync 1 DAGs
[2024-03-21T22:40:38.507+0000] {logging_mixin.py:188} INFO - [2024-03-21T22:40:38.506+0000] {dag.py:3834} INFO - Setting next_dagrun for example_task_group to 2024-03-20 00:00:00+00:00, run_after=2024-03-21 00:00:00+00:00
[2024-03-21T22:40:38.521+0000] {processor.py:183} INFO - Processing /home/airflow/.local/lib/python3.8/site-packages/airflow/example_dags/example_task_group.py took 0.065 seconds
[2024-03-21T22:41:09.156+0000] {processor.py:161} INFO - Started process (PID=325) to work on /home/airflow/.local/lib/python3.8/site-packages/airflow/example_dags/example_task_group.py
[2024-03-21T22:41:09.157+0000] {processor.py:830} INFO - Processing file /home/airflow/.local/lib/python3.8/site-packages/airflow/example_dags/example_task_group.py for tasks to queue
[2024-03-21T22:41:09.158+0000] {logging_mixin.py:188} INFO - [2024-03-21T22:41:09.158+0000] {dagbag.py:540} INFO - Filling up the DagBag from /home/airflow/.local/lib/python3.8/site-packages/airflow/example_dags/example_task_group.py
[2024-03-21T22:41:09.163+0000] {processor.py:840} INFO - DAG(s) 'example_task_group' retrieved from /home/airflow/.local/lib/python3.8/site-packages/airflow/example_dags/example_task_group.py
[2024-03-21T22:41:09.183+0000] {logging_mixin.py:188} INFO - [2024-03-21T22:41:09.183+0000] {dag.py:3047} INFO - Sync 1 DAGs
[2024-03-21T22:41:09.202+0000] {logging_mixin.py:188} INFO - [2024-03-21T22:41:09.201+0000] {dag.py:3834} INFO - Setting next_dagrun for example_task_group to 2024-03-20 00:00:00+00:00, run_after=2024-03-21 00:00:00+00:00
[2024-03-21T22:41:09.216+0000] {processor.py:183} INFO - Processing /home/airflow/.local/lib/python3.8/site-packages/airflow/example_dags/example_task_group.py took 0.063 seconds
[2024-03-21T22:41:39.307+0000] {processor.py:161} INFO - Started process (PID=380) to work on /home/airflow/.local/lib/python3.8/site-packages/airflow/example_dags/example_task_group.py
[2024-03-21T22:41:39.309+0000] {processor.py:830} INFO - Processing file /home/airflow/.local/lib/python3.8/site-packages/airflow/example_dags/example_task_group.py for tasks to queue
[2024-03-21T22:41:39.311+0000] {logging_mixin.py:188} INFO - [2024-03-21T22:41:39.311+0000] {dagbag.py:540} INFO - Filling up the DagBag from /home/airflow/.local/lib/python3.8/site-packages/airflow/example_dags/example_task_group.py
[2024-03-21T22:41:39.319+0000] {processor.py:840} INFO - DAG(s) 'example_task_group' retrieved from /home/airflow/.local/lib/python3.8/site-packages/airflow/example_dags/example_task_group.py
[2024-03-21T22:41:39.341+0000] {logging_mixin.py:188} INFO - [2024-03-21T22:41:39.341+0000] {dag.py:3047} INFO - Sync 1 DAGs
[2024-03-21T22:41:39.363+0000] {logging_mixin.py:188} INFO - [2024-03-21T22:41:39.362+0000] {dag.py:3834} INFO - Setting next_dagrun for example_task_group to 2024-03-20 00:00:00+00:00, run_after=2024-03-21 00:00:00+00:00
[2024-03-21T22:41:39.380+0000] {processor.py:183} INFO - Processing /home/airflow/.local/lib/python3.8/site-packages/airflow/example_dags/example_task_group.py took 0.076 seconds
[2024-03-21T22:42:09.544+0000] {processor.py:161} INFO - Started process (PID=434) to work on /home/airflow/.local/lib/python3.8/site-packages/airflow/example_dags/example_task_group.py
[2024-03-21T22:42:09.546+0000] {processor.py:830} INFO - Processing file /home/airflow/.local/lib/python3.8/site-packages/airflow/example_dags/example_task_group.py for tasks to queue
[2024-03-21T22:42:09.547+0000] {logging_mixin.py:188} INFO - [2024-03-21T22:42:09.547+0000] {dagbag.py:540} INFO - Filling up the DagBag from /home/airflow/.local/lib/python3.8/site-packages/airflow/example_dags/example_task_group.py
[2024-03-21T22:42:09.555+0000] {processor.py:840} INFO - DAG(s) 'example_task_group' retrieved from /home/airflow/.local/lib/python3.8/site-packages/airflow/example_dags/example_task_group.py
[2024-03-21T22:42:09.573+0000] {logging_mixin.py:188} INFO - [2024-03-21T22:42:09.573+0000] {dag.py:3047} INFO - Sync 1 DAGs
[2024-03-21T22:42:09.589+0000] {logging_mixin.py:188} INFO - [2024-03-21T22:42:09.589+0000] {dag.py:3834} INFO - Setting next_dagrun for example_task_group to 2024-03-20 00:00:00+00:00, run_after=2024-03-21 00:00:00+00:00
[2024-03-21T22:42:09.614+0000] {processor.py:183} INFO - Processing /home/airflow/.local/lib/python3.8/site-packages/airflow/example_dags/example_task_group.py took 0.073 seconds
[2024-03-21T22:42:40.215+0000] {processor.py:161} INFO - Started process (PID=490) to work on /home/airflow/.local/lib/python3.8/site-packages/airflow/example_dags/example_task_group.py
[2024-03-21T22:42:40.216+0000] {processor.py:830} INFO - Processing file /home/airflow/.local/lib/python3.8/site-packages/airflow/example_dags/example_task_group.py for tasks to queue
[2024-03-21T22:42:40.218+0000] {logging_mixin.py:188} INFO - [2024-03-21T22:42:40.218+0000] {dagbag.py:540} INFO - Filling up the DagBag from /home/airflow/.local/lib/python3.8/site-packages/airflow/example_dags/example_task_group.py
[2024-03-21T22:42:40.224+0000] {processor.py:840} INFO - DAG(s) 'example_task_group' retrieved from /home/airflow/.local/lib/python3.8/site-packages/airflow/example_dags/example_task_group.py
[2024-03-21T22:42:40.243+0000] {logging_mixin.py:188} INFO - [2024-03-21T22:42:40.242+0000] {dag.py:3047} INFO - Sync 1 DAGs
[2024-03-21T22:42:40.263+0000] {logging_mixin.py:188} INFO - [2024-03-21T22:42:40.263+0000] {dag.py:3834} INFO - Setting next_dagrun for example_task_group to 2024-03-20 00:00:00+00:00, run_after=2024-03-21 00:00:00+00:00
[2024-03-21T22:42:40.287+0000] {processor.py:183} INFO - Processing /home/airflow/.local/lib/python3.8/site-packages/airflow/example_dags/example_task_group.py took 0.075 seconds
[2024-03-21T22:43:10.682+0000] {processor.py:161} INFO - Started process (PID=545) to work on /home/airflow/.local/lib/python3.8/site-packages/airflow/example_dags/example_task_group.py
[2024-03-21T22:43:10.683+0000] {processor.py:830} INFO - Processing file /home/airflow/.local/lib/python3.8/site-packages/airflow/example_dags/example_task_group.py for tasks to queue
[2024-03-21T22:43:10.684+0000] {logging_mixin.py:188} INFO - [2024-03-21T22:43:10.684+0000] {dagbag.py:540} INFO - Filling up the DagBag from /home/airflow/.local/lib/python3.8/site-packages/airflow/example_dags/example_task_group.py
[2024-03-21T22:43:10.690+0000] {processor.py:840} INFO - DAG(s) 'example_task_group' retrieved from /home/airflow/.local/lib/python3.8/site-packages/airflow/example_dags/example_task_group.py
[2024-03-21T22:43:10.707+0000] {logging_mixin.py:188} INFO - [2024-03-21T22:43:10.706+0000] {dag.py:3047} INFO - Sync 1 DAGs
[2024-03-21T22:43:10.724+0000] {logging_mixin.py:188} INFO - [2024-03-21T22:43:10.723+0000] {dag.py:3834} INFO - Setting next_dagrun for example_task_group to 2024-03-20 00:00:00+00:00, run_after=2024-03-21 00:00:00+00:00
[2024-03-21T22:43:10.739+0000] {processor.py:183} INFO - Processing /home/airflow/.local/lib/python3.8/site-packages/airflow/example_dags/example_task_group.py took 0.062 seconds
[2024-03-21T22:43:40.916+0000] {processor.py:161} INFO - Started process (PID=600) to work on /home/airflow/.local/lib/python3.8/site-packages/airflow/example_dags/example_task_group.py
[2024-03-21T22:43:40.917+0000] {processor.py:830} INFO - Processing file /home/airflow/.local/lib/python3.8/site-packages/airflow/example_dags/example_task_group.py for tasks to queue
[2024-03-21T22:43:40.919+0000] {logging_mixin.py:188} INFO - [2024-03-21T22:43:40.919+0000] {dagbag.py:540} INFO - Filling up the DagBag from /home/airflow/.local/lib/python3.8/site-packages/airflow/example_dags/example_task_group.py
[2024-03-21T22:43:40.925+0000] {processor.py:840} INFO - DAG(s) 'example_task_group' retrieved from /home/airflow/.local/lib/python3.8/site-packages/airflow/example_dags/example_task_group.py
[2024-03-21T22:43:40.942+0000] {logging_mixin.py:188} INFO - [2024-03-21T22:43:40.942+0000] {dag.py:3047} INFO - Sync 1 DAGs
[2024-03-21T22:43:40.962+0000] {logging_mixin.py:188} INFO - [2024-03-21T22:43:40.961+0000] {dag.py:3834} INFO - Setting next_dagrun for example_task_group to 2024-03-20 00:00:00+00:00, run_after=2024-03-21 00:00:00+00:00
[2024-03-21T22:43:40.985+0000] {processor.py:183} INFO - Processing /home/airflow/.local/lib/python3.8/site-packages/airflow/example_dags/example_task_group.py took 0.071 seconds
