[2024-03-21T22:38:38.204+0000] {processor.py:161} INFO - Started process (PID=72) to work on /home/airflow/.local/lib/python3.8/site-packages/airflow/example_dags/example_task_group_decorator.py
[2024-03-21T22:38:38.208+0000] {processor.py:830} INFO - Processing file /home/airflow/.local/lib/python3.8/site-packages/airflow/example_dags/example_task_group_decorator.py for tasks to queue
[2024-03-21T22:38:38.213+0000] {logging_mixin.py:188} INFO - [2024-03-21T22:38:38.212+0000] {dagbag.py:540} INFO - Filling up the DagBag from /home/airflow/.local/lib/python3.8/site-packages/airflow/example_dags/example_task_group_decorator.py
[2024-03-21T22:38:38.233+0000] {processor.py:840} INFO - DAG(s) 'example_task_group_decorator' retrieved from /home/airflow/.local/lib/python3.8/site-packages/airflow/example_dags/example_task_group_decorator.py
[2024-03-21T22:38:38.254+0000] {logging_mixin.py:188} INFO - [2024-03-21T22:38:38.253+0000] {dag.py:3047} INFO - Sync 1 DAGs
[2024-03-21T22:38:38.312+0000] {logging_mixin.py:188} INFO - [2024-03-21T22:38:38.312+0000] {dag.py:3834} INFO - Setting next_dagrun for example_task_group_decorator to 2024-03-20 00:00:00+00:00, run_after=2024-03-21 00:00:00+00:00
[2024-03-21T22:38:38.417+0000] {processor.py:183} INFO - Processing /home/airflow/.local/lib/python3.8/site-packages/airflow/example_dags/example_task_group_decorator.py took 0.229 seconds
[2024-03-21T22:39:08.983+0000] {processor.py:161} INFO - Started process (PID=127) to work on /home/airflow/.local/lib/python3.8/site-packages/airflow/example_dags/example_task_group_decorator.py
[2024-03-21T22:39:08.985+0000] {processor.py:830} INFO - Processing file /home/airflow/.local/lib/python3.8/site-packages/airflow/example_dags/example_task_group_decorator.py for tasks to queue
[2024-03-21T22:39:08.987+0000] {logging_mixin.py:188} INFO - [2024-03-21T22:39:08.986+0000] {dagbag.py:540} INFO - Filling up the DagBag from /home/airflow/.local/lib/python3.8/site-packages/airflow/example_dags/example_task_group_decorator.py
[2024-03-21T22:39:09.001+0000] {processor.py:840} INFO - DAG(s) 'example_task_group_decorator' retrieved from /home/airflow/.local/lib/python3.8/site-packages/airflow/example_dags/example_task_group_decorator.py
[2024-03-21T22:39:09.086+0000] {logging_mixin.py:188} INFO - [2024-03-21T22:39:09.086+0000] {dag.py:3047} INFO - Sync 1 DAGs
[2024-03-21T22:39:09.101+0000] {logging_mixin.py:188} INFO - [2024-03-21T22:39:09.101+0000] {dag.py:3834} INFO - Setting next_dagrun for example_task_group_decorator to 2024-03-20 00:00:00+00:00, run_after=2024-03-21 00:00:00+00:00
[2024-03-21T22:39:09.123+0000] {processor.py:183} INFO - Processing /home/airflow/.local/lib/python3.8/site-packages/airflow/example_dags/example_task_group_decorator.py took 0.143 seconds
[2024-03-21T22:39:39.834+0000] {processor.py:161} INFO - Started process (PID=182) to work on /home/airflow/.local/lib/python3.8/site-packages/airflow/example_dags/example_task_group_decorator.py
[2024-03-21T22:39:39.835+0000] {processor.py:830} INFO - Processing file /home/airflow/.local/lib/python3.8/site-packages/airflow/example_dags/example_task_group_decorator.py for tasks to queue
[2024-03-21T22:39:39.837+0000] {logging_mixin.py:188} INFO - [2024-03-21T22:39:39.837+0000] {dagbag.py:540} INFO - Filling up the DagBag from /home/airflow/.local/lib/python3.8/site-packages/airflow/example_dags/example_task_group_decorator.py
[2024-03-21T22:39:39.847+0000] {processor.py:840} INFO - DAG(s) 'example_task_group_decorator' retrieved from /home/airflow/.local/lib/python3.8/site-packages/airflow/example_dags/example_task_group_decorator.py
[2024-03-21T22:39:39.866+0000] {logging_mixin.py:188} INFO - [2024-03-21T22:39:39.865+0000] {dag.py:3047} INFO - Sync 1 DAGs
[2024-03-21T22:39:39.883+0000] {logging_mixin.py:188} INFO - [2024-03-21T22:39:39.882+0000] {dag.py:3834} INFO - Setting next_dagrun for example_task_group_decorator to 2024-03-20 00:00:00+00:00, run_after=2024-03-21 00:00:00+00:00
[2024-03-21T22:39:39.898+0000] {processor.py:183} INFO - Processing /home/airflow/.local/lib/python3.8/site-packages/airflow/example_dags/example_task_group_decorator.py took 0.067 seconds
[2024-03-21T22:40:10.188+0000] {processor.py:161} INFO - Started process (PID=237) to work on /home/airflow/.local/lib/python3.8/site-packages/airflow/example_dags/example_task_group_decorator.py
[2024-03-21T22:40:10.189+0000] {processor.py:830} INFO - Processing file /home/airflow/.local/lib/python3.8/site-packages/airflow/example_dags/example_task_group_decorator.py for tasks to queue
[2024-03-21T22:40:10.191+0000] {logging_mixin.py:188} INFO - [2024-03-21T22:40:10.191+0000] {dagbag.py:540} INFO - Filling up the DagBag from /home/airflow/.local/lib/python3.8/site-packages/airflow/example_dags/example_task_group_decorator.py
[2024-03-21T22:40:10.203+0000] {processor.py:840} INFO - DAG(s) 'example_task_group_decorator' retrieved from /home/airflow/.local/lib/python3.8/site-packages/airflow/example_dags/example_task_group_decorator.py
[2024-03-21T22:40:10.225+0000] {logging_mixin.py:188} INFO - [2024-03-21T22:40:10.225+0000] {dag.py:3047} INFO - Sync 1 DAGs
[2024-03-21T22:40:10.241+0000] {logging_mixin.py:188} INFO - [2024-03-21T22:40:10.241+0000] {dag.py:3834} INFO - Setting next_dagrun for example_task_group_decorator to 2024-03-20 00:00:00+00:00, run_after=2024-03-21 00:00:00+00:00
[2024-03-21T22:40:10.264+0000] {processor.py:183} INFO - Processing /home/airflow/.local/lib/python3.8/site-packages/airflow/example_dags/example_task_group_decorator.py took 0.079 seconds
[2024-03-21T22:40:40.761+0000] {processor.py:161} INFO - Started process (PID=292) to work on /home/airflow/.local/lib/python3.8/site-packages/airflow/example_dags/example_task_group_decorator.py
[2024-03-21T22:40:40.762+0000] {processor.py:830} INFO - Processing file /home/airflow/.local/lib/python3.8/site-packages/airflow/example_dags/example_task_group_decorator.py for tasks to queue
[2024-03-21T22:40:40.764+0000] {logging_mixin.py:188} INFO - [2024-03-21T22:40:40.764+0000] {dagbag.py:540} INFO - Filling up the DagBag from /home/airflow/.local/lib/python3.8/site-packages/airflow/example_dags/example_task_group_decorator.py
[2024-03-21T22:40:40.779+0000] {processor.py:840} INFO - DAG(s) 'example_task_group_decorator' retrieved from /home/airflow/.local/lib/python3.8/site-packages/airflow/example_dags/example_task_group_decorator.py
[2024-03-21T22:40:40.801+0000] {logging_mixin.py:188} INFO - [2024-03-21T22:40:40.801+0000] {dag.py:3047} INFO - Sync 1 DAGs
[2024-03-21T22:40:40.821+0000] {logging_mixin.py:188} INFO - [2024-03-21T22:40:40.821+0000] {dag.py:3834} INFO - Setting next_dagrun for example_task_group_decorator to 2024-03-20 00:00:00+00:00, run_after=2024-03-21 00:00:00+00:00
[2024-03-21T22:40:40.836+0000] {processor.py:183} INFO - Processing /home/airflow/.local/lib/python3.8/site-packages/airflow/example_dags/example_task_group_decorator.py took 0.079 seconds
[2024-03-21T22:41:10.989+0000] {processor.py:161} INFO - Started process (PID=347) to work on /home/airflow/.local/lib/python3.8/site-packages/airflow/example_dags/example_task_group_decorator.py
[2024-03-21T22:41:10.991+0000] {processor.py:830} INFO - Processing file /home/airflow/.local/lib/python3.8/site-packages/airflow/example_dags/example_task_group_decorator.py for tasks to queue
[2024-03-21T22:41:11.003+0000] {logging_mixin.py:188} INFO - [2024-03-21T22:41:11.003+0000] {dagbag.py:540} INFO - Filling up the DagBag from /home/airflow/.local/lib/python3.8/site-packages/airflow/example_dags/example_task_group_decorator.py
[2024-03-21T22:41:11.014+0000] {processor.py:840} INFO - DAG(s) 'example_task_group_decorator' retrieved from /home/airflow/.local/lib/python3.8/site-packages/airflow/example_dags/example_task_group_decorator.py
[2024-03-21T22:41:11.032+0000] {logging_mixin.py:188} INFO - [2024-03-21T22:41:11.031+0000] {dag.py:3047} INFO - Sync 1 DAGs
[2024-03-21T22:41:11.052+0000] {logging_mixin.py:188} INFO - [2024-03-21T22:41:11.052+0000] {dag.py:3834} INFO - Setting next_dagrun for example_task_group_decorator to 2024-03-20 00:00:00+00:00, run_after=2024-03-21 00:00:00+00:00
[2024-03-21T22:41:11.067+0000] {processor.py:183} INFO - Processing /home/airflow/.local/lib/python3.8/site-packages/airflow/example_dags/example_task_group_decorator.py took 0.080 seconds
[2024-03-21T22:41:41.315+0000] {processor.py:161} INFO - Started process (PID=402) to work on /home/airflow/.local/lib/python3.8/site-packages/airflow/example_dags/example_task_group_decorator.py
[2024-03-21T22:41:41.316+0000] {processor.py:830} INFO - Processing file /home/airflow/.local/lib/python3.8/site-packages/airflow/example_dags/example_task_group_decorator.py for tasks to queue
[2024-03-21T22:41:41.317+0000] {logging_mixin.py:188} INFO - [2024-03-21T22:41:41.317+0000] {dagbag.py:540} INFO - Filling up the DagBag from /home/airflow/.local/lib/python3.8/site-packages/airflow/example_dags/example_task_group_decorator.py
[2024-03-21T22:41:41.328+0000] {processor.py:840} INFO - DAG(s) 'example_task_group_decorator' retrieved from /home/airflow/.local/lib/python3.8/site-packages/airflow/example_dags/example_task_group_decorator.py
[2024-03-21T22:41:41.347+0000] {logging_mixin.py:188} INFO - [2024-03-21T22:41:41.347+0000] {dag.py:3047} INFO - Sync 1 DAGs
[2024-03-21T22:41:41.366+0000] {logging_mixin.py:188} INFO - [2024-03-21T22:41:41.366+0000] {dag.py:3834} INFO - Setting next_dagrun for example_task_group_decorator to 2024-03-20 00:00:00+00:00, run_after=2024-03-21 00:00:00+00:00
[2024-03-21T22:41:41.392+0000] {processor.py:183} INFO - Processing /home/airflow/.local/lib/python3.8/site-packages/airflow/example_dags/example_task_group_decorator.py took 0.080 seconds
[2024-03-21T22:42:11.682+0000] {processor.py:161} INFO - Started process (PID=457) to work on /home/airflow/.local/lib/python3.8/site-packages/airflow/example_dags/example_task_group_decorator.py
[2024-03-21T22:42:11.683+0000] {processor.py:830} INFO - Processing file /home/airflow/.local/lib/python3.8/site-packages/airflow/example_dags/example_task_group_decorator.py for tasks to queue
[2024-03-21T22:42:11.685+0000] {logging_mixin.py:188} INFO - [2024-03-21T22:42:11.685+0000] {dagbag.py:540} INFO - Filling up the DagBag from /home/airflow/.local/lib/python3.8/site-packages/airflow/example_dags/example_task_group_decorator.py
[2024-03-21T22:42:11.697+0000] {processor.py:840} INFO - DAG(s) 'example_task_group_decorator' retrieved from /home/airflow/.local/lib/python3.8/site-packages/airflow/example_dags/example_task_group_decorator.py
[2024-03-21T22:42:11.715+0000] {logging_mixin.py:188} INFO - [2024-03-21T22:42:11.715+0000] {dag.py:3047} INFO - Sync 1 DAGs
[2024-03-21T22:42:11.733+0000] {logging_mixin.py:188} INFO - [2024-03-21T22:42:11.732+0000] {dag.py:3834} INFO - Setting next_dagrun for example_task_group_decorator to 2024-03-20 00:00:00+00:00, run_after=2024-03-21 00:00:00+00:00
[2024-03-21T22:42:11.757+0000] {processor.py:183} INFO - Processing /home/airflow/.local/lib/python3.8/site-packages/airflow/example_dags/example_task_group_decorator.py took 0.077 seconds
[2024-03-21T22:42:42.048+0000] {processor.py:161} INFO - Started process (PID=512) to work on /home/airflow/.local/lib/python3.8/site-packages/airflow/example_dags/example_task_group_decorator.py
[2024-03-21T22:42:42.049+0000] {processor.py:830} INFO - Processing file /home/airflow/.local/lib/python3.8/site-packages/airflow/example_dags/example_task_group_decorator.py for tasks to queue
[2024-03-21T22:42:42.051+0000] {logging_mixin.py:188} INFO - [2024-03-21T22:42:42.051+0000] {dagbag.py:540} INFO - Filling up the DagBag from /home/airflow/.local/lib/python3.8/site-packages/airflow/example_dags/example_task_group_decorator.py
[2024-03-21T22:42:42.061+0000] {processor.py:840} INFO - DAG(s) 'example_task_group_decorator' retrieved from /home/airflow/.local/lib/python3.8/site-packages/airflow/example_dags/example_task_group_decorator.py
[2024-03-21T22:42:42.083+0000] {logging_mixin.py:188} INFO - [2024-03-21T22:42:42.083+0000] {dag.py:3047} INFO - Sync 1 DAGs
[2024-03-21T22:42:42.102+0000] {logging_mixin.py:188} INFO - [2024-03-21T22:42:42.101+0000] {dag.py:3834} INFO - Setting next_dagrun for example_task_group_decorator to 2024-03-20 00:00:00+00:00, run_after=2024-03-21 00:00:00+00:00
[2024-03-21T22:42:42.125+0000] {processor.py:183} INFO - Processing /home/airflow/.local/lib/python3.8/site-packages/airflow/example_dags/example_task_group_decorator.py took 0.079 seconds
[2024-03-21T22:43:12.571+0000] {processor.py:161} INFO - Started process (PID=567) to work on /home/airflow/.local/lib/python3.8/site-packages/airflow/example_dags/example_task_group_decorator.py
[2024-03-21T22:43:12.572+0000] {processor.py:830} INFO - Processing file /home/airflow/.local/lib/python3.8/site-packages/airflow/example_dags/example_task_group_decorator.py for tasks to queue
[2024-03-21T22:43:12.574+0000] {logging_mixin.py:188} INFO - [2024-03-21T22:43:12.573+0000] {dagbag.py:540} INFO - Filling up the DagBag from /home/airflow/.local/lib/python3.8/site-packages/airflow/example_dags/example_task_group_decorator.py
[2024-03-21T22:43:12.586+0000] {processor.py:840} INFO - DAG(s) 'example_task_group_decorator' retrieved from /home/airflow/.local/lib/python3.8/site-packages/airflow/example_dags/example_task_group_decorator.py
[2024-03-21T22:43:12.608+0000] {logging_mixin.py:188} INFO - [2024-03-21T22:43:12.608+0000] {dag.py:3047} INFO - Sync 1 DAGs
[2024-03-21T22:43:12.627+0000] {logging_mixin.py:188} INFO - [2024-03-21T22:43:12.627+0000] {dag.py:3834} INFO - Setting next_dagrun for example_task_group_decorator to 2024-03-20 00:00:00+00:00, run_after=2024-03-21 00:00:00+00:00
[2024-03-21T22:43:12.644+0000] {processor.py:183} INFO - Processing /home/airflow/.local/lib/python3.8/site-packages/airflow/example_dags/example_task_group_decorator.py took 0.077 seconds
[2024-03-21T22:43:43.055+0000] {processor.py:161} INFO - Started process (PID=622) to work on /home/airflow/.local/lib/python3.8/site-packages/airflow/example_dags/example_task_group_decorator.py
[2024-03-21T22:43:43.056+0000] {processor.py:830} INFO - Processing file /home/airflow/.local/lib/python3.8/site-packages/airflow/example_dags/example_task_group_decorator.py for tasks to queue
[2024-03-21T22:43:43.058+0000] {logging_mixin.py:188} INFO - [2024-03-21T22:43:43.058+0000] {dagbag.py:540} INFO - Filling up the DagBag from /home/airflow/.local/lib/python3.8/site-packages/airflow/example_dags/example_task_group_decorator.py
[2024-03-21T22:43:43.078+0000] {processor.py:840} INFO - DAG(s) 'example_task_group_decorator' retrieved from /home/airflow/.local/lib/python3.8/site-packages/airflow/example_dags/example_task_group_decorator.py
[2024-03-21T22:43:43.104+0000] {logging_mixin.py:188} INFO - [2024-03-21T22:43:43.103+0000] {dag.py:3047} INFO - Sync 1 DAGs
[2024-03-21T22:43:43.128+0000] {logging_mixin.py:188} INFO - [2024-03-21T22:43:43.128+0000] {dag.py:3834} INFO - Setting next_dagrun for example_task_group_decorator to 2024-03-20 00:00:00+00:00, run_after=2024-03-21 00:00:00+00:00
[2024-03-21T22:43:43.152+0000] {processor.py:183} INFO - Processing /home/airflow/.local/lib/python3.8/site-packages/airflow/example_dags/example_task_group_decorator.py took 0.100 seconds
