[2024-03-21T22:38:39.119+0000] {processor.py:161} INFO - Started process (PID=78) to work on /home/airflow/.local/lib/python3.8/site-packages/airflow/example_dags/example_trigger_target_dag.py
[2024-03-21T22:38:39.124+0000] {processor.py:830} INFO - Processing file /home/airflow/.local/lib/python3.8/site-packages/airflow/example_dags/example_trigger_target_dag.py for tasks to queue
[2024-03-21T22:38:39.128+0000] {logging_mixin.py:188} INFO - [2024-03-21T22:38:39.127+0000] {dagbag.py:540} INFO - Filling up the DagBag from /home/airflow/.local/lib/python3.8/site-packages/airflow/example_dags/example_trigger_target_dag.py
[2024-03-21T22:38:39.159+0000] {processor.py:840} INFO - DAG(s) 'example_trigger_target_dag' retrieved from /home/airflow/.local/lib/python3.8/site-packages/airflow/example_dags/example_trigger_target_dag.py
[2024-03-21T22:38:39.218+0000] {logging_mixin.py:188} INFO - [2024-03-21T22:38:39.218+0000] {dag.py:3047} INFO - Sync 1 DAGs
[2024-03-21T22:38:39.236+0000] {logging_mixin.py:188} INFO - [2024-03-21T22:38:39.236+0000] {dag.py:3834} INFO - Setting next_dagrun for example_trigger_target_dag to None, run_after=None
[2024-03-21T22:38:39.266+0000] {processor.py:183} INFO - Processing /home/airflow/.local/lib/python3.8/site-packages/airflow/example_dags/example_trigger_target_dag.py took 0.159 seconds
[2024-03-21T22:39:09.586+0000] {processor.py:161} INFO - Started process (PID=133) to work on /home/airflow/.local/lib/python3.8/site-packages/airflow/example_dags/example_trigger_target_dag.py
[2024-03-21T22:39:09.587+0000] {processor.py:830} INFO - Processing file /home/airflow/.local/lib/python3.8/site-packages/airflow/example_dags/example_trigger_target_dag.py for tasks to queue
[2024-03-21T22:39:09.588+0000] {logging_mixin.py:188} INFO - [2024-03-21T22:39:09.588+0000] {dagbag.py:540} INFO - Filling up the DagBag from /home/airflow/.local/lib/python3.8/site-packages/airflow/example_dags/example_trigger_target_dag.py
[2024-03-21T22:39:09.593+0000] {processor.py:840} INFO - DAG(s) 'example_trigger_target_dag' retrieved from /home/airflow/.local/lib/python3.8/site-packages/airflow/example_dags/example_trigger_target_dag.py
[2024-03-21T22:39:09.672+0000] {logging_mixin.py:188} INFO - [2024-03-21T22:39:09.672+0000] {dag.py:3047} INFO - Sync 1 DAGs
[2024-03-21T22:39:09.680+0000] {logging_mixin.py:188} INFO - [2024-03-21T22:39:09.680+0000] {dag.py:3834} INFO - Setting next_dagrun for example_trigger_target_dag to None, run_after=None
[2024-03-21T22:39:09.695+0000] {processor.py:183} INFO - Processing /home/airflow/.local/lib/python3.8/site-packages/airflow/example_dags/example_trigger_target_dag.py took 0.113 seconds
[2024-03-21T22:39:40.103+0000] {processor.py:161} INFO - Started process (PID=188) to work on /home/airflow/.local/lib/python3.8/site-packages/airflow/example_dags/example_trigger_target_dag.py
[2024-03-21T22:39:40.104+0000] {processor.py:830} INFO - Processing file /home/airflow/.local/lib/python3.8/site-packages/airflow/example_dags/example_trigger_target_dag.py for tasks to queue
[2024-03-21T22:39:40.105+0000] {logging_mixin.py:188} INFO - [2024-03-21T22:39:40.105+0000] {dagbag.py:540} INFO - Filling up the DagBag from /home/airflow/.local/lib/python3.8/site-packages/airflow/example_dags/example_trigger_target_dag.py
[2024-03-21T22:39:40.110+0000] {processor.py:840} INFO - DAG(s) 'example_trigger_target_dag' retrieved from /home/airflow/.local/lib/python3.8/site-packages/airflow/example_dags/example_trigger_target_dag.py
[2024-03-21T22:39:40.125+0000] {logging_mixin.py:188} INFO - [2024-03-21T22:39:40.125+0000] {dag.py:3047} INFO - Sync 1 DAGs
[2024-03-21T22:39:40.135+0000] {logging_mixin.py:188} INFO - [2024-03-21T22:39:40.134+0000] {dag.py:3834} INFO - Setting next_dagrun for example_trigger_target_dag to None, run_after=None
[2024-03-21T22:39:40.150+0000] {processor.py:183} INFO - Processing /home/airflow/.local/lib/python3.8/site-packages/airflow/example_dags/example_trigger_target_dag.py took 0.049 seconds
[2024-03-21T22:40:10.550+0000] {processor.py:161} INFO - Started process (PID=243) to work on /home/airflow/.local/lib/python3.8/site-packages/airflow/example_dags/example_trigger_target_dag.py
[2024-03-21T22:40:10.551+0000] {processor.py:830} INFO - Processing file /home/airflow/.local/lib/python3.8/site-packages/airflow/example_dags/example_trigger_target_dag.py for tasks to queue
[2024-03-21T22:40:10.552+0000] {logging_mixin.py:188} INFO - [2024-03-21T22:40:10.552+0000] {dagbag.py:540} INFO - Filling up the DagBag from /home/airflow/.local/lib/python3.8/site-packages/airflow/example_dags/example_trigger_target_dag.py
[2024-03-21T22:40:10.557+0000] {processor.py:840} INFO - DAG(s) 'example_trigger_target_dag' retrieved from /home/airflow/.local/lib/python3.8/site-packages/airflow/example_dags/example_trigger_target_dag.py
[2024-03-21T22:40:10.571+0000] {logging_mixin.py:188} INFO - [2024-03-21T22:40:10.571+0000] {dag.py:3047} INFO - Sync 1 DAGs
[2024-03-21T22:40:10.579+0000] {logging_mixin.py:188} INFO - [2024-03-21T22:40:10.579+0000] {dag.py:3834} INFO - Setting next_dagrun for example_trigger_target_dag to None, run_after=None
[2024-03-21T22:40:10.594+0000] {processor.py:183} INFO - Processing /home/airflow/.local/lib/python3.8/site-packages/airflow/example_dags/example_trigger_target_dag.py took 0.047 seconds
[2024-03-21T22:40:41.127+0000] {processor.py:161} INFO - Started process (PID=298) to work on /home/airflow/.local/lib/python3.8/site-packages/airflow/example_dags/example_trigger_target_dag.py
[2024-03-21T22:40:41.128+0000] {processor.py:830} INFO - Processing file /home/airflow/.local/lib/python3.8/site-packages/airflow/example_dags/example_trigger_target_dag.py for tasks to queue
[2024-03-21T22:40:41.129+0000] {logging_mixin.py:188} INFO - [2024-03-21T22:40:41.129+0000] {dagbag.py:540} INFO - Filling up the DagBag from /home/airflow/.local/lib/python3.8/site-packages/airflow/example_dags/example_trigger_target_dag.py
[2024-03-21T22:40:41.134+0000] {processor.py:840} INFO - DAG(s) 'example_trigger_target_dag' retrieved from /home/airflow/.local/lib/python3.8/site-packages/airflow/example_dags/example_trigger_target_dag.py
[2024-03-21T22:40:41.148+0000] {logging_mixin.py:188} INFO - [2024-03-21T22:40:41.148+0000] {dag.py:3047} INFO - Sync 1 DAGs
[2024-03-21T22:40:41.157+0000] {logging_mixin.py:188} INFO - [2024-03-21T22:40:41.156+0000] {dag.py:3834} INFO - Setting next_dagrun for example_trigger_target_dag to None, run_after=None
[2024-03-21T22:40:41.179+0000] {processor.py:183} INFO - Processing /home/airflow/.local/lib/python3.8/site-packages/airflow/example_dags/example_trigger_target_dag.py took 0.055 seconds
[2024-03-21T22:41:11.347+0000] {processor.py:161} INFO - Started process (PID=353) to work on /home/airflow/.local/lib/python3.8/site-packages/airflow/example_dags/example_trigger_target_dag.py
[2024-03-21T22:41:11.347+0000] {processor.py:830} INFO - Processing file /home/airflow/.local/lib/python3.8/site-packages/airflow/example_dags/example_trigger_target_dag.py for tasks to queue
[2024-03-21T22:41:11.349+0000] {logging_mixin.py:188} INFO - [2024-03-21T22:41:11.349+0000] {dagbag.py:540} INFO - Filling up the DagBag from /home/airflow/.local/lib/python3.8/site-packages/airflow/example_dags/example_trigger_target_dag.py
[2024-03-21T22:41:11.353+0000] {processor.py:840} INFO - DAG(s) 'example_trigger_target_dag' retrieved from /home/airflow/.local/lib/python3.8/site-packages/airflow/example_dags/example_trigger_target_dag.py
[2024-03-21T22:41:11.369+0000] {logging_mixin.py:188} INFO - [2024-03-21T22:41:11.368+0000] {dag.py:3047} INFO - Sync 1 DAGs
[2024-03-21T22:41:11.377+0000] {logging_mixin.py:188} INFO - [2024-03-21T22:41:11.377+0000] {dag.py:3834} INFO - Setting next_dagrun for example_trigger_target_dag to None, run_after=None
[2024-03-21T22:41:11.400+0000] {processor.py:183} INFO - Processing /home/airflow/.local/lib/python3.8/site-packages/airflow/example_dags/example_trigger_target_dag.py took 0.056 seconds
[2024-03-21T22:41:41.665+0000] {processor.py:161} INFO - Started process (PID=408) to work on /home/airflow/.local/lib/python3.8/site-packages/airflow/example_dags/example_trigger_target_dag.py
[2024-03-21T22:41:41.666+0000] {processor.py:830} INFO - Processing file /home/airflow/.local/lib/python3.8/site-packages/airflow/example_dags/example_trigger_target_dag.py for tasks to queue
[2024-03-21T22:41:41.668+0000] {logging_mixin.py:188} INFO - [2024-03-21T22:41:41.667+0000] {dagbag.py:540} INFO - Filling up the DagBag from /home/airflow/.local/lib/python3.8/site-packages/airflow/example_dags/example_trigger_target_dag.py
[2024-03-21T22:41:41.672+0000] {processor.py:840} INFO - DAG(s) 'example_trigger_target_dag' retrieved from /home/airflow/.local/lib/python3.8/site-packages/airflow/example_dags/example_trigger_target_dag.py
[2024-03-21T22:41:41.686+0000] {logging_mixin.py:188} INFO - [2024-03-21T22:41:41.686+0000] {dag.py:3047} INFO - Sync 1 DAGs
[2024-03-21T22:41:41.695+0000] {logging_mixin.py:188} INFO - [2024-03-21T22:41:41.695+0000] {dag.py:3834} INFO - Setting next_dagrun for example_trigger_target_dag to None, run_after=None
[2024-03-21T22:41:41.707+0000] {processor.py:183} INFO - Processing /home/airflow/.local/lib/python3.8/site-packages/airflow/example_dags/example_trigger_target_dag.py took 0.046 seconds
[2024-03-21T22:42:12.027+0000] {processor.py:161} INFO - Started process (PID=463) to work on /home/airflow/.local/lib/python3.8/site-packages/airflow/example_dags/example_trigger_target_dag.py
[2024-03-21T22:42:12.028+0000] {processor.py:830} INFO - Processing file /home/airflow/.local/lib/python3.8/site-packages/airflow/example_dags/example_trigger_target_dag.py for tasks to queue
[2024-03-21T22:42:12.030+0000] {logging_mixin.py:188} INFO - [2024-03-21T22:42:12.029+0000] {dagbag.py:540} INFO - Filling up the DagBag from /home/airflow/.local/lib/python3.8/site-packages/airflow/example_dags/example_trigger_target_dag.py
[2024-03-21T22:42:12.034+0000] {processor.py:840} INFO - DAG(s) 'example_trigger_target_dag' retrieved from /home/airflow/.local/lib/python3.8/site-packages/airflow/example_dags/example_trigger_target_dag.py
[2024-03-21T22:42:12.051+0000] {logging_mixin.py:188} INFO - [2024-03-21T22:42:12.051+0000] {dag.py:3047} INFO - Sync 1 DAGs
[2024-03-21T22:42:12.060+0000] {logging_mixin.py:188} INFO - [2024-03-21T22:42:12.060+0000] {dag.py:3834} INFO - Setting next_dagrun for example_trigger_target_dag to None, run_after=None
[2024-03-21T22:42:12.072+0000] {processor.py:183} INFO - Processing /home/airflow/.local/lib/python3.8/site-packages/airflow/example_dags/example_trigger_target_dag.py took 0.048 seconds
[2024-03-21T22:42:42.423+0000] {processor.py:161} INFO - Started process (PID=518) to work on /home/airflow/.local/lib/python3.8/site-packages/airflow/example_dags/example_trigger_target_dag.py
[2024-03-21T22:42:42.424+0000] {processor.py:830} INFO - Processing file /home/airflow/.local/lib/python3.8/site-packages/airflow/example_dags/example_trigger_target_dag.py for tasks to queue
[2024-03-21T22:42:42.426+0000] {logging_mixin.py:188} INFO - [2024-03-21T22:42:42.426+0000] {dagbag.py:540} INFO - Filling up the DagBag from /home/airflow/.local/lib/python3.8/site-packages/airflow/example_dags/example_trigger_target_dag.py
[2024-03-21T22:42:42.431+0000] {processor.py:840} INFO - DAG(s) 'example_trigger_target_dag' retrieved from /home/airflow/.local/lib/python3.8/site-packages/airflow/example_dags/example_trigger_target_dag.py
[2024-03-21T22:42:42.446+0000] {logging_mixin.py:188} INFO - [2024-03-21T22:42:42.446+0000] {dag.py:3047} INFO - Sync 1 DAGs
[2024-03-21T22:42:42.455+0000] {logging_mixin.py:188} INFO - [2024-03-21T22:42:42.455+0000] {dag.py:3834} INFO - Setting next_dagrun for example_trigger_target_dag to None, run_after=None
[2024-03-21T22:42:42.471+0000] {processor.py:183} INFO - Processing /home/airflow/.local/lib/python3.8/site-packages/airflow/example_dags/example_trigger_target_dag.py took 0.051 seconds
[2024-03-21T22:43:12.940+0000] {processor.py:161} INFO - Started process (PID=573) to work on /home/airflow/.local/lib/python3.8/site-packages/airflow/example_dags/example_trigger_target_dag.py
[2024-03-21T22:43:12.941+0000] {processor.py:830} INFO - Processing file /home/airflow/.local/lib/python3.8/site-packages/airflow/example_dags/example_trigger_target_dag.py for tasks to queue
[2024-03-21T22:43:12.943+0000] {logging_mixin.py:188} INFO - [2024-03-21T22:43:12.942+0000] {dagbag.py:540} INFO - Filling up the DagBag from /home/airflow/.local/lib/python3.8/site-packages/airflow/example_dags/example_trigger_target_dag.py
[2024-03-21T22:43:12.948+0000] {processor.py:840} INFO - DAG(s) 'example_trigger_target_dag' retrieved from /home/airflow/.local/lib/python3.8/site-packages/airflow/example_dags/example_trigger_target_dag.py
[2024-03-21T22:43:12.964+0000] {logging_mixin.py:188} INFO - [2024-03-21T22:43:12.963+0000] {dag.py:3047} INFO - Sync 1 DAGs
[2024-03-21T22:43:12.974+0000] {logging_mixin.py:188} INFO - [2024-03-21T22:43:12.973+0000] {dag.py:3834} INFO - Setting next_dagrun for example_trigger_target_dag to None, run_after=None
[2024-03-21T22:43:12.988+0000] {processor.py:183} INFO - Processing /home/airflow/.local/lib/python3.8/site-packages/airflow/example_dags/example_trigger_target_dag.py took 0.051 seconds
[2024-03-21T22:43:43.465+0000] {processor.py:161} INFO - Started process (PID=628) to work on /home/airflow/.local/lib/python3.8/site-packages/airflow/example_dags/example_trigger_target_dag.py
[2024-03-21T22:43:43.467+0000] {processor.py:830} INFO - Processing file /home/airflow/.local/lib/python3.8/site-packages/airflow/example_dags/example_trigger_target_dag.py for tasks to queue
[2024-03-21T22:43:43.468+0000] {logging_mixin.py:188} INFO - [2024-03-21T22:43:43.468+0000] {dagbag.py:540} INFO - Filling up the DagBag from /home/airflow/.local/lib/python3.8/site-packages/airflow/example_dags/example_trigger_target_dag.py
[2024-03-21T22:43:43.473+0000] {processor.py:840} INFO - DAG(s) 'example_trigger_target_dag' retrieved from /home/airflow/.local/lib/python3.8/site-packages/airflow/example_dags/example_trigger_target_dag.py
[2024-03-21T22:43:43.490+0000] {logging_mixin.py:188} INFO - [2024-03-21T22:43:43.490+0000] {dag.py:3047} INFO - Sync 1 DAGs
[2024-03-21T22:43:43.500+0000] {logging_mixin.py:188} INFO - [2024-03-21T22:43:43.500+0000] {dag.py:3834} INFO - Setting next_dagrun for example_trigger_target_dag to None, run_after=None
[2024-03-21T22:43:43.530+0000] {processor.py:183} INFO - Processing /home/airflow/.local/lib/python3.8/site-packages/airflow/example_dags/example_trigger_target_dag.py took 0.068 seconds
