[2024-03-21T22:38:38.276+0000] {processor.py:161} INFO - Started process (PID=73) to work on /home/airflow/.local/lib/python3.8/site-packages/airflow/example_dags/example_branch_python_dop_operator_3.py
[2024-03-21T22:38:38.279+0000] {processor.py:830} INFO - Processing file /home/airflow/.local/lib/python3.8/site-packages/airflow/example_dags/example_branch_python_dop_operator_3.py for tasks to queue
[2024-03-21T22:38:38.289+0000] {logging_mixin.py:188} INFO - [2024-03-21T22:38:38.287+0000] {dagbag.py:540} INFO - Filling up the DagBag from /home/airflow/.local/lib/python3.8/site-packages/airflow/example_dags/example_branch_python_dop_operator_3.py
[2024-03-21T22:38:38.397+0000] {processor.py:840} INFO - DAG(s) 'example_branch_dop_operator_v3' retrieved from /home/airflow/.local/lib/python3.8/site-packages/airflow/example_dags/example_branch_python_dop_operator_3.py
[2024-03-21T22:38:38.433+0000] {logging_mixin.py:188} INFO - [2024-03-21T22:38:38.432+0000] {dag.py:3047} INFO - Sync 1 DAGs
[2024-03-21T22:38:38.469+0000] {logging_mixin.py:188} INFO - [2024-03-21T22:38:38.469+0000] {dag.py:3834} INFO - Setting next_dagrun for example_branch_dop_operator_v3 to 2024-03-21 22:37:00+00:00, run_after=2024-03-21 22:38:00+00:00
[2024-03-21T22:38:38.501+0000] {processor.py:183} INFO - Processing /home/airflow/.local/lib/python3.8/site-packages/airflow/example_dags/example_branch_python_dop_operator_3.py took 0.240 seconds
[2024-03-21T22:39:08.984+0000] {processor.py:161} INFO - Started process (PID=128) to work on /home/airflow/.local/lib/python3.8/site-packages/airflow/example_dags/example_branch_python_dop_operator_3.py
[2024-03-21T22:39:08.985+0000] {processor.py:830} INFO - Processing file /home/airflow/.local/lib/python3.8/site-packages/airflow/example_dags/example_branch_python_dop_operator_3.py for tasks to queue
[2024-03-21T22:39:08.987+0000] {logging_mixin.py:188} INFO - [2024-03-21T22:39:08.987+0000] {dagbag.py:540} INFO - Filling up the DagBag from /home/airflow/.local/lib/python3.8/site-packages/airflow/example_dags/example_branch_python_dop_operator_3.py
[2024-03-21T22:39:08.996+0000] {processor.py:840} INFO - DAG(s) 'example_branch_dop_operator_v3' retrieved from /home/airflow/.local/lib/python3.8/site-packages/airflow/example_dags/example_branch_python_dop_operator_3.py
[2024-03-21T22:39:09.080+0000] {logging_mixin.py:188} INFO - [2024-03-21T22:39:09.080+0000] {dag.py:3047} INFO - Sync 1 DAGs
[2024-03-21T22:39:09.099+0000] {logging_mixin.py:188} INFO - [2024-03-21T22:39:09.099+0000] {dag.py:3834} INFO - Setting next_dagrun for example_branch_dop_operator_v3 to 2024-03-21 22:38:00+00:00, run_after=2024-03-21 22:39:00+00:00
[2024-03-21T22:39:09.121+0000] {processor.py:183} INFO - Processing /home/airflow/.local/lib/python3.8/site-packages/airflow/example_dags/example_branch_python_dop_operator_3.py took 0.140 seconds
[2024-03-21T22:39:39.917+0000] {processor.py:161} INFO - Started process (PID=183) to work on /home/airflow/.local/lib/python3.8/site-packages/airflow/example_dags/example_branch_python_dop_operator_3.py
[2024-03-21T22:39:39.918+0000] {processor.py:830} INFO - Processing file /home/airflow/.local/lib/python3.8/site-packages/airflow/example_dags/example_branch_python_dop_operator_3.py for tasks to queue
[2024-03-21T22:39:39.920+0000] {logging_mixin.py:188} INFO - [2024-03-21T22:39:39.920+0000] {dagbag.py:540} INFO - Filling up the DagBag from /home/airflow/.local/lib/python3.8/site-packages/airflow/example_dags/example_branch_python_dop_operator_3.py
[2024-03-21T22:39:39.928+0000] {processor.py:840} INFO - DAG(s) 'example_branch_dop_operator_v3' retrieved from /home/airflow/.local/lib/python3.8/site-packages/airflow/example_dags/example_branch_python_dop_operator_3.py
[2024-03-21T22:39:39.948+0000] {logging_mixin.py:188} INFO - [2024-03-21T22:39:39.948+0000] {dag.py:3047} INFO - Sync 1 DAGs
[2024-03-21T22:39:39.969+0000] {logging_mixin.py:188} INFO - [2024-03-21T22:39:39.969+0000] {dag.py:3834} INFO - Setting next_dagrun for example_branch_dop_operator_v3 to 2024-03-21 22:38:00+00:00, run_after=2024-03-21 22:39:00+00:00
[2024-03-21T22:39:39.984+0000] {processor.py:183} INFO - Processing /home/airflow/.local/lib/python3.8/site-packages/airflow/example_dags/example_branch_python_dop_operator_3.py took 0.071 seconds
[2024-03-21T22:40:10.288+0000] {processor.py:161} INFO - Started process (PID=238) to work on /home/airflow/.local/lib/python3.8/site-packages/airflow/example_dags/example_branch_python_dop_operator_3.py
[2024-03-21T22:40:10.289+0000] {processor.py:830} INFO - Processing file /home/airflow/.local/lib/python3.8/site-packages/airflow/example_dags/example_branch_python_dop_operator_3.py for tasks to queue
[2024-03-21T22:40:10.291+0000] {logging_mixin.py:188} INFO - [2024-03-21T22:40:10.290+0000] {dagbag.py:540} INFO - Filling up the DagBag from /home/airflow/.local/lib/python3.8/site-packages/airflow/example_dags/example_branch_python_dop_operator_3.py
[2024-03-21T22:40:10.297+0000] {processor.py:840} INFO - DAG(s) 'example_branch_dop_operator_v3' retrieved from /home/airflow/.local/lib/python3.8/site-packages/airflow/example_dags/example_branch_python_dop_operator_3.py
[2024-03-21T22:40:10.313+0000] {logging_mixin.py:188} INFO - [2024-03-21T22:40:10.312+0000] {dag.py:3047} INFO - Sync 1 DAGs
[2024-03-21T22:40:10.339+0000] {logging_mixin.py:188} INFO - [2024-03-21T22:40:10.338+0000] {dag.py:3834} INFO - Setting next_dagrun for example_branch_dop_operator_v3 to 2024-03-21 22:39:00+00:00, run_after=2024-03-21 22:40:00+00:00
[2024-03-21T22:40:10.366+0000] {processor.py:183} INFO - Processing /home/airflow/.local/lib/python3.8/site-packages/airflow/example_dags/example_branch_python_dop_operator_3.py took 0.080 seconds
[2024-03-21T22:40:40.860+0000] {processor.py:161} INFO - Started process (PID=293) to work on /home/airflow/.local/lib/python3.8/site-packages/airflow/example_dags/example_branch_python_dop_operator_3.py
[2024-03-21T22:40:40.861+0000] {processor.py:830} INFO - Processing file /home/airflow/.local/lib/python3.8/site-packages/airflow/example_dags/example_branch_python_dop_operator_3.py for tasks to queue
[2024-03-21T22:40:40.863+0000] {logging_mixin.py:188} INFO - [2024-03-21T22:40:40.863+0000] {dagbag.py:540} INFO - Filling up the DagBag from /home/airflow/.local/lib/python3.8/site-packages/airflow/example_dags/example_branch_python_dop_operator_3.py
[2024-03-21T22:40:40.870+0000] {processor.py:840} INFO - DAG(s) 'example_branch_dop_operator_v3' retrieved from /home/airflow/.local/lib/python3.8/site-packages/airflow/example_dags/example_branch_python_dop_operator_3.py
[2024-03-21T22:40:40.886+0000] {logging_mixin.py:188} INFO - [2024-03-21T22:40:40.886+0000] {dag.py:3047} INFO - Sync 1 DAGs
[2024-03-21T22:40:40.905+0000] {logging_mixin.py:188} INFO - [2024-03-21T22:40:40.905+0000] {dag.py:3834} INFO - Setting next_dagrun for example_branch_dop_operator_v3 to 2024-03-21 22:39:00+00:00, run_after=2024-03-21 22:40:00+00:00
[2024-03-21T22:40:40.930+0000] {processor.py:183} INFO - Processing /home/airflow/.local/lib/python3.8/site-packages/airflow/example_dags/example_branch_python_dop_operator_3.py took 0.073 seconds
[2024-03-21T22:41:11.087+0000] {processor.py:161} INFO - Started process (PID=348) to work on /home/airflow/.local/lib/python3.8/site-packages/airflow/example_dags/example_branch_python_dop_operator_3.py
[2024-03-21T22:41:11.088+0000] {processor.py:830} INFO - Processing file /home/airflow/.local/lib/python3.8/site-packages/airflow/example_dags/example_branch_python_dop_operator_3.py for tasks to queue
[2024-03-21T22:41:11.090+0000] {logging_mixin.py:188} INFO - [2024-03-21T22:41:11.089+0000] {dagbag.py:540} INFO - Filling up the DagBag from /home/airflow/.local/lib/python3.8/site-packages/airflow/example_dags/example_branch_python_dop_operator_3.py
[2024-03-21T22:41:11.096+0000] {processor.py:840} INFO - DAG(s) 'example_branch_dop_operator_v3' retrieved from /home/airflow/.local/lib/python3.8/site-packages/airflow/example_dags/example_branch_python_dop_operator_3.py
[2024-03-21T22:41:11.111+0000] {logging_mixin.py:188} INFO - [2024-03-21T22:41:11.111+0000] {dag.py:3047} INFO - Sync 1 DAGs
[2024-03-21T22:41:11.130+0000] {logging_mixin.py:188} INFO - [2024-03-21T22:41:11.129+0000] {dag.py:3834} INFO - Setting next_dagrun for example_branch_dop_operator_v3 to 2024-03-21 22:40:00+00:00, run_after=2024-03-21 22:41:00+00:00
[2024-03-21T22:41:11.154+0000] {processor.py:183} INFO - Processing /home/airflow/.local/lib/python3.8/site-packages/airflow/example_dags/example_branch_python_dop_operator_3.py took 0.069 seconds
[2024-03-21T22:41:41.417+0000] {processor.py:161} INFO - Started process (PID=403) to work on /home/airflow/.local/lib/python3.8/site-packages/airflow/example_dags/example_branch_python_dop_operator_3.py
[2024-03-21T22:41:41.418+0000] {processor.py:830} INFO - Processing file /home/airflow/.local/lib/python3.8/site-packages/airflow/example_dags/example_branch_python_dop_operator_3.py for tasks to queue
[2024-03-21T22:41:41.420+0000] {logging_mixin.py:188} INFO - [2024-03-21T22:41:41.419+0000] {dagbag.py:540} INFO - Filling up the DagBag from /home/airflow/.local/lib/python3.8/site-packages/airflow/example_dags/example_branch_python_dop_operator_3.py
[2024-03-21T22:41:41.427+0000] {processor.py:840} INFO - DAG(s) 'example_branch_dop_operator_v3' retrieved from /home/airflow/.local/lib/python3.8/site-packages/airflow/example_dags/example_branch_python_dop_operator_3.py
[2024-03-21T22:41:41.441+0000] {logging_mixin.py:188} INFO - [2024-03-21T22:41:41.441+0000] {dag.py:3047} INFO - Sync 1 DAGs
[2024-03-21T22:41:41.460+0000] {logging_mixin.py:188} INFO - [2024-03-21T22:41:41.459+0000] {dag.py:3834} INFO - Setting next_dagrun for example_branch_dop_operator_v3 to 2024-03-21 22:40:00+00:00, run_after=2024-03-21 22:41:00+00:00
[2024-03-21T22:41:41.482+0000] {processor.py:183} INFO - Processing /home/airflow/.local/lib/python3.8/site-packages/airflow/example_dags/example_branch_python_dop_operator_3.py took 0.069 seconds
[2024-03-21T22:42:11.780+0000] {processor.py:161} INFO - Started process (PID=458) to work on /home/airflow/.local/lib/python3.8/site-packages/airflow/example_dags/example_branch_python_dop_operator_3.py
[2024-03-21T22:42:11.781+0000] {processor.py:830} INFO - Processing file /home/airflow/.local/lib/python3.8/site-packages/airflow/example_dags/example_branch_python_dop_operator_3.py for tasks to queue
[2024-03-21T22:42:11.782+0000] {logging_mixin.py:188} INFO - [2024-03-21T22:42:11.782+0000] {dagbag.py:540} INFO - Filling up the DagBag from /home/airflow/.local/lib/python3.8/site-packages/airflow/example_dags/example_branch_python_dop_operator_3.py
[2024-03-21T22:42:11.790+0000] {processor.py:840} INFO - DAG(s) 'example_branch_dop_operator_v3' retrieved from /home/airflow/.local/lib/python3.8/site-packages/airflow/example_dags/example_branch_python_dop_operator_3.py
[2024-03-21T22:42:11.810+0000] {logging_mixin.py:188} INFO - [2024-03-21T22:42:11.810+0000] {dag.py:3047} INFO - Sync 1 DAGs
[2024-03-21T22:42:11.829+0000] {logging_mixin.py:188} INFO - [2024-03-21T22:42:11.829+0000] {dag.py:3834} INFO - Setting next_dagrun for example_branch_dop_operator_v3 to 2024-03-21 22:41:00+00:00, run_after=2024-03-21 22:42:00+00:00
[2024-03-21T22:42:11.842+0000] {processor.py:183} INFO - Processing /home/airflow/.local/lib/python3.8/site-packages/airflow/example_dags/example_branch_python_dop_operator_3.py took 0.064 seconds
[2024-03-21T22:42:42.150+0000] {processor.py:161} INFO - Started process (PID=513) to work on /home/airflow/.local/lib/python3.8/site-packages/airflow/example_dags/example_branch_python_dop_operator_3.py
[2024-03-21T22:42:42.151+0000] {processor.py:830} INFO - Processing file /home/airflow/.local/lib/python3.8/site-packages/airflow/example_dags/example_branch_python_dop_operator_3.py for tasks to queue
[2024-03-21T22:42:42.152+0000] {logging_mixin.py:188} INFO - [2024-03-21T22:42:42.152+0000] {dagbag.py:540} INFO - Filling up the DagBag from /home/airflow/.local/lib/python3.8/site-packages/airflow/example_dags/example_branch_python_dop_operator_3.py
[2024-03-21T22:42:42.159+0000] {processor.py:840} INFO - DAG(s) 'example_branch_dop_operator_v3' retrieved from /home/airflow/.local/lib/python3.8/site-packages/airflow/example_dags/example_branch_python_dop_operator_3.py
[2024-03-21T22:42:42.175+0000] {logging_mixin.py:188} INFO - [2024-03-21T22:42:42.175+0000] {dag.py:3047} INFO - Sync 1 DAGs
[2024-03-21T22:42:42.196+0000] {logging_mixin.py:188} INFO - [2024-03-21T22:42:42.195+0000] {dag.py:3834} INFO - Setting next_dagrun for example_branch_dop_operator_v3 to 2024-03-21 22:41:00+00:00, run_after=2024-03-21 22:42:00+00:00
[2024-03-21T22:42:42.219+0000] {processor.py:183} INFO - Processing /home/airflow/.local/lib/python3.8/site-packages/airflow/example_dags/example_branch_python_dop_operator_3.py took 0.072 seconds
[2024-03-21T22:43:12.670+0000] {processor.py:161} INFO - Started process (PID=568) to work on /home/airflow/.local/lib/python3.8/site-packages/airflow/example_dags/example_branch_python_dop_operator_3.py
[2024-03-21T22:43:12.671+0000] {processor.py:830} INFO - Processing file /home/airflow/.local/lib/python3.8/site-packages/airflow/example_dags/example_branch_python_dop_operator_3.py for tasks to queue
[2024-03-21T22:43:12.672+0000] {logging_mixin.py:188} INFO - [2024-03-21T22:43:12.672+0000] {dagbag.py:540} INFO - Filling up the DagBag from /home/airflow/.local/lib/python3.8/site-packages/airflow/example_dags/example_branch_python_dop_operator_3.py
[2024-03-21T22:43:12.679+0000] {processor.py:840} INFO - DAG(s) 'example_branch_dop_operator_v3' retrieved from /home/airflow/.local/lib/python3.8/site-packages/airflow/example_dags/example_branch_python_dop_operator_3.py
[2024-03-21T22:43:12.695+0000] {logging_mixin.py:188} INFO - [2024-03-21T22:43:12.695+0000] {dag.py:3047} INFO - Sync 1 DAGs
[2024-03-21T22:43:12.714+0000] {logging_mixin.py:188} INFO - [2024-03-21T22:43:12.714+0000] {dag.py:3834} INFO - Setting next_dagrun for example_branch_dop_operator_v3 to 2024-03-21 22:42:00+00:00, run_after=2024-03-21 22:43:00+00:00
[2024-03-21T22:43:12.730+0000] {processor.py:183} INFO - Processing /home/airflow/.local/lib/python3.8/site-packages/airflow/example_dags/example_branch_python_dop_operator_3.py took 0.063 seconds
[2024-03-21T22:43:43.178+0000] {processor.py:161} INFO - Started process (PID=623) to work on /home/airflow/.local/lib/python3.8/site-packages/airflow/example_dags/example_branch_python_dop_operator_3.py
[2024-03-21T22:43:43.179+0000] {processor.py:830} INFO - Processing file /home/airflow/.local/lib/python3.8/site-packages/airflow/example_dags/example_branch_python_dop_operator_3.py for tasks to queue
[2024-03-21T22:43:43.181+0000] {logging_mixin.py:188} INFO - [2024-03-21T22:43:43.181+0000] {dagbag.py:540} INFO - Filling up the DagBag from /home/airflow/.local/lib/python3.8/site-packages/airflow/example_dags/example_branch_python_dop_operator_3.py
[2024-03-21T22:43:43.188+0000] {processor.py:840} INFO - DAG(s) 'example_branch_dop_operator_v3' retrieved from /home/airflow/.local/lib/python3.8/site-packages/airflow/example_dags/example_branch_python_dop_operator_3.py
[2024-03-21T22:43:43.205+0000] {logging_mixin.py:188} INFO - [2024-03-21T22:43:43.204+0000] {dag.py:3047} INFO - Sync 1 DAGs
[2024-03-21T22:43:43.228+0000] {logging_mixin.py:188} INFO - [2024-03-21T22:43:43.228+0000] {dag.py:3834} INFO - Setting next_dagrun for example_branch_dop_operator_v3 to 2024-03-21 22:42:00+00:00, run_after=2024-03-21 22:43:00+00:00
[2024-03-21T22:43:43.245+0000] {processor.py:183} INFO - Processing /home/airflow/.local/lib/python3.8/site-packages/airflow/example_dags/example_branch_python_dop_operator_3.py took 0.069 seconds
