[2024-03-21T22:38:36.435+0000] {processor.py:161} INFO - Started process (PID=53) to work on /home/airflow/.local/lib/python3.8/site-packages/airflow/example_dags/example_skip_dag.py
[2024-03-21T22:38:36.436+0000] {processor.py:830} INFO - Processing file /home/airflow/.local/lib/python3.8/site-packages/airflow/example_dags/example_skip_dag.py for tasks to queue
[2024-03-21T22:38:36.439+0000] {logging_mixin.py:188} INFO - [2024-03-21T22:38:36.438+0000] {dagbag.py:540} INFO - Filling up the DagBag from /home/airflow/.local/lib/python3.8/site-packages/airflow/example_dags/example_skip_dag.py
[2024-03-21T22:38:36.449+0000] {processor.py:840} INFO - DAG(s) 'example_skip_dag' retrieved from /home/airflow/.local/lib/python3.8/site-packages/airflow/example_dags/example_skip_dag.py
[2024-03-21T22:38:36.462+0000] {logging_mixin.py:188} INFO - [2024-03-21T22:38:36.462+0000] {dag.py:3047} INFO - Sync 1 DAGs
[2024-03-21T22:38:36.482+0000] {logging_mixin.py:188} INFO - [2024-03-21T22:38:36.482+0000] {dag.py:3834} INFO - Setting next_dagrun for example_skip_dag to 2024-03-20 00:00:00+00:00, run_after=2024-03-21 00:00:00+00:00
[2024-03-21T22:38:36.516+0000] {processor.py:183} INFO - Processing /home/airflow/.local/lib/python3.8/site-packages/airflow/example_dags/example_skip_dag.py took 0.092 seconds
[2024-03-21T22:39:07.025+0000] {processor.py:161} INFO - Started process (PID=108) to work on /home/airflow/.local/lib/python3.8/site-packages/airflow/example_dags/example_skip_dag.py
[2024-03-21T22:39:07.026+0000] {processor.py:830} INFO - Processing file /home/airflow/.local/lib/python3.8/site-packages/airflow/example_dags/example_skip_dag.py for tasks to queue
[2024-03-21T22:39:07.027+0000] {logging_mixin.py:188} INFO - [2024-03-21T22:39:07.027+0000] {dagbag.py:540} INFO - Filling up the DagBag from /home/airflow/.local/lib/python3.8/site-packages/airflow/example_dags/example_skip_dag.py
[2024-03-21T22:39:07.032+0000] {processor.py:840} INFO - DAG(s) 'example_skip_dag' retrieved from /home/airflow/.local/lib/python3.8/site-packages/airflow/example_dags/example_skip_dag.py
[2024-03-21T22:39:07.106+0000] {logging_mixin.py:188} INFO - [2024-03-21T22:39:07.106+0000] {dag.py:3047} INFO - Sync 1 DAGs
[2024-03-21T22:39:07.123+0000] {logging_mixin.py:188} INFO - [2024-03-21T22:39:07.122+0000] {dag.py:3834} INFO - Setting next_dagrun for example_skip_dag to 2024-03-20 00:00:00+00:00, run_after=2024-03-21 00:00:00+00:00
[2024-03-21T22:39:07.137+0000] {processor.py:183} INFO - Processing /home/airflow/.local/lib/python3.8/site-packages/airflow/example_dags/example_skip_dag.py took 0.115 seconds
[2024-03-21T22:39:37.906+0000] {processor.py:161} INFO - Started process (PID=163) to work on /home/airflow/.local/lib/python3.8/site-packages/airflow/example_dags/example_skip_dag.py
[2024-03-21T22:39:37.907+0000] {processor.py:830} INFO - Processing file /home/airflow/.local/lib/python3.8/site-packages/airflow/example_dags/example_skip_dag.py for tasks to queue
[2024-03-21T22:39:37.909+0000] {logging_mixin.py:188} INFO - [2024-03-21T22:39:37.909+0000] {dagbag.py:540} INFO - Filling up the DagBag from /home/airflow/.local/lib/python3.8/site-packages/airflow/example_dags/example_skip_dag.py
[2024-03-21T22:39:37.916+0000] {processor.py:840} INFO - DAG(s) 'example_skip_dag' retrieved from /home/airflow/.local/lib/python3.8/site-packages/airflow/example_dags/example_skip_dag.py
[2024-03-21T22:39:37.933+0000] {logging_mixin.py:188} INFO - [2024-03-21T22:39:37.933+0000] {dag.py:3047} INFO - Sync 1 DAGs
[2024-03-21T22:39:37.951+0000] {logging_mixin.py:188} INFO - [2024-03-21T22:39:37.951+0000] {dag.py:3834} INFO - Setting next_dagrun for example_skip_dag to 2024-03-20 00:00:00+00:00, run_after=2024-03-21 00:00:00+00:00
[2024-03-21T22:39:37.966+0000] {processor.py:183} INFO - Processing /home/airflow/.local/lib/python3.8/site-packages/airflow/example_dags/example_skip_dag.py took 0.064 seconds
[2024-03-21T22:40:08.258+0000] {processor.py:161} INFO - Started process (PID=218) to work on /home/airflow/.local/lib/python3.8/site-packages/airflow/example_dags/example_skip_dag.py
[2024-03-21T22:40:08.259+0000] {processor.py:830} INFO - Processing file /home/airflow/.local/lib/python3.8/site-packages/airflow/example_dags/example_skip_dag.py for tasks to queue
[2024-03-21T22:40:08.260+0000] {logging_mixin.py:188} INFO - [2024-03-21T22:40:08.260+0000] {dagbag.py:540} INFO - Filling up the DagBag from /home/airflow/.local/lib/python3.8/site-packages/airflow/example_dags/example_skip_dag.py
[2024-03-21T22:40:08.265+0000] {processor.py:840} INFO - DAG(s) 'example_skip_dag' retrieved from /home/airflow/.local/lib/python3.8/site-packages/airflow/example_dags/example_skip_dag.py
[2024-03-21T22:40:08.281+0000] {logging_mixin.py:188} INFO - [2024-03-21T22:40:08.281+0000] {dag.py:3047} INFO - Sync 1 DAGs
[2024-03-21T22:40:08.298+0000] {logging_mixin.py:188} INFO - [2024-03-21T22:40:08.298+0000] {dag.py:3834} INFO - Setting next_dagrun for example_skip_dag to 2024-03-20 00:00:00+00:00, run_after=2024-03-21 00:00:00+00:00
[2024-03-21T22:40:08.312+0000] {processor.py:183} INFO - Processing /home/airflow/.local/lib/python3.8/site-packages/airflow/example_dags/example_skip_dag.py took 0.057 seconds
[2024-03-21T22:40:38.729+0000] {processor.py:161} INFO - Started process (PID=273) to work on /home/airflow/.local/lib/python3.8/site-packages/airflow/example_dags/example_skip_dag.py
[2024-03-21T22:40:38.730+0000] {processor.py:830} INFO - Processing file /home/airflow/.local/lib/python3.8/site-packages/airflow/example_dags/example_skip_dag.py for tasks to queue
[2024-03-21T22:40:38.731+0000] {logging_mixin.py:188} INFO - [2024-03-21T22:40:38.731+0000] {dagbag.py:540} INFO - Filling up the DagBag from /home/airflow/.local/lib/python3.8/site-packages/airflow/example_dags/example_skip_dag.py
[2024-03-21T22:40:38.736+0000] {processor.py:840} INFO - DAG(s) 'example_skip_dag' retrieved from /home/airflow/.local/lib/python3.8/site-packages/airflow/example_dags/example_skip_dag.py
[2024-03-21T22:40:38.753+0000] {logging_mixin.py:188} INFO - [2024-03-21T22:40:38.753+0000] {dag.py:3047} INFO - Sync 1 DAGs
[2024-03-21T22:40:38.769+0000] {logging_mixin.py:188} INFO - [2024-03-21T22:40:38.769+0000] {dag.py:3834} INFO - Setting next_dagrun for example_skip_dag to 2024-03-20 00:00:00+00:00, run_after=2024-03-21 00:00:00+00:00
[2024-03-21T22:40:38.781+0000] {processor.py:183} INFO - Processing /home/airflow/.local/lib/python3.8/site-packages/airflow/example_dags/example_skip_dag.py took 0.056 seconds
[2024-03-21T22:41:09.261+0000] {processor.py:161} INFO - Started process (PID=328) to work on /home/airflow/.local/lib/python3.8/site-packages/airflow/example_dags/example_skip_dag.py
[2024-03-21T22:41:09.262+0000] {processor.py:830} INFO - Processing file /home/airflow/.local/lib/python3.8/site-packages/airflow/example_dags/example_skip_dag.py for tasks to queue
[2024-03-21T22:41:09.264+0000] {logging_mixin.py:188} INFO - [2024-03-21T22:41:09.264+0000] {dagbag.py:540} INFO - Filling up the DagBag from /home/airflow/.local/lib/python3.8/site-packages/airflow/example_dags/example_skip_dag.py
[2024-03-21T22:41:09.269+0000] {processor.py:840} INFO - DAG(s) 'example_skip_dag' retrieved from /home/airflow/.local/lib/python3.8/site-packages/airflow/example_dags/example_skip_dag.py
[2024-03-21T22:41:09.286+0000] {logging_mixin.py:188} INFO - [2024-03-21T22:41:09.286+0000] {dag.py:3047} INFO - Sync 1 DAGs
[2024-03-21T22:41:09.302+0000] {logging_mixin.py:188} INFO - [2024-03-21T22:41:09.302+0000] {dag.py:3834} INFO - Setting next_dagrun for example_skip_dag to 2024-03-20 00:00:00+00:00, run_after=2024-03-21 00:00:00+00:00
[2024-03-21T22:41:09.318+0000] {processor.py:183} INFO - Processing /home/airflow/.local/lib/python3.8/site-packages/airflow/example_dags/example_skip_dag.py took 0.059 seconds
[2024-03-21T22:41:39.538+0000] {processor.py:161} INFO - Started process (PID=383) to work on /home/airflow/.local/lib/python3.8/site-packages/airflow/example_dags/example_skip_dag.py
[2024-03-21T22:41:39.539+0000] {processor.py:830} INFO - Processing file /home/airflow/.local/lib/python3.8/site-packages/airflow/example_dags/example_skip_dag.py for tasks to queue
[2024-03-21T22:41:39.541+0000] {logging_mixin.py:188} INFO - [2024-03-21T22:41:39.541+0000] {dagbag.py:540} INFO - Filling up the DagBag from /home/airflow/.local/lib/python3.8/site-packages/airflow/example_dags/example_skip_dag.py
[2024-03-21T22:41:39.548+0000] {processor.py:840} INFO - DAG(s) 'example_skip_dag' retrieved from /home/airflow/.local/lib/python3.8/site-packages/airflow/example_dags/example_skip_dag.py
[2024-03-21T22:41:39.567+0000] {logging_mixin.py:188} INFO - [2024-03-21T22:41:39.566+0000] {dag.py:3047} INFO - Sync 1 DAGs
[2024-03-21T22:41:39.587+0000] {logging_mixin.py:188} INFO - [2024-03-21T22:41:39.587+0000] {dag.py:3834} INFO - Setting next_dagrun for example_skip_dag to 2024-03-20 00:00:00+00:00, run_after=2024-03-21 00:00:00+00:00
[2024-03-21T22:41:39.606+0000] {processor.py:183} INFO - Processing /home/airflow/.local/lib/python3.8/site-packages/airflow/example_dags/example_skip_dag.py took 0.070 seconds
[2024-03-21T22:42:09.844+0000] {processor.py:161} INFO - Started process (PID=438) to work on /home/airflow/.local/lib/python3.8/site-packages/airflow/example_dags/example_skip_dag.py
[2024-03-21T22:42:09.845+0000] {processor.py:830} INFO - Processing file /home/airflow/.local/lib/python3.8/site-packages/airflow/example_dags/example_skip_dag.py for tasks to queue
[2024-03-21T22:42:09.847+0000] {logging_mixin.py:188} INFO - [2024-03-21T22:42:09.847+0000] {dagbag.py:540} INFO - Filling up the DagBag from /home/airflow/.local/lib/python3.8/site-packages/airflow/example_dags/example_skip_dag.py
[2024-03-21T22:42:09.852+0000] {processor.py:840} INFO - DAG(s) 'example_skip_dag' retrieved from /home/airflow/.local/lib/python3.8/site-packages/airflow/example_dags/example_skip_dag.py
[2024-03-21T22:42:09.871+0000] {logging_mixin.py:188} INFO - [2024-03-21T22:42:09.871+0000] {dag.py:3047} INFO - Sync 1 DAGs
[2024-03-21T22:42:09.889+0000] {logging_mixin.py:188} INFO - [2024-03-21T22:42:09.888+0000] {dag.py:3834} INFO - Setting next_dagrun for example_skip_dag to 2024-03-20 00:00:00+00:00, run_after=2024-03-21 00:00:00+00:00
[2024-03-21T22:42:09.902+0000] {processor.py:183} INFO - Processing /home/airflow/.local/lib/python3.8/site-packages/airflow/example_dags/example_skip_dag.py took 0.061 seconds
[2024-03-21T22:42:40.328+0000] {processor.py:161} INFO - Started process (PID=493) to work on /home/airflow/.local/lib/python3.8/site-packages/airflow/example_dags/example_skip_dag.py
[2024-03-21T22:42:40.329+0000] {processor.py:830} INFO - Processing file /home/airflow/.local/lib/python3.8/site-packages/airflow/example_dags/example_skip_dag.py for tasks to queue
[2024-03-21T22:42:40.331+0000] {logging_mixin.py:188} INFO - [2024-03-21T22:42:40.330+0000] {dagbag.py:540} INFO - Filling up the DagBag from /home/airflow/.local/lib/python3.8/site-packages/airflow/example_dags/example_skip_dag.py
[2024-03-21T22:42:40.336+0000] {processor.py:840} INFO - DAG(s) 'example_skip_dag' retrieved from /home/airflow/.local/lib/python3.8/site-packages/airflow/example_dags/example_skip_dag.py
[2024-03-21T22:42:40.353+0000] {logging_mixin.py:188} INFO - [2024-03-21T22:42:40.352+0000] {dag.py:3047} INFO - Sync 1 DAGs
[2024-03-21T22:42:40.370+0000] {logging_mixin.py:188} INFO - [2024-03-21T22:42:40.370+0000] {dag.py:3834} INFO - Setting next_dagrun for example_skip_dag to 2024-03-20 00:00:00+00:00, run_after=2024-03-21 00:00:00+00:00
[2024-03-21T22:42:40.385+0000] {processor.py:183} INFO - Processing /home/airflow/.local/lib/python3.8/site-packages/airflow/example_dags/example_skip_dag.py took 0.060 seconds
[2024-03-21T22:43:10.797+0000] {processor.py:161} INFO - Started process (PID=548) to work on /home/airflow/.local/lib/python3.8/site-packages/airflow/example_dags/example_skip_dag.py
[2024-03-21T22:43:10.798+0000] {processor.py:830} INFO - Processing file /home/airflow/.local/lib/python3.8/site-packages/airflow/example_dags/example_skip_dag.py for tasks to queue
[2024-03-21T22:43:10.800+0000] {logging_mixin.py:188} INFO - [2024-03-21T22:43:10.799+0000] {dagbag.py:540} INFO - Filling up the DagBag from /home/airflow/.local/lib/python3.8/site-packages/airflow/example_dags/example_skip_dag.py
[2024-03-21T22:43:10.805+0000] {processor.py:840} INFO - DAG(s) 'example_skip_dag' retrieved from /home/airflow/.local/lib/python3.8/site-packages/airflow/example_dags/example_skip_dag.py
[2024-03-21T22:43:10.823+0000] {logging_mixin.py:188} INFO - [2024-03-21T22:43:10.822+0000] {dag.py:3047} INFO - Sync 1 DAGs
[2024-03-21T22:43:10.840+0000] {logging_mixin.py:188} INFO - [2024-03-21T22:43:10.840+0000] {dag.py:3834} INFO - Setting next_dagrun for example_skip_dag to 2024-03-20 00:00:00+00:00, run_after=2024-03-21 00:00:00+00:00
[2024-03-21T22:43:10.854+0000] {processor.py:183} INFO - Processing /home/airflow/.local/lib/python3.8/site-packages/airflow/example_dags/example_skip_dag.py took 0.059 seconds
[2024-03-21T22:43:41.136+0000] {processor.py:161} INFO - Started process (PID=603) to work on /home/airflow/.local/lib/python3.8/site-packages/airflow/example_dags/example_skip_dag.py
[2024-03-21T22:43:41.137+0000] {processor.py:830} INFO - Processing file /home/airflow/.local/lib/python3.8/site-packages/airflow/example_dags/example_skip_dag.py for tasks to queue
[2024-03-21T22:43:41.139+0000] {logging_mixin.py:188} INFO - [2024-03-21T22:43:41.139+0000] {dagbag.py:540} INFO - Filling up the DagBag from /home/airflow/.local/lib/python3.8/site-packages/airflow/example_dags/example_skip_dag.py
[2024-03-21T22:43:41.145+0000] {processor.py:840} INFO - DAG(s) 'example_skip_dag' retrieved from /home/airflow/.local/lib/python3.8/site-packages/airflow/example_dags/example_skip_dag.py
[2024-03-21T22:43:41.163+0000] {logging_mixin.py:188} INFO - [2024-03-21T22:43:41.163+0000] {dag.py:3047} INFO - Sync 1 DAGs
[2024-03-21T22:43:41.183+0000] {logging_mixin.py:188} INFO - [2024-03-21T22:43:41.183+0000] {dag.py:3834} INFO - Setting next_dagrun for example_skip_dag to 2024-03-20 00:00:00+00:00, run_after=2024-03-21 00:00:00+00:00
[2024-03-21T22:43:41.201+0000] {processor.py:183} INFO - Processing /home/airflow/.local/lib/python3.8/site-packages/airflow/example_dags/example_skip_dag.py took 0.067 seconds
