[2024-03-21T22:38:36.918+0000] {processor.py:161} INFO - Started process (PID=59) to work on /home/airflow/.local/lib/python3.8/site-packages/airflow/example_dags/tutorial_dag.py
[2024-03-21T22:38:36.919+0000] {processor.py:830} INFO - Processing file /home/airflow/.local/lib/python3.8/site-packages/airflow/example_dags/tutorial_dag.py for tasks to queue
[2024-03-21T22:38:36.922+0000] {logging_mixin.py:188} INFO - [2024-03-21T22:38:36.921+0000] {dagbag.py:540} INFO - Filling up the DagBag from /home/airflow/.local/lib/python3.8/site-packages/airflow/example_dags/tutorial_dag.py
[2024-03-21T22:38:36.937+0000] {processor.py:840} INFO - DAG(s) 'tutorial_dag' retrieved from /home/airflow/.local/lib/python3.8/site-packages/airflow/example_dags/tutorial_dag.py
[2024-03-21T22:38:36.967+0000] {logging_mixin.py:188} INFO - [2024-03-21T22:38:36.967+0000] {dag.py:3047} INFO - Sync 1 DAGs
[2024-03-21T22:38:36.986+0000] {logging_mixin.py:188} INFO - [2024-03-21T22:38:36.986+0000] {dag.py:3834} INFO - Setting next_dagrun for tutorial_dag to None, run_after=None
[2024-03-21T22:38:37.023+0000] {processor.py:183} INFO - Processing /home/airflow/.local/lib/python3.8/site-packages/airflow/example_dags/tutorial_dag.py took 0.110 seconds
[2024-03-21T22:39:07.583+0000] {processor.py:161} INFO - Started process (PID=114) to work on /home/airflow/.local/lib/python3.8/site-packages/airflow/example_dags/tutorial_dag.py
[2024-03-21T22:39:07.584+0000] {processor.py:830} INFO - Processing file /home/airflow/.local/lib/python3.8/site-packages/airflow/example_dags/tutorial_dag.py for tasks to queue
[2024-03-21T22:39:07.585+0000] {logging_mixin.py:188} INFO - [2024-03-21T22:39:07.585+0000] {dagbag.py:540} INFO - Filling up the DagBag from /home/airflow/.local/lib/python3.8/site-packages/airflow/example_dags/tutorial_dag.py
[2024-03-21T22:39:07.590+0000] {processor.py:840} INFO - DAG(s) 'tutorial_dag' retrieved from /home/airflow/.local/lib/python3.8/site-packages/airflow/example_dags/tutorial_dag.py
[2024-03-21T22:39:07.660+0000] {logging_mixin.py:188} INFO - [2024-03-21T22:39:07.660+0000] {dag.py:3047} INFO - Sync 1 DAGs
[2024-03-21T22:39:07.667+0000] {logging_mixin.py:188} INFO - [2024-03-21T22:39:07.667+0000] {dag.py:3834} INFO - Setting next_dagrun for tutorial_dag to None, run_after=None
[2024-03-21T22:39:07.680+0000] {processor.py:183} INFO - Processing /home/airflow/.local/lib/python3.8/site-packages/airflow/example_dags/tutorial_dag.py took 0.100 seconds
[2024-03-21T22:39:38.271+0000] {processor.py:161} INFO - Started process (PID=169) to work on /home/airflow/.local/lib/python3.8/site-packages/airflow/example_dags/tutorial_dag.py
[2024-03-21T22:39:38.272+0000] {processor.py:830} INFO - Processing file /home/airflow/.local/lib/python3.8/site-packages/airflow/example_dags/tutorial_dag.py for tasks to queue
[2024-03-21T22:39:38.274+0000] {logging_mixin.py:188} INFO - [2024-03-21T22:39:38.273+0000] {dagbag.py:540} INFO - Filling up the DagBag from /home/airflow/.local/lib/python3.8/site-packages/airflow/example_dags/tutorial_dag.py
[2024-03-21T22:39:38.279+0000] {processor.py:840} INFO - DAG(s) 'tutorial_dag' retrieved from /home/airflow/.local/lib/python3.8/site-packages/airflow/example_dags/tutorial_dag.py
[2024-03-21T22:39:38.295+0000] {logging_mixin.py:188} INFO - [2024-03-21T22:39:38.294+0000] {dag.py:3047} INFO - Sync 1 DAGs
[2024-03-21T22:39:38.304+0000] {logging_mixin.py:188} INFO - [2024-03-21T22:39:38.304+0000] {dag.py:3834} INFO - Setting next_dagrun for tutorial_dag to None, run_after=None
[2024-03-21T22:39:38.321+0000] {processor.py:183} INFO - Processing /home/airflow/.local/lib/python3.8/site-packages/airflow/example_dags/tutorial_dag.py took 0.053 seconds
[2024-03-21T22:40:08.603+0000] {processor.py:161} INFO - Started process (PID=224) to work on /home/airflow/.local/lib/python3.8/site-packages/airflow/example_dags/tutorial_dag.py
[2024-03-21T22:40:08.604+0000] {processor.py:830} INFO - Processing file /home/airflow/.local/lib/python3.8/site-packages/airflow/example_dags/tutorial_dag.py for tasks to queue
[2024-03-21T22:40:08.606+0000] {logging_mixin.py:188} INFO - [2024-03-21T22:40:08.605+0000] {dagbag.py:540} INFO - Filling up the DagBag from /home/airflow/.local/lib/python3.8/site-packages/airflow/example_dags/tutorial_dag.py
[2024-03-21T22:40:08.610+0000] {processor.py:840} INFO - DAG(s) 'tutorial_dag' retrieved from /home/airflow/.local/lib/python3.8/site-packages/airflow/example_dags/tutorial_dag.py
[2024-03-21T22:40:08.625+0000] {logging_mixin.py:188} INFO - [2024-03-21T22:40:08.625+0000] {dag.py:3047} INFO - Sync 1 DAGs
[2024-03-21T22:40:08.634+0000] {logging_mixin.py:188} INFO - [2024-03-21T22:40:08.634+0000] {dag.py:3834} INFO - Setting next_dagrun for tutorial_dag to None, run_after=None
[2024-03-21T22:40:08.646+0000] {processor.py:183} INFO - Processing /home/airflow/.local/lib/python3.8/site-packages/airflow/example_dags/tutorial_dag.py took 0.045 seconds
[2024-03-21T22:40:39.088+0000] {processor.py:161} INFO - Started process (PID=279) to work on /home/airflow/.local/lib/python3.8/site-packages/airflow/example_dags/tutorial_dag.py
[2024-03-21T22:40:39.090+0000] {processor.py:830} INFO - Processing file /home/airflow/.local/lib/python3.8/site-packages/airflow/example_dags/tutorial_dag.py for tasks to queue
[2024-03-21T22:40:39.091+0000] {logging_mixin.py:188} INFO - [2024-03-21T22:40:39.091+0000] {dagbag.py:540} INFO - Filling up the DagBag from /home/airflow/.local/lib/python3.8/site-packages/airflow/example_dags/tutorial_dag.py
[2024-03-21T22:40:39.097+0000] {processor.py:840} INFO - DAG(s) 'tutorial_dag' retrieved from /home/airflow/.local/lib/python3.8/site-packages/airflow/example_dags/tutorial_dag.py
[2024-03-21T22:40:39.115+0000] {logging_mixin.py:188} INFO - [2024-03-21T22:40:39.115+0000] {dag.py:3047} INFO - Sync 1 DAGs
[2024-03-21T22:40:39.125+0000] {logging_mixin.py:188} INFO - [2024-03-21T22:40:39.125+0000] {dag.py:3834} INFO - Setting next_dagrun for tutorial_dag to None, run_after=None
[2024-03-21T22:40:39.141+0000] {processor.py:183} INFO - Processing /home/airflow/.local/lib/python3.8/site-packages/airflow/example_dags/tutorial_dag.py took 0.056 seconds
[2024-03-21T22:41:09.511+0000] {processor.py:161} INFO - Started process (PID=334) to work on /home/airflow/.local/lib/python3.8/site-packages/airflow/example_dags/tutorial_dag.py
[2024-03-21T22:41:09.512+0000] {processor.py:830} INFO - Processing file /home/airflow/.local/lib/python3.8/site-packages/airflow/example_dags/tutorial_dag.py for tasks to queue
[2024-03-21T22:41:09.513+0000] {logging_mixin.py:188} INFO - [2024-03-21T22:41:09.513+0000] {dagbag.py:540} INFO - Filling up the DagBag from /home/airflow/.local/lib/python3.8/site-packages/airflow/example_dags/tutorial_dag.py
[2024-03-21T22:41:09.518+0000] {processor.py:840} INFO - DAG(s) 'tutorial_dag' retrieved from /home/airflow/.local/lib/python3.8/site-packages/airflow/example_dags/tutorial_dag.py
[2024-03-21T22:41:09.535+0000] {logging_mixin.py:188} INFO - [2024-03-21T22:41:09.535+0000] {dag.py:3047} INFO - Sync 1 DAGs
[2024-03-21T22:41:09.545+0000] {logging_mixin.py:188} INFO - [2024-03-21T22:41:09.545+0000] {dag.py:3834} INFO - Setting next_dagrun for tutorial_dag to None, run_after=None
[2024-03-21T22:41:09.560+0000] {processor.py:183} INFO - Processing /home/airflow/.local/lib/python3.8/site-packages/airflow/example_dags/tutorial_dag.py took 0.052 seconds
[2024-03-21T22:41:39.812+0000] {processor.py:161} INFO - Started process (PID=389) to work on /home/airflow/.local/lib/python3.8/site-packages/airflow/example_dags/tutorial_dag.py
[2024-03-21T22:41:39.814+0000] {processor.py:830} INFO - Processing file /home/airflow/.local/lib/python3.8/site-packages/airflow/example_dags/tutorial_dag.py for tasks to queue
[2024-03-21T22:41:39.815+0000] {logging_mixin.py:188} INFO - [2024-03-21T22:41:39.815+0000] {dagbag.py:540} INFO - Filling up the DagBag from /home/airflow/.local/lib/python3.8/site-packages/airflow/example_dags/tutorial_dag.py
[2024-03-21T22:41:39.820+0000] {processor.py:840} INFO - DAG(s) 'tutorial_dag' retrieved from /home/airflow/.local/lib/python3.8/site-packages/airflow/example_dags/tutorial_dag.py
[2024-03-21T22:41:39.841+0000] {logging_mixin.py:188} INFO - [2024-03-21T22:41:39.841+0000] {dag.py:3047} INFO - Sync 1 DAGs
[2024-03-21T22:41:39.853+0000] {logging_mixin.py:188} INFO - [2024-03-21T22:41:39.853+0000] {dag.py:3834} INFO - Setting next_dagrun for tutorial_dag to None, run_after=None
[2024-03-21T22:41:39.869+0000] {processor.py:183} INFO - Processing /home/airflow/.local/lib/python3.8/site-packages/airflow/example_dags/tutorial_dag.py took 0.060 seconds
[2024-03-21T22:42:10.122+0000] {processor.py:161} INFO - Started process (PID=444) to work on /home/airflow/.local/lib/python3.8/site-packages/airflow/example_dags/tutorial_dag.py
[2024-03-21T22:42:10.123+0000] {processor.py:830} INFO - Processing file /home/airflow/.local/lib/python3.8/site-packages/airflow/example_dags/tutorial_dag.py for tasks to queue
[2024-03-21T22:42:10.125+0000] {logging_mixin.py:188} INFO - [2024-03-21T22:42:10.124+0000] {dagbag.py:540} INFO - Filling up the DagBag from /home/airflow/.local/lib/python3.8/site-packages/airflow/example_dags/tutorial_dag.py
[2024-03-21T22:42:10.130+0000] {processor.py:840} INFO - DAG(s) 'tutorial_dag' retrieved from /home/airflow/.local/lib/python3.8/site-packages/airflow/example_dags/tutorial_dag.py
[2024-03-21T22:42:10.145+0000] {logging_mixin.py:188} INFO - [2024-03-21T22:42:10.145+0000] {dag.py:3047} INFO - Sync 1 DAGs
[2024-03-21T22:42:10.153+0000] {logging_mixin.py:188} INFO - [2024-03-21T22:42:10.153+0000] {dag.py:3834} INFO - Setting next_dagrun for tutorial_dag to None, run_after=None
[2024-03-21T22:42:10.167+0000] {processor.py:183} INFO - Processing /home/airflow/.local/lib/python3.8/site-packages/airflow/example_dags/tutorial_dag.py took 0.047 seconds
[2024-03-21T22:42:40.579+0000] {processor.py:161} INFO - Started process (PID=499) to work on /home/airflow/.local/lib/python3.8/site-packages/airflow/example_dags/tutorial_dag.py
[2024-03-21T22:42:40.580+0000] {processor.py:830} INFO - Processing file /home/airflow/.local/lib/python3.8/site-packages/airflow/example_dags/tutorial_dag.py for tasks to queue
[2024-03-21T22:42:40.582+0000] {logging_mixin.py:188} INFO - [2024-03-21T22:42:40.582+0000] {dagbag.py:540} INFO - Filling up the DagBag from /home/airflow/.local/lib/python3.8/site-packages/airflow/example_dags/tutorial_dag.py
[2024-03-21T22:42:40.587+0000] {processor.py:840} INFO - DAG(s) 'tutorial_dag' retrieved from /home/airflow/.local/lib/python3.8/site-packages/airflow/example_dags/tutorial_dag.py
[2024-03-21T22:42:40.604+0000] {logging_mixin.py:188} INFO - [2024-03-21T22:42:40.604+0000] {dag.py:3047} INFO - Sync 1 DAGs
[2024-03-21T22:42:40.614+0000] {logging_mixin.py:188} INFO - [2024-03-21T22:42:40.614+0000] {dag.py:3834} INFO - Setting next_dagrun for tutorial_dag to None, run_after=None
[2024-03-21T22:42:40.631+0000] {processor.py:183} INFO - Processing /home/airflow/.local/lib/python3.8/site-packages/airflow/example_dags/tutorial_dag.py took 0.055 seconds
[2024-03-21T22:43:11.047+0000] {processor.py:161} INFO - Started process (PID=554) to work on /home/airflow/.local/lib/python3.8/site-packages/airflow/example_dags/tutorial_dag.py
[2024-03-21T22:43:11.048+0000] {processor.py:830} INFO - Processing file /home/airflow/.local/lib/python3.8/site-packages/airflow/example_dags/tutorial_dag.py for tasks to queue
[2024-03-21T22:43:11.050+0000] {logging_mixin.py:188} INFO - [2024-03-21T22:43:11.049+0000] {dagbag.py:540} INFO - Filling up the DagBag from /home/airflow/.local/lib/python3.8/site-packages/airflow/example_dags/tutorial_dag.py
[2024-03-21T22:43:11.054+0000] {processor.py:840} INFO - DAG(s) 'tutorial_dag' retrieved from /home/airflow/.local/lib/python3.8/site-packages/airflow/example_dags/tutorial_dag.py
[2024-03-21T22:43:11.073+0000] {logging_mixin.py:188} INFO - [2024-03-21T22:43:11.072+0000] {dag.py:3047} INFO - Sync 1 DAGs
[2024-03-21T22:43:11.082+0000] {logging_mixin.py:188} INFO - [2024-03-21T22:43:11.082+0000] {dag.py:3834} INFO - Setting next_dagrun for tutorial_dag to None, run_after=None
[2024-03-21T22:43:11.096+0000] {processor.py:183} INFO - Processing /home/airflow/.local/lib/python3.8/site-packages/airflow/example_dags/tutorial_dag.py took 0.052 seconds
[2024-03-21T22:43:41.480+0000] {processor.py:161} INFO - Started process (PID=609) to work on /home/airflow/.local/lib/python3.8/site-packages/airflow/example_dags/tutorial_dag.py
[2024-03-21T22:43:41.481+0000] {processor.py:830} INFO - Processing file /home/airflow/.local/lib/python3.8/site-packages/airflow/example_dags/tutorial_dag.py for tasks to queue
[2024-03-21T22:43:41.482+0000] {logging_mixin.py:188} INFO - [2024-03-21T22:43:41.482+0000] {dagbag.py:540} INFO - Filling up the DagBag from /home/airflow/.local/lib/python3.8/site-packages/airflow/example_dags/tutorial_dag.py
[2024-03-21T22:43:41.489+0000] {processor.py:840} INFO - DAG(s) 'tutorial_dag' retrieved from /home/airflow/.local/lib/python3.8/site-packages/airflow/example_dags/tutorial_dag.py
[2024-03-21T22:43:41.511+0000] {logging_mixin.py:188} INFO - [2024-03-21T22:43:41.510+0000] {dag.py:3047} INFO - Sync 1 DAGs
[2024-03-21T22:43:41.523+0000] {logging_mixin.py:188} INFO - [2024-03-21T22:43:41.523+0000] {dag.py:3834} INFO - Setting next_dagrun for tutorial_dag to None, run_after=None
[2024-03-21T22:43:41.542+0000] {processor.py:183} INFO - Processing /home/airflow/.local/lib/python3.8/site-packages/airflow/example_dags/tutorial_dag.py took 0.065 seconds
