[2024-03-22T10:50:26.492+0000] {processor.py:161} INFO - Started process (PID=72) to work on /home/airflow/.local/lib/python3.8/site-packages/airflow/example_dags/example_task_group_decorator.py
[2024-03-22T10:50:26.493+0000] {processor.py:830} INFO - Processing file /home/airflow/.local/lib/python3.8/site-packages/airflow/example_dags/example_task_group_decorator.py for tasks to queue
[2024-03-22T10:50:26.494+0000] {logging_mixin.py:188} INFO - [2024-03-22T10:50:26.494+0000] {dagbag.py:540} INFO - Filling up the DagBag from /home/airflow/.local/lib/python3.8/site-packages/airflow/example_dags/example_task_group_decorator.py
[2024-03-22T10:50:26.512+0000] {processor.py:840} INFO - DAG(s) 'example_task_group_decorator' retrieved from /home/airflow/.local/lib/python3.8/site-packages/airflow/example_dags/example_task_group_decorator.py
[2024-03-22T10:50:26.523+0000] {logging_mixin.py:188} INFO - [2024-03-22T10:50:26.522+0000] {dag.py:3047} INFO - Sync 1 DAGs
[2024-03-22T10:50:26.543+0000] {logging_mixin.py:188} INFO - [2024-03-22T10:50:26.542+0000] {dag.py:3834} INFO - Setting next_dagrun for example_task_group_decorator to 2024-03-21 00:00:00+00:00, run_after=2024-03-22 00:00:00+00:00
[2024-03-22T10:50:26.559+0000] {processor.py:183} INFO - Processing /home/airflow/.local/lib/python3.8/site-packages/airflow/example_dags/example_task_group_decorator.py took 0.069 seconds
[2024-03-22T10:50:58.541+0000] {processor.py:161} INFO - Started process (PID=126) to work on /home/airflow/.local/lib/python3.8/site-packages/airflow/example_dags/example_task_group_decorator.py
[2024-03-22T10:50:58.545+0000] {processor.py:830} INFO - Processing file /home/airflow/.local/lib/python3.8/site-packages/airflow/example_dags/example_task_group_decorator.py for tasks to queue
[2024-03-22T10:50:58.548+0000] {logging_mixin.py:188} INFO - [2024-03-22T10:50:58.548+0000] {dagbag.py:540} INFO - Filling up the DagBag from /home/airflow/.local/lib/python3.8/site-packages/airflow/example_dags/example_task_group_decorator.py
[2024-03-22T10:50:58.577+0000] {processor.py:840} INFO - DAG(s) 'example_task_group_decorator' retrieved from /home/airflow/.local/lib/python3.8/site-packages/airflow/example_dags/example_task_group_decorator.py
[2024-03-22T10:50:58.783+0000] {logging_mixin.py:188} INFO - [2024-03-22T10:50:58.782+0000] {dag.py:3047} INFO - Sync 1 DAGs
[2024-03-22T10:50:58.808+0000] {logging_mixin.py:188} INFO - [2024-03-22T10:50:58.808+0000] {dag.py:3834} INFO - Setting next_dagrun for example_task_group_decorator to 2024-03-21 00:00:00+00:00, run_after=2024-03-22 00:00:00+00:00
[2024-03-22T10:50:58.829+0000] {processor.py:183} INFO - Processing /home/airflow/.local/lib/python3.8/site-packages/airflow/example_dags/example_task_group_decorator.py took 0.293 seconds
[2024-03-22T10:51:29.057+0000] {processor.py:161} INFO - Started process (PID=181) to work on /home/airflow/.local/lib/python3.8/site-packages/airflow/example_dags/example_task_group_decorator.py
[2024-03-22T10:51:29.059+0000] {processor.py:830} INFO - Processing file /home/airflow/.local/lib/python3.8/site-packages/airflow/example_dags/example_task_group_decorator.py for tasks to queue
[2024-03-22T10:51:29.060+0000] {logging_mixin.py:188} INFO - [2024-03-22T10:51:29.060+0000] {dagbag.py:540} INFO - Filling up the DagBag from /home/airflow/.local/lib/python3.8/site-packages/airflow/example_dags/example_task_group_decorator.py
[2024-03-22T10:51:29.072+0000] {processor.py:840} INFO - DAG(s) 'example_task_group_decorator' retrieved from /home/airflow/.local/lib/python3.8/site-packages/airflow/example_dags/example_task_group_decorator.py
[2024-03-22T10:51:29.091+0000] {logging_mixin.py:188} INFO - [2024-03-22T10:51:29.091+0000] {dag.py:3047} INFO - Sync 1 DAGs
[2024-03-22T10:51:29.107+0000] {logging_mixin.py:188} INFO - [2024-03-22T10:51:29.107+0000] {dag.py:3834} INFO - Setting next_dagrun for example_task_group_decorator to 2024-03-21 00:00:00+00:00, run_after=2024-03-22 00:00:00+00:00
[2024-03-22T10:51:29.120+0000] {processor.py:183} INFO - Processing /home/airflow/.local/lib/python3.8/site-packages/airflow/example_dags/example_task_group_decorator.py took 0.066 seconds
[2024-03-22T10:51:59.291+0000] {processor.py:161} INFO - Started process (PID=236) to work on /home/airflow/.local/lib/python3.8/site-packages/airflow/example_dags/example_task_group_decorator.py
[2024-03-22T10:51:59.291+0000] {processor.py:830} INFO - Processing file /home/airflow/.local/lib/python3.8/site-packages/airflow/example_dags/example_task_group_decorator.py for tasks to queue
[2024-03-22T10:51:59.293+0000] {logging_mixin.py:188} INFO - [2024-03-22T10:51:59.293+0000] {dagbag.py:540} INFO - Filling up the DagBag from /home/airflow/.local/lib/python3.8/site-packages/airflow/example_dags/example_task_group_decorator.py
[2024-03-22T10:51:59.305+0000] {processor.py:840} INFO - DAG(s) 'example_task_group_decorator' retrieved from /home/airflow/.local/lib/python3.8/site-packages/airflow/example_dags/example_task_group_decorator.py
[2024-03-22T10:51:59.325+0000] {logging_mixin.py:188} INFO - [2024-03-22T10:51:59.325+0000] {dag.py:3047} INFO - Sync 1 DAGs
[2024-03-22T10:51:59.342+0000] {logging_mixin.py:188} INFO - [2024-03-22T10:51:59.342+0000] {dag.py:3834} INFO - Setting next_dagrun for example_task_group_decorator to 2024-03-21 00:00:00+00:00, run_after=2024-03-22 00:00:00+00:00
[2024-03-22T10:51:59.363+0000] {processor.py:183} INFO - Processing /home/airflow/.local/lib/python3.8/site-packages/airflow/example_dags/example_task_group_decorator.py took 0.074 seconds
[2024-03-22T10:52:29.571+0000] {processor.py:161} INFO - Started process (PID=291) to work on /home/airflow/.local/lib/python3.8/site-packages/airflow/example_dags/example_task_group_decorator.py
[2024-03-22T10:52:29.572+0000] {processor.py:830} INFO - Processing file /home/airflow/.local/lib/python3.8/site-packages/airflow/example_dags/example_task_group_decorator.py for tasks to queue
[2024-03-22T10:52:29.574+0000] {logging_mixin.py:188} INFO - [2024-03-22T10:52:29.574+0000] {dagbag.py:540} INFO - Filling up the DagBag from /home/airflow/.local/lib/python3.8/site-packages/airflow/example_dags/example_task_group_decorator.py
[2024-03-22T10:52:29.587+0000] {processor.py:840} INFO - DAG(s) 'example_task_group_decorator' retrieved from /home/airflow/.local/lib/python3.8/site-packages/airflow/example_dags/example_task_group_decorator.py
[2024-03-22T10:52:29.605+0000] {logging_mixin.py:188} INFO - [2024-03-22T10:52:29.605+0000] {dag.py:3047} INFO - Sync 1 DAGs
[2024-03-22T10:52:29.621+0000] {logging_mixin.py:188} INFO - [2024-03-22T10:52:29.621+0000] {dag.py:3834} INFO - Setting next_dagrun for example_task_group_decorator to 2024-03-21 00:00:00+00:00, run_after=2024-03-22 00:00:00+00:00
[2024-03-22T10:52:29.643+0000] {processor.py:183} INFO - Processing /home/airflow/.local/lib/python3.8/site-packages/airflow/example_dags/example_task_group_decorator.py took 0.074 seconds
[2024-03-22T10:52:59.798+0000] {processor.py:161} INFO - Started process (PID=346) to work on /home/airflow/.local/lib/python3.8/site-packages/airflow/example_dags/example_task_group_decorator.py
[2024-03-22T10:52:59.799+0000] {processor.py:830} INFO - Processing file /home/airflow/.local/lib/python3.8/site-packages/airflow/example_dags/example_task_group_decorator.py for tasks to queue
[2024-03-22T10:52:59.800+0000] {logging_mixin.py:188} INFO - [2024-03-22T10:52:59.800+0000] {dagbag.py:540} INFO - Filling up the DagBag from /home/airflow/.local/lib/python3.8/site-packages/airflow/example_dags/example_task_group_decorator.py
[2024-03-22T10:52:59.810+0000] {processor.py:840} INFO - DAG(s) 'example_task_group_decorator' retrieved from /home/airflow/.local/lib/python3.8/site-packages/airflow/example_dags/example_task_group_decorator.py
[2024-03-22T10:52:59.825+0000] {logging_mixin.py:188} INFO - [2024-03-22T10:52:59.825+0000] {dag.py:3047} INFO - Sync 1 DAGs
[2024-03-22T10:52:59.839+0000] {logging_mixin.py:188} INFO - [2024-03-22T10:52:59.839+0000] {dag.py:3834} INFO - Setting next_dagrun for example_task_group_decorator to 2024-03-21 00:00:00+00:00, run_after=2024-03-22 00:00:00+00:00
[2024-03-22T10:52:59.852+0000] {processor.py:183} INFO - Processing /home/airflow/.local/lib/python3.8/site-packages/airflow/example_dags/example_task_group_decorator.py took 0.056 seconds
[2024-03-22T10:53:30.040+0000] {processor.py:161} INFO - Started process (PID=401) to work on /home/airflow/.local/lib/python3.8/site-packages/airflow/example_dags/example_task_group_decorator.py
[2024-03-22T10:53:30.041+0000] {processor.py:830} INFO - Processing file /home/airflow/.local/lib/python3.8/site-packages/airflow/example_dags/example_task_group_decorator.py for tasks to queue
[2024-03-22T10:53:30.042+0000] {logging_mixin.py:188} INFO - [2024-03-22T10:53:30.042+0000] {dagbag.py:540} INFO - Filling up the DagBag from /home/airflow/.local/lib/python3.8/site-packages/airflow/example_dags/example_task_group_decorator.py
[2024-03-22T10:53:30.053+0000] {processor.py:840} INFO - DAG(s) 'example_task_group_decorator' retrieved from /home/airflow/.local/lib/python3.8/site-packages/airflow/example_dags/example_task_group_decorator.py
[2024-03-22T10:53:30.073+0000] {logging_mixin.py:188} INFO - [2024-03-22T10:53:30.072+0000] {dag.py:3047} INFO - Sync 1 DAGs
[2024-03-22T10:53:30.091+0000] {logging_mixin.py:188} INFO - [2024-03-22T10:53:30.090+0000] {dag.py:3834} INFO - Setting next_dagrun for example_task_group_decorator to 2024-03-21 00:00:00+00:00, run_after=2024-03-22 00:00:00+00:00
[2024-03-22T10:53:30.114+0000] {processor.py:183} INFO - Processing /home/airflow/.local/lib/python3.8/site-packages/airflow/example_dags/example_task_group_decorator.py took 0.077 seconds
[2024-03-22T10:54:00.254+0000] {processor.py:161} INFO - Started process (PID=456) to work on /home/airflow/.local/lib/python3.8/site-packages/airflow/example_dags/example_task_group_decorator.py
[2024-03-22T10:54:00.254+0000] {processor.py:830} INFO - Processing file /home/airflow/.local/lib/python3.8/site-packages/airflow/example_dags/example_task_group_decorator.py for tasks to queue
[2024-03-22T10:54:00.256+0000] {logging_mixin.py:188} INFO - [2024-03-22T10:54:00.255+0000] {dagbag.py:540} INFO - Filling up the DagBag from /home/airflow/.local/lib/python3.8/site-packages/airflow/example_dags/example_task_group_decorator.py
[2024-03-22T10:54:00.266+0000] {processor.py:840} INFO - DAG(s) 'example_task_group_decorator' retrieved from /home/airflow/.local/lib/python3.8/site-packages/airflow/example_dags/example_task_group_decorator.py
[2024-03-22T10:54:00.287+0000] {logging_mixin.py:188} INFO - [2024-03-22T10:54:00.286+0000] {dag.py:3047} INFO - Sync 1 DAGs
[2024-03-22T10:54:00.304+0000] {logging_mixin.py:188} INFO - [2024-03-22T10:54:00.304+0000] {dag.py:3834} INFO - Setting next_dagrun for example_task_group_decorator to 2024-03-21 00:00:00+00:00, run_after=2024-03-22 00:00:00+00:00
[2024-03-22T10:54:00.317+0000] {processor.py:183} INFO - Processing /home/airflow/.local/lib/python3.8/site-packages/airflow/example_dags/example_task_group_decorator.py took 0.066 seconds
[2024-03-22T10:54:30.475+0000] {processor.py:161} INFO - Started process (PID=511) to work on /home/airflow/.local/lib/python3.8/site-packages/airflow/example_dags/example_task_group_decorator.py
[2024-03-22T10:54:30.475+0000] {processor.py:830} INFO - Processing file /home/airflow/.local/lib/python3.8/site-packages/airflow/example_dags/example_task_group_decorator.py for tasks to queue
[2024-03-22T10:54:30.477+0000] {logging_mixin.py:188} INFO - [2024-03-22T10:54:30.476+0000] {dagbag.py:540} INFO - Filling up the DagBag from /home/airflow/.local/lib/python3.8/site-packages/airflow/example_dags/example_task_group_decorator.py
[2024-03-22T10:54:30.487+0000] {processor.py:840} INFO - DAG(s) 'example_task_group_decorator' retrieved from /home/airflow/.local/lib/python3.8/site-packages/airflow/example_dags/example_task_group_decorator.py
[2024-03-22T10:54:30.505+0000] {logging_mixin.py:188} INFO - [2024-03-22T10:54:30.505+0000] {dag.py:3047} INFO - Sync 1 DAGs
[2024-03-22T10:54:30.524+0000] {logging_mixin.py:188} INFO - [2024-03-22T10:54:30.524+0000] {dag.py:3834} INFO - Setting next_dagrun for example_task_group_decorator to 2024-03-21 00:00:00+00:00, run_after=2024-03-22 00:00:00+00:00
[2024-03-22T10:54:30.542+0000] {processor.py:183} INFO - Processing /home/airflow/.local/lib/python3.8/site-packages/airflow/example_dags/example_task_group_decorator.py took 0.071 seconds
[2024-03-22T10:55:00.724+0000] {processor.py:161} INFO - Started process (PID=566) to work on /home/airflow/.local/lib/python3.8/site-packages/airflow/example_dags/example_task_group_decorator.py
[2024-03-22T10:55:00.724+0000] {processor.py:830} INFO - Processing file /home/airflow/.local/lib/python3.8/site-packages/airflow/example_dags/example_task_group_decorator.py for tasks to queue
[2024-03-22T10:55:00.726+0000] {logging_mixin.py:188} INFO - [2024-03-22T10:55:00.725+0000] {dagbag.py:540} INFO - Filling up the DagBag from /home/airflow/.local/lib/python3.8/site-packages/airflow/example_dags/example_task_group_decorator.py
[2024-03-22T10:55:00.737+0000] {processor.py:840} INFO - DAG(s) 'example_task_group_decorator' retrieved from /home/airflow/.local/lib/python3.8/site-packages/airflow/example_dags/example_task_group_decorator.py
[2024-03-22T10:55:00.755+0000] {logging_mixin.py:188} INFO - [2024-03-22T10:55:00.755+0000] {dag.py:3047} INFO - Sync 1 DAGs
[2024-03-22T10:55:00.772+0000] {logging_mixin.py:188} INFO - [2024-03-22T10:55:00.772+0000] {dag.py:3834} INFO - Setting next_dagrun for example_task_group_decorator to 2024-03-21 00:00:00+00:00, run_after=2024-03-22 00:00:00+00:00
[2024-03-22T10:55:00.785+0000] {processor.py:183} INFO - Processing /home/airflow/.local/lib/python3.8/site-packages/airflow/example_dags/example_task_group_decorator.py took 0.064 seconds
[2024-03-22T10:55:31.001+0000] {processor.py:161} INFO - Started process (PID=621) to work on /home/airflow/.local/lib/python3.8/site-packages/airflow/example_dags/example_task_group_decorator.py
[2024-03-22T10:55:31.001+0000] {processor.py:830} INFO - Processing file /home/airflow/.local/lib/python3.8/site-packages/airflow/example_dags/example_task_group_decorator.py for tasks to queue
[2024-03-22T10:55:31.003+0000] {logging_mixin.py:188} INFO - [2024-03-22T10:55:31.003+0000] {dagbag.py:540} INFO - Filling up the DagBag from /home/airflow/.local/lib/python3.8/site-packages/airflow/example_dags/example_task_group_decorator.py
[2024-03-22T10:55:31.016+0000] {processor.py:840} INFO - DAG(s) 'example_task_group_decorator' retrieved from /home/airflow/.local/lib/python3.8/site-packages/airflow/example_dags/example_task_group_decorator.py
[2024-03-22T10:55:31.036+0000] {logging_mixin.py:188} INFO - [2024-03-22T10:55:31.036+0000] {dag.py:3047} INFO - Sync 1 DAGs
[2024-03-22T10:55:31.056+0000] {logging_mixin.py:188} INFO - [2024-03-22T10:55:31.055+0000] {dag.py:3834} INFO - Setting next_dagrun for example_task_group_decorator to 2024-03-21 00:00:00+00:00, run_after=2024-03-22 00:00:00+00:00
[2024-03-22T10:55:31.073+0000] {processor.py:183} INFO - Processing /home/airflow/.local/lib/python3.8/site-packages/airflow/example_dags/example_task_group_decorator.py took 0.074 seconds
[2024-03-22T10:56:01.404+0000] {processor.py:161} INFO - Started process (PID=676) to work on /home/airflow/.local/lib/python3.8/site-packages/airflow/example_dags/example_task_group_decorator.py
[2024-03-22T10:56:01.404+0000] {processor.py:830} INFO - Processing file /home/airflow/.local/lib/python3.8/site-packages/airflow/example_dags/example_task_group_decorator.py for tasks to queue
[2024-03-22T10:56:01.406+0000] {logging_mixin.py:188} INFO - [2024-03-22T10:56:01.405+0000] {dagbag.py:540} INFO - Filling up the DagBag from /home/airflow/.local/lib/python3.8/site-packages/airflow/example_dags/example_task_group_decorator.py
[2024-03-22T10:56:01.415+0000] {processor.py:840} INFO - DAG(s) 'example_task_group_decorator' retrieved from /home/airflow/.local/lib/python3.8/site-packages/airflow/example_dags/example_task_group_decorator.py
[2024-03-22T10:56:01.434+0000] {logging_mixin.py:188} INFO - [2024-03-22T10:56:01.433+0000] {dag.py:3047} INFO - Sync 1 DAGs
[2024-03-22T10:56:01.449+0000] {logging_mixin.py:188} INFO - [2024-03-22T10:56:01.449+0000] {dag.py:3834} INFO - Setting next_dagrun for example_task_group_decorator to 2024-03-21 00:00:00+00:00, run_after=2024-03-22 00:00:00+00:00
[2024-03-22T10:56:01.461+0000] {processor.py:183} INFO - Processing /home/airflow/.local/lib/python3.8/site-packages/airflow/example_dags/example_task_group_decorator.py took 0.060 seconds
[2024-03-22T10:56:31.601+0000] {processor.py:161} INFO - Started process (PID=731) to work on /home/airflow/.local/lib/python3.8/site-packages/airflow/example_dags/example_task_group_decorator.py
[2024-03-22T10:56:31.602+0000] {processor.py:830} INFO - Processing file /home/airflow/.local/lib/python3.8/site-packages/airflow/example_dags/example_task_group_decorator.py for tasks to queue
[2024-03-22T10:56:31.603+0000] {logging_mixin.py:188} INFO - [2024-03-22T10:56:31.603+0000] {dagbag.py:540} INFO - Filling up the DagBag from /home/airflow/.local/lib/python3.8/site-packages/airflow/example_dags/example_task_group_decorator.py
[2024-03-22T10:56:31.614+0000] {processor.py:840} INFO - DAG(s) 'example_task_group_decorator' retrieved from /home/airflow/.local/lib/python3.8/site-packages/airflow/example_dags/example_task_group_decorator.py
[2024-03-22T10:56:31.633+0000] {logging_mixin.py:188} INFO - [2024-03-22T10:56:31.633+0000] {dag.py:3047} INFO - Sync 1 DAGs
[2024-03-22T10:56:31.652+0000] {logging_mixin.py:188} INFO - [2024-03-22T10:56:31.652+0000] {dag.py:3834} INFO - Setting next_dagrun for example_task_group_decorator to 2024-03-21 00:00:00+00:00, run_after=2024-03-22 00:00:00+00:00
[2024-03-22T10:56:31.667+0000] {processor.py:183} INFO - Processing /home/airflow/.local/lib/python3.8/site-packages/airflow/example_dags/example_task_group_decorator.py took 0.069 seconds
[2024-03-22T10:57:01.718+0000] {processor.py:161} INFO - Started process (PID=786) to work on /home/airflow/.local/lib/python3.8/site-packages/airflow/example_dags/example_task_group_decorator.py
[2024-03-22T10:57:01.718+0000] {processor.py:830} INFO - Processing file /home/airflow/.local/lib/python3.8/site-packages/airflow/example_dags/example_task_group_decorator.py for tasks to queue
[2024-03-22T10:57:01.720+0000] {logging_mixin.py:188} INFO - [2024-03-22T10:57:01.719+0000] {dagbag.py:540} INFO - Filling up the DagBag from /home/airflow/.local/lib/python3.8/site-packages/airflow/example_dags/example_task_group_decorator.py
[2024-03-22T10:57:01.731+0000] {processor.py:840} INFO - DAG(s) 'example_task_group_decorator' retrieved from /home/airflow/.local/lib/python3.8/site-packages/airflow/example_dags/example_task_group_decorator.py
[2024-03-22T10:57:01.750+0000] {logging_mixin.py:188} INFO - [2024-03-22T10:57:01.750+0000] {dag.py:3047} INFO - Sync 1 DAGs
[2024-03-22T10:57:01.766+0000] {logging_mixin.py:188} INFO - [2024-03-22T10:57:01.766+0000] {dag.py:3834} INFO - Setting next_dagrun for example_task_group_decorator to 2024-03-21 00:00:00+00:00, run_after=2024-03-22 00:00:00+00:00
[2024-03-22T10:57:01.782+0000] {processor.py:183} INFO - Processing /home/airflow/.local/lib/python3.8/site-packages/airflow/example_dags/example_task_group_decorator.py took 0.067 seconds
[2024-03-22T10:57:31.800+0000] {processor.py:161} INFO - Started process (PID=840) to work on /home/airflow/.local/lib/python3.8/site-packages/airflow/example_dags/example_task_group_decorator.py
[2024-03-22T10:57:31.801+0000] {processor.py:830} INFO - Processing file /home/airflow/.local/lib/python3.8/site-packages/airflow/example_dags/example_task_group_decorator.py for tasks to queue
[2024-03-22T10:57:31.803+0000] {logging_mixin.py:188} INFO - [2024-03-22T10:57:31.802+0000] {dagbag.py:540} INFO - Filling up the DagBag from /home/airflow/.local/lib/python3.8/site-packages/airflow/example_dags/example_task_group_decorator.py
[2024-03-22T10:57:31.812+0000] {processor.py:840} INFO - DAG(s) 'example_task_group_decorator' retrieved from /home/airflow/.local/lib/python3.8/site-packages/airflow/example_dags/example_task_group_decorator.py
[2024-03-22T10:57:31.828+0000] {logging_mixin.py:188} INFO - [2024-03-22T10:57:31.828+0000] {dag.py:3047} INFO - Sync 1 DAGs
[2024-03-22T10:57:31.842+0000] {logging_mixin.py:188} INFO - [2024-03-22T10:57:31.842+0000] {dag.py:3834} INFO - Setting next_dagrun for example_task_group_decorator to 2024-03-21 00:00:00+00:00, run_after=2024-03-22 00:00:00+00:00
[2024-03-22T10:57:31.863+0000] {processor.py:183} INFO - Processing /home/airflow/.local/lib/python3.8/site-packages/airflow/example_dags/example_task_group_decorator.py took 0.065 seconds
[2024-03-22T10:58:02.162+0000] {processor.py:161} INFO - Started process (PID=896) to work on /home/airflow/.local/lib/python3.8/site-packages/airflow/example_dags/example_task_group_decorator.py
[2024-03-22T10:58:02.163+0000] {processor.py:830} INFO - Processing file /home/airflow/.local/lib/python3.8/site-packages/airflow/example_dags/example_task_group_decorator.py for tasks to queue
[2024-03-22T10:58:02.164+0000] {logging_mixin.py:188} INFO - [2024-03-22T10:58:02.164+0000] {dagbag.py:540} INFO - Filling up the DagBag from /home/airflow/.local/lib/python3.8/site-packages/airflow/example_dags/example_task_group_decorator.py
[2024-03-22T10:58:02.175+0000] {processor.py:840} INFO - DAG(s) 'example_task_group_decorator' retrieved from /home/airflow/.local/lib/python3.8/site-packages/airflow/example_dags/example_task_group_decorator.py
[2024-03-22T10:58:02.192+0000] {logging_mixin.py:188} INFO - [2024-03-22T10:58:02.191+0000] {dag.py:3047} INFO - Sync 1 DAGs
[2024-03-22T10:58:02.208+0000] {logging_mixin.py:188} INFO - [2024-03-22T10:58:02.208+0000] {dag.py:3834} INFO - Setting next_dagrun for example_task_group_decorator to 2024-03-21 00:00:00+00:00, run_after=2024-03-22 00:00:00+00:00
[2024-03-22T10:58:02.220+0000] {processor.py:183} INFO - Processing /home/airflow/.local/lib/python3.8/site-packages/airflow/example_dags/example_task_group_decorator.py took 0.061 seconds
[2024-03-22T10:58:32.299+0000] {processor.py:161} INFO - Started process (PID=951) to work on /home/airflow/.local/lib/python3.8/site-packages/airflow/example_dags/example_task_group_decorator.py
[2024-03-22T10:58:32.299+0000] {processor.py:830} INFO - Processing file /home/airflow/.local/lib/python3.8/site-packages/airflow/example_dags/example_task_group_decorator.py for tasks to queue
[2024-03-22T10:58:32.301+0000] {logging_mixin.py:188} INFO - [2024-03-22T10:58:32.301+0000] {dagbag.py:540} INFO - Filling up the DagBag from /home/airflow/.local/lib/python3.8/site-packages/airflow/example_dags/example_task_group_decorator.py
[2024-03-22T10:58:32.313+0000] {processor.py:840} INFO - DAG(s) 'example_task_group_decorator' retrieved from /home/airflow/.local/lib/python3.8/site-packages/airflow/example_dags/example_task_group_decorator.py
[2024-03-22T10:58:32.333+0000] {logging_mixin.py:188} INFO - [2024-03-22T10:58:32.333+0000] {dag.py:3047} INFO - Sync 1 DAGs
[2024-03-22T10:58:32.351+0000] {logging_mixin.py:188} INFO - [2024-03-22T10:58:32.350+0000] {dag.py:3834} INFO - Setting next_dagrun for example_task_group_decorator to 2024-03-21 00:00:00+00:00, run_after=2024-03-22 00:00:00+00:00
[2024-03-22T10:58:32.368+0000] {processor.py:183} INFO - Processing /home/airflow/.local/lib/python3.8/site-packages/airflow/example_dags/example_task_group_decorator.py took 0.072 seconds
[2024-03-22T10:59:02.442+0000] {processor.py:161} INFO - Started process (PID=1006) to work on /home/airflow/.local/lib/python3.8/site-packages/airflow/example_dags/example_task_group_decorator.py
[2024-03-22T10:59:02.443+0000] {processor.py:830} INFO - Processing file /home/airflow/.local/lib/python3.8/site-packages/airflow/example_dags/example_task_group_decorator.py for tasks to queue
[2024-03-22T10:59:02.444+0000] {logging_mixin.py:188} INFO - [2024-03-22T10:59:02.444+0000] {dagbag.py:540} INFO - Filling up the DagBag from /home/airflow/.local/lib/python3.8/site-packages/airflow/example_dags/example_task_group_decorator.py
[2024-03-22T10:59:02.454+0000] {processor.py:840} INFO - DAG(s) 'example_task_group_decorator' retrieved from /home/airflow/.local/lib/python3.8/site-packages/airflow/example_dags/example_task_group_decorator.py
[2024-03-22T10:59:02.473+0000] {logging_mixin.py:188} INFO - [2024-03-22T10:59:02.473+0000] {dag.py:3047} INFO - Sync 1 DAGs
[2024-03-22T10:59:02.493+0000] {logging_mixin.py:188} INFO - [2024-03-22T10:59:02.492+0000] {dag.py:3834} INFO - Setting next_dagrun for example_task_group_decorator to 2024-03-21 00:00:00+00:00, run_after=2024-03-22 00:00:00+00:00
[2024-03-22T10:59:02.506+0000] {processor.py:183} INFO - Processing /home/airflow/.local/lib/python3.8/site-packages/airflow/example_dags/example_task_group_decorator.py took 0.067 seconds
[2024-03-22T10:59:32.643+0000] {processor.py:161} INFO - Started process (PID=1061) to work on /home/airflow/.local/lib/python3.8/site-packages/airflow/example_dags/example_task_group_decorator.py
[2024-03-22T10:59:32.644+0000] {processor.py:830} INFO - Processing file /home/airflow/.local/lib/python3.8/site-packages/airflow/example_dags/example_task_group_decorator.py for tasks to queue
[2024-03-22T10:59:32.645+0000] {logging_mixin.py:188} INFO - [2024-03-22T10:59:32.645+0000] {dagbag.py:540} INFO - Filling up the DagBag from /home/airflow/.local/lib/python3.8/site-packages/airflow/example_dags/example_task_group_decorator.py
[2024-03-22T10:59:32.657+0000] {processor.py:840} INFO - DAG(s) 'example_task_group_decorator' retrieved from /home/airflow/.local/lib/python3.8/site-packages/airflow/example_dags/example_task_group_decorator.py
[2024-03-22T10:59:32.676+0000] {logging_mixin.py:188} INFO - [2024-03-22T10:59:32.675+0000] {dag.py:3047} INFO - Sync 1 DAGs
[2024-03-22T10:59:32.692+0000] {logging_mixin.py:188} INFO - [2024-03-22T10:59:32.692+0000] {dag.py:3834} INFO - Setting next_dagrun for example_task_group_decorator to 2024-03-21 00:00:00+00:00, run_after=2024-03-22 00:00:00+00:00
[2024-03-22T10:59:32.705+0000] {processor.py:183} INFO - Processing /home/airflow/.local/lib/python3.8/site-packages/airflow/example_dags/example_task_group_decorator.py took 0.064 seconds
[2024-03-22T11:00:02.763+0000] {processor.py:161} INFO - Started process (PID=1116) to work on /home/airflow/.local/lib/python3.8/site-packages/airflow/example_dags/example_task_group_decorator.py
[2024-03-22T11:00:02.764+0000] {processor.py:830} INFO - Processing file /home/airflow/.local/lib/python3.8/site-packages/airflow/example_dags/example_task_group_decorator.py for tasks to queue
[2024-03-22T11:00:02.766+0000] {logging_mixin.py:188} INFO - [2024-03-22T11:00:02.765+0000] {dagbag.py:540} INFO - Filling up the DagBag from /home/airflow/.local/lib/python3.8/site-packages/airflow/example_dags/example_task_group_decorator.py
[2024-03-22T11:00:02.777+0000] {processor.py:840} INFO - DAG(s) 'example_task_group_decorator' retrieved from /home/airflow/.local/lib/python3.8/site-packages/airflow/example_dags/example_task_group_decorator.py
[2024-03-22T11:00:02.798+0000] {logging_mixin.py:188} INFO - [2024-03-22T11:00:02.797+0000] {dag.py:3047} INFO - Sync 1 DAGs
[2024-03-22T11:00:02.814+0000] {logging_mixin.py:188} INFO - [2024-03-22T11:00:02.814+0000] {dag.py:3834} INFO - Setting next_dagrun for example_task_group_decorator to 2024-03-21 00:00:00+00:00, run_after=2024-03-22 00:00:00+00:00
[2024-03-22T11:00:02.829+0000] {processor.py:183} INFO - Processing /home/airflow/.local/lib/python3.8/site-packages/airflow/example_dags/example_task_group_decorator.py took 0.067 seconds
[2024-03-22T11:00:32.945+0000] {processor.py:161} INFO - Started process (PID=1171) to work on /home/airflow/.local/lib/python3.8/site-packages/airflow/example_dags/example_task_group_decorator.py
[2024-03-22T11:00:32.946+0000] {processor.py:830} INFO - Processing file /home/airflow/.local/lib/python3.8/site-packages/airflow/example_dags/example_task_group_decorator.py for tasks to queue
[2024-03-22T11:00:32.947+0000] {logging_mixin.py:188} INFO - [2024-03-22T11:00:32.947+0000] {dagbag.py:540} INFO - Filling up the DagBag from /home/airflow/.local/lib/python3.8/site-packages/airflow/example_dags/example_task_group_decorator.py
[2024-03-22T11:00:32.957+0000] {processor.py:840} INFO - DAG(s) 'example_task_group_decorator' retrieved from /home/airflow/.local/lib/python3.8/site-packages/airflow/example_dags/example_task_group_decorator.py
[2024-03-22T11:00:32.977+0000] {logging_mixin.py:188} INFO - [2024-03-22T11:00:32.977+0000] {dag.py:3047} INFO - Sync 1 DAGs
[2024-03-22T11:00:32.994+0000] {logging_mixin.py:188} INFO - [2024-03-22T11:00:32.993+0000] {dag.py:3834} INFO - Setting next_dagrun for example_task_group_decorator to 2024-03-21 00:00:00+00:00, run_after=2024-03-22 00:00:00+00:00
[2024-03-22T11:00:33.005+0000] {processor.py:183} INFO - Processing /home/airflow/.local/lib/python3.8/site-packages/airflow/example_dags/example_task_group_decorator.py took 0.063 seconds
[2024-03-22T11:01:04.057+0000] {processor.py:161} INFO - Started process (PID=1226) to work on /home/airflow/.local/lib/python3.8/site-packages/airflow/example_dags/example_task_group_decorator.py
[2024-03-22T11:01:04.058+0000] {processor.py:830} INFO - Processing file /home/airflow/.local/lib/python3.8/site-packages/airflow/example_dags/example_task_group_decorator.py for tasks to queue
[2024-03-22T11:01:04.059+0000] {logging_mixin.py:188} INFO - [2024-03-22T11:01:04.059+0000] {dagbag.py:540} INFO - Filling up the DagBag from /home/airflow/.local/lib/python3.8/site-packages/airflow/example_dags/example_task_group_decorator.py
[2024-03-22T11:01:04.069+0000] {processor.py:840} INFO - DAG(s) 'example_task_group_decorator' retrieved from /home/airflow/.local/lib/python3.8/site-packages/airflow/example_dags/example_task_group_decorator.py
[2024-03-22T11:01:04.088+0000] {logging_mixin.py:188} INFO - [2024-03-22T11:01:04.088+0000] {dag.py:3047} INFO - Sync 1 DAGs
[2024-03-22T11:01:04.103+0000] {logging_mixin.py:188} INFO - [2024-03-22T11:01:04.103+0000] {dag.py:3834} INFO - Setting next_dagrun for example_task_group_decorator to 2024-03-21 00:00:00+00:00, run_after=2024-03-22 00:00:00+00:00
[2024-03-22T11:01:04.125+0000] {processor.py:183} INFO - Processing /home/airflow/.local/lib/python3.8/site-packages/airflow/example_dags/example_task_group_decorator.py took 0.070 seconds
