[2024-03-22T10:50:25.483+0000] {processor.py:161} INFO - Started process (PID=51) to work on /home/airflow/.local/lib/python3.8/site-packages/airflow/example_dags/example_datasets.py
[2024-03-22T10:50:25.484+0000] {processor.py:830} INFO - Processing file /home/airflow/.local/lib/python3.8/site-packages/airflow/example_dags/example_datasets.py for tasks to queue
[2024-03-22T10:50:25.485+0000] {logging_mixin.py:188} INFO - [2024-03-22T10:50:25.485+0000] {dagbag.py:540} INFO - Filling up the DagBag from /home/airflow/.local/lib/python3.8/site-packages/airflow/example_dags/example_datasets.py
[2024-03-22T10:50:25.498+0000] {processor.py:840} INFO - DAG(s) 'dataset_consumes_1_and_2', 'dataset_produces_1', 'dataset_consumes_1', 'dataset_produces_2', 'dataset_consumes_unknown_never_scheduled', 'dataset_consumes_1_never_scheduled' retrieved from /home/airflow/.local/lib/python3.8/site-packages/airflow/example_dags/example_datasets.py
[2024-03-22T10:50:25.514+0000] {logging_mixin.py:188} INFO - [2024-03-22T10:50:25.514+0000] {dag.py:3047} INFO - Sync 6 DAGs
[2024-03-22T10:50:25.537+0000] {logging_mixin.py:188} INFO - [2024-03-22T10:50:25.536+0000] {dag.py:3834} INFO - Setting next_dagrun for dataset_consumes_1 to None, run_after=None
[2024-03-22T10:50:25.541+0000] {logging_mixin.py:188} INFO - [2024-03-22T10:50:25.541+0000] {dag.py:3834} INFO - Setting next_dagrun for dataset_consumes_1_and_2 to None, run_after=None
[2024-03-22T10:50:25.544+0000] {logging_mixin.py:188} INFO - [2024-03-22T10:50:25.543+0000] {dag.py:3834} INFO - Setting next_dagrun for dataset_consumes_1_never_scheduled to None, run_after=None
[2024-03-22T10:50:25.545+0000] {logging_mixin.py:188} INFO - [2024-03-22T10:50:25.545+0000] {dag.py:3834} INFO - Setting next_dagrun for dataset_consumes_unknown_never_scheduled to None, run_after=None
[2024-03-22T10:50:25.548+0000] {logging_mixin.py:188} INFO - [2024-03-22T10:50:25.548+0000] {dag.py:3834} INFO - Setting next_dagrun for dataset_produces_1 to 2024-03-21 00:00:00+00:00, run_after=2024-03-22 00:00:00+00:00
[2024-03-22T10:50:25.550+0000] {logging_mixin.py:188} INFO - [2024-03-22T10:50:25.550+0000] {dag.py:3834} INFO - Setting next_dagrun for dataset_produces_2 to None, run_after=None
[2024-03-22T10:50:25.578+0000] {processor.py:183} INFO - Processing /home/airflow/.local/lib/python3.8/site-packages/airflow/example_dags/example_datasets.py took 0.098 seconds
[2024-03-22T10:50:56.237+0000] {processor.py:161} INFO - Started process (PID=105) to work on /home/airflow/.local/lib/python3.8/site-packages/airflow/example_dags/example_datasets.py
[2024-03-22T10:50:56.238+0000] {processor.py:830} INFO - Processing file /home/airflow/.local/lib/python3.8/site-packages/airflow/example_dags/example_datasets.py for tasks to queue
[2024-03-22T10:50:56.240+0000] {logging_mixin.py:188} INFO - [2024-03-22T10:50:56.240+0000] {dagbag.py:540} INFO - Filling up the DagBag from /home/airflow/.local/lib/python3.8/site-packages/airflow/example_dags/example_datasets.py
[2024-03-22T10:50:56.251+0000] {processor.py:840} INFO - DAG(s) 'dataset_consumes_1', 'dataset_produces_2', 'dataset_consumes_unknown_never_scheduled', 'dataset_consumes_1_never_scheduled', 'dataset_consumes_1_and_2', 'dataset_produces_1' retrieved from /home/airflow/.local/lib/python3.8/site-packages/airflow/example_dags/example_datasets.py
[2024-03-22T10:50:56.470+0000] {logging_mixin.py:188} INFO - [2024-03-22T10:50:56.470+0000] {dag.py:3047} INFO - Sync 6 DAGs
[2024-03-22T10:50:56.490+0000] {logging_mixin.py:188} INFO - [2024-03-22T10:50:56.489+0000] {dag.py:3834} INFO - Setting next_dagrun for dataset_consumes_1 to None, run_after=None
[2024-03-22T10:50:56.493+0000] {logging_mixin.py:188} INFO - [2024-03-22T10:50:56.493+0000] {dag.py:3834} INFO - Setting next_dagrun for dataset_consumes_1_and_2 to None, run_after=None
[2024-03-22T10:50:56.495+0000] {logging_mixin.py:188} INFO - [2024-03-22T10:50:56.495+0000] {dag.py:3834} INFO - Setting next_dagrun for dataset_consumes_1_never_scheduled to None, run_after=None
[2024-03-22T10:50:56.497+0000] {logging_mixin.py:188} INFO - [2024-03-22T10:50:56.497+0000] {dag.py:3834} INFO - Setting next_dagrun for dataset_consumes_unknown_never_scheduled to None, run_after=None
[2024-03-22T10:50:56.499+0000] {logging_mixin.py:188} INFO - [2024-03-22T10:50:56.499+0000] {dag.py:3834} INFO - Setting next_dagrun for dataset_produces_1 to 2024-03-21 00:00:00+00:00, run_after=2024-03-22 00:00:00+00:00
[2024-03-22T10:50:56.500+0000] {logging_mixin.py:188} INFO - [2024-03-22T10:50:56.500+0000] {dag.py:3834} INFO - Setting next_dagrun for dataset_produces_2 to None, run_after=None
[2024-03-22T10:50:56.532+0000] {processor.py:183} INFO - Processing /home/airflow/.local/lib/python3.8/site-packages/airflow/example_dags/example_datasets.py took 0.297 seconds
[2024-03-22T10:51:27.053+0000] {processor.py:161} INFO - Started process (PID=160) to work on /home/airflow/.local/lib/python3.8/site-packages/airflow/example_dags/example_datasets.py
[2024-03-22T10:51:27.054+0000] {processor.py:830} INFO - Processing file /home/airflow/.local/lib/python3.8/site-packages/airflow/example_dags/example_datasets.py for tasks to queue
[2024-03-22T10:51:27.056+0000] {logging_mixin.py:188} INFO - [2024-03-22T10:51:27.056+0000] {dagbag.py:540} INFO - Filling up the DagBag from /home/airflow/.local/lib/python3.8/site-packages/airflow/example_dags/example_datasets.py
[2024-03-22T10:51:27.063+0000] {processor.py:840} INFO - DAG(s) 'dataset_consumes_1_and_2', 'dataset_produces_2', 'dataset_consumes_unknown_never_scheduled', 'dataset_consumes_1_never_scheduled', 'dataset_consumes_1', 'dataset_produces_1' retrieved from /home/airflow/.local/lib/python3.8/site-packages/airflow/example_dags/example_datasets.py
[2024-03-22T10:51:27.095+0000] {logging_mixin.py:188} INFO - [2024-03-22T10:51:27.094+0000] {dag.py:3047} INFO - Sync 6 DAGs
[2024-03-22T10:51:27.115+0000] {logging_mixin.py:188} INFO - [2024-03-22T10:51:27.114+0000] {dag.py:3834} INFO - Setting next_dagrun for dataset_consumes_1 to None, run_after=None
[2024-03-22T10:51:27.118+0000] {logging_mixin.py:188} INFO - [2024-03-22T10:51:27.118+0000] {dag.py:3834} INFO - Setting next_dagrun for dataset_consumes_1_and_2 to None, run_after=None
[2024-03-22T10:51:27.119+0000] {logging_mixin.py:188} INFO - [2024-03-22T10:51:27.119+0000] {dag.py:3834} INFO - Setting next_dagrun for dataset_consumes_1_never_scheduled to None, run_after=None
[2024-03-22T10:51:27.121+0000] {logging_mixin.py:188} INFO - [2024-03-22T10:51:27.120+0000] {dag.py:3834} INFO - Setting next_dagrun for dataset_consumes_unknown_never_scheduled to None, run_after=None
[2024-03-22T10:51:27.123+0000] {logging_mixin.py:188} INFO - [2024-03-22T10:51:27.123+0000] {dag.py:3834} INFO - Setting next_dagrun for dataset_produces_1 to 2024-03-21 00:00:00+00:00, run_after=2024-03-22 00:00:00+00:00
[2024-03-22T10:51:27.124+0000] {logging_mixin.py:188} INFO - [2024-03-22T10:51:27.124+0000] {dag.py:3834} INFO - Setting next_dagrun for dataset_produces_2 to None, run_after=None
[2024-03-22T10:51:27.151+0000] {processor.py:183} INFO - Processing /home/airflow/.local/lib/python3.8/site-packages/airflow/example_dags/example_datasets.py took 0.100 seconds
[2024-03-22T10:51:57.297+0000] {processor.py:161} INFO - Started process (PID=215) to work on /home/airflow/.local/lib/python3.8/site-packages/airflow/example_dags/example_datasets.py
[2024-03-22T10:51:57.298+0000] {processor.py:830} INFO - Processing file /home/airflow/.local/lib/python3.8/site-packages/airflow/example_dags/example_datasets.py for tasks to queue
[2024-03-22T10:51:57.300+0000] {logging_mixin.py:188} INFO - [2024-03-22T10:51:57.299+0000] {dagbag.py:540} INFO - Filling up the DagBag from /home/airflow/.local/lib/python3.8/site-packages/airflow/example_dags/example_datasets.py
[2024-03-22T10:51:57.306+0000] {processor.py:840} INFO - DAG(s) 'dataset_consumes_unknown_never_scheduled', 'dataset_produces_2', 'dataset_consumes_1_never_scheduled', 'dataset_consumes_1_and_2', 'dataset_consumes_1', 'dataset_produces_1' retrieved from /home/airflow/.local/lib/python3.8/site-packages/airflow/example_dags/example_datasets.py
[2024-03-22T10:51:57.340+0000] {logging_mixin.py:188} INFO - [2024-03-22T10:51:57.340+0000] {dag.py:3047} INFO - Sync 6 DAGs
[2024-03-22T10:51:57.360+0000] {logging_mixin.py:188} INFO - [2024-03-22T10:51:57.359+0000] {dag.py:3834} INFO - Setting next_dagrun for dataset_consumes_1 to None, run_after=None
[2024-03-22T10:51:57.362+0000] {logging_mixin.py:188} INFO - [2024-03-22T10:51:57.362+0000] {dag.py:3834} INFO - Setting next_dagrun for dataset_consumes_1_and_2 to None, run_after=None
[2024-03-22T10:51:57.363+0000] {logging_mixin.py:188} INFO - [2024-03-22T10:51:57.363+0000] {dag.py:3834} INFO - Setting next_dagrun for dataset_consumes_1_never_scheduled to None, run_after=None
[2024-03-22T10:51:57.364+0000] {logging_mixin.py:188} INFO - [2024-03-22T10:51:57.364+0000] {dag.py:3834} INFO - Setting next_dagrun for dataset_consumes_unknown_never_scheduled to None, run_after=None
[2024-03-22T10:51:57.366+0000] {logging_mixin.py:188} INFO - [2024-03-22T10:51:57.366+0000] {dag.py:3834} INFO - Setting next_dagrun for dataset_produces_1 to 2024-03-21 00:00:00+00:00, run_after=2024-03-22 00:00:00+00:00
[2024-03-22T10:51:57.367+0000] {logging_mixin.py:188} INFO - [2024-03-22T10:51:57.367+0000] {dag.py:3834} INFO - Setting next_dagrun for dataset_produces_2 to None, run_after=None
[2024-03-22T10:51:57.388+0000] {processor.py:183} INFO - Processing /home/airflow/.local/lib/python3.8/site-packages/airflow/example_dags/example_datasets.py took 0.094 seconds
[2024-03-22T10:52:27.582+0000] {processor.py:161} INFO - Started process (PID=270) to work on /home/airflow/.local/lib/python3.8/site-packages/airflow/example_dags/example_datasets.py
[2024-03-22T10:52:27.583+0000] {processor.py:830} INFO - Processing file /home/airflow/.local/lib/python3.8/site-packages/airflow/example_dags/example_datasets.py for tasks to queue
[2024-03-22T10:52:27.584+0000] {logging_mixin.py:188} INFO - [2024-03-22T10:52:27.584+0000] {dagbag.py:540} INFO - Filling up the DagBag from /home/airflow/.local/lib/python3.8/site-packages/airflow/example_dags/example_datasets.py
[2024-03-22T10:52:27.591+0000] {processor.py:840} INFO - DAG(s) 'dataset_consumes_1_and_2', 'dataset_consumes_unknown_never_scheduled', 'dataset_produces_1', 'dataset_consumes_1_never_scheduled', 'dataset_produces_2', 'dataset_consumes_1' retrieved from /home/airflow/.local/lib/python3.8/site-packages/airflow/example_dags/example_datasets.py
[2024-03-22T10:52:27.617+0000] {logging_mixin.py:188} INFO - [2024-03-22T10:52:27.617+0000] {dag.py:3047} INFO - Sync 6 DAGs
[2024-03-22T10:52:27.633+0000] {logging_mixin.py:188} INFO - [2024-03-22T10:52:27.632+0000] {dag.py:3834} INFO - Setting next_dagrun for dataset_consumes_1 to None, run_after=None
[2024-03-22T10:52:27.635+0000] {logging_mixin.py:188} INFO - [2024-03-22T10:52:27.635+0000] {dag.py:3834} INFO - Setting next_dagrun for dataset_consumes_1_and_2 to None, run_after=None
[2024-03-22T10:52:27.637+0000] {logging_mixin.py:188} INFO - [2024-03-22T10:52:27.636+0000] {dag.py:3834} INFO - Setting next_dagrun for dataset_consumes_1_never_scheduled to None, run_after=None
[2024-03-22T10:52:27.638+0000] {logging_mixin.py:188} INFO - [2024-03-22T10:52:27.637+0000] {dag.py:3834} INFO - Setting next_dagrun for dataset_consumes_unknown_never_scheduled to None, run_after=None
[2024-03-22T10:52:27.640+0000] {logging_mixin.py:188} INFO - [2024-03-22T10:52:27.640+0000] {dag.py:3834} INFO - Setting next_dagrun for dataset_produces_1 to 2024-03-21 00:00:00+00:00, run_after=2024-03-22 00:00:00+00:00
[2024-03-22T10:52:27.641+0000] {logging_mixin.py:188} INFO - [2024-03-22T10:52:27.641+0000] {dag.py:3834} INFO - Setting next_dagrun for dataset_produces_2 to None, run_after=None
[2024-03-22T10:52:27.666+0000] {processor.py:183} INFO - Processing /home/airflow/.local/lib/python3.8/site-packages/airflow/example_dags/example_datasets.py took 0.086 seconds
[2024-03-22T10:52:57.882+0000] {processor.py:161} INFO - Started process (PID=325) to work on /home/airflow/.local/lib/python3.8/site-packages/airflow/example_dags/example_datasets.py
[2024-03-22T10:52:57.883+0000] {processor.py:830} INFO - Processing file /home/airflow/.local/lib/python3.8/site-packages/airflow/example_dags/example_datasets.py for tasks to queue
[2024-03-22T10:52:57.884+0000] {logging_mixin.py:188} INFO - [2024-03-22T10:52:57.884+0000] {dagbag.py:540} INFO - Filling up the DagBag from /home/airflow/.local/lib/python3.8/site-packages/airflow/example_dags/example_datasets.py
[2024-03-22T10:52:57.893+0000] {processor.py:840} INFO - DAG(s) 'dataset_consumes_1_never_scheduled', 'dataset_produces_1', 'dataset_consumes_1', 'dataset_consumes_unknown_never_scheduled', 'dataset_produces_2', 'dataset_consumes_1_and_2' retrieved from /home/airflow/.local/lib/python3.8/site-packages/airflow/example_dags/example_datasets.py
[2024-03-22T10:52:57.923+0000] {logging_mixin.py:188} INFO - [2024-03-22T10:52:57.922+0000] {dag.py:3047} INFO - Sync 6 DAGs
[2024-03-22T10:52:57.942+0000] {logging_mixin.py:188} INFO - [2024-03-22T10:52:57.941+0000] {dag.py:3834} INFO - Setting next_dagrun for dataset_consumes_1 to None, run_after=None
[2024-03-22T10:52:57.945+0000] {logging_mixin.py:188} INFO - [2024-03-22T10:52:57.945+0000] {dag.py:3834} INFO - Setting next_dagrun for dataset_consumes_1_and_2 to None, run_after=None
[2024-03-22T10:52:57.946+0000] {logging_mixin.py:188} INFO - [2024-03-22T10:52:57.946+0000] {dag.py:3834} INFO - Setting next_dagrun for dataset_consumes_1_never_scheduled to None, run_after=None
[2024-03-22T10:52:57.947+0000] {logging_mixin.py:188} INFO - [2024-03-22T10:52:57.947+0000] {dag.py:3834} INFO - Setting next_dagrun for dataset_consumes_unknown_never_scheduled to None, run_after=None
[2024-03-22T10:52:57.949+0000] {logging_mixin.py:188} INFO - [2024-03-22T10:52:57.948+0000] {dag.py:3834} INFO - Setting next_dagrun for dataset_produces_1 to 2024-03-21 00:00:00+00:00, run_after=2024-03-22 00:00:00+00:00
[2024-03-22T10:52:57.950+0000] {logging_mixin.py:188} INFO - [2024-03-22T10:52:57.949+0000] {dag.py:3834} INFO - Setting next_dagrun for dataset_produces_2 to None, run_after=None
[2024-03-22T10:52:57.970+0000] {processor.py:183} INFO - Processing /home/airflow/.local/lib/python3.8/site-packages/airflow/example_dags/example_datasets.py took 0.091 seconds
[2024-03-22T10:53:29.207+0000] {processor.py:161} INFO - Started process (PID=380) to work on /home/airflow/.local/lib/python3.8/site-packages/airflow/example_dags/example_datasets.py
[2024-03-22T10:53:29.208+0000] {processor.py:830} INFO - Processing file /home/airflow/.local/lib/python3.8/site-packages/airflow/example_dags/example_datasets.py for tasks to queue
[2024-03-22T10:53:29.209+0000] {logging_mixin.py:188} INFO - [2024-03-22T10:53:29.209+0000] {dagbag.py:540} INFO - Filling up the DagBag from /home/airflow/.local/lib/python3.8/site-packages/airflow/example_dags/example_datasets.py
[2024-03-22T10:53:29.216+0000] {processor.py:840} INFO - DAG(s) 'dataset_consumes_unknown_never_scheduled', 'dataset_consumes_1', 'dataset_consumes_1_never_scheduled', 'dataset_consumes_1_and_2', 'dataset_produces_2', 'dataset_produces_1' retrieved from /home/airflow/.local/lib/python3.8/site-packages/airflow/example_dags/example_datasets.py
[2024-03-22T10:53:29.244+0000] {logging_mixin.py:188} INFO - [2024-03-22T10:53:29.243+0000] {dag.py:3047} INFO - Sync 6 DAGs
[2024-03-22T10:53:29.260+0000] {logging_mixin.py:188} INFO - [2024-03-22T10:53:29.260+0000] {dag.py:3834} INFO - Setting next_dagrun for dataset_consumes_1 to None, run_after=None
[2024-03-22T10:53:29.264+0000] {logging_mixin.py:188} INFO - [2024-03-22T10:53:29.263+0000] {dag.py:3834} INFO - Setting next_dagrun for dataset_consumes_1_and_2 to None, run_after=None
[2024-03-22T10:53:29.265+0000] {logging_mixin.py:188} INFO - [2024-03-22T10:53:29.265+0000] {dag.py:3834} INFO - Setting next_dagrun for dataset_consumes_1_never_scheduled to None, run_after=None
[2024-03-22T10:53:29.266+0000] {logging_mixin.py:188} INFO - [2024-03-22T10:53:29.266+0000] {dag.py:3834} INFO - Setting next_dagrun for dataset_consumes_unknown_never_scheduled to None, run_after=None
[2024-03-22T10:53:29.269+0000] {logging_mixin.py:188} INFO - [2024-03-22T10:53:29.269+0000] {dag.py:3834} INFO - Setting next_dagrun for dataset_produces_1 to 2024-03-21 00:00:00+00:00, run_after=2024-03-22 00:00:00+00:00
[2024-03-22T10:53:29.270+0000] {logging_mixin.py:188} INFO - [2024-03-22T10:53:29.270+0000] {dag.py:3834} INFO - Setting next_dagrun for dataset_produces_2 to None, run_after=None
[2024-03-22T10:53:29.302+0000] {processor.py:183} INFO - Processing /home/airflow/.local/lib/python3.8/site-packages/airflow/example_dags/example_datasets.py took 0.097 seconds
[2024-03-22T10:53:59.412+0000] {processor.py:161} INFO - Started process (PID=435) to work on /home/airflow/.local/lib/python3.8/site-packages/airflow/example_dags/example_datasets.py
[2024-03-22T10:53:59.412+0000] {processor.py:830} INFO - Processing file /home/airflow/.local/lib/python3.8/site-packages/airflow/example_dags/example_datasets.py for tasks to queue
[2024-03-22T10:53:59.414+0000] {logging_mixin.py:188} INFO - [2024-03-22T10:53:59.414+0000] {dagbag.py:540} INFO - Filling up the DagBag from /home/airflow/.local/lib/python3.8/site-packages/airflow/example_dags/example_datasets.py
[2024-03-22T10:53:59.421+0000] {processor.py:840} INFO - DAG(s) 'dataset_produces_2', 'dataset_produces_1', 'dataset_consumes_1', 'dataset_consumes_unknown_never_scheduled', 'dataset_consumes_1_and_2', 'dataset_consumes_1_never_scheduled' retrieved from /home/airflow/.local/lib/python3.8/site-packages/airflow/example_dags/example_datasets.py
[2024-03-22T10:53:59.451+0000] {logging_mixin.py:188} INFO - [2024-03-22T10:53:59.451+0000] {dag.py:3047} INFO - Sync 6 DAGs
[2024-03-22T10:53:59.470+0000] {logging_mixin.py:188} INFO - [2024-03-22T10:53:59.470+0000] {dag.py:3834} INFO - Setting next_dagrun for dataset_consumes_1 to None, run_after=None
[2024-03-22T10:53:59.474+0000] {logging_mixin.py:188} INFO - [2024-03-22T10:53:59.473+0000] {dag.py:3834} INFO - Setting next_dagrun for dataset_consumes_1_and_2 to None, run_after=None
[2024-03-22T10:53:59.475+0000] {logging_mixin.py:188} INFO - [2024-03-22T10:53:59.475+0000] {dag.py:3834} INFO - Setting next_dagrun for dataset_consumes_1_never_scheduled to None, run_after=None
[2024-03-22T10:53:59.476+0000] {logging_mixin.py:188} INFO - [2024-03-22T10:53:59.476+0000] {dag.py:3834} INFO - Setting next_dagrun for dataset_consumes_unknown_never_scheduled to None, run_after=None
[2024-03-22T10:53:59.479+0000] {logging_mixin.py:188} INFO - [2024-03-22T10:53:59.479+0000] {dag.py:3834} INFO - Setting next_dagrun for dataset_produces_1 to 2024-03-21 00:00:00+00:00, run_after=2024-03-22 00:00:00+00:00
[2024-03-22T10:53:59.480+0000] {logging_mixin.py:188} INFO - [2024-03-22T10:53:59.480+0000] {dag.py:3834} INFO - Setting next_dagrun for dataset_produces_2 to None, run_after=None
[2024-03-22T10:53:59.507+0000] {processor.py:183} INFO - Processing /home/airflow/.local/lib/python3.8/site-packages/airflow/example_dags/example_datasets.py took 0.098 seconds
[2024-03-22T10:54:29.679+0000] {processor.py:161} INFO - Started process (PID=490) to work on /home/airflow/.local/lib/python3.8/site-packages/airflow/example_dags/example_datasets.py
[2024-03-22T10:54:29.680+0000] {processor.py:830} INFO - Processing file /home/airflow/.local/lib/python3.8/site-packages/airflow/example_dags/example_datasets.py for tasks to queue
[2024-03-22T10:54:29.681+0000] {logging_mixin.py:188} INFO - [2024-03-22T10:54:29.681+0000] {dagbag.py:540} INFO - Filling up the DagBag from /home/airflow/.local/lib/python3.8/site-packages/airflow/example_dags/example_datasets.py
[2024-03-22T10:54:29.689+0000] {processor.py:840} INFO - DAG(s) 'dataset_consumes_1_and_2', 'dataset_consumes_1_never_scheduled', 'dataset_produces_2', 'dataset_consumes_unknown_never_scheduled', 'dataset_produces_1', 'dataset_consumes_1' retrieved from /home/airflow/.local/lib/python3.8/site-packages/airflow/example_dags/example_datasets.py
[2024-03-22T10:54:29.721+0000] {logging_mixin.py:188} INFO - [2024-03-22T10:54:29.721+0000] {dag.py:3047} INFO - Sync 6 DAGs
[2024-03-22T10:54:29.737+0000] {logging_mixin.py:188} INFO - [2024-03-22T10:54:29.736+0000] {dag.py:3834} INFO - Setting next_dagrun for dataset_consumes_1 to None, run_after=None
[2024-03-22T10:54:29.740+0000] {logging_mixin.py:188} INFO - [2024-03-22T10:54:29.740+0000] {dag.py:3834} INFO - Setting next_dagrun for dataset_consumes_1_and_2 to None, run_after=None
[2024-03-22T10:54:29.742+0000] {logging_mixin.py:188} INFO - [2024-03-22T10:54:29.742+0000] {dag.py:3834} INFO - Setting next_dagrun for dataset_consumes_1_never_scheduled to None, run_after=None
[2024-03-22T10:54:29.743+0000] {logging_mixin.py:188} INFO - [2024-03-22T10:54:29.743+0000] {dag.py:3834} INFO - Setting next_dagrun for dataset_consumes_unknown_never_scheduled to None, run_after=None
[2024-03-22T10:54:29.746+0000] {logging_mixin.py:188} INFO - [2024-03-22T10:54:29.746+0000] {dag.py:3834} INFO - Setting next_dagrun for dataset_produces_1 to 2024-03-21 00:00:00+00:00, run_after=2024-03-22 00:00:00+00:00
[2024-03-22T10:54:29.747+0000] {logging_mixin.py:188} INFO - [2024-03-22T10:54:29.747+0000] {dag.py:3834} INFO - Setting next_dagrun for dataset_produces_2 to None, run_after=None
[2024-03-22T10:54:29.777+0000] {processor.py:183} INFO - Processing /home/airflow/.local/lib/python3.8/site-packages/airflow/example_dags/example_datasets.py took 0.101 seconds
[2024-03-22T10:54:59.814+0000] {processor.py:161} INFO - Started process (PID=545) to work on /home/airflow/.local/lib/python3.8/site-packages/airflow/example_dags/example_datasets.py
[2024-03-22T10:54:59.815+0000] {processor.py:830} INFO - Processing file /home/airflow/.local/lib/python3.8/site-packages/airflow/example_dags/example_datasets.py for tasks to queue
[2024-03-22T10:54:59.817+0000] {logging_mixin.py:188} INFO - [2024-03-22T10:54:59.816+0000] {dagbag.py:540} INFO - Filling up the DagBag from /home/airflow/.local/lib/python3.8/site-packages/airflow/example_dags/example_datasets.py
[2024-03-22T10:54:59.824+0000] {processor.py:840} INFO - DAG(s) 'dataset_produces_2', 'dataset_produces_1', 'dataset_consumes_1_and_2', 'dataset_consumes_1_never_scheduled', 'dataset_consumes_unknown_never_scheduled', 'dataset_consumes_1' retrieved from /home/airflow/.local/lib/python3.8/site-packages/airflow/example_dags/example_datasets.py
[2024-03-22T10:54:59.858+0000] {logging_mixin.py:188} INFO - [2024-03-22T10:54:59.858+0000] {dag.py:3047} INFO - Sync 6 DAGs
[2024-03-22T10:54:59.878+0000] {logging_mixin.py:188} INFO - [2024-03-22T10:54:59.878+0000] {dag.py:3834} INFO - Setting next_dagrun for dataset_consumes_1 to None, run_after=None
[2024-03-22T10:54:59.881+0000] {logging_mixin.py:188} INFO - [2024-03-22T10:54:59.881+0000] {dag.py:3834} INFO - Setting next_dagrun for dataset_consumes_1_and_2 to None, run_after=None
[2024-03-22T10:54:59.883+0000] {logging_mixin.py:188} INFO - [2024-03-22T10:54:59.883+0000] {dag.py:3834} INFO - Setting next_dagrun for dataset_consumes_1_never_scheduled to None, run_after=None
[2024-03-22T10:54:59.884+0000] {logging_mixin.py:188} INFO - [2024-03-22T10:54:59.884+0000] {dag.py:3834} INFO - Setting next_dagrun for dataset_consumes_unknown_never_scheduled to None, run_after=None
[2024-03-22T10:54:59.887+0000] {logging_mixin.py:188} INFO - [2024-03-22T10:54:59.887+0000] {dag.py:3834} INFO - Setting next_dagrun for dataset_produces_1 to 2024-03-21 00:00:00+00:00, run_after=2024-03-22 00:00:00+00:00
[2024-03-22T10:54:59.888+0000] {logging_mixin.py:188} INFO - [2024-03-22T10:54:59.888+0000] {dag.py:3834} INFO - Setting next_dagrun for dataset_produces_2 to None, run_after=None
[2024-03-22T10:54:59.920+0000] {processor.py:183} INFO - Processing /home/airflow/.local/lib/python3.8/site-packages/airflow/example_dags/example_datasets.py took 0.108 seconds
[2024-03-22T10:55:29.959+0000] {processor.py:161} INFO - Started process (PID=599) to work on /home/airflow/.local/lib/python3.8/site-packages/airflow/example_dags/example_datasets.py
[2024-03-22T10:55:29.960+0000] {processor.py:830} INFO - Processing file /home/airflow/.local/lib/python3.8/site-packages/airflow/example_dags/example_datasets.py for tasks to queue
[2024-03-22T10:55:29.961+0000] {logging_mixin.py:188} INFO - [2024-03-22T10:55:29.961+0000] {dagbag.py:540} INFO - Filling up the DagBag from /home/airflow/.local/lib/python3.8/site-packages/airflow/example_dags/example_datasets.py
[2024-03-22T10:55:29.968+0000] {processor.py:840} INFO - DAG(s) 'dataset_consumes_1_and_2', 'dataset_produces_1', 'dataset_consumes_1', 'dataset_produces_2', 'dataset_consumes_unknown_never_scheduled', 'dataset_consumes_1_never_scheduled' retrieved from /home/airflow/.local/lib/python3.8/site-packages/airflow/example_dags/example_datasets.py
[2024-03-22T10:55:29.992+0000] {logging_mixin.py:188} INFO - [2024-03-22T10:55:29.992+0000] {dag.py:3047} INFO - Sync 6 DAGs
[2024-03-22T10:55:30.008+0000] {logging_mixin.py:188} INFO - [2024-03-22T10:55:30.008+0000] {dag.py:3834} INFO - Setting next_dagrun for dataset_consumes_1 to None, run_after=None
[2024-03-22T10:55:30.011+0000] {logging_mixin.py:188} INFO - [2024-03-22T10:55:30.011+0000] {dag.py:3834} INFO - Setting next_dagrun for dataset_consumes_1_and_2 to None, run_after=None
[2024-03-22T10:55:30.013+0000] {logging_mixin.py:188} INFO - [2024-03-22T10:55:30.013+0000] {dag.py:3834} INFO - Setting next_dagrun for dataset_consumes_1_never_scheduled to None, run_after=None
[2024-03-22T10:55:30.014+0000] {logging_mixin.py:188} INFO - [2024-03-22T10:55:30.014+0000] {dag.py:3834} INFO - Setting next_dagrun for dataset_consumes_unknown_never_scheduled to None, run_after=None
[2024-03-22T10:55:30.016+0000] {logging_mixin.py:188} INFO - [2024-03-22T10:55:30.016+0000] {dag.py:3834} INFO - Setting next_dagrun for dataset_produces_1 to 2024-03-21 00:00:00+00:00, run_after=2024-03-22 00:00:00+00:00
[2024-03-22T10:55:30.017+0000] {logging_mixin.py:188} INFO - [2024-03-22T10:55:30.017+0000] {dag.py:3834} INFO - Setting next_dagrun for dataset_produces_2 to None, run_after=None
[2024-03-22T10:55:30.042+0000] {processor.py:183} INFO - Processing /home/airflow/.local/lib/python3.8/site-packages/airflow/example_dags/example_datasets.py took 0.085 seconds
[2024-03-22T10:56:00.302+0000] {processor.py:161} INFO - Started process (PID=654) to work on /home/airflow/.local/lib/python3.8/site-packages/airflow/example_dags/example_datasets.py
[2024-03-22T10:56:00.303+0000] {processor.py:830} INFO - Processing file /home/airflow/.local/lib/python3.8/site-packages/airflow/example_dags/example_datasets.py for tasks to queue
[2024-03-22T10:56:00.305+0000] {logging_mixin.py:188} INFO - [2024-03-22T10:56:00.305+0000] {dagbag.py:540} INFO - Filling up the DagBag from /home/airflow/.local/lib/python3.8/site-packages/airflow/example_dags/example_datasets.py
[2024-03-22T10:56:00.313+0000] {processor.py:840} INFO - DAG(s) 'dataset_consumes_1', 'dataset_consumes_1_and_2', 'dataset_consumes_unknown_never_scheduled', 'dataset_produces_1', 'dataset_produces_2', 'dataset_consumes_1_never_scheduled' retrieved from /home/airflow/.local/lib/python3.8/site-packages/airflow/example_dags/example_datasets.py
[2024-03-22T10:56:00.344+0000] {logging_mixin.py:188} INFO - [2024-03-22T10:56:00.344+0000] {dag.py:3047} INFO - Sync 6 DAGs
[2024-03-22T10:56:00.363+0000] {logging_mixin.py:188} INFO - [2024-03-22T10:56:00.363+0000] {dag.py:3834} INFO - Setting next_dagrun for dataset_consumes_1 to None, run_after=None
[2024-03-22T10:56:00.366+0000] {logging_mixin.py:188} INFO - [2024-03-22T10:56:00.366+0000] {dag.py:3834} INFO - Setting next_dagrun for dataset_consumes_1_and_2 to None, run_after=None
[2024-03-22T10:56:00.367+0000] {logging_mixin.py:188} INFO - [2024-03-22T10:56:00.367+0000] {dag.py:3834} INFO - Setting next_dagrun for dataset_consumes_1_never_scheduled to None, run_after=None
[2024-03-22T10:56:00.369+0000] {logging_mixin.py:188} INFO - [2024-03-22T10:56:00.368+0000] {dag.py:3834} INFO - Setting next_dagrun for dataset_consumes_unknown_never_scheduled to None, run_after=None
[2024-03-22T10:56:00.371+0000] {logging_mixin.py:188} INFO - [2024-03-22T10:56:00.370+0000] {dag.py:3834} INFO - Setting next_dagrun for dataset_produces_1 to 2024-03-21 00:00:00+00:00, run_after=2024-03-22 00:00:00+00:00
[2024-03-22T10:56:00.372+0000] {logging_mixin.py:188} INFO - [2024-03-22T10:56:00.371+0000] {dag.py:3834} INFO - Setting next_dagrun for dataset_produces_2 to None, run_after=None
[2024-03-22T10:56:00.395+0000] {processor.py:183} INFO - Processing /home/airflow/.local/lib/python3.8/site-packages/airflow/example_dags/example_datasets.py took 0.095 seconds
[2024-03-22T10:56:30.496+0000] {processor.py:161} INFO - Started process (PID=709) to work on /home/airflow/.local/lib/python3.8/site-packages/airflow/example_dags/example_datasets.py
[2024-03-22T10:56:30.497+0000] {processor.py:830} INFO - Processing file /home/airflow/.local/lib/python3.8/site-packages/airflow/example_dags/example_datasets.py for tasks to queue
[2024-03-22T10:56:30.499+0000] {logging_mixin.py:188} INFO - [2024-03-22T10:56:30.498+0000] {dagbag.py:540} INFO - Filling up the DagBag from /home/airflow/.local/lib/python3.8/site-packages/airflow/example_dags/example_datasets.py
[2024-03-22T10:56:30.510+0000] {processor.py:840} INFO - DAG(s) 'dataset_consumes_1_and_2', 'dataset_consumes_1_never_scheduled', 'dataset_produces_1', 'dataset_consumes_unknown_never_scheduled', 'dataset_consumes_1', 'dataset_produces_2' retrieved from /home/airflow/.local/lib/python3.8/site-packages/airflow/example_dags/example_datasets.py
[2024-03-22T10:56:30.541+0000] {logging_mixin.py:188} INFO - [2024-03-22T10:56:30.541+0000] {dag.py:3047} INFO - Sync 6 DAGs
[2024-03-22T10:56:30.557+0000] {logging_mixin.py:188} INFO - [2024-03-22T10:56:30.557+0000] {dag.py:3834} INFO - Setting next_dagrun for dataset_consumes_1 to None, run_after=None
[2024-03-22T10:56:30.561+0000] {logging_mixin.py:188} INFO - [2024-03-22T10:56:30.561+0000] {dag.py:3834} INFO - Setting next_dagrun for dataset_consumes_1_and_2 to None, run_after=None
[2024-03-22T10:56:30.562+0000] {logging_mixin.py:188} INFO - [2024-03-22T10:56:30.562+0000] {dag.py:3834} INFO - Setting next_dagrun for dataset_consumes_1_never_scheduled to None, run_after=None
[2024-03-22T10:56:30.564+0000] {logging_mixin.py:188} INFO - [2024-03-22T10:56:30.563+0000] {dag.py:3834} INFO - Setting next_dagrun for dataset_consumes_unknown_never_scheduled to None, run_after=None
[2024-03-22T10:56:30.566+0000] {logging_mixin.py:188} INFO - [2024-03-22T10:56:30.565+0000] {dag.py:3834} INFO - Setting next_dagrun for dataset_produces_1 to 2024-03-21 00:00:00+00:00, run_after=2024-03-22 00:00:00+00:00
[2024-03-22T10:56:30.567+0000] {logging_mixin.py:188} INFO - [2024-03-22T10:56:30.567+0000] {dag.py:3834} INFO - Setting next_dagrun for dataset_produces_2 to None, run_after=None
[2024-03-22T10:56:30.591+0000] {processor.py:183} INFO - Processing /home/airflow/.local/lib/python3.8/site-packages/airflow/example_dags/example_datasets.py took 0.097 seconds
[2024-03-22T10:57:00.620+0000] {processor.py:161} INFO - Started process (PID=764) to work on /home/airflow/.local/lib/python3.8/site-packages/airflow/example_dags/example_datasets.py
[2024-03-22T10:57:00.620+0000] {processor.py:830} INFO - Processing file /home/airflow/.local/lib/python3.8/site-packages/airflow/example_dags/example_datasets.py for tasks to queue
[2024-03-22T10:57:00.622+0000] {logging_mixin.py:188} INFO - [2024-03-22T10:57:00.621+0000] {dagbag.py:540} INFO - Filling up the DagBag from /home/airflow/.local/lib/python3.8/site-packages/airflow/example_dags/example_datasets.py
[2024-03-22T10:57:00.629+0000] {processor.py:840} INFO - DAG(s) 'dataset_consumes_1_never_scheduled', 'dataset_consumes_unknown_never_scheduled', 'dataset_consumes_1', 'dataset_produces_2', 'dataset_produces_1', 'dataset_consumes_1_and_2' retrieved from /home/airflow/.local/lib/python3.8/site-packages/airflow/example_dags/example_datasets.py
[2024-03-22T10:57:00.655+0000] {logging_mixin.py:188} INFO - [2024-03-22T10:57:00.655+0000] {dag.py:3047} INFO - Sync 6 DAGs
[2024-03-22T10:57:00.675+0000] {logging_mixin.py:188} INFO - [2024-03-22T10:57:00.675+0000] {dag.py:3834} INFO - Setting next_dagrun for dataset_consumes_1 to None, run_after=None
[2024-03-22T10:57:00.678+0000] {logging_mixin.py:188} INFO - [2024-03-22T10:57:00.678+0000] {dag.py:3834} INFO - Setting next_dagrun for dataset_consumes_1_and_2 to None, run_after=None
[2024-03-22T10:57:00.680+0000] {logging_mixin.py:188} INFO - [2024-03-22T10:57:00.680+0000] {dag.py:3834} INFO - Setting next_dagrun for dataset_consumes_1_never_scheduled to None, run_after=None
[2024-03-22T10:57:00.681+0000] {logging_mixin.py:188} INFO - [2024-03-22T10:57:00.681+0000] {dag.py:3834} INFO - Setting next_dagrun for dataset_consumes_unknown_never_scheduled to None, run_after=None
[2024-03-22T10:57:00.684+0000] {logging_mixin.py:188} INFO - [2024-03-22T10:57:00.684+0000] {dag.py:3834} INFO - Setting next_dagrun for dataset_produces_1 to 2024-03-21 00:00:00+00:00, run_after=2024-03-22 00:00:00+00:00
[2024-03-22T10:57:00.685+0000] {logging_mixin.py:188} INFO - [2024-03-22T10:57:00.685+0000] {dag.py:3834} INFO - Setting next_dagrun for dataset_produces_2 to None, run_after=None
[2024-03-22T10:57:00.720+0000] {processor.py:183} INFO - Processing /home/airflow/.local/lib/python3.8/site-packages/airflow/example_dags/example_datasets.py took 0.102 seconds
[2024-03-22T10:57:30.807+0000] {processor.py:161} INFO - Started process (PID=819) to work on /home/airflow/.local/lib/python3.8/site-packages/airflow/example_dags/example_datasets.py
[2024-03-22T10:57:30.807+0000] {processor.py:830} INFO - Processing file /home/airflow/.local/lib/python3.8/site-packages/airflow/example_dags/example_datasets.py for tasks to queue
[2024-03-22T10:57:30.809+0000] {logging_mixin.py:188} INFO - [2024-03-22T10:57:30.809+0000] {dagbag.py:540} INFO - Filling up the DagBag from /home/airflow/.local/lib/python3.8/site-packages/airflow/example_dags/example_datasets.py
[2024-03-22T10:57:30.816+0000] {processor.py:840} INFO - DAG(s) 'dataset_consumes_1_never_scheduled', 'dataset_produces_2', 'dataset_consumes_unknown_never_scheduled', 'dataset_consumes_1_and_2', 'dataset_produces_1', 'dataset_consumes_1' retrieved from /home/airflow/.local/lib/python3.8/site-packages/airflow/example_dags/example_datasets.py
[2024-03-22T10:57:30.840+0000] {logging_mixin.py:188} INFO - [2024-03-22T10:57:30.840+0000] {dag.py:3047} INFO - Sync 6 DAGs
[2024-03-22T10:57:30.854+0000] {logging_mixin.py:188} INFO - [2024-03-22T10:57:30.854+0000] {dag.py:3834} INFO - Setting next_dagrun for dataset_consumes_1 to None, run_after=None
[2024-03-22T10:57:30.856+0000] {logging_mixin.py:188} INFO - [2024-03-22T10:57:30.856+0000] {dag.py:3834} INFO - Setting next_dagrun for dataset_consumes_1_and_2 to None, run_after=None
[2024-03-22T10:57:30.857+0000] {logging_mixin.py:188} INFO - [2024-03-22T10:57:30.857+0000] {dag.py:3834} INFO - Setting next_dagrun for dataset_consumes_1_never_scheduled to None, run_after=None
[2024-03-22T10:57:30.858+0000] {logging_mixin.py:188} INFO - [2024-03-22T10:57:30.858+0000] {dag.py:3834} INFO - Setting next_dagrun for dataset_consumes_unknown_never_scheduled to None, run_after=None
[2024-03-22T10:57:30.860+0000] {logging_mixin.py:188} INFO - [2024-03-22T10:57:30.860+0000] {dag.py:3834} INFO - Setting next_dagrun for dataset_produces_1 to 2024-03-21 00:00:00+00:00, run_after=2024-03-22 00:00:00+00:00
[2024-03-22T10:57:30.861+0000] {logging_mixin.py:188} INFO - [2024-03-22T10:57:30.861+0000] {dag.py:3834} INFO - Setting next_dagrun for dataset_produces_2 to None, run_after=None
[2024-03-22T10:57:30.888+0000] {processor.py:183} INFO - Processing /home/airflow/.local/lib/python3.8/site-packages/airflow/example_dags/example_datasets.py took 0.084 seconds
[2024-03-22T10:58:00.940+0000] {processor.py:161} INFO - Started process (PID=874) to work on /home/airflow/.local/lib/python3.8/site-packages/airflow/example_dags/example_datasets.py
[2024-03-22T10:58:00.941+0000] {processor.py:830} INFO - Processing file /home/airflow/.local/lib/python3.8/site-packages/airflow/example_dags/example_datasets.py for tasks to queue
[2024-03-22T10:58:00.942+0000] {logging_mixin.py:188} INFO - [2024-03-22T10:58:00.942+0000] {dagbag.py:540} INFO - Filling up the DagBag from /home/airflow/.local/lib/python3.8/site-packages/airflow/example_dags/example_datasets.py
[2024-03-22T10:58:00.948+0000] {processor.py:840} INFO - DAG(s) 'dataset_consumes_1', 'dataset_produces_1', 'dataset_produces_2', 'dataset_consumes_unknown_never_scheduled', 'dataset_consumes_1_and_2', 'dataset_consumes_1_never_scheduled' retrieved from /home/airflow/.local/lib/python3.8/site-packages/airflow/example_dags/example_datasets.py
[2024-03-22T10:58:00.976+0000] {logging_mixin.py:188} INFO - [2024-03-22T10:58:00.976+0000] {dag.py:3047} INFO - Sync 6 DAGs
[2024-03-22T10:58:00.990+0000] {logging_mixin.py:188} INFO - [2024-03-22T10:58:00.990+0000] {dag.py:3834} INFO - Setting next_dagrun for dataset_consumes_1 to None, run_after=None
[2024-03-22T10:58:00.993+0000] {logging_mixin.py:188} INFO - [2024-03-22T10:58:00.993+0000] {dag.py:3834} INFO - Setting next_dagrun for dataset_consumes_1_and_2 to None, run_after=None
[2024-03-22T10:58:00.994+0000] {logging_mixin.py:188} INFO - [2024-03-22T10:58:00.993+0000] {dag.py:3834} INFO - Setting next_dagrun for dataset_consumes_1_never_scheduled to None, run_after=None
[2024-03-22T10:58:00.995+0000] {logging_mixin.py:188} INFO - [2024-03-22T10:58:00.995+0000] {dag.py:3834} INFO - Setting next_dagrun for dataset_consumes_unknown_never_scheduled to None, run_after=None
[2024-03-22T10:58:00.997+0000] {logging_mixin.py:188} INFO - [2024-03-22T10:58:00.997+0000] {dag.py:3834} INFO - Setting next_dagrun for dataset_produces_1 to 2024-03-21 00:00:00+00:00, run_after=2024-03-22 00:00:00+00:00
[2024-03-22T10:58:00.998+0000] {logging_mixin.py:188} INFO - [2024-03-22T10:58:00.998+0000] {dag.py:3834} INFO - Setting next_dagrun for dataset_produces_2 to None, run_after=None
[2024-03-22T10:58:01.025+0000] {processor.py:183} INFO - Processing /home/airflow/.local/lib/python3.8/site-packages/airflow/example_dags/example_datasets.py took 0.088 seconds
[2024-03-22T10:58:31.191+0000] {processor.py:161} INFO - Started process (PID=929) to work on /home/airflow/.local/lib/python3.8/site-packages/airflow/example_dags/example_datasets.py
[2024-03-22T10:58:31.192+0000] {processor.py:830} INFO - Processing file /home/airflow/.local/lib/python3.8/site-packages/airflow/example_dags/example_datasets.py for tasks to queue
[2024-03-22T10:58:31.194+0000] {logging_mixin.py:188} INFO - [2024-03-22T10:58:31.193+0000] {dagbag.py:540} INFO - Filling up the DagBag from /home/airflow/.local/lib/python3.8/site-packages/airflow/example_dags/example_datasets.py
[2024-03-22T10:58:31.202+0000] {processor.py:840} INFO - DAG(s) 'dataset_consumes_unknown_never_scheduled', 'dataset_consumes_1', 'dataset_produces_1', 'dataset_consumes_1_and_2', 'dataset_produces_2', 'dataset_consumes_1_never_scheduled' retrieved from /home/airflow/.local/lib/python3.8/site-packages/airflow/example_dags/example_datasets.py
[2024-03-22T10:58:31.234+0000] {logging_mixin.py:188} INFO - [2024-03-22T10:58:31.233+0000] {dag.py:3047} INFO - Sync 6 DAGs
[2024-03-22T10:58:31.252+0000] {logging_mixin.py:188} INFO - [2024-03-22T10:58:31.251+0000] {dag.py:3834} INFO - Setting next_dagrun for dataset_consumes_1 to None, run_after=None
[2024-03-22T10:58:31.254+0000] {logging_mixin.py:188} INFO - [2024-03-22T10:58:31.254+0000] {dag.py:3834} INFO - Setting next_dagrun for dataset_consumes_1_and_2 to None, run_after=None
[2024-03-22T10:58:31.256+0000] {logging_mixin.py:188} INFO - [2024-03-22T10:58:31.256+0000] {dag.py:3834} INFO - Setting next_dagrun for dataset_consumes_1_never_scheduled to None, run_after=None
[2024-03-22T10:58:31.257+0000] {logging_mixin.py:188} INFO - [2024-03-22T10:58:31.257+0000] {dag.py:3834} INFO - Setting next_dagrun for dataset_consumes_unknown_never_scheduled to None, run_after=None
[2024-03-22T10:58:31.259+0000] {logging_mixin.py:188} INFO - [2024-03-22T10:58:31.259+0000] {dag.py:3834} INFO - Setting next_dagrun for dataset_produces_1 to 2024-03-21 00:00:00+00:00, run_after=2024-03-22 00:00:00+00:00
[2024-03-22T10:58:31.260+0000] {logging_mixin.py:188} INFO - [2024-03-22T10:58:31.260+0000] {dag.py:3834} INFO - Setting next_dagrun for dataset_produces_2 to None, run_after=None
[2024-03-22T10:58:31.283+0000] {processor.py:183} INFO - Processing /home/airflow/.local/lib/python3.8/site-packages/airflow/example_dags/example_datasets.py took 0.094 seconds
[2024-03-22T10:59:01.385+0000] {processor.py:161} INFO - Started process (PID=984) to work on /home/airflow/.local/lib/python3.8/site-packages/airflow/example_dags/example_datasets.py
[2024-03-22T10:59:01.386+0000] {processor.py:830} INFO - Processing file /home/airflow/.local/lib/python3.8/site-packages/airflow/example_dags/example_datasets.py for tasks to queue
[2024-03-22T10:59:01.387+0000] {logging_mixin.py:188} INFO - [2024-03-22T10:59:01.387+0000] {dagbag.py:540} INFO - Filling up the DagBag from /home/airflow/.local/lib/python3.8/site-packages/airflow/example_dags/example_datasets.py
[2024-03-22T10:59:01.394+0000] {processor.py:840} INFO - DAG(s) 'dataset_produces_2', 'dataset_consumes_unknown_never_scheduled', 'dataset_produces_1', 'dataset_consumes_1_and_2', 'dataset_consumes_1_never_scheduled', 'dataset_consumes_1' retrieved from /home/airflow/.local/lib/python3.8/site-packages/airflow/example_dags/example_datasets.py
[2024-03-22T10:59:01.420+0000] {logging_mixin.py:188} INFO - [2024-03-22T10:59:01.420+0000] {dag.py:3047} INFO - Sync 6 DAGs
[2024-03-22T10:59:01.438+0000] {logging_mixin.py:188} INFO - [2024-03-22T10:59:01.437+0000] {dag.py:3834} INFO - Setting next_dagrun for dataset_consumes_1 to None, run_after=None
[2024-03-22T10:59:01.441+0000] {logging_mixin.py:188} INFO - [2024-03-22T10:59:01.441+0000] {dag.py:3834} INFO - Setting next_dagrun for dataset_consumes_1_and_2 to None, run_after=None
[2024-03-22T10:59:01.442+0000] {logging_mixin.py:188} INFO - [2024-03-22T10:59:01.442+0000] {dag.py:3834} INFO - Setting next_dagrun for dataset_consumes_1_never_scheduled to None, run_after=None
[2024-03-22T10:59:01.443+0000] {logging_mixin.py:188} INFO - [2024-03-22T10:59:01.443+0000] {dag.py:3834} INFO - Setting next_dagrun for dataset_consumes_unknown_never_scheduled to None, run_after=None
[2024-03-22T10:59:01.445+0000] {logging_mixin.py:188} INFO - [2024-03-22T10:59:01.445+0000] {dag.py:3834} INFO - Setting next_dagrun for dataset_produces_1 to 2024-03-21 00:00:00+00:00, run_after=2024-03-22 00:00:00+00:00
[2024-03-22T10:59:01.446+0000] {logging_mixin.py:188} INFO - [2024-03-22T10:59:01.446+0000] {dag.py:3834} INFO - Setting next_dagrun for dataset_produces_2 to None, run_after=None
[2024-03-22T10:59:01.474+0000] {processor.py:183} INFO - Processing /home/airflow/.local/lib/python3.8/site-packages/airflow/example_dags/example_datasets.py took 0.092 seconds
[2024-03-22T10:59:31.501+0000] {processor.py:161} INFO - Started process (PID=1039) to work on /home/airflow/.local/lib/python3.8/site-packages/airflow/example_dags/example_datasets.py
[2024-03-22T10:59:31.502+0000] {processor.py:830} INFO - Processing file /home/airflow/.local/lib/python3.8/site-packages/airflow/example_dags/example_datasets.py for tasks to queue
[2024-03-22T10:59:31.504+0000] {logging_mixin.py:188} INFO - [2024-03-22T10:59:31.503+0000] {dagbag.py:540} INFO - Filling up the DagBag from /home/airflow/.local/lib/python3.8/site-packages/airflow/example_dags/example_datasets.py
[2024-03-22T10:59:31.511+0000] {processor.py:840} INFO - DAG(s) 'dataset_consumes_1_never_scheduled', 'dataset_consumes_1', 'dataset_consumes_1_and_2', 'dataset_produces_2', 'dataset_consumes_unknown_never_scheduled', 'dataset_produces_1' retrieved from /home/airflow/.local/lib/python3.8/site-packages/airflow/example_dags/example_datasets.py
[2024-03-22T10:59:31.538+0000] {logging_mixin.py:188} INFO - [2024-03-22T10:59:31.538+0000] {dag.py:3047} INFO - Sync 6 DAGs
[2024-03-22T10:59:31.555+0000] {logging_mixin.py:188} INFO - [2024-03-22T10:59:31.555+0000] {dag.py:3834} INFO - Setting next_dagrun for dataset_consumes_1 to None, run_after=None
[2024-03-22T10:59:31.558+0000] {logging_mixin.py:188} INFO - [2024-03-22T10:59:31.558+0000] {dag.py:3834} INFO - Setting next_dagrun for dataset_consumes_1_and_2 to None, run_after=None
[2024-03-22T10:59:31.559+0000] {logging_mixin.py:188} INFO - [2024-03-22T10:59:31.559+0000] {dag.py:3834} INFO - Setting next_dagrun for dataset_consumes_1_never_scheduled to None, run_after=None
[2024-03-22T10:59:31.560+0000] {logging_mixin.py:188} INFO - [2024-03-22T10:59:31.560+0000] {dag.py:3834} INFO - Setting next_dagrun for dataset_consumes_unknown_never_scheduled to None, run_after=None
[2024-03-22T10:59:31.564+0000] {logging_mixin.py:188} INFO - [2024-03-22T10:59:31.563+0000] {dag.py:3834} INFO - Setting next_dagrun for dataset_produces_1 to 2024-03-21 00:00:00+00:00, run_after=2024-03-22 00:00:00+00:00
[2024-03-22T10:59:31.565+0000] {logging_mixin.py:188} INFO - [2024-03-22T10:59:31.565+0000] {dag.py:3834} INFO - Setting next_dagrun for dataset_produces_2 to None, run_after=None
[2024-03-22T10:59:31.595+0000] {processor.py:183} INFO - Processing /home/airflow/.local/lib/python3.8/site-packages/airflow/example_dags/example_datasets.py took 0.096 seconds
[2024-03-22T11:00:01.715+0000] {processor.py:161} INFO - Started process (PID=1094) to work on /home/airflow/.local/lib/python3.8/site-packages/airflow/example_dags/example_datasets.py
[2024-03-22T11:00:01.716+0000] {processor.py:830} INFO - Processing file /home/airflow/.local/lib/python3.8/site-packages/airflow/example_dags/example_datasets.py for tasks to queue
[2024-03-22T11:00:01.717+0000] {logging_mixin.py:188} INFO - [2024-03-22T11:00:01.717+0000] {dagbag.py:540} INFO - Filling up the DagBag from /home/airflow/.local/lib/python3.8/site-packages/airflow/example_dags/example_datasets.py
[2024-03-22T11:00:01.726+0000] {processor.py:840} INFO - DAG(s) 'dataset_consumes_unknown_never_scheduled', 'dataset_produces_1', 'dataset_consumes_1_never_scheduled', 'dataset_produces_2', 'dataset_consumes_1_and_2', 'dataset_consumes_1' retrieved from /home/airflow/.local/lib/python3.8/site-packages/airflow/example_dags/example_datasets.py
[2024-03-22T11:00:01.754+0000] {logging_mixin.py:188} INFO - [2024-03-22T11:00:01.753+0000] {dag.py:3047} INFO - Sync 6 DAGs
[2024-03-22T11:00:01.769+0000] {logging_mixin.py:188} INFO - [2024-03-22T11:00:01.769+0000] {dag.py:3834} INFO - Setting next_dagrun for dataset_consumes_1 to None, run_after=None
[2024-03-22T11:00:01.772+0000] {logging_mixin.py:188} INFO - [2024-03-22T11:00:01.772+0000] {dag.py:3834} INFO - Setting next_dagrun for dataset_consumes_1_and_2 to None, run_after=None
[2024-03-22T11:00:01.773+0000] {logging_mixin.py:188} INFO - [2024-03-22T11:00:01.773+0000] {dag.py:3834} INFO - Setting next_dagrun for dataset_consumes_1_never_scheduled to None, run_after=None
[2024-03-22T11:00:01.775+0000] {logging_mixin.py:188} INFO - [2024-03-22T11:00:01.774+0000] {dag.py:3834} INFO - Setting next_dagrun for dataset_consumes_unknown_never_scheduled to None, run_after=None
[2024-03-22T11:00:01.776+0000] {logging_mixin.py:188} INFO - [2024-03-22T11:00:01.776+0000] {dag.py:3834} INFO - Setting next_dagrun for dataset_produces_1 to 2024-03-21 00:00:00+00:00, run_after=2024-03-22 00:00:00+00:00
[2024-03-22T11:00:01.778+0000] {logging_mixin.py:188} INFO - [2024-03-22T11:00:01.777+0000] {dag.py:3834} INFO - Setting next_dagrun for dataset_produces_2 to None, run_after=None
[2024-03-22T11:00:01.798+0000] {processor.py:183} INFO - Processing /home/airflow/.local/lib/python3.8/site-packages/airflow/example_dags/example_datasets.py took 0.085 seconds
[2024-03-22T11:00:31.853+0000] {processor.py:161} INFO - Started process (PID=1149) to work on /home/airflow/.local/lib/python3.8/site-packages/airflow/example_dags/example_datasets.py
[2024-03-22T11:00:31.854+0000] {processor.py:830} INFO - Processing file /home/airflow/.local/lib/python3.8/site-packages/airflow/example_dags/example_datasets.py for tasks to queue
[2024-03-22T11:00:31.856+0000] {logging_mixin.py:188} INFO - [2024-03-22T11:00:31.855+0000] {dagbag.py:540} INFO - Filling up the DagBag from /home/airflow/.local/lib/python3.8/site-packages/airflow/example_dags/example_datasets.py
[2024-03-22T11:00:31.863+0000] {processor.py:840} INFO - DAG(s) 'dataset_consumes_unknown_never_scheduled', 'dataset_consumes_1_never_scheduled', 'dataset_produces_2', 'dataset_consumes_1_and_2', 'dataset_produces_1', 'dataset_consumes_1' retrieved from /home/airflow/.local/lib/python3.8/site-packages/airflow/example_dags/example_datasets.py
[2024-03-22T11:00:31.891+0000] {logging_mixin.py:188} INFO - [2024-03-22T11:00:31.891+0000] {dag.py:3047} INFO - Sync 6 DAGs
[2024-03-22T11:00:31.908+0000] {logging_mixin.py:188} INFO - [2024-03-22T11:00:31.907+0000] {dag.py:3834} INFO - Setting next_dagrun for dataset_consumes_1 to None, run_after=None
[2024-03-22T11:00:31.911+0000] {logging_mixin.py:188} INFO - [2024-03-22T11:00:31.910+0000] {dag.py:3834} INFO - Setting next_dagrun for dataset_consumes_1_and_2 to None, run_after=None
[2024-03-22T11:00:31.912+0000] {logging_mixin.py:188} INFO - [2024-03-22T11:00:31.912+0000] {dag.py:3834} INFO - Setting next_dagrun for dataset_consumes_1_never_scheduled to None, run_after=None
[2024-03-22T11:00:31.913+0000] {logging_mixin.py:188} INFO - [2024-03-22T11:00:31.913+0000] {dag.py:3834} INFO - Setting next_dagrun for dataset_consumes_unknown_never_scheduled to None, run_after=None
[2024-03-22T11:00:31.915+0000] {logging_mixin.py:188} INFO - [2024-03-22T11:00:31.915+0000] {dag.py:3834} INFO - Setting next_dagrun for dataset_produces_1 to 2024-03-21 00:00:00+00:00, run_after=2024-03-22 00:00:00+00:00
[2024-03-22T11:00:31.916+0000] {logging_mixin.py:188} INFO - [2024-03-22T11:00:31.916+0000] {dag.py:3834} INFO - Setting next_dagrun for dataset_produces_2 to None, run_after=None
[2024-03-22T11:00:31.946+0000] {processor.py:183} INFO - Processing /home/airflow/.local/lib/python3.8/site-packages/airflow/example_dags/example_datasets.py took 0.095 seconds
[2024-03-22T11:01:02.951+0000] {processor.py:161} INFO - Started process (PID=1205) to work on /home/airflow/.local/lib/python3.8/site-packages/airflow/example_dags/example_datasets.py
[2024-03-22T11:01:02.952+0000] {processor.py:830} INFO - Processing file /home/airflow/.local/lib/python3.8/site-packages/airflow/example_dags/example_datasets.py for tasks to queue
[2024-03-22T11:01:02.953+0000] {logging_mixin.py:188} INFO - [2024-03-22T11:01:02.953+0000] {dagbag.py:540} INFO - Filling up the DagBag from /home/airflow/.local/lib/python3.8/site-packages/airflow/example_dags/example_datasets.py
[2024-03-22T11:01:02.960+0000] {processor.py:840} INFO - DAG(s) 'dataset_consumes_1_never_scheduled', 'dataset_produces_2', 'dataset_consumes_1', 'dataset_consumes_unknown_never_scheduled', 'dataset_produces_1', 'dataset_consumes_1_and_2' retrieved from /home/airflow/.local/lib/python3.8/site-packages/airflow/example_dags/example_datasets.py
[2024-03-22T11:01:02.992+0000] {logging_mixin.py:188} INFO - [2024-03-22T11:01:02.992+0000] {dag.py:3047} INFO - Sync 6 DAGs
[2024-03-22T11:01:03.008+0000] {logging_mixin.py:188} INFO - [2024-03-22T11:01:03.008+0000] {dag.py:3834} INFO - Setting next_dagrun for dataset_consumes_1 to None, run_after=None
[2024-03-22T11:01:03.012+0000] {logging_mixin.py:188} INFO - [2024-03-22T11:01:03.012+0000] {dag.py:3834} INFO - Setting next_dagrun for dataset_consumes_1_and_2 to None, run_after=None
[2024-03-22T11:01:03.013+0000] {logging_mixin.py:188} INFO - [2024-03-22T11:01:03.013+0000] {dag.py:3834} INFO - Setting next_dagrun for dataset_consumes_1_never_scheduled to None, run_after=None
[2024-03-22T11:01:03.014+0000] {logging_mixin.py:188} INFO - [2024-03-22T11:01:03.014+0000] {dag.py:3834} INFO - Setting next_dagrun for dataset_consumes_unknown_never_scheduled to None, run_after=None
[2024-03-22T11:01:03.016+0000] {logging_mixin.py:188} INFO - [2024-03-22T11:01:03.015+0000] {dag.py:3834} INFO - Setting next_dagrun for dataset_produces_1 to 2024-03-21 00:00:00+00:00, run_after=2024-03-22 00:00:00+00:00
[2024-03-22T11:01:03.016+0000] {logging_mixin.py:188} INFO - [2024-03-22T11:01:03.016+0000] {dag.py:3834} INFO - Setting next_dagrun for dataset_produces_2 to None, run_after=None
[2024-03-22T11:01:03.040+0000] {processor.py:183} INFO - Processing /home/airflow/.local/lib/python3.8/site-packages/airflow/example_dags/example_datasets.py took 0.091 seconds
[2024-03-22T11:01:33.160+0000] {processor.py:161} INFO - Started process (PID=1260) to work on /home/airflow/.local/lib/python3.8/site-packages/airflow/example_dags/example_datasets.py
[2024-03-22T11:01:33.161+0000] {processor.py:830} INFO - Processing file /home/airflow/.local/lib/python3.8/site-packages/airflow/example_dags/example_datasets.py for tasks to queue
[2024-03-22T11:01:33.164+0000] {logging_mixin.py:188} INFO - [2024-03-22T11:01:33.164+0000] {dagbag.py:540} INFO - Filling up the DagBag from /home/airflow/.local/lib/python3.8/site-packages/airflow/example_dags/example_datasets.py
[2024-03-22T11:01:33.176+0000] {processor.py:840} INFO - DAG(s) 'dataset_consumes_1_and_2', 'dataset_produces_2', 'dataset_consumes_1_never_scheduled', 'dataset_consumes_unknown_never_scheduled', 'dataset_consumes_1', 'dataset_produces_1' retrieved from /home/airflow/.local/lib/python3.8/site-packages/airflow/example_dags/example_datasets.py
[2024-03-22T11:01:33.212+0000] {logging_mixin.py:188} INFO - [2024-03-22T11:01:33.212+0000] {dag.py:3047} INFO - Sync 6 DAGs
[2024-03-22T11:01:33.237+0000] {logging_mixin.py:188} INFO - [2024-03-22T11:01:33.237+0000] {dag.py:3834} INFO - Setting next_dagrun for dataset_consumes_1 to None, run_after=None
[2024-03-22T11:01:33.242+0000] {logging_mixin.py:188} INFO - [2024-03-22T11:01:33.242+0000] {dag.py:3834} INFO - Setting next_dagrun for dataset_consumes_1_and_2 to None, run_after=None
[2024-03-22T11:01:33.245+0000] {logging_mixin.py:188} INFO - [2024-03-22T11:01:33.245+0000] {dag.py:3834} INFO - Setting next_dagrun for dataset_consumes_1_never_scheduled to None, run_after=None
[2024-03-22T11:01:33.247+0000] {logging_mixin.py:188} INFO - [2024-03-22T11:01:33.247+0000] {dag.py:3834} INFO - Setting next_dagrun for dataset_consumes_unknown_never_scheduled to None, run_after=None
[2024-03-22T11:01:33.251+0000] {logging_mixin.py:188} INFO - [2024-03-22T11:01:33.250+0000] {dag.py:3834} INFO - Setting next_dagrun for dataset_produces_1 to 2024-03-21 00:00:00+00:00, run_after=2024-03-22 00:00:00+00:00
[2024-03-22T11:01:33.253+0000] {logging_mixin.py:188} INFO - [2024-03-22T11:01:33.253+0000] {dag.py:3834} INFO - Setting next_dagrun for dataset_produces_2 to None, run_after=None
[2024-03-22T11:01:33.283+0000] {processor.py:183} INFO - Processing /home/airflow/.local/lib/python3.8/site-packages/airflow/example_dags/example_datasets.py took 0.127 seconds
