[2024-03-22T10:50:26.863+0000] {processor.py:161} INFO - Started process (PID=81) to work on /home/airflow/.local/lib/python3.8/site-packages/airflow/example_dags/example_external_task_marker_dag.py
[2024-03-22T10:50:26.865+0000] {processor.py:830} INFO - Processing file /home/airflow/.local/lib/python3.8/site-packages/airflow/example_dags/example_external_task_marker_dag.py for tasks to queue
[2024-03-22T10:50:26.868+0000] {logging_mixin.py:188} INFO - [2024-03-22T10:50:26.867+0000] {dagbag.py:540} INFO - Filling up the DagBag from /home/airflow/.local/lib/python3.8/site-packages/airflow/example_dags/example_external_task_marker_dag.py
[2024-03-22T10:50:26.874+0000] {processor.py:840} INFO - DAG(s) 'example_external_task_marker_child', 'example_external_task_marker_parent' retrieved from /home/airflow/.local/lib/python3.8/site-packages/airflow/example_dags/example_external_task_marker_dag.py
[2024-03-22T10:50:26.885+0000] {logging_mixin.py:188} INFO - [2024-03-22T10:50:26.885+0000] {dag.py:3047} INFO - Sync 2 DAGs
[2024-03-22T10:50:26.897+0000] {logging_mixin.py:188} INFO - [2024-03-22T10:50:26.896+0000] {dag.py:3834} INFO - Setting next_dagrun for example_external_task_marker_child to None, run_after=None
[2024-03-22T10:50:26.901+0000] {logging_mixin.py:188} INFO - [2024-03-22T10:50:26.901+0000] {dag.py:3834} INFO - Setting next_dagrun for example_external_task_marker_parent to None, run_after=None
[2024-03-22T10:50:26.914+0000] {processor.py:183} INFO - Processing /home/airflow/.local/lib/python3.8/site-packages/airflow/example_dags/example_external_task_marker_dag.py took 0.054 seconds
[2024-03-22T10:50:59.882+0000] {processor.py:161} INFO - Started process (PID=135) to work on /home/airflow/.local/lib/python3.8/site-packages/airflow/example_dags/example_external_task_marker_dag.py
[2024-03-22T10:50:59.883+0000] {processor.py:830} INFO - Processing file /home/airflow/.local/lib/python3.8/site-packages/airflow/example_dags/example_external_task_marker_dag.py for tasks to queue
[2024-03-22T10:50:59.885+0000] {logging_mixin.py:188} INFO - [2024-03-22T10:50:59.885+0000] {dagbag.py:540} INFO - Filling up the DagBag from /home/airflow/.local/lib/python3.8/site-packages/airflow/example_dags/example_external_task_marker_dag.py
[2024-03-22T10:50:59.892+0000] {processor.py:840} INFO - DAG(s) 'example_external_task_marker_parent', 'example_external_task_marker_child' retrieved from /home/airflow/.local/lib/python3.8/site-packages/airflow/example_dags/example_external_task_marker_dag.py
[2024-03-22T10:51:00.031+0000] {logging_mixin.py:188} INFO - [2024-03-22T10:51:00.031+0000] {dag.py:3047} INFO - Sync 2 DAGs
[2024-03-22T10:51:00.044+0000] {logging_mixin.py:188} INFO - [2024-03-22T10:51:00.043+0000] {dag.py:3834} INFO - Setting next_dagrun for example_external_task_marker_child to None, run_after=None
[2024-03-22T10:51:00.049+0000] {logging_mixin.py:188} INFO - [2024-03-22T10:51:00.048+0000] {dag.py:3834} INFO - Setting next_dagrun for example_external_task_marker_parent to None, run_after=None
[2024-03-22T10:51:00.079+0000] {processor.py:183} INFO - Processing /home/airflow/.local/lib/python3.8/site-packages/airflow/example_dags/example_external_task_marker_dag.py took 0.201 seconds
[2024-03-22T10:51:30.437+0000] {processor.py:161} INFO - Started process (PID=190) to work on /home/airflow/.local/lib/python3.8/site-packages/airflow/example_dags/example_external_task_marker_dag.py
[2024-03-22T10:51:30.438+0000] {processor.py:830} INFO - Processing file /home/airflow/.local/lib/python3.8/site-packages/airflow/example_dags/example_external_task_marker_dag.py for tasks to queue
[2024-03-22T10:51:30.439+0000] {logging_mixin.py:188} INFO - [2024-03-22T10:51:30.439+0000] {dagbag.py:540} INFO - Filling up the DagBag from /home/airflow/.local/lib/python3.8/site-packages/airflow/example_dags/example_external_task_marker_dag.py
[2024-03-22T10:51:30.446+0000] {processor.py:840} INFO - DAG(s) 'example_external_task_marker_parent', 'example_external_task_marker_child' retrieved from /home/airflow/.local/lib/python3.8/site-packages/airflow/example_dags/example_external_task_marker_dag.py
[2024-03-22T10:51:30.467+0000] {logging_mixin.py:188} INFO - [2024-03-22T10:51:30.467+0000] {dag.py:3047} INFO - Sync 2 DAGs
[2024-03-22T10:51:30.479+0000] {logging_mixin.py:188} INFO - [2024-03-22T10:51:30.479+0000] {dag.py:3834} INFO - Setting next_dagrun for example_external_task_marker_child to None, run_after=None
[2024-03-22T10:51:30.482+0000] {logging_mixin.py:188} INFO - [2024-03-22T10:51:30.482+0000] {dag.py:3834} INFO - Setting next_dagrun for example_external_task_marker_parent to None, run_after=None
[2024-03-22T10:51:30.498+0000] {processor.py:183} INFO - Processing /home/airflow/.local/lib/python3.8/site-packages/airflow/example_dags/example_external_task_marker_dag.py took 0.064 seconds
[2024-03-22T10:52:01.584+0000] {processor.py:161} INFO - Started process (PID=245) to work on /home/airflow/.local/lib/python3.8/site-packages/airflow/example_dags/example_external_task_marker_dag.py
[2024-03-22T10:52:01.584+0000] {processor.py:830} INFO - Processing file /home/airflow/.local/lib/python3.8/site-packages/airflow/example_dags/example_external_task_marker_dag.py for tasks to queue
[2024-03-22T10:52:01.586+0000] {logging_mixin.py:188} INFO - [2024-03-22T10:52:01.585+0000] {dagbag.py:540} INFO - Filling up the DagBag from /home/airflow/.local/lib/python3.8/site-packages/airflow/example_dags/example_external_task_marker_dag.py
[2024-03-22T10:52:01.590+0000] {processor.py:840} INFO - DAG(s) 'example_external_task_marker_child', 'example_external_task_marker_parent' retrieved from /home/airflow/.local/lib/python3.8/site-packages/airflow/example_dags/example_external_task_marker_dag.py
[2024-03-22T10:52:01.608+0000] {logging_mixin.py:188} INFO - [2024-03-22T10:52:01.608+0000] {dag.py:3047} INFO - Sync 2 DAGs
[2024-03-22T10:52:01.617+0000] {logging_mixin.py:188} INFO - [2024-03-22T10:52:01.617+0000] {dag.py:3834} INFO - Setting next_dagrun for example_external_task_marker_child to None, run_after=None
[2024-03-22T10:52:01.620+0000] {logging_mixin.py:188} INFO - [2024-03-22T10:52:01.620+0000] {dag.py:3834} INFO - Setting next_dagrun for example_external_task_marker_parent to None, run_after=None
[2024-03-22T10:52:01.632+0000] {processor.py:183} INFO - Processing /home/airflow/.local/lib/python3.8/site-packages/airflow/example_dags/example_external_task_marker_dag.py took 0.051 seconds
[2024-03-22T10:52:32.052+0000] {processor.py:161} INFO - Started process (PID=300) to work on /home/airflow/.local/lib/python3.8/site-packages/airflow/example_dags/example_external_task_marker_dag.py
[2024-03-22T10:52:32.053+0000] {processor.py:830} INFO - Processing file /home/airflow/.local/lib/python3.8/site-packages/airflow/example_dags/example_external_task_marker_dag.py for tasks to queue
[2024-03-22T10:52:32.055+0000] {logging_mixin.py:188} INFO - [2024-03-22T10:52:32.055+0000] {dagbag.py:540} INFO - Filling up the DagBag from /home/airflow/.local/lib/python3.8/site-packages/airflow/example_dags/example_external_task_marker_dag.py
[2024-03-22T10:52:32.060+0000] {processor.py:840} INFO - DAG(s) 'example_external_task_marker_child', 'example_external_task_marker_parent' retrieved from /home/airflow/.local/lib/python3.8/site-packages/airflow/example_dags/example_external_task_marker_dag.py
[2024-03-22T10:52:32.079+0000] {logging_mixin.py:188} INFO - [2024-03-22T10:52:32.079+0000] {dag.py:3047} INFO - Sync 2 DAGs
[2024-03-22T10:52:32.090+0000] {logging_mixin.py:188} INFO - [2024-03-22T10:52:32.090+0000] {dag.py:3834} INFO - Setting next_dagrun for example_external_task_marker_child to None, run_after=None
[2024-03-22T10:52:32.093+0000] {logging_mixin.py:188} INFO - [2024-03-22T10:52:32.093+0000] {dag.py:3834} INFO - Setting next_dagrun for example_external_task_marker_parent to None, run_after=None
[2024-03-22T10:52:32.115+0000] {processor.py:183} INFO - Processing /home/airflow/.local/lib/python3.8/site-packages/airflow/example_dags/example_external_task_marker_dag.py took 0.066 seconds
[2024-03-22T10:53:02.174+0000] {processor.py:161} INFO - Started process (PID=355) to work on /home/airflow/.local/lib/python3.8/site-packages/airflow/example_dags/example_external_task_marker_dag.py
[2024-03-22T10:53:02.174+0000] {processor.py:830} INFO - Processing file /home/airflow/.local/lib/python3.8/site-packages/airflow/example_dags/example_external_task_marker_dag.py for tasks to queue
[2024-03-22T10:53:02.176+0000] {logging_mixin.py:188} INFO - [2024-03-22T10:53:02.176+0000] {dagbag.py:540} INFO - Filling up the DagBag from /home/airflow/.local/lib/python3.8/site-packages/airflow/example_dags/example_external_task_marker_dag.py
[2024-03-22T10:53:02.181+0000] {processor.py:840} INFO - DAG(s) 'example_external_task_marker_child', 'example_external_task_marker_parent' retrieved from /home/airflow/.local/lib/python3.8/site-packages/airflow/example_dags/example_external_task_marker_dag.py
[2024-03-22T10:53:02.198+0000] {logging_mixin.py:188} INFO - [2024-03-22T10:53:02.197+0000] {dag.py:3047} INFO - Sync 2 DAGs
[2024-03-22T10:53:02.206+0000] {logging_mixin.py:188} INFO - [2024-03-22T10:53:02.206+0000] {dag.py:3834} INFO - Setting next_dagrun for example_external_task_marker_child to None, run_after=None
[2024-03-22T10:53:02.209+0000] {logging_mixin.py:188} INFO - [2024-03-22T10:53:02.209+0000] {dag.py:3834} INFO - Setting next_dagrun for example_external_task_marker_parent to None, run_after=None
[2024-03-22T10:53:02.221+0000] {processor.py:183} INFO - Processing /home/airflow/.local/lib/python3.8/site-packages/airflow/example_dags/example_external_task_marker_dag.py took 0.050 seconds
[2024-03-22T10:53:32.366+0000] {processor.py:161} INFO - Started process (PID=410) to work on /home/airflow/.local/lib/python3.8/site-packages/airflow/example_dags/example_external_task_marker_dag.py
[2024-03-22T10:53:32.367+0000] {processor.py:830} INFO - Processing file /home/airflow/.local/lib/python3.8/site-packages/airflow/example_dags/example_external_task_marker_dag.py for tasks to queue
[2024-03-22T10:53:32.369+0000] {logging_mixin.py:188} INFO - [2024-03-22T10:53:32.369+0000] {dagbag.py:540} INFO - Filling up the DagBag from /home/airflow/.local/lib/python3.8/site-packages/airflow/example_dags/example_external_task_marker_dag.py
[2024-03-22T10:53:32.374+0000] {processor.py:840} INFO - DAG(s) 'example_external_task_marker_parent', 'example_external_task_marker_child' retrieved from /home/airflow/.local/lib/python3.8/site-packages/airflow/example_dags/example_external_task_marker_dag.py
[2024-03-22T10:53:32.390+0000] {logging_mixin.py:188} INFO - [2024-03-22T10:53:32.390+0000] {dag.py:3047} INFO - Sync 2 DAGs
[2024-03-22T10:53:32.399+0000] {logging_mixin.py:188} INFO - [2024-03-22T10:53:32.399+0000] {dag.py:3834} INFO - Setting next_dagrun for example_external_task_marker_child to None, run_after=None
[2024-03-22T10:53:32.402+0000] {logging_mixin.py:188} INFO - [2024-03-22T10:53:32.401+0000] {dag.py:3834} INFO - Setting next_dagrun for example_external_task_marker_parent to None, run_after=None
[2024-03-22T10:53:32.412+0000] {processor.py:183} INFO - Processing /home/airflow/.local/lib/python3.8/site-packages/airflow/example_dags/example_external_task_marker_dag.py took 0.048 seconds
[2024-03-22T10:54:02.593+0000] {processor.py:161} INFO - Started process (PID=465) to work on /home/airflow/.local/lib/python3.8/site-packages/airflow/example_dags/example_external_task_marker_dag.py
[2024-03-22T10:54:02.594+0000] {processor.py:830} INFO - Processing file /home/airflow/.local/lib/python3.8/site-packages/airflow/example_dags/example_external_task_marker_dag.py for tasks to queue
[2024-03-22T10:54:02.596+0000] {logging_mixin.py:188} INFO - [2024-03-22T10:54:02.595+0000] {dagbag.py:540} INFO - Filling up the DagBag from /home/airflow/.local/lib/python3.8/site-packages/airflow/example_dags/example_external_task_marker_dag.py
[2024-03-22T10:54:02.603+0000] {processor.py:840} INFO - DAG(s) 'example_external_task_marker_parent', 'example_external_task_marker_child' retrieved from /home/airflow/.local/lib/python3.8/site-packages/airflow/example_dags/example_external_task_marker_dag.py
[2024-03-22T10:54:02.621+0000] {logging_mixin.py:188} INFO - [2024-03-22T10:54:02.621+0000] {dag.py:3047} INFO - Sync 2 DAGs
[2024-03-22T10:54:02.631+0000] {logging_mixin.py:188} INFO - [2024-03-22T10:54:02.631+0000] {dag.py:3834} INFO - Setting next_dagrun for example_external_task_marker_child to None, run_after=None
[2024-03-22T10:54:02.634+0000] {logging_mixin.py:188} INFO - [2024-03-22T10:54:02.634+0000] {dag.py:3834} INFO - Setting next_dagrun for example_external_task_marker_parent to None, run_after=None
[2024-03-22T10:54:02.649+0000] {processor.py:183} INFO - Processing /home/airflow/.local/lib/python3.8/site-packages/airflow/example_dags/example_external_task_marker_dag.py took 0.058 seconds
[2024-03-22T10:54:32.850+0000] {processor.py:161} INFO - Started process (PID=520) to work on /home/airflow/.local/lib/python3.8/site-packages/airflow/example_dags/example_external_task_marker_dag.py
[2024-03-22T10:54:32.851+0000] {processor.py:830} INFO - Processing file /home/airflow/.local/lib/python3.8/site-packages/airflow/example_dags/example_external_task_marker_dag.py for tasks to queue
[2024-03-22T10:54:32.852+0000] {logging_mixin.py:188} INFO - [2024-03-22T10:54:32.852+0000] {dagbag.py:540} INFO - Filling up the DagBag from /home/airflow/.local/lib/python3.8/site-packages/airflow/example_dags/example_external_task_marker_dag.py
[2024-03-22T10:54:32.857+0000] {processor.py:840} INFO - DAG(s) 'example_external_task_marker_parent', 'example_external_task_marker_child' retrieved from /home/airflow/.local/lib/python3.8/site-packages/airflow/example_dags/example_external_task_marker_dag.py
[2024-03-22T10:54:32.874+0000] {logging_mixin.py:188} INFO - [2024-03-22T10:54:32.874+0000] {dag.py:3047} INFO - Sync 2 DAGs
[2024-03-22T10:54:32.882+0000] {logging_mixin.py:188} INFO - [2024-03-22T10:54:32.882+0000] {dag.py:3834} INFO - Setting next_dagrun for example_external_task_marker_child to None, run_after=None
[2024-03-22T10:54:32.886+0000] {logging_mixin.py:188} INFO - [2024-03-22T10:54:32.886+0000] {dag.py:3834} INFO - Setting next_dagrun for example_external_task_marker_parent to None, run_after=None
[2024-03-22T10:54:32.907+0000] {processor.py:183} INFO - Processing /home/airflow/.local/lib/python3.8/site-packages/airflow/example_dags/example_external_task_marker_dag.py took 0.059 seconds
[2024-03-22T10:55:03.034+0000] {processor.py:161} INFO - Started process (PID=575) to work on /home/airflow/.local/lib/python3.8/site-packages/airflow/example_dags/example_external_task_marker_dag.py
[2024-03-22T10:55:03.035+0000] {processor.py:830} INFO - Processing file /home/airflow/.local/lib/python3.8/site-packages/airflow/example_dags/example_external_task_marker_dag.py for tasks to queue
[2024-03-22T10:55:03.036+0000] {logging_mixin.py:188} INFO - [2024-03-22T10:55:03.036+0000] {dagbag.py:540} INFO - Filling up the DagBag from /home/airflow/.local/lib/python3.8/site-packages/airflow/example_dags/example_external_task_marker_dag.py
[2024-03-22T10:55:03.040+0000] {processor.py:840} INFO - DAG(s) 'example_external_task_marker_parent', 'example_external_task_marker_child' retrieved from /home/airflow/.local/lib/python3.8/site-packages/airflow/example_dags/example_external_task_marker_dag.py
[2024-03-22T10:55:03.058+0000] {logging_mixin.py:188} INFO - [2024-03-22T10:55:03.058+0000] {dag.py:3047} INFO - Sync 2 DAGs
[2024-03-22T10:55:03.067+0000] {logging_mixin.py:188} INFO - [2024-03-22T10:55:03.067+0000] {dag.py:3834} INFO - Setting next_dagrun for example_external_task_marker_child to None, run_after=None
[2024-03-22T10:55:03.070+0000] {logging_mixin.py:188} INFO - [2024-03-22T10:55:03.070+0000] {dag.py:3834} INFO - Setting next_dagrun for example_external_task_marker_parent to None, run_after=None
[2024-03-22T10:55:03.081+0000] {processor.py:183} INFO - Processing /home/airflow/.local/lib/python3.8/site-packages/airflow/example_dags/example_external_task_marker_dag.py took 0.050 seconds
[2024-03-22T10:55:33.340+0000] {processor.py:161} INFO - Started process (PID=630) to work on /home/airflow/.local/lib/python3.8/site-packages/airflow/example_dags/example_external_task_marker_dag.py
[2024-03-22T10:55:33.341+0000] {processor.py:830} INFO - Processing file /home/airflow/.local/lib/python3.8/site-packages/airflow/example_dags/example_external_task_marker_dag.py for tasks to queue
[2024-03-22T10:55:33.343+0000] {logging_mixin.py:188} INFO - [2024-03-22T10:55:33.342+0000] {dagbag.py:540} INFO - Filling up the DagBag from /home/airflow/.local/lib/python3.8/site-packages/airflow/example_dags/example_external_task_marker_dag.py
[2024-03-22T10:55:33.347+0000] {processor.py:840} INFO - DAG(s) 'example_external_task_marker_child', 'example_external_task_marker_parent' retrieved from /home/airflow/.local/lib/python3.8/site-packages/airflow/example_dags/example_external_task_marker_dag.py
[2024-03-22T10:55:33.366+0000] {logging_mixin.py:188} INFO - [2024-03-22T10:55:33.365+0000] {dag.py:3047} INFO - Sync 2 DAGs
[2024-03-22T10:55:33.375+0000] {logging_mixin.py:188} INFO - [2024-03-22T10:55:33.375+0000] {dag.py:3834} INFO - Setting next_dagrun for example_external_task_marker_child to None, run_after=None
[2024-03-22T10:55:33.379+0000] {logging_mixin.py:188} INFO - [2024-03-22T10:55:33.379+0000] {dag.py:3834} INFO - Setting next_dagrun for example_external_task_marker_parent to None, run_after=None
[2024-03-22T10:55:33.393+0000] {processor.py:183} INFO - Processing /home/airflow/.local/lib/python3.8/site-packages/airflow/example_dags/example_external_task_marker_dag.py took 0.056 seconds
[2024-03-22T10:56:03.817+0000] {processor.py:161} INFO - Started process (PID=685) to work on /home/airflow/.local/lib/python3.8/site-packages/airflow/example_dags/example_external_task_marker_dag.py
[2024-03-22T10:56:03.818+0000] {processor.py:830} INFO - Processing file /home/airflow/.local/lib/python3.8/site-packages/airflow/example_dags/example_external_task_marker_dag.py for tasks to queue
[2024-03-22T10:56:03.819+0000] {logging_mixin.py:188} INFO - [2024-03-22T10:56:03.819+0000] {dagbag.py:540} INFO - Filling up the DagBag from /home/airflow/.local/lib/python3.8/site-packages/airflow/example_dags/example_external_task_marker_dag.py
[2024-03-22T10:56:03.824+0000] {processor.py:840} INFO - DAG(s) 'example_external_task_marker_child', 'example_external_task_marker_parent' retrieved from /home/airflow/.local/lib/python3.8/site-packages/airflow/example_dags/example_external_task_marker_dag.py
[2024-03-22T10:56:03.840+0000] {logging_mixin.py:188} INFO - [2024-03-22T10:56:03.840+0000] {dag.py:3047} INFO - Sync 2 DAGs
[2024-03-22T10:56:03.849+0000] {logging_mixin.py:188} INFO - [2024-03-22T10:56:03.849+0000] {dag.py:3834} INFO - Setting next_dagrun for example_external_task_marker_child to None, run_after=None
[2024-03-22T10:56:03.852+0000] {logging_mixin.py:188} INFO - [2024-03-22T10:56:03.852+0000] {dag.py:3834} INFO - Setting next_dagrun for example_external_task_marker_parent to None, run_after=None
[2024-03-22T10:56:03.865+0000] {processor.py:183} INFO - Processing /home/airflow/.local/lib/python3.8/site-packages/airflow/example_dags/example_external_task_marker_dag.py took 0.051 seconds
[2024-03-22T10:56:33.959+0000] {processor.py:161} INFO - Started process (PID=740) to work on /home/airflow/.local/lib/python3.8/site-packages/airflow/example_dags/example_external_task_marker_dag.py
[2024-03-22T10:56:33.960+0000] {processor.py:830} INFO - Processing file /home/airflow/.local/lib/python3.8/site-packages/airflow/example_dags/example_external_task_marker_dag.py for tasks to queue
[2024-03-22T10:56:33.963+0000] {logging_mixin.py:188} INFO - [2024-03-22T10:56:33.962+0000] {dagbag.py:540} INFO - Filling up the DagBag from /home/airflow/.local/lib/python3.8/site-packages/airflow/example_dags/example_external_task_marker_dag.py
[2024-03-22T10:56:33.968+0000] {processor.py:840} INFO - DAG(s) 'example_external_task_marker_parent', 'example_external_task_marker_child' retrieved from /home/airflow/.local/lib/python3.8/site-packages/airflow/example_dags/example_external_task_marker_dag.py
[2024-03-22T10:56:33.992+0000] {logging_mixin.py:188} INFO - [2024-03-22T10:56:33.992+0000] {dag.py:3047} INFO - Sync 2 DAGs
[2024-03-22T10:56:34.004+0000] {logging_mixin.py:188} INFO - [2024-03-22T10:56:34.003+0000] {dag.py:3834} INFO - Setting next_dagrun for example_external_task_marker_child to None, run_after=None
[2024-03-22T10:56:34.007+0000] {logging_mixin.py:188} INFO - [2024-03-22T10:56:34.007+0000] {dag.py:3834} INFO - Setting next_dagrun for example_external_task_marker_parent to None, run_after=None
[2024-03-22T10:56:34.022+0000] {processor.py:183} INFO - Processing /home/airflow/.local/lib/python3.8/site-packages/airflow/example_dags/example_external_task_marker_dag.py took 0.065 seconds
[2024-03-22T10:57:04.126+0000] {processor.py:161} INFO - Started process (PID=795) to work on /home/airflow/.local/lib/python3.8/site-packages/airflow/example_dags/example_external_task_marker_dag.py
[2024-03-22T10:57:04.127+0000] {processor.py:830} INFO - Processing file /home/airflow/.local/lib/python3.8/site-packages/airflow/example_dags/example_external_task_marker_dag.py for tasks to queue
[2024-03-22T10:57:04.130+0000] {logging_mixin.py:188} INFO - [2024-03-22T10:57:04.129+0000] {dagbag.py:540} INFO - Filling up the DagBag from /home/airflow/.local/lib/python3.8/site-packages/airflow/example_dags/example_external_task_marker_dag.py
[2024-03-22T10:57:04.136+0000] {processor.py:840} INFO - DAG(s) 'example_external_task_marker_parent', 'example_external_task_marker_child' retrieved from /home/airflow/.local/lib/python3.8/site-packages/airflow/example_dags/example_external_task_marker_dag.py
[2024-03-22T10:57:04.156+0000] {logging_mixin.py:188} INFO - [2024-03-22T10:57:04.156+0000] {dag.py:3047} INFO - Sync 2 DAGs
[2024-03-22T10:57:04.167+0000] {logging_mixin.py:188} INFO - [2024-03-22T10:57:04.167+0000] {dag.py:3834} INFO - Setting next_dagrun for example_external_task_marker_child to None, run_after=None
[2024-03-22T10:57:04.170+0000] {logging_mixin.py:188} INFO - [2024-03-22T10:57:04.170+0000] {dag.py:3834} INFO - Setting next_dagrun for example_external_task_marker_parent to None, run_after=None
[2024-03-22T10:57:04.184+0000] {processor.py:183} INFO - Processing /home/airflow/.local/lib/python3.8/site-packages/airflow/example_dags/example_external_task_marker_dag.py took 0.061 seconds
[2024-03-22T10:57:34.276+0000] {processor.py:161} INFO - Started process (PID=850) to work on /home/airflow/.local/lib/python3.8/site-packages/airflow/example_dags/example_external_task_marker_dag.py
[2024-03-22T10:57:34.276+0000] {processor.py:830} INFO - Processing file /home/airflow/.local/lib/python3.8/site-packages/airflow/example_dags/example_external_task_marker_dag.py for tasks to queue
[2024-03-22T10:57:34.278+0000] {logging_mixin.py:188} INFO - [2024-03-22T10:57:34.278+0000] {dagbag.py:540} INFO - Filling up the DagBag from /home/airflow/.local/lib/python3.8/site-packages/airflow/example_dags/example_external_task_marker_dag.py
[2024-03-22T10:57:34.282+0000] {processor.py:840} INFO - DAG(s) 'example_external_task_marker_child', 'example_external_task_marker_parent' retrieved from /home/airflow/.local/lib/python3.8/site-packages/airflow/example_dags/example_external_task_marker_dag.py
[2024-03-22T10:57:34.300+0000] {logging_mixin.py:188} INFO - [2024-03-22T10:57:34.299+0000] {dag.py:3047} INFO - Sync 2 DAGs
[2024-03-22T10:57:34.310+0000] {logging_mixin.py:188} INFO - [2024-03-22T10:57:34.310+0000] {dag.py:3834} INFO - Setting next_dagrun for example_external_task_marker_child to None, run_after=None
[2024-03-22T10:57:34.314+0000] {logging_mixin.py:188} INFO - [2024-03-22T10:57:34.314+0000] {dag.py:3834} INFO - Setting next_dagrun for example_external_task_marker_parent to None, run_after=None
[2024-03-22T10:57:34.336+0000] {processor.py:183} INFO - Processing /home/airflow/.local/lib/python3.8/site-packages/airflow/example_dags/example_external_task_marker_dag.py took 0.063 seconds
[2024-03-22T10:58:04.507+0000] {processor.py:161} INFO - Started process (PID=905) to work on /home/airflow/.local/lib/python3.8/site-packages/airflow/example_dags/example_external_task_marker_dag.py
[2024-03-22T10:58:04.507+0000] {processor.py:830} INFO - Processing file /home/airflow/.local/lib/python3.8/site-packages/airflow/example_dags/example_external_task_marker_dag.py for tasks to queue
[2024-03-22T10:58:04.509+0000] {logging_mixin.py:188} INFO - [2024-03-22T10:58:04.508+0000] {dagbag.py:540} INFO - Filling up the DagBag from /home/airflow/.local/lib/python3.8/site-packages/airflow/example_dags/example_external_task_marker_dag.py
[2024-03-22T10:58:04.513+0000] {processor.py:840} INFO - DAG(s) 'example_external_task_marker_child', 'example_external_task_marker_parent' retrieved from /home/airflow/.local/lib/python3.8/site-packages/airflow/example_dags/example_external_task_marker_dag.py
[2024-03-22T10:58:04.528+0000] {logging_mixin.py:188} INFO - [2024-03-22T10:58:04.528+0000] {dag.py:3047} INFO - Sync 2 DAGs
[2024-03-22T10:58:04.536+0000] {logging_mixin.py:188} INFO - [2024-03-22T10:58:04.536+0000] {dag.py:3834} INFO - Setting next_dagrun for example_external_task_marker_child to None, run_after=None
[2024-03-22T10:58:04.539+0000] {logging_mixin.py:188} INFO - [2024-03-22T10:58:04.539+0000] {dag.py:3834} INFO - Setting next_dagrun for example_external_task_marker_parent to None, run_after=None
[2024-03-22T10:58:04.549+0000] {processor.py:183} INFO - Processing /home/airflow/.local/lib/python3.8/site-packages/airflow/example_dags/example_external_task_marker_dag.py took 0.045 seconds
[2024-03-22T10:58:34.666+0000] {processor.py:161} INFO - Started process (PID=960) to work on /home/airflow/.local/lib/python3.8/site-packages/airflow/example_dags/example_external_task_marker_dag.py
[2024-03-22T10:58:34.667+0000] {processor.py:830} INFO - Processing file /home/airflow/.local/lib/python3.8/site-packages/airflow/example_dags/example_external_task_marker_dag.py for tasks to queue
[2024-03-22T10:58:34.668+0000] {logging_mixin.py:188} INFO - [2024-03-22T10:58:34.668+0000] {dagbag.py:540} INFO - Filling up the DagBag from /home/airflow/.local/lib/python3.8/site-packages/airflow/example_dags/example_external_task_marker_dag.py
[2024-03-22T10:58:34.672+0000] {processor.py:840} INFO - DAG(s) 'example_external_task_marker_parent', 'example_external_task_marker_child' retrieved from /home/airflow/.local/lib/python3.8/site-packages/airflow/example_dags/example_external_task_marker_dag.py
[2024-03-22T10:58:34.690+0000] {logging_mixin.py:188} INFO - [2024-03-22T10:58:34.690+0000] {dag.py:3047} INFO - Sync 2 DAGs
[2024-03-22T10:58:34.699+0000] {logging_mixin.py:188} INFO - [2024-03-22T10:58:34.699+0000] {dag.py:3834} INFO - Setting next_dagrun for example_external_task_marker_child to None, run_after=None
[2024-03-22T10:58:34.703+0000] {logging_mixin.py:188} INFO - [2024-03-22T10:58:34.702+0000] {dag.py:3834} INFO - Setting next_dagrun for example_external_task_marker_parent to None, run_after=None
[2024-03-22T10:58:34.717+0000] {processor.py:183} INFO - Processing /home/airflow/.local/lib/python3.8/site-packages/airflow/example_dags/example_external_task_marker_dag.py took 0.054 seconds
[2024-03-22T10:59:04.816+0000] {processor.py:161} INFO - Started process (PID=1015) to work on /home/airflow/.local/lib/python3.8/site-packages/airflow/example_dags/example_external_task_marker_dag.py
[2024-03-22T10:59:04.818+0000] {processor.py:830} INFO - Processing file /home/airflow/.local/lib/python3.8/site-packages/airflow/example_dags/example_external_task_marker_dag.py for tasks to queue
[2024-03-22T10:59:04.819+0000] {logging_mixin.py:188} INFO - [2024-03-22T10:59:04.819+0000] {dagbag.py:540} INFO - Filling up the DagBag from /home/airflow/.local/lib/python3.8/site-packages/airflow/example_dags/example_external_task_marker_dag.py
[2024-03-22T10:59:04.825+0000] {processor.py:840} INFO - DAG(s) 'example_external_task_marker_parent', 'example_external_task_marker_child' retrieved from /home/airflow/.local/lib/python3.8/site-packages/airflow/example_dags/example_external_task_marker_dag.py
[2024-03-22T10:59:04.846+0000] {logging_mixin.py:188} INFO - [2024-03-22T10:59:04.846+0000] {dag.py:3047} INFO - Sync 2 DAGs
[2024-03-22T10:59:04.858+0000] {logging_mixin.py:188} INFO - [2024-03-22T10:59:04.857+0000] {dag.py:3834} INFO - Setting next_dagrun for example_external_task_marker_child to None, run_after=None
[2024-03-22T10:59:04.861+0000] {logging_mixin.py:188} INFO - [2024-03-22T10:59:04.861+0000] {dag.py:3834} INFO - Setting next_dagrun for example_external_task_marker_parent to None, run_after=None
[2024-03-22T10:59:04.872+0000] {processor.py:183} INFO - Processing /home/airflow/.local/lib/python3.8/site-packages/airflow/example_dags/example_external_task_marker_dag.py took 0.059 seconds
[2024-03-22T10:59:35.033+0000] {processor.py:161} INFO - Started process (PID=1070) to work on /home/airflow/.local/lib/python3.8/site-packages/airflow/example_dags/example_external_task_marker_dag.py
[2024-03-22T10:59:35.034+0000] {processor.py:830} INFO - Processing file /home/airflow/.local/lib/python3.8/site-packages/airflow/example_dags/example_external_task_marker_dag.py for tasks to queue
[2024-03-22T10:59:35.035+0000] {logging_mixin.py:188} INFO - [2024-03-22T10:59:35.035+0000] {dagbag.py:540} INFO - Filling up the DagBag from /home/airflow/.local/lib/python3.8/site-packages/airflow/example_dags/example_external_task_marker_dag.py
[2024-03-22T10:59:35.039+0000] {processor.py:840} INFO - DAG(s) 'example_external_task_marker_child', 'example_external_task_marker_parent' retrieved from /home/airflow/.local/lib/python3.8/site-packages/airflow/example_dags/example_external_task_marker_dag.py
[2024-03-22T10:59:35.061+0000] {logging_mixin.py:188} INFO - [2024-03-22T10:59:35.061+0000] {dag.py:3047} INFO - Sync 2 DAGs
[2024-03-22T10:59:35.071+0000] {logging_mixin.py:188} INFO - [2024-03-22T10:59:35.070+0000] {dag.py:3834} INFO - Setting next_dagrun for example_external_task_marker_child to None, run_after=None
[2024-03-22T10:59:35.074+0000] {logging_mixin.py:188} INFO - [2024-03-22T10:59:35.074+0000] {dag.py:3834} INFO - Setting next_dagrun for example_external_task_marker_parent to None, run_after=None
[2024-03-22T10:59:35.085+0000] {processor.py:183} INFO - Processing /home/airflow/.local/lib/python3.8/site-packages/airflow/example_dags/example_external_task_marker_dag.py took 0.054 seconds
[2024-03-22T11:00:05.156+0000] {processor.py:161} INFO - Started process (PID=1125) to work on /home/airflow/.local/lib/python3.8/site-packages/airflow/example_dags/example_external_task_marker_dag.py
[2024-03-22T11:00:05.157+0000] {processor.py:830} INFO - Processing file /home/airflow/.local/lib/python3.8/site-packages/airflow/example_dags/example_external_task_marker_dag.py for tasks to queue
[2024-03-22T11:00:05.159+0000] {logging_mixin.py:188} INFO - [2024-03-22T11:00:05.158+0000] {dagbag.py:540} INFO - Filling up the DagBag from /home/airflow/.local/lib/python3.8/site-packages/airflow/example_dags/example_external_task_marker_dag.py
[2024-03-22T11:00:05.163+0000] {processor.py:840} INFO - DAG(s) 'example_external_task_marker_parent', 'example_external_task_marker_child' retrieved from /home/airflow/.local/lib/python3.8/site-packages/airflow/example_dags/example_external_task_marker_dag.py
[2024-03-22T11:00:05.179+0000] {logging_mixin.py:188} INFO - [2024-03-22T11:00:05.179+0000] {dag.py:3047} INFO - Sync 2 DAGs
[2024-03-22T11:00:05.190+0000] {logging_mixin.py:188} INFO - [2024-03-22T11:00:05.189+0000] {dag.py:3834} INFO - Setting next_dagrun for example_external_task_marker_child to None, run_after=None
[2024-03-22T11:00:05.193+0000] {logging_mixin.py:188} INFO - [2024-03-22T11:00:05.193+0000] {dag.py:3834} INFO - Setting next_dagrun for example_external_task_marker_parent to None, run_after=None
[2024-03-22T11:00:05.206+0000] {processor.py:183} INFO - Processing /home/airflow/.local/lib/python3.8/site-packages/airflow/example_dags/example_external_task_marker_dag.py took 0.051 seconds
[2024-03-22T11:00:35.259+0000] {processor.py:161} INFO - Started process (PID=1180) to work on /home/airflow/.local/lib/python3.8/site-packages/airflow/example_dags/example_external_task_marker_dag.py
[2024-03-22T11:00:35.260+0000] {processor.py:830} INFO - Processing file /home/airflow/.local/lib/python3.8/site-packages/airflow/example_dags/example_external_task_marker_dag.py for tasks to queue
[2024-03-22T11:00:35.261+0000] {logging_mixin.py:188} INFO - [2024-03-22T11:00:35.261+0000] {dagbag.py:540} INFO - Filling up the DagBag from /home/airflow/.local/lib/python3.8/site-packages/airflow/example_dags/example_external_task_marker_dag.py
[2024-03-22T11:00:35.265+0000] {processor.py:840} INFO - DAG(s) 'example_external_task_marker_child', 'example_external_task_marker_parent' retrieved from /home/airflow/.local/lib/python3.8/site-packages/airflow/example_dags/example_external_task_marker_dag.py
[2024-03-22T11:00:35.285+0000] {logging_mixin.py:188} INFO - [2024-03-22T11:00:35.284+0000] {dag.py:3047} INFO - Sync 2 DAGs
[2024-03-22T11:00:35.293+0000] {logging_mixin.py:188} INFO - [2024-03-22T11:00:35.293+0000] {dag.py:3834} INFO - Setting next_dagrun for example_external_task_marker_child to None, run_after=None
[2024-03-22T11:00:35.296+0000] {logging_mixin.py:188} INFO - [2024-03-22T11:00:35.296+0000] {dag.py:3834} INFO - Setting next_dagrun for example_external_task_marker_parent to None, run_after=None
[2024-03-22T11:00:35.308+0000] {processor.py:183} INFO - Processing /home/airflow/.local/lib/python3.8/site-packages/airflow/example_dags/example_external_task_marker_dag.py took 0.051 seconds
[2024-03-22T11:01:05.474+0000] {processor.py:161} INFO - Started process (PID=1235) to work on /home/airflow/.local/lib/python3.8/site-packages/airflow/example_dags/example_external_task_marker_dag.py
[2024-03-22T11:01:05.475+0000] {processor.py:830} INFO - Processing file /home/airflow/.local/lib/python3.8/site-packages/airflow/example_dags/example_external_task_marker_dag.py for tasks to queue
[2024-03-22T11:01:05.476+0000] {logging_mixin.py:188} INFO - [2024-03-22T11:01:05.476+0000] {dagbag.py:540} INFO - Filling up the DagBag from /home/airflow/.local/lib/python3.8/site-packages/airflow/example_dags/example_external_task_marker_dag.py
[2024-03-22T11:01:05.481+0000] {processor.py:840} INFO - DAG(s) 'example_external_task_marker_child', 'example_external_task_marker_parent' retrieved from /home/airflow/.local/lib/python3.8/site-packages/airflow/example_dags/example_external_task_marker_dag.py
[2024-03-22T11:01:05.499+0000] {logging_mixin.py:188} INFO - [2024-03-22T11:01:05.499+0000] {dag.py:3047} INFO - Sync 2 DAGs
[2024-03-22T11:01:05.508+0000] {logging_mixin.py:188} INFO - [2024-03-22T11:01:05.507+0000] {dag.py:3834} INFO - Setting next_dagrun for example_external_task_marker_child to None, run_after=None
[2024-03-22T11:01:05.510+0000] {logging_mixin.py:188} INFO - [2024-03-22T11:01:05.510+0000] {dag.py:3834} INFO - Setting next_dagrun for example_external_task_marker_parent to None, run_after=None
[2024-03-22T11:01:05.521+0000] {processor.py:183} INFO - Processing /home/airflow/.local/lib/python3.8/site-packages/airflow/example_dags/example_external_task_marker_dag.py took 0.049 seconds
