[2024-03-22T10:50:26.704+0000] {processor.py:161} INFO - Started process (PID=77) to work on /home/airflow/.local/lib/python3.8/site-packages/airflow/example_dags/example_latest_only_with_trigger.py
[2024-03-22T10:50:26.705+0000] {processor.py:830} INFO - Processing file /home/airflow/.local/lib/python3.8/site-packages/airflow/example_dags/example_latest_only_with_trigger.py for tasks to queue
[2024-03-22T10:50:26.707+0000] {logging_mixin.py:188} INFO - [2024-03-22T10:50:26.706+0000] {dagbag.py:540} INFO - Filling up the DagBag from /home/airflow/.local/lib/python3.8/site-packages/airflow/example_dags/example_latest_only_with_trigger.py
[2024-03-22T10:50:26.713+0000] {processor.py:840} INFO - DAG(s) 'latest_only_with_trigger' retrieved from /home/airflow/.local/lib/python3.8/site-packages/airflow/example_dags/example_latest_only_with_trigger.py
[2024-03-22T10:50:26.722+0000] {logging_mixin.py:188} INFO - [2024-03-22T10:50:26.722+0000] {dag.py:3047} INFO - Sync 1 DAGs
[2024-03-22T10:50:26.746+0000] {logging_mixin.py:188} INFO - [2024-03-22T10:50:26.745+0000] {dag.py:3834} INFO - Setting next_dagrun for latest_only_with_trigger to 2024-03-22 04:00:00+00:00, run_after=2024-03-22 08:00:00+00:00
[2024-03-22T10:50:26.764+0000] {processor.py:183} INFO - Processing /home/airflow/.local/lib/python3.8/site-packages/airflow/example_dags/example_latest_only_with_trigger.py took 0.063 seconds
[2024-03-22T10:50:59.208+0000] {processor.py:161} INFO - Started process (PID=131) to work on /home/airflow/.local/lib/python3.8/site-packages/airflow/example_dags/example_latest_only_with_trigger.py
[2024-03-22T10:50:59.210+0000] {processor.py:830} INFO - Processing file /home/airflow/.local/lib/python3.8/site-packages/airflow/example_dags/example_latest_only_with_trigger.py for tasks to queue
[2024-03-22T10:50:59.212+0000] {logging_mixin.py:188} INFO - [2024-03-22T10:50:59.211+0000] {dagbag.py:540} INFO - Filling up the DagBag from /home/airflow/.local/lib/python3.8/site-packages/airflow/example_dags/example_latest_only_with_trigger.py
[2024-03-22T10:50:59.220+0000] {processor.py:840} INFO - DAG(s) 'latest_only_with_trigger' retrieved from /home/airflow/.local/lib/python3.8/site-packages/airflow/example_dags/example_latest_only_with_trigger.py
[2024-03-22T10:50:59.343+0000] {logging_mixin.py:188} INFO - [2024-03-22T10:50:59.343+0000] {dag.py:3047} INFO - Sync 1 DAGs
[2024-03-22T10:50:59.375+0000] {logging_mixin.py:188} INFO - [2024-03-22T10:50:59.374+0000] {dag.py:3834} INFO - Setting next_dagrun for latest_only_with_trigger to 2024-03-22 04:00:00+00:00, run_after=2024-03-22 08:00:00+00:00
[2024-03-22T10:50:59.644+0000] {processor.py:183} INFO - Processing /home/airflow/.local/lib/python3.8/site-packages/airflow/example_dags/example_latest_only_with_trigger.py took 0.438 seconds
[2024-03-22T10:51:30.286+0000] {processor.py:161} INFO - Started process (PID=186) to work on /home/airflow/.local/lib/python3.8/site-packages/airflow/example_dags/example_latest_only_with_trigger.py
[2024-03-22T10:51:30.286+0000] {processor.py:830} INFO - Processing file /home/airflow/.local/lib/python3.8/site-packages/airflow/example_dags/example_latest_only_with_trigger.py for tasks to queue
[2024-03-22T10:51:30.288+0000] {logging_mixin.py:188} INFO - [2024-03-22T10:51:30.288+0000] {dagbag.py:540} INFO - Filling up the DagBag from /home/airflow/.local/lib/python3.8/site-packages/airflow/example_dags/example_latest_only_with_trigger.py
[2024-03-22T10:51:30.292+0000] {processor.py:840} INFO - DAG(s) 'latest_only_with_trigger' retrieved from /home/airflow/.local/lib/python3.8/site-packages/airflow/example_dags/example_latest_only_with_trigger.py
[2024-03-22T10:51:30.310+0000] {logging_mixin.py:188} INFO - [2024-03-22T10:51:30.310+0000] {dag.py:3047} INFO - Sync 1 DAGs
[2024-03-22T10:51:30.330+0000] {logging_mixin.py:188} INFO - [2024-03-22T10:51:30.329+0000] {dag.py:3834} INFO - Setting next_dagrun for latest_only_with_trigger to 2024-03-22 04:00:00+00:00, run_after=2024-03-22 08:00:00+00:00
[2024-03-22T10:51:30.344+0000] {processor.py:183} INFO - Processing /home/airflow/.local/lib/python3.8/site-packages/airflow/example_dags/example_latest_only_with_trigger.py took 0.061 seconds
[2024-03-22T10:52:00.484+0000] {processor.py:161} INFO - Started process (PID=241) to work on /home/airflow/.local/lib/python3.8/site-packages/airflow/example_dags/example_latest_only_with_trigger.py
[2024-03-22T10:52:00.485+0000] {processor.py:830} INFO - Processing file /home/airflow/.local/lib/python3.8/site-packages/airflow/example_dags/example_latest_only_with_trigger.py for tasks to queue
[2024-03-22T10:52:00.486+0000] {logging_mixin.py:188} INFO - [2024-03-22T10:52:00.486+0000] {dagbag.py:540} INFO - Filling up the DagBag from /home/airflow/.local/lib/python3.8/site-packages/airflow/example_dags/example_latest_only_with_trigger.py
[2024-03-22T10:52:00.491+0000] {processor.py:840} INFO - DAG(s) 'latest_only_with_trigger' retrieved from /home/airflow/.local/lib/python3.8/site-packages/airflow/example_dags/example_latest_only_with_trigger.py
[2024-03-22T10:52:00.505+0000] {logging_mixin.py:188} INFO - [2024-03-22T10:52:00.505+0000] {dag.py:3047} INFO - Sync 1 DAGs
[2024-03-22T10:52:00.521+0000] {logging_mixin.py:188} INFO - [2024-03-22T10:52:00.521+0000] {dag.py:3834} INFO - Setting next_dagrun for latest_only_with_trigger to 2024-03-22 04:00:00+00:00, run_after=2024-03-22 08:00:00+00:00
[2024-03-22T10:52:00.539+0000] {processor.py:183} INFO - Processing /home/airflow/.local/lib/python3.8/site-packages/airflow/example_dags/example_latest_only_with_trigger.py took 0.057 seconds
[2024-03-22T10:52:30.891+0000] {processor.py:161} INFO - Started process (PID=296) to work on /home/airflow/.local/lib/python3.8/site-packages/airflow/example_dags/example_latest_only_with_trigger.py
[2024-03-22T10:52:30.892+0000] {processor.py:830} INFO - Processing file /home/airflow/.local/lib/python3.8/site-packages/airflow/example_dags/example_latest_only_with_trigger.py for tasks to queue
[2024-03-22T10:52:30.893+0000] {logging_mixin.py:188} INFO - [2024-03-22T10:52:30.893+0000] {dagbag.py:540} INFO - Filling up the DagBag from /home/airflow/.local/lib/python3.8/site-packages/airflow/example_dags/example_latest_only_with_trigger.py
[2024-03-22T10:52:30.898+0000] {processor.py:840} INFO - DAG(s) 'latest_only_with_trigger' retrieved from /home/airflow/.local/lib/python3.8/site-packages/airflow/example_dags/example_latest_only_with_trigger.py
[2024-03-22T10:52:30.914+0000] {logging_mixin.py:188} INFO - [2024-03-22T10:52:30.914+0000] {dag.py:3047} INFO - Sync 1 DAGs
[2024-03-22T10:52:30.931+0000] {logging_mixin.py:188} INFO - [2024-03-22T10:52:30.930+0000] {dag.py:3834} INFO - Setting next_dagrun for latest_only_with_trigger to 2024-03-22 04:00:00+00:00, run_after=2024-03-22 08:00:00+00:00
[2024-03-22T10:52:30.945+0000] {processor.py:183} INFO - Processing /home/airflow/.local/lib/python3.8/site-packages/airflow/example_dags/example_latest_only_with_trigger.py took 0.057 seconds
[2024-03-22T10:53:01.032+0000] {processor.py:161} INFO - Started process (PID=351) to work on /home/airflow/.local/lib/python3.8/site-packages/airflow/example_dags/example_latest_only_with_trigger.py
[2024-03-22T10:53:01.033+0000] {processor.py:830} INFO - Processing file /home/airflow/.local/lib/python3.8/site-packages/airflow/example_dags/example_latest_only_with_trigger.py for tasks to queue
[2024-03-22T10:53:01.034+0000] {logging_mixin.py:188} INFO - [2024-03-22T10:53:01.034+0000] {dagbag.py:540} INFO - Filling up the DagBag from /home/airflow/.local/lib/python3.8/site-packages/airflow/example_dags/example_latest_only_with_trigger.py
[2024-03-22T10:53:01.039+0000] {processor.py:840} INFO - DAG(s) 'latest_only_with_trigger' retrieved from /home/airflow/.local/lib/python3.8/site-packages/airflow/example_dags/example_latest_only_with_trigger.py
[2024-03-22T10:53:01.054+0000] {logging_mixin.py:188} INFO - [2024-03-22T10:53:01.053+0000] {dag.py:3047} INFO - Sync 1 DAGs
[2024-03-22T10:53:01.071+0000] {logging_mixin.py:188} INFO - [2024-03-22T10:53:01.071+0000] {dag.py:3834} INFO - Setting next_dagrun for latest_only_with_trigger to 2024-03-22 04:00:00+00:00, run_after=2024-03-22 08:00:00+00:00
[2024-03-22T10:53:01.086+0000] {processor.py:183} INFO - Processing /home/airflow/.local/lib/python3.8/site-packages/airflow/example_dags/example_latest_only_with_trigger.py took 0.056 seconds
[2024-03-22T10:53:31.230+0000] {processor.py:161} INFO - Started process (PID=406) to work on /home/airflow/.local/lib/python3.8/site-packages/airflow/example_dags/example_latest_only_with_trigger.py
[2024-03-22T10:53:31.231+0000] {processor.py:830} INFO - Processing file /home/airflow/.local/lib/python3.8/site-packages/airflow/example_dags/example_latest_only_with_trigger.py for tasks to queue
[2024-03-22T10:53:31.233+0000] {logging_mixin.py:188} INFO - [2024-03-22T10:53:31.232+0000] {dagbag.py:540} INFO - Filling up the DagBag from /home/airflow/.local/lib/python3.8/site-packages/airflow/example_dags/example_latest_only_with_trigger.py
[2024-03-22T10:53:31.236+0000] {processor.py:840} INFO - DAG(s) 'latest_only_with_trigger' retrieved from /home/airflow/.local/lib/python3.8/site-packages/airflow/example_dags/example_latest_only_with_trigger.py
[2024-03-22T10:53:31.251+0000] {logging_mixin.py:188} INFO - [2024-03-22T10:53:31.251+0000] {dag.py:3047} INFO - Sync 1 DAGs
[2024-03-22T10:53:31.265+0000] {logging_mixin.py:188} INFO - [2024-03-22T10:53:31.265+0000] {dag.py:3834} INFO - Setting next_dagrun for latest_only_with_trigger to 2024-03-22 04:00:00+00:00, run_after=2024-03-22 08:00:00+00:00
[2024-03-22T10:53:31.280+0000] {processor.py:183} INFO - Processing /home/airflow/.local/lib/python3.8/site-packages/airflow/example_dags/example_latest_only_with_trigger.py took 0.052 seconds
[2024-03-22T10:54:01.455+0000] {processor.py:161} INFO - Started process (PID=461) to work on /home/airflow/.local/lib/python3.8/site-packages/airflow/example_dags/example_latest_only_with_trigger.py
[2024-03-22T10:54:01.456+0000] {processor.py:830} INFO - Processing file /home/airflow/.local/lib/python3.8/site-packages/airflow/example_dags/example_latest_only_with_trigger.py for tasks to queue
[2024-03-22T10:54:01.458+0000] {logging_mixin.py:188} INFO - [2024-03-22T10:54:01.457+0000] {dagbag.py:540} INFO - Filling up the DagBag from /home/airflow/.local/lib/python3.8/site-packages/airflow/example_dags/example_latest_only_with_trigger.py
[2024-03-22T10:54:01.462+0000] {processor.py:840} INFO - DAG(s) 'latest_only_with_trigger' retrieved from /home/airflow/.local/lib/python3.8/site-packages/airflow/example_dags/example_latest_only_with_trigger.py
[2024-03-22T10:54:01.477+0000] {logging_mixin.py:188} INFO - [2024-03-22T10:54:01.476+0000] {dag.py:3047} INFO - Sync 1 DAGs
[2024-03-22T10:54:01.495+0000] {logging_mixin.py:188} INFO - [2024-03-22T10:54:01.495+0000] {dag.py:3834} INFO - Setting next_dagrun for latest_only_with_trigger to 2024-03-22 04:00:00+00:00, run_after=2024-03-22 08:00:00+00:00
[2024-03-22T10:54:01.508+0000] {processor.py:183} INFO - Processing /home/airflow/.local/lib/python3.8/site-packages/airflow/example_dags/example_latest_only_with_trigger.py took 0.056 seconds
[2024-03-22T10:54:31.693+0000] {processor.py:161} INFO - Started process (PID=516) to work on /home/airflow/.local/lib/python3.8/site-packages/airflow/example_dags/example_latest_only_with_trigger.py
[2024-03-22T10:54:31.694+0000] {processor.py:830} INFO - Processing file /home/airflow/.local/lib/python3.8/site-packages/airflow/example_dags/example_latest_only_with_trigger.py for tasks to queue
[2024-03-22T10:54:31.695+0000] {logging_mixin.py:188} INFO - [2024-03-22T10:54:31.695+0000] {dagbag.py:540} INFO - Filling up the DagBag from /home/airflow/.local/lib/python3.8/site-packages/airflow/example_dags/example_latest_only_with_trigger.py
[2024-03-22T10:54:31.699+0000] {processor.py:840} INFO - DAG(s) 'latest_only_with_trigger' retrieved from /home/airflow/.local/lib/python3.8/site-packages/airflow/example_dags/example_latest_only_with_trigger.py
[2024-03-22T10:54:31.714+0000] {logging_mixin.py:188} INFO - [2024-03-22T10:54:31.713+0000] {dag.py:3047} INFO - Sync 1 DAGs
[2024-03-22T10:54:31.729+0000] {logging_mixin.py:188} INFO - [2024-03-22T10:54:31.729+0000] {dag.py:3834} INFO - Setting next_dagrun for latest_only_with_trigger to 2024-03-22 04:00:00+00:00, run_after=2024-03-22 08:00:00+00:00
[2024-03-22T10:54:31.744+0000] {processor.py:183} INFO - Processing /home/airflow/.local/lib/python3.8/site-packages/airflow/example_dags/example_latest_only_with_trigger.py took 0.054 seconds
[2024-03-22T10:55:01.924+0000] {processor.py:161} INFO - Started process (PID=571) to work on /home/airflow/.local/lib/python3.8/site-packages/airflow/example_dags/example_latest_only_with_trigger.py
[2024-03-22T10:55:01.925+0000] {processor.py:830} INFO - Processing file /home/airflow/.local/lib/python3.8/site-packages/airflow/example_dags/example_latest_only_with_trigger.py for tasks to queue
[2024-03-22T10:55:01.926+0000] {logging_mixin.py:188} INFO - [2024-03-22T10:55:01.926+0000] {dagbag.py:540} INFO - Filling up the DagBag from /home/airflow/.local/lib/python3.8/site-packages/airflow/example_dags/example_latest_only_with_trigger.py
[2024-03-22T10:55:01.931+0000] {processor.py:840} INFO - DAG(s) 'latest_only_with_trigger' retrieved from /home/airflow/.local/lib/python3.8/site-packages/airflow/example_dags/example_latest_only_with_trigger.py
[2024-03-22T10:55:01.947+0000] {logging_mixin.py:188} INFO - [2024-03-22T10:55:01.947+0000] {dag.py:3047} INFO - Sync 1 DAGs
[2024-03-22T10:55:01.963+0000] {logging_mixin.py:188} INFO - [2024-03-22T10:55:01.963+0000] {dag.py:3834} INFO - Setting next_dagrun for latest_only_with_trigger to 2024-03-22 04:00:00+00:00, run_after=2024-03-22 08:00:00+00:00
[2024-03-22T10:55:01.980+0000] {processor.py:183} INFO - Processing /home/airflow/.local/lib/python3.8/site-packages/airflow/example_dags/example_latest_only_with_trigger.py took 0.058 seconds
[2024-03-22T10:55:32.200+0000] {processor.py:161} INFO - Started process (PID=626) to work on /home/airflow/.local/lib/python3.8/site-packages/airflow/example_dags/example_latest_only_with_trigger.py
[2024-03-22T10:55:32.201+0000] {processor.py:830} INFO - Processing file /home/airflow/.local/lib/python3.8/site-packages/airflow/example_dags/example_latest_only_with_trigger.py for tasks to queue
[2024-03-22T10:55:32.202+0000] {logging_mixin.py:188} INFO - [2024-03-22T10:55:32.202+0000] {dagbag.py:540} INFO - Filling up the DagBag from /home/airflow/.local/lib/python3.8/site-packages/airflow/example_dags/example_latest_only_with_trigger.py
[2024-03-22T10:55:32.207+0000] {processor.py:840} INFO - DAG(s) 'latest_only_with_trigger' retrieved from /home/airflow/.local/lib/python3.8/site-packages/airflow/example_dags/example_latest_only_with_trigger.py
[2024-03-22T10:55:32.223+0000] {logging_mixin.py:188} INFO - [2024-03-22T10:55:32.223+0000] {dag.py:3047} INFO - Sync 1 DAGs
[2024-03-22T10:55:32.244+0000] {logging_mixin.py:188} INFO - [2024-03-22T10:55:32.244+0000] {dag.py:3834} INFO - Setting next_dagrun for latest_only_with_trigger to 2024-03-22 04:00:00+00:00, run_after=2024-03-22 08:00:00+00:00
[2024-03-22T10:55:32.258+0000] {processor.py:183} INFO - Processing /home/airflow/.local/lib/python3.8/site-packages/airflow/example_dags/example_latest_only_with_trigger.py took 0.061 seconds
[2024-03-22T10:56:02.657+0000] {processor.py:161} INFO - Started process (PID=681) to work on /home/airflow/.local/lib/python3.8/site-packages/airflow/example_dags/example_latest_only_with_trigger.py
[2024-03-22T10:56:02.659+0000] {processor.py:830} INFO - Processing file /home/airflow/.local/lib/python3.8/site-packages/airflow/example_dags/example_latest_only_with_trigger.py for tasks to queue
[2024-03-22T10:56:02.661+0000] {logging_mixin.py:188} INFO - [2024-03-22T10:56:02.660+0000] {dagbag.py:540} INFO - Filling up the DagBag from /home/airflow/.local/lib/python3.8/site-packages/airflow/example_dags/example_latest_only_with_trigger.py
[2024-03-22T10:56:02.667+0000] {processor.py:840} INFO - DAG(s) 'latest_only_with_trigger' retrieved from /home/airflow/.local/lib/python3.8/site-packages/airflow/example_dags/example_latest_only_with_trigger.py
[2024-03-22T10:56:02.686+0000] {logging_mixin.py:188} INFO - [2024-03-22T10:56:02.686+0000] {dag.py:3047} INFO - Sync 1 DAGs
[2024-03-22T10:56:02.704+0000] {logging_mixin.py:188} INFO - [2024-03-22T10:56:02.704+0000] {dag.py:3834} INFO - Setting next_dagrun for latest_only_with_trigger to 2024-03-22 04:00:00+00:00, run_after=2024-03-22 08:00:00+00:00
[2024-03-22T10:56:02.719+0000] {processor.py:183} INFO - Processing /home/airflow/.local/lib/python3.8/site-packages/airflow/example_dags/example_latest_only_with_trigger.py took 0.065 seconds
[2024-03-22T10:56:32.854+0000] {processor.py:161} INFO - Started process (PID=736) to work on /home/airflow/.local/lib/python3.8/site-packages/airflow/example_dags/example_latest_only_with_trigger.py
[2024-03-22T10:56:32.855+0000] {processor.py:830} INFO - Processing file /home/airflow/.local/lib/python3.8/site-packages/airflow/example_dags/example_latest_only_with_trigger.py for tasks to queue
[2024-03-22T10:56:32.857+0000] {logging_mixin.py:188} INFO - [2024-03-22T10:56:32.857+0000] {dagbag.py:540} INFO - Filling up the DagBag from /home/airflow/.local/lib/python3.8/site-packages/airflow/example_dags/example_latest_only_with_trigger.py
[2024-03-22T10:56:32.862+0000] {processor.py:840} INFO - DAG(s) 'latest_only_with_trigger' retrieved from /home/airflow/.local/lib/python3.8/site-packages/airflow/example_dags/example_latest_only_with_trigger.py
[2024-03-22T10:56:32.877+0000] {logging_mixin.py:188} INFO - [2024-03-22T10:56:32.877+0000] {dag.py:3047} INFO - Sync 1 DAGs
[2024-03-22T10:56:32.891+0000] {logging_mixin.py:188} INFO - [2024-03-22T10:56:32.891+0000] {dag.py:3834} INFO - Setting next_dagrun for latest_only_with_trigger to 2024-03-22 04:00:00+00:00, run_after=2024-03-22 08:00:00+00:00
[2024-03-22T10:56:32.909+0000] {processor.py:183} INFO - Processing /home/airflow/.local/lib/python3.8/site-packages/airflow/example_dags/example_latest_only_with_trigger.py took 0.057 seconds
[2024-03-22T10:57:02.983+0000] {processor.py:161} INFO - Started process (PID=791) to work on /home/airflow/.local/lib/python3.8/site-packages/airflow/example_dags/example_latest_only_with_trigger.py
[2024-03-22T10:57:02.984+0000] {processor.py:830} INFO - Processing file /home/airflow/.local/lib/python3.8/site-packages/airflow/example_dags/example_latest_only_with_trigger.py for tasks to queue
[2024-03-22T10:57:02.987+0000] {logging_mixin.py:188} INFO - [2024-03-22T10:57:02.986+0000] {dagbag.py:540} INFO - Filling up the DagBag from /home/airflow/.local/lib/python3.8/site-packages/airflow/example_dags/example_latest_only_with_trigger.py
[2024-03-22T10:57:02.992+0000] {processor.py:840} INFO - DAG(s) 'latest_only_with_trigger' retrieved from /home/airflow/.local/lib/python3.8/site-packages/airflow/example_dags/example_latest_only_with_trigger.py
[2024-03-22T10:57:03.009+0000] {logging_mixin.py:188} INFO - [2024-03-22T10:57:03.008+0000] {dag.py:3047} INFO - Sync 1 DAGs
[2024-03-22T10:57:03.025+0000] {logging_mixin.py:188} INFO - [2024-03-22T10:57:03.024+0000] {dag.py:3834} INFO - Setting next_dagrun for latest_only_with_trigger to 2024-03-22 04:00:00+00:00, run_after=2024-03-22 08:00:00+00:00
[2024-03-22T10:57:03.038+0000] {processor.py:183} INFO - Processing /home/airflow/.local/lib/python3.8/site-packages/airflow/example_dags/example_latest_only_with_trigger.py took 0.058 seconds
[2024-03-22T10:57:33.135+0000] {processor.py:161} INFO - Started process (PID=846) to work on /home/airflow/.local/lib/python3.8/site-packages/airflow/example_dags/example_latest_only_with_trigger.py
[2024-03-22T10:57:33.136+0000] {processor.py:830} INFO - Processing file /home/airflow/.local/lib/python3.8/site-packages/airflow/example_dags/example_latest_only_with_trigger.py for tasks to queue
[2024-03-22T10:57:33.137+0000] {logging_mixin.py:188} INFO - [2024-03-22T10:57:33.137+0000] {dagbag.py:540} INFO - Filling up the DagBag from /home/airflow/.local/lib/python3.8/site-packages/airflow/example_dags/example_latest_only_with_trigger.py
[2024-03-22T10:57:33.143+0000] {processor.py:840} INFO - DAG(s) 'latest_only_with_trigger' retrieved from /home/airflow/.local/lib/python3.8/site-packages/airflow/example_dags/example_latest_only_with_trigger.py
[2024-03-22T10:57:33.159+0000] {logging_mixin.py:188} INFO - [2024-03-22T10:57:33.159+0000] {dag.py:3047} INFO - Sync 1 DAGs
[2024-03-22T10:57:33.177+0000] {logging_mixin.py:188} INFO - [2024-03-22T10:57:33.177+0000] {dag.py:3834} INFO - Setting next_dagrun for latest_only_with_trigger to 2024-03-22 04:00:00+00:00, run_after=2024-03-22 08:00:00+00:00
[2024-03-22T10:57:33.194+0000] {processor.py:183} INFO - Processing /home/airflow/.local/lib/python3.8/site-packages/airflow/example_dags/example_latest_only_with_trigger.py took 0.062 seconds
[2024-03-22T10:58:03.338+0000] {processor.py:161} INFO - Started process (PID=901) to work on /home/airflow/.local/lib/python3.8/site-packages/airflow/example_dags/example_latest_only_with_trigger.py
[2024-03-22T10:58:03.339+0000] {processor.py:830} INFO - Processing file /home/airflow/.local/lib/python3.8/site-packages/airflow/example_dags/example_latest_only_with_trigger.py for tasks to queue
[2024-03-22T10:58:03.340+0000] {logging_mixin.py:188} INFO - [2024-03-22T10:58:03.340+0000] {dagbag.py:540} INFO - Filling up the DagBag from /home/airflow/.local/lib/python3.8/site-packages/airflow/example_dags/example_latest_only_with_trigger.py
[2024-03-22T10:58:03.345+0000] {processor.py:840} INFO - DAG(s) 'latest_only_with_trigger' retrieved from /home/airflow/.local/lib/python3.8/site-packages/airflow/example_dags/example_latest_only_with_trigger.py
[2024-03-22T10:58:03.360+0000] {logging_mixin.py:188} INFO - [2024-03-22T10:58:03.360+0000] {dag.py:3047} INFO - Sync 1 DAGs
[2024-03-22T10:58:03.376+0000] {logging_mixin.py:188} INFO - [2024-03-22T10:58:03.376+0000] {dag.py:3834} INFO - Setting next_dagrun for latest_only_with_trigger to 2024-03-22 04:00:00+00:00, run_after=2024-03-22 08:00:00+00:00
[2024-03-22T10:58:03.392+0000] {processor.py:183} INFO - Processing /home/airflow/.local/lib/python3.8/site-packages/airflow/example_dags/example_latest_only_with_trigger.py took 0.057 seconds
[2024-03-22T10:58:33.517+0000] {processor.py:161} INFO - Started process (PID=956) to work on /home/airflow/.local/lib/python3.8/site-packages/airflow/example_dags/example_latest_only_with_trigger.py
[2024-03-22T10:58:33.518+0000] {processor.py:830} INFO - Processing file /home/airflow/.local/lib/python3.8/site-packages/airflow/example_dags/example_latest_only_with_trigger.py for tasks to queue
[2024-03-22T10:58:33.520+0000] {logging_mixin.py:188} INFO - [2024-03-22T10:58:33.519+0000] {dagbag.py:540} INFO - Filling up the DagBag from /home/airflow/.local/lib/python3.8/site-packages/airflow/example_dags/example_latest_only_with_trigger.py
[2024-03-22T10:58:33.526+0000] {processor.py:840} INFO - DAG(s) 'latest_only_with_trigger' retrieved from /home/airflow/.local/lib/python3.8/site-packages/airflow/example_dags/example_latest_only_with_trigger.py
[2024-03-22T10:58:33.544+0000] {logging_mixin.py:188} INFO - [2024-03-22T10:58:33.544+0000] {dag.py:3047} INFO - Sync 1 DAGs
[2024-03-22T10:58:33.561+0000] {logging_mixin.py:188} INFO - [2024-03-22T10:58:33.561+0000] {dag.py:3834} INFO - Setting next_dagrun for latest_only_with_trigger to 2024-03-22 04:00:00+00:00, run_after=2024-03-22 08:00:00+00:00
[2024-03-22T10:58:33.577+0000] {processor.py:183} INFO - Processing /home/airflow/.local/lib/python3.8/site-packages/airflow/example_dags/example_latest_only_with_trigger.py took 0.064 seconds
[2024-03-22T10:59:03.657+0000] {processor.py:161} INFO - Started process (PID=1011) to work on /home/airflow/.local/lib/python3.8/site-packages/airflow/example_dags/example_latest_only_with_trigger.py
[2024-03-22T10:59:03.657+0000] {processor.py:830} INFO - Processing file /home/airflow/.local/lib/python3.8/site-packages/airflow/example_dags/example_latest_only_with_trigger.py for tasks to queue
[2024-03-22T10:59:03.659+0000] {logging_mixin.py:188} INFO - [2024-03-22T10:59:03.659+0000] {dagbag.py:540} INFO - Filling up the DagBag from /home/airflow/.local/lib/python3.8/site-packages/airflow/example_dags/example_latest_only_with_trigger.py
[2024-03-22T10:59:03.665+0000] {processor.py:840} INFO - DAG(s) 'latest_only_with_trigger' retrieved from /home/airflow/.local/lib/python3.8/site-packages/airflow/example_dags/example_latest_only_with_trigger.py
[2024-03-22T10:59:03.683+0000] {logging_mixin.py:188} INFO - [2024-03-22T10:59:03.683+0000] {dag.py:3047} INFO - Sync 1 DAGs
[2024-03-22T10:59:03.704+0000] {logging_mixin.py:188} INFO - [2024-03-22T10:59:03.704+0000] {dag.py:3834} INFO - Setting next_dagrun for latest_only_with_trigger to 2024-03-22 04:00:00+00:00, run_after=2024-03-22 08:00:00+00:00
[2024-03-22T10:59:03.722+0000] {processor.py:183} INFO - Processing /home/airflow/.local/lib/python3.8/site-packages/airflow/example_dags/example_latest_only_with_trigger.py took 0.067 seconds
[2024-03-22T10:59:33.893+0000] {processor.py:161} INFO - Started process (PID=1066) to work on /home/airflow/.local/lib/python3.8/site-packages/airflow/example_dags/example_latest_only_with_trigger.py
[2024-03-22T10:59:33.894+0000] {processor.py:830} INFO - Processing file /home/airflow/.local/lib/python3.8/site-packages/airflow/example_dags/example_latest_only_with_trigger.py for tasks to queue
[2024-03-22T10:59:33.896+0000] {logging_mixin.py:188} INFO - [2024-03-22T10:59:33.895+0000] {dagbag.py:540} INFO - Filling up the DagBag from /home/airflow/.local/lib/python3.8/site-packages/airflow/example_dags/example_latest_only_with_trigger.py
[2024-03-22T10:59:33.900+0000] {processor.py:840} INFO - DAG(s) 'latest_only_with_trigger' retrieved from /home/airflow/.local/lib/python3.8/site-packages/airflow/example_dags/example_latest_only_with_trigger.py
[2024-03-22T10:59:33.916+0000] {logging_mixin.py:188} INFO - [2024-03-22T10:59:33.916+0000] {dag.py:3047} INFO - Sync 1 DAGs
[2024-03-22T10:59:33.932+0000] {logging_mixin.py:188} INFO - [2024-03-22T10:59:33.932+0000] {dag.py:3834} INFO - Setting next_dagrun for latest_only_with_trigger to 2024-03-22 04:00:00+00:00, run_after=2024-03-22 08:00:00+00:00
[2024-03-22T10:59:33.946+0000] {processor.py:183} INFO - Processing /home/airflow/.local/lib/python3.8/site-packages/airflow/example_dags/example_latest_only_with_trigger.py took 0.055 seconds
[2024-03-22T11:00:04.012+0000] {processor.py:161} INFO - Started process (PID=1121) to work on /home/airflow/.local/lib/python3.8/site-packages/airflow/example_dags/example_latest_only_with_trigger.py
[2024-03-22T11:00:04.013+0000] {processor.py:830} INFO - Processing file /home/airflow/.local/lib/python3.8/site-packages/airflow/example_dags/example_latest_only_with_trigger.py for tasks to queue
[2024-03-22T11:00:04.014+0000] {logging_mixin.py:188} INFO - [2024-03-22T11:00:04.014+0000] {dagbag.py:540} INFO - Filling up the DagBag from /home/airflow/.local/lib/python3.8/site-packages/airflow/example_dags/example_latest_only_with_trigger.py
[2024-03-22T11:00:04.018+0000] {processor.py:840} INFO - DAG(s) 'latest_only_with_trigger' retrieved from /home/airflow/.local/lib/python3.8/site-packages/airflow/example_dags/example_latest_only_with_trigger.py
[2024-03-22T11:00:04.033+0000] {logging_mixin.py:188} INFO - [2024-03-22T11:00:04.033+0000] {dag.py:3047} INFO - Sync 1 DAGs
[2024-03-22T11:00:04.049+0000] {logging_mixin.py:188} INFO - [2024-03-22T11:00:04.049+0000] {dag.py:3834} INFO - Setting next_dagrun for latest_only_with_trigger to 2024-03-22 04:00:00+00:00, run_after=2024-03-22 08:00:00+00:00
[2024-03-22T11:00:04.062+0000] {processor.py:183} INFO - Processing /home/airflow/.local/lib/python3.8/site-packages/airflow/example_dags/example_latest_only_with_trigger.py took 0.052 seconds
[2024-03-22T11:00:34.105+0000] {processor.py:161} INFO - Started process (PID=1176) to work on /home/airflow/.local/lib/python3.8/site-packages/airflow/example_dags/example_latest_only_with_trigger.py
[2024-03-22T11:00:34.106+0000] {processor.py:830} INFO - Processing file /home/airflow/.local/lib/python3.8/site-packages/airflow/example_dags/example_latest_only_with_trigger.py for tasks to queue
[2024-03-22T11:00:34.107+0000] {logging_mixin.py:188} INFO - [2024-03-22T11:00:34.107+0000] {dagbag.py:540} INFO - Filling up the DagBag from /home/airflow/.local/lib/python3.8/site-packages/airflow/example_dags/example_latest_only_with_trigger.py
[2024-03-22T11:00:34.112+0000] {processor.py:840} INFO - DAG(s) 'latest_only_with_trigger' retrieved from /home/airflow/.local/lib/python3.8/site-packages/airflow/example_dags/example_latest_only_with_trigger.py
[2024-03-22T11:00:34.127+0000] {logging_mixin.py:188} INFO - [2024-03-22T11:00:34.127+0000] {dag.py:3047} INFO - Sync 1 DAGs
[2024-03-22T11:00:34.143+0000] {logging_mixin.py:188} INFO - [2024-03-22T11:00:34.143+0000] {dag.py:3834} INFO - Setting next_dagrun for latest_only_with_trigger to 2024-03-22 04:00:00+00:00, run_after=2024-03-22 08:00:00+00:00
[2024-03-22T11:00:34.166+0000] {processor.py:183} INFO - Processing /home/airflow/.local/lib/python3.8/site-packages/airflow/example_dags/example_latest_only_with_trigger.py took 0.062 seconds
[2024-03-22T11:01:04.306+0000] {processor.py:161} INFO - Started process (PID=1231) to work on /home/airflow/.local/lib/python3.8/site-packages/airflow/example_dags/example_latest_only_with_trigger.py
[2024-03-22T11:01:04.307+0000] {processor.py:830} INFO - Processing file /home/airflow/.local/lib/python3.8/site-packages/airflow/example_dags/example_latest_only_with_trigger.py for tasks to queue
[2024-03-22T11:01:04.309+0000] {logging_mixin.py:188} INFO - [2024-03-22T11:01:04.309+0000] {dagbag.py:540} INFO - Filling up the DagBag from /home/airflow/.local/lib/python3.8/site-packages/airflow/example_dags/example_latest_only_with_trigger.py
[2024-03-22T11:01:04.313+0000] {processor.py:840} INFO - DAG(s) 'latest_only_with_trigger' retrieved from /home/airflow/.local/lib/python3.8/site-packages/airflow/example_dags/example_latest_only_with_trigger.py
[2024-03-22T11:01:04.327+0000] {logging_mixin.py:188} INFO - [2024-03-22T11:01:04.327+0000] {dag.py:3047} INFO - Sync 1 DAGs
[2024-03-22T11:01:04.342+0000] {logging_mixin.py:188} INFO - [2024-03-22T11:01:04.342+0000] {dag.py:3834} INFO - Setting next_dagrun for latest_only_with_trigger to 2024-03-22 04:00:00+00:00, run_after=2024-03-22 08:00:00+00:00
[2024-03-22T11:01:04.364+0000] {processor.py:183} INFO - Processing /home/airflow/.local/lib/python3.8/site-packages/airflow/example_dags/example_latest_only_with_trigger.py took 0.060 seconds
