[2024-03-22T10:50:26.412+0000] {processor.py:161} INFO - Started process (PID=70) to work on /home/airflow/.local/lib/python3.8/site-packages/airflow/example_dags/example_bash_operator.py
[2024-03-22T10:50:26.413+0000] {processor.py:830} INFO - Processing file /home/airflow/.local/lib/python3.8/site-packages/airflow/example_dags/example_bash_operator.py for tasks to queue
[2024-03-22T10:50:26.415+0000] {logging_mixin.py:188} INFO - [2024-03-22T10:50:26.415+0000] {dagbag.py:540} INFO - Filling up the DagBag from /home/airflow/.local/lib/python3.8/site-packages/airflow/example_dags/example_bash_operator.py
[2024-03-22T10:50:26.428+0000] {processor.py:840} INFO - DAG(s) 'example_bash_operator' retrieved from /home/airflow/.local/lib/python3.8/site-packages/airflow/example_dags/example_bash_operator.py
[2024-03-22T10:50:26.437+0000] {logging_mixin.py:188} INFO - [2024-03-22T10:50:26.437+0000] {dag.py:3047} INFO - Sync 1 DAGs
[2024-03-22T10:50:26.456+0000] {logging_mixin.py:188} INFO - [2024-03-22T10:50:26.456+0000] {dag.py:3834} INFO - Setting next_dagrun for example_bash_operator to 2024-03-21 00:00:00+00:00, run_after=2024-03-22 00:00:00+00:00
[2024-03-22T10:50:26.472+0000] {processor.py:183} INFO - Processing /home/airflow/.local/lib/python3.8/site-packages/airflow/example_dags/example_bash_operator.py took 0.063 seconds
[2024-03-22T10:50:58.174+0000] {processor.py:161} INFO - Started process (PID=124) to work on /home/airflow/.local/lib/python3.8/site-packages/airflow/example_dags/example_bash_operator.py
[2024-03-22T10:50:58.176+0000] {processor.py:830} INFO - Processing file /home/airflow/.local/lib/python3.8/site-packages/airflow/example_dags/example_bash_operator.py for tasks to queue
[2024-03-22T10:50:58.181+0000] {logging_mixin.py:188} INFO - [2024-03-22T10:50:58.180+0000] {dagbag.py:540} INFO - Filling up the DagBag from /home/airflow/.local/lib/python3.8/site-packages/airflow/example_dags/example_bash_operator.py
[2024-03-22T10:50:58.197+0000] {processor.py:840} INFO - DAG(s) 'example_bash_operator' retrieved from /home/airflow/.local/lib/python3.8/site-packages/airflow/example_dags/example_bash_operator.py
[2024-03-22T10:50:58.395+0000] {logging_mixin.py:188} INFO - [2024-03-22T10:50:58.395+0000] {dag.py:3047} INFO - Sync 1 DAGs
[2024-03-22T10:50:58.438+0000] {logging_mixin.py:188} INFO - [2024-03-22T10:50:58.438+0000] {dag.py:3834} INFO - Setting next_dagrun for example_bash_operator to 2024-03-21 00:00:00+00:00, run_after=2024-03-22 00:00:00+00:00
[2024-03-22T10:50:58.491+0000] {processor.py:183} INFO - Processing /home/airflow/.local/lib/python3.8/site-packages/airflow/example_dags/example_bash_operator.py took 0.321 seconds
[2024-03-22T10:51:28.966+0000] {processor.py:161} INFO - Started process (PID=179) to work on /home/airflow/.local/lib/python3.8/site-packages/airflow/example_dags/example_bash_operator.py
[2024-03-22T10:51:28.967+0000] {processor.py:830} INFO - Processing file /home/airflow/.local/lib/python3.8/site-packages/airflow/example_dags/example_bash_operator.py for tasks to queue
[2024-03-22T10:51:28.970+0000] {logging_mixin.py:188} INFO - [2024-03-22T10:51:28.969+0000] {dagbag.py:540} INFO - Filling up the DagBag from /home/airflow/.local/lib/python3.8/site-packages/airflow/example_dags/example_bash_operator.py
[2024-03-22T10:51:28.978+0000] {processor.py:840} INFO - DAG(s) 'example_bash_operator' retrieved from /home/airflow/.local/lib/python3.8/site-packages/airflow/example_dags/example_bash_operator.py
[2024-03-22T10:51:28.998+0000] {logging_mixin.py:188} INFO - [2024-03-22T10:51:28.998+0000] {dag.py:3047} INFO - Sync 1 DAGs
[2024-03-22T10:51:29.013+0000] {logging_mixin.py:188} INFO - [2024-03-22T10:51:29.013+0000] {dag.py:3834} INFO - Setting next_dagrun for example_bash_operator to 2024-03-21 00:00:00+00:00, run_after=2024-03-22 00:00:00+00:00
[2024-03-22T10:51:29.036+0000] {processor.py:183} INFO - Processing /home/airflow/.local/lib/python3.8/site-packages/airflow/example_dags/example_bash_operator.py took 0.072 seconds
[2024-03-22T10:51:59.193+0000] {processor.py:161} INFO - Started process (PID=234) to work on /home/airflow/.local/lib/python3.8/site-packages/airflow/example_dags/example_bash_operator.py
[2024-03-22T10:51:59.194+0000] {processor.py:830} INFO - Processing file /home/airflow/.local/lib/python3.8/site-packages/airflow/example_dags/example_bash_operator.py for tasks to queue
[2024-03-22T10:51:59.196+0000] {logging_mixin.py:188} INFO - [2024-03-22T10:51:59.196+0000] {dagbag.py:540} INFO - Filling up the DagBag from /home/airflow/.local/lib/python3.8/site-packages/airflow/example_dags/example_bash_operator.py
[2024-03-22T10:51:59.205+0000] {processor.py:840} INFO - DAG(s) 'example_bash_operator' retrieved from /home/airflow/.local/lib/python3.8/site-packages/airflow/example_dags/example_bash_operator.py
[2024-03-22T10:51:59.229+0000] {logging_mixin.py:188} INFO - [2024-03-22T10:51:59.228+0000] {dag.py:3047} INFO - Sync 1 DAGs
[2024-03-22T10:51:59.246+0000] {logging_mixin.py:188} INFO - [2024-03-22T10:51:59.246+0000] {dag.py:3834} INFO - Setting next_dagrun for example_bash_operator to 2024-03-21 00:00:00+00:00, run_after=2024-03-22 00:00:00+00:00
[2024-03-22T10:51:59.270+0000] {processor.py:183} INFO - Processing /home/airflow/.local/lib/python3.8/site-packages/airflow/example_dags/example_bash_operator.py took 0.080 seconds
[2024-03-22T10:52:29.385+0000] {processor.py:161} INFO - Started process (PID=289) to work on /home/airflow/.local/lib/python3.8/site-packages/airflow/example_dags/example_bash_operator.py
[2024-03-22T10:52:29.386+0000] {processor.py:830} INFO - Processing file /home/airflow/.local/lib/python3.8/site-packages/airflow/example_dags/example_bash_operator.py for tasks to queue
[2024-03-22T10:52:29.387+0000] {logging_mixin.py:188} INFO - [2024-03-22T10:52:29.387+0000] {dagbag.py:540} INFO - Filling up the DagBag from /home/airflow/.local/lib/python3.8/site-packages/airflow/example_dags/example_bash_operator.py
[2024-03-22T10:52:29.395+0000] {processor.py:840} INFO - DAG(s) 'example_bash_operator' retrieved from /home/airflow/.local/lib/python3.8/site-packages/airflow/example_dags/example_bash_operator.py
[2024-03-22T10:52:29.416+0000] {logging_mixin.py:188} INFO - [2024-03-22T10:52:29.416+0000] {dag.py:3047} INFO - Sync 1 DAGs
[2024-03-22T10:52:29.432+0000] {logging_mixin.py:188} INFO - [2024-03-22T10:52:29.432+0000] {dag.py:3834} INFO - Setting next_dagrun for example_bash_operator to 2024-03-21 00:00:00+00:00, run_after=2024-03-22 00:00:00+00:00
[2024-03-22T10:52:29.456+0000] {processor.py:183} INFO - Processing /home/airflow/.local/lib/python3.8/site-packages/airflow/example_dags/example_bash_operator.py took 0.073 seconds
[2024-03-22T10:52:59.703+0000] {processor.py:161} INFO - Started process (PID=344) to work on /home/airflow/.local/lib/python3.8/site-packages/airflow/example_dags/example_bash_operator.py
[2024-03-22T10:52:59.704+0000] {processor.py:830} INFO - Processing file /home/airflow/.local/lib/python3.8/site-packages/airflow/example_dags/example_bash_operator.py for tasks to queue
[2024-03-22T10:52:59.705+0000] {logging_mixin.py:188} INFO - [2024-03-22T10:52:59.705+0000] {dagbag.py:540} INFO - Filling up the DagBag from /home/airflow/.local/lib/python3.8/site-packages/airflow/example_dags/example_bash_operator.py
[2024-03-22T10:52:59.714+0000] {processor.py:840} INFO - DAG(s) 'example_bash_operator' retrieved from /home/airflow/.local/lib/python3.8/site-packages/airflow/example_dags/example_bash_operator.py
[2024-03-22T10:52:59.737+0000] {logging_mixin.py:188} INFO - [2024-03-22T10:52:59.737+0000] {dag.py:3047} INFO - Sync 1 DAGs
[2024-03-22T10:52:59.753+0000] {logging_mixin.py:188} INFO - [2024-03-22T10:52:59.753+0000] {dag.py:3834} INFO - Setting next_dagrun for example_bash_operator to 2024-03-21 00:00:00+00:00, run_after=2024-03-22 00:00:00+00:00
[2024-03-22T10:52:59.776+0000] {processor.py:183} INFO - Processing /home/airflow/.local/lib/python3.8/site-packages/airflow/example_dags/example_bash_operator.py took 0.076 seconds
[2024-03-22T10:53:29.957+0000] {processor.py:161} INFO - Started process (PID=399) to work on /home/airflow/.local/lib/python3.8/site-packages/airflow/example_dags/example_bash_operator.py
[2024-03-22T10:53:29.957+0000] {processor.py:830} INFO - Processing file /home/airflow/.local/lib/python3.8/site-packages/airflow/example_dags/example_bash_operator.py for tasks to queue
[2024-03-22T10:53:29.959+0000] {logging_mixin.py:188} INFO - [2024-03-22T10:53:29.959+0000] {dagbag.py:540} INFO - Filling up the DagBag from /home/airflow/.local/lib/python3.8/site-packages/airflow/example_dags/example_bash_operator.py
[2024-03-22T10:53:29.968+0000] {processor.py:840} INFO - DAG(s) 'example_bash_operator' retrieved from /home/airflow/.local/lib/python3.8/site-packages/airflow/example_dags/example_bash_operator.py
[2024-03-22T10:53:29.991+0000] {logging_mixin.py:188} INFO - [2024-03-22T10:53:29.990+0000] {dag.py:3047} INFO - Sync 1 DAGs
[2024-03-22T10:53:30.008+0000] {logging_mixin.py:188} INFO - [2024-03-22T10:53:30.008+0000] {dag.py:3834} INFO - Setting next_dagrun for example_bash_operator to 2024-03-21 00:00:00+00:00, run_after=2024-03-22 00:00:00+00:00
[2024-03-22T10:53:30.021+0000] {processor.py:183} INFO - Processing /home/airflow/.local/lib/python3.8/site-packages/airflow/example_dags/example_bash_operator.py took 0.066 seconds
[2024-03-22T10:54:00.163+0000] {processor.py:161} INFO - Started process (PID=454) to work on /home/airflow/.local/lib/python3.8/site-packages/airflow/example_dags/example_bash_operator.py
[2024-03-22T10:54:00.164+0000] {processor.py:830} INFO - Processing file /home/airflow/.local/lib/python3.8/site-packages/airflow/example_dags/example_bash_operator.py for tasks to queue
[2024-03-22T10:54:00.166+0000] {logging_mixin.py:188} INFO - [2024-03-22T10:54:00.166+0000] {dagbag.py:540} INFO - Filling up the DagBag from /home/airflow/.local/lib/python3.8/site-packages/airflow/example_dags/example_bash_operator.py
[2024-03-22T10:54:00.178+0000] {processor.py:840} INFO - DAG(s) 'example_bash_operator' retrieved from /home/airflow/.local/lib/python3.8/site-packages/airflow/example_dags/example_bash_operator.py
[2024-03-22T10:54:00.201+0000] {logging_mixin.py:188} INFO - [2024-03-22T10:54:00.201+0000] {dag.py:3047} INFO - Sync 1 DAGs
[2024-03-22T10:54:00.221+0000] {logging_mixin.py:188} INFO - [2024-03-22T10:54:00.220+0000] {dag.py:3834} INFO - Setting next_dagrun for example_bash_operator to 2024-03-21 00:00:00+00:00, run_after=2024-03-22 00:00:00+00:00
[2024-03-22T10:54:00.236+0000] {processor.py:183} INFO - Processing /home/airflow/.local/lib/python3.8/site-packages/airflow/example_dags/example_bash_operator.py took 0.076 seconds
[2024-03-22T10:54:30.389+0000] {processor.py:161} INFO - Started process (PID=509) to work on /home/airflow/.local/lib/python3.8/site-packages/airflow/example_dags/example_bash_operator.py
[2024-03-22T10:54:30.390+0000] {processor.py:830} INFO - Processing file /home/airflow/.local/lib/python3.8/site-packages/airflow/example_dags/example_bash_operator.py for tasks to queue
[2024-03-22T10:54:30.392+0000] {logging_mixin.py:188} INFO - [2024-03-22T10:54:30.391+0000] {dagbag.py:540} INFO - Filling up the DagBag from /home/airflow/.local/lib/python3.8/site-packages/airflow/example_dags/example_bash_operator.py
[2024-03-22T10:54:30.400+0000] {processor.py:840} INFO - DAG(s) 'example_bash_operator' retrieved from /home/airflow/.local/lib/python3.8/site-packages/airflow/example_dags/example_bash_operator.py
[2024-03-22T10:54:30.425+0000] {logging_mixin.py:188} INFO - [2024-03-22T10:54:30.425+0000] {dag.py:3047} INFO - Sync 1 DAGs
[2024-03-22T10:54:30.442+0000] {logging_mixin.py:188} INFO - [2024-03-22T10:54:30.442+0000] {dag.py:3834} INFO - Setting next_dagrun for example_bash_operator to 2024-03-21 00:00:00+00:00, run_after=2024-03-22 00:00:00+00:00
[2024-03-22T10:54:30.455+0000] {processor.py:183} INFO - Processing /home/airflow/.local/lib/python3.8/site-packages/airflow/example_dags/example_bash_operator.py took 0.068 seconds
[2024-03-22T10:55:00.643+0000] {processor.py:161} INFO - Started process (PID=564) to work on /home/airflow/.local/lib/python3.8/site-packages/airflow/example_dags/example_bash_operator.py
[2024-03-22T10:55:00.643+0000] {processor.py:830} INFO - Processing file /home/airflow/.local/lib/python3.8/site-packages/airflow/example_dags/example_bash_operator.py for tasks to queue
[2024-03-22T10:55:00.645+0000] {logging_mixin.py:188} INFO - [2024-03-22T10:55:00.645+0000] {dagbag.py:540} INFO - Filling up the DagBag from /home/airflow/.local/lib/python3.8/site-packages/airflow/example_dags/example_bash_operator.py
[2024-03-22T10:55:00.653+0000] {processor.py:840} INFO - DAG(s) 'example_bash_operator' retrieved from /home/airflow/.local/lib/python3.8/site-packages/airflow/example_dags/example_bash_operator.py
[2024-03-22T10:55:00.675+0000] {logging_mixin.py:188} INFO - [2024-03-22T10:55:00.675+0000] {dag.py:3047} INFO - Sync 1 DAGs
[2024-03-22T10:55:00.692+0000] {logging_mixin.py:188} INFO - [2024-03-22T10:55:00.691+0000] {dag.py:3834} INFO - Setting next_dagrun for example_bash_operator to 2024-03-21 00:00:00+00:00, run_after=2024-03-22 00:00:00+00:00
[2024-03-22T10:55:00.705+0000] {processor.py:183} INFO - Processing /home/airflow/.local/lib/python3.8/site-packages/airflow/example_dags/example_bash_operator.py took 0.065 seconds
[2024-03-22T10:55:30.911+0000] {processor.py:161} INFO - Started process (PID=619) to work on /home/airflow/.local/lib/python3.8/site-packages/airflow/example_dags/example_bash_operator.py
[2024-03-22T10:55:30.912+0000] {processor.py:830} INFO - Processing file /home/airflow/.local/lib/python3.8/site-packages/airflow/example_dags/example_bash_operator.py for tasks to queue
[2024-03-22T10:55:30.914+0000] {logging_mixin.py:188} INFO - [2024-03-22T10:55:30.913+0000] {dagbag.py:540} INFO - Filling up the DagBag from /home/airflow/.local/lib/python3.8/site-packages/airflow/example_dags/example_bash_operator.py
[2024-03-22T10:55:30.923+0000] {processor.py:840} INFO - DAG(s) 'example_bash_operator' retrieved from /home/airflow/.local/lib/python3.8/site-packages/airflow/example_dags/example_bash_operator.py
[2024-03-22T10:55:30.946+0000] {logging_mixin.py:188} INFO - [2024-03-22T10:55:30.946+0000] {dag.py:3047} INFO - Sync 1 DAGs
[2024-03-22T10:55:30.966+0000] {logging_mixin.py:188} INFO - [2024-03-22T10:55:30.966+0000] {dag.py:3834} INFO - Setting next_dagrun for example_bash_operator to 2024-03-21 00:00:00+00:00, run_after=2024-03-22 00:00:00+00:00
[2024-03-22T10:55:30.982+0000] {processor.py:183} INFO - Processing /home/airflow/.local/lib/python3.8/site-packages/airflow/example_dags/example_bash_operator.py took 0.073 seconds
[2024-03-22T10:56:01.324+0000] {processor.py:161} INFO - Started process (PID=674) to work on /home/airflow/.local/lib/python3.8/site-packages/airflow/example_dags/example_bash_operator.py
[2024-03-22T10:56:01.325+0000] {processor.py:830} INFO - Processing file /home/airflow/.local/lib/python3.8/site-packages/airflow/example_dags/example_bash_operator.py for tasks to queue
[2024-03-22T10:56:01.326+0000] {logging_mixin.py:188} INFO - [2024-03-22T10:56:01.326+0000] {dagbag.py:540} INFO - Filling up the DagBag from /home/airflow/.local/lib/python3.8/site-packages/airflow/example_dags/example_bash_operator.py
[2024-03-22T10:56:01.334+0000] {processor.py:840} INFO - DAG(s) 'example_bash_operator' retrieved from /home/airflow/.local/lib/python3.8/site-packages/airflow/example_dags/example_bash_operator.py
[2024-03-22T10:56:01.355+0000] {logging_mixin.py:188} INFO - [2024-03-22T10:56:01.354+0000] {dag.py:3047} INFO - Sync 1 DAGs
[2024-03-22T10:56:01.371+0000] {logging_mixin.py:188} INFO - [2024-03-22T10:56:01.371+0000] {dag.py:3834} INFO - Setting next_dagrun for example_bash_operator to 2024-03-21 00:00:00+00:00, run_after=2024-03-22 00:00:00+00:00
[2024-03-22T10:56:01.385+0000] {processor.py:183} INFO - Processing /home/airflow/.local/lib/python3.8/site-packages/airflow/example_dags/example_bash_operator.py took 0.063 seconds
[2024-03-22T10:56:31.506+0000] {processor.py:161} INFO - Started process (PID=729) to work on /home/airflow/.local/lib/python3.8/site-packages/airflow/example_dags/example_bash_operator.py
[2024-03-22T10:56:31.506+0000] {processor.py:830} INFO - Processing file /home/airflow/.local/lib/python3.8/site-packages/airflow/example_dags/example_bash_operator.py for tasks to queue
[2024-03-22T10:56:31.508+0000] {logging_mixin.py:188} INFO - [2024-03-22T10:56:31.508+0000] {dagbag.py:540} INFO - Filling up the DagBag from /home/airflow/.local/lib/python3.8/site-packages/airflow/example_dags/example_bash_operator.py
[2024-03-22T10:56:31.517+0000] {processor.py:840} INFO - DAG(s) 'example_bash_operator' retrieved from /home/airflow/.local/lib/python3.8/site-packages/airflow/example_dags/example_bash_operator.py
[2024-03-22T10:56:31.538+0000] {logging_mixin.py:188} INFO - [2024-03-22T10:56:31.538+0000] {dag.py:3047} INFO - Sync 1 DAGs
[2024-03-22T10:56:31.555+0000] {logging_mixin.py:188} INFO - [2024-03-22T10:56:31.555+0000] {dag.py:3834} INFO - Setting next_dagrun for example_bash_operator to 2024-03-21 00:00:00+00:00, run_after=2024-03-22 00:00:00+00:00
[2024-03-22T10:56:31.578+0000] {processor.py:183} INFO - Processing /home/airflow/.local/lib/python3.8/site-packages/airflow/example_dags/example_bash_operator.py took 0.075 seconds
[2024-03-22T10:57:01.620+0000] {processor.py:161} INFO - Started process (PID=784) to work on /home/airflow/.local/lib/python3.8/site-packages/airflow/example_dags/example_bash_operator.py
[2024-03-22T10:57:01.621+0000] {processor.py:830} INFO - Processing file /home/airflow/.local/lib/python3.8/site-packages/airflow/example_dags/example_bash_operator.py for tasks to queue
[2024-03-22T10:57:01.623+0000] {logging_mixin.py:188} INFO - [2024-03-22T10:57:01.622+0000] {dagbag.py:540} INFO - Filling up the DagBag from /home/airflow/.local/lib/python3.8/site-packages/airflow/example_dags/example_bash_operator.py
[2024-03-22T10:57:01.631+0000] {processor.py:840} INFO - DAG(s) 'example_bash_operator' retrieved from /home/airflow/.local/lib/python3.8/site-packages/airflow/example_dags/example_bash_operator.py
[2024-03-22T10:57:01.656+0000] {logging_mixin.py:188} INFO - [2024-03-22T10:57:01.656+0000] {dag.py:3047} INFO - Sync 1 DAGs
[2024-03-22T10:57:01.676+0000] {logging_mixin.py:188} INFO - [2024-03-22T10:57:01.676+0000] {dag.py:3834} INFO - Setting next_dagrun for example_bash_operator to 2024-03-21 00:00:00+00:00, run_after=2024-03-22 00:00:00+00:00
[2024-03-22T10:57:01.690+0000] {processor.py:183} INFO - Processing /home/airflow/.local/lib/python3.8/site-packages/airflow/example_dags/example_bash_operator.py took 0.072 seconds
[2024-03-22T10:57:31.714+0000] {processor.py:161} INFO - Started process (PID=839) to work on /home/airflow/.local/lib/python3.8/site-packages/airflow/example_dags/example_bash_operator.py
[2024-03-22T10:57:31.715+0000] {processor.py:830} INFO - Processing file /home/airflow/.local/lib/python3.8/site-packages/airflow/example_dags/example_bash_operator.py for tasks to queue
[2024-03-22T10:57:31.717+0000] {logging_mixin.py:188} INFO - [2024-03-22T10:57:31.717+0000] {dagbag.py:540} INFO - Filling up the DagBag from /home/airflow/.local/lib/python3.8/site-packages/airflow/example_dags/example_bash_operator.py
[2024-03-22T10:57:31.726+0000] {processor.py:840} INFO - DAG(s) 'example_bash_operator' retrieved from /home/airflow/.local/lib/python3.8/site-packages/airflow/example_dags/example_bash_operator.py
[2024-03-22T10:57:31.746+0000] {logging_mixin.py:188} INFO - [2024-03-22T10:57:31.745+0000] {dag.py:3047} INFO - Sync 1 DAGs
[2024-03-22T10:57:31.760+0000] {logging_mixin.py:188} INFO - [2024-03-22T10:57:31.760+0000] {dag.py:3834} INFO - Setting next_dagrun for example_bash_operator to 2024-03-21 00:00:00+00:00, run_after=2024-03-22 00:00:00+00:00
[2024-03-22T10:57:31.781+0000] {processor.py:183} INFO - Processing /home/airflow/.local/lib/python3.8/site-packages/airflow/example_dags/example_bash_operator.py took 0.071 seconds
[2024-03-22T10:58:02.069+0000] {processor.py:161} INFO - Started process (PID=894) to work on /home/airflow/.local/lib/python3.8/site-packages/airflow/example_dags/example_bash_operator.py
[2024-03-22T10:58:02.070+0000] {processor.py:830} INFO - Processing file /home/airflow/.local/lib/python3.8/site-packages/airflow/example_dags/example_bash_operator.py for tasks to queue
[2024-03-22T10:58:02.071+0000] {logging_mixin.py:188} INFO - [2024-03-22T10:58:02.071+0000] {dagbag.py:540} INFO - Filling up the DagBag from /home/airflow/.local/lib/python3.8/site-packages/airflow/example_dags/example_bash_operator.py
[2024-03-22T10:58:02.080+0000] {processor.py:840} INFO - DAG(s) 'example_bash_operator' retrieved from /home/airflow/.local/lib/python3.8/site-packages/airflow/example_dags/example_bash_operator.py
[2024-03-22T10:58:02.100+0000] {logging_mixin.py:188} INFO - [2024-03-22T10:58:02.100+0000] {dag.py:3047} INFO - Sync 1 DAGs
[2024-03-22T10:58:02.117+0000] {logging_mixin.py:188} INFO - [2024-03-22T10:58:02.116+0000] {dag.py:3834} INFO - Setting next_dagrun for example_bash_operator to 2024-03-21 00:00:00+00:00, run_after=2024-03-22 00:00:00+00:00
[2024-03-22T10:58:02.140+0000] {processor.py:183} INFO - Processing /home/airflow/.local/lib/python3.8/site-packages/airflow/example_dags/example_bash_operator.py took 0.073 seconds
[2024-03-22T10:58:32.217+0000] {processor.py:161} INFO - Started process (PID=949) to work on /home/airflow/.local/lib/python3.8/site-packages/airflow/example_dags/example_bash_operator.py
[2024-03-22T10:58:32.217+0000] {processor.py:830} INFO - Processing file /home/airflow/.local/lib/python3.8/site-packages/airflow/example_dags/example_bash_operator.py for tasks to queue
[2024-03-22T10:58:32.219+0000] {logging_mixin.py:188} INFO - [2024-03-22T10:58:32.218+0000] {dagbag.py:540} INFO - Filling up the DagBag from /home/airflow/.local/lib/python3.8/site-packages/airflow/example_dags/example_bash_operator.py
[2024-03-22T10:58:32.228+0000] {processor.py:840} INFO - DAG(s) 'example_bash_operator' retrieved from /home/airflow/.local/lib/python3.8/site-packages/airflow/example_dags/example_bash_operator.py
[2024-03-22T10:58:32.249+0000] {logging_mixin.py:188} INFO - [2024-03-22T10:58:32.248+0000] {dag.py:3047} INFO - Sync 1 DAGs
[2024-03-22T10:58:32.265+0000] {logging_mixin.py:188} INFO - [2024-03-22T10:58:32.265+0000] {dag.py:3834} INFO - Setting next_dagrun for example_bash_operator to 2024-03-21 00:00:00+00:00, run_after=2024-03-22 00:00:00+00:00
[2024-03-22T10:58:32.279+0000] {processor.py:183} INFO - Processing /home/airflow/.local/lib/python3.8/site-packages/airflow/example_dags/example_bash_operator.py took 0.064 seconds
[2024-03-22T10:59:02.354+0000] {processor.py:161} INFO - Started process (PID=1004) to work on /home/airflow/.local/lib/python3.8/site-packages/airflow/example_dags/example_bash_operator.py
[2024-03-22T10:59:02.355+0000] {processor.py:830} INFO - Processing file /home/airflow/.local/lib/python3.8/site-packages/airflow/example_dags/example_bash_operator.py for tasks to queue
[2024-03-22T10:59:02.356+0000] {logging_mixin.py:188} INFO - [2024-03-22T10:59:02.356+0000] {dagbag.py:540} INFO - Filling up the DagBag from /home/airflow/.local/lib/python3.8/site-packages/airflow/example_dags/example_bash_operator.py
[2024-03-22T10:59:02.365+0000] {processor.py:840} INFO - DAG(s) 'example_bash_operator' retrieved from /home/airflow/.local/lib/python3.8/site-packages/airflow/example_dags/example_bash_operator.py
[2024-03-22T10:59:02.387+0000] {logging_mixin.py:188} INFO - [2024-03-22T10:59:02.387+0000] {dag.py:3047} INFO - Sync 1 DAGs
[2024-03-22T10:59:02.406+0000] {logging_mixin.py:188} INFO - [2024-03-22T10:59:02.406+0000] {dag.py:3834} INFO - Setting next_dagrun for example_bash_operator to 2024-03-21 00:00:00+00:00, run_after=2024-03-22 00:00:00+00:00
[2024-03-22T10:59:02.422+0000] {processor.py:183} INFO - Processing /home/airflow/.local/lib/python3.8/site-packages/airflow/example_dags/example_bash_operator.py took 0.071 seconds
[2024-03-22T10:59:32.556+0000] {processor.py:161} INFO - Started process (PID=1059) to work on /home/airflow/.local/lib/python3.8/site-packages/airflow/example_dags/example_bash_operator.py
[2024-03-22T10:59:32.557+0000] {processor.py:830} INFO - Processing file /home/airflow/.local/lib/python3.8/site-packages/airflow/example_dags/example_bash_operator.py for tasks to queue
[2024-03-22T10:59:32.559+0000] {logging_mixin.py:188} INFO - [2024-03-22T10:59:32.558+0000] {dagbag.py:540} INFO - Filling up the DagBag from /home/airflow/.local/lib/python3.8/site-packages/airflow/example_dags/example_bash_operator.py
[2024-03-22T10:59:32.567+0000] {processor.py:840} INFO - DAG(s) 'example_bash_operator' retrieved from /home/airflow/.local/lib/python3.8/site-packages/airflow/example_dags/example_bash_operator.py
[2024-03-22T10:59:32.588+0000] {logging_mixin.py:188} INFO - [2024-03-22T10:59:32.588+0000] {dag.py:3047} INFO - Sync 1 DAGs
[2024-03-22T10:59:32.603+0000] {logging_mixin.py:188} INFO - [2024-03-22T10:59:32.603+0000] {dag.py:3834} INFO - Setting next_dagrun for example_bash_operator to 2024-03-21 00:00:00+00:00, run_after=2024-03-22 00:00:00+00:00
[2024-03-22T10:59:32.626+0000] {processor.py:183} INFO - Processing /home/airflow/.local/lib/python3.8/site-packages/airflow/example_dags/example_bash_operator.py took 0.072 seconds
[2024-03-22T11:00:02.679+0000] {processor.py:161} INFO - Started process (PID=1114) to work on /home/airflow/.local/lib/python3.8/site-packages/airflow/example_dags/example_bash_operator.py
[2024-03-22T11:00:02.680+0000] {processor.py:830} INFO - Processing file /home/airflow/.local/lib/python3.8/site-packages/airflow/example_dags/example_bash_operator.py for tasks to queue
[2024-03-22T11:00:02.681+0000] {logging_mixin.py:188} INFO - [2024-03-22T11:00:02.681+0000] {dagbag.py:540} INFO - Filling up the DagBag from /home/airflow/.local/lib/python3.8/site-packages/airflow/example_dags/example_bash_operator.py
[2024-03-22T11:00:02.689+0000] {processor.py:840} INFO - DAG(s) 'example_bash_operator' retrieved from /home/airflow/.local/lib/python3.8/site-packages/airflow/example_dags/example_bash_operator.py
[2024-03-22T11:00:02.712+0000] {logging_mixin.py:188} INFO - [2024-03-22T11:00:02.712+0000] {dag.py:3047} INFO - Sync 1 DAGs
[2024-03-22T11:00:02.728+0000] {logging_mixin.py:188} INFO - [2024-03-22T11:00:02.728+0000] {dag.py:3834} INFO - Setting next_dagrun for example_bash_operator to 2024-03-21 00:00:00+00:00, run_after=2024-03-22 00:00:00+00:00
[2024-03-22T11:00:02.743+0000] {processor.py:183} INFO - Processing /home/airflow/.local/lib/python3.8/site-packages/airflow/example_dags/example_bash_operator.py took 0.066 seconds
[2024-03-22T11:00:32.858+0000] {processor.py:161} INFO - Started process (PID=1169) to work on /home/airflow/.local/lib/python3.8/site-packages/airflow/example_dags/example_bash_operator.py
[2024-03-22T11:00:32.859+0000] {processor.py:830} INFO - Processing file /home/airflow/.local/lib/python3.8/site-packages/airflow/example_dags/example_bash_operator.py for tasks to queue
[2024-03-22T11:00:32.861+0000] {logging_mixin.py:188} INFO - [2024-03-22T11:00:32.861+0000] {dagbag.py:540} INFO - Filling up the DagBag from /home/airflow/.local/lib/python3.8/site-packages/airflow/example_dags/example_bash_operator.py
[2024-03-22T11:00:32.869+0000] {processor.py:840} INFO - DAG(s) 'example_bash_operator' retrieved from /home/airflow/.local/lib/python3.8/site-packages/airflow/example_dags/example_bash_operator.py
[2024-03-22T11:00:32.892+0000] {logging_mixin.py:188} INFO - [2024-03-22T11:00:32.892+0000] {dag.py:3047} INFO - Sync 1 DAGs
[2024-03-22T11:00:32.912+0000] {logging_mixin.py:188} INFO - [2024-03-22T11:00:32.912+0000] {dag.py:3834} INFO - Setting next_dagrun for example_bash_operator to 2024-03-21 00:00:00+00:00, run_after=2024-03-22 00:00:00+00:00
[2024-03-22T11:00:32.925+0000] {processor.py:183} INFO - Processing /home/airflow/.local/lib/python3.8/site-packages/airflow/example_dags/example_bash_operator.py took 0.069 seconds
[2024-03-22T11:01:03.979+0000] {processor.py:161} INFO - Started process (PID=1224) to work on /home/airflow/.local/lib/python3.8/site-packages/airflow/example_dags/example_bash_operator.py
[2024-03-22T11:01:03.980+0000] {processor.py:830} INFO - Processing file /home/airflow/.local/lib/python3.8/site-packages/airflow/example_dags/example_bash_operator.py for tasks to queue
[2024-03-22T11:01:03.981+0000] {logging_mixin.py:188} INFO - [2024-03-22T11:01:03.981+0000] {dagbag.py:540} INFO - Filling up the DagBag from /home/airflow/.local/lib/python3.8/site-packages/airflow/example_dags/example_bash_operator.py
[2024-03-22T11:01:03.989+0000] {processor.py:840} INFO - DAG(s) 'example_bash_operator' retrieved from /home/airflow/.local/lib/python3.8/site-packages/airflow/example_dags/example_bash_operator.py
[2024-03-22T11:01:04.009+0000] {logging_mixin.py:188} INFO - [2024-03-22T11:01:04.008+0000] {dag.py:3047} INFO - Sync 1 DAGs
[2024-03-22T11:01:04.024+0000] {logging_mixin.py:188} INFO - [2024-03-22T11:01:04.024+0000] {dag.py:3834} INFO - Setting next_dagrun for example_bash_operator to 2024-03-21 00:00:00+00:00, run_after=2024-03-22 00:00:00+00:00
[2024-03-22T11:01:04.035+0000] {processor.py:183} INFO - Processing /home/airflow/.local/lib/python3.8/site-packages/airflow/example_dags/example_bash_operator.py took 0.058 seconds
