[2024-03-22T10:50:26.907+0000] {processor.py:161} INFO - Started process (PID=82) to work on /home/airflow/.local/lib/python3.8/site-packages/airflow/example_dags/example_xcomargs.py
[2024-03-22T10:50:26.908+0000] {processor.py:830} INFO - Processing file /home/airflow/.local/lib/python3.8/site-packages/airflow/example_dags/example_xcomargs.py for tasks to queue
[2024-03-22T10:50:26.910+0000] {logging_mixin.py:188} INFO - [2024-03-22T10:50:26.910+0000] {dagbag.py:540} INFO - Filling up the DagBag from /home/airflow/.local/lib/python3.8/site-packages/airflow/example_dags/example_xcomargs.py
[2024-03-22T10:50:26.916+0000] {processor.py:840} INFO - DAG(s) 'example_xcom_args_with_operators', 'example_xcom_args' retrieved from /home/airflow/.local/lib/python3.8/site-packages/airflow/example_dags/example_xcomargs.py
[2024-03-22T10:50:26.928+0000] {logging_mixin.py:188} INFO - [2024-03-22T10:50:26.928+0000] {dag.py:3047} INFO - Sync 2 DAGs
[2024-03-22T10:50:26.941+0000] {logging_mixin.py:188} INFO - [2024-03-22T10:50:26.941+0000] {dag.py:3834} INFO - Setting next_dagrun for example_xcom_args to None, run_after=None
[2024-03-22T10:50:26.945+0000] {logging_mixin.py:188} INFO - [2024-03-22T10:50:26.945+0000] {dag.py:3834} INFO - Setting next_dagrun for example_xcom_args_with_operators to None, run_after=None
[2024-03-22T10:50:26.962+0000] {processor.py:183} INFO - Processing /home/airflow/.local/lib/python3.8/site-packages/airflow/example_dags/example_xcomargs.py took 0.058 seconds
[2024-03-22T10:51:00.105+0000] {processor.py:161} INFO - Started process (PID=136) to work on /home/airflow/.local/lib/python3.8/site-packages/airflow/example_dags/example_xcomargs.py
[2024-03-22T10:51:00.106+0000] {processor.py:830} INFO - Processing file /home/airflow/.local/lib/python3.8/site-packages/airflow/example_dags/example_xcomargs.py for tasks to queue
[2024-03-22T10:51:00.108+0000] {logging_mixin.py:188} INFO - [2024-03-22T10:51:00.108+0000] {dagbag.py:540} INFO - Filling up the DagBag from /home/airflow/.local/lib/python3.8/site-packages/airflow/example_dags/example_xcomargs.py
[2024-03-22T10:51:00.117+0000] {processor.py:840} INFO - DAG(s) 'example_xcom_args_with_operators', 'example_xcom_args' retrieved from /home/airflow/.local/lib/python3.8/site-packages/airflow/example_dags/example_xcomargs.py
[2024-03-22T10:51:00.285+0000] {logging_mixin.py:188} INFO - [2024-03-22T10:51:00.285+0000] {dag.py:3047} INFO - Sync 2 DAGs
[2024-03-22T10:51:00.302+0000] {logging_mixin.py:188} INFO - [2024-03-22T10:51:00.301+0000] {dag.py:3834} INFO - Setting next_dagrun for example_xcom_args to None, run_after=None
[2024-03-22T10:51:00.312+0000] {logging_mixin.py:188} INFO - [2024-03-22T10:51:00.312+0000] {dag.py:3834} INFO - Setting next_dagrun for example_xcom_args_with_operators to None, run_after=None
[2024-03-22T10:51:00.343+0000] {processor.py:183} INFO - Processing /home/airflow/.local/lib/python3.8/site-packages/airflow/example_dags/example_xcomargs.py took 0.241 seconds
[2024-03-22T10:51:30.559+0000] {processor.py:161} INFO - Started process (PID=193) to work on /home/airflow/.local/lib/python3.8/site-packages/airflow/example_dags/example_xcomargs.py
[2024-03-22T10:51:30.560+0000] {processor.py:830} INFO - Processing file /home/airflow/.local/lib/python3.8/site-packages/airflow/example_dags/example_xcomargs.py for tasks to queue
[2024-03-22T10:51:30.561+0000] {logging_mixin.py:188} INFO - [2024-03-22T10:51:30.561+0000] {dagbag.py:540} INFO - Filling up the DagBag from /home/airflow/.local/lib/python3.8/site-packages/airflow/example_dags/example_xcomargs.py
[2024-03-22T10:51:30.568+0000] {processor.py:840} INFO - DAG(s) 'example_xcom_args_with_operators', 'example_xcom_args' retrieved from /home/airflow/.local/lib/python3.8/site-packages/airflow/example_dags/example_xcomargs.py
[2024-03-22T10:51:30.592+0000] {logging_mixin.py:188} INFO - [2024-03-22T10:51:30.591+0000] {dag.py:3047} INFO - Sync 2 DAGs
[2024-03-22T10:51:30.603+0000] {logging_mixin.py:188} INFO - [2024-03-22T10:51:30.603+0000] {dag.py:3834} INFO - Setting next_dagrun for example_xcom_args to None, run_after=None
[2024-03-22T10:51:30.608+0000] {logging_mixin.py:188} INFO - [2024-03-22T10:51:30.607+0000] {dag.py:3834} INFO - Setting next_dagrun for example_xcom_args_with_operators to None, run_after=None
[2024-03-22T10:51:30.624+0000] {processor.py:183} INFO - Processing /home/airflow/.local/lib/python3.8/site-packages/airflow/example_dags/example_xcomargs.py took 0.068 seconds
[2024-03-22T10:52:01.651+0000] {processor.py:161} INFO - Started process (PID=246) to work on /home/airflow/.local/lib/python3.8/site-packages/airflow/example_dags/example_xcomargs.py
[2024-03-22T10:52:01.652+0000] {processor.py:830} INFO - Processing file /home/airflow/.local/lib/python3.8/site-packages/airflow/example_dags/example_xcomargs.py for tasks to queue
[2024-03-22T10:52:01.654+0000] {logging_mixin.py:188} INFO - [2024-03-22T10:52:01.653+0000] {dagbag.py:540} INFO - Filling up the DagBag from /home/airflow/.local/lib/python3.8/site-packages/airflow/example_dags/example_xcomargs.py
[2024-03-22T10:52:01.659+0000] {processor.py:840} INFO - DAG(s) 'example_xcom_args_with_operators', 'example_xcom_args' retrieved from /home/airflow/.local/lib/python3.8/site-packages/airflow/example_dags/example_xcomargs.py
[2024-03-22T10:52:01.676+0000] {logging_mixin.py:188} INFO - [2024-03-22T10:52:01.675+0000] {dag.py:3047} INFO - Sync 2 DAGs
[2024-03-22T10:52:01.686+0000] {logging_mixin.py:188} INFO - [2024-03-22T10:52:01.686+0000] {dag.py:3834} INFO - Setting next_dagrun for example_xcom_args to None, run_after=None
[2024-03-22T10:52:01.689+0000] {logging_mixin.py:188} INFO - [2024-03-22T10:52:01.689+0000] {dag.py:3834} INFO - Setting next_dagrun for example_xcom_args_with_operators to None, run_after=None
[2024-03-22T10:52:01.705+0000] {processor.py:183} INFO - Processing /home/airflow/.local/lib/python3.8/site-packages/airflow/example_dags/example_xcomargs.py took 0.056 seconds
[2024-03-22T10:52:32.064+0000] {processor.py:161} INFO - Started process (PID=301) to work on /home/airflow/.local/lib/python3.8/site-packages/airflow/example_dags/example_xcomargs.py
[2024-03-22T10:52:32.066+0000] {processor.py:830} INFO - Processing file /home/airflow/.local/lib/python3.8/site-packages/airflow/example_dags/example_xcomargs.py for tasks to queue
[2024-03-22T10:52:32.067+0000] {logging_mixin.py:188} INFO - [2024-03-22T10:52:32.067+0000] {dagbag.py:540} INFO - Filling up the DagBag from /home/airflow/.local/lib/python3.8/site-packages/airflow/example_dags/example_xcomargs.py
[2024-03-22T10:52:32.073+0000] {processor.py:840} INFO - DAG(s) 'example_xcom_args_with_operators', 'example_xcom_args' retrieved from /home/airflow/.local/lib/python3.8/site-packages/airflow/example_dags/example_xcomargs.py
[2024-03-22T10:52:32.091+0000] {logging_mixin.py:188} INFO - [2024-03-22T10:52:32.091+0000] {dag.py:3047} INFO - Sync 2 DAGs
[2024-03-22T10:52:32.103+0000] {logging_mixin.py:188} INFO - [2024-03-22T10:52:32.102+0000] {dag.py:3834} INFO - Setting next_dagrun for example_xcom_args to None, run_after=None
[2024-03-22T10:52:32.105+0000] {logging_mixin.py:188} INFO - [2024-03-22T10:52:32.105+0000] {dag.py:3834} INFO - Setting next_dagrun for example_xcom_args_with_operators to None, run_after=None
[2024-03-22T10:52:32.118+0000] {processor.py:183} INFO - Processing /home/airflow/.local/lib/python3.8/site-packages/airflow/example_dags/example_xcomargs.py took 0.057 seconds
[2024-03-22T10:53:02.184+0000] {processor.py:161} INFO - Started process (PID=356) to work on /home/airflow/.local/lib/python3.8/site-packages/airflow/example_dags/example_xcomargs.py
[2024-03-22T10:53:02.184+0000] {processor.py:830} INFO - Processing file /home/airflow/.local/lib/python3.8/site-packages/airflow/example_dags/example_xcomargs.py for tasks to queue
[2024-03-22T10:53:02.186+0000] {logging_mixin.py:188} INFO - [2024-03-22T10:53:02.185+0000] {dagbag.py:540} INFO - Filling up the DagBag from /home/airflow/.local/lib/python3.8/site-packages/airflow/example_dags/example_xcomargs.py
[2024-03-22T10:53:02.192+0000] {processor.py:840} INFO - DAG(s) 'example_xcom_args', 'example_xcom_args_with_operators' retrieved from /home/airflow/.local/lib/python3.8/site-packages/airflow/example_dags/example_xcomargs.py
[2024-03-22T10:53:02.209+0000] {logging_mixin.py:188} INFO - [2024-03-22T10:53:02.208+0000] {dag.py:3047} INFO - Sync 2 DAGs
[2024-03-22T10:53:02.220+0000] {logging_mixin.py:188} INFO - [2024-03-22T10:53:02.220+0000] {dag.py:3834} INFO - Setting next_dagrun for example_xcom_args to None, run_after=None
[2024-03-22T10:53:02.224+0000] {logging_mixin.py:188} INFO - [2024-03-22T10:53:02.223+0000] {dag.py:3834} INFO - Setting next_dagrun for example_xcom_args_with_operators to None, run_after=None
[2024-03-22T10:53:02.237+0000] {processor.py:183} INFO - Processing /home/airflow/.local/lib/python3.8/site-packages/airflow/example_dags/example_xcomargs.py took 0.056 seconds
[2024-03-22T10:53:32.388+0000] {processor.py:161} INFO - Started process (PID=411) to work on /home/airflow/.local/lib/python3.8/site-packages/airflow/example_dags/example_xcomargs.py
[2024-03-22T10:53:32.389+0000] {processor.py:830} INFO - Processing file /home/airflow/.local/lib/python3.8/site-packages/airflow/example_dags/example_xcomargs.py for tasks to queue
[2024-03-22T10:53:32.390+0000] {logging_mixin.py:188} INFO - [2024-03-22T10:53:32.390+0000] {dagbag.py:540} INFO - Filling up the DagBag from /home/airflow/.local/lib/python3.8/site-packages/airflow/example_dags/example_xcomargs.py
[2024-03-22T10:53:32.396+0000] {processor.py:840} INFO - DAG(s) 'example_xcom_args_with_operators', 'example_xcom_args' retrieved from /home/airflow/.local/lib/python3.8/site-packages/airflow/example_dags/example_xcomargs.py
[2024-03-22T10:53:32.412+0000] {logging_mixin.py:188} INFO - [2024-03-22T10:53:32.412+0000] {dag.py:3047} INFO - Sync 2 DAGs
[2024-03-22T10:53:32.424+0000] {logging_mixin.py:188} INFO - [2024-03-22T10:53:32.424+0000] {dag.py:3834} INFO - Setting next_dagrun for example_xcom_args to None, run_after=None
[2024-03-22T10:53:32.427+0000] {logging_mixin.py:188} INFO - [2024-03-22T10:53:32.427+0000] {dag.py:3834} INFO - Setting next_dagrun for example_xcom_args_with_operators to None, run_after=None
[2024-03-22T10:53:32.441+0000] {processor.py:183} INFO - Processing /home/airflow/.local/lib/python3.8/site-packages/airflow/example_dags/example_xcomargs.py took 0.055 seconds
[2024-03-22T10:54:02.618+0000] {processor.py:161} INFO - Started process (PID=466) to work on /home/airflow/.local/lib/python3.8/site-packages/airflow/example_dags/example_xcomargs.py
[2024-03-22T10:54:02.618+0000] {processor.py:830} INFO - Processing file /home/airflow/.local/lib/python3.8/site-packages/airflow/example_dags/example_xcomargs.py for tasks to queue
[2024-03-22T10:54:02.620+0000] {logging_mixin.py:188} INFO - [2024-03-22T10:54:02.619+0000] {dagbag.py:540} INFO - Filling up the DagBag from /home/airflow/.local/lib/python3.8/site-packages/airflow/example_dags/example_xcomargs.py
[2024-03-22T10:54:02.625+0000] {processor.py:840} INFO - DAG(s) 'example_xcom_args_with_operators', 'example_xcom_args' retrieved from /home/airflow/.local/lib/python3.8/site-packages/airflow/example_dags/example_xcomargs.py
[2024-03-22T10:54:02.644+0000] {logging_mixin.py:188} INFO - [2024-03-22T10:54:02.643+0000] {dag.py:3047} INFO - Sync 2 DAGs
[2024-03-22T10:54:02.655+0000] {logging_mixin.py:188} INFO - [2024-03-22T10:54:02.654+0000] {dag.py:3834} INFO - Setting next_dagrun for example_xcom_args to None, run_after=None
[2024-03-22T10:54:02.658+0000] {logging_mixin.py:188} INFO - [2024-03-22T10:54:02.658+0000] {dag.py:3834} INFO - Setting next_dagrun for example_xcom_args_with_operators to None, run_after=None
[2024-03-22T10:54:02.671+0000] {processor.py:183} INFO - Processing /home/airflow/.local/lib/python3.8/site-packages/airflow/example_dags/example_xcomargs.py took 0.056 seconds
[2024-03-22T10:54:32.856+0000] {processor.py:161} INFO - Started process (PID=521) to work on /home/airflow/.local/lib/python3.8/site-packages/airflow/example_dags/example_xcomargs.py
[2024-03-22T10:54:32.857+0000] {processor.py:830} INFO - Processing file /home/airflow/.local/lib/python3.8/site-packages/airflow/example_dags/example_xcomargs.py for tasks to queue
[2024-03-22T10:54:32.858+0000] {logging_mixin.py:188} INFO - [2024-03-22T10:54:32.858+0000] {dagbag.py:540} INFO - Filling up the DagBag from /home/airflow/.local/lib/python3.8/site-packages/airflow/example_dags/example_xcomargs.py
[2024-03-22T10:54:32.864+0000] {processor.py:840} INFO - DAG(s) 'example_xcom_args_with_operators', 'example_xcom_args' retrieved from /home/airflow/.local/lib/python3.8/site-packages/airflow/example_dags/example_xcomargs.py
[2024-03-22T10:54:32.881+0000] {logging_mixin.py:188} INFO - [2024-03-22T10:54:32.880+0000] {dag.py:3047} INFO - Sync 2 DAGs
[2024-03-22T10:54:32.890+0000] {logging_mixin.py:188} INFO - [2024-03-22T10:54:32.889+0000] {dag.py:3834} INFO - Setting next_dagrun for example_xcom_args to None, run_after=None
[2024-03-22T10:54:32.893+0000] {logging_mixin.py:188} INFO - [2024-03-22T10:54:32.892+0000] {dag.py:3834} INFO - Setting next_dagrun for example_xcom_args_with_operators to None, run_after=None
[2024-03-22T10:54:32.907+0000] {processor.py:183} INFO - Processing /home/airflow/.local/lib/python3.8/site-packages/airflow/example_dags/example_xcomargs.py took 0.053 seconds
[2024-03-22T10:55:03.058+0000] {processor.py:161} INFO - Started process (PID=576) to work on /home/airflow/.local/lib/python3.8/site-packages/airflow/example_dags/example_xcomargs.py
[2024-03-22T10:55:03.059+0000] {processor.py:830} INFO - Processing file /home/airflow/.local/lib/python3.8/site-packages/airflow/example_dags/example_xcomargs.py for tasks to queue
[2024-03-22T10:55:03.060+0000] {logging_mixin.py:188} INFO - [2024-03-22T10:55:03.060+0000] {dagbag.py:540} INFO - Filling up the DagBag from /home/airflow/.local/lib/python3.8/site-packages/airflow/example_dags/example_xcomargs.py
[2024-03-22T10:55:03.066+0000] {processor.py:840} INFO - DAG(s) 'example_xcom_args_with_operators', 'example_xcom_args' retrieved from /home/airflow/.local/lib/python3.8/site-packages/airflow/example_dags/example_xcomargs.py
[2024-03-22T10:55:03.081+0000] {logging_mixin.py:188} INFO - [2024-03-22T10:55:03.081+0000] {dag.py:3047} INFO - Sync 2 DAGs
[2024-03-22T10:55:03.091+0000] {logging_mixin.py:188} INFO - [2024-03-22T10:55:03.090+0000] {dag.py:3834} INFO - Setting next_dagrun for example_xcom_args to None, run_after=None
[2024-03-22T10:55:03.094+0000] {logging_mixin.py:188} INFO - [2024-03-22T10:55:03.094+0000] {dag.py:3834} INFO - Setting next_dagrun for example_xcom_args_with_operators to None, run_after=None
[2024-03-22T10:55:03.106+0000] {processor.py:183} INFO - Processing /home/airflow/.local/lib/python3.8/site-packages/airflow/example_dags/example_xcomargs.py took 0.050 seconds
[2024-03-22T10:55:33.353+0000] {processor.py:161} INFO - Started process (PID=631) to work on /home/airflow/.local/lib/python3.8/site-packages/airflow/example_dags/example_xcomargs.py
[2024-03-22T10:55:33.353+0000] {processor.py:830} INFO - Processing file /home/airflow/.local/lib/python3.8/site-packages/airflow/example_dags/example_xcomargs.py for tasks to queue
[2024-03-22T10:55:33.355+0000] {logging_mixin.py:188} INFO - [2024-03-22T10:55:33.354+0000] {dagbag.py:540} INFO - Filling up the DagBag from /home/airflow/.local/lib/python3.8/site-packages/airflow/example_dags/example_xcomargs.py
[2024-03-22T10:55:33.362+0000] {processor.py:840} INFO - DAG(s) 'example_xcom_args', 'example_xcom_args_with_operators' retrieved from /home/airflow/.local/lib/python3.8/site-packages/airflow/example_dags/example_xcomargs.py
[2024-03-22T10:55:33.381+0000] {logging_mixin.py:188} INFO - [2024-03-22T10:55:33.381+0000] {dag.py:3047} INFO - Sync 2 DAGs
[2024-03-22T10:55:33.391+0000] {logging_mixin.py:188} INFO - [2024-03-22T10:55:33.391+0000] {dag.py:3834} INFO - Setting next_dagrun for example_xcom_args to None, run_after=None
[2024-03-22T10:55:33.395+0000] {logging_mixin.py:188} INFO - [2024-03-22T10:55:33.395+0000] {dag.py:3834} INFO - Setting next_dagrun for example_xcom_args_with_operators to None, run_after=None
[2024-03-22T10:55:33.410+0000] {processor.py:183} INFO - Processing /home/airflow/.local/lib/python3.8/site-packages/airflow/example_dags/example_xcomargs.py took 0.060 seconds
[2024-03-22T10:56:03.827+0000] {processor.py:161} INFO - Started process (PID=686) to work on /home/airflow/.local/lib/python3.8/site-packages/airflow/example_dags/example_xcomargs.py
[2024-03-22T10:56:03.828+0000] {processor.py:830} INFO - Processing file /home/airflow/.local/lib/python3.8/site-packages/airflow/example_dags/example_xcomargs.py for tasks to queue
[2024-03-22T10:56:03.829+0000] {logging_mixin.py:188} INFO - [2024-03-22T10:56:03.829+0000] {dagbag.py:540} INFO - Filling up the DagBag from /home/airflow/.local/lib/python3.8/site-packages/airflow/example_dags/example_xcomargs.py
[2024-03-22T10:56:03.835+0000] {processor.py:840} INFO - DAG(s) 'example_xcom_args_with_operators', 'example_xcom_args' retrieved from /home/airflow/.local/lib/python3.8/site-packages/airflow/example_dags/example_xcomargs.py
[2024-03-22T10:56:03.851+0000] {logging_mixin.py:188} INFO - [2024-03-22T10:56:03.851+0000] {dag.py:3047} INFO - Sync 2 DAGs
[2024-03-22T10:56:03.861+0000] {logging_mixin.py:188} INFO - [2024-03-22T10:56:03.860+0000] {dag.py:3834} INFO - Setting next_dagrun for example_xcom_args to None, run_after=None
[2024-03-22T10:56:03.864+0000] {logging_mixin.py:188} INFO - [2024-03-22T10:56:03.864+0000] {dag.py:3834} INFO - Setting next_dagrun for example_xcom_args_with_operators to None, run_after=None
[2024-03-22T10:56:03.880+0000] {processor.py:183} INFO - Processing /home/airflow/.local/lib/python3.8/site-packages/airflow/example_dags/example_xcomargs.py took 0.055 seconds
[2024-03-22T10:56:33.982+0000] {processor.py:161} INFO - Started process (PID=741) to work on /home/airflow/.local/lib/python3.8/site-packages/airflow/example_dags/example_xcomargs.py
[2024-03-22T10:56:33.983+0000] {processor.py:830} INFO - Processing file /home/airflow/.local/lib/python3.8/site-packages/airflow/example_dags/example_xcomargs.py for tasks to queue
[2024-03-22T10:56:33.984+0000] {logging_mixin.py:188} INFO - [2024-03-22T10:56:33.984+0000] {dagbag.py:540} INFO - Filling up the DagBag from /home/airflow/.local/lib/python3.8/site-packages/airflow/example_dags/example_xcomargs.py
[2024-03-22T10:56:33.991+0000] {processor.py:840} INFO - DAG(s) 'example_xcom_args', 'example_xcom_args_with_operators' retrieved from /home/airflow/.local/lib/python3.8/site-packages/airflow/example_dags/example_xcomargs.py
[2024-03-22T10:56:34.012+0000] {logging_mixin.py:188} INFO - [2024-03-22T10:56:34.012+0000] {dag.py:3047} INFO - Sync 2 DAGs
[2024-03-22T10:56:34.022+0000] {logging_mixin.py:188} INFO - [2024-03-22T10:56:34.022+0000] {dag.py:3834} INFO - Setting next_dagrun for example_xcom_args to None, run_after=None
[2024-03-22T10:56:34.026+0000] {logging_mixin.py:188} INFO - [2024-03-22T10:56:34.026+0000] {dag.py:3834} INFO - Setting next_dagrun for example_xcom_args_with_operators to None, run_after=None
[2024-03-22T10:56:34.043+0000] {processor.py:183} INFO - Processing /home/airflow/.local/lib/python3.8/site-packages/airflow/example_dags/example_xcomargs.py took 0.064 seconds
[2024-03-22T10:57:04.153+0000] {processor.py:161} INFO - Started process (PID=796) to work on /home/airflow/.local/lib/python3.8/site-packages/airflow/example_dags/example_xcomargs.py
[2024-03-22T10:57:04.154+0000] {processor.py:830} INFO - Processing file /home/airflow/.local/lib/python3.8/site-packages/airflow/example_dags/example_xcomargs.py for tasks to queue
[2024-03-22T10:57:04.155+0000] {logging_mixin.py:188} INFO - [2024-03-22T10:57:04.155+0000] {dagbag.py:540} INFO - Filling up the DagBag from /home/airflow/.local/lib/python3.8/site-packages/airflow/example_dags/example_xcomargs.py
[2024-03-22T10:57:04.161+0000] {processor.py:840} INFO - DAG(s) 'example_xcom_args', 'example_xcom_args_with_operators' retrieved from /home/airflow/.local/lib/python3.8/site-packages/airflow/example_dags/example_xcomargs.py
[2024-03-22T10:57:04.180+0000] {logging_mixin.py:188} INFO - [2024-03-22T10:57:04.180+0000] {dag.py:3047} INFO - Sync 2 DAGs
[2024-03-22T10:57:04.190+0000] {logging_mixin.py:188} INFO - [2024-03-22T10:57:04.190+0000] {dag.py:3834} INFO - Setting next_dagrun for example_xcom_args to None, run_after=None
[2024-03-22T10:57:04.193+0000] {logging_mixin.py:188} INFO - [2024-03-22T10:57:04.193+0000] {dag.py:3834} INFO - Setting next_dagrun for example_xcom_args_with_operators to None, run_after=None
[2024-03-22T10:57:04.209+0000] {processor.py:183} INFO - Processing /home/airflow/.local/lib/python3.8/site-packages/airflow/example_dags/example_xcomargs.py took 0.058 seconds
[2024-03-22T10:57:34.297+0000] {processor.py:161} INFO - Started process (PID=851) to work on /home/airflow/.local/lib/python3.8/site-packages/airflow/example_dags/example_xcomargs.py
[2024-03-22T10:57:34.297+0000] {processor.py:830} INFO - Processing file /home/airflow/.local/lib/python3.8/site-packages/airflow/example_dags/example_xcomargs.py for tasks to queue
[2024-03-22T10:57:34.299+0000] {logging_mixin.py:188} INFO - [2024-03-22T10:57:34.298+0000] {dagbag.py:540} INFO - Filling up the DagBag from /home/airflow/.local/lib/python3.8/site-packages/airflow/example_dags/example_xcomargs.py
[2024-03-22T10:57:34.304+0000] {processor.py:840} INFO - DAG(s) 'example_xcom_args_with_operators', 'example_xcom_args' retrieved from /home/airflow/.local/lib/python3.8/site-packages/airflow/example_dags/example_xcomargs.py
[2024-03-22T10:57:34.327+0000] {logging_mixin.py:188} INFO - [2024-03-22T10:57:34.326+0000] {dag.py:3047} INFO - Sync 2 DAGs
[2024-03-22T10:57:34.338+0000] {logging_mixin.py:188} INFO - [2024-03-22T10:57:34.338+0000] {dag.py:3834} INFO - Setting next_dagrun for example_xcom_args to None, run_after=None
[2024-03-22T10:57:34.344+0000] {logging_mixin.py:188} INFO - [2024-03-22T10:57:34.344+0000] {dag.py:3834} INFO - Setting next_dagrun for example_xcom_args_with_operators to None, run_after=None
[2024-03-22T10:57:34.358+0000] {processor.py:183} INFO - Processing /home/airflow/.local/lib/python3.8/site-packages/airflow/example_dags/example_xcomargs.py took 0.064 seconds
[2024-03-22T10:58:04.571+0000] {processor.py:161} INFO - Started process (PID=906) to work on /home/airflow/.local/lib/python3.8/site-packages/airflow/example_dags/example_xcomargs.py
[2024-03-22T10:58:04.571+0000] {processor.py:830} INFO - Processing file /home/airflow/.local/lib/python3.8/site-packages/airflow/example_dags/example_xcomargs.py for tasks to queue
[2024-03-22T10:58:04.573+0000] {logging_mixin.py:188} INFO - [2024-03-22T10:58:04.573+0000] {dagbag.py:540} INFO - Filling up the DagBag from /home/airflow/.local/lib/python3.8/site-packages/airflow/example_dags/example_xcomargs.py
[2024-03-22T10:58:04.578+0000] {processor.py:840} INFO - DAG(s) 'example_xcom_args_with_operators', 'example_xcom_args' retrieved from /home/airflow/.local/lib/python3.8/site-packages/airflow/example_dags/example_xcomargs.py
[2024-03-22T10:58:04.594+0000] {logging_mixin.py:188} INFO - [2024-03-22T10:58:04.594+0000] {dag.py:3047} INFO - Sync 2 DAGs
[2024-03-22T10:58:04.604+0000] {logging_mixin.py:188} INFO - [2024-03-22T10:58:04.604+0000] {dag.py:3834} INFO - Setting next_dagrun for example_xcom_args to None, run_after=None
[2024-03-22T10:58:04.607+0000] {logging_mixin.py:188} INFO - [2024-03-22T10:58:04.607+0000] {dag.py:3834} INFO - Setting next_dagrun for example_xcom_args_with_operators to None, run_after=None
[2024-03-22T10:58:04.621+0000] {processor.py:183} INFO - Processing /home/airflow/.local/lib/python3.8/site-packages/airflow/example_dags/example_xcomargs.py took 0.052 seconds
[2024-03-22T10:58:34.690+0000] {processor.py:161} INFO - Started process (PID=961) to work on /home/airflow/.local/lib/python3.8/site-packages/airflow/example_dags/example_xcomargs.py
[2024-03-22T10:58:34.690+0000] {processor.py:830} INFO - Processing file /home/airflow/.local/lib/python3.8/site-packages/airflow/example_dags/example_xcomargs.py for tasks to queue
[2024-03-22T10:58:34.692+0000] {logging_mixin.py:188} INFO - [2024-03-22T10:58:34.691+0000] {dagbag.py:540} INFO - Filling up the DagBag from /home/airflow/.local/lib/python3.8/site-packages/airflow/example_dags/example_xcomargs.py
[2024-03-22T10:58:34.700+0000] {processor.py:840} INFO - DAG(s) 'example_xcom_args', 'example_xcom_args_with_operators' retrieved from /home/airflow/.local/lib/python3.8/site-packages/airflow/example_dags/example_xcomargs.py
[2024-03-22T10:58:34.720+0000] {logging_mixin.py:188} INFO - [2024-03-22T10:58:34.720+0000] {dag.py:3047} INFO - Sync 2 DAGs
[2024-03-22T10:58:34.730+0000] {logging_mixin.py:188} INFO - [2024-03-22T10:58:34.729+0000] {dag.py:3834} INFO - Setting next_dagrun for example_xcom_args to None, run_after=None
[2024-03-22T10:58:34.733+0000] {logging_mixin.py:188} INFO - [2024-03-22T10:58:34.732+0000] {dag.py:3834} INFO - Setting next_dagrun for example_xcom_args_with_operators to None, run_after=None
[2024-03-22T10:58:34.744+0000] {processor.py:183} INFO - Processing /home/airflow/.local/lib/python3.8/site-packages/airflow/example_dags/example_xcomargs.py took 0.056 seconds
[2024-03-22T10:59:04.838+0000] {processor.py:161} INFO - Started process (PID=1016) to work on /home/airflow/.local/lib/python3.8/site-packages/airflow/example_dags/example_xcomargs.py
[2024-03-22T10:59:04.840+0000] {processor.py:830} INFO - Processing file /home/airflow/.local/lib/python3.8/site-packages/airflow/example_dags/example_xcomargs.py for tasks to queue
[2024-03-22T10:59:04.841+0000] {logging_mixin.py:188} INFO - [2024-03-22T10:59:04.841+0000] {dagbag.py:540} INFO - Filling up the DagBag from /home/airflow/.local/lib/python3.8/site-packages/airflow/example_dags/example_xcomargs.py
[2024-03-22T10:59:04.847+0000] {processor.py:840} INFO - DAG(s) 'example_xcom_args_with_operators', 'example_xcom_args' retrieved from /home/airflow/.local/lib/python3.8/site-packages/airflow/example_dags/example_xcomargs.py
[2024-03-22T10:59:04.865+0000] {logging_mixin.py:188} INFO - [2024-03-22T10:59:04.864+0000] {dag.py:3047} INFO - Sync 2 DAGs
[2024-03-22T10:59:04.873+0000] {logging_mixin.py:188} INFO - [2024-03-22T10:59:04.873+0000] {dag.py:3834} INFO - Setting next_dagrun for example_xcom_args to None, run_after=None
[2024-03-22T10:59:04.876+0000] {logging_mixin.py:188} INFO - [2024-03-22T10:59:04.876+0000] {dag.py:3834} INFO - Setting next_dagrun for example_xcom_args_with_operators to None, run_after=None
[2024-03-22T10:59:04.890+0000] {processor.py:183} INFO - Processing /home/airflow/.local/lib/python3.8/site-packages/airflow/example_dags/example_xcomargs.py took 0.056 seconds
[2024-03-22T10:59:35.058+0000] {processor.py:161} INFO - Started process (PID=1071) to work on /home/airflow/.local/lib/python3.8/site-packages/airflow/example_dags/example_xcomargs.py
[2024-03-22T10:59:35.059+0000] {processor.py:830} INFO - Processing file /home/airflow/.local/lib/python3.8/site-packages/airflow/example_dags/example_xcomargs.py for tasks to queue
[2024-03-22T10:59:35.061+0000] {logging_mixin.py:188} INFO - [2024-03-22T10:59:35.060+0000] {dagbag.py:540} INFO - Filling up the DagBag from /home/airflow/.local/lib/python3.8/site-packages/airflow/example_dags/example_xcomargs.py
[2024-03-22T10:59:35.066+0000] {processor.py:840} INFO - DAG(s) 'example_xcom_args', 'example_xcom_args_with_operators' retrieved from /home/airflow/.local/lib/python3.8/site-packages/airflow/example_dags/example_xcomargs.py
[2024-03-22T10:59:35.083+0000] {logging_mixin.py:188} INFO - [2024-03-22T10:59:35.083+0000] {dag.py:3047} INFO - Sync 2 DAGs
[2024-03-22T10:59:35.094+0000] {logging_mixin.py:188} INFO - [2024-03-22T10:59:35.094+0000] {dag.py:3834} INFO - Setting next_dagrun for example_xcom_args to None, run_after=None
[2024-03-22T10:59:35.098+0000] {logging_mixin.py:188} INFO - [2024-03-22T10:59:35.098+0000] {dag.py:3834} INFO - Setting next_dagrun for example_xcom_args_with_operators to None, run_after=None
[2024-03-22T10:59:35.111+0000] {processor.py:183} INFO - Processing /home/airflow/.local/lib/python3.8/site-packages/airflow/example_dags/example_xcomargs.py took 0.055 seconds
[2024-03-22T11:00:05.176+0000] {processor.py:161} INFO - Started process (PID=1126) to work on /home/airflow/.local/lib/python3.8/site-packages/airflow/example_dags/example_xcomargs.py
[2024-03-22T11:00:05.177+0000] {processor.py:830} INFO - Processing file /home/airflow/.local/lib/python3.8/site-packages/airflow/example_dags/example_xcomargs.py for tasks to queue
[2024-03-22T11:00:05.178+0000] {logging_mixin.py:188} INFO - [2024-03-22T11:00:05.178+0000] {dagbag.py:540} INFO - Filling up the DagBag from /home/airflow/.local/lib/python3.8/site-packages/airflow/example_dags/example_xcomargs.py
[2024-03-22T11:00:05.184+0000] {processor.py:840} INFO - DAG(s) 'example_xcom_args_with_operators', 'example_xcom_args' retrieved from /home/airflow/.local/lib/python3.8/site-packages/airflow/example_dags/example_xcomargs.py
[2024-03-22T11:00:05.206+0000] {logging_mixin.py:188} INFO - [2024-03-22T11:00:05.206+0000] {dag.py:3047} INFO - Sync 2 DAGs
[2024-03-22T11:00:05.216+0000] {logging_mixin.py:188} INFO - [2024-03-22T11:00:05.216+0000] {dag.py:3834} INFO - Setting next_dagrun for example_xcom_args to None, run_after=None
[2024-03-22T11:00:05.219+0000] {logging_mixin.py:188} INFO - [2024-03-22T11:00:05.219+0000] {dag.py:3834} INFO - Setting next_dagrun for example_xcom_args_with_operators to None, run_after=None
[2024-03-22T11:00:05.230+0000] {processor.py:183} INFO - Processing /home/airflow/.local/lib/python3.8/site-packages/airflow/example_dags/example_xcomargs.py took 0.056 seconds
[2024-03-22T11:00:35.283+0000] {processor.py:161} INFO - Started process (PID=1181) to work on /home/airflow/.local/lib/python3.8/site-packages/airflow/example_dags/example_xcomargs.py
[2024-03-22T11:00:35.283+0000] {processor.py:830} INFO - Processing file /home/airflow/.local/lib/python3.8/site-packages/airflow/example_dags/example_xcomargs.py for tasks to queue
[2024-03-22T11:00:35.285+0000] {logging_mixin.py:188} INFO - [2024-03-22T11:00:35.284+0000] {dagbag.py:540} INFO - Filling up the DagBag from /home/airflow/.local/lib/python3.8/site-packages/airflow/example_dags/example_xcomargs.py
[2024-03-22T11:00:35.290+0000] {processor.py:840} INFO - DAG(s) 'example_xcom_args_with_operators', 'example_xcom_args' retrieved from /home/airflow/.local/lib/python3.8/site-packages/airflow/example_dags/example_xcomargs.py
[2024-03-22T11:00:35.307+0000] {logging_mixin.py:188} INFO - [2024-03-22T11:00:35.307+0000] {dag.py:3047} INFO - Sync 2 DAGs
[2024-03-22T11:00:35.316+0000] {logging_mixin.py:188} INFO - [2024-03-22T11:00:35.316+0000] {dag.py:3834} INFO - Setting next_dagrun for example_xcom_args to None, run_after=None
[2024-03-22T11:00:35.319+0000] {logging_mixin.py:188} INFO - [2024-03-22T11:00:35.319+0000] {dag.py:3834} INFO - Setting next_dagrun for example_xcom_args_with_operators to None, run_after=None
[2024-03-22T11:00:35.331+0000] {processor.py:183} INFO - Processing /home/airflow/.local/lib/python3.8/site-packages/airflow/example_dags/example_xcomargs.py took 0.051 seconds
[2024-03-22T11:01:05.486+0000] {processor.py:161} INFO - Started process (PID=1236) to work on /home/airflow/.local/lib/python3.8/site-packages/airflow/example_dags/example_xcomargs.py
[2024-03-22T11:01:05.487+0000] {processor.py:830} INFO - Processing file /home/airflow/.local/lib/python3.8/site-packages/airflow/example_dags/example_xcomargs.py for tasks to queue
[2024-03-22T11:01:05.488+0000] {logging_mixin.py:188} INFO - [2024-03-22T11:01:05.488+0000] {dagbag.py:540} INFO - Filling up the DagBag from /home/airflow/.local/lib/python3.8/site-packages/airflow/example_dags/example_xcomargs.py
[2024-03-22T11:01:05.494+0000] {processor.py:840} INFO - DAG(s) 'example_xcom_args_with_operators', 'example_xcom_args' retrieved from /home/airflow/.local/lib/python3.8/site-packages/airflow/example_dags/example_xcomargs.py
[2024-03-22T11:01:05.510+0000] {logging_mixin.py:188} INFO - [2024-03-22T11:01:05.510+0000] {dag.py:3047} INFO - Sync 2 DAGs
[2024-03-22T11:01:05.519+0000] {logging_mixin.py:188} INFO - [2024-03-22T11:01:05.518+0000] {dag.py:3834} INFO - Setting next_dagrun for example_xcom_args to None, run_after=None
[2024-03-22T11:01:05.522+0000] {logging_mixin.py:188} INFO - [2024-03-22T11:01:05.522+0000] {dag.py:3834} INFO - Setting next_dagrun for example_xcom_args_with_operators to None, run_after=None
[2024-03-22T11:01:05.535+0000] {processor.py:183} INFO - Processing /home/airflow/.local/lib/python3.8/site-packages/airflow/example_dags/example_xcomargs.py took 0.051 seconds
