[2024-03-22T10:50:25.364+0000] {processor.py:161} INFO - Started process (PID=49) to work on /home/airflow/.local/lib/python3.8/site-packages/airflow/example_dags/example_dag_decorator.py
[2024-03-22T10:50:25.365+0000] {processor.py:830} INFO - Processing file /home/airflow/.local/lib/python3.8/site-packages/airflow/example_dags/example_dag_decorator.py for tasks to queue
[2024-03-22T10:50:25.367+0000] {logging_mixin.py:188} INFO - [2024-03-22T10:50:25.367+0000] {dagbag.py:540} INFO - Filling up the DagBag from /home/airflow/.local/lib/python3.8/site-packages/airflow/example_dags/example_dag_decorator.py
[2024-03-22T10:50:25.549+0000] {processor.py:840} INFO - DAG(s) 'example_dag_decorator' retrieved from /home/airflow/.local/lib/python3.8/site-packages/airflow/example_dags/example_dag_decorator.py
[2024-03-22T10:50:25.559+0000] {logging_mixin.py:188} INFO - [2024-03-22T10:50:25.558+0000] {dag.py:3047} INFO - Sync 1 DAGs
[2024-03-22T10:50:25.572+0000] {logging_mixin.py:188} INFO - [2024-03-22T10:50:25.572+0000] {dag.py:3834} INFO - Setting next_dagrun for example_dag_decorator to None, run_after=None
[2024-03-22T10:50:25.593+0000] {processor.py:183} INFO - Processing /home/airflow/.local/lib/python3.8/site-packages/airflow/example_dags/example_dag_decorator.py took 0.232 seconds
[2024-03-22T10:50:56.098+0000] {processor.py:161} INFO - Started process (PID=103) to work on /home/airflow/.local/lib/python3.8/site-packages/airflow/example_dags/example_dag_decorator.py
[2024-03-22T10:50:56.099+0000] {processor.py:830} INFO - Processing file /home/airflow/.local/lib/python3.8/site-packages/airflow/example_dags/example_dag_decorator.py for tasks to queue
[2024-03-22T10:50:56.100+0000] {logging_mixin.py:188} INFO - [2024-03-22T10:50:56.100+0000] {dagbag.py:540} INFO - Filling up the DagBag from /home/airflow/.local/lib/python3.8/site-packages/airflow/example_dags/example_dag_decorator.py
[2024-03-22T10:50:56.168+0000] {processor.py:840} INFO - DAG(s) 'example_dag_decorator' retrieved from /home/airflow/.local/lib/python3.8/site-packages/airflow/example_dags/example_dag_decorator.py
[2024-03-22T10:50:56.252+0000] {logging_mixin.py:188} INFO - [2024-03-22T10:50:56.251+0000] {dag.py:3047} INFO - Sync 1 DAGs
[2024-03-22T10:50:56.274+0000] {logging_mixin.py:188} INFO - [2024-03-22T10:50:56.273+0000] {dag.py:3834} INFO - Setting next_dagrun for example_dag_decorator to None, run_after=None
[2024-03-22T10:50:56.310+0000] {processor.py:183} INFO - Processing /home/airflow/.local/lib/python3.8/site-packages/airflow/example_dags/example_dag_decorator.py took 0.214 seconds
[2024-03-22T10:51:26.922+0000] {processor.py:161} INFO - Started process (PID=158) to work on /home/airflow/.local/lib/python3.8/site-packages/airflow/example_dags/example_dag_decorator.py
[2024-03-22T10:51:26.923+0000] {processor.py:830} INFO - Processing file /home/airflow/.local/lib/python3.8/site-packages/airflow/example_dags/example_dag_decorator.py for tasks to queue
[2024-03-22T10:51:26.924+0000] {logging_mixin.py:188} INFO - [2024-03-22T10:51:26.924+0000] {dagbag.py:540} INFO - Filling up the DagBag from /home/airflow/.local/lib/python3.8/site-packages/airflow/example_dags/example_dag_decorator.py
[2024-03-22T10:51:26.992+0000] {processor.py:840} INFO - DAG(s) 'example_dag_decorator' retrieved from /home/airflow/.local/lib/python3.8/site-packages/airflow/example_dags/example_dag_decorator.py
[2024-03-22T10:51:27.064+0000] {logging_mixin.py:188} INFO - [2024-03-22T10:51:27.064+0000] {dag.py:3047} INFO - Sync 1 DAGs
[2024-03-22T10:51:27.072+0000] {logging_mixin.py:188} INFO - [2024-03-22T10:51:27.072+0000] {dag.py:3834} INFO - Setting next_dagrun for example_dag_decorator to None, run_after=None
[2024-03-22T10:51:27.089+0000] {processor.py:183} INFO - Processing /home/airflow/.local/lib/python3.8/site-packages/airflow/example_dags/example_dag_decorator.py took 0.170 seconds
[2024-03-22T10:51:57.156+0000] {processor.py:161} INFO - Started process (PID=213) to work on /home/airflow/.local/lib/python3.8/site-packages/airflow/example_dags/example_dag_decorator.py
[2024-03-22T10:51:57.157+0000] {processor.py:830} INFO - Processing file /home/airflow/.local/lib/python3.8/site-packages/airflow/example_dags/example_dag_decorator.py for tasks to queue
[2024-03-22T10:51:57.158+0000] {logging_mixin.py:188} INFO - [2024-03-22T10:51:57.158+0000] {dagbag.py:540} INFO - Filling up the DagBag from /home/airflow/.local/lib/python3.8/site-packages/airflow/example_dags/example_dag_decorator.py
[2024-03-22T10:51:57.227+0000] {processor.py:840} INFO - DAG(s) 'example_dag_decorator' retrieved from /home/airflow/.local/lib/python3.8/site-packages/airflow/example_dags/example_dag_decorator.py
[2024-03-22T10:51:57.305+0000] {logging_mixin.py:188} INFO - [2024-03-22T10:51:57.305+0000] {dag.py:3047} INFO - Sync 1 DAGs
[2024-03-22T10:51:57.312+0000] {logging_mixin.py:188} INFO - [2024-03-22T10:51:57.312+0000] {dag.py:3834} INFO - Setting next_dagrun for example_dag_decorator to None, run_after=None
[2024-03-22T10:51:57.331+0000] {processor.py:183} INFO - Processing /home/airflow/.local/lib/python3.8/site-packages/airflow/example_dags/example_dag_decorator.py took 0.177 seconds
[2024-03-22T10:52:27.458+0000] {processor.py:161} INFO - Started process (PID=268) to work on /home/airflow/.local/lib/python3.8/site-packages/airflow/example_dags/example_dag_decorator.py
[2024-03-22T10:52:27.459+0000] {processor.py:830} INFO - Processing file /home/airflow/.local/lib/python3.8/site-packages/airflow/example_dags/example_dag_decorator.py for tasks to queue
[2024-03-22T10:52:27.460+0000] {logging_mixin.py:188} INFO - [2024-03-22T10:52:27.460+0000] {dagbag.py:540} INFO - Filling up the DagBag from /home/airflow/.local/lib/python3.8/site-packages/airflow/example_dags/example_dag_decorator.py
[2024-03-22T10:52:27.532+0000] {processor.py:840} INFO - DAG(s) 'example_dag_decorator' retrieved from /home/airflow/.local/lib/python3.8/site-packages/airflow/example_dags/example_dag_decorator.py
[2024-03-22T10:52:27.607+0000] {logging_mixin.py:188} INFO - [2024-03-22T10:52:27.606+0000] {dag.py:3047} INFO - Sync 1 DAGs
[2024-03-22T10:52:27.614+0000] {logging_mixin.py:188} INFO - [2024-03-22T10:52:27.614+0000] {dag.py:3834} INFO - Setting next_dagrun for example_dag_decorator to None, run_after=None
[2024-03-22T10:52:27.637+0000] {processor.py:183} INFO - Processing /home/airflow/.local/lib/python3.8/site-packages/airflow/example_dags/example_dag_decorator.py took 0.182 seconds
[2024-03-22T10:52:57.776+0000] {processor.py:161} INFO - Started process (PID=323) to work on /home/airflow/.local/lib/python3.8/site-packages/airflow/example_dags/example_dag_decorator.py
[2024-03-22T10:52:57.777+0000] {processor.py:830} INFO - Processing file /home/airflow/.local/lib/python3.8/site-packages/airflow/example_dags/example_dag_decorator.py for tasks to queue
[2024-03-22T10:52:57.778+0000] {logging_mixin.py:188} INFO - [2024-03-22T10:52:57.778+0000] {dagbag.py:540} INFO - Filling up the DagBag from /home/airflow/.local/lib/python3.8/site-packages/airflow/example_dags/example_dag_decorator.py
[2024-03-22T10:52:57.858+0000] {processor.py:840} INFO - DAG(s) 'example_dag_decorator' retrieved from /home/airflow/.local/lib/python3.8/site-packages/airflow/example_dags/example_dag_decorator.py
[2024-03-22T10:52:57.879+0000] {logging_mixin.py:188} INFO - [2024-03-22T10:52:57.879+0000] {dag.py:3047} INFO - Sync 1 DAGs
[2024-03-22T10:52:57.890+0000] {logging_mixin.py:188} INFO - [2024-03-22T10:52:57.890+0000] {dag.py:3834} INFO - Setting next_dagrun for example_dag_decorator to None, run_after=None
[2024-03-22T10:52:57.907+0000] {processor.py:183} INFO - Processing /home/airflow/.local/lib/python3.8/site-packages/airflow/example_dags/example_dag_decorator.py took 0.134 seconds
[2024-03-22T10:53:29.077+0000] {processor.py:161} INFO - Started process (PID=378) to work on /home/airflow/.local/lib/python3.8/site-packages/airflow/example_dags/example_dag_decorator.py
[2024-03-22T10:53:29.077+0000] {processor.py:830} INFO - Processing file /home/airflow/.local/lib/python3.8/site-packages/airflow/example_dags/example_dag_decorator.py for tasks to queue
[2024-03-22T10:53:29.079+0000] {logging_mixin.py:188} INFO - [2024-03-22T10:53:29.079+0000] {dagbag.py:540} INFO - Filling up the DagBag from /home/airflow/.local/lib/python3.8/site-packages/airflow/example_dags/example_dag_decorator.py
[2024-03-22T10:53:29.149+0000] {processor.py:840} INFO - DAG(s) 'example_dag_decorator' retrieved from /home/airflow/.local/lib/python3.8/site-packages/airflow/example_dags/example_dag_decorator.py
[2024-03-22T10:53:29.230+0000] {logging_mixin.py:188} INFO - [2024-03-22T10:53:29.230+0000] {dag.py:3047} INFO - Sync 1 DAGs
[2024-03-22T10:53:29.239+0000] {logging_mixin.py:188} INFO - [2024-03-22T10:53:29.239+0000] {dag.py:3834} INFO - Setting next_dagrun for example_dag_decorator to None, run_after=None
[2024-03-22T10:53:29.264+0000] {processor.py:183} INFO - Processing /home/airflow/.local/lib/python3.8/site-packages/airflow/example_dags/example_dag_decorator.py took 0.190 seconds
[2024-03-22T10:53:59.283+0000] {processor.py:161} INFO - Started process (PID=433) to work on /home/airflow/.local/lib/python3.8/site-packages/airflow/example_dags/example_dag_decorator.py
[2024-03-22T10:53:59.284+0000] {processor.py:830} INFO - Processing file /home/airflow/.local/lib/python3.8/site-packages/airflow/example_dags/example_dag_decorator.py for tasks to queue
[2024-03-22T10:53:59.285+0000] {logging_mixin.py:188} INFO - [2024-03-22T10:53:59.285+0000] {dagbag.py:540} INFO - Filling up the DagBag from /home/airflow/.local/lib/python3.8/site-packages/airflow/example_dags/example_dag_decorator.py
[2024-03-22T10:53:59.359+0000] {processor.py:840} INFO - DAG(s) 'example_dag_decorator' retrieved from /home/airflow/.local/lib/python3.8/site-packages/airflow/example_dags/example_dag_decorator.py
[2024-03-22T10:53:59.430+0000] {logging_mixin.py:188} INFO - [2024-03-22T10:53:59.430+0000] {dag.py:3047} INFO - Sync 1 DAGs
[2024-03-22T10:53:59.441+0000] {logging_mixin.py:188} INFO - [2024-03-22T10:53:59.440+0000] {dag.py:3834} INFO - Setting next_dagrun for example_dag_decorator to None, run_after=None
[2024-03-22T10:53:59.457+0000] {processor.py:183} INFO - Processing /home/airflow/.local/lib/python3.8/site-packages/airflow/example_dags/example_dag_decorator.py took 0.176 seconds
[2024-03-22T10:54:29.488+0000] {processor.py:161} INFO - Started process (PID=489) to work on /home/airflow/.local/lib/python3.8/site-packages/airflow/example_dags/example_dag_decorator.py
[2024-03-22T10:54:29.489+0000] {processor.py:830} INFO - Processing file /home/airflow/.local/lib/python3.8/site-packages/airflow/example_dags/example_dag_decorator.py for tasks to queue
[2024-03-22T10:54:29.490+0000] {logging_mixin.py:188} INFO - [2024-03-22T10:54:29.490+0000] {dagbag.py:540} INFO - Filling up the DagBag from /home/airflow/.local/lib/python3.8/site-packages/airflow/example_dags/example_dag_decorator.py
[2024-03-22T10:54:29.553+0000] {processor.py:840} INFO - DAG(s) 'example_dag_decorator' retrieved from /home/airflow/.local/lib/python3.8/site-packages/airflow/example_dags/example_dag_decorator.py
[2024-03-22T10:54:29.619+0000] {logging_mixin.py:188} INFO - [2024-03-22T10:54:29.619+0000] {dag.py:3047} INFO - Sync 1 DAGs
[2024-03-22T10:54:29.626+0000] {logging_mixin.py:188} INFO - [2024-03-22T10:54:29.626+0000] {dag.py:3834} INFO - Setting next_dagrun for example_dag_decorator to None, run_after=None
[2024-03-22T10:54:29.653+0000] {processor.py:183} INFO - Processing /home/airflow/.local/lib/python3.8/site-packages/airflow/example_dags/example_dag_decorator.py took 0.167 seconds
[2024-03-22T10:54:59.799+0000] {processor.py:161} INFO - Started process (PID=544) to work on /home/airflow/.local/lib/python3.8/site-packages/airflow/example_dags/example_dag_decorator.py
[2024-03-22T10:54:59.800+0000] {processor.py:830} INFO - Processing file /home/airflow/.local/lib/python3.8/site-packages/airflow/example_dags/example_dag_decorator.py for tasks to queue
[2024-03-22T10:54:59.802+0000] {logging_mixin.py:188} INFO - [2024-03-22T10:54:59.801+0000] {dagbag.py:540} INFO - Filling up the DagBag from /home/airflow/.local/lib/python3.8/site-packages/airflow/example_dags/example_dag_decorator.py
[2024-03-22T10:54:59.879+0000] {processor.py:840} INFO - DAG(s) 'example_dag_decorator' retrieved from /home/airflow/.local/lib/python3.8/site-packages/airflow/example_dags/example_dag_decorator.py
[2024-03-22T10:54:59.968+0000] {logging_mixin.py:188} INFO - [2024-03-22T10:54:59.968+0000] {dag.py:3047} INFO - Sync 1 DAGs
[2024-03-22T10:54:59.977+0000] {logging_mixin.py:188} INFO - [2024-03-22T10:54:59.977+0000] {dag.py:3834} INFO - Setting next_dagrun for example_dag_decorator to None, run_after=None
[2024-03-22T10:54:59.994+0000] {processor.py:183} INFO - Processing /home/airflow/.local/lib/python3.8/site-packages/airflow/example_dags/example_dag_decorator.py took 0.197 seconds
[2024-03-22T10:55:30.067+0000] {processor.py:161} INFO - Started process (PID=600) to work on /home/airflow/.local/lib/python3.8/site-packages/airflow/example_dags/example_dag_decorator.py
[2024-03-22T10:55:30.070+0000] {processor.py:830} INFO - Processing file /home/airflow/.local/lib/python3.8/site-packages/airflow/example_dags/example_dag_decorator.py for tasks to queue
[2024-03-22T10:55:30.072+0000] {logging_mixin.py:188} INFO - [2024-03-22T10:55:30.072+0000] {dagbag.py:540} INFO - Filling up the DagBag from /home/airflow/.local/lib/python3.8/site-packages/airflow/example_dags/example_dag_decorator.py
[2024-03-22T10:55:30.164+0000] {processor.py:840} INFO - DAG(s) 'example_dag_decorator' retrieved from /home/airflow/.local/lib/python3.8/site-packages/airflow/example_dags/example_dag_decorator.py
[2024-03-22T10:55:30.241+0000] {logging_mixin.py:188} INFO - [2024-03-22T10:55:30.241+0000] {dag.py:3047} INFO - Sync 1 DAGs
[2024-03-22T10:55:30.249+0000] {logging_mixin.py:188} INFO - [2024-03-22T10:55:30.249+0000] {dag.py:3834} INFO - Setting next_dagrun for example_dag_decorator to None, run_after=None
[2024-03-22T10:55:30.269+0000] {processor.py:183} INFO - Processing /home/airflow/.local/lib/python3.8/site-packages/airflow/example_dags/example_dag_decorator.py took 0.204 seconds
[2024-03-22T10:56:00.326+0000] {processor.py:161} INFO - Started process (PID=655) to work on /home/airflow/.local/lib/python3.8/site-packages/airflow/example_dags/example_dag_decorator.py
[2024-03-22T10:56:00.327+0000] {processor.py:830} INFO - Processing file /home/airflow/.local/lib/python3.8/site-packages/airflow/example_dags/example_dag_decorator.py for tasks to queue
[2024-03-22T10:56:00.329+0000] {logging_mixin.py:188} INFO - [2024-03-22T10:56:00.328+0000] {dagbag.py:540} INFO - Filling up the DagBag from /home/airflow/.local/lib/python3.8/site-packages/airflow/example_dags/example_dag_decorator.py
[2024-03-22T10:56:00.399+0000] {processor.py:840} INFO - DAG(s) 'example_dag_decorator' retrieved from /home/airflow/.local/lib/python3.8/site-packages/airflow/example_dags/example_dag_decorator.py
[2024-03-22T10:56:00.473+0000] {logging_mixin.py:188} INFO - [2024-03-22T10:56:00.473+0000] {dag.py:3047} INFO - Sync 1 DAGs
[2024-03-22T10:56:00.481+0000] {logging_mixin.py:188} INFO - [2024-03-22T10:56:00.480+0000] {dag.py:3834} INFO - Setting next_dagrun for example_dag_decorator to None, run_after=None
[2024-03-22T10:56:00.495+0000] {processor.py:183} INFO - Processing /home/airflow/.local/lib/python3.8/site-packages/airflow/example_dags/example_dag_decorator.py took 0.171 seconds
[2024-03-22T10:56:30.520+0000] {processor.py:161} INFO - Started process (PID=710) to work on /home/airflow/.local/lib/python3.8/site-packages/airflow/example_dags/example_dag_decorator.py
[2024-03-22T10:56:30.521+0000] {processor.py:830} INFO - Processing file /home/airflow/.local/lib/python3.8/site-packages/airflow/example_dags/example_dag_decorator.py for tasks to queue
[2024-03-22T10:56:30.523+0000] {logging_mixin.py:188} INFO - [2024-03-22T10:56:30.523+0000] {dagbag.py:540} INFO - Filling up the DagBag from /home/airflow/.local/lib/python3.8/site-packages/airflow/example_dags/example_dag_decorator.py
[2024-03-22T10:56:30.595+0000] {processor.py:840} INFO - DAG(s) 'example_dag_decorator' retrieved from /home/airflow/.local/lib/python3.8/site-packages/airflow/example_dags/example_dag_decorator.py
[2024-03-22T10:56:30.683+0000] {logging_mixin.py:188} INFO - [2024-03-22T10:56:30.683+0000] {dag.py:3047} INFO - Sync 1 DAGs
[2024-03-22T10:56:30.691+0000] {logging_mixin.py:188} INFO - [2024-03-22T10:56:30.691+0000] {dag.py:3834} INFO - Setting next_dagrun for example_dag_decorator to None, run_after=None
[2024-03-22T10:56:30.708+0000] {processor.py:183} INFO - Processing /home/airflow/.local/lib/python3.8/site-packages/airflow/example_dags/example_dag_decorator.py took 0.190 seconds
[2024-03-22T10:57:00.742+0000] {processor.py:161} INFO - Started process (PID=765) to work on /home/airflow/.local/lib/python3.8/site-packages/airflow/example_dags/example_dag_decorator.py
[2024-03-22T10:57:00.744+0000] {processor.py:830} INFO - Processing file /home/airflow/.local/lib/python3.8/site-packages/airflow/example_dags/example_dag_decorator.py for tasks to queue
[2024-03-22T10:57:00.745+0000] {logging_mixin.py:188} INFO - [2024-03-22T10:57:00.745+0000] {dagbag.py:540} INFO - Filling up the DagBag from /home/airflow/.local/lib/python3.8/site-packages/airflow/example_dags/example_dag_decorator.py
[2024-03-22T10:57:00.830+0000] {processor.py:840} INFO - DAG(s) 'example_dag_decorator' retrieved from /home/airflow/.local/lib/python3.8/site-packages/airflow/example_dags/example_dag_decorator.py
[2024-03-22T10:57:00.907+0000] {logging_mixin.py:188} INFO - [2024-03-22T10:57:00.907+0000] {dag.py:3047} INFO - Sync 1 DAGs
[2024-03-22T10:57:00.915+0000] {logging_mixin.py:188} INFO - [2024-03-22T10:57:00.915+0000] {dag.py:3834} INFO - Setting next_dagrun for example_dag_decorator to None, run_after=None
[2024-03-22T10:57:00.931+0000] {processor.py:183} INFO - Processing /home/airflow/.local/lib/python3.8/site-packages/airflow/example_dags/example_dag_decorator.py took 0.192 seconds
[2024-03-22T10:57:31.007+0000] {processor.py:161} INFO - Started process (PID=821) to work on /home/airflow/.local/lib/python3.8/site-packages/airflow/example_dags/example_dag_decorator.py
[2024-03-22T10:57:31.008+0000] {processor.py:830} INFO - Processing file /home/airflow/.local/lib/python3.8/site-packages/airflow/example_dags/example_dag_decorator.py for tasks to queue
[2024-03-22T10:57:31.009+0000] {logging_mixin.py:188} INFO - [2024-03-22T10:57:31.009+0000] {dagbag.py:540} INFO - Filling up the DagBag from /home/airflow/.local/lib/python3.8/site-packages/airflow/example_dags/example_dag_decorator.py
[2024-03-22T10:57:31.080+0000] {processor.py:840} INFO - DAG(s) 'example_dag_decorator' retrieved from /home/airflow/.local/lib/python3.8/site-packages/airflow/example_dags/example_dag_decorator.py
[2024-03-22T10:57:31.155+0000] {logging_mixin.py:188} INFO - [2024-03-22T10:57:31.154+0000] {dag.py:3047} INFO - Sync 1 DAGs
[2024-03-22T10:57:31.162+0000] {logging_mixin.py:188} INFO - [2024-03-22T10:57:31.162+0000] {dag.py:3834} INFO - Setting next_dagrun for example_dag_decorator to None, run_after=None
[2024-03-22T10:57:31.175+0000] {processor.py:183} INFO - Processing /home/airflow/.local/lib/python3.8/site-packages/airflow/example_dags/example_dag_decorator.py took 0.171 seconds
[2024-03-22T10:58:01.220+0000] {processor.py:161} INFO - Started process (PID=877) to work on /home/airflow/.local/lib/python3.8/site-packages/airflow/example_dags/example_dag_decorator.py
[2024-03-22T10:58:01.221+0000] {processor.py:830} INFO - Processing file /home/airflow/.local/lib/python3.8/site-packages/airflow/example_dags/example_dag_decorator.py for tasks to queue
[2024-03-22T10:58:01.223+0000] {logging_mixin.py:188} INFO - [2024-03-22T10:58:01.222+0000] {dagbag.py:540} INFO - Filling up the DagBag from /home/airflow/.local/lib/python3.8/site-packages/airflow/example_dags/example_dag_decorator.py
[2024-03-22T10:58:01.289+0000] {processor.py:840} INFO - DAG(s) 'example_dag_decorator' retrieved from /home/airflow/.local/lib/python3.8/site-packages/airflow/example_dags/example_dag_decorator.py
[2024-03-22T10:58:01.362+0000] {logging_mixin.py:188} INFO - [2024-03-22T10:58:01.361+0000] {dag.py:3047} INFO - Sync 1 DAGs
[2024-03-22T10:58:01.370+0000] {logging_mixin.py:188} INFO - [2024-03-22T10:58:01.369+0000] {dag.py:3834} INFO - Setting next_dagrun for example_dag_decorator to None, run_after=None
[2024-03-22T10:58:01.384+0000] {processor.py:183} INFO - Processing /home/airflow/.local/lib/python3.8/site-packages/airflow/example_dags/example_dag_decorator.py took 0.165 seconds
[2024-03-22T10:58:31.485+0000] {processor.py:161} INFO - Started process (PID=933) to work on /home/airflow/.local/lib/python3.8/site-packages/airflow/example_dags/example_dag_decorator.py
[2024-03-22T10:58:31.486+0000] {processor.py:830} INFO - Processing file /home/airflow/.local/lib/python3.8/site-packages/airflow/example_dags/example_dag_decorator.py for tasks to queue
[2024-03-22T10:58:31.488+0000] {logging_mixin.py:188} INFO - [2024-03-22T10:58:31.487+0000] {dagbag.py:540} INFO - Filling up the DagBag from /home/airflow/.local/lib/python3.8/site-packages/airflow/example_dags/example_dag_decorator.py
[2024-03-22T10:58:31.559+0000] {processor.py:840} INFO - DAG(s) 'example_dag_decorator' retrieved from /home/airflow/.local/lib/python3.8/site-packages/airflow/example_dags/example_dag_decorator.py
[2024-03-22T10:58:31.637+0000] {logging_mixin.py:188} INFO - [2024-03-22T10:58:31.637+0000] {dag.py:3047} INFO - Sync 1 DAGs
[2024-03-22T10:58:31.646+0000] {logging_mixin.py:188} INFO - [2024-03-22T10:58:31.646+0000] {dag.py:3834} INFO - Setting next_dagrun for example_dag_decorator to None, run_after=None
[2024-03-22T10:58:31.662+0000] {processor.py:183} INFO - Processing /home/airflow/.local/lib/python3.8/site-packages/airflow/example_dags/example_dag_decorator.py took 0.180 seconds
[2024-03-22T10:59:01.751+0000] {processor.py:161} INFO - Started process (PID=989) to work on /home/airflow/.local/lib/python3.8/site-packages/airflow/example_dags/example_dag_decorator.py
[2024-03-22T10:59:01.752+0000] {processor.py:830} INFO - Processing file /home/airflow/.local/lib/python3.8/site-packages/airflow/example_dags/example_dag_decorator.py for tasks to queue
[2024-03-22T10:59:01.753+0000] {logging_mixin.py:188} INFO - [2024-03-22T10:59:01.753+0000] {dagbag.py:540} INFO - Filling up the DagBag from /home/airflow/.local/lib/python3.8/site-packages/airflow/example_dags/example_dag_decorator.py
[2024-03-22T10:59:01.827+0000] {processor.py:840} INFO - DAG(s) 'example_dag_decorator' retrieved from /home/airflow/.local/lib/python3.8/site-packages/airflow/example_dags/example_dag_decorator.py
[2024-03-22T10:59:01.907+0000] {logging_mixin.py:188} INFO - [2024-03-22T10:59:01.907+0000] {dag.py:3047} INFO - Sync 1 DAGs
[2024-03-22T10:59:01.918+0000] {logging_mixin.py:188} INFO - [2024-03-22T10:59:01.918+0000] {dag.py:3834} INFO - Setting next_dagrun for example_dag_decorator to None, run_after=None
[2024-03-22T10:59:01.933+0000] {processor.py:183} INFO - Processing /home/airflow/.local/lib/python3.8/site-packages/airflow/example_dags/example_dag_decorator.py took 0.185 seconds
[2024-03-22T10:59:31.968+0000] {processor.py:161} INFO - Started process (PID=1045) to work on /home/airflow/.local/lib/python3.8/site-packages/airflow/example_dags/example_dag_decorator.py
[2024-03-22T10:59:31.969+0000] {processor.py:830} INFO - Processing file /home/airflow/.local/lib/python3.8/site-packages/airflow/example_dags/example_dag_decorator.py for tasks to queue
[2024-03-22T10:59:31.970+0000] {logging_mixin.py:188} INFO - [2024-03-22T10:59:31.970+0000] {dagbag.py:540} INFO - Filling up the DagBag from /home/airflow/.local/lib/python3.8/site-packages/airflow/example_dags/example_dag_decorator.py
[2024-03-22T10:59:32.045+0000] {processor.py:840} INFO - DAG(s) 'example_dag_decorator' retrieved from /home/airflow/.local/lib/python3.8/site-packages/airflow/example_dags/example_dag_decorator.py
[2024-03-22T10:59:32.118+0000] {logging_mixin.py:188} INFO - [2024-03-22T10:59:32.118+0000] {dag.py:3047} INFO - Sync 1 DAGs
[2024-03-22T10:59:32.128+0000] {logging_mixin.py:188} INFO - [2024-03-22T10:59:32.127+0000] {dag.py:3834} INFO - Setting next_dagrun for example_dag_decorator to None, run_after=None
[2024-03-22T10:59:32.147+0000] {processor.py:183} INFO - Processing /home/airflow/.local/lib/python3.8/site-packages/airflow/example_dags/example_dag_decorator.py took 0.182 seconds
[2024-03-22T11:00:02.208+0000] {processor.py:161} INFO - Started process (PID=1102) to work on /home/airflow/.local/lib/python3.8/site-packages/airflow/example_dags/example_dag_decorator.py
[2024-03-22T11:00:02.209+0000] {processor.py:830} INFO - Processing file /home/airflow/.local/lib/python3.8/site-packages/airflow/example_dags/example_dag_decorator.py for tasks to queue
[2024-03-22T11:00:02.211+0000] {logging_mixin.py:188} INFO - [2024-03-22T11:00:02.210+0000] {dagbag.py:540} INFO - Filling up the DagBag from /home/airflow/.local/lib/python3.8/site-packages/airflow/example_dags/example_dag_decorator.py
[2024-03-22T11:00:02.274+0000] {processor.py:840} INFO - DAG(s) 'example_dag_decorator' retrieved from /home/airflow/.local/lib/python3.8/site-packages/airflow/example_dags/example_dag_decorator.py
[2024-03-22T11:00:02.352+0000] {logging_mixin.py:188} INFO - [2024-03-22T11:00:02.351+0000] {dag.py:3047} INFO - Sync 1 DAGs
[2024-03-22T11:00:02.360+0000] {logging_mixin.py:188} INFO - [2024-03-22T11:00:02.360+0000] {dag.py:3834} INFO - Setting next_dagrun for example_dag_decorator to None, run_after=None
[2024-03-22T11:00:02.373+0000] {processor.py:183} INFO - Processing /home/airflow/.local/lib/python3.8/site-packages/airflow/example_dags/example_dag_decorator.py took 0.167 seconds
[2024-03-22T11:00:32.444+0000] {processor.py:161} INFO - Started process (PID=1159) to work on /home/airflow/.local/lib/python3.8/site-packages/airflow/example_dags/example_dag_decorator.py
[2024-03-22T11:00:32.444+0000] {processor.py:830} INFO - Processing file /home/airflow/.local/lib/python3.8/site-packages/airflow/example_dags/example_dag_decorator.py for tasks to queue
[2024-03-22T11:00:32.446+0000] {logging_mixin.py:188} INFO - [2024-03-22T11:00:32.446+0000] {dagbag.py:540} INFO - Filling up the DagBag from /home/airflow/.local/lib/python3.8/site-packages/airflow/example_dags/example_dag_decorator.py
[2024-03-22T11:00:32.517+0000] {processor.py:840} INFO - DAG(s) 'example_dag_decorator' retrieved from /home/airflow/.local/lib/python3.8/site-packages/airflow/example_dags/example_dag_decorator.py
[2024-03-22T11:00:32.589+0000] {logging_mixin.py:188} INFO - [2024-03-22T11:00:32.589+0000] {dag.py:3047} INFO - Sync 1 DAGs
[2024-03-22T11:00:32.598+0000] {logging_mixin.py:188} INFO - [2024-03-22T11:00:32.598+0000] {dag.py:3834} INFO - Setting next_dagrun for example_dag_decorator to None, run_after=None
[2024-03-22T11:00:32.614+0000] {processor.py:183} INFO - Processing /home/airflow/.local/lib/python3.8/site-packages/airflow/example_dags/example_dag_decorator.py took 0.173 seconds
[2024-03-22T11:01:02.951+0000] {processor.py:161} INFO - Started process (PID=1204) to work on /home/airflow/.local/lib/python3.8/site-packages/airflow/example_dags/example_dag_decorator.py
[2024-03-22T11:01:02.952+0000] {processor.py:830} INFO - Processing file /home/airflow/.local/lib/python3.8/site-packages/airflow/example_dags/example_dag_decorator.py for tasks to queue
[2024-03-22T11:01:02.953+0000] {logging_mixin.py:188} INFO - [2024-03-22T11:01:02.953+0000] {dagbag.py:540} INFO - Filling up the DagBag from /home/airflow/.local/lib/python3.8/site-packages/airflow/example_dags/example_dag_decorator.py
[2024-03-22T11:01:03.020+0000] {processor.py:840} INFO - DAG(s) 'example_dag_decorator' retrieved from /home/airflow/.local/lib/python3.8/site-packages/airflow/example_dags/example_dag_decorator.py
[2024-03-22T11:01:03.093+0000] {logging_mixin.py:188} INFO - [2024-03-22T11:01:03.092+0000] {dag.py:3047} INFO - Sync 1 DAGs
[2024-03-22T11:01:03.100+0000] {logging_mixin.py:188} INFO - [2024-03-22T11:01:03.100+0000] {dag.py:3834} INFO - Setting next_dagrun for example_dag_decorator to None, run_after=None
[2024-03-22T11:01:03.114+0000] {processor.py:183} INFO - Processing /home/airflow/.local/lib/python3.8/site-packages/airflow/example_dags/example_dag_decorator.py took 0.167 seconds
[2024-03-22T11:01:33.158+0000] {processor.py:161} INFO - Started process (PID=1259) to work on /home/airflow/.local/lib/python3.8/site-packages/airflow/example_dags/example_dag_decorator.py
[2024-03-22T11:01:33.160+0000] {processor.py:830} INFO - Processing file /home/airflow/.local/lib/python3.8/site-packages/airflow/example_dags/example_dag_decorator.py for tasks to queue
[2024-03-22T11:01:33.162+0000] {logging_mixin.py:188} INFO - [2024-03-22T11:01:33.162+0000] {dagbag.py:540} INFO - Filling up the DagBag from /home/airflow/.local/lib/python3.8/site-packages/airflow/example_dags/example_dag_decorator.py
[2024-03-22T11:01:33.270+0000] {processor.py:840} INFO - DAG(s) 'example_dag_decorator' retrieved from /home/airflow/.local/lib/python3.8/site-packages/airflow/example_dags/example_dag_decorator.py
[2024-03-22T11:01:33.375+0000] {logging_mixin.py:188} INFO - [2024-03-22T11:01:33.375+0000] {dag.py:3047} INFO - Sync 1 DAGs
[2024-03-22T11:01:33.384+0000] {logging_mixin.py:188} INFO - [2024-03-22T11:01:33.384+0000] {dag.py:3834} INFO - Setting next_dagrun for example_dag_decorator to None, run_after=None
[2024-03-22T11:01:33.404+0000] {processor.py:183} INFO - Processing /home/airflow/.local/lib/python3.8/site-packages/airflow/example_dags/example_dag_decorator.py took 0.249 seconds
