[2024-03-22T10:50:25.003+0000] {processor.py:161} INFO - Started process (PID=41) to work on /home/airflow/.local/lib/python3.8/site-packages/airflow/example_dags/example_short_circuit_operator.py
[2024-03-22T10:50:25.004+0000] {processor.py:830} INFO - Processing file /home/airflow/.local/lib/python3.8/site-packages/airflow/example_dags/example_short_circuit_operator.py for tasks to queue
[2024-03-22T10:50:25.005+0000] {logging_mixin.py:188} INFO - [2024-03-22T10:50:25.005+0000] {dagbag.py:540} INFO - Filling up the DagBag from /home/airflow/.local/lib/python3.8/site-packages/airflow/example_dags/example_short_circuit_operator.py
[2024-03-22T10:50:25.013+0000] {processor.py:840} INFO - DAG(s) 'example_short_circuit_operator' retrieved from /home/airflow/.local/lib/python3.8/site-packages/airflow/example_dags/example_short_circuit_operator.py
[2024-03-22T10:50:25.022+0000] {logging_mixin.py:188} INFO - [2024-03-22T10:50:25.022+0000] {dag.py:3047} INFO - Sync 1 DAGs
[2024-03-22T10:50:25.038+0000] {logging_mixin.py:188} INFO - [2024-03-22T10:50:25.038+0000] {dag.py:3834} INFO - Setting next_dagrun for example_short_circuit_operator to 2024-03-21 00:00:00+00:00, run_after=2024-03-22 00:00:00+00:00
[2024-03-22T10:50:25.053+0000] {processor.py:183} INFO - Processing /home/airflow/.local/lib/python3.8/site-packages/airflow/example_dags/example_short_circuit_operator.py took 0.052 seconds
[2024-03-22T10:50:55.370+0000] {processor.py:161} INFO - Started process (PID=95) to work on /home/airflow/.local/lib/python3.8/site-packages/airflow/example_dags/example_short_circuit_operator.py
[2024-03-22T10:50:55.371+0000] {processor.py:830} INFO - Processing file /home/airflow/.local/lib/python3.8/site-packages/airflow/example_dags/example_short_circuit_operator.py for tasks to queue
[2024-03-22T10:50:55.373+0000] {logging_mixin.py:188} INFO - [2024-03-22T10:50:55.373+0000] {dagbag.py:540} INFO - Filling up the DagBag from /home/airflow/.local/lib/python3.8/site-packages/airflow/example_dags/example_short_circuit_operator.py
[2024-03-22T10:50:55.379+0000] {processor.py:840} INFO - DAG(s) 'example_short_circuit_operator' retrieved from /home/airflow/.local/lib/python3.8/site-packages/airflow/example_dags/example_short_circuit_operator.py
[2024-03-22T10:50:55.462+0000] {logging_mixin.py:188} INFO - [2024-03-22T10:50:55.461+0000] {dag.py:3047} INFO - Sync 1 DAGs
[2024-03-22T10:50:55.475+0000] {logging_mixin.py:188} INFO - [2024-03-22T10:50:55.475+0000] {dag.py:3834} INFO - Setting next_dagrun for example_short_circuit_operator to 2024-03-21 00:00:00+00:00, run_after=2024-03-22 00:00:00+00:00
[2024-03-22T10:50:55.489+0000] {processor.py:183} INFO - Processing /home/airflow/.local/lib/python3.8/site-packages/airflow/example_dags/example_short_circuit_operator.py took 0.121 seconds
[2024-03-22T10:51:25.626+0000] {processor.py:161} INFO - Started process (PID=150) to work on /home/airflow/.local/lib/python3.8/site-packages/airflow/example_dags/example_short_circuit_operator.py
[2024-03-22T10:51:25.627+0000] {processor.py:830} INFO - Processing file /home/airflow/.local/lib/python3.8/site-packages/airflow/example_dags/example_short_circuit_operator.py for tasks to queue
[2024-03-22T10:51:25.629+0000] {logging_mixin.py:188} INFO - [2024-03-22T10:51:25.628+0000] {dagbag.py:540} INFO - Filling up the DagBag from /home/airflow/.local/lib/python3.8/site-packages/airflow/example_dags/example_short_circuit_operator.py
[2024-03-22T10:51:25.638+0000] {processor.py:840} INFO - DAG(s) 'example_short_circuit_operator' retrieved from /home/airflow/.local/lib/python3.8/site-packages/airflow/example_dags/example_short_circuit_operator.py
[2024-03-22T10:51:25.661+0000] {logging_mixin.py:188} INFO - [2024-03-22T10:51:25.661+0000] {dag.py:3047} INFO - Sync 1 DAGs
[2024-03-22T10:51:25.679+0000] {logging_mixin.py:188} INFO - [2024-03-22T10:51:25.678+0000] {dag.py:3834} INFO - Setting next_dagrun for example_short_circuit_operator to 2024-03-21 00:00:00+00:00, run_after=2024-03-22 00:00:00+00:00
[2024-03-22T10:51:25.694+0000] {processor.py:183} INFO - Processing /home/airflow/.local/lib/python3.8/site-packages/airflow/example_dags/example_short_circuit_operator.py took 0.071 seconds
[2024-03-22T10:51:55.832+0000] {processor.py:161} INFO - Started process (PID=205) to work on /home/airflow/.local/lib/python3.8/site-packages/airflow/example_dags/example_short_circuit_operator.py
[2024-03-22T10:51:55.833+0000] {processor.py:830} INFO - Processing file /home/airflow/.local/lib/python3.8/site-packages/airflow/example_dags/example_short_circuit_operator.py for tasks to queue
[2024-03-22T10:51:55.834+0000] {logging_mixin.py:188} INFO - [2024-03-22T10:51:55.834+0000] {dagbag.py:540} INFO - Filling up the DagBag from /home/airflow/.local/lib/python3.8/site-packages/airflow/example_dags/example_short_circuit_operator.py
[2024-03-22T10:51:55.840+0000] {processor.py:840} INFO - DAG(s) 'example_short_circuit_operator' retrieved from /home/airflow/.local/lib/python3.8/site-packages/airflow/example_dags/example_short_circuit_operator.py
[2024-03-22T10:51:55.858+0000] {logging_mixin.py:188} INFO - [2024-03-22T10:51:55.857+0000] {dag.py:3047} INFO - Sync 1 DAGs
[2024-03-22T10:51:55.873+0000] {logging_mixin.py:188} INFO - [2024-03-22T10:51:55.873+0000] {dag.py:3834} INFO - Setting next_dagrun for example_short_circuit_operator to 2024-03-21 00:00:00+00:00, run_after=2024-03-22 00:00:00+00:00
[2024-03-22T10:51:55.885+0000] {processor.py:183} INFO - Processing /home/airflow/.local/lib/python3.8/site-packages/airflow/example_dags/example_short_circuit_operator.py took 0.056 seconds
[2024-03-22T10:52:26.183+0000] {processor.py:161} INFO - Started process (PID=260) to work on /home/airflow/.local/lib/python3.8/site-packages/airflow/example_dags/example_short_circuit_operator.py
[2024-03-22T10:52:26.184+0000] {processor.py:830} INFO - Processing file /home/airflow/.local/lib/python3.8/site-packages/airflow/example_dags/example_short_circuit_operator.py for tasks to queue
[2024-03-22T10:52:26.185+0000] {logging_mixin.py:188} INFO - [2024-03-22T10:52:26.185+0000] {dagbag.py:540} INFO - Filling up the DagBag from /home/airflow/.local/lib/python3.8/site-packages/airflow/example_dags/example_short_circuit_operator.py
[2024-03-22T10:52:26.192+0000] {processor.py:840} INFO - DAG(s) 'example_short_circuit_operator' retrieved from /home/airflow/.local/lib/python3.8/site-packages/airflow/example_dags/example_short_circuit_operator.py
[2024-03-22T10:52:26.208+0000] {logging_mixin.py:188} INFO - [2024-03-22T10:52:26.208+0000] {dag.py:3047} INFO - Sync 1 DAGs
[2024-03-22T10:52:26.224+0000] {logging_mixin.py:188} INFO - [2024-03-22T10:52:26.224+0000] {dag.py:3834} INFO - Setting next_dagrun for example_short_circuit_operator to 2024-03-21 00:00:00+00:00, run_after=2024-03-22 00:00:00+00:00
[2024-03-22T10:52:26.246+0000] {processor.py:183} INFO - Processing /home/airflow/.local/lib/python3.8/site-packages/airflow/example_dags/example_short_circuit_operator.py took 0.066 seconds
[2024-03-22T10:52:56.446+0000] {processor.py:161} INFO - Started process (PID=315) to work on /home/airflow/.local/lib/python3.8/site-packages/airflow/example_dags/example_short_circuit_operator.py
[2024-03-22T10:52:56.447+0000] {processor.py:830} INFO - Processing file /home/airflow/.local/lib/python3.8/site-packages/airflow/example_dags/example_short_circuit_operator.py for tasks to queue
[2024-03-22T10:52:56.448+0000] {logging_mixin.py:188} INFO - [2024-03-22T10:52:56.448+0000] {dagbag.py:540} INFO - Filling up the DagBag from /home/airflow/.local/lib/python3.8/site-packages/airflow/example_dags/example_short_circuit_operator.py
[2024-03-22T10:52:56.454+0000] {processor.py:840} INFO - DAG(s) 'example_short_circuit_operator' retrieved from /home/airflow/.local/lib/python3.8/site-packages/airflow/example_dags/example_short_circuit_operator.py
[2024-03-22T10:52:56.473+0000] {logging_mixin.py:188} INFO - [2024-03-22T10:52:56.473+0000] {dag.py:3047} INFO - Sync 1 DAGs
[2024-03-22T10:52:56.490+0000] {logging_mixin.py:188} INFO - [2024-03-22T10:52:56.489+0000] {dag.py:3834} INFO - Setting next_dagrun for example_short_circuit_operator to 2024-03-21 00:00:00+00:00, run_after=2024-03-22 00:00:00+00:00
[2024-03-22T10:52:56.503+0000] {processor.py:183} INFO - Processing /home/airflow/.local/lib/python3.8/site-packages/airflow/example_dags/example_short_circuit_operator.py took 0.060 seconds
[2024-03-22T10:53:26.875+0000] {processor.py:161} INFO - Started process (PID=370) to work on /home/airflow/.local/lib/python3.8/site-packages/airflow/example_dags/example_short_circuit_operator.py
[2024-03-22T10:53:26.875+0000] {processor.py:830} INFO - Processing file /home/airflow/.local/lib/python3.8/site-packages/airflow/example_dags/example_short_circuit_operator.py for tasks to queue
[2024-03-22T10:53:26.877+0000] {logging_mixin.py:188} INFO - [2024-03-22T10:53:26.877+0000] {dagbag.py:540} INFO - Filling up the DagBag from /home/airflow/.local/lib/python3.8/site-packages/airflow/example_dags/example_short_circuit_operator.py
[2024-03-22T10:53:26.883+0000] {processor.py:840} INFO - DAG(s) 'example_short_circuit_operator' retrieved from /home/airflow/.local/lib/python3.8/site-packages/airflow/example_dags/example_short_circuit_operator.py
[2024-03-22T10:53:26.901+0000] {logging_mixin.py:188} INFO - [2024-03-22T10:53:26.901+0000] {dag.py:3047} INFO - Sync 1 DAGs
[2024-03-22T10:53:26.917+0000] {logging_mixin.py:188} INFO - [2024-03-22T10:53:26.917+0000] {dag.py:3834} INFO - Setting next_dagrun for example_short_circuit_operator to 2024-03-21 00:00:00+00:00, run_after=2024-03-22 00:00:00+00:00
[2024-03-22T10:53:26.934+0000] {processor.py:183} INFO - Processing /home/airflow/.local/lib/python3.8/site-packages/airflow/example_dags/example_short_circuit_operator.py took 0.062 seconds
[2024-03-22T10:53:56.993+0000] {processor.py:161} INFO - Started process (PID=425) to work on /home/airflow/.local/lib/python3.8/site-packages/airflow/example_dags/example_short_circuit_operator.py
[2024-03-22T10:53:56.994+0000] {processor.py:830} INFO - Processing file /home/airflow/.local/lib/python3.8/site-packages/airflow/example_dags/example_short_circuit_operator.py for tasks to queue
[2024-03-22T10:53:56.995+0000] {logging_mixin.py:188} INFO - [2024-03-22T10:53:56.995+0000] {dagbag.py:540} INFO - Filling up the DagBag from /home/airflow/.local/lib/python3.8/site-packages/airflow/example_dags/example_short_circuit_operator.py
[2024-03-22T10:53:57.001+0000] {processor.py:840} INFO - DAG(s) 'example_short_circuit_operator' retrieved from /home/airflow/.local/lib/python3.8/site-packages/airflow/example_dags/example_short_circuit_operator.py
[2024-03-22T10:53:57.020+0000] {logging_mixin.py:188} INFO - [2024-03-22T10:53:57.020+0000] {dag.py:3047} INFO - Sync 1 DAGs
[2024-03-22T10:53:57.041+0000] {logging_mixin.py:188} INFO - [2024-03-22T10:53:57.041+0000] {dag.py:3834} INFO - Setting next_dagrun for example_short_circuit_operator to 2024-03-21 00:00:00+00:00, run_after=2024-03-22 00:00:00+00:00
[2024-03-22T10:53:57.059+0000] {processor.py:183} INFO - Processing /home/airflow/.local/lib/python3.8/site-packages/airflow/example_dags/example_short_circuit_operator.py took 0.068 seconds
[2024-03-22T10:54:27.147+0000] {processor.py:161} INFO - Started process (PID=480) to work on /home/airflow/.local/lib/python3.8/site-packages/airflow/example_dags/example_short_circuit_operator.py
[2024-03-22T10:54:27.148+0000] {processor.py:830} INFO - Processing file /home/airflow/.local/lib/python3.8/site-packages/airflow/example_dags/example_short_circuit_operator.py for tasks to queue
[2024-03-22T10:54:27.150+0000] {logging_mixin.py:188} INFO - [2024-03-22T10:54:27.149+0000] {dagbag.py:540} INFO - Filling up the DagBag from /home/airflow/.local/lib/python3.8/site-packages/airflow/example_dags/example_short_circuit_operator.py
[2024-03-22T10:54:27.158+0000] {processor.py:840} INFO - DAG(s) 'example_short_circuit_operator' retrieved from /home/airflow/.local/lib/python3.8/site-packages/airflow/example_dags/example_short_circuit_operator.py
[2024-03-22T10:54:27.184+0000] {logging_mixin.py:188} INFO - [2024-03-22T10:54:27.184+0000] {dag.py:3047} INFO - Sync 1 DAGs
[2024-03-22T10:54:27.204+0000] {logging_mixin.py:188} INFO - [2024-03-22T10:54:27.204+0000] {dag.py:3834} INFO - Setting next_dagrun for example_short_circuit_operator to 2024-03-21 00:00:00+00:00, run_after=2024-03-22 00:00:00+00:00
[2024-03-22T10:54:27.223+0000] {processor.py:183} INFO - Processing /home/airflow/.local/lib/python3.8/site-packages/airflow/example_dags/example_short_circuit_operator.py took 0.078 seconds
[2024-03-22T10:54:57.381+0000] {processor.py:161} INFO - Started process (PID=535) to work on /home/airflow/.local/lib/python3.8/site-packages/airflow/example_dags/example_short_circuit_operator.py
[2024-03-22T10:54:57.382+0000] {processor.py:830} INFO - Processing file /home/airflow/.local/lib/python3.8/site-packages/airflow/example_dags/example_short_circuit_operator.py for tasks to queue
[2024-03-22T10:54:57.383+0000] {logging_mixin.py:188} INFO - [2024-03-22T10:54:57.383+0000] {dagbag.py:540} INFO - Filling up the DagBag from /home/airflow/.local/lib/python3.8/site-packages/airflow/example_dags/example_short_circuit_operator.py
[2024-03-22T10:54:57.388+0000] {processor.py:840} INFO - DAG(s) 'example_short_circuit_operator' retrieved from /home/airflow/.local/lib/python3.8/site-packages/airflow/example_dags/example_short_circuit_operator.py
[2024-03-22T10:54:57.404+0000] {logging_mixin.py:188} INFO - [2024-03-22T10:54:57.403+0000] {dag.py:3047} INFO - Sync 1 DAGs
[2024-03-22T10:54:57.421+0000] {logging_mixin.py:188} INFO - [2024-03-22T10:54:57.420+0000] {dag.py:3834} INFO - Setting next_dagrun for example_short_circuit_operator to 2024-03-21 00:00:00+00:00, run_after=2024-03-22 00:00:00+00:00
[2024-03-22T10:54:57.434+0000] {processor.py:183} INFO - Processing /home/airflow/.local/lib/python3.8/site-packages/airflow/example_dags/example_short_circuit_operator.py took 0.055 seconds
[2024-03-22T10:55:27.667+0000] {processor.py:161} INFO - Started process (PID=590) to work on /home/airflow/.local/lib/python3.8/site-packages/airflow/example_dags/example_short_circuit_operator.py
[2024-03-22T10:55:27.668+0000] {processor.py:830} INFO - Processing file /home/airflow/.local/lib/python3.8/site-packages/airflow/example_dags/example_short_circuit_operator.py for tasks to queue
[2024-03-22T10:55:27.670+0000] {logging_mixin.py:188} INFO - [2024-03-22T10:55:27.670+0000] {dagbag.py:540} INFO - Filling up the DagBag from /home/airflow/.local/lib/python3.8/site-packages/airflow/example_dags/example_short_circuit_operator.py
[2024-03-22T10:55:27.676+0000] {processor.py:840} INFO - DAG(s) 'example_short_circuit_operator' retrieved from /home/airflow/.local/lib/python3.8/site-packages/airflow/example_dags/example_short_circuit_operator.py
[2024-03-22T10:55:27.694+0000] {logging_mixin.py:188} INFO - [2024-03-22T10:55:27.694+0000] {dag.py:3047} INFO - Sync 1 DAGs
[2024-03-22T10:55:27.712+0000] {logging_mixin.py:188} INFO - [2024-03-22T10:55:27.712+0000] {dag.py:3834} INFO - Setting next_dagrun for example_short_circuit_operator to 2024-03-21 00:00:00+00:00, run_after=2024-03-22 00:00:00+00:00
[2024-03-22T10:55:27.736+0000] {processor.py:183} INFO - Processing /home/airflow/.local/lib/python3.8/site-packages/airflow/example_dags/example_short_circuit_operator.py took 0.071 seconds
[2024-03-22T10:55:57.977+0000] {processor.py:161} INFO - Started process (PID=645) to work on /home/airflow/.local/lib/python3.8/site-packages/airflow/example_dags/example_short_circuit_operator.py
[2024-03-22T10:55:57.978+0000] {processor.py:830} INFO - Processing file /home/airflow/.local/lib/python3.8/site-packages/airflow/example_dags/example_short_circuit_operator.py for tasks to queue
[2024-03-22T10:55:57.980+0000] {logging_mixin.py:188} INFO - [2024-03-22T10:55:57.979+0000] {dagbag.py:540} INFO - Filling up the DagBag from /home/airflow/.local/lib/python3.8/site-packages/airflow/example_dags/example_short_circuit_operator.py
[2024-03-22T10:55:57.985+0000] {processor.py:840} INFO - DAG(s) 'example_short_circuit_operator' retrieved from /home/airflow/.local/lib/python3.8/site-packages/airflow/example_dags/example_short_circuit_operator.py
[2024-03-22T10:55:58.003+0000] {logging_mixin.py:188} INFO - [2024-03-22T10:55:58.002+0000] {dag.py:3047} INFO - Sync 1 DAGs
[2024-03-22T10:55:58.019+0000] {logging_mixin.py:188} INFO - [2024-03-22T10:55:58.019+0000] {dag.py:3834} INFO - Setting next_dagrun for example_short_circuit_operator to 2024-03-21 00:00:00+00:00, run_after=2024-03-22 00:00:00+00:00
[2024-03-22T10:55:58.042+0000] {processor.py:183} INFO - Processing /home/airflow/.local/lib/python3.8/site-packages/airflow/example_dags/example_short_circuit_operator.py took 0.068 seconds
[2024-03-22T10:56:28.161+0000] {processor.py:161} INFO - Started process (PID=700) to work on /home/airflow/.local/lib/python3.8/site-packages/airflow/example_dags/example_short_circuit_operator.py
[2024-03-22T10:56:28.162+0000] {processor.py:830} INFO - Processing file /home/airflow/.local/lib/python3.8/site-packages/airflow/example_dags/example_short_circuit_operator.py for tasks to queue
[2024-03-22T10:56:28.164+0000] {logging_mixin.py:188} INFO - [2024-03-22T10:56:28.163+0000] {dagbag.py:540} INFO - Filling up the DagBag from /home/airflow/.local/lib/python3.8/site-packages/airflow/example_dags/example_short_circuit_operator.py
[2024-03-22T10:56:28.170+0000] {processor.py:840} INFO - DAG(s) 'example_short_circuit_operator' retrieved from /home/airflow/.local/lib/python3.8/site-packages/airflow/example_dags/example_short_circuit_operator.py
[2024-03-22T10:56:28.192+0000] {logging_mixin.py:188} INFO - [2024-03-22T10:56:28.192+0000] {dag.py:3047} INFO - Sync 1 DAGs
[2024-03-22T10:56:28.210+0000] {logging_mixin.py:188} INFO - [2024-03-22T10:56:28.210+0000] {dag.py:3834} INFO - Setting next_dagrun for example_short_circuit_operator to 2024-03-21 00:00:00+00:00, run_after=2024-03-22 00:00:00+00:00
[2024-03-22T10:56:28.226+0000] {processor.py:183} INFO - Processing /home/airflow/.local/lib/python3.8/site-packages/airflow/example_dags/example_short_circuit_operator.py took 0.067 seconds
[2024-03-22T10:56:58.297+0000] {processor.py:161} INFO - Started process (PID=755) to work on /home/airflow/.local/lib/python3.8/site-packages/airflow/example_dags/example_short_circuit_operator.py
[2024-03-22T10:56:58.298+0000] {processor.py:830} INFO - Processing file /home/airflow/.local/lib/python3.8/site-packages/airflow/example_dags/example_short_circuit_operator.py for tasks to queue
[2024-03-22T10:56:58.299+0000] {logging_mixin.py:188} INFO - [2024-03-22T10:56:58.299+0000] {dagbag.py:540} INFO - Filling up the DagBag from /home/airflow/.local/lib/python3.8/site-packages/airflow/example_dags/example_short_circuit_operator.py
[2024-03-22T10:56:58.305+0000] {processor.py:840} INFO - DAG(s) 'example_short_circuit_operator' retrieved from /home/airflow/.local/lib/python3.8/site-packages/airflow/example_dags/example_short_circuit_operator.py
[2024-03-22T10:56:58.322+0000] {logging_mixin.py:188} INFO - [2024-03-22T10:56:58.321+0000] {dag.py:3047} INFO - Sync 1 DAGs
[2024-03-22T10:56:58.337+0000] {logging_mixin.py:188} INFO - [2024-03-22T10:56:58.337+0000] {dag.py:3834} INFO - Setting next_dagrun for example_short_circuit_operator to 2024-03-21 00:00:00+00:00, run_after=2024-03-22 00:00:00+00:00
[2024-03-22T10:56:58.350+0000] {processor.py:183} INFO - Processing /home/airflow/.local/lib/python3.8/site-packages/airflow/example_dags/example_short_circuit_operator.py took 0.055 seconds
[2024-03-22T10:57:28.483+0000] {processor.py:161} INFO - Started process (PID=810) to work on /home/airflow/.local/lib/python3.8/site-packages/airflow/example_dags/example_short_circuit_operator.py
[2024-03-22T10:57:28.484+0000] {processor.py:830} INFO - Processing file /home/airflow/.local/lib/python3.8/site-packages/airflow/example_dags/example_short_circuit_operator.py for tasks to queue
[2024-03-22T10:57:28.485+0000] {logging_mixin.py:188} INFO - [2024-03-22T10:57:28.485+0000] {dagbag.py:540} INFO - Filling up the DagBag from /home/airflow/.local/lib/python3.8/site-packages/airflow/example_dags/example_short_circuit_operator.py
[2024-03-22T10:57:28.491+0000] {processor.py:840} INFO - DAG(s) 'example_short_circuit_operator' retrieved from /home/airflow/.local/lib/python3.8/site-packages/airflow/example_dags/example_short_circuit_operator.py
[2024-03-22T10:57:28.506+0000] {logging_mixin.py:188} INFO - [2024-03-22T10:57:28.506+0000] {dag.py:3047} INFO - Sync 1 DAGs
[2024-03-22T10:57:28.522+0000] {logging_mixin.py:188} INFO - [2024-03-22T10:57:28.522+0000] {dag.py:3834} INFO - Setting next_dagrun for example_short_circuit_operator to 2024-03-21 00:00:00+00:00, run_after=2024-03-22 00:00:00+00:00
[2024-03-22T10:57:28.548+0000] {processor.py:183} INFO - Processing /home/airflow/.local/lib/python3.8/site-packages/airflow/example_dags/example_short_circuit_operator.py took 0.067 seconds
[2024-03-22T10:57:58.637+0000] {processor.py:161} INFO - Started process (PID=865) to work on /home/airflow/.local/lib/python3.8/site-packages/airflow/example_dags/example_short_circuit_operator.py
[2024-03-22T10:57:58.638+0000] {processor.py:830} INFO - Processing file /home/airflow/.local/lib/python3.8/site-packages/airflow/example_dags/example_short_circuit_operator.py for tasks to queue
[2024-03-22T10:57:58.640+0000] {logging_mixin.py:188} INFO - [2024-03-22T10:57:58.639+0000] {dagbag.py:540} INFO - Filling up the DagBag from /home/airflow/.local/lib/python3.8/site-packages/airflow/example_dags/example_short_circuit_operator.py
[2024-03-22T10:57:58.646+0000] {processor.py:840} INFO - DAG(s) 'example_short_circuit_operator' retrieved from /home/airflow/.local/lib/python3.8/site-packages/airflow/example_dags/example_short_circuit_operator.py
[2024-03-22T10:57:58.663+0000] {logging_mixin.py:188} INFO - [2024-03-22T10:57:58.663+0000] {dag.py:3047} INFO - Sync 1 DAGs
[2024-03-22T10:57:58.683+0000] {logging_mixin.py:188} INFO - [2024-03-22T10:57:58.682+0000] {dag.py:3834} INFO - Setting next_dagrun for example_short_circuit_operator to 2024-03-21 00:00:00+00:00, run_after=2024-03-22 00:00:00+00:00
[2024-03-22T10:57:58.695+0000] {processor.py:183} INFO - Processing /home/airflow/.local/lib/python3.8/site-packages/airflow/example_dags/example_short_circuit_operator.py took 0.060 seconds
[2024-03-22T10:58:28.848+0000] {processor.py:161} INFO - Started process (PID=920) to work on /home/airflow/.local/lib/python3.8/site-packages/airflow/example_dags/example_short_circuit_operator.py
[2024-03-22T10:58:28.849+0000] {processor.py:830} INFO - Processing file /home/airflow/.local/lib/python3.8/site-packages/airflow/example_dags/example_short_circuit_operator.py for tasks to queue
[2024-03-22T10:58:28.851+0000] {logging_mixin.py:188} INFO - [2024-03-22T10:58:28.851+0000] {dagbag.py:540} INFO - Filling up the DagBag from /home/airflow/.local/lib/python3.8/site-packages/airflow/example_dags/example_short_circuit_operator.py
[2024-03-22T10:58:28.858+0000] {processor.py:840} INFO - DAG(s) 'example_short_circuit_operator' retrieved from /home/airflow/.local/lib/python3.8/site-packages/airflow/example_dags/example_short_circuit_operator.py
[2024-03-22T10:58:28.879+0000] {logging_mixin.py:188} INFO - [2024-03-22T10:58:28.878+0000] {dag.py:3047} INFO - Sync 1 DAGs
[2024-03-22T10:58:28.894+0000] {logging_mixin.py:188} INFO - [2024-03-22T10:58:28.894+0000] {dag.py:3834} INFO - Setting next_dagrun for example_short_circuit_operator to 2024-03-21 00:00:00+00:00, run_after=2024-03-22 00:00:00+00:00
[2024-03-22T10:58:28.907+0000] {processor.py:183} INFO - Processing /home/airflow/.local/lib/python3.8/site-packages/airflow/example_dags/example_short_circuit_operator.py took 0.062 seconds
[2024-03-22T10:58:59.058+0000] {processor.py:161} INFO - Started process (PID=975) to work on /home/airflow/.local/lib/python3.8/site-packages/airflow/example_dags/example_short_circuit_operator.py
[2024-03-22T10:58:59.059+0000] {processor.py:830} INFO - Processing file /home/airflow/.local/lib/python3.8/site-packages/airflow/example_dags/example_short_circuit_operator.py for tasks to queue
[2024-03-22T10:58:59.061+0000] {logging_mixin.py:188} INFO - [2024-03-22T10:58:59.061+0000] {dagbag.py:540} INFO - Filling up the DagBag from /home/airflow/.local/lib/python3.8/site-packages/airflow/example_dags/example_short_circuit_operator.py
[2024-03-22T10:58:59.066+0000] {processor.py:840} INFO - DAG(s) 'example_short_circuit_operator' retrieved from /home/airflow/.local/lib/python3.8/site-packages/airflow/example_dags/example_short_circuit_operator.py
[2024-03-22T10:58:59.087+0000] {logging_mixin.py:188} INFO - [2024-03-22T10:58:59.086+0000] {dag.py:3047} INFO - Sync 1 DAGs
[2024-03-22T10:58:59.103+0000] {logging_mixin.py:188} INFO - [2024-03-22T10:58:59.103+0000] {dag.py:3834} INFO - Setting next_dagrun for example_short_circuit_operator to 2024-03-21 00:00:00+00:00, run_after=2024-03-22 00:00:00+00:00
[2024-03-22T10:58:59.118+0000] {processor.py:183} INFO - Processing /home/airflow/.local/lib/python3.8/site-packages/airflow/example_dags/example_short_circuit_operator.py took 0.062 seconds
[2024-03-22T10:59:29.171+0000] {processor.py:161} INFO - Started process (PID=1030) to work on /home/airflow/.local/lib/python3.8/site-packages/airflow/example_dags/example_short_circuit_operator.py
[2024-03-22T10:59:29.172+0000] {processor.py:830} INFO - Processing file /home/airflow/.local/lib/python3.8/site-packages/airflow/example_dags/example_short_circuit_operator.py for tasks to queue
[2024-03-22T10:59:29.173+0000] {logging_mixin.py:188} INFO - [2024-03-22T10:59:29.173+0000] {dagbag.py:540} INFO - Filling up the DagBag from /home/airflow/.local/lib/python3.8/site-packages/airflow/example_dags/example_short_circuit_operator.py
[2024-03-22T10:59:29.178+0000] {processor.py:840} INFO - DAG(s) 'example_short_circuit_operator' retrieved from /home/airflow/.local/lib/python3.8/site-packages/airflow/example_dags/example_short_circuit_operator.py
[2024-03-22T10:59:29.194+0000] {logging_mixin.py:188} INFO - [2024-03-22T10:59:29.194+0000] {dag.py:3047} INFO - Sync 1 DAGs
[2024-03-22T10:59:29.209+0000] {logging_mixin.py:188} INFO - [2024-03-22T10:59:29.209+0000] {dag.py:3834} INFO - Setting next_dagrun for example_short_circuit_operator to 2024-03-21 00:00:00+00:00, run_after=2024-03-22 00:00:00+00:00
[2024-03-22T10:59:29.232+0000] {processor.py:183} INFO - Processing /home/airflow/.local/lib/python3.8/site-packages/airflow/example_dags/example_short_circuit_operator.py took 0.064 seconds
[2024-03-22T10:59:59.398+0000] {processor.py:161} INFO - Started process (PID=1085) to work on /home/airflow/.local/lib/python3.8/site-packages/airflow/example_dags/example_short_circuit_operator.py
[2024-03-22T10:59:59.399+0000] {processor.py:830} INFO - Processing file /home/airflow/.local/lib/python3.8/site-packages/airflow/example_dags/example_short_circuit_operator.py for tasks to queue
[2024-03-22T10:59:59.400+0000] {logging_mixin.py:188} INFO - [2024-03-22T10:59:59.400+0000] {dagbag.py:540} INFO - Filling up the DagBag from /home/airflow/.local/lib/python3.8/site-packages/airflow/example_dags/example_short_circuit_operator.py
[2024-03-22T10:59:59.406+0000] {processor.py:840} INFO - DAG(s) 'example_short_circuit_operator' retrieved from /home/airflow/.local/lib/python3.8/site-packages/airflow/example_dags/example_short_circuit_operator.py
[2024-03-22T10:59:59.424+0000] {logging_mixin.py:188} INFO - [2024-03-22T10:59:59.423+0000] {dag.py:3047} INFO - Sync 1 DAGs
[2024-03-22T10:59:59.440+0000] {logging_mixin.py:188} INFO - [2024-03-22T10:59:59.440+0000] {dag.py:3834} INFO - Setting next_dagrun for example_short_circuit_operator to 2024-03-21 00:00:00+00:00, run_after=2024-03-22 00:00:00+00:00
[2024-03-22T10:59:59.453+0000] {processor.py:183} INFO - Processing /home/airflow/.local/lib/python3.8/site-packages/airflow/example_dags/example_short_circuit_operator.py took 0.057 seconds
[2024-03-22T11:00:29.518+0000] {processor.py:161} INFO - Started process (PID=1140) to work on /home/airflow/.local/lib/python3.8/site-packages/airflow/example_dags/example_short_circuit_operator.py
[2024-03-22T11:00:29.519+0000] {processor.py:830} INFO - Processing file /home/airflow/.local/lib/python3.8/site-packages/airflow/example_dags/example_short_circuit_operator.py for tasks to queue
[2024-03-22T11:00:29.520+0000] {logging_mixin.py:188} INFO - [2024-03-22T11:00:29.520+0000] {dagbag.py:540} INFO - Filling up the DagBag from /home/airflow/.local/lib/python3.8/site-packages/airflow/example_dags/example_short_circuit_operator.py
[2024-03-22T11:00:29.526+0000] {processor.py:840} INFO - DAG(s) 'example_short_circuit_operator' retrieved from /home/airflow/.local/lib/python3.8/site-packages/airflow/example_dags/example_short_circuit_operator.py
[2024-03-22T11:00:29.544+0000] {logging_mixin.py:188} INFO - [2024-03-22T11:00:29.544+0000] {dag.py:3047} INFO - Sync 1 DAGs
[2024-03-22T11:00:29.559+0000] {logging_mixin.py:188} INFO - [2024-03-22T11:00:29.559+0000] {dag.py:3834} INFO - Setting next_dagrun for example_short_circuit_operator to 2024-03-21 00:00:00+00:00, run_after=2024-03-22 00:00:00+00:00
[2024-03-22T11:00:29.582+0000] {processor.py:183} INFO - Processing /home/airflow/.local/lib/python3.8/site-packages/airflow/example_dags/example_short_circuit_operator.py took 0.067 seconds
[2024-03-22T11:00:59.633+0000] {processor.py:161} INFO - Started process (PID=1195) to work on /home/airflow/.local/lib/python3.8/site-packages/airflow/example_dags/example_short_circuit_operator.py
[2024-03-22T11:00:59.634+0000] {processor.py:830} INFO - Processing file /home/airflow/.local/lib/python3.8/site-packages/airflow/example_dags/example_short_circuit_operator.py for tasks to queue
[2024-03-22T11:00:59.635+0000] {logging_mixin.py:188} INFO - [2024-03-22T11:00:59.635+0000] {dagbag.py:540} INFO - Filling up the DagBag from /home/airflow/.local/lib/python3.8/site-packages/airflow/example_dags/example_short_circuit_operator.py
[2024-03-22T11:00:59.640+0000] {processor.py:840} INFO - DAG(s) 'example_short_circuit_operator' retrieved from /home/airflow/.local/lib/python3.8/site-packages/airflow/example_dags/example_short_circuit_operator.py
[2024-03-22T11:00:59.656+0000] {logging_mixin.py:188} INFO - [2024-03-22T11:00:59.656+0000] {dag.py:3047} INFO - Sync 1 DAGs
[2024-03-22T11:00:59.672+0000] {logging_mixin.py:188} INFO - [2024-03-22T11:00:59.672+0000] {dag.py:3834} INFO - Setting next_dagrun for example_short_circuit_operator to 2024-03-21 00:00:00+00:00, run_after=2024-03-22 00:00:00+00:00
[2024-03-22T11:00:59.685+0000] {processor.py:183} INFO - Processing /home/airflow/.local/lib/python3.8/site-packages/airflow/example_dags/example_short_circuit_operator.py took 0.054 seconds
[2024-03-22T11:01:29.821+0000] {processor.py:161} INFO - Started process (PID=1250) to work on /home/airflow/.local/lib/python3.8/site-packages/airflow/example_dags/example_short_circuit_operator.py
[2024-03-22T11:01:29.822+0000] {processor.py:830} INFO - Processing file /home/airflow/.local/lib/python3.8/site-packages/airflow/example_dags/example_short_circuit_operator.py for tasks to queue
[2024-03-22T11:01:29.823+0000] {logging_mixin.py:188} INFO - [2024-03-22T11:01:29.823+0000] {dagbag.py:540} INFO - Filling up the DagBag from /home/airflow/.local/lib/python3.8/site-packages/airflow/example_dags/example_short_circuit_operator.py
[2024-03-22T11:01:29.828+0000] {processor.py:840} INFO - DAG(s) 'example_short_circuit_operator' retrieved from /home/airflow/.local/lib/python3.8/site-packages/airflow/example_dags/example_short_circuit_operator.py
[2024-03-22T11:01:29.844+0000] {logging_mixin.py:188} INFO - [2024-03-22T11:01:29.844+0000] {dag.py:3047} INFO - Sync 1 DAGs
[2024-03-22T11:01:29.858+0000] {logging_mixin.py:188} INFO - [2024-03-22T11:01:29.858+0000] {dag.py:3834} INFO - Setting next_dagrun for example_short_circuit_operator to 2024-03-21 00:00:00+00:00, run_after=2024-03-22 00:00:00+00:00
[2024-03-22T11:01:29.871+0000] {processor.py:183} INFO - Processing /home/airflow/.local/lib/python3.8/site-packages/airflow/example_dags/example_short_circuit_operator.py took 0.052 seconds
