[2024-03-22T10:50:26.006+0000] {processor.py:161} INFO - Started process (PID=60) to work on /home/airflow/.local/lib/python3.8/site-packages/airflow/example_dags/example_setup_teardown.py
[2024-03-22T10:50:26.007+0000] {processor.py:830} INFO - Processing file /home/airflow/.local/lib/python3.8/site-packages/airflow/example_dags/example_setup_teardown.py for tasks to queue
[2024-03-22T10:50:26.009+0000] {logging_mixin.py:188} INFO - [2024-03-22T10:50:26.009+0000] {dagbag.py:540} INFO - Filling up the DagBag from /home/airflow/.local/lib/python3.8/site-packages/airflow/example_dags/example_setup_teardown.py
[2024-03-22T10:50:26.018+0000] {processor.py:840} INFO - DAG(s) 'example_setup_teardown' retrieved from /home/airflow/.local/lib/python3.8/site-packages/airflow/example_dags/example_setup_teardown.py
[2024-03-22T10:50:26.027+0000] {logging_mixin.py:188} INFO - [2024-03-22T10:50:26.027+0000] {dag.py:3047} INFO - Sync 1 DAGs
[2024-03-22T10:50:26.049+0000] {logging_mixin.py:188} INFO - [2024-03-22T10:50:26.049+0000] {dag.py:3834} INFO - Setting next_dagrun for example_setup_teardown to 2024-03-21 00:00:00+00:00, run_after=2024-03-22 00:00:00+00:00
[2024-03-22T10:50:26.066+0000] {processor.py:183} INFO - Processing /home/airflow/.local/lib/python3.8/site-packages/airflow/example_dags/example_setup_teardown.py took 0.063 seconds
[2024-03-22T10:50:57.149+0000] {processor.py:161} INFO - Started process (PID=114) to work on /home/airflow/.local/lib/python3.8/site-packages/airflow/example_dags/example_setup_teardown.py
[2024-03-22T10:50:57.150+0000] {processor.py:830} INFO - Processing file /home/airflow/.local/lib/python3.8/site-packages/airflow/example_dags/example_setup_teardown.py for tasks to queue
[2024-03-22T10:50:57.152+0000] {logging_mixin.py:188} INFO - [2024-03-22T10:50:57.151+0000] {dagbag.py:540} INFO - Filling up the DagBag from /home/airflow/.local/lib/python3.8/site-packages/airflow/example_dags/example_setup_teardown.py
[2024-03-22T10:50:57.161+0000] {processor.py:840} INFO - DAG(s) 'example_setup_teardown' retrieved from /home/airflow/.local/lib/python3.8/site-packages/airflow/example_dags/example_setup_teardown.py
[2024-03-22T10:50:57.302+0000] {logging_mixin.py:188} INFO - [2024-03-22T10:50:57.301+0000] {dag.py:3047} INFO - Sync 1 DAGs
[2024-03-22T10:50:57.334+0000] {logging_mixin.py:188} INFO - [2024-03-22T10:50:57.334+0000] {dag.py:3834} INFO - Setting next_dagrun for example_setup_teardown to 2024-03-21 00:00:00+00:00, run_after=2024-03-22 00:00:00+00:00
[2024-03-22T10:50:57.364+0000] {processor.py:183} INFO - Processing /home/airflow/.local/lib/python3.8/site-packages/airflow/example_dags/example_setup_teardown.py took 0.218 seconds
[2024-03-22T10:51:27.495+0000] {processor.py:161} INFO - Started process (PID=169) to work on /home/airflow/.local/lib/python3.8/site-packages/airflow/example_dags/example_setup_teardown.py
[2024-03-22T10:51:27.496+0000] {processor.py:830} INFO - Processing file /home/airflow/.local/lib/python3.8/site-packages/airflow/example_dags/example_setup_teardown.py for tasks to queue
[2024-03-22T10:51:27.497+0000] {logging_mixin.py:188} INFO - [2024-03-22T10:51:27.497+0000] {dagbag.py:540} INFO - Filling up the DagBag from /home/airflow/.local/lib/python3.8/site-packages/airflow/example_dags/example_setup_teardown.py
[2024-03-22T10:51:27.502+0000] {processor.py:840} INFO - DAG(s) 'example_setup_teardown' retrieved from /home/airflow/.local/lib/python3.8/site-packages/airflow/example_dags/example_setup_teardown.py
[2024-03-22T10:51:27.517+0000] {logging_mixin.py:188} INFO - [2024-03-22T10:51:27.516+0000] {dag.py:3047} INFO - Sync 1 DAGs
[2024-03-22T10:51:27.532+0000] {logging_mixin.py:188} INFO - [2024-03-22T10:51:27.532+0000] {dag.py:3834} INFO - Setting next_dagrun for example_setup_teardown to 2024-03-21 00:00:00+00:00, run_after=2024-03-22 00:00:00+00:00
[2024-03-22T10:51:27.547+0000] {processor.py:183} INFO - Processing /home/airflow/.local/lib/python3.8/site-packages/airflow/example_dags/example_setup_teardown.py took 0.054 seconds
[2024-03-22T10:51:57.693+0000] {processor.py:161} INFO - Started process (PID=224) to work on /home/airflow/.local/lib/python3.8/site-packages/airflow/example_dags/example_setup_teardown.py
[2024-03-22T10:51:57.694+0000] {processor.py:830} INFO - Processing file /home/airflow/.local/lib/python3.8/site-packages/airflow/example_dags/example_setup_teardown.py for tasks to queue
[2024-03-22T10:51:57.695+0000] {logging_mixin.py:188} INFO - [2024-03-22T10:51:57.695+0000] {dagbag.py:540} INFO - Filling up the DagBag from /home/airflow/.local/lib/python3.8/site-packages/airflow/example_dags/example_setup_teardown.py
[2024-03-22T10:51:57.700+0000] {processor.py:840} INFO - DAG(s) 'example_setup_teardown' retrieved from /home/airflow/.local/lib/python3.8/site-packages/airflow/example_dags/example_setup_teardown.py
[2024-03-22T10:51:57.718+0000] {logging_mixin.py:188} INFO - [2024-03-22T10:51:57.718+0000] {dag.py:3047} INFO - Sync 1 DAGs
[2024-03-22T10:51:57.732+0000] {logging_mixin.py:188} INFO - [2024-03-22T10:51:57.732+0000] {dag.py:3834} INFO - Setting next_dagrun for example_setup_teardown to 2024-03-21 00:00:00+00:00, run_after=2024-03-22 00:00:00+00:00
[2024-03-22T10:51:57.755+0000] {processor.py:183} INFO - Processing /home/airflow/.local/lib/python3.8/site-packages/airflow/example_dags/example_setup_teardown.py took 0.064 seconds
[2024-03-22T10:52:27.956+0000] {processor.py:161} INFO - Started process (PID=279) to work on /home/airflow/.local/lib/python3.8/site-packages/airflow/example_dags/example_setup_teardown.py
[2024-03-22T10:52:27.957+0000] {processor.py:830} INFO - Processing file /home/airflow/.local/lib/python3.8/site-packages/airflow/example_dags/example_setup_teardown.py for tasks to queue
[2024-03-22T10:52:27.959+0000] {logging_mixin.py:188} INFO - [2024-03-22T10:52:27.958+0000] {dagbag.py:540} INFO - Filling up the DagBag from /home/airflow/.local/lib/python3.8/site-packages/airflow/example_dags/example_setup_teardown.py
[2024-03-22T10:52:27.964+0000] {processor.py:840} INFO - DAG(s) 'example_setup_teardown' retrieved from /home/airflow/.local/lib/python3.8/site-packages/airflow/example_dags/example_setup_teardown.py
[2024-03-22T10:52:27.979+0000] {logging_mixin.py:188} INFO - [2024-03-22T10:52:27.979+0000] {dag.py:3047} INFO - Sync 1 DAGs
[2024-03-22T10:52:27.995+0000] {logging_mixin.py:188} INFO - [2024-03-22T10:52:27.995+0000] {dag.py:3834} INFO - Setting next_dagrun for example_setup_teardown to 2024-03-21 00:00:00+00:00, run_after=2024-03-22 00:00:00+00:00
[2024-03-22T10:52:28.008+0000] {processor.py:183} INFO - Processing /home/airflow/.local/lib/python3.8/site-packages/airflow/example_dags/example_setup_teardown.py took 0.054 seconds
[2024-03-22T10:52:58.266+0000] {processor.py:161} INFO - Started process (PID=334) to work on /home/airflow/.local/lib/python3.8/site-packages/airflow/example_dags/example_setup_teardown.py
[2024-03-22T10:52:58.267+0000] {processor.py:830} INFO - Processing file /home/airflow/.local/lib/python3.8/site-packages/airflow/example_dags/example_setup_teardown.py for tasks to queue
[2024-03-22T10:52:58.268+0000] {logging_mixin.py:188} INFO - [2024-03-22T10:52:58.268+0000] {dagbag.py:540} INFO - Filling up the DagBag from /home/airflow/.local/lib/python3.8/site-packages/airflow/example_dags/example_setup_teardown.py
[2024-03-22T10:52:58.273+0000] {processor.py:840} INFO - DAG(s) 'example_setup_teardown' retrieved from /home/airflow/.local/lib/python3.8/site-packages/airflow/example_dags/example_setup_teardown.py
[2024-03-22T10:52:58.286+0000] {logging_mixin.py:188} INFO - [2024-03-22T10:52:58.286+0000] {dag.py:3047} INFO - Sync 1 DAGs
[2024-03-22T10:52:58.300+0000] {logging_mixin.py:188} INFO - [2024-03-22T10:52:58.300+0000] {dag.py:3834} INFO - Setting next_dagrun for example_setup_teardown to 2024-03-21 00:00:00+00:00, run_after=2024-03-22 00:00:00+00:00
[2024-03-22T10:52:58.312+0000] {processor.py:183} INFO - Processing /home/airflow/.local/lib/python3.8/site-packages/airflow/example_dags/example_setup_teardown.py took 0.048 seconds
[2024-03-22T10:53:29.582+0000] {processor.py:161} INFO - Started process (PID=389) to work on /home/airflow/.local/lib/python3.8/site-packages/airflow/example_dags/example_setup_teardown.py
[2024-03-22T10:53:29.583+0000] {processor.py:830} INFO - Processing file /home/airflow/.local/lib/python3.8/site-packages/airflow/example_dags/example_setup_teardown.py for tasks to queue
[2024-03-22T10:53:29.585+0000] {logging_mixin.py:188} INFO - [2024-03-22T10:53:29.584+0000] {dagbag.py:540} INFO - Filling up the DagBag from /home/airflow/.local/lib/python3.8/site-packages/airflow/example_dags/example_setup_teardown.py
[2024-03-22T10:53:29.590+0000] {processor.py:840} INFO - DAG(s) 'example_setup_teardown' retrieved from /home/airflow/.local/lib/python3.8/site-packages/airflow/example_dags/example_setup_teardown.py
[2024-03-22T10:53:29.606+0000] {logging_mixin.py:188} INFO - [2024-03-22T10:53:29.606+0000] {dag.py:3047} INFO - Sync 1 DAGs
[2024-03-22T10:53:29.627+0000] {logging_mixin.py:188} INFO - [2024-03-22T10:53:29.627+0000] {dag.py:3834} INFO - Setting next_dagrun for example_setup_teardown to 2024-03-21 00:00:00+00:00, run_after=2024-03-22 00:00:00+00:00
[2024-03-22T10:53:29.644+0000] {processor.py:183} INFO - Processing /home/airflow/.local/lib/python3.8/site-packages/airflow/example_dags/example_setup_teardown.py took 0.064 seconds
[2024-03-22T10:53:59.790+0000] {processor.py:161} INFO - Started process (PID=444) to work on /home/airflow/.local/lib/python3.8/site-packages/airflow/example_dags/example_setup_teardown.py
[2024-03-22T10:53:59.790+0000] {processor.py:830} INFO - Processing file /home/airflow/.local/lib/python3.8/site-packages/airflow/example_dags/example_setup_teardown.py for tasks to queue
[2024-03-22T10:53:59.792+0000] {logging_mixin.py:188} INFO - [2024-03-22T10:53:59.791+0000] {dagbag.py:540} INFO - Filling up the DagBag from /home/airflow/.local/lib/python3.8/site-packages/airflow/example_dags/example_setup_teardown.py
[2024-03-22T10:53:59.796+0000] {processor.py:840} INFO - DAG(s) 'example_setup_teardown' retrieved from /home/airflow/.local/lib/python3.8/site-packages/airflow/example_dags/example_setup_teardown.py
[2024-03-22T10:53:59.811+0000] {logging_mixin.py:188} INFO - [2024-03-22T10:53:59.811+0000] {dag.py:3047} INFO - Sync 1 DAGs
[2024-03-22T10:53:59.829+0000] {logging_mixin.py:188} INFO - [2024-03-22T10:53:59.828+0000] {dag.py:3834} INFO - Setting next_dagrun for example_setup_teardown to 2024-03-21 00:00:00+00:00, run_after=2024-03-22 00:00:00+00:00
[2024-03-22T10:53:59.843+0000] {processor.py:183} INFO - Processing /home/airflow/.local/lib/python3.8/site-packages/airflow/example_dags/example_setup_teardown.py took 0.056 seconds
[2024-03-22T10:54:30.027+0000] {processor.py:161} INFO - Started process (PID=499) to work on /home/airflow/.local/lib/python3.8/site-packages/airflow/example_dags/example_setup_teardown.py
[2024-03-22T10:54:30.028+0000] {processor.py:830} INFO - Processing file /home/airflow/.local/lib/python3.8/site-packages/airflow/example_dags/example_setup_teardown.py for tasks to queue
[2024-03-22T10:54:30.029+0000] {logging_mixin.py:188} INFO - [2024-03-22T10:54:30.029+0000] {dagbag.py:540} INFO - Filling up the DagBag from /home/airflow/.local/lib/python3.8/site-packages/airflow/example_dags/example_setup_teardown.py
[2024-03-22T10:54:30.034+0000] {processor.py:840} INFO - DAG(s) 'example_setup_teardown' retrieved from /home/airflow/.local/lib/python3.8/site-packages/airflow/example_dags/example_setup_teardown.py
[2024-03-22T10:54:30.048+0000] {logging_mixin.py:188} INFO - [2024-03-22T10:54:30.048+0000] {dag.py:3047} INFO - Sync 1 DAGs
[2024-03-22T10:54:30.064+0000] {logging_mixin.py:188} INFO - [2024-03-22T10:54:30.064+0000] {dag.py:3834} INFO - Setting next_dagrun for example_setup_teardown to 2024-03-21 00:00:00+00:00, run_after=2024-03-22 00:00:00+00:00
[2024-03-22T10:54:30.078+0000] {processor.py:183} INFO - Processing /home/airflow/.local/lib/python3.8/site-packages/airflow/example_dags/example_setup_teardown.py took 0.054 seconds
[2024-03-22T10:55:00.268+0000] {processor.py:161} INFO - Started process (PID=554) to work on /home/airflow/.local/lib/python3.8/site-packages/airflow/example_dags/example_setup_teardown.py
[2024-03-22T10:55:00.269+0000] {processor.py:830} INFO - Processing file /home/airflow/.local/lib/python3.8/site-packages/airflow/example_dags/example_setup_teardown.py for tasks to queue
[2024-03-22T10:55:00.270+0000] {logging_mixin.py:188} INFO - [2024-03-22T10:55:00.270+0000] {dagbag.py:540} INFO - Filling up the DagBag from /home/airflow/.local/lib/python3.8/site-packages/airflow/example_dags/example_setup_teardown.py
[2024-03-22T10:55:00.275+0000] {processor.py:840} INFO - DAG(s) 'example_setup_teardown' retrieved from /home/airflow/.local/lib/python3.8/site-packages/airflow/example_dags/example_setup_teardown.py
[2024-03-22T10:55:00.289+0000] {logging_mixin.py:188} INFO - [2024-03-22T10:55:00.289+0000] {dag.py:3047} INFO - Sync 1 DAGs
[2024-03-22T10:55:00.315+0000] {logging_mixin.py:188} INFO - [2024-03-22T10:55:00.314+0000] {dag.py:3834} INFO - Setting next_dagrun for example_setup_teardown to 2024-03-21 00:00:00+00:00, run_after=2024-03-22 00:00:00+00:00
[2024-03-22T10:55:00.330+0000] {processor.py:183} INFO - Processing /home/airflow/.local/lib/python3.8/site-packages/airflow/example_dags/example_setup_teardown.py took 0.064 seconds
[2024-03-22T10:55:30.498+0000] {processor.py:161} INFO - Started process (PID=609) to work on /home/airflow/.local/lib/python3.8/site-packages/airflow/example_dags/example_setup_teardown.py
[2024-03-22T10:55:30.499+0000] {processor.py:830} INFO - Processing file /home/airflow/.local/lib/python3.8/site-packages/airflow/example_dags/example_setup_teardown.py for tasks to queue
[2024-03-22T10:55:30.501+0000] {logging_mixin.py:188} INFO - [2024-03-22T10:55:30.501+0000] {dagbag.py:540} INFO - Filling up the DagBag from /home/airflow/.local/lib/python3.8/site-packages/airflow/example_dags/example_setup_teardown.py
[2024-03-22T10:55:30.507+0000] {processor.py:840} INFO - DAG(s) 'example_setup_teardown' retrieved from /home/airflow/.local/lib/python3.8/site-packages/airflow/example_dags/example_setup_teardown.py
[2024-03-22T10:55:30.526+0000] {logging_mixin.py:188} INFO - [2024-03-22T10:55:30.525+0000] {dag.py:3047} INFO - Sync 1 DAGs
[2024-03-22T10:55:30.544+0000] {logging_mixin.py:188} INFO - [2024-03-22T10:55:30.544+0000] {dag.py:3834} INFO - Setting next_dagrun for example_setup_teardown to 2024-03-21 00:00:00+00:00, run_after=2024-03-22 00:00:00+00:00
[2024-03-22T10:55:30.562+0000] {processor.py:183} INFO - Processing /home/airflow/.local/lib/python3.8/site-packages/airflow/example_dags/example_setup_teardown.py took 0.066 seconds
[2024-03-22T10:56:00.848+0000] {processor.py:161} INFO - Started process (PID=664) to work on /home/airflow/.local/lib/python3.8/site-packages/airflow/example_dags/example_setup_teardown.py
[2024-03-22T10:56:00.849+0000] {processor.py:830} INFO - Processing file /home/airflow/.local/lib/python3.8/site-packages/airflow/example_dags/example_setup_teardown.py for tasks to queue
[2024-03-22T10:56:00.850+0000] {logging_mixin.py:188} INFO - [2024-03-22T10:56:00.850+0000] {dagbag.py:540} INFO - Filling up the DagBag from /home/airflow/.local/lib/python3.8/site-packages/airflow/example_dags/example_setup_teardown.py
[2024-03-22T10:56:00.855+0000] {processor.py:840} INFO - DAG(s) 'example_setup_teardown' retrieved from /home/airflow/.local/lib/python3.8/site-packages/airflow/example_dags/example_setup_teardown.py
[2024-03-22T10:56:00.870+0000] {logging_mixin.py:188} INFO - [2024-03-22T10:56:00.870+0000] {dag.py:3047} INFO - Sync 1 DAGs
[2024-03-22T10:56:00.885+0000] {logging_mixin.py:188} INFO - [2024-03-22T10:56:00.885+0000] {dag.py:3834} INFO - Setting next_dagrun for example_setup_teardown to 2024-03-21 00:00:00+00:00, run_after=2024-03-22 00:00:00+00:00
[2024-03-22T10:56:00.903+0000] {processor.py:183} INFO - Processing /home/airflow/.local/lib/python3.8/site-packages/airflow/example_dags/example_setup_teardown.py took 0.057 seconds
[2024-03-22T10:56:30.946+0000] {processor.py:161} INFO - Started process (PID=719) to work on /home/airflow/.local/lib/python3.8/site-packages/airflow/example_dags/example_setup_teardown.py
[2024-03-22T10:56:30.947+0000] {processor.py:830} INFO - Processing file /home/airflow/.local/lib/python3.8/site-packages/airflow/example_dags/example_setup_teardown.py for tasks to queue
[2024-03-22T10:56:30.948+0000] {logging_mixin.py:188} INFO - [2024-03-22T10:56:30.948+0000] {dagbag.py:540} INFO - Filling up the DagBag from /home/airflow/.local/lib/python3.8/site-packages/airflow/example_dags/example_setup_teardown.py
[2024-03-22T10:56:30.952+0000] {processor.py:840} INFO - DAG(s) 'example_setup_teardown' retrieved from /home/airflow/.local/lib/python3.8/site-packages/airflow/example_dags/example_setup_teardown.py
[2024-03-22T10:56:30.966+0000] {logging_mixin.py:188} INFO - [2024-03-22T10:56:30.966+0000] {dag.py:3047} INFO - Sync 1 DAGs
[2024-03-22T10:56:30.980+0000] {logging_mixin.py:188} INFO - [2024-03-22T10:56:30.980+0000] {dag.py:3834} INFO - Setting next_dagrun for example_setup_teardown to 2024-03-21 00:00:00+00:00, run_after=2024-03-22 00:00:00+00:00
[2024-03-22T10:56:30.995+0000] {processor.py:183} INFO - Processing /home/airflow/.local/lib/python3.8/site-packages/airflow/example_dags/example_setup_teardown.py took 0.051 seconds
[2024-03-22T10:57:01.152+0000] {processor.py:161} INFO - Started process (PID=774) to work on /home/airflow/.local/lib/python3.8/site-packages/airflow/example_dags/example_setup_teardown.py
[2024-03-22T10:57:01.153+0000] {processor.py:830} INFO - Processing file /home/airflow/.local/lib/python3.8/site-packages/airflow/example_dags/example_setup_teardown.py for tasks to queue
[2024-03-22T10:57:01.154+0000] {logging_mixin.py:188} INFO - [2024-03-22T10:57:01.154+0000] {dagbag.py:540} INFO - Filling up the DagBag from /home/airflow/.local/lib/python3.8/site-packages/airflow/example_dags/example_setup_teardown.py
[2024-03-22T10:57:01.159+0000] {processor.py:840} INFO - DAG(s) 'example_setup_teardown' retrieved from /home/airflow/.local/lib/python3.8/site-packages/airflow/example_dags/example_setup_teardown.py
[2024-03-22T10:57:01.176+0000] {logging_mixin.py:188} INFO - [2024-03-22T10:57:01.176+0000] {dag.py:3047} INFO - Sync 1 DAGs
[2024-03-22T10:57:01.197+0000] {logging_mixin.py:188} INFO - [2024-03-22T10:57:01.196+0000] {dag.py:3834} INFO - Setting next_dagrun for example_setup_teardown to 2024-03-21 00:00:00+00:00, run_after=2024-03-22 00:00:00+00:00
[2024-03-22T10:57:01.218+0000] {processor.py:183} INFO - Processing /home/airflow/.local/lib/python3.8/site-packages/airflow/example_dags/example_setup_teardown.py took 0.069 seconds
[2024-03-22T10:57:31.352+0000] {processor.py:161} INFO - Started process (PID=829) to work on /home/airflow/.local/lib/python3.8/site-packages/airflow/example_dags/example_setup_teardown.py
[2024-03-22T10:57:31.353+0000] {processor.py:830} INFO - Processing file /home/airflow/.local/lib/python3.8/site-packages/airflow/example_dags/example_setup_teardown.py for tasks to queue
[2024-03-22T10:57:31.354+0000] {logging_mixin.py:188} INFO - [2024-03-22T10:57:31.354+0000] {dagbag.py:540} INFO - Filling up the DagBag from /home/airflow/.local/lib/python3.8/site-packages/airflow/example_dags/example_setup_teardown.py
[2024-03-22T10:57:31.359+0000] {processor.py:840} INFO - DAG(s) 'example_setup_teardown' retrieved from /home/airflow/.local/lib/python3.8/site-packages/airflow/example_dags/example_setup_teardown.py
[2024-03-22T10:57:31.376+0000] {logging_mixin.py:188} INFO - [2024-03-22T10:57:31.376+0000] {dag.py:3047} INFO - Sync 1 DAGs
[2024-03-22T10:57:31.394+0000] {logging_mixin.py:188} INFO - [2024-03-22T10:57:31.394+0000] {dag.py:3834} INFO - Setting next_dagrun for example_setup_teardown to 2024-03-21 00:00:00+00:00, run_after=2024-03-22 00:00:00+00:00
[2024-03-22T10:57:31.411+0000] {processor.py:183} INFO - Processing /home/airflow/.local/lib/python3.8/site-packages/airflow/example_dags/example_setup_teardown.py took 0.061 seconds
[2024-03-22T10:58:01.529+0000] {processor.py:161} INFO - Started process (PID=884) to work on /home/airflow/.local/lib/python3.8/site-packages/airflow/example_dags/example_setup_teardown.py
[2024-03-22T10:58:01.529+0000] {processor.py:830} INFO - Processing file /home/airflow/.local/lib/python3.8/site-packages/airflow/example_dags/example_setup_teardown.py for tasks to queue
[2024-03-22T10:58:01.531+0000] {logging_mixin.py:188} INFO - [2024-03-22T10:58:01.530+0000] {dagbag.py:540} INFO - Filling up the DagBag from /home/airflow/.local/lib/python3.8/site-packages/airflow/example_dags/example_setup_teardown.py
[2024-03-22T10:58:01.535+0000] {processor.py:840} INFO - DAG(s) 'example_setup_teardown' retrieved from /home/airflow/.local/lib/python3.8/site-packages/airflow/example_dags/example_setup_teardown.py
[2024-03-22T10:58:01.550+0000] {logging_mixin.py:188} INFO - [2024-03-22T10:58:01.549+0000] {dag.py:3047} INFO - Sync 1 DAGs
[2024-03-22T10:58:01.564+0000] {logging_mixin.py:188} INFO - [2024-03-22T10:58:01.564+0000] {dag.py:3834} INFO - Setting next_dagrun for example_setup_teardown to 2024-03-21 00:00:00+00:00, run_after=2024-03-22 00:00:00+00:00
[2024-03-22T10:58:01.584+0000] {processor.py:183} INFO - Processing /home/airflow/.local/lib/python3.8/site-packages/airflow/example_dags/example_setup_teardown.py took 0.058 seconds
[2024-03-22T10:58:31.754+0000] {processor.py:161} INFO - Started process (PID=939) to work on /home/airflow/.local/lib/python3.8/site-packages/airflow/example_dags/example_setup_teardown.py
[2024-03-22T10:58:31.756+0000] {processor.py:830} INFO - Processing file /home/airflow/.local/lib/python3.8/site-packages/airflow/example_dags/example_setup_teardown.py for tasks to queue
[2024-03-22T10:58:31.757+0000] {logging_mixin.py:188} INFO - [2024-03-22T10:58:31.757+0000] {dagbag.py:540} INFO - Filling up the DagBag from /home/airflow/.local/lib/python3.8/site-packages/airflow/example_dags/example_setup_teardown.py
[2024-03-22T10:58:31.763+0000] {processor.py:840} INFO - DAG(s) 'example_setup_teardown' retrieved from /home/airflow/.local/lib/python3.8/site-packages/airflow/example_dags/example_setup_teardown.py
[2024-03-22T10:58:31.778+0000] {logging_mixin.py:188} INFO - [2024-03-22T10:58:31.778+0000] {dag.py:3047} INFO - Sync 1 DAGs
[2024-03-22T10:58:31.800+0000] {logging_mixin.py:188} INFO - [2024-03-22T10:58:31.800+0000] {dag.py:3834} INFO - Setting next_dagrun for example_setup_teardown to 2024-03-21 00:00:00+00:00, run_after=2024-03-22 00:00:00+00:00
[2024-03-22T10:58:31.825+0000] {processor.py:183} INFO - Processing /home/airflow/.local/lib/python3.8/site-packages/airflow/example_dags/example_setup_teardown.py took 0.073 seconds
[2024-03-22T10:59:01.975+0000] {processor.py:161} INFO - Started process (PID=994) to work on /home/airflow/.local/lib/python3.8/site-packages/airflow/example_dags/example_setup_teardown.py
[2024-03-22T10:59:01.976+0000] {processor.py:830} INFO - Processing file /home/airflow/.local/lib/python3.8/site-packages/airflow/example_dags/example_setup_teardown.py for tasks to queue
[2024-03-22T10:59:01.977+0000] {logging_mixin.py:188} INFO - [2024-03-22T10:59:01.977+0000] {dagbag.py:540} INFO - Filling up the DagBag from /home/airflow/.local/lib/python3.8/site-packages/airflow/example_dags/example_setup_teardown.py
[2024-03-22T10:59:01.983+0000] {processor.py:840} INFO - DAG(s) 'example_setup_teardown' retrieved from /home/airflow/.local/lib/python3.8/site-packages/airflow/example_dags/example_setup_teardown.py
[2024-03-22T10:59:01.998+0000] {logging_mixin.py:188} INFO - [2024-03-22T10:59:01.997+0000] {dag.py:3047} INFO - Sync 1 DAGs
[2024-03-22T10:59:02.017+0000] {logging_mixin.py:188} INFO - [2024-03-22T10:59:02.017+0000] {dag.py:3834} INFO - Setting next_dagrun for example_setup_teardown to 2024-03-21 00:00:00+00:00, run_after=2024-03-22 00:00:00+00:00
[2024-03-22T10:59:02.032+0000] {processor.py:183} INFO - Processing /home/airflow/.local/lib/python3.8/site-packages/airflow/example_dags/example_setup_teardown.py took 0.059 seconds
[2024-03-22T10:59:32.173+0000] {processor.py:161} INFO - Started process (PID=1049) to work on /home/airflow/.local/lib/python3.8/site-packages/airflow/example_dags/example_setup_teardown.py
[2024-03-22T10:59:32.174+0000] {processor.py:830} INFO - Processing file /home/airflow/.local/lib/python3.8/site-packages/airflow/example_dags/example_setup_teardown.py for tasks to queue
[2024-03-22T10:59:32.176+0000] {logging_mixin.py:188} INFO - [2024-03-22T10:59:32.175+0000] {dagbag.py:540} INFO - Filling up the DagBag from /home/airflow/.local/lib/python3.8/site-packages/airflow/example_dags/example_setup_teardown.py
[2024-03-22T10:59:32.181+0000] {processor.py:840} INFO - DAG(s) 'example_setup_teardown' retrieved from /home/airflow/.local/lib/python3.8/site-packages/airflow/example_dags/example_setup_teardown.py
[2024-03-22T10:59:32.199+0000] {logging_mixin.py:188} INFO - [2024-03-22T10:59:32.199+0000] {dag.py:3047} INFO - Sync 1 DAGs
[2024-03-22T10:59:32.216+0000] {logging_mixin.py:188} INFO - [2024-03-22T10:59:32.216+0000] {dag.py:3834} INFO - Setting next_dagrun for example_setup_teardown to 2024-03-21 00:00:00+00:00, run_after=2024-03-22 00:00:00+00:00
[2024-03-22T10:59:32.231+0000] {processor.py:183} INFO - Processing /home/airflow/.local/lib/python3.8/site-packages/airflow/example_dags/example_setup_teardown.py took 0.061 seconds
[2024-03-22T11:00:02.270+0000] {processor.py:161} INFO - Started process (PID=1104) to work on /home/airflow/.local/lib/python3.8/site-packages/airflow/example_dags/example_setup_teardown.py
[2024-03-22T11:00:02.270+0000] {processor.py:830} INFO - Processing file /home/airflow/.local/lib/python3.8/site-packages/airflow/example_dags/example_setup_teardown.py for tasks to queue
[2024-03-22T11:00:02.272+0000] {logging_mixin.py:188} INFO - [2024-03-22T11:00:02.271+0000] {dagbag.py:540} INFO - Filling up the DagBag from /home/airflow/.local/lib/python3.8/site-packages/airflow/example_dags/example_setup_teardown.py
[2024-03-22T11:00:02.276+0000] {processor.py:840} INFO - DAG(s) 'example_setup_teardown' retrieved from /home/airflow/.local/lib/python3.8/site-packages/airflow/example_dags/example_setup_teardown.py
[2024-03-22T11:00:02.293+0000] {logging_mixin.py:188} INFO - [2024-03-22T11:00:02.293+0000] {dag.py:3047} INFO - Sync 1 DAGs
[2024-03-22T11:00:02.310+0000] {logging_mixin.py:188} INFO - [2024-03-22T11:00:02.310+0000] {dag.py:3834} INFO - Setting next_dagrun for example_setup_teardown to 2024-03-21 00:00:00+00:00, run_after=2024-03-22 00:00:00+00:00
[2024-03-22T11:00:02.334+0000] {processor.py:183} INFO - Processing /home/airflow/.local/lib/python3.8/site-packages/airflow/example_dags/example_setup_teardown.py took 0.067 seconds
[2024-03-22T11:00:32.361+0000] {processor.py:161} INFO - Started process (PID=1158) to work on /home/airflow/.local/lib/python3.8/site-packages/airflow/example_dags/example_setup_teardown.py
[2024-03-22T11:00:32.362+0000] {processor.py:830} INFO - Processing file /home/airflow/.local/lib/python3.8/site-packages/airflow/example_dags/example_setup_teardown.py for tasks to queue
[2024-03-22T11:00:32.363+0000] {logging_mixin.py:188} INFO - [2024-03-22T11:00:32.363+0000] {dagbag.py:540} INFO - Filling up the DagBag from /home/airflow/.local/lib/python3.8/site-packages/airflow/example_dags/example_setup_teardown.py
[2024-03-22T11:00:32.368+0000] {processor.py:840} INFO - DAG(s) 'example_setup_teardown' retrieved from /home/airflow/.local/lib/python3.8/site-packages/airflow/example_dags/example_setup_teardown.py
[2024-03-22T11:00:32.384+0000] {logging_mixin.py:188} INFO - [2024-03-22T11:00:32.383+0000] {dag.py:3047} INFO - Sync 1 DAGs
[2024-03-22T11:00:32.401+0000] {logging_mixin.py:188} INFO - [2024-03-22T11:00:32.401+0000] {dag.py:3834} INFO - Setting next_dagrun for example_setup_teardown to 2024-03-21 00:00:00+00:00, run_after=2024-03-22 00:00:00+00:00
[2024-03-22T11:00:32.419+0000] {processor.py:183} INFO - Processing /home/airflow/.local/lib/python3.8/site-packages/airflow/example_dags/example_setup_teardown.py took 0.059 seconds
[2024-03-22T11:01:03.445+0000] {processor.py:161} INFO - Started process (PID=1214) to work on /home/airflow/.local/lib/python3.8/site-packages/airflow/example_dags/example_setup_teardown.py
[2024-03-22T11:01:03.445+0000] {processor.py:830} INFO - Processing file /home/airflow/.local/lib/python3.8/site-packages/airflow/example_dags/example_setup_teardown.py for tasks to queue
[2024-03-22T11:01:03.448+0000] {logging_mixin.py:188} INFO - [2024-03-22T11:01:03.447+0000] {dagbag.py:540} INFO - Filling up the DagBag from /home/airflow/.local/lib/python3.8/site-packages/airflow/example_dags/example_setup_teardown.py
[2024-03-22T11:01:03.452+0000] {processor.py:840} INFO - DAG(s) 'example_setup_teardown' retrieved from /home/airflow/.local/lib/python3.8/site-packages/airflow/example_dags/example_setup_teardown.py
[2024-03-22T11:01:03.466+0000] {logging_mixin.py:188} INFO - [2024-03-22T11:01:03.466+0000] {dag.py:3047} INFO - Sync 1 DAGs
[2024-03-22T11:01:03.480+0000] {logging_mixin.py:188} INFO - [2024-03-22T11:01:03.480+0000] {dag.py:3834} INFO - Setting next_dagrun for example_setup_teardown to 2024-03-21 00:00:00+00:00, run_after=2024-03-22 00:00:00+00:00
[2024-03-22T11:01:03.497+0000] {processor.py:183} INFO - Processing /home/airflow/.local/lib/python3.8/site-packages/airflow/example_dags/example_setup_teardown.py took 0.055 seconds
