[2024-03-22T10:50:26.169+0000] {processor.py:161} INFO - Started process (PID=64) to work on /home/airflow/.local/lib/python3.8/site-packages/airflow/example_dags/example_latest_only.py
[2024-03-22T10:50:26.170+0000] {processor.py:830} INFO - Processing file /home/airflow/.local/lib/python3.8/site-packages/airflow/example_dags/example_latest_only.py for tasks to queue
[2024-03-22T10:50:26.173+0000] {logging_mixin.py:188} INFO - [2024-03-22T10:50:26.172+0000] {dagbag.py:540} INFO - Filling up the DagBag from /home/airflow/.local/lib/python3.8/site-packages/airflow/example_dags/example_latest_only.py
[2024-03-22T10:50:26.181+0000] {processor.py:840} INFO - DAG(s) 'latest_only' retrieved from /home/airflow/.local/lib/python3.8/site-packages/airflow/example_dags/example_latest_only.py
[2024-03-22T10:50:26.191+0000] {logging_mixin.py:188} INFO - [2024-03-22T10:50:26.190+0000] {dag.py:3047} INFO - Sync 1 DAGs
[2024-03-22T10:50:26.212+0000] {logging_mixin.py:188} INFO - [2024-03-22T10:50:26.212+0000] {dag.py:3834} INFO - Setting next_dagrun for latest_only to 2024-03-22 04:00:00+00:00, run_after=2024-03-22 08:00:00+00:00
[2024-03-22T10:50:26.227+0000] {processor.py:183} INFO - Processing /home/airflow/.local/lib/python3.8/site-packages/airflow/example_dags/example_latest_only.py took 0.062 seconds
[2024-03-22T10:50:57.568+0000] {processor.py:161} INFO - Started process (PID=118) to work on /home/airflow/.local/lib/python3.8/site-packages/airflow/example_dags/example_latest_only.py
[2024-03-22T10:50:57.569+0000] {processor.py:830} INFO - Processing file /home/airflow/.local/lib/python3.8/site-packages/airflow/example_dags/example_latest_only.py for tasks to queue
[2024-03-22T10:50:57.570+0000] {logging_mixin.py:188} INFO - [2024-03-22T10:50:57.570+0000] {dagbag.py:540} INFO - Filling up the DagBag from /home/airflow/.local/lib/python3.8/site-packages/airflow/example_dags/example_latest_only.py
[2024-03-22T10:50:57.576+0000] {processor.py:840} INFO - DAG(s) 'latest_only' retrieved from /home/airflow/.local/lib/python3.8/site-packages/airflow/example_dags/example_latest_only.py
[2024-03-22T10:50:57.650+0000] {logging_mixin.py:188} INFO - [2024-03-22T10:50:57.650+0000] {dag.py:3047} INFO - Sync 1 DAGs
[2024-03-22T10:50:57.666+0000] {logging_mixin.py:188} INFO - [2024-03-22T10:50:57.666+0000] {dag.py:3834} INFO - Setting next_dagrun for latest_only to 2024-03-22 04:00:00+00:00, run_after=2024-03-22 08:00:00+00:00
[2024-03-22T10:50:57.685+0000] {processor.py:183} INFO - Processing /home/airflow/.local/lib/python3.8/site-packages/airflow/example_dags/example_latest_only.py took 0.121 seconds
[2024-03-22T10:51:27.730+0000] {processor.py:161} INFO - Started process (PID=173) to work on /home/airflow/.local/lib/python3.8/site-packages/airflow/example_dags/example_latest_only.py
[2024-03-22T10:51:27.731+0000] {processor.py:830} INFO - Processing file /home/airflow/.local/lib/python3.8/site-packages/airflow/example_dags/example_latest_only.py for tasks to queue
[2024-03-22T10:51:27.733+0000] {logging_mixin.py:188} INFO - [2024-03-22T10:51:27.732+0000] {dagbag.py:540} INFO - Filling up the DagBag from /home/airflow/.local/lib/python3.8/site-packages/airflow/example_dags/example_latest_only.py
[2024-03-22T10:51:27.737+0000] {processor.py:840} INFO - DAG(s) 'latest_only' retrieved from /home/airflow/.local/lib/python3.8/site-packages/airflow/example_dags/example_latest_only.py
[2024-03-22T10:51:27.755+0000] {logging_mixin.py:188} INFO - [2024-03-22T10:51:27.755+0000] {dag.py:3047} INFO - Sync 1 DAGs
[2024-03-22T10:51:27.771+0000] {logging_mixin.py:188} INFO - [2024-03-22T10:51:27.771+0000] {dag.py:3834} INFO - Setting next_dagrun for latest_only to 2024-03-22 04:00:00+00:00, run_after=2024-03-22 08:00:00+00:00
[2024-03-22T10:51:27.784+0000] {processor.py:183} INFO - Processing /home/airflow/.local/lib/python3.8/site-packages/airflow/example_dags/example_latest_only.py took 0.056 seconds
[2024-03-22T10:51:57.860+0000] {processor.py:161} INFO - Started process (PID=228) to work on /home/airflow/.local/lib/python3.8/site-packages/airflow/example_dags/example_latest_only.py
[2024-03-22T10:51:57.860+0000] {processor.py:830} INFO - Processing file /home/airflow/.local/lib/python3.8/site-packages/airflow/example_dags/example_latest_only.py for tasks to queue
[2024-03-22T10:51:57.862+0000] {logging_mixin.py:188} INFO - [2024-03-22T10:51:57.862+0000] {dagbag.py:540} INFO - Filling up the DagBag from /home/airflow/.local/lib/python3.8/site-packages/airflow/example_dags/example_latest_only.py
[2024-03-22T10:51:57.866+0000] {processor.py:840} INFO - DAG(s) 'latest_only' retrieved from /home/airflow/.local/lib/python3.8/site-packages/airflow/example_dags/example_latest_only.py
[2024-03-22T10:51:57.880+0000] {logging_mixin.py:188} INFO - [2024-03-22T10:51:57.880+0000] {dag.py:3047} INFO - Sync 1 DAGs
[2024-03-22T10:51:57.902+0000] {logging_mixin.py:188} INFO - [2024-03-22T10:51:57.901+0000] {dag.py:3834} INFO - Setting next_dagrun for latest_only to 2024-03-22 04:00:00+00:00, run_after=2024-03-22 08:00:00+00:00
[2024-03-22T10:51:57.923+0000] {processor.py:183} INFO - Processing /home/airflow/.local/lib/python3.8/site-packages/airflow/example_dags/example_latest_only.py took 0.065 seconds
[2024-03-22T10:52:28.099+0000] {processor.py:161} INFO - Started process (PID=283) to work on /home/airflow/.local/lib/python3.8/site-packages/airflow/example_dags/example_latest_only.py
[2024-03-22T10:52:28.100+0000] {processor.py:830} INFO - Processing file /home/airflow/.local/lib/python3.8/site-packages/airflow/example_dags/example_latest_only.py for tasks to queue
[2024-03-22T10:52:28.101+0000] {logging_mixin.py:188} INFO - [2024-03-22T10:52:28.101+0000] {dagbag.py:540} INFO - Filling up the DagBag from /home/airflow/.local/lib/python3.8/site-packages/airflow/example_dags/example_latest_only.py
[2024-03-22T10:52:28.106+0000] {processor.py:840} INFO - DAG(s) 'latest_only' retrieved from /home/airflow/.local/lib/python3.8/site-packages/airflow/example_dags/example_latest_only.py
[2024-03-22T10:52:28.124+0000] {logging_mixin.py:188} INFO - [2024-03-22T10:52:28.124+0000] {dag.py:3047} INFO - Sync 1 DAGs
[2024-03-22T10:52:28.143+0000] {logging_mixin.py:188} INFO - [2024-03-22T10:52:28.143+0000] {dag.py:3834} INFO - Setting next_dagrun for latest_only to 2024-03-22 04:00:00+00:00, run_after=2024-03-22 08:00:00+00:00
[2024-03-22T10:52:28.156+0000] {processor.py:183} INFO - Processing /home/airflow/.local/lib/python3.8/site-packages/airflow/example_dags/example_latest_only.py took 0.059 seconds
[2024-03-22T10:52:58.469+0000] {processor.py:161} INFO - Started process (PID=338) to work on /home/airflow/.local/lib/python3.8/site-packages/airflow/example_dags/example_latest_only.py
[2024-03-22T10:52:58.470+0000] {processor.py:830} INFO - Processing file /home/airflow/.local/lib/python3.8/site-packages/airflow/example_dags/example_latest_only.py for tasks to queue
[2024-03-22T10:52:58.471+0000] {logging_mixin.py:188} INFO - [2024-03-22T10:52:58.471+0000] {dagbag.py:540} INFO - Filling up the DagBag from /home/airflow/.local/lib/python3.8/site-packages/airflow/example_dags/example_latest_only.py
[2024-03-22T10:52:58.475+0000] {processor.py:840} INFO - DAG(s) 'latest_only' retrieved from /home/airflow/.local/lib/python3.8/site-packages/airflow/example_dags/example_latest_only.py
[2024-03-22T10:52:58.488+0000] {logging_mixin.py:188} INFO - [2024-03-22T10:52:58.488+0000] {dag.py:3047} INFO - Sync 1 DAGs
[2024-03-22T10:52:58.503+0000] {logging_mixin.py:188} INFO - [2024-03-22T10:52:58.503+0000] {dag.py:3834} INFO - Setting next_dagrun for latest_only to 2024-03-22 04:00:00+00:00, run_after=2024-03-22 08:00:00+00:00
[2024-03-22T10:52:58.517+0000] {processor.py:183} INFO - Processing /home/airflow/.local/lib/python3.8/site-packages/airflow/example_dags/example_latest_only.py took 0.050 seconds
[2024-03-22T10:53:29.733+0000] {processor.py:161} INFO - Started process (PID=393) to work on /home/airflow/.local/lib/python3.8/site-packages/airflow/example_dags/example_latest_only.py
[2024-03-22T10:53:29.734+0000] {processor.py:830} INFO - Processing file /home/airflow/.local/lib/python3.8/site-packages/airflow/example_dags/example_latest_only.py for tasks to queue
[2024-03-22T10:53:29.736+0000] {logging_mixin.py:188} INFO - [2024-03-22T10:53:29.735+0000] {dagbag.py:540} INFO - Filling up the DagBag from /home/airflow/.local/lib/python3.8/site-packages/airflow/example_dags/example_latest_only.py
[2024-03-22T10:53:29.739+0000] {processor.py:840} INFO - DAG(s) 'latest_only' retrieved from /home/airflow/.local/lib/python3.8/site-packages/airflow/example_dags/example_latest_only.py
[2024-03-22T10:53:29.753+0000] {logging_mixin.py:188} INFO - [2024-03-22T10:53:29.753+0000] {dag.py:3047} INFO - Sync 1 DAGs
[2024-03-22T10:53:29.769+0000] {logging_mixin.py:188} INFO - [2024-03-22T10:53:29.769+0000] {dag.py:3834} INFO - Setting next_dagrun for latest_only to 2024-03-22 04:00:00+00:00, run_after=2024-03-22 08:00:00+00:00
[2024-03-22T10:53:29.782+0000] {processor.py:183} INFO - Processing /home/airflow/.local/lib/python3.8/site-packages/airflow/example_dags/example_latest_only.py took 0.051 seconds
[2024-03-22T10:53:59.940+0000] {processor.py:161} INFO - Started process (PID=448) to work on /home/airflow/.local/lib/python3.8/site-packages/airflow/example_dags/example_latest_only.py
[2024-03-22T10:53:59.941+0000] {processor.py:830} INFO - Processing file /home/airflow/.local/lib/python3.8/site-packages/airflow/example_dags/example_latest_only.py for tasks to queue
[2024-03-22T10:53:59.943+0000] {logging_mixin.py:188} INFO - [2024-03-22T10:53:59.943+0000] {dagbag.py:540} INFO - Filling up the DagBag from /home/airflow/.local/lib/python3.8/site-packages/airflow/example_dags/example_latest_only.py
[2024-03-22T10:53:59.948+0000] {processor.py:840} INFO - DAG(s) 'latest_only' retrieved from /home/airflow/.local/lib/python3.8/site-packages/airflow/example_dags/example_latest_only.py
[2024-03-22T10:53:59.965+0000] {logging_mixin.py:188} INFO - [2024-03-22T10:53:59.965+0000] {dag.py:3047} INFO - Sync 1 DAGs
[2024-03-22T10:53:59.985+0000] {logging_mixin.py:188} INFO - [2024-03-22T10:53:59.985+0000] {dag.py:3834} INFO - Setting next_dagrun for latest_only to 2024-03-22 04:00:00+00:00, run_after=2024-03-22 08:00:00+00:00
[2024-03-22T10:53:59.999+0000] {processor.py:183} INFO - Processing /home/airflow/.local/lib/python3.8/site-packages/airflow/example_dags/example_latest_only.py took 0.061 seconds
[2024-03-22T10:54:30.174+0000] {processor.py:161} INFO - Started process (PID=503) to work on /home/airflow/.local/lib/python3.8/site-packages/airflow/example_dags/example_latest_only.py
[2024-03-22T10:54:30.175+0000] {processor.py:830} INFO - Processing file /home/airflow/.local/lib/python3.8/site-packages/airflow/example_dags/example_latest_only.py for tasks to queue
[2024-03-22T10:54:30.176+0000] {logging_mixin.py:188} INFO - [2024-03-22T10:54:30.176+0000] {dagbag.py:540} INFO - Filling up the DagBag from /home/airflow/.local/lib/python3.8/site-packages/airflow/example_dags/example_latest_only.py
[2024-03-22T10:54:30.180+0000] {processor.py:840} INFO - DAG(s) 'latest_only' retrieved from /home/airflow/.local/lib/python3.8/site-packages/airflow/example_dags/example_latest_only.py
[2024-03-22T10:54:30.193+0000] {logging_mixin.py:188} INFO - [2024-03-22T10:54:30.193+0000] {dag.py:3047} INFO - Sync 1 DAGs
[2024-03-22T10:54:30.208+0000] {logging_mixin.py:188} INFO - [2024-03-22T10:54:30.208+0000] {dag.py:3834} INFO - Setting next_dagrun for latest_only to 2024-03-22 04:00:00+00:00, run_after=2024-03-22 08:00:00+00:00
[2024-03-22T10:54:30.226+0000] {processor.py:183} INFO - Processing /home/airflow/.local/lib/python3.8/site-packages/airflow/example_dags/example_latest_only.py took 0.054 seconds
[2024-03-22T10:55:00.422+0000] {processor.py:161} INFO - Started process (PID=558) to work on /home/airflow/.local/lib/python3.8/site-packages/airflow/example_dags/example_latest_only.py
[2024-03-22T10:55:00.423+0000] {processor.py:830} INFO - Processing file /home/airflow/.local/lib/python3.8/site-packages/airflow/example_dags/example_latest_only.py for tasks to queue
[2024-03-22T10:55:00.425+0000] {logging_mixin.py:188} INFO - [2024-03-22T10:55:00.424+0000] {dagbag.py:540} INFO - Filling up the DagBag from /home/airflow/.local/lib/python3.8/site-packages/airflow/example_dags/example_latest_only.py
[2024-03-22T10:55:00.429+0000] {processor.py:840} INFO - DAG(s) 'latest_only' retrieved from /home/airflow/.local/lib/python3.8/site-packages/airflow/example_dags/example_latest_only.py
[2024-03-22T10:55:00.445+0000] {logging_mixin.py:188} INFO - [2024-03-22T10:55:00.445+0000] {dag.py:3047} INFO - Sync 1 DAGs
[2024-03-22T10:55:00.462+0000] {logging_mixin.py:188} INFO - [2024-03-22T10:55:00.462+0000] {dag.py:3834} INFO - Setting next_dagrun for latest_only to 2024-03-22 04:00:00+00:00, run_after=2024-03-22 08:00:00+00:00
[2024-03-22T10:55:00.476+0000] {processor.py:183} INFO - Processing /home/airflow/.local/lib/python3.8/site-packages/airflow/example_dags/example_latest_only.py took 0.056 seconds
[2024-03-22T10:55:30.663+0000] {processor.py:161} INFO - Started process (PID=613) to work on /home/airflow/.local/lib/python3.8/site-packages/airflow/example_dags/example_latest_only.py
[2024-03-22T10:55:30.664+0000] {processor.py:830} INFO - Processing file /home/airflow/.local/lib/python3.8/site-packages/airflow/example_dags/example_latest_only.py for tasks to queue
[2024-03-22T10:55:30.666+0000] {logging_mixin.py:188} INFO - [2024-03-22T10:55:30.666+0000] {dagbag.py:540} INFO - Filling up the DagBag from /home/airflow/.local/lib/python3.8/site-packages/airflow/example_dags/example_latest_only.py
[2024-03-22T10:55:30.670+0000] {processor.py:840} INFO - DAG(s) 'latest_only' retrieved from /home/airflow/.local/lib/python3.8/site-packages/airflow/example_dags/example_latest_only.py
[2024-03-22T10:55:30.686+0000] {logging_mixin.py:188} INFO - [2024-03-22T10:55:30.686+0000] {dag.py:3047} INFO - Sync 1 DAGs
[2024-03-22T10:55:30.706+0000] {logging_mixin.py:188} INFO - [2024-03-22T10:55:30.705+0000] {dag.py:3834} INFO - Setting next_dagrun for latest_only to 2024-03-22 04:00:00+00:00, run_after=2024-03-22 08:00:00+00:00
[2024-03-22T10:55:30.722+0000] {processor.py:183} INFO - Processing /home/airflow/.local/lib/python3.8/site-packages/airflow/example_dags/example_latest_only.py took 0.061 seconds
[2024-03-22T10:56:01.074+0000] {processor.py:161} INFO - Started process (PID=668) to work on /home/airflow/.local/lib/python3.8/site-packages/airflow/example_dags/example_latest_only.py
[2024-03-22T10:56:01.075+0000] {processor.py:830} INFO - Processing file /home/airflow/.local/lib/python3.8/site-packages/airflow/example_dags/example_latest_only.py for tasks to queue
[2024-03-22T10:56:01.076+0000] {logging_mixin.py:188} INFO - [2024-03-22T10:56:01.076+0000] {dagbag.py:540} INFO - Filling up the DagBag from /home/airflow/.local/lib/python3.8/site-packages/airflow/example_dags/example_latest_only.py
[2024-03-22T10:56:01.080+0000] {processor.py:840} INFO - DAG(s) 'latest_only' retrieved from /home/airflow/.local/lib/python3.8/site-packages/airflow/example_dags/example_latest_only.py
[2024-03-22T10:56:01.095+0000] {logging_mixin.py:188} INFO - [2024-03-22T10:56:01.095+0000] {dag.py:3047} INFO - Sync 1 DAGs
[2024-03-22T10:56:01.110+0000] {logging_mixin.py:188} INFO - [2024-03-22T10:56:01.110+0000] {dag.py:3834} INFO - Setting next_dagrun for latest_only to 2024-03-22 04:00:00+00:00, run_after=2024-03-22 08:00:00+00:00
[2024-03-22T10:56:01.134+0000] {processor.py:183} INFO - Processing /home/airflow/.local/lib/python3.8/site-packages/airflow/example_dags/example_latest_only.py took 0.063 seconds
[2024-03-22T10:56:31.164+0000] {processor.py:161} INFO - Started process (PID=723) to work on /home/airflow/.local/lib/python3.8/site-packages/airflow/example_dags/example_latest_only.py
[2024-03-22T10:56:31.165+0000] {processor.py:830} INFO - Processing file /home/airflow/.local/lib/python3.8/site-packages/airflow/example_dags/example_latest_only.py for tasks to queue
[2024-03-22T10:56:31.167+0000] {logging_mixin.py:188} INFO - [2024-03-22T10:56:31.166+0000] {dagbag.py:540} INFO - Filling up the DagBag from /home/airflow/.local/lib/python3.8/site-packages/airflow/example_dags/example_latest_only.py
[2024-03-22T10:56:31.171+0000] {processor.py:840} INFO - DAG(s) 'latest_only' retrieved from /home/airflow/.local/lib/python3.8/site-packages/airflow/example_dags/example_latest_only.py
[2024-03-22T10:56:31.187+0000] {logging_mixin.py:188} INFO - [2024-03-22T10:56:31.186+0000] {dag.py:3047} INFO - Sync 1 DAGs
[2024-03-22T10:56:31.203+0000] {logging_mixin.py:188} INFO - [2024-03-22T10:56:31.203+0000] {dag.py:3834} INFO - Setting next_dagrun for latest_only to 2024-03-22 04:00:00+00:00, run_after=2024-03-22 08:00:00+00:00
[2024-03-22T10:56:31.230+0000] {processor.py:183} INFO - Processing /home/airflow/.local/lib/python3.8/site-packages/airflow/example_dags/example_latest_only.py took 0.067 seconds
[2024-03-22T10:57:01.311+0000] {processor.py:161} INFO - Started process (PID=778) to work on /home/airflow/.local/lib/python3.8/site-packages/airflow/example_dags/example_latest_only.py
[2024-03-22T10:57:01.311+0000] {processor.py:830} INFO - Processing file /home/airflow/.local/lib/python3.8/site-packages/airflow/example_dags/example_latest_only.py for tasks to queue
[2024-03-22T10:57:01.313+0000] {logging_mixin.py:188} INFO - [2024-03-22T10:57:01.313+0000] {dagbag.py:540} INFO - Filling up the DagBag from /home/airflow/.local/lib/python3.8/site-packages/airflow/example_dags/example_latest_only.py
[2024-03-22T10:57:01.318+0000] {processor.py:840} INFO - DAG(s) 'latest_only' retrieved from /home/airflow/.local/lib/python3.8/site-packages/airflow/example_dags/example_latest_only.py
[2024-03-22T10:57:01.334+0000] {logging_mixin.py:188} INFO - [2024-03-22T10:57:01.334+0000] {dag.py:3047} INFO - Sync 1 DAGs
[2024-03-22T10:57:01.352+0000] {logging_mixin.py:188} INFO - [2024-03-22T10:57:01.352+0000] {dag.py:3834} INFO - Setting next_dagrun for latest_only to 2024-03-22 04:00:00+00:00, run_after=2024-03-22 08:00:00+00:00
[2024-03-22T10:57:01.366+0000] {processor.py:183} INFO - Processing /home/airflow/.local/lib/python3.8/site-packages/airflow/example_dags/example_latest_only.py took 0.057 seconds
[2024-03-22T10:57:31.501+0000] {processor.py:161} INFO - Started process (PID=833) to work on /home/airflow/.local/lib/python3.8/site-packages/airflow/example_dags/example_latest_only.py
[2024-03-22T10:57:31.501+0000] {processor.py:830} INFO - Processing file /home/airflow/.local/lib/python3.8/site-packages/airflow/example_dags/example_latest_only.py for tasks to queue
[2024-03-22T10:57:31.503+0000] {logging_mixin.py:188} INFO - [2024-03-22T10:57:31.503+0000] {dagbag.py:540} INFO - Filling up the DagBag from /home/airflow/.local/lib/python3.8/site-packages/airflow/example_dags/example_latest_only.py
[2024-03-22T10:57:31.507+0000] {processor.py:840} INFO - DAG(s) 'latest_only' retrieved from /home/airflow/.local/lib/python3.8/site-packages/airflow/example_dags/example_latest_only.py
[2024-03-22T10:57:31.520+0000] {logging_mixin.py:188} INFO - [2024-03-22T10:57:31.520+0000] {dag.py:3047} INFO - Sync 1 DAGs
[2024-03-22T10:57:31.536+0000] {logging_mixin.py:188} INFO - [2024-03-22T10:57:31.535+0000] {dag.py:3834} INFO - Setting next_dagrun for latest_only to 2024-03-22 04:00:00+00:00, run_after=2024-03-22 08:00:00+00:00
[2024-03-22T10:57:31.548+0000] {processor.py:183} INFO - Processing /home/airflow/.local/lib/python3.8/site-packages/airflow/example_dags/example_latest_only.py took 0.049 seconds
[2024-03-22T10:58:01.771+0000] {processor.py:161} INFO - Started process (PID=888) to work on /home/airflow/.local/lib/python3.8/site-packages/airflow/example_dags/example_latest_only.py
[2024-03-22T10:58:01.772+0000] {processor.py:830} INFO - Processing file /home/airflow/.local/lib/python3.8/site-packages/airflow/example_dags/example_latest_only.py for tasks to queue
[2024-03-22T10:58:01.773+0000] {logging_mixin.py:188} INFO - [2024-03-22T10:58:01.773+0000] {dagbag.py:540} INFO - Filling up the DagBag from /home/airflow/.local/lib/python3.8/site-packages/airflow/example_dags/example_latest_only.py
[2024-03-22T10:58:01.777+0000] {processor.py:840} INFO - DAG(s) 'latest_only' retrieved from /home/airflow/.local/lib/python3.8/site-packages/airflow/example_dags/example_latest_only.py
[2024-03-22T10:58:01.791+0000] {logging_mixin.py:188} INFO - [2024-03-22T10:58:01.790+0000] {dag.py:3047} INFO - Sync 1 DAGs
[2024-03-22T10:58:01.805+0000] {logging_mixin.py:188} INFO - [2024-03-22T10:58:01.805+0000] {dag.py:3834} INFO - Setting next_dagrun for latest_only to 2024-03-22 04:00:00+00:00, run_after=2024-03-22 08:00:00+00:00
[2024-03-22T10:58:01.827+0000] {processor.py:183} INFO - Processing /home/airflow/.local/lib/python3.8/site-packages/airflow/example_dags/example_latest_only.py took 0.059 seconds
[2024-03-22T10:58:31.962+0000] {processor.py:161} INFO - Started process (PID=943) to work on /home/airflow/.local/lib/python3.8/site-packages/airflow/example_dags/example_latest_only.py
[2024-03-22T10:58:31.963+0000] {processor.py:830} INFO - Processing file /home/airflow/.local/lib/python3.8/site-packages/airflow/example_dags/example_latest_only.py for tasks to queue
[2024-03-22T10:58:31.965+0000] {logging_mixin.py:188} INFO - [2024-03-22T10:58:31.965+0000] {dagbag.py:540} INFO - Filling up the DagBag from /home/airflow/.local/lib/python3.8/site-packages/airflow/example_dags/example_latest_only.py
[2024-03-22T10:58:31.969+0000] {processor.py:840} INFO - DAG(s) 'latest_only' retrieved from /home/airflow/.local/lib/python3.8/site-packages/airflow/example_dags/example_latest_only.py
[2024-03-22T10:58:31.988+0000] {logging_mixin.py:188} INFO - [2024-03-22T10:58:31.987+0000] {dag.py:3047} INFO - Sync 1 DAGs
[2024-03-22T10:58:32.008+0000] {logging_mixin.py:188} INFO - [2024-03-22T10:58:32.008+0000] {dag.py:3834} INFO - Setting next_dagrun for latest_only to 2024-03-22 04:00:00+00:00, run_after=2024-03-22 08:00:00+00:00
[2024-03-22T10:58:32.025+0000] {processor.py:183} INFO - Processing /home/airflow/.local/lib/python3.8/site-packages/airflow/example_dags/example_latest_only.py took 0.066 seconds
[2024-03-22T10:59:02.127+0000] {processor.py:161} INFO - Started process (PID=998) to work on /home/airflow/.local/lib/python3.8/site-packages/airflow/example_dags/example_latest_only.py
[2024-03-22T10:59:02.128+0000] {processor.py:830} INFO - Processing file /home/airflow/.local/lib/python3.8/site-packages/airflow/example_dags/example_latest_only.py for tasks to queue
[2024-03-22T10:59:02.129+0000] {logging_mixin.py:188} INFO - [2024-03-22T10:59:02.129+0000] {dagbag.py:540} INFO - Filling up the DagBag from /home/airflow/.local/lib/python3.8/site-packages/airflow/example_dags/example_latest_only.py
[2024-03-22T10:59:02.133+0000] {processor.py:840} INFO - DAG(s) 'latest_only' retrieved from /home/airflow/.local/lib/python3.8/site-packages/airflow/example_dags/example_latest_only.py
[2024-03-22T10:59:02.149+0000] {logging_mixin.py:188} INFO - [2024-03-22T10:59:02.149+0000] {dag.py:3047} INFO - Sync 1 DAGs
[2024-03-22T10:59:02.167+0000] {logging_mixin.py:188} INFO - [2024-03-22T10:59:02.167+0000] {dag.py:3834} INFO - Setting next_dagrun for latest_only to 2024-03-22 04:00:00+00:00, run_after=2024-03-22 08:00:00+00:00
[2024-03-22T10:59:02.181+0000] {processor.py:183} INFO - Processing /home/airflow/.local/lib/python3.8/site-packages/airflow/example_dags/example_latest_only.py took 0.056 seconds
[2024-03-22T10:59:32.326+0000] {processor.py:161} INFO - Started process (PID=1053) to work on /home/airflow/.local/lib/python3.8/site-packages/airflow/example_dags/example_latest_only.py
[2024-03-22T10:59:32.327+0000] {processor.py:830} INFO - Processing file /home/airflow/.local/lib/python3.8/site-packages/airflow/example_dags/example_latest_only.py for tasks to queue
[2024-03-22T10:59:32.329+0000] {logging_mixin.py:188} INFO - [2024-03-22T10:59:32.328+0000] {dagbag.py:540} INFO - Filling up the DagBag from /home/airflow/.local/lib/python3.8/site-packages/airflow/example_dags/example_latest_only.py
[2024-03-22T10:59:32.333+0000] {processor.py:840} INFO - DAG(s) 'latest_only' retrieved from /home/airflow/.local/lib/python3.8/site-packages/airflow/example_dags/example_latest_only.py
[2024-03-22T10:59:32.349+0000] {logging_mixin.py:188} INFO - [2024-03-22T10:59:32.349+0000] {dag.py:3047} INFO - Sync 1 DAGs
[2024-03-22T10:59:32.366+0000] {logging_mixin.py:188} INFO - [2024-03-22T10:59:32.366+0000] {dag.py:3834} INFO - Setting next_dagrun for latest_only to 2024-03-22 04:00:00+00:00, run_after=2024-03-22 08:00:00+00:00
[2024-03-22T10:59:32.382+0000] {processor.py:183} INFO - Processing /home/airflow/.local/lib/python3.8/site-packages/airflow/example_dags/example_latest_only.py took 0.058 seconds
[2024-03-22T11:00:02.462+0000] {processor.py:161} INFO - Started process (PID=1108) to work on /home/airflow/.local/lib/python3.8/site-packages/airflow/example_dags/example_latest_only.py
[2024-03-22T11:00:02.463+0000] {processor.py:830} INFO - Processing file /home/airflow/.local/lib/python3.8/site-packages/airflow/example_dags/example_latest_only.py for tasks to queue
[2024-03-22T11:00:02.464+0000] {logging_mixin.py:188} INFO - [2024-03-22T11:00:02.464+0000] {dagbag.py:540} INFO - Filling up the DagBag from /home/airflow/.local/lib/python3.8/site-packages/airflow/example_dags/example_latest_only.py
[2024-03-22T11:00:02.468+0000] {processor.py:840} INFO - DAG(s) 'latest_only' retrieved from /home/airflow/.local/lib/python3.8/site-packages/airflow/example_dags/example_latest_only.py
[2024-03-22T11:00:02.482+0000] {logging_mixin.py:188} INFO - [2024-03-22T11:00:02.481+0000] {dag.py:3047} INFO - Sync 1 DAGs
[2024-03-22T11:00:02.497+0000] {logging_mixin.py:188} INFO - [2024-03-22T11:00:02.497+0000] {dag.py:3834} INFO - Setting next_dagrun for latest_only to 2024-03-22 04:00:00+00:00, run_after=2024-03-22 08:00:00+00:00
[2024-03-22T11:00:02.510+0000] {processor.py:183} INFO - Processing /home/airflow/.local/lib/python3.8/site-packages/airflow/example_dags/example_latest_only.py took 0.050 seconds
[2024-03-22T11:00:32.632+0000] {processor.py:161} INFO - Started process (PID=1163) to work on /home/airflow/.local/lib/python3.8/site-packages/airflow/example_dags/example_latest_only.py
[2024-03-22T11:00:32.633+0000] {processor.py:830} INFO - Processing file /home/airflow/.local/lib/python3.8/site-packages/airflow/example_dags/example_latest_only.py for tasks to queue
[2024-03-22T11:00:32.635+0000] {logging_mixin.py:188} INFO - [2024-03-22T11:00:32.634+0000] {dagbag.py:540} INFO - Filling up the DagBag from /home/airflow/.local/lib/python3.8/site-packages/airflow/example_dags/example_latest_only.py
[2024-03-22T11:00:32.639+0000] {processor.py:840} INFO - DAG(s) 'latest_only' retrieved from /home/airflow/.local/lib/python3.8/site-packages/airflow/example_dags/example_latest_only.py
[2024-03-22T11:00:32.655+0000] {logging_mixin.py:188} INFO - [2024-03-22T11:00:32.655+0000] {dag.py:3047} INFO - Sync 1 DAGs
[2024-03-22T11:00:32.672+0000] {logging_mixin.py:188} INFO - [2024-03-22T11:00:32.672+0000] {dag.py:3834} INFO - Setting next_dagrun for latest_only to 2024-03-22 04:00:00+00:00, run_after=2024-03-22 08:00:00+00:00
[2024-03-22T11:00:32.686+0000] {processor.py:183} INFO - Processing /home/airflow/.local/lib/python3.8/site-packages/airflow/example_dags/example_latest_only.py took 0.057 seconds
[2024-03-22T11:01:03.666+0000] {processor.py:161} INFO - Started process (PID=1218) to work on /home/airflow/.local/lib/python3.8/site-packages/airflow/example_dags/example_latest_only.py
[2024-03-22T11:01:03.667+0000] {processor.py:830} INFO - Processing file /home/airflow/.local/lib/python3.8/site-packages/airflow/example_dags/example_latest_only.py for tasks to queue
[2024-03-22T11:01:03.668+0000] {logging_mixin.py:188} INFO - [2024-03-22T11:01:03.668+0000] {dagbag.py:540} INFO - Filling up the DagBag from /home/airflow/.local/lib/python3.8/site-packages/airflow/example_dags/example_latest_only.py
[2024-03-22T11:01:03.672+0000] {processor.py:840} INFO - DAG(s) 'latest_only' retrieved from /home/airflow/.local/lib/python3.8/site-packages/airflow/example_dags/example_latest_only.py
[2024-03-22T11:01:03.685+0000] {logging_mixin.py:188} INFO - [2024-03-22T11:01:03.685+0000] {dag.py:3047} INFO - Sync 1 DAGs
[2024-03-22T11:01:03.700+0000] {logging_mixin.py:188} INFO - [2024-03-22T11:01:03.700+0000] {dag.py:3834} INFO - Setting next_dagrun for latest_only to 2024-03-22 04:00:00+00:00, run_after=2024-03-22 08:00:00+00:00
[2024-03-22T11:01:03.721+0000] {processor.py:183} INFO - Processing /home/airflow/.local/lib/python3.8/site-packages/airflow/example_dags/example_latest_only.py took 0.057 seconds
