[2024-03-22T10:50:25.600+0000] {processor.py:161} INFO - Started process (PID=52) to work on /home/airflow/.local/lib/python3.8/site-packages/airflow/example_dags/example_complex.py
[2024-03-22T10:50:25.601+0000] {processor.py:830} INFO - Processing file /home/airflow/.local/lib/python3.8/site-packages/airflow/example_dags/example_complex.py for tasks to queue
[2024-03-22T10:50:25.603+0000] {logging_mixin.py:188} INFO - [2024-03-22T10:50:25.603+0000] {dagbag.py:540} INFO - Filling up the DagBag from /home/airflow/.local/lib/python3.8/site-packages/airflow/example_dags/example_complex.py
[2024-03-22T10:50:25.622+0000] {processor.py:840} INFO - DAG(s) 'example_complex' retrieved from /home/airflow/.local/lib/python3.8/site-packages/airflow/example_dags/example_complex.py
[2024-03-22T10:50:25.633+0000] {logging_mixin.py:188} INFO - [2024-03-22T10:50:25.632+0000] {dag.py:3047} INFO - Sync 1 DAGs
[2024-03-22T10:50:25.644+0000] {logging_mixin.py:188} INFO - [2024-03-22T10:50:25.644+0000] {dag.py:3834} INFO - Setting next_dagrun for example_complex to None, run_after=None
[2024-03-22T10:50:25.663+0000] {processor.py:183} INFO - Processing /home/airflow/.local/lib/python3.8/site-packages/airflow/example_dags/example_complex.py took 0.066 seconds
[2024-03-22T10:50:56.346+0000] {processor.py:161} INFO - Started process (PID=106) to work on /home/airflow/.local/lib/python3.8/site-packages/airflow/example_dags/example_complex.py
[2024-03-22T10:50:56.347+0000] {processor.py:830} INFO - Processing file /home/airflow/.local/lib/python3.8/site-packages/airflow/example_dags/example_complex.py for tasks to queue
[2024-03-22T10:50:56.349+0000] {logging_mixin.py:188} INFO - [2024-03-22T10:50:56.349+0000] {dagbag.py:540} INFO - Filling up the DagBag from /home/airflow/.local/lib/python3.8/site-packages/airflow/example_dags/example_complex.py
[2024-03-22T10:50:56.373+0000] {processor.py:840} INFO - DAG(s) 'example_complex' retrieved from /home/airflow/.local/lib/python3.8/site-packages/airflow/example_dags/example_complex.py
[2024-03-22T10:50:56.484+0000] {logging_mixin.py:188} INFO - [2024-03-22T10:50:56.484+0000] {dag.py:3047} INFO - Sync 1 DAGs
[2024-03-22T10:50:56.496+0000] {logging_mixin.py:188} INFO - [2024-03-22T10:50:56.495+0000] {dag.py:3834} INFO - Setting next_dagrun for example_complex to None, run_after=None
[2024-03-22T10:50:56.511+0000] {processor.py:183} INFO - Processing /home/airflow/.local/lib/python3.8/site-packages/airflow/example_dags/example_complex.py took 0.169 seconds
[2024-03-22T10:51:27.113+0000] {processor.py:161} INFO - Started process (PID=161) to work on /home/airflow/.local/lib/python3.8/site-packages/airflow/example_dags/example_complex.py
[2024-03-22T10:51:27.114+0000] {processor.py:830} INFO - Processing file /home/airflow/.local/lib/python3.8/site-packages/airflow/example_dags/example_complex.py for tasks to queue
[2024-03-22T10:51:27.116+0000] {logging_mixin.py:188} INFO - [2024-03-22T10:51:27.115+0000] {dagbag.py:540} INFO - Filling up the DagBag from /home/airflow/.local/lib/python3.8/site-packages/airflow/example_dags/example_complex.py
[2024-03-22T10:51:27.124+0000] {processor.py:840} INFO - DAG(s) 'example_complex' retrieved from /home/airflow/.local/lib/python3.8/site-packages/airflow/example_dags/example_complex.py
[2024-03-22T10:51:27.150+0000] {logging_mixin.py:188} INFO - [2024-03-22T10:51:27.150+0000] {dag.py:3047} INFO - Sync 1 DAGs
[2024-03-22T10:51:27.163+0000] {logging_mixin.py:188} INFO - [2024-03-22T10:51:27.163+0000] {dag.py:3834} INFO - Setting next_dagrun for example_complex to None, run_after=None
[2024-03-22T10:51:27.182+0000] {processor.py:183} INFO - Processing /home/airflow/.local/lib/python3.8/site-packages/airflow/example_dags/example_complex.py took 0.072 seconds
[2024-03-22T10:51:57.354+0000] {processor.py:161} INFO - Started process (PID=216) to work on /home/airflow/.local/lib/python3.8/site-packages/airflow/example_dags/example_complex.py
[2024-03-22T10:51:57.355+0000] {processor.py:830} INFO - Processing file /home/airflow/.local/lib/python3.8/site-packages/airflow/example_dags/example_complex.py for tasks to queue
[2024-03-22T10:51:57.357+0000] {logging_mixin.py:188} INFO - [2024-03-22T10:51:57.356+0000] {dagbag.py:540} INFO - Filling up the DagBag from /home/airflow/.local/lib/python3.8/site-packages/airflow/example_dags/example_complex.py
[2024-03-22T10:51:57.365+0000] {processor.py:840} INFO - DAG(s) 'example_complex' retrieved from /home/airflow/.local/lib/python3.8/site-packages/airflow/example_dags/example_complex.py
[2024-03-22T10:51:57.387+0000] {logging_mixin.py:188} INFO - [2024-03-22T10:51:57.386+0000] {dag.py:3047} INFO - Sync 1 DAGs
[2024-03-22T10:51:57.396+0000] {logging_mixin.py:188} INFO - [2024-03-22T10:51:57.396+0000] {dag.py:3834} INFO - Setting next_dagrun for example_complex to None, run_after=None
[2024-03-22T10:51:57.409+0000] {processor.py:183} INFO - Processing /home/airflow/.local/lib/python3.8/site-packages/airflow/example_dags/example_complex.py took 0.058 seconds
[2024-03-22T10:52:27.657+0000] {processor.py:161} INFO - Started process (PID=271) to work on /home/airflow/.local/lib/python3.8/site-packages/airflow/example_dags/example_complex.py
[2024-03-22T10:52:27.658+0000] {processor.py:830} INFO - Processing file /home/airflow/.local/lib/python3.8/site-packages/airflow/example_dags/example_complex.py for tasks to queue
[2024-03-22T10:52:27.659+0000] {logging_mixin.py:188} INFO - [2024-03-22T10:52:27.659+0000] {dagbag.py:540} INFO - Filling up the DagBag from /home/airflow/.local/lib/python3.8/site-packages/airflow/example_dags/example_complex.py
[2024-03-22T10:52:27.668+0000] {processor.py:840} INFO - DAG(s) 'example_complex' retrieved from /home/airflow/.local/lib/python3.8/site-packages/airflow/example_dags/example_complex.py
[2024-03-22T10:52:27.689+0000] {logging_mixin.py:188} INFO - [2024-03-22T10:52:27.689+0000] {dag.py:3047} INFO - Sync 1 DAGs
[2024-03-22T10:52:27.698+0000] {logging_mixin.py:188} INFO - [2024-03-22T10:52:27.698+0000] {dag.py:3834} INFO - Setting next_dagrun for example_complex to None, run_after=None
[2024-03-22T10:52:27.711+0000] {processor.py:183} INFO - Processing /home/airflow/.local/lib/python3.8/site-packages/airflow/example_dags/example_complex.py took 0.056 seconds
[2024-03-22T10:52:57.929+0000] {processor.py:161} INFO - Started process (PID=326) to work on /home/airflow/.local/lib/python3.8/site-packages/airflow/example_dags/example_complex.py
[2024-03-22T10:52:57.930+0000] {processor.py:830} INFO - Processing file /home/airflow/.local/lib/python3.8/site-packages/airflow/example_dags/example_complex.py for tasks to queue
[2024-03-22T10:52:57.931+0000] {logging_mixin.py:188} INFO - [2024-03-22T10:52:57.931+0000] {dagbag.py:540} INFO - Filling up the DagBag from /home/airflow/.local/lib/python3.8/site-packages/airflow/example_dags/example_complex.py
[2024-03-22T10:52:57.939+0000] {processor.py:840} INFO - DAG(s) 'example_complex' retrieved from /home/airflow/.local/lib/python3.8/site-packages/airflow/example_dags/example_complex.py
[2024-03-22T10:52:57.961+0000] {logging_mixin.py:188} INFO - [2024-03-22T10:52:57.961+0000] {dag.py:3047} INFO - Sync 1 DAGs
[2024-03-22T10:52:57.971+0000] {logging_mixin.py:188} INFO - [2024-03-22T10:52:57.970+0000] {dag.py:3834} INFO - Setting next_dagrun for example_complex to None, run_after=None
[2024-03-22T10:52:57.985+0000] {processor.py:183} INFO - Processing /home/airflow/.local/lib/python3.8/site-packages/airflow/example_dags/example_complex.py took 0.059 seconds
[2024-03-22T10:53:29.288+0000] {processor.py:161} INFO - Started process (PID=381) to work on /home/airflow/.local/lib/python3.8/site-packages/airflow/example_dags/example_complex.py
[2024-03-22T10:53:29.289+0000] {processor.py:830} INFO - Processing file /home/airflow/.local/lib/python3.8/site-packages/airflow/example_dags/example_complex.py for tasks to queue
[2024-03-22T10:53:29.291+0000] {logging_mixin.py:188} INFO - [2024-03-22T10:53:29.290+0000] {dagbag.py:540} INFO - Filling up the DagBag from /home/airflow/.local/lib/python3.8/site-packages/airflow/example_dags/example_complex.py
[2024-03-22T10:53:29.301+0000] {processor.py:840} INFO - DAG(s) 'example_complex' retrieved from /home/airflow/.local/lib/python3.8/site-packages/airflow/example_dags/example_complex.py
[2024-03-22T10:53:29.328+0000] {logging_mixin.py:188} INFO - [2024-03-22T10:53:29.328+0000] {dag.py:3047} INFO - Sync 1 DAGs
[2024-03-22T10:53:29.339+0000] {logging_mixin.py:188} INFO - [2024-03-22T10:53:29.338+0000] {dag.py:3834} INFO - Setting next_dagrun for example_complex to None, run_after=None
[2024-03-22T10:53:29.351+0000] {processor.py:183} INFO - Processing /home/airflow/.local/lib/python3.8/site-packages/airflow/example_dags/example_complex.py took 0.066 seconds
[2024-03-22T10:53:59.479+0000] {processor.py:161} INFO - Started process (PID=436) to work on /home/airflow/.local/lib/python3.8/site-packages/airflow/example_dags/example_complex.py
[2024-03-22T10:53:59.480+0000] {processor.py:830} INFO - Processing file /home/airflow/.local/lib/python3.8/site-packages/airflow/example_dags/example_complex.py for tasks to queue
[2024-03-22T10:53:59.481+0000] {logging_mixin.py:188} INFO - [2024-03-22T10:53:59.481+0000] {dagbag.py:540} INFO - Filling up the DagBag from /home/airflow/.local/lib/python3.8/site-packages/airflow/example_dags/example_complex.py
[2024-03-22T10:53:59.489+0000] {processor.py:840} INFO - DAG(s) 'example_complex' retrieved from /home/airflow/.local/lib/python3.8/site-packages/airflow/example_dags/example_complex.py
[2024-03-22T10:53:59.515+0000] {logging_mixin.py:188} INFO - [2024-03-22T10:53:59.515+0000] {dag.py:3047} INFO - Sync 1 DAGs
[2024-03-22T10:53:59.526+0000] {logging_mixin.py:188} INFO - [2024-03-22T10:53:59.526+0000] {dag.py:3834} INFO - Setting next_dagrun for example_complex to None, run_after=None
[2024-03-22T10:53:59.541+0000] {processor.py:183} INFO - Processing /home/airflow/.local/lib/python3.8/site-packages/airflow/example_dags/example_complex.py took 0.065 seconds
[2024-03-22T10:54:29.683+0000] {processor.py:161} INFO - Started process (PID=491) to work on /home/airflow/.local/lib/python3.8/site-packages/airflow/example_dags/example_complex.py
[2024-03-22T10:54:29.684+0000] {processor.py:830} INFO - Processing file /home/airflow/.local/lib/python3.8/site-packages/airflow/example_dags/example_complex.py for tasks to queue
[2024-03-22T10:54:29.685+0000] {logging_mixin.py:188} INFO - [2024-03-22T10:54:29.685+0000] {dagbag.py:540} INFO - Filling up the DagBag from /home/airflow/.local/lib/python3.8/site-packages/airflow/example_dags/example_complex.py
[2024-03-22T10:54:29.693+0000] {processor.py:840} INFO - DAG(s) 'example_complex' retrieved from /home/airflow/.local/lib/python3.8/site-packages/airflow/example_dags/example_complex.py
[2024-03-22T10:54:29.721+0000] {logging_mixin.py:188} INFO - [2024-03-22T10:54:29.721+0000] {dag.py:3047} INFO - Sync 1 DAGs
[2024-03-22T10:54:29.730+0000] {logging_mixin.py:188} INFO - [2024-03-22T10:54:29.730+0000] {dag.py:3834} INFO - Setting next_dagrun for example_complex to None, run_after=None
[2024-03-22T10:54:29.745+0000] {processor.py:183} INFO - Processing /home/airflow/.local/lib/python3.8/site-packages/airflow/example_dags/example_complex.py took 0.065 seconds
[2024-03-22T10:54:59.943+0000] {processor.py:161} INFO - Started process (PID=546) to work on /home/airflow/.local/lib/python3.8/site-packages/airflow/example_dags/example_complex.py
[2024-03-22T10:54:59.944+0000] {processor.py:830} INFO - Processing file /home/airflow/.local/lib/python3.8/site-packages/airflow/example_dags/example_complex.py for tasks to queue
[2024-03-22T10:54:59.946+0000] {logging_mixin.py:188} INFO - [2024-03-22T10:54:59.945+0000] {dagbag.py:540} INFO - Filling up the DagBag from /home/airflow/.local/lib/python3.8/site-packages/airflow/example_dags/example_complex.py
[2024-03-22T10:54:59.954+0000] {processor.py:840} INFO - DAG(s) 'example_complex' retrieved from /home/airflow/.local/lib/python3.8/site-packages/airflow/example_dags/example_complex.py
[2024-03-22T10:54:59.979+0000] {logging_mixin.py:188} INFO - [2024-03-22T10:54:59.978+0000] {dag.py:3047} INFO - Sync 1 DAGs
[2024-03-22T10:54:59.989+0000] {logging_mixin.py:188} INFO - [2024-03-22T10:54:59.989+0000] {dag.py:3834} INFO - Setting next_dagrun for example_complex to None, run_after=None
[2024-03-22T10:55:00.005+0000] {processor.py:183} INFO - Processing /home/airflow/.local/lib/python3.8/site-packages/airflow/example_dags/example_complex.py took 0.065 seconds
[2024-03-22T10:55:30.068+0000] {processor.py:161} INFO - Started process (PID=601) to work on /home/airflow/.local/lib/python3.8/site-packages/airflow/example_dags/example_complex.py
[2024-03-22T10:55:30.070+0000] {processor.py:830} INFO - Processing file /home/airflow/.local/lib/python3.8/site-packages/airflow/example_dags/example_complex.py for tasks to queue
[2024-03-22T10:55:30.072+0000] {logging_mixin.py:188} INFO - [2024-03-22T10:55:30.072+0000] {dagbag.py:540} INFO - Filling up the DagBag from /home/airflow/.local/lib/python3.8/site-packages/airflow/example_dags/example_complex.py
[2024-03-22T10:55:30.083+0000] {processor.py:840} INFO - DAG(s) 'example_complex' retrieved from /home/airflow/.local/lib/python3.8/site-packages/airflow/example_dags/example_complex.py
[2024-03-22T10:55:30.113+0000] {logging_mixin.py:188} INFO - [2024-03-22T10:55:30.113+0000] {dag.py:3047} INFO - Sync 1 DAGs
[2024-03-22T10:55:30.125+0000] {logging_mixin.py:188} INFO - [2024-03-22T10:55:30.125+0000] {dag.py:3834} INFO - Setting next_dagrun for example_complex to None, run_after=None
[2024-03-22T10:55:30.141+0000] {processor.py:183} INFO - Processing /home/airflow/.local/lib/python3.8/site-packages/airflow/example_dags/example_complex.py took 0.076 seconds
[2024-03-22T10:56:00.414+0000] {processor.py:161} INFO - Started process (PID=656) to work on /home/airflow/.local/lib/python3.8/site-packages/airflow/example_dags/example_complex.py
[2024-03-22T10:56:00.415+0000] {processor.py:830} INFO - Processing file /home/airflow/.local/lib/python3.8/site-packages/airflow/example_dags/example_complex.py for tasks to queue
[2024-03-22T10:56:00.416+0000] {logging_mixin.py:188} INFO - [2024-03-22T10:56:00.416+0000] {dagbag.py:540} INFO - Filling up the DagBag from /home/airflow/.local/lib/python3.8/site-packages/airflow/example_dags/example_complex.py
[2024-03-22T10:56:00.424+0000] {processor.py:840} INFO - DAG(s) 'example_complex' retrieved from /home/airflow/.local/lib/python3.8/site-packages/airflow/example_dags/example_complex.py
[2024-03-22T10:56:00.447+0000] {logging_mixin.py:188} INFO - [2024-03-22T10:56:00.447+0000] {dag.py:3047} INFO - Sync 1 DAGs
[2024-03-22T10:56:00.457+0000] {logging_mixin.py:188} INFO - [2024-03-22T10:56:00.456+0000] {dag.py:3834} INFO - Setting next_dagrun for example_complex to None, run_after=None
[2024-03-22T10:56:00.480+0000] {processor.py:183} INFO - Processing /home/airflow/.local/lib/python3.8/site-packages/airflow/example_dags/example_complex.py took 0.069 seconds
[2024-03-22T10:56:30.615+0000] {processor.py:161} INFO - Started process (PID=711) to work on /home/airflow/.local/lib/python3.8/site-packages/airflow/example_dags/example_complex.py
[2024-03-22T10:56:30.616+0000] {processor.py:830} INFO - Processing file /home/airflow/.local/lib/python3.8/site-packages/airflow/example_dags/example_complex.py for tasks to queue
[2024-03-22T10:56:30.618+0000] {logging_mixin.py:188} INFO - [2024-03-22T10:56:30.618+0000] {dagbag.py:540} INFO - Filling up the DagBag from /home/airflow/.local/lib/python3.8/site-packages/airflow/example_dags/example_complex.py
[2024-03-22T10:56:30.628+0000] {processor.py:840} INFO - DAG(s) 'example_complex' retrieved from /home/airflow/.local/lib/python3.8/site-packages/airflow/example_dags/example_complex.py
[2024-03-22T10:56:30.650+0000] {logging_mixin.py:188} INFO - [2024-03-22T10:56:30.650+0000] {dag.py:3047} INFO - Sync 1 DAGs
[2024-03-22T10:56:30.659+0000] {logging_mixin.py:188} INFO - [2024-03-22T10:56:30.659+0000] {dag.py:3834} INFO - Setting next_dagrun for example_complex to None, run_after=None
[2024-03-22T10:56:30.673+0000] {processor.py:183} INFO - Processing /home/airflow/.local/lib/python3.8/site-packages/airflow/example_dags/example_complex.py took 0.060 seconds
[2024-03-22T10:57:00.750+0000] {processor.py:161} INFO - Started process (PID=766) to work on /home/airflow/.local/lib/python3.8/site-packages/airflow/example_dags/example_complex.py
[2024-03-22T10:57:00.751+0000] {processor.py:830} INFO - Processing file /home/airflow/.local/lib/python3.8/site-packages/airflow/example_dags/example_complex.py for tasks to queue
[2024-03-22T10:57:00.753+0000] {logging_mixin.py:188} INFO - [2024-03-22T10:57:00.753+0000] {dagbag.py:540} INFO - Filling up the DagBag from /home/airflow/.local/lib/python3.8/site-packages/airflow/example_dags/example_complex.py
[2024-03-22T10:57:00.762+0000] {processor.py:840} INFO - DAG(s) 'example_complex' retrieved from /home/airflow/.local/lib/python3.8/site-packages/airflow/example_dags/example_complex.py
[2024-03-22T10:57:00.788+0000] {logging_mixin.py:188} INFO - [2024-03-22T10:57:00.787+0000] {dag.py:3047} INFO - Sync 1 DAGs
[2024-03-22T10:57:00.799+0000] {logging_mixin.py:188} INFO - [2024-03-22T10:57:00.799+0000] {dag.py:3834} INFO - Setting next_dagrun for example_complex to None, run_after=None
[2024-03-22T10:57:00.817+0000] {processor.py:183} INFO - Processing /home/airflow/.local/lib/python3.8/site-packages/airflow/example_dags/example_complex.py took 0.070 seconds
[2024-03-22T10:57:30.915+0000] {processor.py:161} INFO - Started process (PID=820) to work on /home/airflow/.local/lib/python3.8/site-packages/airflow/example_dags/example_complex.py
[2024-03-22T10:57:30.915+0000] {processor.py:830} INFO - Processing file /home/airflow/.local/lib/python3.8/site-packages/airflow/example_dags/example_complex.py for tasks to queue
[2024-03-22T10:57:30.917+0000] {logging_mixin.py:188} INFO - [2024-03-22T10:57:30.916+0000] {dagbag.py:540} INFO - Filling up the DagBag from /home/airflow/.local/lib/python3.8/site-packages/airflow/example_dags/example_complex.py
[2024-03-22T10:57:30.925+0000] {processor.py:840} INFO - DAG(s) 'example_complex' retrieved from /home/airflow/.local/lib/python3.8/site-packages/airflow/example_dags/example_complex.py
[2024-03-22T10:57:30.948+0000] {logging_mixin.py:188} INFO - [2024-03-22T10:57:30.948+0000] {dag.py:3047} INFO - Sync 1 DAGs
[2024-03-22T10:57:30.960+0000] {logging_mixin.py:188} INFO - [2024-03-22T10:57:30.960+0000] {dag.py:3834} INFO - Setting next_dagrun for example_complex to None, run_after=None
[2024-03-22T10:57:30.984+0000] {processor.py:183} INFO - Processing /home/airflow/.local/lib/python3.8/site-packages/airflow/example_dags/example_complex.py took 0.072 seconds
[2024-03-22T10:58:01.048+0000] {processor.py:161} INFO - Started process (PID=875) to work on /home/airflow/.local/lib/python3.8/site-packages/airflow/example_dags/example_complex.py
[2024-03-22T10:58:01.049+0000] {processor.py:830} INFO - Processing file /home/airflow/.local/lib/python3.8/site-packages/airflow/example_dags/example_complex.py for tasks to queue
[2024-03-22T10:58:01.050+0000] {logging_mixin.py:188} INFO - [2024-03-22T10:58:01.050+0000] {dagbag.py:540} INFO - Filling up the DagBag from /home/airflow/.local/lib/python3.8/site-packages/airflow/example_dags/example_complex.py
[2024-03-22T10:58:01.061+0000] {processor.py:840} INFO - DAG(s) 'example_complex' retrieved from /home/airflow/.local/lib/python3.8/site-packages/airflow/example_dags/example_complex.py
[2024-03-22T10:58:01.086+0000] {logging_mixin.py:188} INFO - [2024-03-22T10:58:01.086+0000] {dag.py:3047} INFO - Sync 1 DAGs
[2024-03-22T10:58:01.097+0000] {logging_mixin.py:188} INFO - [2024-03-22T10:58:01.097+0000] {dag.py:3834} INFO - Setting next_dagrun for example_complex to None, run_after=None
[2024-03-22T10:58:01.111+0000] {processor.py:183} INFO - Processing /home/airflow/.local/lib/python3.8/site-packages/airflow/example_dags/example_complex.py took 0.067 seconds
[2024-03-22T10:58:31.221+0000] {processor.py:161} INFO - Started process (PID=930) to work on /home/airflow/.local/lib/python3.8/site-packages/airflow/example_dags/example_complex.py
[2024-03-22T10:58:31.222+0000] {processor.py:830} INFO - Processing file /home/airflow/.local/lib/python3.8/site-packages/airflow/example_dags/example_complex.py for tasks to queue
[2024-03-22T10:58:31.224+0000] {logging_mixin.py:188} INFO - [2024-03-22T10:58:31.224+0000] {dagbag.py:540} INFO - Filling up the DagBag from /home/airflow/.local/lib/python3.8/site-packages/airflow/example_dags/example_complex.py
[2024-03-22T10:58:31.232+0000] {processor.py:840} INFO - DAG(s) 'example_complex' retrieved from /home/airflow/.local/lib/python3.8/site-packages/airflow/example_dags/example_complex.py
[2024-03-22T10:58:31.256+0000] {logging_mixin.py:188} INFO - [2024-03-22T10:58:31.256+0000] {dag.py:3047} INFO - Sync 1 DAGs
[2024-03-22T10:58:31.266+0000] {logging_mixin.py:188} INFO - [2024-03-22T10:58:31.266+0000] {dag.py:3834} INFO - Setting next_dagrun for example_complex to None, run_after=None
[2024-03-22T10:58:31.280+0000] {processor.py:183} INFO - Processing /home/airflow/.local/lib/python3.8/site-packages/airflow/example_dags/example_complex.py took 0.062 seconds
[2024-03-22T10:59:01.412+0000] {processor.py:161} INFO - Started process (PID=985) to work on /home/airflow/.local/lib/python3.8/site-packages/airflow/example_dags/example_complex.py
[2024-03-22T10:59:01.413+0000] {processor.py:830} INFO - Processing file /home/airflow/.local/lib/python3.8/site-packages/airflow/example_dags/example_complex.py for tasks to queue
[2024-03-22T10:59:01.414+0000] {logging_mixin.py:188} INFO - [2024-03-22T10:59:01.414+0000] {dagbag.py:540} INFO - Filling up the DagBag from /home/airflow/.local/lib/python3.8/site-packages/airflow/example_dags/example_complex.py
[2024-03-22T10:59:01.422+0000] {processor.py:840} INFO - DAG(s) 'example_complex' retrieved from /home/airflow/.local/lib/python3.8/site-packages/airflow/example_dags/example_complex.py
[2024-03-22T10:59:01.447+0000] {logging_mixin.py:188} INFO - [2024-03-22T10:59:01.446+0000] {dag.py:3047} INFO - Sync 1 DAGs
[2024-03-22T10:59:01.457+0000] {logging_mixin.py:188} INFO - [2024-03-22T10:59:01.456+0000] {dag.py:3834} INFO - Setting next_dagrun for example_complex to None, run_after=None
[2024-03-22T10:59:01.471+0000] {processor.py:183} INFO - Processing /home/airflow/.local/lib/python3.8/site-packages/airflow/example_dags/example_complex.py took 0.062 seconds
[2024-03-22T10:59:31.526+0000] {processor.py:161} INFO - Started process (PID=1040) to work on /home/airflow/.local/lib/python3.8/site-packages/airflow/example_dags/example_complex.py
[2024-03-22T10:59:31.527+0000] {processor.py:830} INFO - Processing file /home/airflow/.local/lib/python3.8/site-packages/airflow/example_dags/example_complex.py for tasks to queue
[2024-03-22T10:59:31.529+0000] {logging_mixin.py:188} INFO - [2024-03-22T10:59:31.528+0000] {dagbag.py:540} INFO - Filling up the DagBag from /home/airflow/.local/lib/python3.8/site-packages/airflow/example_dags/example_complex.py
[2024-03-22T10:59:31.537+0000] {processor.py:840} INFO - DAG(s) 'example_complex' retrieved from /home/airflow/.local/lib/python3.8/site-packages/airflow/example_dags/example_complex.py
[2024-03-22T10:59:31.559+0000] {logging_mixin.py:188} INFO - [2024-03-22T10:59:31.559+0000] {dag.py:3047} INFO - Sync 1 DAGs
[2024-03-22T10:59:31.570+0000] {logging_mixin.py:188} INFO - [2024-03-22T10:59:31.569+0000] {dag.py:3834} INFO - Setting next_dagrun for example_complex to None, run_after=None
[2024-03-22T10:59:31.594+0000] {processor.py:183} INFO - Processing /home/airflow/.local/lib/python3.8/site-packages/airflow/example_dags/example_complex.py took 0.070 seconds
[2024-03-22T11:00:01.738+0000] {processor.py:161} INFO - Started process (PID=1095) to work on /home/airflow/.local/lib/python3.8/site-packages/airflow/example_dags/example_complex.py
[2024-03-22T11:00:01.739+0000] {processor.py:830} INFO - Processing file /home/airflow/.local/lib/python3.8/site-packages/airflow/example_dags/example_complex.py for tasks to queue
[2024-03-22T11:00:01.741+0000] {logging_mixin.py:188} INFO - [2024-03-22T11:00:01.741+0000] {dagbag.py:540} INFO - Filling up the DagBag from /home/airflow/.local/lib/python3.8/site-packages/airflow/example_dags/example_complex.py
[2024-03-22T11:00:01.749+0000] {processor.py:840} INFO - DAG(s) 'example_complex' retrieved from /home/airflow/.local/lib/python3.8/site-packages/airflow/example_dags/example_complex.py
[2024-03-22T11:00:01.771+0000] {logging_mixin.py:188} INFO - [2024-03-22T11:00:01.771+0000] {dag.py:3047} INFO - Sync 1 DAGs
[2024-03-22T11:00:01.780+0000] {logging_mixin.py:188} INFO - [2024-03-22T11:00:01.780+0000] {dag.py:3834} INFO - Setting next_dagrun for example_complex to None, run_after=None
[2024-03-22T11:00:01.793+0000] {processor.py:183} INFO - Processing /home/airflow/.local/lib/python3.8/site-packages/airflow/example_dags/example_complex.py took 0.058 seconds
[2024-03-22T11:00:31.879+0000] {processor.py:161} INFO - Started process (PID=1150) to work on /home/airflow/.local/lib/python3.8/site-packages/airflow/example_dags/example_complex.py
[2024-03-22T11:00:31.879+0000] {processor.py:830} INFO - Processing file /home/airflow/.local/lib/python3.8/site-packages/airflow/example_dags/example_complex.py for tasks to queue
[2024-03-22T11:00:31.881+0000] {logging_mixin.py:188} INFO - [2024-03-22T11:00:31.880+0000] {dagbag.py:540} INFO - Filling up the DagBag from /home/airflow/.local/lib/python3.8/site-packages/airflow/example_dags/example_complex.py
[2024-03-22T11:00:31.889+0000] {processor.py:840} INFO - DAG(s) 'example_complex' retrieved from /home/airflow/.local/lib/python3.8/site-packages/airflow/example_dags/example_complex.py
[2024-03-22T11:00:31.913+0000] {logging_mixin.py:188} INFO - [2024-03-22T11:00:31.913+0000] {dag.py:3047} INFO - Sync 1 DAGs
[2024-03-22T11:00:31.923+0000] {logging_mixin.py:188} INFO - [2024-03-22T11:00:31.923+0000] {dag.py:3834} INFO - Setting next_dagrun for example_complex to None, run_after=None
[2024-03-22T11:00:31.947+0000] {processor.py:183} INFO - Processing /home/airflow/.local/lib/python3.8/site-packages/airflow/example_dags/example_complex.py took 0.070 seconds
[2024-03-22T11:01:03.058+0000] {processor.py:161} INFO - Started process (PID=1206) to work on /home/airflow/.local/lib/python3.8/site-packages/airflow/example_dags/example_complex.py
[2024-03-22T11:01:03.059+0000] {processor.py:830} INFO - Processing file /home/airflow/.local/lib/python3.8/site-packages/airflow/example_dags/example_complex.py for tasks to queue
[2024-03-22T11:01:03.060+0000] {logging_mixin.py:188} INFO - [2024-03-22T11:01:03.060+0000] {dagbag.py:540} INFO - Filling up the DagBag from /home/airflow/.local/lib/python3.8/site-packages/airflow/example_dags/example_complex.py
[2024-03-22T11:01:03.069+0000] {processor.py:840} INFO - DAG(s) 'example_complex' retrieved from /home/airflow/.local/lib/python3.8/site-packages/airflow/example_dags/example_complex.py
[2024-03-22T11:01:03.092+0000] {logging_mixin.py:188} INFO - [2024-03-22T11:01:03.091+0000] {dag.py:3047} INFO - Sync 1 DAGs
[2024-03-22T11:01:03.100+0000] {logging_mixin.py:188} INFO - [2024-03-22T11:01:03.100+0000] {dag.py:3834} INFO - Setting next_dagrun for example_complex to None, run_after=None
[2024-03-22T11:01:03.115+0000] {processor.py:183} INFO - Processing /home/airflow/.local/lib/python3.8/site-packages/airflow/example_dags/example_complex.py took 0.059 seconds
[2024-03-22T11:01:33.306+0000] {processor.py:161} INFO - Started process (PID=1261) to work on /home/airflow/.local/lib/python3.8/site-packages/airflow/example_dags/example_complex.py
[2024-03-22T11:01:33.307+0000] {processor.py:830} INFO - Processing file /home/airflow/.local/lib/python3.8/site-packages/airflow/example_dags/example_complex.py for tasks to queue
[2024-03-22T11:01:33.309+0000] {logging_mixin.py:188} INFO - [2024-03-22T11:01:33.309+0000] {dagbag.py:540} INFO - Filling up the DagBag from /home/airflow/.local/lib/python3.8/site-packages/airflow/example_dags/example_complex.py
[2024-03-22T11:01:33.318+0000] {processor.py:840} INFO - DAG(s) 'example_complex' retrieved from /home/airflow/.local/lib/python3.8/site-packages/airflow/example_dags/example_complex.py
[2024-03-22T11:01:33.357+0000] {logging_mixin.py:188} INFO - [2024-03-22T11:01:33.356+0000] {dag.py:3047} INFO - Sync 1 DAGs
[2024-03-22T11:01:33.369+0000] {logging_mixin.py:188} INFO - [2024-03-22T11:01:33.369+0000] {dag.py:3834} INFO - Setting next_dagrun for example_complex to None, run_after=None
[2024-03-22T11:01:33.400+0000] {processor.py:183} INFO - Processing /home/airflow/.local/lib/python3.8/site-packages/airflow/example_dags/example_complex.py took 0.098 seconds
