[2024-03-22T10:50:26.809+0000] {processor.py:161} INFO - Started process (PID=80) to work on /home/airflow/.local/lib/python3.8/site-packages/airflow/example_dags/example_subdag_operator.py
[2024-03-22T10:50:26.810+0000] {processor.py:830} INFO - Processing file /home/airflow/.local/lib/python3.8/site-packages/airflow/example_dags/example_subdag_operator.py for tasks to queue
[2024-03-22T10:50:26.811+0000] {logging_mixin.py:188} INFO - [2024-03-22T10:50:26.811+0000] {dagbag.py:540} INFO - Filling up the DagBag from /home/airflow/.local/lib/python3.8/site-packages/airflow/example_dags/example_subdag_operator.py
[2024-03-22T10:50:26.830+0000] {processor.py:840} INFO - DAG(s) 'example_subdag_operator.section-1', 'example_subdag_operator.section-2', 'example_subdag_operator' retrieved from /home/airflow/.local/lib/python3.8/site-packages/airflow/example_dags/example_subdag_operator.py
[2024-03-22T10:50:26.834+0000] {logging_mixin.py:188} INFO - [2024-03-22T10:50:26.833+0000] {dag.py:3047} INFO - Sync 3 DAGs
[2024-03-22T10:50:26.856+0000] {logging_mixin.py:188} INFO - [2024-03-22T10:50:26.856+0000] {dag.py:3834} INFO - Setting next_dagrun for example_subdag_operator to 2022-01-01 00:00:00+00:00, run_after=2022-01-01 00:00:00+00:00
[2024-03-22T10:50:26.860+0000] {logging_mixin.py:188} INFO - [2024-03-22T10:50:26.860+0000] {dag.py:3834} INFO - Setting next_dagrun for example_subdag_operator.section-1 to None, run_after=None
[2024-03-22T10:50:26.861+0000] {logging_mixin.py:188} INFO - [2024-03-22T10:50:26.861+0000] {dag.py:3834} INFO - Setting next_dagrun for example_subdag_operator.section-2 to None, run_after=None
[2024-03-22T10:50:26.869+0000] {logging_mixin.py:188} INFO - [2024-03-22T10:50:26.868+0000] {dag.py:3047} INFO - Sync 2 DAGs
[2024-03-22T10:50:26.873+0000] {logging_mixin.py:188} INFO - [2024-03-22T10:50:26.873+0000] {dag.py:3834} INFO - Setting next_dagrun for example_subdag_operator.section-1 to None, run_after=None
[2024-03-22T10:50:26.874+0000] {logging_mixin.py:188} INFO - [2024-03-22T10:50:26.874+0000] {dag.py:3834} INFO - Setting next_dagrun for example_subdag_operator.section-2 to None, run_after=None
[2024-03-22T10:50:26.883+0000] {processor.py:183} INFO - Processing /home/airflow/.local/lib/python3.8/site-packages/airflow/example_dags/example_subdag_operator.py took 0.077 seconds
[2024-03-22T10:50:59.880+0000] {processor.py:161} INFO - Started process (PID=134) to work on /home/airflow/.local/lib/python3.8/site-packages/airflow/example_dags/example_subdag_operator.py
[2024-03-22T10:50:59.882+0000] {processor.py:830} INFO - Processing file /home/airflow/.local/lib/python3.8/site-packages/airflow/example_dags/example_subdag_operator.py for tasks to queue
[2024-03-22T10:50:59.885+0000] {logging_mixin.py:188} INFO - [2024-03-22T10:50:59.885+0000] {dagbag.py:540} INFO - Filling up the DagBag from /home/airflow/.local/lib/python3.8/site-packages/airflow/example_dags/example_subdag_operator.py
[2024-03-22T10:50:59.912+0000] {processor.py:840} INFO - DAG(s) 'example_subdag_operator.section-1', 'example_subdag_operator.section-2', 'example_subdag_operator' retrieved from /home/airflow/.local/lib/python3.8/site-packages/airflow/example_dags/example_subdag_operator.py
[2024-03-22T10:51:00.016+0000] {logging_mixin.py:188} INFO - [2024-03-22T10:51:00.015+0000] {dag.py:3047} INFO - Sync 3 DAGs
[2024-03-22T10:51:00.044+0000] {logging_mixin.py:188} INFO - [2024-03-22T10:51:00.043+0000] {dag.py:3834} INFO - Setting next_dagrun for example_subdag_operator to 2022-01-01 00:00:00+00:00, run_after=2022-01-01 00:00:00+00:00
[2024-03-22T10:51:00.049+0000] {logging_mixin.py:188} INFO - [2024-03-22T10:51:00.049+0000] {dag.py:3834} INFO - Setting next_dagrun for example_subdag_operator.section-1 to None, run_after=None
[2024-03-22T10:51:00.052+0000] {logging_mixin.py:188} INFO - [2024-03-22T10:51:00.052+0000] {dag.py:3834} INFO - Setting next_dagrun for example_subdag_operator.section-2 to None, run_after=None
[2024-03-22T10:51:00.067+0000] {logging_mixin.py:188} INFO - [2024-03-22T10:51:00.066+0000] {dag.py:3047} INFO - Sync 2 DAGs
[2024-03-22T10:51:00.073+0000] {logging_mixin.py:188} INFO - [2024-03-22T10:51:00.073+0000] {dag.py:3834} INFO - Setting next_dagrun for example_subdag_operator.section-1 to None, run_after=None
[2024-03-22T10:51:00.074+0000] {logging_mixin.py:188} INFO - [2024-03-22T10:51:00.074+0000] {dag.py:3834} INFO - Setting next_dagrun for example_subdag_operator.section-2 to None, run_after=None
[2024-03-22T10:51:00.098+0000] {processor.py:183} INFO - Processing /home/airflow/.local/lib/python3.8/site-packages/airflow/example_dags/example_subdag_operator.py took 0.220 seconds
[2024-03-22T10:51:30.437+0000] {processor.py:161} INFO - Started process (PID=189) to work on /home/airflow/.local/lib/python3.8/site-packages/airflow/example_dags/example_subdag_operator.py
[2024-03-22T10:51:30.438+0000] {processor.py:830} INFO - Processing file /home/airflow/.local/lib/python3.8/site-packages/airflow/example_dags/example_subdag_operator.py for tasks to queue
[2024-03-22T10:51:30.439+0000] {logging_mixin.py:188} INFO - [2024-03-22T10:51:30.439+0000] {dagbag.py:540} INFO - Filling up the DagBag from /home/airflow/.local/lib/python3.8/site-packages/airflow/example_dags/example_subdag_operator.py
[2024-03-22T10:51:30.462+0000] {processor.py:840} INFO - DAG(s) 'example_subdag_operator.section-1', 'example_subdag_operator.section-2', 'example_subdag_operator' retrieved from /home/airflow/.local/lib/python3.8/site-packages/airflow/example_dags/example_subdag_operator.py
[2024-03-22T10:51:30.477+0000] {logging_mixin.py:188} INFO - [2024-03-22T10:51:30.477+0000] {dag.py:3047} INFO - Sync 3 DAGs
[2024-03-22T10:51:30.495+0000] {logging_mixin.py:188} INFO - [2024-03-22T10:51:30.494+0000] {dag.py:3834} INFO - Setting next_dagrun for example_subdag_operator to 2022-01-01 00:00:00+00:00, run_after=2022-01-01 00:00:00+00:00
[2024-03-22T10:51:30.498+0000] {logging_mixin.py:188} INFO - [2024-03-22T10:51:30.497+0000] {dag.py:3834} INFO - Setting next_dagrun for example_subdag_operator.section-1 to None, run_after=None
[2024-03-22T10:51:30.499+0000] {logging_mixin.py:188} INFO - [2024-03-22T10:51:30.499+0000] {dag.py:3834} INFO - Setting next_dagrun for example_subdag_operator.section-2 to None, run_after=None
[2024-03-22T10:51:30.507+0000] {logging_mixin.py:188} INFO - [2024-03-22T10:51:30.507+0000] {dag.py:3047} INFO - Sync 2 DAGs
[2024-03-22T10:51:30.513+0000] {logging_mixin.py:188} INFO - [2024-03-22T10:51:30.513+0000] {dag.py:3834} INFO - Setting next_dagrun for example_subdag_operator.section-1 to None, run_after=None
[2024-03-22T10:51:30.513+0000] {logging_mixin.py:188} INFO - [2024-03-22T10:51:30.513+0000] {dag.py:3834} INFO - Setting next_dagrun for example_subdag_operator.section-2 to None, run_after=None
[2024-03-22T10:51:30.524+0000] {processor.py:183} INFO - Processing /home/airflow/.local/lib/python3.8/site-packages/airflow/example_dags/example_subdag_operator.py took 0.090 seconds
[2024-03-22T10:52:01.563+0000] {processor.py:161} INFO - Started process (PID=244) to work on /home/airflow/.local/lib/python3.8/site-packages/airflow/example_dags/example_subdag_operator.py
[2024-03-22T10:52:01.564+0000] {processor.py:830} INFO - Processing file /home/airflow/.local/lib/python3.8/site-packages/airflow/example_dags/example_subdag_operator.py for tasks to queue
[2024-03-22T10:52:01.565+0000] {logging_mixin.py:188} INFO - [2024-03-22T10:52:01.565+0000] {dagbag.py:540} INFO - Filling up the DagBag from /home/airflow/.local/lib/python3.8/site-packages/airflow/example_dags/example_subdag_operator.py
[2024-03-22T10:52:01.585+0000] {processor.py:840} INFO - DAG(s) 'example_subdag_operator.section-1', 'example_subdag_operator.section-2', 'example_subdag_operator' retrieved from /home/airflow/.local/lib/python3.8/site-packages/airflow/example_dags/example_subdag_operator.py
[2024-03-22T10:52:01.599+0000] {logging_mixin.py:188} INFO - [2024-03-22T10:52:01.598+0000] {dag.py:3047} INFO - Sync 3 DAGs
[2024-03-22T10:52:01.617+0000] {logging_mixin.py:188} INFO - [2024-03-22T10:52:01.616+0000] {dag.py:3834} INFO - Setting next_dagrun for example_subdag_operator to 2022-01-01 00:00:00+00:00, run_after=2022-01-01 00:00:00+00:00
[2024-03-22T10:52:01.619+0000] {logging_mixin.py:188} INFO - [2024-03-22T10:52:01.619+0000] {dag.py:3834} INFO - Setting next_dagrun for example_subdag_operator.section-1 to None, run_after=None
[2024-03-22T10:52:01.620+0000] {logging_mixin.py:188} INFO - [2024-03-22T10:52:01.620+0000] {dag.py:3834} INFO - Setting next_dagrun for example_subdag_operator.section-2 to None, run_after=None
[2024-03-22T10:52:01.626+0000] {logging_mixin.py:188} INFO - [2024-03-22T10:52:01.626+0000] {dag.py:3047} INFO - Sync 2 DAGs
[2024-03-22T10:52:01.630+0000] {logging_mixin.py:188} INFO - [2024-03-22T10:52:01.630+0000] {dag.py:3834} INFO - Setting next_dagrun for example_subdag_operator.section-1 to None, run_after=None
[2024-03-22T10:52:01.631+0000] {logging_mixin.py:188} INFO - [2024-03-22T10:52:01.630+0000] {dag.py:3834} INFO - Setting next_dagrun for example_subdag_operator.section-2 to None, run_after=None
[2024-03-22T10:52:01.638+0000] {processor.py:183} INFO - Processing /home/airflow/.local/lib/python3.8/site-packages/airflow/example_dags/example_subdag_operator.py took 0.078 seconds
[2024-03-22T10:52:31.969+0000] {processor.py:161} INFO - Started process (PID=299) to work on /home/airflow/.local/lib/python3.8/site-packages/airflow/example_dags/example_subdag_operator.py
[2024-03-22T10:52:31.970+0000] {processor.py:830} INFO - Processing file /home/airflow/.local/lib/python3.8/site-packages/airflow/example_dags/example_subdag_operator.py for tasks to queue
[2024-03-22T10:52:31.971+0000] {logging_mixin.py:188} INFO - [2024-03-22T10:52:31.971+0000] {dagbag.py:540} INFO - Filling up the DagBag from /home/airflow/.local/lib/python3.8/site-packages/airflow/example_dags/example_subdag_operator.py
[2024-03-22T10:52:31.988+0000] {processor.py:840} INFO - DAG(s) 'example_subdag_operator.section-1', 'example_subdag_operator.section-2', 'example_subdag_operator' retrieved from /home/airflow/.local/lib/python3.8/site-packages/airflow/example_dags/example_subdag_operator.py
[2024-03-22T10:52:32.002+0000] {logging_mixin.py:188} INFO - [2024-03-22T10:52:32.002+0000] {dag.py:3047} INFO - Sync 3 DAGs
[2024-03-22T10:52:32.018+0000] {logging_mixin.py:188} INFO - [2024-03-22T10:52:32.018+0000] {dag.py:3834} INFO - Setting next_dagrun for example_subdag_operator to 2022-01-01 00:00:00+00:00, run_after=2022-01-01 00:00:00+00:00
[2024-03-22T10:52:32.021+0000] {logging_mixin.py:188} INFO - [2024-03-22T10:52:32.021+0000] {dag.py:3834} INFO - Setting next_dagrun for example_subdag_operator.section-1 to None, run_after=None
[2024-03-22T10:52:32.022+0000] {logging_mixin.py:188} INFO - [2024-03-22T10:52:32.022+0000] {dag.py:3834} INFO - Setting next_dagrun for example_subdag_operator.section-2 to None, run_after=None
[2024-03-22T10:52:32.027+0000] {logging_mixin.py:188} INFO - [2024-03-22T10:52:32.027+0000] {dag.py:3047} INFO - Sync 2 DAGs
[2024-03-22T10:52:32.032+0000] {logging_mixin.py:188} INFO - [2024-03-22T10:52:32.032+0000] {dag.py:3834} INFO - Setting next_dagrun for example_subdag_operator.section-1 to None, run_after=None
[2024-03-22T10:52:32.033+0000] {logging_mixin.py:188} INFO - [2024-03-22T10:52:32.032+0000] {dag.py:3834} INFO - Setting next_dagrun for example_subdag_operator.section-2 to None, run_after=None
[2024-03-22T10:52:32.042+0000] {processor.py:183} INFO - Processing /home/airflow/.local/lib/python3.8/site-packages/airflow/example_dags/example_subdag_operator.py took 0.074 seconds
[2024-03-22T10:53:02.102+0000] {processor.py:161} INFO - Started process (PID=354) to work on /home/airflow/.local/lib/python3.8/site-packages/airflow/example_dags/example_subdag_operator.py
[2024-03-22T10:53:02.102+0000] {processor.py:830} INFO - Processing file /home/airflow/.local/lib/python3.8/site-packages/airflow/example_dags/example_subdag_operator.py for tasks to queue
[2024-03-22T10:53:02.104+0000] {logging_mixin.py:188} INFO - [2024-03-22T10:53:02.103+0000] {dagbag.py:540} INFO - Filling up the DagBag from /home/airflow/.local/lib/python3.8/site-packages/airflow/example_dags/example_subdag_operator.py
[2024-03-22T10:53:02.119+0000] {processor.py:840} INFO - DAG(s) 'example_subdag_operator.section-1', 'example_subdag_operator.section-2', 'example_subdag_operator' retrieved from /home/airflow/.local/lib/python3.8/site-packages/airflow/example_dags/example_subdag_operator.py
[2024-03-22T10:53:02.130+0000] {logging_mixin.py:188} INFO - [2024-03-22T10:53:02.130+0000] {dag.py:3047} INFO - Sync 3 DAGs
[2024-03-22T10:53:02.145+0000] {logging_mixin.py:188} INFO - [2024-03-22T10:53:02.145+0000] {dag.py:3834} INFO - Setting next_dagrun for example_subdag_operator to 2022-01-01 00:00:00+00:00, run_after=2022-01-01 00:00:00+00:00
[2024-03-22T10:53:02.147+0000] {logging_mixin.py:188} INFO - [2024-03-22T10:53:02.147+0000] {dag.py:3834} INFO - Setting next_dagrun for example_subdag_operator.section-1 to None, run_after=None
[2024-03-22T10:53:02.148+0000] {logging_mixin.py:188} INFO - [2024-03-22T10:53:02.148+0000] {dag.py:3834} INFO - Setting next_dagrun for example_subdag_operator.section-2 to None, run_after=None
[2024-03-22T10:53:02.154+0000] {logging_mixin.py:188} INFO - [2024-03-22T10:53:02.153+0000] {dag.py:3047} INFO - Sync 2 DAGs
[2024-03-22T10:53:02.157+0000] {logging_mixin.py:188} INFO - [2024-03-22T10:53:02.157+0000] {dag.py:3834} INFO - Setting next_dagrun for example_subdag_operator.section-1 to None, run_after=None
[2024-03-22T10:53:02.157+0000] {logging_mixin.py:188} INFO - [2024-03-22T10:53:02.157+0000] {dag.py:3834} INFO - Setting next_dagrun for example_subdag_operator.section-2 to None, run_after=None
[2024-03-22T10:53:02.166+0000] {processor.py:183} INFO - Processing /home/airflow/.local/lib/python3.8/site-packages/airflow/example_dags/example_subdag_operator.py took 0.066 seconds
[2024-03-22T10:53:32.300+0000] {processor.py:161} INFO - Started process (PID=409) to work on /home/airflow/.local/lib/python3.8/site-packages/airflow/example_dags/example_subdag_operator.py
[2024-03-22T10:53:32.301+0000] {processor.py:830} INFO - Processing file /home/airflow/.local/lib/python3.8/site-packages/airflow/example_dags/example_subdag_operator.py for tasks to queue
[2024-03-22T10:53:32.302+0000] {logging_mixin.py:188} INFO - [2024-03-22T10:53:32.302+0000] {dagbag.py:540} INFO - Filling up the DagBag from /home/airflow/.local/lib/python3.8/site-packages/airflow/example_dags/example_subdag_operator.py
[2024-03-22T10:53:32.322+0000] {processor.py:840} INFO - DAG(s) 'example_subdag_operator.section-1', 'example_subdag_operator.section-2', 'example_subdag_operator' retrieved from /home/airflow/.local/lib/python3.8/site-packages/airflow/example_dags/example_subdag_operator.py
[2024-03-22T10:53:32.333+0000] {logging_mixin.py:188} INFO - [2024-03-22T10:53:32.333+0000] {dag.py:3047} INFO - Sync 3 DAGs
[2024-03-22T10:53:32.347+0000] {logging_mixin.py:188} INFO - [2024-03-22T10:53:32.347+0000] {dag.py:3834} INFO - Setting next_dagrun for example_subdag_operator to 2022-01-01 00:00:00+00:00, run_after=2022-01-01 00:00:00+00:00
[2024-03-22T10:53:32.350+0000] {logging_mixin.py:188} INFO - [2024-03-22T10:53:32.349+0000] {dag.py:3834} INFO - Setting next_dagrun for example_subdag_operator.section-1 to None, run_after=None
[2024-03-22T10:53:32.351+0000] {logging_mixin.py:188} INFO - [2024-03-22T10:53:32.350+0000] {dag.py:3834} INFO - Setting next_dagrun for example_subdag_operator.section-2 to None, run_after=None
[2024-03-22T10:53:32.357+0000] {logging_mixin.py:188} INFO - [2024-03-22T10:53:32.357+0000] {dag.py:3047} INFO - Sync 2 DAGs
[2024-03-22T10:53:32.362+0000] {logging_mixin.py:188} INFO - [2024-03-22T10:53:32.362+0000] {dag.py:3834} INFO - Setting next_dagrun for example_subdag_operator.section-1 to None, run_after=None
[2024-03-22T10:53:32.363+0000] {logging_mixin.py:188} INFO - [2024-03-22T10:53:32.363+0000] {dag.py:3834} INFO - Setting next_dagrun for example_subdag_operator.section-2 to None, run_after=None
[2024-03-22T10:53:32.371+0000] {processor.py:183} INFO - Processing /home/airflow/.local/lib/python3.8/site-packages/airflow/example_dags/example_subdag_operator.py took 0.073 seconds
[2024-03-22T10:54:02.524+0000] {processor.py:161} INFO - Started process (PID=464) to work on /home/airflow/.local/lib/python3.8/site-packages/airflow/example_dags/example_subdag_operator.py
[2024-03-22T10:54:02.524+0000] {processor.py:830} INFO - Processing file /home/airflow/.local/lib/python3.8/site-packages/airflow/example_dags/example_subdag_operator.py for tasks to queue
[2024-03-22T10:54:02.526+0000] {logging_mixin.py:188} INFO - [2024-03-22T10:54:02.525+0000] {dagbag.py:540} INFO - Filling up the DagBag from /home/airflow/.local/lib/python3.8/site-packages/airflow/example_dags/example_subdag_operator.py
[2024-03-22T10:54:02.543+0000] {processor.py:840} INFO - DAG(s) 'example_subdag_operator.section-1', 'example_subdag_operator.section-2', 'example_subdag_operator' retrieved from /home/airflow/.local/lib/python3.8/site-packages/airflow/example_dags/example_subdag_operator.py
[2024-03-22T10:54:02.553+0000] {logging_mixin.py:188} INFO - [2024-03-22T10:54:02.553+0000] {dag.py:3047} INFO - Sync 3 DAGs
[2024-03-22T10:54:02.571+0000] {logging_mixin.py:188} INFO - [2024-03-22T10:54:02.571+0000] {dag.py:3834} INFO - Setting next_dagrun for example_subdag_operator to 2022-01-01 00:00:00+00:00, run_after=2022-01-01 00:00:00+00:00
[2024-03-22T10:54:02.574+0000] {logging_mixin.py:188} INFO - [2024-03-22T10:54:02.574+0000] {dag.py:3834} INFO - Setting next_dagrun for example_subdag_operator.section-1 to None, run_after=None
[2024-03-22T10:54:02.575+0000] {logging_mixin.py:188} INFO - [2024-03-22T10:54:02.575+0000] {dag.py:3834} INFO - Setting next_dagrun for example_subdag_operator.section-2 to None, run_after=None
[2024-03-22T10:54:02.581+0000] {logging_mixin.py:188} INFO - [2024-03-22T10:54:02.581+0000] {dag.py:3047} INFO - Sync 2 DAGs
[2024-03-22T10:54:02.586+0000] {logging_mixin.py:188} INFO - [2024-03-22T10:54:02.585+0000] {dag.py:3834} INFO - Setting next_dagrun for example_subdag_operator.section-1 to None, run_after=None
[2024-03-22T10:54:02.586+0000] {logging_mixin.py:188} INFO - [2024-03-22T10:54:02.586+0000] {dag.py:3834} INFO - Setting next_dagrun for example_subdag_operator.section-2 to None, run_after=None
[2024-03-22T10:54:02.596+0000] {processor.py:183} INFO - Processing /home/airflow/.local/lib/python3.8/site-packages/airflow/example_dags/example_subdag_operator.py took 0.074 seconds
[2024-03-22T10:54:32.764+0000] {processor.py:161} INFO - Started process (PID=519) to work on /home/airflow/.local/lib/python3.8/site-packages/airflow/example_dags/example_subdag_operator.py
[2024-03-22T10:54:32.765+0000] {processor.py:830} INFO - Processing file /home/airflow/.local/lib/python3.8/site-packages/airflow/example_dags/example_subdag_operator.py for tasks to queue
[2024-03-22T10:54:32.767+0000] {logging_mixin.py:188} INFO - [2024-03-22T10:54:32.767+0000] {dagbag.py:540} INFO - Filling up the DagBag from /home/airflow/.local/lib/python3.8/site-packages/airflow/example_dags/example_subdag_operator.py
[2024-03-22T10:54:32.785+0000] {processor.py:840} INFO - DAG(s) 'example_subdag_operator.section-1', 'example_subdag_operator.section-2', 'example_subdag_operator' retrieved from /home/airflow/.local/lib/python3.8/site-packages/airflow/example_dags/example_subdag_operator.py
[2024-03-22T10:54:32.797+0000] {logging_mixin.py:188} INFO - [2024-03-22T10:54:32.797+0000] {dag.py:3047} INFO - Sync 3 DAGs
[2024-03-22T10:54:32.813+0000] {logging_mixin.py:188} INFO - [2024-03-22T10:54:32.812+0000] {dag.py:3834} INFO - Setting next_dagrun for example_subdag_operator to 2022-01-01 00:00:00+00:00, run_after=2022-01-01 00:00:00+00:00
[2024-03-22T10:54:32.815+0000] {logging_mixin.py:188} INFO - [2024-03-22T10:54:32.815+0000] {dag.py:3834} INFO - Setting next_dagrun for example_subdag_operator.section-1 to None, run_after=None
[2024-03-22T10:54:32.816+0000] {logging_mixin.py:188} INFO - [2024-03-22T10:54:32.816+0000] {dag.py:3834} INFO - Setting next_dagrun for example_subdag_operator.section-2 to None, run_after=None
[2024-03-22T10:54:32.821+0000] {logging_mixin.py:188} INFO - [2024-03-22T10:54:32.821+0000] {dag.py:3047} INFO - Sync 2 DAGs
[2024-03-22T10:54:32.825+0000] {logging_mixin.py:188} INFO - [2024-03-22T10:54:32.825+0000] {dag.py:3834} INFO - Setting next_dagrun for example_subdag_operator.section-1 to None, run_after=None
[2024-03-22T10:54:32.825+0000] {logging_mixin.py:188} INFO - [2024-03-22T10:54:32.825+0000] {dag.py:3834} INFO - Setting next_dagrun for example_subdag_operator.section-2 to None, run_after=None
[2024-03-22T10:54:32.834+0000] {processor.py:183} INFO - Processing /home/airflow/.local/lib/python3.8/site-packages/airflow/example_dags/example_subdag_operator.py took 0.072 seconds
[2024-03-22T10:55:02.963+0000] {processor.py:161} INFO - Started process (PID=574) to work on /home/airflow/.local/lib/python3.8/site-packages/airflow/example_dags/example_subdag_operator.py
[2024-03-22T10:55:02.964+0000] {processor.py:830} INFO - Processing file /home/airflow/.local/lib/python3.8/site-packages/airflow/example_dags/example_subdag_operator.py for tasks to queue
[2024-03-22T10:55:02.965+0000] {logging_mixin.py:188} INFO - [2024-03-22T10:55:02.965+0000] {dagbag.py:540} INFO - Filling up the DagBag from /home/airflow/.local/lib/python3.8/site-packages/airflow/example_dags/example_subdag_operator.py
[2024-03-22T10:55:02.984+0000] {processor.py:840} INFO - DAG(s) 'example_subdag_operator.section-1', 'example_subdag_operator.section-2', 'example_subdag_operator' retrieved from /home/airflow/.local/lib/python3.8/site-packages/airflow/example_dags/example_subdag_operator.py
[2024-03-22T10:55:02.997+0000] {logging_mixin.py:188} INFO - [2024-03-22T10:55:02.996+0000] {dag.py:3047} INFO - Sync 3 DAGs
[2024-03-22T10:55:03.011+0000] {logging_mixin.py:188} INFO - [2024-03-22T10:55:03.011+0000] {dag.py:3834} INFO - Setting next_dagrun for example_subdag_operator to 2022-01-01 00:00:00+00:00, run_after=2022-01-01 00:00:00+00:00
[2024-03-22T10:55:03.014+0000] {logging_mixin.py:188} INFO - [2024-03-22T10:55:03.013+0000] {dag.py:3834} INFO - Setting next_dagrun for example_subdag_operator.section-1 to None, run_after=None
[2024-03-22T10:55:03.015+0000] {logging_mixin.py:188} INFO - [2024-03-22T10:55:03.015+0000] {dag.py:3834} INFO - Setting next_dagrun for example_subdag_operator.section-2 to None, run_after=None
[2024-03-22T10:55:03.020+0000] {logging_mixin.py:188} INFO - [2024-03-22T10:55:03.020+0000] {dag.py:3047} INFO - Sync 2 DAGs
[2024-03-22T10:55:03.024+0000] {logging_mixin.py:188} INFO - [2024-03-22T10:55:03.024+0000] {dag.py:3834} INFO - Setting next_dagrun for example_subdag_operator.section-1 to None, run_after=None
[2024-03-22T10:55:03.025+0000] {logging_mixin.py:188} INFO - [2024-03-22T10:55:03.025+0000] {dag.py:3834} INFO - Setting next_dagrun for example_subdag_operator.section-2 to None, run_after=None
[2024-03-22T10:55:03.036+0000] {processor.py:183} INFO - Processing /home/airflow/.local/lib/python3.8/site-packages/airflow/example_dags/example_subdag_operator.py took 0.076 seconds
[2024-03-22T10:55:33.261+0000] {processor.py:161} INFO - Started process (PID=629) to work on /home/airflow/.local/lib/python3.8/site-packages/airflow/example_dags/example_subdag_operator.py
[2024-03-22T10:55:33.262+0000] {processor.py:830} INFO - Processing file /home/airflow/.local/lib/python3.8/site-packages/airflow/example_dags/example_subdag_operator.py for tasks to queue
[2024-03-22T10:55:33.263+0000] {logging_mixin.py:188} INFO - [2024-03-22T10:55:33.263+0000] {dagbag.py:540} INFO - Filling up the DagBag from /home/airflow/.local/lib/python3.8/site-packages/airflow/example_dags/example_subdag_operator.py
[2024-03-22T10:55:33.281+0000] {processor.py:840} INFO - DAG(s) 'example_subdag_operator.section-1', 'example_subdag_operator.section-2', 'example_subdag_operator' retrieved from /home/airflow/.local/lib/python3.8/site-packages/airflow/example_dags/example_subdag_operator.py
[2024-03-22T10:55:33.294+0000] {logging_mixin.py:188} INFO - [2024-03-22T10:55:33.294+0000] {dag.py:3047} INFO - Sync 3 DAGs
[2024-03-22T10:55:33.309+0000] {logging_mixin.py:188} INFO - [2024-03-22T10:55:33.309+0000] {dag.py:3834} INFO - Setting next_dagrun for example_subdag_operator to 2022-01-01 00:00:00+00:00, run_after=2022-01-01 00:00:00+00:00
[2024-03-22T10:55:33.313+0000] {logging_mixin.py:188} INFO - [2024-03-22T10:55:33.313+0000] {dag.py:3834} INFO - Setting next_dagrun for example_subdag_operator.section-1 to None, run_after=None
[2024-03-22T10:55:33.315+0000] {logging_mixin.py:188} INFO - [2024-03-22T10:55:33.314+0000] {dag.py:3834} INFO - Setting next_dagrun for example_subdag_operator.section-2 to None, run_after=None
[2024-03-22T10:55:33.320+0000] {logging_mixin.py:188} INFO - [2024-03-22T10:55:33.320+0000] {dag.py:3047} INFO - Sync 2 DAGs
[2024-03-22T10:55:33.324+0000] {logging_mixin.py:188} INFO - [2024-03-22T10:55:33.324+0000] {dag.py:3834} INFO - Setting next_dagrun for example_subdag_operator.section-1 to None, run_after=None
[2024-03-22T10:55:33.324+0000] {logging_mixin.py:188} INFO - [2024-03-22T10:55:33.324+0000] {dag.py:3834} INFO - Setting next_dagrun for example_subdag_operator.section-2 to None, run_after=None
[2024-03-22T10:55:33.334+0000] {processor.py:183} INFO - Processing /home/airflow/.local/lib/python3.8/site-packages/airflow/example_dags/example_subdag_operator.py took 0.075 seconds
[2024-03-22T10:56:03.742+0000] {processor.py:161} INFO - Started process (PID=684) to work on /home/airflow/.local/lib/python3.8/site-packages/airflow/example_dags/example_subdag_operator.py
[2024-03-22T10:56:03.743+0000] {processor.py:830} INFO - Processing file /home/airflow/.local/lib/python3.8/site-packages/airflow/example_dags/example_subdag_operator.py for tasks to queue
[2024-03-22T10:56:03.744+0000] {logging_mixin.py:188} INFO - [2024-03-22T10:56:03.744+0000] {dagbag.py:540} INFO - Filling up the DagBag from /home/airflow/.local/lib/python3.8/site-packages/airflow/example_dags/example_subdag_operator.py
[2024-03-22T10:56:03.762+0000] {processor.py:840} INFO - DAG(s) 'example_subdag_operator.section-1', 'example_subdag_operator.section-2', 'example_subdag_operator' retrieved from /home/airflow/.local/lib/python3.8/site-packages/airflow/example_dags/example_subdag_operator.py
[2024-03-22T10:56:03.772+0000] {logging_mixin.py:188} INFO - [2024-03-22T10:56:03.772+0000] {dag.py:3047} INFO - Sync 3 DAGs
[2024-03-22T10:56:03.787+0000] {logging_mixin.py:188} INFO - [2024-03-22T10:56:03.787+0000] {dag.py:3834} INFO - Setting next_dagrun for example_subdag_operator to 2022-01-01 00:00:00+00:00, run_after=2022-01-01 00:00:00+00:00
[2024-03-22T10:56:03.790+0000] {logging_mixin.py:188} INFO - [2024-03-22T10:56:03.790+0000] {dag.py:3834} INFO - Setting next_dagrun for example_subdag_operator.section-1 to None, run_after=None
[2024-03-22T10:56:03.791+0000] {logging_mixin.py:188} INFO - [2024-03-22T10:56:03.791+0000] {dag.py:3834} INFO - Setting next_dagrun for example_subdag_operator.section-2 to None, run_after=None
[2024-03-22T10:56:03.796+0000] {logging_mixin.py:188} INFO - [2024-03-22T10:56:03.796+0000] {dag.py:3047} INFO - Sync 2 DAGs
[2024-03-22T10:56:03.800+0000] {logging_mixin.py:188} INFO - [2024-03-22T10:56:03.800+0000] {dag.py:3834} INFO - Setting next_dagrun for example_subdag_operator.section-1 to None, run_after=None
[2024-03-22T10:56:03.800+0000] {logging_mixin.py:188} INFO - [2024-03-22T10:56:03.800+0000] {dag.py:3834} INFO - Setting next_dagrun for example_subdag_operator.section-2 to None, run_after=None
[2024-03-22T10:56:03.808+0000] {processor.py:183} INFO - Processing /home/airflow/.local/lib/python3.8/site-packages/airflow/example_dags/example_subdag_operator.py took 0.069 seconds
[2024-03-22T10:56:33.874+0000] {processor.py:161} INFO - Started process (PID=739) to work on /home/airflow/.local/lib/python3.8/site-packages/airflow/example_dags/example_subdag_operator.py
[2024-03-22T10:56:33.875+0000] {processor.py:830} INFO - Processing file /home/airflow/.local/lib/python3.8/site-packages/airflow/example_dags/example_subdag_operator.py for tasks to queue
[2024-03-22T10:56:33.877+0000] {logging_mixin.py:188} INFO - [2024-03-22T10:56:33.877+0000] {dagbag.py:540} INFO - Filling up the DagBag from /home/airflow/.local/lib/python3.8/site-packages/airflow/example_dags/example_subdag_operator.py
[2024-03-22T10:56:33.898+0000] {processor.py:840} INFO - DAG(s) 'example_subdag_operator.section-1', 'example_subdag_operator.section-2', 'example_subdag_operator' retrieved from /home/airflow/.local/lib/python3.8/site-packages/airflow/example_dags/example_subdag_operator.py
[2024-03-22T10:56:33.911+0000] {logging_mixin.py:188} INFO - [2024-03-22T10:56:33.911+0000] {dag.py:3047} INFO - Sync 3 DAGs
[2024-03-22T10:56:33.932+0000] {logging_mixin.py:188} INFO - [2024-03-22T10:56:33.931+0000] {dag.py:3834} INFO - Setting next_dagrun for example_subdag_operator to 2022-01-01 00:00:00+00:00, run_after=2022-01-01 00:00:00+00:00
[2024-03-22T10:56:33.936+0000] {logging_mixin.py:188} INFO - [2024-03-22T10:56:33.936+0000] {dag.py:3834} INFO - Setting next_dagrun for example_subdag_operator.section-1 to None, run_after=None
[2024-03-22T10:56:33.937+0000] {logging_mixin.py:188} INFO - [2024-03-22T10:56:33.937+0000] {dag.py:3834} INFO - Setting next_dagrun for example_subdag_operator.section-2 to None, run_after=None
[2024-03-22T10:56:33.943+0000] {logging_mixin.py:188} INFO - [2024-03-22T10:56:33.943+0000] {dag.py:3047} INFO - Sync 2 DAGs
[2024-03-22T10:56:33.949+0000] {logging_mixin.py:188} INFO - [2024-03-22T10:56:33.948+0000] {dag.py:3834} INFO - Setting next_dagrun for example_subdag_operator.section-1 to None, run_after=None
[2024-03-22T10:56:33.949+0000] {logging_mixin.py:188} INFO - [2024-03-22T10:56:33.949+0000] {dag.py:3834} INFO - Setting next_dagrun for example_subdag_operator.section-2 to None, run_after=None
[2024-03-22T10:56:33.960+0000] {processor.py:183} INFO - Processing /home/airflow/.local/lib/python3.8/site-packages/airflow/example_dags/example_subdag_operator.py took 0.089 seconds
[2024-03-22T10:57:04.057+0000] {processor.py:161} INFO - Started process (PID=794) to work on /home/airflow/.local/lib/python3.8/site-packages/airflow/example_dags/example_subdag_operator.py
[2024-03-22T10:57:04.057+0000] {processor.py:830} INFO - Processing file /home/airflow/.local/lib/python3.8/site-packages/airflow/example_dags/example_subdag_operator.py for tasks to queue
[2024-03-22T10:57:04.059+0000] {logging_mixin.py:188} INFO - [2024-03-22T10:57:04.059+0000] {dagbag.py:540} INFO - Filling up the DagBag from /home/airflow/.local/lib/python3.8/site-packages/airflow/example_dags/example_subdag_operator.py
[2024-03-22T10:57:04.080+0000] {processor.py:840} INFO - DAG(s) 'example_subdag_operator.section-1', 'example_subdag_operator.section-2', 'example_subdag_operator' retrieved from /home/airflow/.local/lib/python3.8/site-packages/airflow/example_dags/example_subdag_operator.py
[2024-03-22T10:57:04.091+0000] {logging_mixin.py:188} INFO - [2024-03-22T10:57:04.090+0000] {dag.py:3047} INFO - Sync 3 DAGs
[2024-03-22T10:57:04.106+0000] {logging_mixin.py:188} INFO - [2024-03-22T10:57:04.106+0000] {dag.py:3834} INFO - Setting next_dagrun for example_subdag_operator to 2022-01-01 00:00:00+00:00, run_after=2022-01-01 00:00:00+00:00
[2024-03-22T10:57:04.109+0000] {logging_mixin.py:188} INFO - [2024-03-22T10:57:04.109+0000] {dag.py:3834} INFO - Setting next_dagrun for example_subdag_operator.section-1 to None, run_after=None
[2024-03-22T10:57:04.111+0000] {logging_mixin.py:188} INFO - [2024-03-22T10:57:04.111+0000] {dag.py:3834} INFO - Setting next_dagrun for example_subdag_operator.section-2 to None, run_after=None
[2024-03-22T10:57:04.117+0000] {logging_mixin.py:188} INFO - [2024-03-22T10:57:04.117+0000] {dag.py:3047} INFO - Sync 2 DAGs
[2024-03-22T10:57:04.122+0000] {logging_mixin.py:188} INFO - [2024-03-22T10:57:04.122+0000] {dag.py:3834} INFO - Setting next_dagrun for example_subdag_operator.section-1 to None, run_after=None
[2024-03-22T10:57:04.123+0000] {logging_mixin.py:188} INFO - [2024-03-22T10:57:04.122+0000] {dag.py:3834} INFO - Setting next_dagrun for example_subdag_operator.section-2 to None, run_after=None
[2024-03-22T10:57:04.132+0000] {processor.py:183} INFO - Processing /home/airflow/.local/lib/python3.8/site-packages/airflow/example_dags/example_subdag_operator.py took 0.078 seconds
[2024-03-22T10:57:34.211+0000] {processor.py:161} INFO - Started process (PID=849) to work on /home/airflow/.local/lib/python3.8/site-packages/airflow/example_dags/example_subdag_operator.py
[2024-03-22T10:57:34.212+0000] {processor.py:830} INFO - Processing file /home/airflow/.local/lib/python3.8/site-packages/airflow/example_dags/example_subdag_operator.py for tasks to queue
[2024-03-22T10:57:34.213+0000] {logging_mixin.py:188} INFO - [2024-03-22T10:57:34.213+0000] {dagbag.py:540} INFO - Filling up the DagBag from /home/airflow/.local/lib/python3.8/site-packages/airflow/example_dags/example_subdag_operator.py
[2024-03-22T10:57:34.230+0000] {processor.py:840} INFO - DAG(s) 'example_subdag_operator.section-1', 'example_subdag_operator.section-2', 'example_subdag_operator' retrieved from /home/airflow/.local/lib/python3.8/site-packages/airflow/example_dags/example_subdag_operator.py
[2024-03-22T10:57:34.240+0000] {logging_mixin.py:188} INFO - [2024-03-22T10:57:34.240+0000] {dag.py:3047} INFO - Sync 3 DAGs
[2024-03-22T10:57:34.256+0000] {logging_mixin.py:188} INFO - [2024-03-22T10:57:34.255+0000] {dag.py:3834} INFO - Setting next_dagrun for example_subdag_operator to 2022-01-01 00:00:00+00:00, run_after=2022-01-01 00:00:00+00:00
[2024-03-22T10:57:34.258+0000] {logging_mixin.py:188} INFO - [2024-03-22T10:57:34.258+0000] {dag.py:3834} INFO - Setting next_dagrun for example_subdag_operator.section-1 to None, run_after=None
[2024-03-22T10:57:34.259+0000] {logging_mixin.py:188} INFO - [2024-03-22T10:57:34.259+0000] {dag.py:3834} INFO - Setting next_dagrun for example_subdag_operator.section-2 to None, run_after=None
[2024-03-22T10:57:34.265+0000] {logging_mixin.py:188} INFO - [2024-03-22T10:57:34.265+0000] {dag.py:3047} INFO - Sync 2 DAGs
[2024-03-22T10:57:34.269+0000] {logging_mixin.py:188} INFO - [2024-03-22T10:57:34.269+0000] {dag.py:3834} INFO - Setting next_dagrun for example_subdag_operator.section-1 to None, run_after=None
[2024-03-22T10:57:34.270+0000] {logging_mixin.py:188} INFO - [2024-03-22T10:57:34.270+0000] {dag.py:3834} INFO - Setting next_dagrun for example_subdag_operator.section-2 to None, run_after=None
[2024-03-22T10:57:34.278+0000] {processor.py:183} INFO - Processing /home/airflow/.local/lib/python3.8/site-packages/airflow/example_dags/example_subdag_operator.py took 0.070 seconds
[2024-03-22T10:58:04.430+0000] {processor.py:161} INFO - Started process (PID=904) to work on /home/airflow/.local/lib/python3.8/site-packages/airflow/example_dags/example_subdag_operator.py
[2024-03-22T10:58:04.430+0000] {processor.py:830} INFO - Processing file /home/airflow/.local/lib/python3.8/site-packages/airflow/example_dags/example_subdag_operator.py for tasks to queue
[2024-03-22T10:58:04.432+0000] {logging_mixin.py:188} INFO - [2024-03-22T10:58:04.431+0000] {dagbag.py:540} INFO - Filling up the DagBag from /home/airflow/.local/lib/python3.8/site-packages/airflow/example_dags/example_subdag_operator.py
[2024-03-22T10:58:04.447+0000] {processor.py:840} INFO - DAG(s) 'example_subdag_operator.section-1', 'example_subdag_operator.section-2', 'example_subdag_operator' retrieved from /home/airflow/.local/lib/python3.8/site-packages/airflow/example_dags/example_subdag_operator.py
[2024-03-22T10:58:04.458+0000] {logging_mixin.py:188} INFO - [2024-03-22T10:58:04.457+0000] {dag.py:3047} INFO - Sync 3 DAGs
[2024-03-22T10:58:04.471+0000] {logging_mixin.py:188} INFO - [2024-03-22T10:58:04.471+0000] {dag.py:3834} INFO - Setting next_dagrun for example_subdag_operator to 2022-01-01 00:00:00+00:00, run_after=2022-01-01 00:00:00+00:00
[2024-03-22T10:58:04.473+0000] {logging_mixin.py:188} INFO - [2024-03-22T10:58:04.473+0000] {dag.py:3834} INFO - Setting next_dagrun for example_subdag_operator.section-1 to None, run_after=None
[2024-03-22T10:58:04.474+0000] {logging_mixin.py:188} INFO - [2024-03-22T10:58:04.474+0000] {dag.py:3834} INFO - Setting next_dagrun for example_subdag_operator.section-2 to None, run_after=None
[2024-03-22T10:58:04.479+0000] {logging_mixin.py:188} INFO - [2024-03-22T10:58:04.479+0000] {dag.py:3047} INFO - Sync 2 DAGs
[2024-03-22T10:58:04.482+0000] {logging_mixin.py:188} INFO - [2024-03-22T10:58:04.482+0000] {dag.py:3834} INFO - Setting next_dagrun for example_subdag_operator.section-1 to None, run_after=None
[2024-03-22T10:58:04.483+0000] {logging_mixin.py:188} INFO - [2024-03-22T10:58:04.483+0000] {dag.py:3834} INFO - Setting next_dagrun for example_subdag_operator.section-2 to None, run_after=None
[2024-03-22T10:58:04.491+0000] {processor.py:183} INFO - Processing /home/airflow/.local/lib/python3.8/site-packages/airflow/example_dags/example_subdag_operator.py took 0.063 seconds
[2024-03-22T10:58:34.596+0000] {processor.py:161} INFO - Started process (PID=959) to work on /home/airflow/.local/lib/python3.8/site-packages/airflow/example_dags/example_subdag_operator.py
[2024-03-22T10:58:34.597+0000] {processor.py:830} INFO - Processing file /home/airflow/.local/lib/python3.8/site-packages/airflow/example_dags/example_subdag_operator.py for tasks to queue
[2024-03-22T10:58:34.600+0000] {logging_mixin.py:188} INFO - [2024-03-22T10:58:34.600+0000] {dagbag.py:540} INFO - Filling up the DagBag from /home/airflow/.local/lib/python3.8/site-packages/airflow/example_dags/example_subdag_operator.py
[2024-03-22T10:58:34.618+0000] {processor.py:840} INFO - DAG(s) 'example_subdag_operator.section-1', 'example_subdag_operator.section-2', 'example_subdag_operator' retrieved from /home/airflow/.local/lib/python3.8/site-packages/airflow/example_dags/example_subdag_operator.py
[2024-03-22T10:58:34.632+0000] {logging_mixin.py:188} INFO - [2024-03-22T10:58:34.631+0000] {dag.py:3047} INFO - Sync 3 DAGs
[2024-03-22T10:58:34.649+0000] {logging_mixin.py:188} INFO - [2024-03-22T10:58:34.649+0000] {dag.py:3834} INFO - Setting next_dagrun for example_subdag_operator to 2022-01-01 00:00:00+00:00, run_after=2022-01-01 00:00:00+00:00
[2024-03-22T10:58:34.651+0000] {logging_mixin.py:188} INFO - [2024-03-22T10:58:34.651+0000] {dag.py:3834} INFO - Setting next_dagrun for example_subdag_operator.section-1 to None, run_after=None
[2024-03-22T10:58:34.653+0000] {logging_mixin.py:188} INFO - [2024-03-22T10:58:34.653+0000] {dag.py:3834} INFO - Setting next_dagrun for example_subdag_operator.section-2 to None, run_after=None
[2024-03-22T10:58:34.658+0000] {logging_mixin.py:188} INFO - [2024-03-22T10:58:34.658+0000] {dag.py:3047} INFO - Sync 2 DAGs
[2024-03-22T10:58:34.663+0000] {logging_mixin.py:188} INFO - [2024-03-22T10:58:34.663+0000] {dag.py:3834} INFO - Setting next_dagrun for example_subdag_operator.section-1 to None, run_after=None
[2024-03-22T10:58:34.663+0000] {logging_mixin.py:188} INFO - [2024-03-22T10:58:34.663+0000] {dag.py:3834} INFO - Setting next_dagrun for example_subdag_operator.section-2 to None, run_after=None
[2024-03-22T10:58:34.671+0000] {processor.py:183} INFO - Processing /home/airflow/.local/lib/python3.8/site-packages/airflow/example_dags/example_subdag_operator.py took 0.077 seconds
[2024-03-22T10:59:04.745+0000] {processor.py:161} INFO - Started process (PID=1014) to work on /home/airflow/.local/lib/python3.8/site-packages/airflow/example_dags/example_subdag_operator.py
[2024-03-22T10:59:04.745+0000] {processor.py:830} INFO - Processing file /home/airflow/.local/lib/python3.8/site-packages/airflow/example_dags/example_subdag_operator.py for tasks to queue
[2024-03-22T10:59:04.747+0000] {logging_mixin.py:188} INFO - [2024-03-22T10:59:04.747+0000] {dagbag.py:540} INFO - Filling up the DagBag from /home/airflow/.local/lib/python3.8/site-packages/airflow/example_dags/example_subdag_operator.py
[2024-03-22T10:59:04.764+0000] {processor.py:840} INFO - DAG(s) 'example_subdag_operator.section-1', 'example_subdag_operator.section-2', 'example_subdag_operator' retrieved from /home/airflow/.local/lib/python3.8/site-packages/airflow/example_dags/example_subdag_operator.py
[2024-03-22T10:59:04.776+0000] {logging_mixin.py:188} INFO - [2024-03-22T10:59:04.776+0000] {dag.py:3047} INFO - Sync 3 DAGs
[2024-03-22T10:59:04.791+0000] {logging_mixin.py:188} INFO - [2024-03-22T10:59:04.791+0000] {dag.py:3834} INFO - Setting next_dagrun for example_subdag_operator to 2022-01-01 00:00:00+00:00, run_after=2022-01-01 00:00:00+00:00
[2024-03-22T10:59:04.794+0000] {logging_mixin.py:188} INFO - [2024-03-22T10:59:04.794+0000] {dag.py:3834} INFO - Setting next_dagrun for example_subdag_operator.section-1 to None, run_after=None
[2024-03-22T10:59:04.796+0000] {logging_mixin.py:188} INFO - [2024-03-22T10:59:04.796+0000] {dag.py:3834} INFO - Setting next_dagrun for example_subdag_operator.section-2 to None, run_after=None
[2024-03-22T10:59:04.801+0000] {logging_mixin.py:188} INFO - [2024-03-22T10:59:04.801+0000] {dag.py:3047} INFO - Sync 2 DAGs
[2024-03-22T10:59:04.806+0000] {logging_mixin.py:188} INFO - [2024-03-22T10:59:04.806+0000] {dag.py:3834} INFO - Setting next_dagrun for example_subdag_operator.section-1 to None, run_after=None
[2024-03-22T10:59:04.807+0000] {logging_mixin.py:188} INFO - [2024-03-22T10:59:04.807+0000] {dag.py:3834} INFO - Setting next_dagrun for example_subdag_operator.section-2 to None, run_after=None
[2024-03-22T10:59:04.816+0000] {processor.py:183} INFO - Processing /home/airflow/.local/lib/python3.8/site-packages/airflow/example_dags/example_subdag_operator.py took 0.074 seconds
[2024-03-22T10:59:34.967+0000] {processor.py:161} INFO - Started process (PID=1069) to work on /home/airflow/.local/lib/python3.8/site-packages/airflow/example_dags/example_subdag_operator.py
[2024-03-22T10:59:34.968+0000] {processor.py:830} INFO - Processing file /home/airflow/.local/lib/python3.8/site-packages/airflow/example_dags/example_subdag_operator.py for tasks to queue
[2024-03-22T10:59:34.969+0000] {logging_mixin.py:188} INFO - [2024-03-22T10:59:34.969+0000] {dagbag.py:540} INFO - Filling up the DagBag from /home/airflow/.local/lib/python3.8/site-packages/airflow/example_dags/example_subdag_operator.py
[2024-03-22T10:59:34.985+0000] {processor.py:840} INFO - DAG(s) 'example_subdag_operator.section-1', 'example_subdag_operator.section-2', 'example_subdag_operator' retrieved from /home/airflow/.local/lib/python3.8/site-packages/airflow/example_dags/example_subdag_operator.py
[2024-03-22T10:59:34.999+0000] {logging_mixin.py:188} INFO - [2024-03-22T10:59:34.999+0000] {dag.py:3047} INFO - Sync 3 DAGs
[2024-03-22T10:59:35.015+0000] {logging_mixin.py:188} INFO - [2024-03-22T10:59:35.014+0000] {dag.py:3834} INFO - Setting next_dagrun for example_subdag_operator to 2022-01-01 00:00:00+00:00, run_after=2022-01-01 00:00:00+00:00
[2024-03-22T10:59:35.018+0000] {logging_mixin.py:188} INFO - [2024-03-22T10:59:35.018+0000] {dag.py:3834} INFO - Setting next_dagrun for example_subdag_operator.section-1 to None, run_after=None
[2024-03-22T10:59:35.019+0000] {logging_mixin.py:188} INFO - [2024-03-22T10:59:35.019+0000] {dag.py:3834} INFO - Setting next_dagrun for example_subdag_operator.section-2 to None, run_after=None
[2024-03-22T10:59:35.025+0000] {logging_mixin.py:188} INFO - [2024-03-22T10:59:35.025+0000] {dag.py:3047} INFO - Sync 2 DAGs
[2024-03-22T10:59:35.030+0000] {logging_mixin.py:188} INFO - [2024-03-22T10:59:35.030+0000] {dag.py:3834} INFO - Setting next_dagrun for example_subdag_operator.section-1 to None, run_after=None
[2024-03-22T10:59:35.031+0000] {logging_mixin.py:188} INFO - [2024-03-22T10:59:35.030+0000] {dag.py:3834} INFO - Setting next_dagrun for example_subdag_operator.section-2 to None, run_after=None
[2024-03-22T10:59:35.039+0000] {processor.py:183} INFO - Processing /home/airflow/.local/lib/python3.8/site-packages/airflow/example_dags/example_subdag_operator.py took 0.074 seconds
[2024-03-22T11:00:05.089+0000] {processor.py:161} INFO - Started process (PID=1124) to work on /home/airflow/.local/lib/python3.8/site-packages/airflow/example_dags/example_subdag_operator.py
[2024-03-22T11:00:05.089+0000] {processor.py:830} INFO - Processing file /home/airflow/.local/lib/python3.8/site-packages/airflow/example_dags/example_subdag_operator.py for tasks to queue
[2024-03-22T11:00:05.091+0000] {logging_mixin.py:188} INFO - [2024-03-22T11:00:05.091+0000] {dagbag.py:540} INFO - Filling up the DagBag from /home/airflow/.local/lib/python3.8/site-packages/airflow/example_dags/example_subdag_operator.py
[2024-03-22T11:00:05.108+0000] {processor.py:840} INFO - DAG(s) 'example_subdag_operator.section-1', 'example_subdag_operator.section-2', 'example_subdag_operator' retrieved from /home/airflow/.local/lib/python3.8/site-packages/airflow/example_dags/example_subdag_operator.py
[2024-03-22T11:00:05.119+0000] {logging_mixin.py:188} INFO - [2024-03-22T11:00:05.119+0000] {dag.py:3047} INFO - Sync 3 DAGs
[2024-03-22T11:00:05.135+0000] {logging_mixin.py:188} INFO - [2024-03-22T11:00:05.135+0000] {dag.py:3834} INFO - Setting next_dagrun for example_subdag_operator to 2022-01-01 00:00:00+00:00, run_after=2022-01-01 00:00:00+00:00
[2024-03-22T11:00:05.138+0000] {logging_mixin.py:188} INFO - [2024-03-22T11:00:05.138+0000] {dag.py:3834} INFO - Setting next_dagrun for example_subdag_operator.section-1 to None, run_after=None
[2024-03-22T11:00:05.139+0000] {logging_mixin.py:188} INFO - [2024-03-22T11:00:05.139+0000] {dag.py:3834} INFO - Setting next_dagrun for example_subdag_operator.section-2 to None, run_after=None
[2024-03-22T11:00:05.145+0000] {logging_mixin.py:188} INFO - [2024-03-22T11:00:05.144+0000] {dag.py:3047} INFO - Sync 2 DAGs
[2024-03-22T11:00:05.149+0000] {logging_mixin.py:188} INFO - [2024-03-22T11:00:05.149+0000] {dag.py:3834} INFO - Setting next_dagrun for example_subdag_operator.section-1 to None, run_after=None
[2024-03-22T11:00:05.150+0000] {logging_mixin.py:188} INFO - [2024-03-22T11:00:05.150+0000] {dag.py:3834} INFO - Setting next_dagrun for example_subdag_operator.section-2 to None, run_after=None
[2024-03-22T11:00:05.158+0000] {processor.py:183} INFO - Processing /home/airflow/.local/lib/python3.8/site-packages/airflow/example_dags/example_subdag_operator.py took 0.071 seconds
[2024-03-22T11:00:35.195+0000] {processor.py:161} INFO - Started process (PID=1179) to work on /home/airflow/.local/lib/python3.8/site-packages/airflow/example_dags/example_subdag_operator.py
[2024-03-22T11:00:35.196+0000] {processor.py:830} INFO - Processing file /home/airflow/.local/lib/python3.8/site-packages/airflow/example_dags/example_subdag_operator.py for tasks to queue
[2024-03-22T11:00:35.197+0000] {logging_mixin.py:188} INFO - [2024-03-22T11:00:35.197+0000] {dagbag.py:540} INFO - Filling up the DagBag from /home/airflow/.local/lib/python3.8/site-packages/airflow/example_dags/example_subdag_operator.py
[2024-03-22T11:00:35.216+0000] {processor.py:840} INFO - DAG(s) 'example_subdag_operator.section-1', 'example_subdag_operator.section-2', 'example_subdag_operator' retrieved from /home/airflow/.local/lib/python3.8/site-packages/airflow/example_dags/example_subdag_operator.py
[2024-03-22T11:00:35.227+0000] {logging_mixin.py:188} INFO - [2024-03-22T11:00:35.227+0000] {dag.py:3047} INFO - Sync 3 DAGs
[2024-03-22T11:00:35.242+0000] {logging_mixin.py:188} INFO - [2024-03-22T11:00:35.242+0000] {dag.py:3834} INFO - Setting next_dagrun for example_subdag_operator to 2022-01-01 00:00:00+00:00, run_after=2022-01-01 00:00:00+00:00
[2024-03-22T11:00:35.245+0000] {logging_mixin.py:188} INFO - [2024-03-22T11:00:35.245+0000] {dag.py:3834} INFO - Setting next_dagrun for example_subdag_operator.section-1 to None, run_after=None
[2024-03-22T11:00:35.246+0000] {logging_mixin.py:188} INFO - [2024-03-22T11:00:35.246+0000] {dag.py:3834} INFO - Setting next_dagrun for example_subdag_operator.section-2 to None, run_after=None
[2024-03-22T11:00:35.252+0000] {logging_mixin.py:188} INFO - [2024-03-22T11:00:35.252+0000] {dag.py:3047} INFO - Sync 2 DAGs
[2024-03-22T11:00:35.256+0000] {logging_mixin.py:188} INFO - [2024-03-22T11:00:35.256+0000] {dag.py:3834} INFO - Setting next_dagrun for example_subdag_operator.section-1 to None, run_after=None
[2024-03-22T11:00:35.257+0000] {logging_mixin.py:188} INFO - [2024-03-22T11:00:35.257+0000] {dag.py:3834} INFO - Setting next_dagrun for example_subdag_operator.section-2 to None, run_after=None
[2024-03-22T11:00:35.264+0000] {processor.py:183} INFO - Processing /home/airflow/.local/lib/python3.8/site-packages/airflow/example_dags/example_subdag_operator.py took 0.071 seconds
[2024-03-22T11:01:05.395+0000] {processor.py:161} INFO - Started process (PID=1234) to work on /home/airflow/.local/lib/python3.8/site-packages/airflow/example_dags/example_subdag_operator.py
[2024-03-22T11:01:05.396+0000] {processor.py:830} INFO - Processing file /home/airflow/.local/lib/python3.8/site-packages/airflow/example_dags/example_subdag_operator.py for tasks to queue
[2024-03-22T11:01:05.397+0000] {logging_mixin.py:188} INFO - [2024-03-22T11:01:05.397+0000] {dagbag.py:540} INFO - Filling up the DagBag from /home/airflow/.local/lib/python3.8/site-packages/airflow/example_dags/example_subdag_operator.py
[2024-03-22T11:01:05.414+0000] {processor.py:840} INFO - DAG(s) 'example_subdag_operator.section-1', 'example_subdag_operator.section-2', 'example_subdag_operator' retrieved from /home/airflow/.local/lib/python3.8/site-packages/airflow/example_dags/example_subdag_operator.py
[2024-03-22T11:01:05.428+0000] {logging_mixin.py:188} INFO - [2024-03-22T11:01:05.427+0000] {dag.py:3047} INFO - Sync 3 DAGs
[2024-03-22T11:01:05.443+0000] {logging_mixin.py:188} INFO - [2024-03-22T11:01:05.442+0000] {dag.py:3834} INFO - Setting next_dagrun for example_subdag_operator to 2022-01-01 00:00:00+00:00, run_after=2022-01-01 00:00:00+00:00
[2024-03-22T11:01:05.445+0000] {logging_mixin.py:188} INFO - [2024-03-22T11:01:05.445+0000] {dag.py:3834} INFO - Setting next_dagrun for example_subdag_operator.section-1 to None, run_after=None
[2024-03-22T11:01:05.446+0000] {logging_mixin.py:188} INFO - [2024-03-22T11:01:05.446+0000] {dag.py:3834} INFO - Setting next_dagrun for example_subdag_operator.section-2 to None, run_after=None
[2024-03-22T11:01:05.451+0000] {logging_mixin.py:188} INFO - [2024-03-22T11:01:05.451+0000] {dag.py:3047} INFO - Sync 2 DAGs
[2024-03-22T11:01:05.455+0000] {logging_mixin.py:188} INFO - [2024-03-22T11:01:05.455+0000] {dag.py:3834} INFO - Setting next_dagrun for example_subdag_operator.section-1 to None, run_after=None
[2024-03-22T11:01:05.456+0000] {logging_mixin.py:188} INFO - [2024-03-22T11:01:05.456+0000] {dag.py:3834} INFO - Setting next_dagrun for example_subdag_operator.section-2 to None, run_after=None
[2024-03-22T11:01:05.464+0000] {processor.py:183} INFO - Processing /home/airflow/.local/lib/python3.8/site-packages/airflow/example_dags/example_subdag_operator.py took 0.072 seconds
