[2024-03-22T10:50:26.517+0000] {processor.py:161} INFO - Started process (PID=73) to work on /home/airflow/.local/lib/python3.8/site-packages/airflow/example_dags/example_branch_python_dop_operator_3.py
[2024-03-22T10:50:26.518+0000] {processor.py:830} INFO - Processing file /home/airflow/.local/lib/python3.8/site-packages/airflow/example_dags/example_branch_python_dop_operator_3.py for tasks to queue
[2024-03-22T10:50:26.520+0000] {logging_mixin.py:188} INFO - [2024-03-22T10:50:26.520+0000] {dagbag.py:540} INFO - Filling up the DagBag from /home/airflow/.local/lib/python3.8/site-packages/airflow/example_dags/example_branch_python_dop_operator_3.py
[2024-03-22T10:50:26.533+0000] {processor.py:840} INFO - DAG(s) 'example_branch_dop_operator_v3' retrieved from /home/airflow/.local/lib/python3.8/site-packages/airflow/example_dags/example_branch_python_dop_operator_3.py
[2024-03-22T10:50:26.544+0000] {logging_mixin.py:188} INFO - [2024-03-22T10:50:26.544+0000] {dag.py:3047} INFO - Sync 1 DAGs
[2024-03-22T10:50:26.576+0000] {logging_mixin.py:188} INFO - [2024-03-22T10:50:26.576+0000] {dag.py:3834} INFO - Setting next_dagrun for example_branch_dop_operator_v3 to 2024-03-22 10:49:00+00:00, run_after=2024-03-22 10:50:00+00:00
[2024-03-22T10:50:26.594+0000] {processor.py:183} INFO - Processing /home/airflow/.local/lib/python3.8/site-packages/airflow/example_dags/example_branch_python_dop_operator_3.py took 0.081 seconds
[2024-03-22T10:50:58.804+0000] {processor.py:161} INFO - Started process (PID=127) to work on /home/airflow/.local/lib/python3.8/site-packages/airflow/example_dags/example_branch_python_dop_operator_3.py
[2024-03-22T10:50:58.805+0000] {processor.py:830} INFO - Processing file /home/airflow/.local/lib/python3.8/site-packages/airflow/example_dags/example_branch_python_dop_operator_3.py for tasks to queue
[2024-03-22T10:50:58.807+0000] {logging_mixin.py:188} INFO - [2024-03-22T10:50:58.806+0000] {dagbag.py:540} INFO - Filling up the DagBag from /home/airflow/.local/lib/python3.8/site-packages/airflow/example_dags/example_branch_python_dop_operator_3.py
[2024-03-22T10:50:58.817+0000] {processor.py:840} INFO - DAG(s) 'example_branch_dop_operator_v3' retrieved from /home/airflow/.local/lib/python3.8/site-packages/airflow/example_dags/example_branch_python_dop_operator_3.py
[2024-03-22T10:50:58.931+0000] {logging_mixin.py:188} INFO - [2024-03-22T10:50:58.930+0000] {dag.py:3047} INFO - Sync 1 DAGs
[2024-03-22T10:50:58.954+0000] {logging_mixin.py:188} INFO - [2024-03-22T10:50:58.954+0000] {dag.py:3834} INFO - Setting next_dagrun for example_branch_dop_operator_v3 to 2024-03-22 10:49:00+00:00, run_after=2024-03-22 10:50:00+00:00
[2024-03-22T10:50:58.979+0000] {processor.py:183} INFO - Processing /home/airflow/.local/lib/python3.8/site-packages/airflow/example_dags/example_branch_python_dop_operator_3.py took 0.179 seconds
[2024-03-22T10:51:29.076+0000] {processor.py:161} INFO - Started process (PID=182) to work on /home/airflow/.local/lib/python3.8/site-packages/airflow/example_dags/example_branch_python_dop_operator_3.py
[2024-03-22T10:51:29.077+0000] {processor.py:830} INFO - Processing file /home/airflow/.local/lib/python3.8/site-packages/airflow/example_dags/example_branch_python_dop_operator_3.py for tasks to queue
[2024-03-22T10:51:29.078+0000] {logging_mixin.py:188} INFO - [2024-03-22T10:51:29.078+0000] {dagbag.py:540} INFO - Filling up the DagBag from /home/airflow/.local/lib/python3.8/site-packages/airflow/example_dags/example_branch_python_dop_operator_3.py
[2024-03-22T10:51:29.085+0000] {processor.py:840} INFO - DAG(s) 'example_branch_dop_operator_v3' retrieved from /home/airflow/.local/lib/python3.8/site-packages/airflow/example_dags/example_branch_python_dop_operator_3.py
[2024-03-22T10:51:29.100+0000] {logging_mixin.py:188} INFO - [2024-03-22T10:51:29.100+0000] {dag.py:3047} INFO - Sync 1 DAGs
[2024-03-22T10:51:29.119+0000] {logging_mixin.py:188} INFO - [2024-03-22T10:51:29.119+0000] {dag.py:3834} INFO - Setting next_dagrun for example_branch_dop_operator_v3 to 2024-03-22 10:50:00+00:00, run_after=2024-03-22 10:51:00+00:00
[2024-03-22T10:51:29.134+0000] {processor.py:183} INFO - Processing /home/airflow/.local/lib/python3.8/site-packages/airflow/example_dags/example_branch_python_dop_operator_3.py took 0.061 seconds
[2024-03-22T10:51:59.291+0000] {processor.py:161} INFO - Started process (PID=237) to work on /home/airflow/.local/lib/python3.8/site-packages/airflow/example_dags/example_branch_python_dop_operator_3.py
[2024-03-22T10:51:59.292+0000] {processor.py:830} INFO - Processing file /home/airflow/.local/lib/python3.8/site-packages/airflow/example_dags/example_branch_python_dop_operator_3.py for tasks to queue
[2024-03-22T10:51:59.293+0000] {logging_mixin.py:188} INFO - [2024-03-22T10:51:59.293+0000] {dagbag.py:540} INFO - Filling up the DagBag from /home/airflow/.local/lib/python3.8/site-packages/airflow/example_dags/example_branch_python_dop_operator_3.py
[2024-03-22T10:51:59.300+0000] {processor.py:840} INFO - DAG(s) 'example_branch_dop_operator_v3' retrieved from /home/airflow/.local/lib/python3.8/site-packages/airflow/example_dags/example_branch_python_dop_operator_3.py
[2024-03-22T10:51:59.319+0000] {logging_mixin.py:188} INFO - [2024-03-22T10:51:59.318+0000] {dag.py:3047} INFO - Sync 1 DAGs
[2024-03-22T10:51:59.339+0000] {logging_mixin.py:188} INFO - [2024-03-22T10:51:59.339+0000] {dag.py:3834} INFO - Setting next_dagrun for example_branch_dop_operator_v3 to 2024-03-22 10:50:00+00:00, run_after=2024-03-22 10:51:00+00:00
[2024-03-22T10:51:59.363+0000] {processor.py:183} INFO - Processing /home/airflow/.local/lib/python3.8/site-packages/airflow/example_dags/example_branch_python_dop_operator_3.py took 0.074 seconds
[2024-03-22T10:52:29.572+0000] {processor.py:161} INFO - Started process (PID=292) to work on /home/airflow/.local/lib/python3.8/site-packages/airflow/example_dags/example_branch_python_dop_operator_3.py
[2024-03-22T10:52:29.573+0000] {processor.py:830} INFO - Processing file /home/airflow/.local/lib/python3.8/site-packages/airflow/example_dags/example_branch_python_dop_operator_3.py for tasks to queue
[2024-03-22T10:52:29.575+0000] {logging_mixin.py:188} INFO - [2024-03-22T10:52:29.574+0000] {dagbag.py:540} INFO - Filling up the DagBag from /home/airflow/.local/lib/python3.8/site-packages/airflow/example_dags/example_branch_python_dop_operator_3.py
[2024-03-22T10:52:29.583+0000] {processor.py:840} INFO - DAG(s) 'example_branch_dop_operator_v3' retrieved from /home/airflow/.local/lib/python3.8/site-packages/airflow/example_dags/example_branch_python_dop_operator_3.py
[2024-03-22T10:52:29.599+0000] {logging_mixin.py:188} INFO - [2024-03-22T10:52:29.598+0000] {dag.py:3047} INFO - Sync 1 DAGs
[2024-03-22T10:52:29.618+0000] {logging_mixin.py:188} INFO - [2024-03-22T10:52:29.617+0000] {dag.py:3834} INFO - Setting next_dagrun for example_branch_dop_operator_v3 to 2024-03-22 10:51:00+00:00, run_after=2024-03-22 10:52:00+00:00
[2024-03-22T10:52:29.643+0000] {processor.py:183} INFO - Processing /home/airflow/.local/lib/python3.8/site-packages/airflow/example_dags/example_branch_python_dop_operator_3.py took 0.074 seconds
[2024-03-22T10:52:59.872+0000] {processor.py:161} INFO - Started process (PID=347) to work on /home/airflow/.local/lib/python3.8/site-packages/airflow/example_dags/example_branch_python_dop_operator_3.py
[2024-03-22T10:52:59.872+0000] {processor.py:830} INFO - Processing file /home/airflow/.local/lib/python3.8/site-packages/airflow/example_dags/example_branch_python_dop_operator_3.py for tasks to queue
[2024-03-22T10:52:59.874+0000] {logging_mixin.py:188} INFO - [2024-03-22T10:52:59.873+0000] {dagbag.py:540} INFO - Filling up the DagBag from /home/airflow/.local/lib/python3.8/site-packages/airflow/example_dags/example_branch_python_dop_operator_3.py
[2024-03-22T10:52:59.880+0000] {processor.py:840} INFO - DAG(s) 'example_branch_dop_operator_v3' retrieved from /home/airflow/.local/lib/python3.8/site-packages/airflow/example_dags/example_branch_python_dop_operator_3.py
[2024-03-22T10:52:59.893+0000] {logging_mixin.py:188} INFO - [2024-03-22T10:52:59.892+0000] {dag.py:3047} INFO - Sync 1 DAGs
[2024-03-22T10:52:59.909+0000] {logging_mixin.py:188} INFO - [2024-03-22T10:52:59.909+0000] {dag.py:3834} INFO - Setting next_dagrun for example_branch_dop_operator_v3 to 2024-03-22 10:51:00+00:00, run_after=2024-03-22 10:52:00+00:00
[2024-03-22T10:52:59.925+0000] {processor.py:183} INFO - Processing /home/airflow/.local/lib/python3.8/site-packages/airflow/example_dags/example_branch_python_dop_operator_3.py took 0.056 seconds
[2024-03-22T10:53:30.067+0000] {processor.py:161} INFO - Started process (PID=402) to work on /home/airflow/.local/lib/python3.8/site-packages/airflow/example_dags/example_branch_python_dop_operator_3.py
[2024-03-22T10:53:30.068+0000] {processor.py:830} INFO - Processing file /home/airflow/.local/lib/python3.8/site-packages/airflow/example_dags/example_branch_python_dop_operator_3.py for tasks to queue
[2024-03-22T10:53:30.069+0000] {logging_mixin.py:188} INFO - [2024-03-22T10:53:30.069+0000] {dagbag.py:540} INFO - Filling up the DagBag from /home/airflow/.local/lib/python3.8/site-packages/airflow/example_dags/example_branch_python_dop_operator_3.py
[2024-03-22T10:53:30.077+0000] {processor.py:840} INFO - DAG(s) 'example_branch_dop_operator_v3' retrieved from /home/airflow/.local/lib/python3.8/site-packages/airflow/example_dags/example_branch_python_dop_operator_3.py
[2024-03-22T10:53:30.092+0000] {logging_mixin.py:188} INFO - [2024-03-22T10:53:30.092+0000] {dag.py:3047} INFO - Sync 1 DAGs
[2024-03-22T10:53:30.120+0000] {logging_mixin.py:188} INFO - [2024-03-22T10:53:30.120+0000] {dag.py:3834} INFO - Setting next_dagrun for example_branch_dop_operator_v3 to 2024-03-22 10:52:00+00:00, run_after=2024-03-22 10:53:00+00:00
[2024-03-22T10:53:30.138+0000] {processor.py:183} INFO - Processing /home/airflow/.local/lib/python3.8/site-packages/airflow/example_dags/example_branch_python_dop_operator_3.py took 0.074 seconds
[2024-03-22T10:54:00.288+0000] {processor.py:161} INFO - Started process (PID=457) to work on /home/airflow/.local/lib/python3.8/site-packages/airflow/example_dags/example_branch_python_dop_operator_3.py
[2024-03-22T10:54:00.288+0000] {processor.py:830} INFO - Processing file /home/airflow/.local/lib/python3.8/site-packages/airflow/example_dags/example_branch_python_dop_operator_3.py for tasks to queue
[2024-03-22T10:54:00.290+0000] {logging_mixin.py:188} INFO - [2024-03-22T10:54:00.290+0000] {dagbag.py:540} INFO - Filling up the DagBag from /home/airflow/.local/lib/python3.8/site-packages/airflow/example_dags/example_branch_python_dop_operator_3.py
[2024-03-22T10:54:00.296+0000] {processor.py:840} INFO - DAG(s) 'example_branch_dop_operator_v3' retrieved from /home/airflow/.local/lib/python3.8/site-packages/airflow/example_dags/example_branch_python_dop_operator_3.py
[2024-03-22T10:54:00.311+0000] {logging_mixin.py:188} INFO - [2024-03-22T10:54:00.311+0000] {dag.py:3047} INFO - Sync 1 DAGs
[2024-03-22T10:54:00.332+0000] {logging_mixin.py:188} INFO - [2024-03-22T10:54:00.331+0000] {dag.py:3834} INFO - Setting next_dagrun for example_branch_dop_operator_v3 to 2024-03-22 10:53:00+00:00, run_after=2024-03-22 10:54:00+00:00
[2024-03-22T10:54:00.350+0000] {processor.py:183} INFO - Processing /home/airflow/.local/lib/python3.8/site-packages/airflow/example_dags/example_branch_python_dop_operator_3.py took 0.065 seconds
[2024-03-22T10:54:30.526+0000] {processor.py:161} INFO - Started process (PID=512) to work on /home/airflow/.local/lib/python3.8/site-packages/airflow/example_dags/example_branch_python_dop_operator_3.py
[2024-03-22T10:54:30.527+0000] {processor.py:830} INFO - Processing file /home/airflow/.local/lib/python3.8/site-packages/airflow/example_dags/example_branch_python_dop_operator_3.py for tasks to queue
[2024-03-22T10:54:30.529+0000] {logging_mixin.py:188} INFO - [2024-03-22T10:54:30.528+0000] {dagbag.py:540} INFO - Filling up the DagBag from /home/airflow/.local/lib/python3.8/site-packages/airflow/example_dags/example_branch_python_dop_operator_3.py
[2024-03-22T10:54:30.535+0000] {processor.py:840} INFO - DAG(s) 'example_branch_dop_operator_v3' retrieved from /home/airflow/.local/lib/python3.8/site-packages/airflow/example_dags/example_branch_python_dop_operator_3.py
[2024-03-22T10:54:30.550+0000] {logging_mixin.py:188} INFO - [2024-03-22T10:54:30.550+0000] {dag.py:3047} INFO - Sync 1 DAGs
[2024-03-22T10:54:30.575+0000] {logging_mixin.py:188} INFO - [2024-03-22T10:54:30.575+0000] {dag.py:3834} INFO - Setting next_dagrun for example_branch_dop_operator_v3 to 2024-03-22 10:53:00+00:00, run_after=2024-03-22 10:54:00+00:00
[2024-03-22T10:54:30.593+0000] {processor.py:183} INFO - Processing /home/airflow/.local/lib/python3.8/site-packages/airflow/example_dags/example_branch_python_dop_operator_3.py took 0.070 seconds
[2024-03-22T10:55:00.769+0000] {processor.py:161} INFO - Started process (PID=567) to work on /home/airflow/.local/lib/python3.8/site-packages/airflow/example_dags/example_branch_python_dop_operator_3.py
[2024-03-22T10:55:00.770+0000] {processor.py:830} INFO - Processing file /home/airflow/.local/lib/python3.8/site-packages/airflow/example_dags/example_branch_python_dop_operator_3.py for tasks to queue
[2024-03-22T10:55:00.771+0000] {logging_mixin.py:188} INFO - [2024-03-22T10:55:00.771+0000] {dagbag.py:540} INFO - Filling up the DagBag from /home/airflow/.local/lib/python3.8/site-packages/airflow/example_dags/example_branch_python_dop_operator_3.py
[2024-03-22T10:55:00.777+0000] {processor.py:840} INFO - DAG(s) 'example_branch_dop_operator_v3' retrieved from /home/airflow/.local/lib/python3.8/site-packages/airflow/example_dags/example_branch_python_dop_operator_3.py
[2024-03-22T10:55:00.792+0000] {logging_mixin.py:188} INFO - [2024-03-22T10:55:00.792+0000] {dag.py:3047} INFO - Sync 1 DAGs
[2024-03-22T10:55:00.817+0000] {logging_mixin.py:188} INFO - [2024-03-22T10:55:00.816+0000] {dag.py:3834} INFO - Setting next_dagrun for example_branch_dop_operator_v3 to 2024-03-22 10:54:00+00:00, run_after=2024-03-22 10:55:00+00:00
[2024-03-22T10:55:00.830+0000] {processor.py:183} INFO - Processing /home/airflow/.local/lib/python3.8/site-packages/airflow/example_dags/example_branch_python_dop_operator_3.py took 0.064 seconds
[2024-03-22T10:55:31.037+0000] {processor.py:161} INFO - Started process (PID=622) to work on /home/airflow/.local/lib/python3.8/site-packages/airflow/example_dags/example_branch_python_dop_operator_3.py
[2024-03-22T10:55:31.038+0000] {processor.py:830} INFO - Processing file /home/airflow/.local/lib/python3.8/site-packages/airflow/example_dags/example_branch_python_dop_operator_3.py for tasks to queue
[2024-03-22T10:55:31.040+0000] {logging_mixin.py:188} INFO - [2024-03-22T10:55:31.039+0000] {dagbag.py:540} INFO - Filling up the DagBag from /home/airflow/.local/lib/python3.8/site-packages/airflow/example_dags/example_branch_python_dop_operator_3.py
[2024-03-22T10:55:31.046+0000] {processor.py:840} INFO - DAG(s) 'example_branch_dop_operator_v3' retrieved from /home/airflow/.local/lib/python3.8/site-packages/airflow/example_dags/example_branch_python_dop_operator_3.py
[2024-03-22T10:55:31.063+0000] {logging_mixin.py:188} INFO - [2024-03-22T10:55:31.063+0000] {dag.py:3047} INFO - Sync 1 DAGs
[2024-03-22T10:55:31.093+0000] {logging_mixin.py:188} INFO - [2024-03-22T10:55:31.093+0000] {dag.py:3834} INFO - Setting next_dagrun for example_branch_dop_operator_v3 to 2024-03-22 10:54:00+00:00, run_after=2024-03-22 10:55:00+00:00
[2024-03-22T10:55:31.108+0000] {processor.py:183} INFO - Processing /home/airflow/.local/lib/python3.8/site-packages/airflow/example_dags/example_branch_python_dop_operator_3.py took 0.074 seconds
[2024-03-22T10:56:01.490+0000] {processor.py:161} INFO - Started process (PID=677) to work on /home/airflow/.local/lib/python3.8/site-packages/airflow/example_dags/example_branch_python_dop_operator_3.py
[2024-03-22T10:56:01.490+0000] {processor.py:830} INFO - Processing file /home/airflow/.local/lib/python3.8/site-packages/airflow/example_dags/example_branch_python_dop_operator_3.py for tasks to queue
[2024-03-22T10:56:01.492+0000] {logging_mixin.py:188} INFO - [2024-03-22T10:56:01.491+0000] {dagbag.py:540} INFO - Filling up the DagBag from /home/airflow/.local/lib/python3.8/site-packages/airflow/example_dags/example_branch_python_dop_operator_3.py
[2024-03-22T10:56:01.498+0000] {processor.py:840} INFO - DAG(s) 'example_branch_dop_operator_v3' retrieved from /home/airflow/.local/lib/python3.8/site-packages/airflow/example_dags/example_branch_python_dop_operator_3.py
[2024-03-22T10:56:01.511+0000] {logging_mixin.py:188} INFO - [2024-03-22T10:56:01.511+0000] {dag.py:3047} INFO - Sync 1 DAGs
[2024-03-22T10:56:01.529+0000] {logging_mixin.py:188} INFO - [2024-03-22T10:56:01.528+0000] {dag.py:3834} INFO - Setting next_dagrun for example_branch_dop_operator_v3 to 2024-03-22 10:55:00+00:00, run_after=2024-03-22 10:56:00+00:00
[2024-03-22T10:56:01.543+0000] {processor.py:183} INFO - Processing /home/airflow/.local/lib/python3.8/site-packages/airflow/example_dags/example_branch_python_dop_operator_3.py took 0.055 seconds
[2024-03-22T10:56:31.689+0000] {processor.py:161} INFO - Started process (PID=732) to work on /home/airflow/.local/lib/python3.8/site-packages/airflow/example_dags/example_branch_python_dop_operator_3.py
[2024-03-22T10:56:31.690+0000] {processor.py:830} INFO - Processing file /home/airflow/.local/lib/python3.8/site-packages/airflow/example_dags/example_branch_python_dop_operator_3.py for tasks to queue
[2024-03-22T10:56:31.691+0000] {logging_mixin.py:188} INFO - [2024-03-22T10:56:31.691+0000] {dagbag.py:540} INFO - Filling up the DagBag from /home/airflow/.local/lib/python3.8/site-packages/airflow/example_dags/example_branch_python_dop_operator_3.py
[2024-03-22T10:56:31.698+0000] {processor.py:840} INFO - DAG(s) 'example_branch_dop_operator_v3' retrieved from /home/airflow/.local/lib/python3.8/site-packages/airflow/example_dags/example_branch_python_dop_operator_3.py
[2024-03-22T10:56:31.712+0000] {logging_mixin.py:188} INFO - [2024-03-22T10:56:31.712+0000] {dag.py:3047} INFO - Sync 1 DAGs
[2024-03-22T10:56:31.731+0000] {logging_mixin.py:188} INFO - [2024-03-22T10:56:31.731+0000] {dag.py:3834} INFO - Setting next_dagrun for example_branch_dop_operator_v3 to 2024-03-22 10:55:00+00:00, run_after=2024-03-22 10:56:00+00:00
[2024-03-22T10:56:31.754+0000] {processor.py:183} INFO - Processing /home/airflow/.local/lib/python3.8/site-packages/airflow/example_dags/example_branch_python_dop_operator_3.py took 0.067 seconds
[2024-03-22T10:57:01.806+0000] {processor.py:161} INFO - Started process (PID=787) to work on /home/airflow/.local/lib/python3.8/site-packages/airflow/example_dags/example_branch_python_dop_operator_3.py
[2024-03-22T10:57:01.807+0000] {processor.py:830} INFO - Processing file /home/airflow/.local/lib/python3.8/site-packages/airflow/example_dags/example_branch_python_dop_operator_3.py for tasks to queue
[2024-03-22T10:57:01.808+0000] {logging_mixin.py:188} INFO - [2024-03-22T10:57:01.808+0000] {dagbag.py:540} INFO - Filling up the DagBag from /home/airflow/.local/lib/python3.8/site-packages/airflow/example_dags/example_branch_python_dop_operator_3.py
[2024-03-22T10:57:01.815+0000] {processor.py:840} INFO - DAG(s) 'example_branch_dop_operator_v3' retrieved from /home/airflow/.local/lib/python3.8/site-packages/airflow/example_dags/example_branch_python_dop_operator_3.py
[2024-03-22T10:57:01.834+0000] {logging_mixin.py:188} INFO - [2024-03-22T10:57:01.834+0000] {dag.py:3047} INFO - Sync 1 DAGs
[2024-03-22T10:57:01.857+0000] {logging_mixin.py:188} INFO - [2024-03-22T10:57:01.857+0000] {dag.py:3834} INFO - Setting next_dagrun for example_branch_dop_operator_v3 to 2024-03-22 10:56:00+00:00, run_after=2024-03-22 10:57:00+00:00
[2024-03-22T10:57:01.874+0000] {processor.py:183} INFO - Processing /home/airflow/.local/lib/python3.8/site-packages/airflow/example_dags/example_branch_python_dop_operator_3.py took 0.070 seconds
[2024-03-22T10:57:31.973+0000] {processor.py:161} INFO - Started process (PID=842) to work on /home/airflow/.local/lib/python3.8/site-packages/airflow/example_dags/example_branch_python_dop_operator_3.py
[2024-03-22T10:57:31.974+0000] {processor.py:830} INFO - Processing file /home/airflow/.local/lib/python3.8/site-packages/airflow/example_dags/example_branch_python_dop_operator_3.py for tasks to queue
[2024-03-22T10:57:31.976+0000] {logging_mixin.py:188} INFO - [2024-03-22T10:57:31.975+0000] {dagbag.py:540} INFO - Filling up the DagBag from /home/airflow/.local/lib/python3.8/site-packages/airflow/example_dags/example_branch_python_dop_operator_3.py
[2024-03-22T10:57:31.982+0000] {processor.py:840} INFO - DAG(s) 'example_branch_dop_operator_v3' retrieved from /home/airflow/.local/lib/python3.8/site-packages/airflow/example_dags/example_branch_python_dop_operator_3.py
[2024-03-22T10:57:31.997+0000] {logging_mixin.py:188} INFO - [2024-03-22T10:57:31.997+0000] {dag.py:3047} INFO - Sync 1 DAGs
[2024-03-22T10:57:32.015+0000] {logging_mixin.py:188} INFO - [2024-03-22T10:57:32.014+0000] {dag.py:3834} INFO - Setting next_dagrun for example_branch_dop_operator_v3 to 2024-03-22 10:56:00+00:00, run_after=2024-03-22 10:57:00+00:00
[2024-03-22T10:57:32.037+0000] {processor.py:183} INFO - Processing /home/airflow/.local/lib/python3.8/site-packages/airflow/example_dags/example_branch_python_dop_operator_3.py took 0.066 seconds
[2024-03-22T10:58:02.162+0000] {processor.py:161} INFO - Started process (PID=897) to work on /home/airflow/.local/lib/python3.8/site-packages/airflow/example_dags/example_branch_python_dop_operator_3.py
[2024-03-22T10:58:02.163+0000] {processor.py:830} INFO - Processing file /home/airflow/.local/lib/python3.8/site-packages/airflow/example_dags/example_branch_python_dop_operator_3.py for tasks to queue
[2024-03-22T10:58:02.164+0000] {logging_mixin.py:188} INFO - [2024-03-22T10:58:02.164+0000] {dagbag.py:540} INFO - Filling up the DagBag from /home/airflow/.local/lib/python3.8/site-packages/airflow/example_dags/example_branch_python_dop_operator_3.py
[2024-03-22T10:58:02.170+0000] {processor.py:840} INFO - DAG(s) 'example_branch_dop_operator_v3' retrieved from /home/airflow/.local/lib/python3.8/site-packages/airflow/example_dags/example_branch_python_dop_operator_3.py
[2024-03-22T10:58:02.186+0000] {logging_mixin.py:188} INFO - [2024-03-22T10:58:02.186+0000] {dag.py:3047} INFO - Sync 1 DAGs
[2024-03-22T10:58:02.206+0000] {logging_mixin.py:188} INFO - [2024-03-22T10:58:02.205+0000] {dag.py:3834} INFO - Setting next_dagrun for example_branch_dop_operator_v3 to 2024-03-22 10:57:00+00:00, run_after=2024-03-22 10:58:00+00:00
[2024-03-22T10:58:02.219+0000] {processor.py:183} INFO - Processing /home/airflow/.local/lib/python3.8/site-packages/airflow/example_dags/example_branch_python_dop_operator_3.py took 0.059 seconds
[2024-03-22T10:58:32.350+0000] {processor.py:161} INFO - Started process (PID=952) to work on /home/airflow/.local/lib/python3.8/site-packages/airflow/example_dags/example_branch_python_dop_operator_3.py
[2024-03-22T10:58:32.351+0000] {processor.py:830} INFO - Processing file /home/airflow/.local/lib/python3.8/site-packages/airflow/example_dags/example_branch_python_dop_operator_3.py for tasks to queue
[2024-03-22T10:58:32.353+0000] {logging_mixin.py:188} INFO - [2024-03-22T10:58:32.353+0000] {dagbag.py:540} INFO - Filling up the DagBag from /home/airflow/.local/lib/python3.8/site-packages/airflow/example_dags/example_branch_python_dop_operator_3.py
[2024-03-22T10:58:32.361+0000] {processor.py:840} INFO - DAG(s) 'example_branch_dop_operator_v3' retrieved from /home/airflow/.local/lib/python3.8/site-packages/airflow/example_dags/example_branch_python_dop_operator_3.py
[2024-03-22T10:58:32.377+0000] {logging_mixin.py:188} INFO - [2024-03-22T10:58:32.376+0000] {dag.py:3047} INFO - Sync 1 DAGs
[2024-03-22T10:58:32.398+0000] {logging_mixin.py:188} INFO - [2024-03-22T10:58:32.398+0000] {dag.py:3834} INFO - Setting next_dagrun for example_branch_dop_operator_v3 to 2024-03-22 10:57:00+00:00, run_after=2024-03-22 10:58:00+00:00
[2024-03-22T10:58:32.414+0000] {processor.py:183} INFO - Processing /home/airflow/.local/lib/python3.8/site-packages/airflow/example_dags/example_branch_python_dop_operator_3.py took 0.066 seconds
[2024-03-22T10:59:02.492+0000] {processor.py:161} INFO - Started process (PID=1007) to work on /home/airflow/.local/lib/python3.8/site-packages/airflow/example_dags/example_branch_python_dop_operator_3.py
[2024-03-22T10:59:02.493+0000] {processor.py:830} INFO - Processing file /home/airflow/.local/lib/python3.8/site-packages/airflow/example_dags/example_branch_python_dop_operator_3.py for tasks to queue
[2024-03-22T10:59:02.495+0000] {logging_mixin.py:188} INFO - [2024-03-22T10:59:02.494+0000] {dagbag.py:540} INFO - Filling up the DagBag from /home/airflow/.local/lib/python3.8/site-packages/airflow/example_dags/example_branch_python_dop_operator_3.py
[2024-03-22T10:59:02.501+0000] {processor.py:840} INFO - DAG(s) 'example_branch_dop_operator_v3' retrieved from /home/airflow/.local/lib/python3.8/site-packages/airflow/example_dags/example_branch_python_dop_operator_3.py
[2024-03-22T10:59:02.516+0000] {logging_mixin.py:188} INFO - [2024-03-22T10:59:02.516+0000] {dag.py:3047} INFO - Sync 1 DAGs
[2024-03-22T10:59:02.541+0000] {logging_mixin.py:188} INFO - [2024-03-22T10:59:02.541+0000] {dag.py:3834} INFO - Setting next_dagrun for example_branch_dop_operator_v3 to 2024-03-22 10:58:00+00:00, run_after=2024-03-22 10:59:00+00:00
[2024-03-22T10:59:02.555+0000] {processor.py:183} INFO - Processing /home/airflow/.local/lib/python3.8/site-packages/airflow/example_dags/example_branch_python_dop_operator_3.py took 0.065 seconds
[2024-03-22T10:59:32.654+0000] {processor.py:161} INFO - Started process (PID=1062) to work on /home/airflow/.local/lib/python3.8/site-packages/airflow/example_dags/example_branch_python_dop_operator_3.py
[2024-03-22T10:59:32.655+0000] {processor.py:830} INFO - Processing file /home/airflow/.local/lib/python3.8/site-packages/airflow/example_dags/example_branch_python_dop_operator_3.py for tasks to queue
[2024-03-22T10:59:32.657+0000] {logging_mixin.py:188} INFO - [2024-03-22T10:59:32.656+0000] {dagbag.py:540} INFO - Filling up the DagBag from /home/airflow/.local/lib/python3.8/site-packages/airflow/example_dags/example_branch_python_dop_operator_3.py
[2024-03-22T10:59:32.663+0000] {processor.py:840} INFO - DAG(s) 'example_branch_dop_operator_v3' retrieved from /home/airflow/.local/lib/python3.8/site-packages/airflow/example_dags/example_branch_python_dop_operator_3.py
[2024-03-22T10:59:32.678+0000] {logging_mixin.py:188} INFO - [2024-03-22T10:59:32.678+0000] {dag.py:3047} INFO - Sync 1 DAGs
[2024-03-22T10:59:32.696+0000] {logging_mixin.py:188} INFO - [2024-03-22T10:59:32.696+0000] {dag.py:3834} INFO - Setting next_dagrun for example_branch_dop_operator_v3 to 2024-03-22 10:58:00+00:00, run_after=2024-03-22 10:59:00+00:00
[2024-03-22T10:59:32.709+0000] {processor.py:183} INFO - Processing /home/airflow/.local/lib/python3.8/site-packages/airflow/example_dags/example_branch_python_dop_operator_3.py took 0.057 seconds
[2024-03-22T11:00:02.799+0000] {processor.py:161} INFO - Started process (PID=1117) to work on /home/airflow/.local/lib/python3.8/site-packages/airflow/example_dags/example_branch_python_dop_operator_3.py
[2024-03-22T11:00:02.800+0000] {processor.py:830} INFO - Processing file /home/airflow/.local/lib/python3.8/site-packages/airflow/example_dags/example_branch_python_dop_operator_3.py for tasks to queue
[2024-03-22T11:00:02.802+0000] {logging_mixin.py:188} INFO - [2024-03-22T11:00:02.801+0000] {dagbag.py:540} INFO - Filling up the DagBag from /home/airflow/.local/lib/python3.8/site-packages/airflow/example_dags/example_branch_python_dop_operator_3.py
[2024-03-22T11:00:02.808+0000] {processor.py:840} INFO - DAG(s) 'example_branch_dop_operator_v3' retrieved from /home/airflow/.local/lib/python3.8/site-packages/airflow/example_dags/example_branch_python_dop_operator_3.py
[2024-03-22T11:00:02.822+0000] {logging_mixin.py:188} INFO - [2024-03-22T11:00:02.822+0000] {dag.py:3047} INFO - Sync 1 DAGs
[2024-03-22T11:00:02.843+0000] {logging_mixin.py:188} INFO - [2024-03-22T11:00:02.843+0000] {dag.py:3834} INFO - Setting next_dagrun for example_branch_dop_operator_v3 to 2024-03-22 10:59:00+00:00, run_after=2024-03-22 11:00:00+00:00
[2024-03-22T11:00:02.857+0000] {processor.py:183} INFO - Processing /home/airflow/.local/lib/python3.8/site-packages/airflow/example_dags/example_branch_python_dop_operator_3.py took 0.061 seconds
[2024-03-22T11:00:32.976+0000] {processor.py:161} INFO - Started process (PID=1172) to work on /home/airflow/.local/lib/python3.8/site-packages/airflow/example_dags/example_branch_python_dop_operator_3.py
[2024-03-22T11:00:32.977+0000] {processor.py:830} INFO - Processing file /home/airflow/.local/lib/python3.8/site-packages/airflow/example_dags/example_branch_python_dop_operator_3.py for tasks to queue
[2024-03-22T11:00:32.979+0000] {logging_mixin.py:188} INFO - [2024-03-22T11:00:32.978+0000] {dagbag.py:540} INFO - Filling up the DagBag from /home/airflow/.local/lib/python3.8/site-packages/airflow/example_dags/example_branch_python_dop_operator_3.py
[2024-03-22T11:00:32.985+0000] {processor.py:840} INFO - DAG(s) 'example_branch_dop_operator_v3' retrieved from /home/airflow/.local/lib/python3.8/site-packages/airflow/example_dags/example_branch_python_dop_operator_3.py
[2024-03-22T11:00:32.998+0000] {logging_mixin.py:188} INFO - [2024-03-22T11:00:32.997+0000] {dag.py:3047} INFO - Sync 1 DAGs
[2024-03-22T11:00:33.017+0000] {logging_mixin.py:188} INFO - [2024-03-22T11:00:33.017+0000] {dag.py:3834} INFO - Setting next_dagrun for example_branch_dop_operator_v3 to 2024-03-22 10:59:00+00:00, run_after=2024-03-22 11:00:00+00:00
[2024-03-22T11:00:33.030+0000] {processor.py:183} INFO - Processing /home/airflow/.local/lib/python3.8/site-packages/airflow/example_dags/example_branch_python_dop_operator_3.py took 0.056 seconds
[2024-03-22T11:01:04.147+0000] {processor.py:161} INFO - Started process (PID=1227) to work on /home/airflow/.local/lib/python3.8/site-packages/airflow/example_dags/example_branch_python_dop_operator_3.py
[2024-03-22T11:01:04.147+0000] {processor.py:830} INFO - Processing file /home/airflow/.local/lib/python3.8/site-packages/airflow/example_dags/example_branch_python_dop_operator_3.py for tasks to queue
[2024-03-22T11:01:04.149+0000] {logging_mixin.py:188} INFO - [2024-03-22T11:01:04.148+0000] {dagbag.py:540} INFO - Filling up the DagBag from /home/airflow/.local/lib/python3.8/site-packages/airflow/example_dags/example_branch_python_dop_operator_3.py
[2024-03-22T11:01:04.155+0000] {processor.py:840} INFO - DAG(s) 'example_branch_dop_operator_v3' retrieved from /home/airflow/.local/lib/python3.8/site-packages/airflow/example_dags/example_branch_python_dop_operator_3.py
[2024-03-22T11:01:04.168+0000] {logging_mixin.py:188} INFO - [2024-03-22T11:01:04.168+0000] {dag.py:3047} INFO - Sync 1 DAGs
[2024-03-22T11:01:04.185+0000] {logging_mixin.py:188} INFO - [2024-03-22T11:01:04.184+0000] {dag.py:3834} INFO - Setting next_dagrun for example_branch_dop_operator_v3 to 2024-03-22 11:00:00+00:00, run_after=2024-03-22 11:01:00+00:00
[2024-03-22T11:01:04.206+0000] {processor.py:183} INFO - Processing /home/airflow/.local/lib/python3.8/site-packages/airflow/example_dags/example_branch_python_dop_operator_3.py took 0.061 seconds
