[2024-03-22T10:50:26.183+0000] {processor.py:161} INFO - Started process (PID=65) to work on /home/airflow/.local/lib/python3.8/site-packages/airflow/example_dags/example_python_operator.py
[2024-03-22T10:50:26.185+0000] {processor.py:830} INFO - Processing file /home/airflow/.local/lib/python3.8/site-packages/airflow/example_dags/example_python_operator.py for tasks to queue
[2024-03-22T10:50:26.187+0000] {logging_mixin.py:188} INFO - [2024-03-22T10:50:26.187+0000] {dagbag.py:540} INFO - Filling up the DagBag from /home/airflow/.local/lib/python3.8/site-packages/airflow/example_dags/example_python_operator.py
[2024-03-22T10:50:26.201+0000] {processor.py:840} INFO - DAG(s) 'example_python_operator' retrieved from /home/airflow/.local/lib/python3.8/site-packages/airflow/example_dags/example_python_operator.py
[2024-03-22T10:50:26.211+0000] {logging_mixin.py:188} INFO - [2024-03-22T10:50:26.211+0000] {dag.py:3047} INFO - Sync 1 DAGs
[2024-03-22T10:50:26.221+0000] {logging_mixin.py:188} INFO - [2024-03-22T10:50:26.221+0000] {dag.py:3834} INFO - Setting next_dagrun for example_python_operator to None, run_after=None
[2024-03-22T10:50:26.237+0000] {processor.py:183} INFO - Processing /home/airflow/.local/lib/python3.8/site-packages/airflow/example_dags/example_python_operator.py took 0.058 seconds
[2024-03-22T10:50:57.684+0000] {processor.py:161} INFO - Started process (PID=119) to work on /home/airflow/.local/lib/python3.8/site-packages/airflow/example_dags/example_python_operator.py
[2024-03-22T10:50:57.686+0000] {processor.py:830} INFO - Processing file /home/airflow/.local/lib/python3.8/site-packages/airflow/example_dags/example_python_operator.py for tasks to queue
[2024-03-22T10:50:57.688+0000] {logging_mixin.py:188} INFO - [2024-03-22T10:50:57.687+0000] {dagbag.py:540} INFO - Filling up the DagBag from /home/airflow/.local/lib/python3.8/site-packages/airflow/example_dags/example_python_operator.py
[2024-03-22T10:50:57.698+0000] {processor.py:840} INFO - DAG(s) 'example_python_operator' retrieved from /home/airflow/.local/lib/python3.8/site-packages/airflow/example_dags/example_python_operator.py
[2024-03-22T10:50:57.787+0000] {logging_mixin.py:188} INFO - [2024-03-22T10:50:57.787+0000] {dag.py:3047} INFO - Sync 1 DAGs
[2024-03-22T10:50:57.797+0000] {logging_mixin.py:188} INFO - [2024-03-22T10:50:57.796+0000] {dag.py:3834} INFO - Setting next_dagrun for example_python_operator to None, run_after=None
[2024-03-22T10:50:57.815+0000] {processor.py:183} INFO - Processing /home/airflow/.local/lib/python3.8/site-packages/airflow/example_dags/example_python_operator.py took 0.134 seconds
[2024-03-22T10:51:28.743+0000] {processor.py:161} INFO - Started process (PID=174) to work on /home/airflow/.local/lib/python3.8/site-packages/airflow/example_dags/example_python_operator.py
[2024-03-22T10:51:28.744+0000] {processor.py:830} INFO - Processing file /home/airflow/.local/lib/python3.8/site-packages/airflow/example_dags/example_python_operator.py for tasks to queue
[2024-03-22T10:51:28.745+0000] {logging_mixin.py:188} INFO - [2024-03-22T10:51:28.745+0000] {dagbag.py:540} INFO - Filling up the DagBag from /home/airflow/.local/lib/python3.8/site-packages/airflow/example_dags/example_python_operator.py
[2024-03-22T10:51:28.752+0000] {processor.py:840} INFO - DAG(s) 'example_python_operator' retrieved from /home/airflow/.local/lib/python3.8/site-packages/airflow/example_dags/example_python_operator.py
[2024-03-22T10:51:28.766+0000] {logging_mixin.py:188} INFO - [2024-03-22T10:51:28.766+0000] {dag.py:3047} INFO - Sync 1 DAGs
[2024-03-22T10:51:28.775+0000] {logging_mixin.py:188} INFO - [2024-03-22T10:51:28.775+0000] {dag.py:3834} INFO - Setting next_dagrun for example_python_operator to None, run_after=None
[2024-03-22T10:51:28.797+0000] {processor.py:183} INFO - Processing /home/airflow/.local/lib/python3.8/site-packages/airflow/example_dags/example_python_operator.py took 0.057 seconds
[2024-03-22T10:51:58.943+0000] {processor.py:161} INFO - Started process (PID=229) to work on /home/airflow/.local/lib/python3.8/site-packages/airflow/example_dags/example_python_operator.py
[2024-03-22T10:51:58.944+0000] {processor.py:830} INFO - Processing file /home/airflow/.local/lib/python3.8/site-packages/airflow/example_dags/example_python_operator.py for tasks to queue
[2024-03-22T10:51:58.946+0000] {logging_mixin.py:188} INFO - [2024-03-22T10:51:58.946+0000] {dagbag.py:540} INFO - Filling up the DagBag from /home/airflow/.local/lib/python3.8/site-packages/airflow/example_dags/example_python_operator.py
[2024-03-22T10:51:58.954+0000] {processor.py:840} INFO - DAG(s) 'example_python_operator' retrieved from /home/airflow/.local/lib/python3.8/site-packages/airflow/example_dags/example_python_operator.py
[2024-03-22T10:51:58.972+0000] {logging_mixin.py:188} INFO - [2024-03-22T10:51:58.972+0000] {dag.py:3047} INFO - Sync 1 DAGs
[2024-03-22T10:51:58.981+0000] {logging_mixin.py:188} INFO - [2024-03-22T10:51:58.981+0000] {dag.py:3834} INFO - Setting next_dagrun for example_python_operator to None, run_after=None
[2024-03-22T10:51:59.004+0000] {processor.py:183} INFO - Processing /home/airflow/.local/lib/python3.8/site-packages/airflow/example_dags/example_python_operator.py took 0.063 seconds
[2024-03-22T10:52:29.132+0000] {processor.py:161} INFO - Started process (PID=284) to work on /home/airflow/.local/lib/python3.8/site-packages/airflow/example_dags/example_python_operator.py
[2024-03-22T10:52:29.133+0000] {processor.py:830} INFO - Processing file /home/airflow/.local/lib/python3.8/site-packages/airflow/example_dags/example_python_operator.py for tasks to queue
[2024-03-22T10:52:29.135+0000] {logging_mixin.py:188} INFO - [2024-03-22T10:52:29.134+0000] {dagbag.py:540} INFO - Filling up the DagBag from /home/airflow/.local/lib/python3.8/site-packages/airflow/example_dags/example_python_operator.py
[2024-03-22T10:52:29.143+0000] {processor.py:840} INFO - DAG(s) 'example_python_operator' retrieved from /home/airflow/.local/lib/python3.8/site-packages/airflow/example_dags/example_python_operator.py
[2024-03-22T10:52:29.159+0000] {logging_mixin.py:188} INFO - [2024-03-22T10:52:29.158+0000] {dag.py:3047} INFO - Sync 1 DAGs
[2024-03-22T10:52:29.167+0000] {logging_mixin.py:188} INFO - [2024-03-22T10:52:29.167+0000] {dag.py:3834} INFO - Setting next_dagrun for example_python_operator to None, run_after=None
[2024-03-22T10:52:29.191+0000] {processor.py:183} INFO - Processing /home/airflow/.local/lib/python3.8/site-packages/airflow/example_dags/example_python_operator.py took 0.062 seconds
[2024-03-22T10:52:59.481+0000] {processor.py:161} INFO - Started process (PID=339) to work on /home/airflow/.local/lib/python3.8/site-packages/airflow/example_dags/example_python_operator.py
[2024-03-22T10:52:59.482+0000] {processor.py:830} INFO - Processing file /home/airflow/.local/lib/python3.8/site-packages/airflow/example_dags/example_python_operator.py for tasks to queue
[2024-03-22T10:52:59.484+0000] {logging_mixin.py:188} INFO - [2024-03-22T10:52:59.483+0000] {dagbag.py:540} INFO - Filling up the DagBag from /home/airflow/.local/lib/python3.8/site-packages/airflow/example_dags/example_python_operator.py
[2024-03-22T10:52:59.491+0000] {processor.py:840} INFO - DAG(s) 'example_python_operator' retrieved from /home/airflow/.local/lib/python3.8/site-packages/airflow/example_dags/example_python_operator.py
[2024-03-22T10:52:59.507+0000] {logging_mixin.py:188} INFO - [2024-03-22T10:52:59.507+0000] {dag.py:3047} INFO - Sync 1 DAGs
[2024-03-22T10:52:59.516+0000] {logging_mixin.py:188} INFO - [2024-03-22T10:52:59.516+0000] {dag.py:3834} INFO - Setting next_dagrun for example_python_operator to None, run_after=None
[2024-03-22T10:52:59.529+0000] {processor.py:183} INFO - Processing /home/airflow/.local/lib/python3.8/site-packages/airflow/example_dags/example_python_operator.py took 0.051 seconds
[2024-03-22T10:53:29.763+0000] {processor.py:161} INFO - Started process (PID=394) to work on /home/airflow/.local/lib/python3.8/site-packages/airflow/example_dags/example_python_operator.py
[2024-03-22T10:53:29.764+0000] {processor.py:830} INFO - Processing file /home/airflow/.local/lib/python3.8/site-packages/airflow/example_dags/example_python_operator.py for tasks to queue
[2024-03-22T10:53:29.765+0000] {logging_mixin.py:188} INFO - [2024-03-22T10:53:29.765+0000] {dagbag.py:540} INFO - Filling up the DagBag from /home/airflow/.local/lib/python3.8/site-packages/airflow/example_dags/example_python_operator.py
[2024-03-22T10:53:29.772+0000] {processor.py:840} INFO - DAG(s) 'example_python_operator' retrieved from /home/airflow/.local/lib/python3.8/site-packages/airflow/example_dags/example_python_operator.py
[2024-03-22T10:53:29.788+0000] {logging_mixin.py:188} INFO - [2024-03-22T10:53:29.787+0000] {dag.py:3047} INFO - Sync 1 DAGs
[2024-03-22T10:53:29.797+0000] {logging_mixin.py:188} INFO - [2024-03-22T10:53:29.797+0000] {dag.py:3834} INFO - Setting next_dagrun for example_python_operator to None, run_after=None
[2024-03-22T10:53:29.813+0000] {processor.py:183} INFO - Processing /home/airflow/.local/lib/python3.8/site-packages/airflow/example_dags/example_python_operator.py took 0.052 seconds
[2024-03-22T10:53:59.981+0000] {processor.py:161} INFO - Started process (PID=449) to work on /home/airflow/.local/lib/python3.8/site-packages/airflow/example_dags/example_python_operator.py
[2024-03-22T10:53:59.982+0000] {processor.py:830} INFO - Processing file /home/airflow/.local/lib/python3.8/site-packages/airflow/example_dags/example_python_operator.py for tasks to queue
[2024-03-22T10:53:59.983+0000] {logging_mixin.py:188} INFO - [2024-03-22T10:53:59.983+0000] {dagbag.py:540} INFO - Filling up the DagBag from /home/airflow/.local/lib/python3.8/site-packages/airflow/example_dags/example_python_operator.py
[2024-03-22T10:53:59.991+0000] {processor.py:840} INFO - DAG(s) 'example_python_operator' retrieved from /home/airflow/.local/lib/python3.8/site-packages/airflow/example_dags/example_python_operator.py
[2024-03-22T10:54:00.008+0000] {logging_mixin.py:188} INFO - [2024-03-22T10:54:00.008+0000] {dag.py:3047} INFO - Sync 1 DAGs
[2024-03-22T10:54:00.018+0000] {logging_mixin.py:188} INFO - [2024-03-22T10:54:00.018+0000] {dag.py:3834} INFO - Setting next_dagrun for example_python_operator to None, run_after=None
[2024-03-22T10:54:00.031+0000] {processor.py:183} INFO - Processing /home/airflow/.local/lib/python3.8/site-packages/airflow/example_dags/example_python_operator.py took 0.053 seconds
[2024-03-22T10:54:30.219+0000] {processor.py:161} INFO - Started process (PID=504) to work on /home/airflow/.local/lib/python3.8/site-packages/airflow/example_dags/example_python_operator.py
[2024-03-22T10:54:30.220+0000] {processor.py:830} INFO - Processing file /home/airflow/.local/lib/python3.8/site-packages/airflow/example_dags/example_python_operator.py for tasks to queue
[2024-03-22T10:54:30.222+0000] {logging_mixin.py:188} INFO - [2024-03-22T10:54:30.222+0000] {dagbag.py:540} INFO - Filling up the DagBag from /home/airflow/.local/lib/python3.8/site-packages/airflow/example_dags/example_python_operator.py
[2024-03-22T10:54:30.232+0000] {processor.py:840} INFO - DAG(s) 'example_python_operator' retrieved from /home/airflow/.local/lib/python3.8/site-packages/airflow/example_dags/example_python_operator.py
[2024-03-22T10:54:30.250+0000] {logging_mixin.py:188} INFO - [2024-03-22T10:54:30.250+0000] {dag.py:3047} INFO - Sync 1 DAGs
[2024-03-22T10:54:30.259+0000] {logging_mixin.py:188} INFO - [2024-03-22T10:54:30.259+0000] {dag.py:3834} INFO - Setting next_dagrun for example_python_operator to None, run_after=None
[2024-03-22T10:54:30.271+0000] {processor.py:183} INFO - Processing /home/airflow/.local/lib/python3.8/site-packages/airflow/example_dags/example_python_operator.py took 0.054 seconds
[2024-03-22T10:55:00.461+0000] {processor.py:161} INFO - Started process (PID=559) to work on /home/airflow/.local/lib/python3.8/site-packages/airflow/example_dags/example_python_operator.py
[2024-03-22T10:55:00.462+0000] {processor.py:830} INFO - Processing file /home/airflow/.local/lib/python3.8/site-packages/airflow/example_dags/example_python_operator.py for tasks to queue
[2024-03-22T10:55:00.464+0000] {logging_mixin.py:188} INFO - [2024-03-22T10:55:00.463+0000] {dagbag.py:540} INFO - Filling up the DagBag from /home/airflow/.local/lib/python3.8/site-packages/airflow/example_dags/example_python_operator.py
[2024-03-22T10:55:00.471+0000] {processor.py:840} INFO - DAG(s) 'example_python_operator' retrieved from /home/airflow/.local/lib/python3.8/site-packages/airflow/example_dags/example_python_operator.py
[2024-03-22T10:55:00.488+0000] {logging_mixin.py:188} INFO - [2024-03-22T10:55:00.488+0000] {dag.py:3047} INFO - Sync 1 DAGs
[2024-03-22T10:55:00.499+0000] {logging_mixin.py:188} INFO - [2024-03-22T10:55:00.499+0000] {dag.py:3834} INFO - Setting next_dagrun for example_python_operator to None, run_after=None
[2024-03-22T10:55:00.514+0000] {processor.py:183} INFO - Processing /home/airflow/.local/lib/python3.8/site-packages/airflow/example_dags/example_python_operator.py took 0.055 seconds
[2024-03-22T10:55:30.694+0000] {processor.py:161} INFO - Started process (PID=614) to work on /home/airflow/.local/lib/python3.8/site-packages/airflow/example_dags/example_python_operator.py
[2024-03-22T10:55:30.695+0000] {processor.py:830} INFO - Processing file /home/airflow/.local/lib/python3.8/site-packages/airflow/example_dags/example_python_operator.py for tasks to queue
[2024-03-22T10:55:30.696+0000] {logging_mixin.py:188} INFO - [2024-03-22T10:55:30.696+0000] {dagbag.py:540} INFO - Filling up the DagBag from /home/airflow/.local/lib/python3.8/site-packages/airflow/example_dags/example_python_operator.py
[2024-03-22T10:55:30.704+0000] {processor.py:840} INFO - DAG(s) 'example_python_operator' retrieved from /home/airflow/.local/lib/python3.8/site-packages/airflow/example_dags/example_python_operator.py
[2024-03-22T10:55:30.723+0000] {logging_mixin.py:188} INFO - [2024-03-22T10:55:30.723+0000] {dag.py:3047} INFO - Sync 1 DAGs
[2024-03-22T10:55:30.735+0000] {logging_mixin.py:188} INFO - [2024-03-22T10:55:30.735+0000] {dag.py:3834} INFO - Setting next_dagrun for example_python_operator to None, run_after=None
[2024-03-22T10:55:30.752+0000] {processor.py:183} INFO - Processing /home/airflow/.local/lib/python3.8/site-packages/airflow/example_dags/example_python_operator.py took 0.060 seconds
[2024-03-22T10:56:01.074+0000] {processor.py:161} INFO - Started process (PID=669) to work on /home/airflow/.local/lib/python3.8/site-packages/airflow/example_dags/example_python_operator.py
[2024-03-22T10:56:01.075+0000] {processor.py:830} INFO - Processing file /home/airflow/.local/lib/python3.8/site-packages/airflow/example_dags/example_python_operator.py for tasks to queue
[2024-03-22T10:56:01.077+0000] {logging_mixin.py:188} INFO - [2024-03-22T10:56:01.077+0000] {dagbag.py:540} INFO - Filling up the DagBag from /home/airflow/.local/lib/python3.8/site-packages/airflow/example_dags/example_python_operator.py
[2024-03-22T10:56:01.085+0000] {processor.py:840} INFO - DAG(s) 'example_python_operator' retrieved from /home/airflow/.local/lib/python3.8/site-packages/airflow/example_dags/example_python_operator.py
[2024-03-22T10:56:01.104+0000] {logging_mixin.py:188} INFO - [2024-03-22T10:56:01.104+0000] {dag.py:3047} INFO - Sync 1 DAGs
[2024-03-22T10:56:01.113+0000] {logging_mixin.py:188} INFO - [2024-03-22T10:56:01.112+0000] {dag.py:3834} INFO - Setting next_dagrun for example_python_operator to None, run_after=None
[2024-03-22T10:56:01.134+0000] {processor.py:183} INFO - Processing /home/airflow/.local/lib/python3.8/site-packages/airflow/example_dags/example_python_operator.py took 0.062 seconds
[2024-03-22T10:56:31.173+0000] {processor.py:161} INFO - Started process (PID=724) to work on /home/airflow/.local/lib/python3.8/site-packages/airflow/example_dags/example_python_operator.py
[2024-03-22T10:56:31.174+0000] {processor.py:830} INFO - Processing file /home/airflow/.local/lib/python3.8/site-packages/airflow/example_dags/example_python_operator.py for tasks to queue
[2024-03-22T10:56:31.175+0000] {logging_mixin.py:188} INFO - [2024-03-22T10:56:31.175+0000] {dagbag.py:540} INFO - Filling up the DagBag from /home/airflow/.local/lib/python3.8/site-packages/airflow/example_dags/example_python_operator.py
[2024-03-22T10:56:31.183+0000] {processor.py:840} INFO - DAG(s) 'example_python_operator' retrieved from /home/airflow/.local/lib/python3.8/site-packages/airflow/example_dags/example_python_operator.py
[2024-03-22T10:56:31.199+0000] {logging_mixin.py:188} INFO - [2024-03-22T10:56:31.199+0000] {dag.py:3047} INFO - Sync 1 DAGs
[2024-03-22T10:56:31.208+0000] {logging_mixin.py:188} INFO - [2024-03-22T10:56:31.207+0000] {dag.py:3834} INFO - Setting next_dagrun for example_python_operator to None, run_after=None
[2024-03-22T10:56:31.230+0000] {processor.py:183} INFO - Processing /home/airflow/.local/lib/python3.8/site-packages/airflow/example_dags/example_python_operator.py took 0.059 seconds
[2024-03-22T10:57:01.351+0000] {processor.py:161} INFO - Started process (PID=779) to work on /home/airflow/.local/lib/python3.8/site-packages/airflow/example_dags/example_python_operator.py
[2024-03-22T10:57:01.351+0000] {processor.py:830} INFO - Processing file /home/airflow/.local/lib/python3.8/site-packages/airflow/example_dags/example_python_operator.py for tasks to queue
[2024-03-22T10:57:01.353+0000] {logging_mixin.py:188} INFO - [2024-03-22T10:57:01.353+0000] {dagbag.py:540} INFO - Filling up the DagBag from /home/airflow/.local/lib/python3.8/site-packages/airflow/example_dags/example_python_operator.py
[2024-03-22T10:57:01.360+0000] {processor.py:840} INFO - DAG(s) 'example_python_operator' retrieved from /home/airflow/.local/lib/python3.8/site-packages/airflow/example_dags/example_python_operator.py
[2024-03-22T10:57:01.379+0000] {logging_mixin.py:188} INFO - [2024-03-22T10:57:01.378+0000] {dag.py:3047} INFO - Sync 1 DAGs
[2024-03-22T10:57:01.389+0000] {logging_mixin.py:188} INFO - [2024-03-22T10:57:01.389+0000] {dag.py:3834} INFO - Setting next_dagrun for example_python_operator to None, run_after=None
[2024-03-22T10:57:01.403+0000] {processor.py:183} INFO - Processing /home/airflow/.local/lib/python3.8/site-packages/airflow/example_dags/example_python_operator.py took 0.055 seconds
[2024-03-22T10:57:31.514+0000] {processor.py:161} INFO - Started process (PID=834) to work on /home/airflow/.local/lib/python3.8/site-packages/airflow/example_dags/example_python_operator.py
[2024-03-22T10:57:31.515+0000] {processor.py:830} INFO - Processing file /home/airflow/.local/lib/python3.8/site-packages/airflow/example_dags/example_python_operator.py for tasks to queue
[2024-03-22T10:57:31.516+0000] {logging_mixin.py:188} INFO - [2024-03-22T10:57:31.516+0000] {dagbag.py:540} INFO - Filling up the DagBag from /home/airflow/.local/lib/python3.8/site-packages/airflow/example_dags/example_python_operator.py
[2024-03-22T10:57:31.524+0000] {processor.py:840} INFO - DAG(s) 'example_python_operator' retrieved from /home/airflow/.local/lib/python3.8/site-packages/airflow/example_dags/example_python_operator.py
[2024-03-22T10:57:31.539+0000] {logging_mixin.py:188} INFO - [2024-03-22T10:57:31.539+0000] {dag.py:3047} INFO - Sync 1 DAGs
[2024-03-22T10:57:31.547+0000] {logging_mixin.py:188} INFO - [2024-03-22T10:57:31.547+0000] {dag.py:3834} INFO - Setting next_dagrun for example_python_operator to None, run_after=None
[2024-03-22T10:57:31.562+0000] {processor.py:183} INFO - Processing /home/airflow/.local/lib/python3.8/site-packages/airflow/example_dags/example_python_operator.py took 0.050 seconds
[2024-03-22T10:58:01.771+0000] {processor.py:161} INFO - Started process (PID=889) to work on /home/airflow/.local/lib/python3.8/site-packages/airflow/example_dags/example_python_operator.py
[2024-03-22T10:58:01.772+0000] {processor.py:830} INFO - Processing file /home/airflow/.local/lib/python3.8/site-packages/airflow/example_dags/example_python_operator.py for tasks to queue
[2024-03-22T10:58:01.773+0000] {logging_mixin.py:188} INFO - [2024-03-22T10:58:01.773+0000] {dagbag.py:540} INFO - Filling up the DagBag from /home/airflow/.local/lib/python3.8/site-packages/airflow/example_dags/example_python_operator.py
[2024-03-22T10:58:01.780+0000] {processor.py:840} INFO - DAG(s) 'example_python_operator' retrieved from /home/airflow/.local/lib/python3.8/site-packages/airflow/example_dags/example_python_operator.py
[2024-03-22T10:58:01.796+0000] {logging_mixin.py:188} INFO - [2024-03-22T10:58:01.796+0000] {dag.py:3047} INFO - Sync 1 DAGs
[2024-03-22T10:58:01.805+0000] {logging_mixin.py:188} INFO - [2024-03-22T10:58:01.805+0000] {dag.py:3834} INFO - Setting next_dagrun for example_python_operator to None, run_after=None
[2024-03-22T10:58:01.827+0000] {processor.py:183} INFO - Processing /home/airflow/.local/lib/python3.8/site-packages/airflow/example_dags/example_python_operator.py took 0.058 seconds
[2024-03-22T10:58:32.012+0000] {processor.py:161} INFO - Started process (PID=944) to work on /home/airflow/.local/lib/python3.8/site-packages/airflow/example_dags/example_python_operator.py
[2024-03-22T10:58:32.013+0000] {processor.py:830} INFO - Processing file /home/airflow/.local/lib/python3.8/site-packages/airflow/example_dags/example_python_operator.py for tasks to queue
[2024-03-22T10:58:32.014+0000] {logging_mixin.py:188} INFO - [2024-03-22T10:58:32.014+0000] {dagbag.py:540} INFO - Filling up the DagBag from /home/airflow/.local/lib/python3.8/site-packages/airflow/example_dags/example_python_operator.py
[2024-03-22T10:58:32.024+0000] {processor.py:840} INFO - DAG(s) 'example_python_operator' retrieved from /home/airflow/.local/lib/python3.8/site-packages/airflow/example_dags/example_python_operator.py
[2024-03-22T10:58:32.041+0000] {logging_mixin.py:188} INFO - [2024-03-22T10:58:32.041+0000] {dag.py:3047} INFO - Sync 1 DAGs
[2024-03-22T10:58:32.051+0000] {logging_mixin.py:188} INFO - [2024-03-22T10:58:32.051+0000] {dag.py:3834} INFO - Setting next_dagrun for example_python_operator to None, run_after=None
[2024-03-22T10:58:32.065+0000] {processor.py:183} INFO - Processing /home/airflow/.local/lib/python3.8/site-packages/airflow/example_dags/example_python_operator.py took 0.056 seconds
[2024-03-22T10:59:02.169+0000] {processor.py:161} INFO - Started process (PID=999) to work on /home/airflow/.local/lib/python3.8/site-packages/airflow/example_dags/example_python_operator.py
[2024-03-22T10:59:02.170+0000] {processor.py:830} INFO - Processing file /home/airflow/.local/lib/python3.8/site-packages/airflow/example_dags/example_python_operator.py for tasks to queue
[2024-03-22T10:59:02.172+0000] {logging_mixin.py:188} INFO - [2024-03-22T10:59:02.172+0000] {dagbag.py:540} INFO - Filling up the DagBag from /home/airflow/.local/lib/python3.8/site-packages/airflow/example_dags/example_python_operator.py
[2024-03-22T10:59:02.180+0000] {processor.py:840} INFO - DAG(s) 'example_python_operator' retrieved from /home/airflow/.local/lib/python3.8/site-packages/airflow/example_dags/example_python_operator.py
[2024-03-22T10:59:02.197+0000] {logging_mixin.py:188} INFO - [2024-03-22T10:59:02.196+0000] {dag.py:3047} INFO - Sync 1 DAGs
[2024-03-22T10:59:02.207+0000] {logging_mixin.py:188} INFO - [2024-03-22T10:59:02.206+0000] {dag.py:3834} INFO - Setting next_dagrun for example_python_operator to None, run_after=None
[2024-03-22T10:59:02.224+0000] {processor.py:183} INFO - Processing /home/airflow/.local/lib/python3.8/site-packages/airflow/example_dags/example_python_operator.py took 0.057 seconds
[2024-03-22T10:59:32.345+0000] {processor.py:161} INFO - Started process (PID=1054) to work on /home/airflow/.local/lib/python3.8/site-packages/airflow/example_dags/example_python_operator.py
[2024-03-22T10:59:32.345+0000] {processor.py:830} INFO - Processing file /home/airflow/.local/lib/python3.8/site-packages/airflow/example_dags/example_python_operator.py for tasks to queue
[2024-03-22T10:59:32.347+0000] {logging_mixin.py:188} INFO - [2024-03-22T10:59:32.347+0000] {dagbag.py:540} INFO - Filling up the DagBag from /home/airflow/.local/lib/python3.8/site-packages/airflow/example_dags/example_python_operator.py
[2024-03-22T10:59:32.355+0000] {processor.py:840} INFO - DAG(s) 'example_python_operator' retrieved from /home/airflow/.local/lib/python3.8/site-packages/airflow/example_dags/example_python_operator.py
[2024-03-22T10:59:32.374+0000] {logging_mixin.py:188} INFO - [2024-03-22T10:59:32.373+0000] {dag.py:3047} INFO - Sync 1 DAGs
[2024-03-22T10:59:32.384+0000] {logging_mixin.py:188} INFO - [2024-03-22T10:59:32.384+0000] {dag.py:3834} INFO - Setting next_dagrun for example_python_operator to None, run_after=None
[2024-03-22T10:59:32.400+0000] {processor.py:183} INFO - Processing /home/airflow/.local/lib/python3.8/site-packages/airflow/example_dags/example_python_operator.py took 0.058 seconds
[2024-03-22T11:00:02.493+0000] {processor.py:161} INFO - Started process (PID=1109) to work on /home/airflow/.local/lib/python3.8/site-packages/airflow/example_dags/example_python_operator.py
[2024-03-22T11:00:02.494+0000] {processor.py:830} INFO - Processing file /home/airflow/.local/lib/python3.8/site-packages/airflow/example_dags/example_python_operator.py for tasks to queue
[2024-03-22T11:00:02.495+0000] {logging_mixin.py:188} INFO - [2024-03-22T11:00:02.495+0000] {dagbag.py:540} INFO - Filling up the DagBag from /home/airflow/.local/lib/python3.8/site-packages/airflow/example_dags/example_python_operator.py
[2024-03-22T11:00:02.503+0000] {processor.py:840} INFO - DAG(s) 'example_python_operator' retrieved from /home/airflow/.local/lib/python3.8/site-packages/airflow/example_dags/example_python_operator.py
[2024-03-22T11:00:02.519+0000] {logging_mixin.py:188} INFO - [2024-03-22T11:00:02.518+0000] {dag.py:3047} INFO - Sync 1 DAGs
[2024-03-22T11:00:02.528+0000] {logging_mixin.py:188} INFO - [2024-03-22T11:00:02.528+0000] {dag.py:3834} INFO - Setting next_dagrun for example_python_operator to None, run_after=None
[2024-03-22T11:00:02.540+0000] {processor.py:183} INFO - Processing /home/airflow/.local/lib/python3.8/site-packages/airflow/example_dags/example_python_operator.py took 0.049 seconds
[2024-03-22T11:00:32.673+0000] {processor.py:161} INFO - Started process (PID=1164) to work on /home/airflow/.local/lib/python3.8/site-packages/airflow/example_dags/example_python_operator.py
[2024-03-22T11:00:32.673+0000] {processor.py:830} INFO - Processing file /home/airflow/.local/lib/python3.8/site-packages/airflow/example_dags/example_python_operator.py for tasks to queue
[2024-03-22T11:00:32.675+0000] {logging_mixin.py:188} INFO - [2024-03-22T11:00:32.675+0000] {dagbag.py:540} INFO - Filling up the DagBag from /home/airflow/.local/lib/python3.8/site-packages/airflow/example_dags/example_python_operator.py
[2024-03-22T11:00:32.683+0000] {processor.py:840} INFO - DAG(s) 'example_python_operator' retrieved from /home/airflow/.local/lib/python3.8/site-packages/airflow/example_dags/example_python_operator.py
[2024-03-22T11:00:32.699+0000] {logging_mixin.py:188} INFO - [2024-03-22T11:00:32.699+0000] {dag.py:3047} INFO - Sync 1 DAGs
[2024-03-22T11:00:32.709+0000] {logging_mixin.py:188} INFO - [2024-03-22T11:00:32.708+0000] {dag.py:3834} INFO - Setting next_dagrun for example_python_operator to None, run_after=None
[2024-03-22T11:00:32.723+0000] {processor.py:183} INFO - Processing /home/airflow/.local/lib/python3.8/site-packages/airflow/example_dags/example_python_operator.py took 0.053 seconds
[2024-03-22T11:01:03.744+0000] {processor.py:161} INFO - Started process (PID=1219) to work on /home/airflow/.local/lib/python3.8/site-packages/airflow/example_dags/example_python_operator.py
[2024-03-22T11:01:03.744+0000] {processor.py:830} INFO - Processing file /home/airflow/.local/lib/python3.8/site-packages/airflow/example_dags/example_python_operator.py for tasks to queue
[2024-03-22T11:01:03.746+0000] {logging_mixin.py:188} INFO - [2024-03-22T11:01:03.746+0000] {dagbag.py:540} INFO - Filling up the DagBag from /home/airflow/.local/lib/python3.8/site-packages/airflow/example_dags/example_python_operator.py
[2024-03-22T11:01:03.753+0000] {processor.py:840} INFO - DAG(s) 'example_python_operator' retrieved from /home/airflow/.local/lib/python3.8/site-packages/airflow/example_dags/example_python_operator.py
[2024-03-22T11:01:03.770+0000] {logging_mixin.py:188} INFO - [2024-03-22T11:01:03.770+0000] {dag.py:3047} INFO - Sync 1 DAGs
[2024-03-22T11:01:03.778+0000] {logging_mixin.py:188} INFO - [2024-03-22T11:01:03.778+0000] {dag.py:3834} INFO - Setting next_dagrun for example_python_operator to None, run_after=None
[2024-03-22T11:01:03.791+0000] {processor.py:183} INFO - Processing /home/airflow/.local/lib/python3.8/site-packages/airflow/example_dags/example_python_operator.py took 0.050 seconds
