[2024-03-22T10:50:26.258+0000] {processor.py:161} INFO - Started process (PID=67) to work on /home/airflow/.local/lib/python3.8/site-packages/airflow/example_dags/example_branch_operator.py
[2024-03-22T10:50:26.259+0000] {processor.py:830} INFO - Processing file /home/airflow/.local/lib/python3.8/site-packages/airflow/example_dags/example_branch_operator.py for tasks to queue
[2024-03-22T10:50:26.261+0000] {logging_mixin.py:188} INFO - [2024-03-22T10:50:26.260+0000] {dagbag.py:540} INFO - Filling up the DagBag from /home/airflow/.local/lib/python3.8/site-packages/airflow/example_dags/example_branch_operator.py
[2024-03-22T10:50:26.280+0000] {processor.py:840} INFO - DAG(s) 'example_branch_operator' retrieved from /home/airflow/.local/lib/python3.8/site-packages/airflow/example_dags/example_branch_operator.py
[2024-03-22T10:50:26.292+0000] {logging_mixin.py:188} INFO - [2024-03-22T10:50:26.292+0000] {dag.py:3047} INFO - Sync 1 DAGs
[2024-03-22T10:50:26.317+0000] {logging_mixin.py:188} INFO - [2024-03-22T10:50:26.317+0000] {dag.py:3834} INFO - Setting next_dagrun for example_branch_operator to 2024-03-21 00:00:00+00:00, run_after=2024-03-22 00:00:00+00:00
[2024-03-22T10:50:26.340+0000] {processor.py:183} INFO - Processing /home/airflow/.local/lib/python3.8/site-packages/airflow/example_dags/example_branch_operator.py took 0.084 seconds
[2024-03-22T10:50:57.836+0000] {processor.py:161} INFO - Started process (PID=121) to work on /home/airflow/.local/lib/python3.8/site-packages/airflow/example_dags/example_branch_operator.py
[2024-03-22T10:50:57.837+0000] {processor.py:830} INFO - Processing file /home/airflow/.local/lib/python3.8/site-packages/airflow/example_dags/example_branch_operator.py for tasks to queue
[2024-03-22T10:50:57.839+0000] {logging_mixin.py:188} INFO - [2024-03-22T10:50:57.839+0000] {dagbag.py:540} INFO - Filling up the DagBag from /home/airflow/.local/lib/python3.8/site-packages/airflow/example_dags/example_branch_operator.py
[2024-03-22T10:50:57.855+0000] {processor.py:840} INFO - DAG(s) 'example_branch_operator' retrieved from /home/airflow/.local/lib/python3.8/site-packages/airflow/example_dags/example_branch_operator.py
[2024-03-22T10:50:57.985+0000] {logging_mixin.py:188} INFO - [2024-03-22T10:50:57.984+0000] {dag.py:3047} INFO - Sync 1 DAGs
[2024-03-22T10:50:58.016+0000] {logging_mixin.py:188} INFO - [2024-03-22T10:50:58.015+0000] {dag.py:3834} INFO - Setting next_dagrun for example_branch_operator to 2024-03-21 00:00:00+00:00, run_after=2024-03-22 00:00:00+00:00
[2024-03-22T10:50:58.048+0000] {processor.py:183} INFO - Processing /home/airflow/.local/lib/python3.8/site-packages/airflow/example_dags/example_branch_operator.py took 0.214 seconds
[2024-03-22T10:51:28.817+0000] {processor.py:161} INFO - Started process (PID=176) to work on /home/airflow/.local/lib/python3.8/site-packages/airflow/example_dags/example_branch_operator.py
[2024-03-22T10:51:28.818+0000] {processor.py:830} INFO - Processing file /home/airflow/.local/lib/python3.8/site-packages/airflow/example_dags/example_branch_operator.py for tasks to queue
[2024-03-22T10:51:28.819+0000] {logging_mixin.py:188} INFO - [2024-03-22T10:51:28.819+0000] {dagbag.py:540} INFO - Filling up the DagBag from /home/airflow/.local/lib/python3.8/site-packages/airflow/example_dags/example_branch_operator.py
[2024-03-22T10:51:28.836+0000] {processor.py:840} INFO - DAG(s) 'example_branch_operator' retrieved from /home/airflow/.local/lib/python3.8/site-packages/airflow/example_dags/example_branch_operator.py
[2024-03-22T10:51:28.857+0000] {logging_mixin.py:188} INFO - [2024-03-22T10:51:28.856+0000] {dag.py:3047} INFO - Sync 1 DAGs
[2024-03-22T10:51:28.873+0000] {logging_mixin.py:188} INFO - [2024-03-22T10:51:28.873+0000] {dag.py:3834} INFO - Setting next_dagrun for example_branch_operator to 2024-03-21 00:00:00+00:00, run_after=2024-03-22 00:00:00+00:00
[2024-03-22T10:51:28.885+0000] {processor.py:183} INFO - Processing /home/airflow/.local/lib/python3.8/site-packages/airflow/example_dags/example_branch_operator.py took 0.070 seconds
[2024-03-22T10:51:59.025+0000] {processor.py:161} INFO - Started process (PID=231) to work on /home/airflow/.local/lib/python3.8/site-packages/airflow/example_dags/example_branch_operator.py
[2024-03-22T10:51:59.026+0000] {processor.py:830} INFO - Processing file /home/airflow/.local/lib/python3.8/site-packages/airflow/example_dags/example_branch_operator.py for tasks to queue
[2024-03-22T10:51:59.028+0000] {logging_mixin.py:188} INFO - [2024-03-22T10:51:59.027+0000] {dagbag.py:540} INFO - Filling up the DagBag from /home/airflow/.local/lib/python3.8/site-packages/airflow/example_dags/example_branch_operator.py
[2024-03-22T10:51:59.040+0000] {processor.py:840} INFO - DAG(s) 'example_branch_operator' retrieved from /home/airflow/.local/lib/python3.8/site-packages/airflow/example_dags/example_branch_operator.py
[2024-03-22T10:51:59.061+0000] {logging_mixin.py:188} INFO - [2024-03-22T10:51:59.061+0000] {dag.py:3047} INFO - Sync 1 DAGs
[2024-03-22T10:51:59.078+0000] {logging_mixin.py:188} INFO - [2024-03-22T10:51:59.078+0000] {dag.py:3834} INFO - Setting next_dagrun for example_branch_operator to 2024-03-21 00:00:00+00:00, run_after=2024-03-22 00:00:00+00:00
[2024-03-22T10:51:59.101+0000] {processor.py:183} INFO - Processing /home/airflow/.local/lib/python3.8/site-packages/airflow/example_dags/example_branch_operator.py took 0.078 seconds
[2024-03-22T10:52:29.213+0000] {processor.py:161} INFO - Started process (PID=286) to work on /home/airflow/.local/lib/python3.8/site-packages/airflow/example_dags/example_branch_operator.py
[2024-03-22T10:52:29.214+0000] {processor.py:830} INFO - Processing file /home/airflow/.local/lib/python3.8/site-packages/airflow/example_dags/example_branch_operator.py for tasks to queue
[2024-03-22T10:52:29.215+0000] {logging_mixin.py:188} INFO - [2024-03-22T10:52:29.215+0000] {dagbag.py:540} INFO - Filling up the DagBag from /home/airflow/.local/lib/python3.8/site-packages/airflow/example_dags/example_branch_operator.py
[2024-03-22T10:52:29.228+0000] {processor.py:840} INFO - DAG(s) 'example_branch_operator' retrieved from /home/airflow/.local/lib/python3.8/site-packages/airflow/example_dags/example_branch_operator.py
[2024-03-22T10:52:29.252+0000] {logging_mixin.py:188} INFO - [2024-03-22T10:52:29.251+0000] {dag.py:3047} INFO - Sync 1 DAGs
[2024-03-22T10:52:29.269+0000] {logging_mixin.py:188} INFO - [2024-03-22T10:52:29.269+0000] {dag.py:3834} INFO - Setting next_dagrun for example_branch_operator to 2024-03-21 00:00:00+00:00, run_after=2024-03-22 00:00:00+00:00
[2024-03-22T10:52:29.282+0000] {processor.py:183} INFO - Processing /home/airflow/.local/lib/python3.8/site-packages/airflow/example_dags/example_branch_operator.py took 0.071 seconds
[2024-03-22T10:52:59.550+0000] {processor.py:161} INFO - Started process (PID=341) to work on /home/airflow/.local/lib/python3.8/site-packages/airflow/example_dags/example_branch_operator.py
[2024-03-22T10:52:59.550+0000] {processor.py:830} INFO - Processing file /home/airflow/.local/lib/python3.8/site-packages/airflow/example_dags/example_branch_operator.py for tasks to queue
[2024-03-22T10:52:59.552+0000] {logging_mixin.py:188} INFO - [2024-03-22T10:52:59.551+0000] {dagbag.py:540} INFO - Filling up the DagBag from /home/airflow/.local/lib/python3.8/site-packages/airflow/example_dags/example_branch_operator.py
[2024-03-22T10:52:59.563+0000] {processor.py:840} INFO - DAG(s) 'example_branch_operator' retrieved from /home/airflow/.local/lib/python3.8/site-packages/airflow/example_dags/example_branch_operator.py
[2024-03-22T10:52:59.581+0000] {logging_mixin.py:188} INFO - [2024-03-22T10:52:59.581+0000] {dag.py:3047} INFO - Sync 1 DAGs
[2024-03-22T10:52:59.601+0000] {logging_mixin.py:188} INFO - [2024-03-22T10:52:59.601+0000] {dag.py:3834} INFO - Setting next_dagrun for example_branch_operator to 2024-03-21 00:00:00+00:00, run_after=2024-03-22 00:00:00+00:00
[2024-03-22T10:52:59.622+0000] {processor.py:183} INFO - Processing /home/airflow/.local/lib/python3.8/site-packages/airflow/example_dags/example_branch_operator.py took 0.075 seconds
[2024-03-22T10:53:29.831+0000] {processor.py:161} INFO - Started process (PID=396) to work on /home/airflow/.local/lib/python3.8/site-packages/airflow/example_dags/example_branch_operator.py
[2024-03-22T10:53:29.832+0000] {processor.py:830} INFO - Processing file /home/airflow/.local/lib/python3.8/site-packages/airflow/example_dags/example_branch_operator.py for tasks to queue
[2024-03-22T10:53:29.833+0000] {logging_mixin.py:188} INFO - [2024-03-22T10:53:29.833+0000] {dagbag.py:540} INFO - Filling up the DagBag from /home/airflow/.local/lib/python3.8/site-packages/airflow/example_dags/example_branch_operator.py
[2024-03-22T10:53:29.847+0000] {processor.py:840} INFO - DAG(s) 'example_branch_operator' retrieved from /home/airflow/.local/lib/python3.8/site-packages/airflow/example_dags/example_branch_operator.py
[2024-03-22T10:53:29.868+0000] {logging_mixin.py:188} INFO - [2024-03-22T10:53:29.867+0000] {dag.py:3047} INFO - Sync 1 DAGs
[2024-03-22T10:53:29.885+0000] {logging_mixin.py:188} INFO - [2024-03-22T10:53:29.885+0000] {dag.py:3834} INFO - Setting next_dagrun for example_branch_operator to 2024-03-21 00:00:00+00:00, run_after=2024-03-22 00:00:00+00:00
[2024-03-22T10:53:29.897+0000] {processor.py:183} INFO - Processing /home/airflow/.local/lib/python3.8/site-packages/airflow/example_dags/example_branch_operator.py took 0.069 seconds
[2024-03-22T10:54:00.049+0000] {processor.py:161} INFO - Started process (PID=451) to work on /home/airflow/.local/lib/python3.8/site-packages/airflow/example_dags/example_branch_operator.py
[2024-03-22T10:54:00.050+0000] {processor.py:830} INFO - Processing file /home/airflow/.local/lib/python3.8/site-packages/airflow/example_dags/example_branch_operator.py for tasks to queue
[2024-03-22T10:54:00.051+0000] {logging_mixin.py:188} INFO - [2024-03-22T10:54:00.051+0000] {dagbag.py:540} INFO - Filling up the DagBag from /home/airflow/.local/lib/python3.8/site-packages/airflow/example_dags/example_branch_operator.py
[2024-03-22T10:54:00.063+0000] {processor.py:840} INFO - DAG(s) 'example_branch_operator' retrieved from /home/airflow/.local/lib/python3.8/site-packages/airflow/example_dags/example_branch_operator.py
[2024-03-22T10:54:00.085+0000] {logging_mixin.py:188} INFO - [2024-03-22T10:54:00.085+0000] {dag.py:3047} INFO - Sync 1 DAGs
[2024-03-22T10:54:00.102+0000] {logging_mixin.py:188} INFO - [2024-03-22T10:54:00.102+0000] {dag.py:3834} INFO - Setting next_dagrun for example_branch_operator to 2024-03-21 00:00:00+00:00, run_after=2024-03-22 00:00:00+00:00
[2024-03-22T10:54:00.115+0000] {processor.py:183} INFO - Processing /home/airflow/.local/lib/python3.8/site-packages/airflow/example_dags/example_branch_operator.py took 0.068 seconds
[2024-03-22T10:54:30.290+0000] {processor.py:161} INFO - Started process (PID=506) to work on /home/airflow/.local/lib/python3.8/site-packages/airflow/example_dags/example_branch_operator.py
[2024-03-22T10:54:30.291+0000] {processor.py:830} INFO - Processing file /home/airflow/.local/lib/python3.8/site-packages/airflow/example_dags/example_branch_operator.py for tasks to queue
[2024-03-22T10:54:30.294+0000] {logging_mixin.py:188} INFO - [2024-03-22T10:54:30.293+0000] {dagbag.py:540} INFO - Filling up the DagBag from /home/airflow/.local/lib/python3.8/site-packages/airflow/example_dags/example_branch_operator.py
[2024-03-22T10:54:30.309+0000] {processor.py:840} INFO - DAG(s) 'example_branch_operator' retrieved from /home/airflow/.local/lib/python3.8/site-packages/airflow/example_dags/example_branch_operator.py
[2024-03-22T10:54:30.329+0000] {logging_mixin.py:188} INFO - [2024-03-22T10:54:30.329+0000] {dag.py:3047} INFO - Sync 1 DAGs
[2024-03-22T10:54:30.345+0000] {logging_mixin.py:188} INFO - [2024-03-22T10:54:30.345+0000] {dag.py:3834} INFO - Setting next_dagrun for example_branch_operator to 2024-03-21 00:00:00+00:00, run_after=2024-03-22 00:00:00+00:00
[2024-03-22T10:54:30.358+0000] {processor.py:183} INFO - Processing /home/airflow/.local/lib/python3.8/site-packages/airflow/example_dags/example_branch_operator.py took 0.072 seconds
[2024-03-22T10:55:00.532+0000] {processor.py:161} INFO - Started process (PID=561) to work on /home/airflow/.local/lib/python3.8/site-packages/airflow/example_dags/example_branch_operator.py
[2024-03-22T10:55:00.533+0000] {processor.py:830} INFO - Processing file /home/airflow/.local/lib/python3.8/site-packages/airflow/example_dags/example_branch_operator.py for tasks to queue
[2024-03-22T10:55:00.535+0000] {logging_mixin.py:188} INFO - [2024-03-22T10:55:00.534+0000] {dagbag.py:540} INFO - Filling up the DagBag from /home/airflow/.local/lib/python3.8/site-packages/airflow/example_dags/example_branch_operator.py
[2024-03-22T10:55:00.547+0000] {processor.py:840} INFO - DAG(s) 'example_branch_operator' retrieved from /home/airflow/.local/lib/python3.8/site-packages/airflow/example_dags/example_branch_operator.py
[2024-03-22T10:55:00.570+0000] {logging_mixin.py:188} INFO - [2024-03-22T10:55:00.570+0000] {dag.py:3047} INFO - Sync 1 DAGs
[2024-03-22T10:55:00.586+0000] {logging_mixin.py:188} INFO - [2024-03-22T10:55:00.586+0000] {dag.py:3834} INFO - Setting next_dagrun for example_branch_operator to 2024-03-21 00:00:00+00:00, run_after=2024-03-22 00:00:00+00:00
[2024-03-22T10:55:00.599+0000] {processor.py:183} INFO - Processing /home/airflow/.local/lib/python3.8/site-packages/airflow/example_dags/example_branch_operator.py took 0.069 seconds
[2024-03-22T10:55:30.773+0000] {processor.py:161} INFO - Started process (PID=616) to work on /home/airflow/.local/lib/python3.8/site-packages/airflow/example_dags/example_branch_operator.py
[2024-03-22T10:55:30.774+0000] {processor.py:830} INFO - Processing file /home/airflow/.local/lib/python3.8/site-packages/airflow/example_dags/example_branch_operator.py for tasks to queue
[2024-03-22T10:55:30.776+0000] {logging_mixin.py:188} INFO - [2024-03-22T10:55:30.775+0000] {dagbag.py:540} INFO - Filling up the DagBag from /home/airflow/.local/lib/python3.8/site-packages/airflow/example_dags/example_branch_operator.py
[2024-03-22T10:55:30.788+0000] {processor.py:840} INFO - DAG(s) 'example_branch_operator' retrieved from /home/airflow/.local/lib/python3.8/site-packages/airflow/example_dags/example_branch_operator.py
[2024-03-22T10:55:30.813+0000] {logging_mixin.py:188} INFO - [2024-03-22T10:55:30.813+0000] {dag.py:3047} INFO - Sync 1 DAGs
[2024-03-22T10:55:30.835+0000] {logging_mixin.py:188} INFO - [2024-03-22T10:55:30.834+0000] {dag.py:3834} INFO - Setting next_dagrun for example_branch_operator to 2024-03-21 00:00:00+00:00, run_after=2024-03-22 00:00:00+00:00
[2024-03-22T10:55:30.850+0000] {processor.py:183} INFO - Processing /home/airflow/.local/lib/python3.8/site-packages/airflow/example_dags/example_branch_operator.py took 0.079 seconds
[2024-03-22T10:56:01.237+0000] {processor.py:161} INFO - Started process (PID=671) to work on /home/airflow/.local/lib/python3.8/site-packages/airflow/example_dags/example_branch_operator.py
[2024-03-22T10:56:01.238+0000] {processor.py:830} INFO - Processing file /home/airflow/.local/lib/python3.8/site-packages/airflow/example_dags/example_branch_operator.py for tasks to queue
[2024-03-22T10:56:01.240+0000] {logging_mixin.py:188} INFO - [2024-03-22T10:56:01.239+0000] {dagbag.py:540} INFO - Filling up the DagBag from /home/airflow/.local/lib/python3.8/site-packages/airflow/example_dags/example_branch_operator.py
[2024-03-22T10:56:01.254+0000] {processor.py:840} INFO - DAG(s) 'example_branch_operator' retrieved from /home/airflow/.local/lib/python3.8/site-packages/airflow/example_dags/example_branch_operator.py
[2024-03-22T10:56:01.272+0000] {logging_mixin.py:188} INFO - [2024-03-22T10:56:01.272+0000] {dag.py:3047} INFO - Sync 1 DAGs
[2024-03-22T10:56:01.288+0000] {logging_mixin.py:188} INFO - [2024-03-22T10:56:01.288+0000] {dag.py:3834} INFO - Setting next_dagrun for example_branch_operator to 2024-03-21 00:00:00+00:00, run_after=2024-03-22 00:00:00+00:00
[2024-03-22T10:56:01.302+0000] {processor.py:183} INFO - Processing /home/airflow/.local/lib/python3.8/site-packages/airflow/example_dags/example_branch_operator.py took 0.067 seconds
[2024-03-22T10:56:31.340+0000] {processor.py:161} INFO - Started process (PID=726) to work on /home/airflow/.local/lib/python3.8/site-packages/airflow/example_dags/example_branch_operator.py
[2024-03-22T10:56:31.341+0000] {processor.py:830} INFO - Processing file /home/airflow/.local/lib/python3.8/site-packages/airflow/example_dags/example_branch_operator.py for tasks to queue
[2024-03-22T10:56:31.342+0000] {logging_mixin.py:188} INFO - [2024-03-22T10:56:31.342+0000] {dagbag.py:540} INFO - Filling up the DagBag from /home/airflow/.local/lib/python3.8/site-packages/airflow/example_dags/example_branch_operator.py
[2024-03-22T10:56:31.357+0000] {processor.py:840} INFO - DAG(s) 'example_branch_operator' retrieved from /home/airflow/.local/lib/python3.8/site-packages/airflow/example_dags/example_branch_operator.py
[2024-03-22T10:56:31.384+0000] {logging_mixin.py:188} INFO - [2024-03-22T10:56:31.383+0000] {dag.py:3047} INFO - Sync 1 DAGs
[2024-03-22T10:56:31.403+0000] {logging_mixin.py:188} INFO - [2024-03-22T10:56:31.402+0000] {dag.py:3834} INFO - Setting next_dagrun for example_branch_operator to 2024-03-21 00:00:00+00:00, run_after=2024-03-22 00:00:00+00:00
[2024-03-22T10:56:31.416+0000] {processor.py:183} INFO - Processing /home/airflow/.local/lib/python3.8/site-packages/airflow/example_dags/example_branch_operator.py took 0.079 seconds
[2024-03-22T10:57:01.466+0000] {processor.py:161} INFO - Started process (PID=781) to work on /home/airflow/.local/lib/python3.8/site-packages/airflow/example_dags/example_branch_operator.py
[2024-03-22T10:57:01.466+0000] {processor.py:830} INFO - Processing file /home/airflow/.local/lib/python3.8/site-packages/airflow/example_dags/example_branch_operator.py for tasks to queue
[2024-03-22T10:57:01.468+0000] {logging_mixin.py:188} INFO - [2024-03-22T10:57:01.468+0000] {dagbag.py:540} INFO - Filling up the DagBag from /home/airflow/.local/lib/python3.8/site-packages/airflow/example_dags/example_branch_operator.py
[2024-03-22T10:57:01.487+0000] {processor.py:840} INFO - DAG(s) 'example_branch_operator' retrieved from /home/airflow/.local/lib/python3.8/site-packages/airflow/example_dags/example_branch_operator.py
[2024-03-22T10:57:01.508+0000] {logging_mixin.py:188} INFO - [2024-03-22T10:57:01.508+0000] {dag.py:3047} INFO - Sync 1 DAGs
[2024-03-22T10:57:01.527+0000] {logging_mixin.py:188} INFO - [2024-03-22T10:57:01.527+0000] {dag.py:3834} INFO - Setting next_dagrun for example_branch_operator to 2024-03-21 00:00:00+00:00, run_after=2024-03-22 00:00:00+00:00
[2024-03-22T10:57:01.542+0000] {processor.py:183} INFO - Processing /home/airflow/.local/lib/python3.8/site-packages/airflow/example_dags/example_branch_operator.py took 0.078 seconds
[2024-03-22T10:57:31.580+0000] {processor.py:161} INFO - Started process (PID=836) to work on /home/airflow/.local/lib/python3.8/site-packages/airflow/example_dags/example_branch_operator.py
[2024-03-22T10:57:31.580+0000] {processor.py:830} INFO - Processing file /home/airflow/.local/lib/python3.8/site-packages/airflow/example_dags/example_branch_operator.py for tasks to queue
[2024-03-22T10:57:31.582+0000] {logging_mixin.py:188} INFO - [2024-03-22T10:57:31.581+0000] {dagbag.py:540} INFO - Filling up the DagBag from /home/airflow/.local/lib/python3.8/site-packages/airflow/example_dags/example_branch_operator.py
[2024-03-22T10:57:31.593+0000] {processor.py:840} INFO - DAG(s) 'example_branch_operator' retrieved from /home/airflow/.local/lib/python3.8/site-packages/airflow/example_dags/example_branch_operator.py
[2024-03-22T10:57:31.616+0000] {logging_mixin.py:188} INFO - [2024-03-22T10:57:31.616+0000] {dag.py:3047} INFO - Sync 1 DAGs
[2024-03-22T10:57:31.633+0000] {logging_mixin.py:188} INFO - [2024-03-22T10:57:31.633+0000] {dag.py:3834} INFO - Setting next_dagrun for example_branch_operator to 2024-03-21 00:00:00+00:00, run_after=2024-03-22 00:00:00+00:00
[2024-03-22T10:57:31.648+0000] {processor.py:183} INFO - Processing /home/airflow/.local/lib/python3.8/site-packages/airflow/example_dags/example_branch_operator.py took 0.070 seconds
[2024-03-22T10:58:01.926+0000] {processor.py:161} INFO - Started process (PID=891) to work on /home/airflow/.local/lib/python3.8/site-packages/airflow/example_dags/example_branch_operator.py
[2024-03-22T10:58:01.926+0000] {processor.py:830} INFO - Processing file /home/airflow/.local/lib/python3.8/site-packages/airflow/example_dags/example_branch_operator.py for tasks to queue
[2024-03-22T10:58:01.928+0000] {logging_mixin.py:188} INFO - [2024-03-22T10:58:01.928+0000] {dagbag.py:540} INFO - Filling up the DagBag from /home/airflow/.local/lib/python3.8/site-packages/airflow/example_dags/example_branch_operator.py
[2024-03-22T10:58:01.940+0000] {processor.py:840} INFO - DAG(s) 'example_branch_operator' retrieved from /home/airflow/.local/lib/python3.8/site-packages/airflow/example_dags/example_branch_operator.py
[2024-03-22T10:58:01.959+0000] {logging_mixin.py:188} INFO - [2024-03-22T10:58:01.959+0000] {dag.py:3047} INFO - Sync 1 DAGs
[2024-03-22T10:58:01.976+0000] {logging_mixin.py:188} INFO - [2024-03-22T10:58:01.976+0000] {dag.py:3834} INFO - Setting next_dagrun for example_branch_operator to 2024-03-21 00:00:00+00:00, run_after=2024-03-22 00:00:00+00:00
[2024-03-22T10:58:01.989+0000] {processor.py:183} INFO - Processing /home/airflow/.local/lib/python3.8/site-packages/airflow/example_dags/example_branch_operator.py took 0.066 seconds
[2024-03-22T10:58:32.086+0000] {processor.py:161} INFO - Started process (PID=946) to work on /home/airflow/.local/lib/python3.8/site-packages/airflow/example_dags/example_branch_operator.py
[2024-03-22T10:58:32.088+0000] {processor.py:830} INFO - Processing file /home/airflow/.local/lib/python3.8/site-packages/airflow/example_dags/example_branch_operator.py for tasks to queue
[2024-03-22T10:58:32.089+0000] {logging_mixin.py:188} INFO - [2024-03-22T10:58:32.089+0000] {dagbag.py:540} INFO - Filling up the DagBag from /home/airflow/.local/lib/python3.8/site-packages/airflow/example_dags/example_branch_operator.py
[2024-03-22T10:58:32.105+0000] {processor.py:840} INFO - DAG(s) 'example_branch_operator' retrieved from /home/airflow/.local/lib/python3.8/site-packages/airflow/example_dags/example_branch_operator.py
[2024-03-22T10:58:32.130+0000] {logging_mixin.py:188} INFO - [2024-03-22T10:58:32.129+0000] {dag.py:3047} INFO - Sync 1 DAGs
[2024-03-22T10:58:32.151+0000] {logging_mixin.py:188} INFO - [2024-03-22T10:58:32.151+0000] {dag.py:3834} INFO - Setting next_dagrun for example_branch_operator to 2024-03-21 00:00:00+00:00, run_after=2024-03-22 00:00:00+00:00
[2024-03-22T10:58:32.169+0000] {processor.py:183} INFO - Processing /home/airflow/.local/lib/python3.8/site-packages/airflow/example_dags/example_branch_operator.py took 0.086 seconds
[2024-03-22T10:59:02.244+0000] {processor.py:161} INFO - Started process (PID=1001) to work on /home/airflow/.local/lib/python3.8/site-packages/airflow/example_dags/example_branch_operator.py
[2024-03-22T10:59:02.245+0000] {processor.py:830} INFO - Processing file /home/airflow/.local/lib/python3.8/site-packages/airflow/example_dags/example_branch_operator.py for tasks to queue
[2024-03-22T10:59:02.246+0000] {logging_mixin.py:188} INFO - [2024-03-22T10:59:02.246+0000] {dagbag.py:540} INFO - Filling up the DagBag from /home/airflow/.local/lib/python3.8/site-packages/airflow/example_dags/example_branch_operator.py
[2024-03-22T10:59:02.259+0000] {processor.py:840} INFO - DAG(s) 'example_branch_operator' retrieved from /home/airflow/.local/lib/python3.8/site-packages/airflow/example_dags/example_branch_operator.py
[2024-03-22T10:59:02.282+0000] {logging_mixin.py:188} INFO - [2024-03-22T10:59:02.282+0000] {dag.py:3047} INFO - Sync 1 DAGs
[2024-03-22T10:59:02.300+0000] {logging_mixin.py:188} INFO - [2024-03-22T10:59:02.300+0000] {dag.py:3834} INFO - Setting next_dagrun for example_branch_operator to 2024-03-21 00:00:00+00:00, run_after=2024-03-22 00:00:00+00:00
[2024-03-22T10:59:02.314+0000] {processor.py:183} INFO - Processing /home/airflow/.local/lib/python3.8/site-packages/airflow/example_dags/example_branch_operator.py took 0.072 seconds
[2024-03-22T10:59:32.422+0000] {processor.py:161} INFO - Started process (PID=1056) to work on /home/airflow/.local/lib/python3.8/site-packages/airflow/example_dags/example_branch_operator.py
[2024-03-22T10:59:32.424+0000] {processor.py:830} INFO - Processing file /home/airflow/.local/lib/python3.8/site-packages/airflow/example_dags/example_branch_operator.py for tasks to queue
[2024-03-22T10:59:32.425+0000] {logging_mixin.py:188} INFO - [2024-03-22T10:59:32.425+0000] {dagbag.py:540} INFO - Filling up the DagBag from /home/airflow/.local/lib/python3.8/site-packages/airflow/example_dags/example_branch_operator.py
[2024-03-22T10:59:32.441+0000] {processor.py:840} INFO - DAG(s) 'example_branch_operator' retrieved from /home/airflow/.local/lib/python3.8/site-packages/airflow/example_dags/example_branch_operator.py
[2024-03-22T10:59:32.461+0000] {logging_mixin.py:188} INFO - [2024-03-22T10:59:32.461+0000] {dag.py:3047} INFO - Sync 1 DAGs
[2024-03-22T10:59:32.479+0000] {logging_mixin.py:188} INFO - [2024-03-22T10:59:32.479+0000] {dag.py:3834} INFO - Setting next_dagrun for example_branch_operator to 2024-03-21 00:00:00+00:00, run_after=2024-03-22 00:00:00+00:00
[2024-03-22T10:59:32.493+0000] {processor.py:183} INFO - Processing /home/airflow/.local/lib/python3.8/site-packages/airflow/example_dags/example_branch_operator.py took 0.073 seconds
[2024-03-22T11:00:02.557+0000] {processor.py:161} INFO - Started process (PID=1111) to work on /home/airflow/.local/lib/python3.8/site-packages/airflow/example_dags/example_branch_operator.py
[2024-03-22T11:00:02.558+0000] {processor.py:830} INFO - Processing file /home/airflow/.local/lib/python3.8/site-packages/airflow/example_dags/example_branch_operator.py for tasks to queue
[2024-03-22T11:00:02.559+0000] {logging_mixin.py:188} INFO - [2024-03-22T11:00:02.559+0000] {dagbag.py:540} INFO - Filling up the DagBag from /home/airflow/.local/lib/python3.8/site-packages/airflow/example_dags/example_branch_operator.py
[2024-03-22T11:00:02.576+0000] {processor.py:840} INFO - DAG(s) 'example_branch_operator' retrieved from /home/airflow/.local/lib/python3.8/site-packages/airflow/example_dags/example_branch_operator.py
[2024-03-22T11:00:02.598+0000] {logging_mixin.py:188} INFO - [2024-03-22T11:00:02.598+0000] {dag.py:3047} INFO - Sync 1 DAGs
[2024-03-22T11:00:02.618+0000] {logging_mixin.py:188} INFO - [2024-03-22T11:00:02.618+0000] {dag.py:3834} INFO - Setting next_dagrun for example_branch_operator to 2024-03-21 00:00:00+00:00, run_after=2024-03-22 00:00:00+00:00
[2024-03-22T11:00:02.634+0000] {processor.py:183} INFO - Processing /home/airflow/.local/lib/python3.8/site-packages/airflow/example_dags/example_branch_operator.py took 0.079 seconds
[2024-03-22T11:00:32.742+0000] {processor.py:161} INFO - Started process (PID=1166) to work on /home/airflow/.local/lib/python3.8/site-packages/airflow/example_dags/example_branch_operator.py
[2024-03-22T11:00:32.743+0000] {processor.py:830} INFO - Processing file /home/airflow/.local/lib/python3.8/site-packages/airflow/example_dags/example_branch_operator.py for tasks to queue
[2024-03-22T11:00:32.745+0000] {logging_mixin.py:188} INFO - [2024-03-22T11:00:32.744+0000] {dagbag.py:540} INFO - Filling up the DagBag from /home/airflow/.local/lib/python3.8/site-packages/airflow/example_dags/example_branch_operator.py
[2024-03-22T11:00:32.757+0000] {processor.py:840} INFO - DAG(s) 'example_branch_operator' retrieved from /home/airflow/.local/lib/python3.8/site-packages/airflow/example_dags/example_branch_operator.py
[2024-03-22T11:00:32.780+0000] {logging_mixin.py:188} INFO - [2024-03-22T11:00:32.779+0000] {dag.py:3047} INFO - Sync 1 DAGs
[2024-03-22T11:00:32.796+0000] {logging_mixin.py:188} INFO - [2024-03-22T11:00:32.796+0000] {dag.py:3834} INFO - Setting next_dagrun for example_branch_operator to 2024-03-21 00:00:00+00:00, run_after=2024-03-22 00:00:00+00:00
[2024-03-22T11:00:32.810+0000] {processor.py:183} INFO - Processing /home/airflow/.local/lib/python3.8/site-packages/airflow/example_dags/example_branch_operator.py took 0.071 seconds
[2024-03-22T11:01:03.811+0000] {processor.py:161} INFO - Started process (PID=1221) to work on /home/airflow/.local/lib/python3.8/site-packages/airflow/example_dags/example_branch_operator.py
[2024-03-22T11:01:03.812+0000] {processor.py:830} INFO - Processing file /home/airflow/.local/lib/python3.8/site-packages/airflow/example_dags/example_branch_operator.py for tasks to queue
[2024-03-22T11:01:03.813+0000] {logging_mixin.py:188} INFO - [2024-03-22T11:01:03.813+0000] {dagbag.py:540} INFO - Filling up the DagBag from /home/airflow/.local/lib/python3.8/site-packages/airflow/example_dags/example_branch_operator.py
[2024-03-22T11:01:03.825+0000] {processor.py:840} INFO - DAG(s) 'example_branch_operator' retrieved from /home/airflow/.local/lib/python3.8/site-packages/airflow/example_dags/example_branch_operator.py
[2024-03-22T11:01:03.844+0000] {logging_mixin.py:188} INFO - [2024-03-22T11:01:03.844+0000] {dag.py:3047} INFO - Sync 1 DAGs
[2024-03-22T11:01:03.859+0000] {logging_mixin.py:188} INFO - [2024-03-22T11:01:03.859+0000] {dag.py:3834} INFO - Setting next_dagrun for example_branch_operator to 2024-03-21 00:00:00+00:00, run_after=2024-03-22 00:00:00+00:00
[2024-03-22T11:01:03.882+0000] {processor.py:183} INFO - Processing /home/airflow/.local/lib/python3.8/site-packages/airflow/example_dags/example_branch_operator.py took 0.073 seconds
