[2024-03-22T10:50:25.402+0000] {processor.py:161} INFO - Started process (PID=50) to work on /home/airflow/.local/lib/python3.8/site-packages/airflow/example_dags/example_task_group.py
[2024-03-22T10:50:25.403+0000] {processor.py:830} INFO - Processing file /home/airflow/.local/lib/python3.8/site-packages/airflow/example_dags/example_task_group.py for tasks to queue
[2024-03-22T10:50:25.405+0000] {logging_mixin.py:188} INFO - [2024-03-22T10:50:25.404+0000] {dagbag.py:540} INFO - Filling up the DagBag from /home/airflow/.local/lib/python3.8/site-packages/airflow/example_dags/example_task_group.py
[2024-03-22T10:50:25.414+0000] {processor.py:840} INFO - DAG(s) 'example_task_group' retrieved from /home/airflow/.local/lib/python3.8/site-packages/airflow/example_dags/example_task_group.py
[2024-03-22T10:50:25.426+0000] {logging_mixin.py:188} INFO - [2024-03-22T10:50:25.425+0000] {dag.py:3047} INFO - Sync 1 DAGs
[2024-03-22T10:50:25.447+0000] {logging_mixin.py:188} INFO - [2024-03-22T10:50:25.447+0000] {dag.py:3834} INFO - Setting next_dagrun for example_task_group to 2024-03-21 00:00:00+00:00, run_after=2024-03-22 00:00:00+00:00
[2024-03-22T10:50:25.463+0000] {processor.py:183} INFO - Processing /home/airflow/.local/lib/python3.8/site-packages/airflow/example_dags/example_task_group.py took 0.063 seconds
[2024-03-22T10:50:56.105+0000] {processor.py:161} INFO - Started process (PID=104) to work on /home/airflow/.local/lib/python3.8/site-packages/airflow/example_dags/example_task_group.py
[2024-03-22T10:50:56.106+0000] {processor.py:830} INFO - Processing file /home/airflow/.local/lib/python3.8/site-packages/airflow/example_dags/example_task_group.py for tasks to queue
[2024-03-22T10:50:56.107+0000] {logging_mixin.py:188} INFO - [2024-03-22T10:50:56.107+0000] {dagbag.py:540} INFO - Filling up the DagBag from /home/airflow/.local/lib/python3.8/site-packages/airflow/example_dags/example_task_group.py
[2024-03-22T10:50:56.114+0000] {processor.py:840} INFO - DAG(s) 'example_task_group' retrieved from /home/airflow/.local/lib/python3.8/site-packages/airflow/example_dags/example_task_group.py
[2024-03-22T10:50:56.185+0000] {logging_mixin.py:188} INFO - [2024-03-22T10:50:56.185+0000] {dag.py:3047} INFO - Sync 1 DAGs
[2024-03-22T10:50:56.200+0000] {logging_mixin.py:188} INFO - [2024-03-22T10:50:56.200+0000] {dag.py:3834} INFO - Setting next_dagrun for example_task_group to 2024-03-21 00:00:00+00:00, run_after=2024-03-22 00:00:00+00:00
[2024-03-22T10:50:56.217+0000] {processor.py:183} INFO - Processing /home/airflow/.local/lib/python3.8/site-packages/airflow/example_dags/example_task_group.py took 0.114 seconds
[2024-03-22T10:51:26.971+0000] {processor.py:161} INFO - Started process (PID=159) to work on /home/airflow/.local/lib/python3.8/site-packages/airflow/example_dags/example_task_group.py
[2024-03-22T10:51:26.972+0000] {processor.py:830} INFO - Processing file /home/airflow/.local/lib/python3.8/site-packages/airflow/example_dags/example_task_group.py for tasks to queue
[2024-03-22T10:51:26.973+0000] {logging_mixin.py:188} INFO - [2024-03-22T10:51:26.973+0000] {dagbag.py:540} INFO - Filling up the DagBag from /home/airflow/.local/lib/python3.8/site-packages/airflow/example_dags/example_task_group.py
[2024-03-22T10:51:26.979+0000] {processor.py:840} INFO - DAG(s) 'example_task_group' retrieved from /home/airflow/.local/lib/python3.8/site-packages/airflow/example_dags/example_task_group.py
[2024-03-22T10:51:26.995+0000] {logging_mixin.py:188} INFO - [2024-03-22T10:51:26.994+0000] {dag.py:3047} INFO - Sync 1 DAGs
[2024-03-22T10:51:27.009+0000] {logging_mixin.py:188} INFO - [2024-03-22T10:51:27.009+0000] {dag.py:3834} INFO - Setting next_dagrun for example_task_group to 2024-03-21 00:00:00+00:00, run_after=2024-03-22 00:00:00+00:00
[2024-03-22T10:51:27.032+0000] {processor.py:183} INFO - Processing /home/airflow/.local/lib/python3.8/site-packages/airflow/example_dags/example_task_group.py took 0.063 seconds
[2024-03-22T10:51:57.223+0000] {processor.py:161} INFO - Started process (PID=214) to work on /home/airflow/.local/lib/python3.8/site-packages/airflow/example_dags/example_task_group.py
[2024-03-22T10:51:57.224+0000] {processor.py:830} INFO - Processing file /home/airflow/.local/lib/python3.8/site-packages/airflow/example_dags/example_task_group.py for tasks to queue
[2024-03-22T10:51:57.226+0000] {logging_mixin.py:188} INFO - [2024-03-22T10:51:57.226+0000] {dagbag.py:540} INFO - Filling up the DagBag from /home/airflow/.local/lib/python3.8/site-packages/airflow/example_dags/example_task_group.py
[2024-03-22T10:51:57.231+0000] {processor.py:840} INFO - DAG(s) 'example_task_group' retrieved from /home/airflow/.local/lib/python3.8/site-packages/airflow/example_dags/example_task_group.py
[2024-03-22T10:51:57.247+0000] {logging_mixin.py:188} INFO - [2024-03-22T10:51:57.247+0000] {dag.py:3047} INFO - Sync 1 DAGs
[2024-03-22T10:51:57.265+0000] {logging_mixin.py:188} INFO - [2024-03-22T10:51:57.265+0000] {dag.py:3834} INFO - Setting next_dagrun for example_task_group to 2024-03-21 00:00:00+00:00, run_after=2024-03-22 00:00:00+00:00
[2024-03-22T10:51:57.280+0000] {processor.py:183} INFO - Processing /home/airflow/.local/lib/python3.8/site-packages/airflow/example_dags/example_task_group.py took 0.059 seconds
[2024-03-22T10:52:27.497+0000] {processor.py:161} INFO - Started process (PID=269) to work on /home/airflow/.local/lib/python3.8/site-packages/airflow/example_dags/example_task_group.py
[2024-03-22T10:52:27.498+0000] {processor.py:830} INFO - Processing file /home/airflow/.local/lib/python3.8/site-packages/airflow/example_dags/example_task_group.py for tasks to queue
[2024-03-22T10:52:27.499+0000] {logging_mixin.py:188} INFO - [2024-03-22T10:52:27.499+0000] {dagbag.py:540} INFO - Filling up the DagBag from /home/airflow/.local/lib/python3.8/site-packages/airflow/example_dags/example_task_group.py
[2024-03-22T10:52:27.505+0000] {processor.py:840} INFO - DAG(s) 'example_task_group' retrieved from /home/airflow/.local/lib/python3.8/site-packages/airflow/example_dags/example_task_group.py
[2024-03-22T10:52:27.522+0000] {logging_mixin.py:188} INFO - [2024-03-22T10:52:27.522+0000] {dag.py:3047} INFO - Sync 1 DAGs
[2024-03-22T10:52:27.540+0000] {logging_mixin.py:188} INFO - [2024-03-22T10:52:27.540+0000] {dag.py:3834} INFO - Setting next_dagrun for example_task_group to 2024-03-21 00:00:00+00:00, run_after=2024-03-22 00:00:00+00:00
[2024-03-22T10:52:27.564+0000] {processor.py:183} INFO - Processing /home/airflow/.local/lib/python3.8/site-packages/airflow/example_dags/example_task_group.py took 0.070 seconds
[2024-03-22T10:52:57.796+0000] {processor.py:161} INFO - Started process (PID=324) to work on /home/airflow/.local/lib/python3.8/site-packages/airflow/example_dags/example_task_group.py
[2024-03-22T10:52:57.797+0000] {processor.py:830} INFO - Processing file /home/airflow/.local/lib/python3.8/site-packages/airflow/example_dags/example_task_group.py for tasks to queue
[2024-03-22T10:52:57.798+0000] {logging_mixin.py:188} INFO - [2024-03-22T10:52:57.798+0000] {dagbag.py:540} INFO - Filling up the DagBag from /home/airflow/.local/lib/python3.8/site-packages/airflow/example_dags/example_task_group.py
[2024-03-22T10:52:57.803+0000] {processor.py:840} INFO - DAG(s) 'example_task_group' retrieved from /home/airflow/.local/lib/python3.8/site-packages/airflow/example_dags/example_task_group.py
[2024-03-22T10:52:57.820+0000] {logging_mixin.py:188} INFO - [2024-03-22T10:52:57.820+0000] {dag.py:3047} INFO - Sync 1 DAGs
[2024-03-22T10:52:57.838+0000] {logging_mixin.py:188} INFO - [2024-03-22T10:52:57.838+0000] {dag.py:3834} INFO - Setting next_dagrun for example_task_group to 2024-03-21 00:00:00+00:00, run_after=2024-03-22 00:00:00+00:00
[2024-03-22T10:52:57.862+0000] {processor.py:183} INFO - Processing /home/airflow/.local/lib/python3.8/site-packages/airflow/example_dags/example_task_group.py took 0.068 seconds
[2024-03-22T10:53:29.126+0000] {processor.py:161} INFO - Started process (PID=379) to work on /home/airflow/.local/lib/python3.8/site-packages/airflow/example_dags/example_task_group.py
[2024-03-22T10:53:29.127+0000] {processor.py:830} INFO - Processing file /home/airflow/.local/lib/python3.8/site-packages/airflow/example_dags/example_task_group.py for tasks to queue
[2024-03-22T10:53:29.128+0000] {logging_mixin.py:188} INFO - [2024-03-22T10:53:29.128+0000] {dagbag.py:540} INFO - Filling up the DagBag from /home/airflow/.local/lib/python3.8/site-packages/airflow/example_dags/example_task_group.py
[2024-03-22T10:53:29.134+0000] {processor.py:840} INFO - DAG(s) 'example_task_group' retrieved from /home/airflow/.local/lib/python3.8/site-packages/airflow/example_dags/example_task_group.py
[2024-03-22T10:53:29.150+0000] {logging_mixin.py:188} INFO - [2024-03-22T10:53:29.150+0000] {dag.py:3047} INFO - Sync 1 DAGs
[2024-03-22T10:53:29.165+0000] {logging_mixin.py:188} INFO - [2024-03-22T10:53:29.165+0000] {dag.py:3834} INFO - Setting next_dagrun for example_task_group to 2024-03-21 00:00:00+00:00, run_after=2024-03-22 00:00:00+00:00
[2024-03-22T10:53:29.190+0000] {processor.py:183} INFO - Processing /home/airflow/.local/lib/python3.8/site-packages/airflow/example_dags/example_task_group.py took 0.066 seconds
[2024-03-22T10:53:59.344+0000] {processor.py:161} INFO - Started process (PID=434) to work on /home/airflow/.local/lib/python3.8/site-packages/airflow/example_dags/example_task_group.py
[2024-03-22T10:53:59.345+0000] {processor.py:830} INFO - Processing file /home/airflow/.local/lib/python3.8/site-packages/airflow/example_dags/example_task_group.py for tasks to queue
[2024-03-22T10:53:59.347+0000] {logging_mixin.py:188} INFO - [2024-03-22T10:53:59.346+0000] {dagbag.py:540} INFO - Filling up the DagBag from /home/airflow/.local/lib/python3.8/site-packages/airflow/example_dags/example_task_group.py
[2024-03-22T10:53:59.352+0000] {processor.py:840} INFO - DAG(s) 'example_task_group' retrieved from /home/airflow/.local/lib/python3.8/site-packages/airflow/example_dags/example_task_group.py
[2024-03-22T10:53:59.367+0000] {logging_mixin.py:188} INFO - [2024-03-22T10:53:59.367+0000] {dag.py:3047} INFO - Sync 1 DAGs
[2024-03-22T10:53:59.382+0000] {logging_mixin.py:188} INFO - [2024-03-22T10:53:59.382+0000] {dag.py:3834} INFO - Setting next_dagrun for example_task_group to 2024-03-21 00:00:00+00:00, run_after=2024-03-22 00:00:00+00:00
[2024-03-22T10:53:59.395+0000] {processor.py:183} INFO - Processing /home/airflow/.local/lib/python3.8/site-packages/airflow/example_dags/example_task_group.py took 0.054 seconds
[2024-03-22T10:54:29.438+0000] {processor.py:161} INFO - Started process (PID=488) to work on /home/airflow/.local/lib/python3.8/site-packages/airflow/example_dags/example_task_group.py
[2024-03-22T10:54:29.438+0000] {processor.py:830} INFO - Processing file /home/airflow/.local/lib/python3.8/site-packages/airflow/example_dags/example_task_group.py for tasks to queue
[2024-03-22T10:54:29.440+0000] {logging_mixin.py:188} INFO - [2024-03-22T10:54:29.440+0000] {dagbag.py:540} INFO - Filling up the DagBag from /home/airflow/.local/lib/python3.8/site-packages/airflow/example_dags/example_task_group.py
[2024-03-22T10:54:29.445+0000] {processor.py:840} INFO - DAG(s) 'example_task_group' retrieved from /home/airflow/.local/lib/python3.8/site-packages/airflow/example_dags/example_task_group.py
[2024-03-22T10:54:29.462+0000] {logging_mixin.py:188} INFO - [2024-03-22T10:54:29.461+0000] {dag.py:3047} INFO - Sync 1 DAGs
[2024-03-22T10:54:29.478+0000] {logging_mixin.py:188} INFO - [2024-03-22T10:54:29.478+0000] {dag.py:3834} INFO - Setting next_dagrun for example_task_group to 2024-03-21 00:00:00+00:00, run_after=2024-03-22 00:00:00+00:00
[2024-03-22T10:54:29.491+0000] {processor.py:183} INFO - Processing /home/airflow/.local/lib/python3.8/site-packages/airflow/example_dags/example_task_group.py took 0.056 seconds
[2024-03-22T10:54:59.735+0000] {processor.py:161} INFO - Started process (PID=543) to work on /home/airflow/.local/lib/python3.8/site-packages/airflow/example_dags/example_task_group.py
[2024-03-22T10:54:59.736+0000] {processor.py:830} INFO - Processing file /home/airflow/.local/lib/python3.8/site-packages/airflow/example_dags/example_task_group.py for tasks to queue
[2024-03-22T10:54:59.737+0000] {logging_mixin.py:188} INFO - [2024-03-22T10:54:59.737+0000] {dagbag.py:540} INFO - Filling up the DagBag from /home/airflow/.local/lib/python3.8/site-packages/airflow/example_dags/example_task_group.py
[2024-03-22T10:54:59.743+0000] {processor.py:840} INFO - DAG(s) 'example_task_group' retrieved from /home/airflow/.local/lib/python3.8/site-packages/airflow/example_dags/example_task_group.py
[2024-03-22T10:54:59.760+0000] {logging_mixin.py:188} INFO - [2024-03-22T10:54:59.760+0000] {dag.py:3047} INFO - Sync 1 DAGs
[2024-03-22T10:54:59.776+0000] {logging_mixin.py:188} INFO - [2024-03-22T10:54:59.776+0000] {dag.py:3834} INFO - Setting next_dagrun for example_task_group to 2024-03-21 00:00:00+00:00, run_after=2024-03-22 00:00:00+00:00
[2024-03-22T10:54:59.793+0000] {processor.py:183} INFO - Processing /home/airflow/.local/lib/python3.8/site-packages/airflow/example_dags/example_task_group.py took 0.060 seconds
[2024-03-22T10:55:29.882+0000] {processor.py:161} INFO - Started process (PID=598) to work on /home/airflow/.local/lib/python3.8/site-packages/airflow/example_dags/example_task_group.py
[2024-03-22T10:55:29.882+0000] {processor.py:830} INFO - Processing file /home/airflow/.local/lib/python3.8/site-packages/airflow/example_dags/example_task_group.py for tasks to queue
[2024-03-22T10:55:29.884+0000] {logging_mixin.py:188} INFO - [2024-03-22T10:55:29.883+0000] {dagbag.py:540} INFO - Filling up the DagBag from /home/airflow/.local/lib/python3.8/site-packages/airflow/example_dags/example_task_group.py
[2024-03-22T10:55:29.889+0000] {processor.py:840} INFO - DAG(s) 'example_task_group' retrieved from /home/airflow/.local/lib/python3.8/site-packages/airflow/example_dags/example_task_group.py
[2024-03-22T10:55:29.904+0000] {logging_mixin.py:188} INFO - [2024-03-22T10:55:29.903+0000] {dag.py:3047} INFO - Sync 1 DAGs
[2024-03-22T10:55:29.921+0000] {logging_mixin.py:188} INFO - [2024-03-22T10:55:29.921+0000] {dag.py:3834} INFO - Setting next_dagrun for example_task_group to 2024-03-21 00:00:00+00:00, run_after=2024-03-22 00:00:00+00:00
[2024-03-22T10:55:29.937+0000] {processor.py:183} INFO - Processing /home/airflow/.local/lib/python3.8/site-packages/airflow/example_dags/example_task_group.py took 0.058 seconds
[2024-03-22T10:56:00.247+0000] {processor.py:161} INFO - Started process (PID=653) to work on /home/airflow/.local/lib/python3.8/site-packages/airflow/example_dags/example_task_group.py
[2024-03-22T10:56:00.248+0000] {processor.py:830} INFO - Processing file /home/airflow/.local/lib/python3.8/site-packages/airflow/example_dags/example_task_group.py for tasks to queue
[2024-03-22T10:56:00.250+0000] {logging_mixin.py:188} INFO - [2024-03-22T10:56:00.249+0000] {dagbag.py:540} INFO - Filling up the DagBag from /home/airflow/.local/lib/python3.8/site-packages/airflow/example_dags/example_task_group.py
[2024-03-22T10:56:00.255+0000] {processor.py:840} INFO - DAG(s) 'example_task_group' retrieved from /home/airflow/.local/lib/python3.8/site-packages/airflow/example_dags/example_task_group.py
[2024-03-22T10:56:00.271+0000] {logging_mixin.py:188} INFO - [2024-03-22T10:56:00.271+0000] {dag.py:3047} INFO - Sync 1 DAGs
[2024-03-22T10:56:00.288+0000] {logging_mixin.py:188} INFO - [2024-03-22T10:56:00.287+0000] {dag.py:3834} INFO - Setting next_dagrun for example_task_group to 2024-03-21 00:00:00+00:00, run_after=2024-03-22 00:00:00+00:00
[2024-03-22T10:56:00.304+0000] {processor.py:183} INFO - Processing /home/airflow/.local/lib/python3.8/site-packages/airflow/example_dags/example_task_group.py took 0.059 seconds
[2024-03-22T10:56:30.435+0000] {processor.py:161} INFO - Started process (PID=708) to work on /home/airflow/.local/lib/python3.8/site-packages/airflow/example_dags/example_task_group.py
[2024-03-22T10:56:30.436+0000] {processor.py:830} INFO - Processing file /home/airflow/.local/lib/python3.8/site-packages/airflow/example_dags/example_task_group.py for tasks to queue
[2024-03-22T10:56:30.437+0000] {logging_mixin.py:188} INFO - [2024-03-22T10:56:30.437+0000] {dagbag.py:540} INFO - Filling up the DagBag from /home/airflow/.local/lib/python3.8/site-packages/airflow/example_dags/example_task_group.py
[2024-03-22T10:56:30.442+0000] {processor.py:840} INFO - DAG(s) 'example_task_group' retrieved from /home/airflow/.local/lib/python3.8/site-packages/airflow/example_dags/example_task_group.py
[2024-03-22T10:56:30.459+0000] {logging_mixin.py:188} INFO - [2024-03-22T10:56:30.459+0000] {dag.py:3047} INFO - Sync 1 DAGs
[2024-03-22T10:56:30.477+0000] {logging_mixin.py:188} INFO - [2024-03-22T10:56:30.477+0000] {dag.py:3834} INFO - Setting next_dagrun for example_task_group to 2024-03-21 00:00:00+00:00, run_after=2024-03-22 00:00:00+00:00
[2024-03-22T10:56:30.495+0000] {processor.py:183} INFO - Processing /home/airflow/.local/lib/python3.8/site-packages/airflow/example_dags/example_task_group.py took 0.063 seconds
[2024-03-22T10:57:00.561+0000] {processor.py:161} INFO - Started process (PID=763) to work on /home/airflow/.local/lib/python3.8/site-packages/airflow/example_dags/example_task_group.py
[2024-03-22T10:57:00.562+0000] {processor.py:830} INFO - Processing file /home/airflow/.local/lib/python3.8/site-packages/airflow/example_dags/example_task_group.py for tasks to queue
[2024-03-22T10:57:00.563+0000] {logging_mixin.py:188} INFO - [2024-03-22T10:57:00.563+0000] {dagbag.py:540} INFO - Filling up the DagBag from /home/airflow/.local/lib/python3.8/site-packages/airflow/example_dags/example_task_group.py
[2024-03-22T10:57:00.569+0000] {processor.py:840} INFO - DAG(s) 'example_task_group' retrieved from /home/airflow/.local/lib/python3.8/site-packages/airflow/example_dags/example_task_group.py
[2024-03-22T10:57:00.594+0000] {logging_mixin.py:188} INFO - [2024-03-22T10:57:00.593+0000] {dag.py:3047} INFO - Sync 1 DAGs
[2024-03-22T10:57:00.613+0000] {logging_mixin.py:188} INFO - [2024-03-22T10:57:00.613+0000] {dag.py:3834} INFO - Setting next_dagrun for example_task_group to 2024-03-21 00:00:00+00:00, run_after=2024-03-22 00:00:00+00:00
[2024-03-22T10:57:00.628+0000] {processor.py:183} INFO - Processing /home/airflow/.local/lib/python3.8/site-packages/airflow/example_dags/example_task_group.py took 0.070 seconds
[2024-03-22T10:57:30.754+0000] {processor.py:161} INFO - Started process (PID=818) to work on /home/airflow/.local/lib/python3.8/site-packages/airflow/example_dags/example_task_group.py
[2024-03-22T10:57:30.754+0000] {processor.py:830} INFO - Processing file /home/airflow/.local/lib/python3.8/site-packages/airflow/example_dags/example_task_group.py for tasks to queue
[2024-03-22T10:57:30.756+0000] {logging_mixin.py:188} INFO - [2024-03-22T10:57:30.755+0000] {dagbag.py:540} INFO - Filling up the DagBag from /home/airflow/.local/lib/python3.8/site-packages/airflow/example_dags/example_task_group.py
[2024-03-22T10:57:30.761+0000] {processor.py:840} INFO - DAG(s) 'example_task_group' retrieved from /home/airflow/.local/lib/python3.8/site-packages/airflow/example_dags/example_task_group.py
[2024-03-22T10:57:30.776+0000] {logging_mixin.py:188} INFO - [2024-03-22T10:57:30.776+0000] {dag.py:3047} INFO - Sync 1 DAGs
[2024-03-22T10:57:30.794+0000] {logging_mixin.py:188} INFO - [2024-03-22T10:57:30.794+0000] {dag.py:3834} INFO - Setting next_dagrun for example_task_group to 2024-03-21 00:00:00+00:00, run_after=2024-03-22 00:00:00+00:00
[2024-03-22T10:57:30.809+0000] {processor.py:183} INFO - Processing /home/airflow/.local/lib/python3.8/site-packages/airflow/example_dags/example_task_group.py took 0.057 seconds
[2024-03-22T10:58:00.897+0000] {processor.py:161} INFO - Started process (PID=873) to work on /home/airflow/.local/lib/python3.8/site-packages/airflow/example_dags/example_task_group.py
[2024-03-22T10:58:00.898+0000] {processor.py:830} INFO - Processing file /home/airflow/.local/lib/python3.8/site-packages/airflow/example_dags/example_task_group.py for tasks to queue
[2024-03-22T10:58:00.899+0000] {logging_mixin.py:188} INFO - [2024-03-22T10:58:00.899+0000] {dagbag.py:540} INFO - Filling up the DagBag from /home/airflow/.local/lib/python3.8/site-packages/airflow/example_dags/example_task_group.py
[2024-03-22T10:58:00.905+0000] {processor.py:840} INFO - DAG(s) 'example_task_group' retrieved from /home/airflow/.local/lib/python3.8/site-packages/airflow/example_dags/example_task_group.py
[2024-03-22T10:58:00.921+0000] {logging_mixin.py:188} INFO - [2024-03-22T10:58:00.921+0000] {dag.py:3047} INFO - Sync 1 DAGs
[2024-03-22T10:58:00.936+0000] {logging_mixin.py:188} INFO - [2024-03-22T10:58:00.936+0000] {dag.py:3834} INFO - Setting next_dagrun for example_task_group to 2024-03-21 00:00:00+00:00, run_after=2024-03-22 00:00:00+00:00
[2024-03-22T10:58:00.948+0000] {processor.py:183} INFO - Processing /home/airflow/.local/lib/python3.8/site-packages/airflow/example_dags/example_task_group.py took 0.053 seconds
[2024-03-22T10:58:31.129+0000] {processor.py:161} INFO - Started process (PID=928) to work on /home/airflow/.local/lib/python3.8/site-packages/airflow/example_dags/example_task_group.py
[2024-03-22T10:58:31.130+0000] {processor.py:830} INFO - Processing file /home/airflow/.local/lib/python3.8/site-packages/airflow/example_dags/example_task_group.py for tasks to queue
[2024-03-22T10:58:31.132+0000] {logging_mixin.py:188} INFO - [2024-03-22T10:58:31.132+0000] {dagbag.py:540} INFO - Filling up the DagBag from /home/airflow/.local/lib/python3.8/site-packages/airflow/example_dags/example_task_group.py
[2024-03-22T10:58:31.138+0000] {processor.py:840} INFO - DAG(s) 'example_task_group' retrieved from /home/airflow/.local/lib/python3.8/site-packages/airflow/example_dags/example_task_group.py
[2024-03-22T10:58:31.158+0000] {logging_mixin.py:188} INFO - [2024-03-22T10:58:31.158+0000] {dag.py:3047} INFO - Sync 1 DAGs
[2024-03-22T10:58:31.182+0000] {logging_mixin.py:188} INFO - [2024-03-22T10:58:31.181+0000] {dag.py:3834} INFO - Setting next_dagrun for example_task_group to 2024-03-21 00:00:00+00:00, run_after=2024-03-22 00:00:00+00:00
[2024-03-22T10:58:31.199+0000] {processor.py:183} INFO - Processing /home/airflow/.local/lib/python3.8/site-packages/airflow/example_dags/example_task_group.py took 0.073 seconds
[2024-03-22T10:59:01.340+0000] {processor.py:161} INFO - Started process (PID=983) to work on /home/airflow/.local/lib/python3.8/site-packages/airflow/example_dags/example_task_group.py
[2024-03-22T10:59:01.341+0000] {processor.py:830} INFO - Processing file /home/airflow/.local/lib/python3.8/site-packages/airflow/example_dags/example_task_group.py for tasks to queue
[2024-03-22T10:59:01.342+0000] {logging_mixin.py:188} INFO - [2024-03-22T10:59:01.342+0000] {dagbag.py:540} INFO - Filling up the DagBag from /home/airflow/.local/lib/python3.8/site-packages/airflow/example_dags/example_task_group.py
[2024-03-22T10:59:01.347+0000] {processor.py:840} INFO - DAG(s) 'example_task_group' retrieved from /home/airflow/.local/lib/python3.8/site-packages/airflow/example_dags/example_task_group.py
[2024-03-22T10:59:01.362+0000] {logging_mixin.py:188} INFO - [2024-03-22T10:59:01.362+0000] {dag.py:3047} INFO - Sync 1 DAGs
[2024-03-22T10:59:01.379+0000] {logging_mixin.py:188} INFO - [2024-03-22T10:59:01.378+0000] {dag.py:3834} INFO - Setting next_dagrun for example_task_group to 2024-03-21 00:00:00+00:00, run_after=2024-03-22 00:00:00+00:00
[2024-03-22T10:59:01.393+0000] {processor.py:183} INFO - Processing /home/airflow/.local/lib/python3.8/site-packages/airflow/example_dags/example_task_group.py took 0.055 seconds
[2024-03-22T10:59:31.447+0000] {processor.py:161} INFO - Started process (PID=1038) to work on /home/airflow/.local/lib/python3.8/site-packages/airflow/example_dags/example_task_group.py
[2024-03-22T10:59:31.447+0000] {processor.py:830} INFO - Processing file /home/airflow/.local/lib/python3.8/site-packages/airflow/example_dags/example_task_group.py for tasks to queue
[2024-03-22T10:59:31.449+0000] {logging_mixin.py:188} INFO - [2024-03-22T10:59:31.449+0000] {dagbag.py:540} INFO - Filling up the DagBag from /home/airflow/.local/lib/python3.8/site-packages/airflow/example_dags/example_task_group.py
[2024-03-22T10:59:31.454+0000] {processor.py:840} INFO - DAG(s) 'example_task_group' retrieved from /home/airflow/.local/lib/python3.8/site-packages/airflow/example_dags/example_task_group.py
[2024-03-22T10:59:31.471+0000] {logging_mixin.py:188} INFO - [2024-03-22T10:59:31.470+0000] {dag.py:3047} INFO - Sync 1 DAGs
[2024-03-22T10:59:31.489+0000] {logging_mixin.py:188} INFO - [2024-03-22T10:59:31.489+0000] {dag.py:3834} INFO - Setting next_dagrun for example_task_group to 2024-03-21 00:00:00+00:00, run_after=2024-03-22 00:00:00+00:00
[2024-03-22T10:59:31.505+0000] {processor.py:183} INFO - Processing /home/airflow/.local/lib/python3.8/site-packages/airflow/example_dags/example_task_group.py took 0.061 seconds
[2024-03-22T11:00:01.657+0000] {processor.py:161} INFO - Started process (PID=1093) to work on /home/airflow/.local/lib/python3.8/site-packages/airflow/example_dags/example_task_group.py
[2024-03-22T11:00:01.658+0000] {processor.py:830} INFO - Processing file /home/airflow/.local/lib/python3.8/site-packages/airflow/example_dags/example_task_group.py for tasks to queue
[2024-03-22T11:00:01.659+0000] {logging_mixin.py:188} INFO - [2024-03-22T11:00:01.659+0000] {dagbag.py:540} INFO - Filling up the DagBag from /home/airflow/.local/lib/python3.8/site-packages/airflow/example_dags/example_task_group.py
[2024-03-22T11:00:01.665+0000] {processor.py:840} INFO - DAG(s) 'example_task_group' retrieved from /home/airflow/.local/lib/python3.8/site-packages/airflow/example_dags/example_task_group.py
[2024-03-22T11:00:01.683+0000] {logging_mixin.py:188} INFO - [2024-03-22T11:00:01.683+0000] {dag.py:3047} INFO - Sync 1 DAGs
[2024-03-22T11:00:01.700+0000] {logging_mixin.py:188} INFO - [2024-03-22T11:00:01.700+0000] {dag.py:3834} INFO - Setting next_dagrun for example_task_group to 2024-03-21 00:00:00+00:00, run_after=2024-03-22 00:00:00+00:00
[2024-03-22T11:00:01.717+0000] {processor.py:183} INFO - Processing /home/airflow/.local/lib/python3.8/site-packages/airflow/example_dags/example_task_group.py took 0.063 seconds
[2024-03-22T11:00:31.798+0000] {processor.py:161} INFO - Started process (PID=1148) to work on /home/airflow/.local/lib/python3.8/site-packages/airflow/example_dags/example_task_group.py
[2024-03-22T11:00:31.799+0000] {processor.py:830} INFO - Processing file /home/airflow/.local/lib/python3.8/site-packages/airflow/example_dags/example_task_group.py for tasks to queue
[2024-03-22T11:00:31.801+0000] {logging_mixin.py:188} INFO - [2024-03-22T11:00:31.800+0000] {dagbag.py:540} INFO - Filling up the DagBag from /home/airflow/.local/lib/python3.8/site-packages/airflow/example_dags/example_task_group.py
[2024-03-22T11:00:31.807+0000] {processor.py:840} INFO - DAG(s) 'example_task_group' retrieved from /home/airflow/.local/lib/python3.8/site-packages/airflow/example_dags/example_task_group.py
[2024-03-22T11:00:31.825+0000] {logging_mixin.py:188} INFO - [2024-03-22T11:00:31.825+0000] {dag.py:3047} INFO - Sync 1 DAGs
[2024-03-22T11:00:31.842+0000] {logging_mixin.py:188} INFO - [2024-03-22T11:00:31.842+0000] {dag.py:3834} INFO - Setting next_dagrun for example_task_group to 2024-03-21 00:00:00+00:00, run_after=2024-03-22 00:00:00+00:00
[2024-03-22T11:00:31.857+0000] {processor.py:183} INFO - Processing /home/airflow/.local/lib/python3.8/site-packages/airflow/example_dags/example_task_group.py took 0.061 seconds
[2024-03-22T11:01:01.893+0000] {processor.py:161} INFO - Started process (PID=1203) to work on /home/airflow/.local/lib/python3.8/site-packages/airflow/example_dags/example_task_group.py
[2024-03-22T11:01:01.894+0000] {processor.py:830} INFO - Processing file /home/airflow/.local/lib/python3.8/site-packages/airflow/example_dags/example_task_group.py for tasks to queue
[2024-03-22T11:01:01.895+0000] {logging_mixin.py:188} INFO - [2024-03-22T11:01:01.895+0000] {dagbag.py:540} INFO - Filling up the DagBag from /home/airflow/.local/lib/python3.8/site-packages/airflow/example_dags/example_task_group.py
[2024-03-22T11:01:01.900+0000] {processor.py:840} INFO - DAG(s) 'example_task_group' retrieved from /home/airflow/.local/lib/python3.8/site-packages/airflow/example_dags/example_task_group.py
[2024-03-22T11:01:01.916+0000] {logging_mixin.py:188} INFO - [2024-03-22T11:01:01.916+0000] {dag.py:3047} INFO - Sync 1 DAGs
[2024-03-22T11:01:01.933+0000] {logging_mixin.py:188} INFO - [2024-03-22T11:01:01.932+0000] {dag.py:3834} INFO - Setting next_dagrun for example_task_group to 2024-03-21 00:00:00+00:00, run_after=2024-03-22 00:00:00+00:00
[2024-03-22T11:01:01.944+0000] {processor.py:183} INFO - Processing /home/airflow/.local/lib/python3.8/site-packages/airflow/example_dags/example_task_group.py took 0.054 seconds
[2024-03-22T11:01:32.083+0000] {processor.py:161} INFO - Started process (PID=1258) to work on /home/airflow/.local/lib/python3.8/site-packages/airflow/example_dags/example_task_group.py
[2024-03-22T11:01:32.084+0000] {processor.py:830} INFO - Processing file /home/airflow/.local/lib/python3.8/site-packages/airflow/example_dags/example_task_group.py for tasks to queue
[2024-03-22T11:01:32.086+0000] {logging_mixin.py:188} INFO - [2024-03-22T11:01:32.085+0000] {dagbag.py:540} INFO - Filling up the DagBag from /home/airflow/.local/lib/python3.8/site-packages/airflow/example_dags/example_task_group.py
[2024-03-22T11:01:32.091+0000] {processor.py:840} INFO - DAG(s) 'example_task_group' retrieved from /home/airflow/.local/lib/python3.8/site-packages/airflow/example_dags/example_task_group.py
[2024-03-22T11:01:32.110+0000] {logging_mixin.py:188} INFO - [2024-03-22T11:01:32.110+0000] {dag.py:3047} INFO - Sync 1 DAGs
[2024-03-22T11:01:32.129+0000] {logging_mixin.py:188} INFO - [2024-03-22T11:01:32.129+0000] {dag.py:3834} INFO - Setting next_dagrun for example_task_group to 2024-03-21 00:00:00+00:00, run_after=2024-03-22 00:00:00+00:00
[2024-03-22T11:01:32.141+0000] {processor.py:183} INFO - Processing /home/airflow/.local/lib/python3.8/site-packages/airflow/example_dags/example_task_group.py took 0.060 seconds
