[2024-03-22T10:50:26.245+0000] {processor.py:161} INFO - Started process (PID=66) to work on /home/airflow/.local/lib/python3.8/site-packages/airflow/example_dags/example_sla_dag.py
[2024-03-22T10:50:26.246+0000] {processor.py:830} INFO - Processing file /home/airflow/.local/lib/python3.8/site-packages/airflow/example_dags/example_sla_dag.py for tasks to queue
[2024-03-22T10:50:26.248+0000] {logging_mixin.py:188} INFO - [2024-03-22T10:50:26.247+0000] {dagbag.py:540} INFO - Filling up the DagBag from /home/airflow/.local/lib/python3.8/site-packages/airflow/example_dags/example_sla_dag.py
[2024-03-22T10:50:26.258+0000] {processor.py:840} INFO - DAG(s) 'example_sla_dag' retrieved from /home/airflow/.local/lib/python3.8/site-packages/airflow/example_dags/example_sla_dag.py
[2024-03-22T10:50:26.266+0000] {logging_mixin.py:188} INFO - [2024-03-22T10:50:26.266+0000] {dag.py:3047} INFO - Sync 1 DAGs
[2024-03-22T10:50:26.292+0000] {logging_mixin.py:188} INFO - [2024-03-22T10:50:26.291+0000] {dag.py:3834} INFO - Setting next_dagrun for example_sla_dag to 2024-03-22 10:48:00+00:00, run_after=2024-03-22 10:50:00+00:00
[2024-03-22T10:50:26.308+0000] {processor.py:183} INFO - Processing /home/airflow/.local/lib/python3.8/site-packages/airflow/example_dags/example_sla_dag.py took 0.065 seconds
[2024-03-22T10:50:57.707+0000] {processor.py:161} INFO - Started process (PID=120) to work on /home/airflow/.local/lib/python3.8/site-packages/airflow/example_dags/example_sla_dag.py
[2024-03-22T10:50:57.707+0000] {processor.py:830} INFO - Processing file /home/airflow/.local/lib/python3.8/site-packages/airflow/example_dags/example_sla_dag.py for tasks to queue
[2024-03-22T10:50:57.709+0000] {logging_mixin.py:188} INFO - [2024-03-22T10:50:57.709+0000] {dagbag.py:540} INFO - Filling up the DagBag from /home/airflow/.local/lib/python3.8/site-packages/airflow/example_dags/example_sla_dag.py
[2024-03-22T10:50:57.716+0000] {processor.py:840} INFO - DAG(s) 'example_sla_dag' retrieved from /home/airflow/.local/lib/python3.8/site-packages/airflow/example_dags/example_sla_dag.py
[2024-03-22T10:50:57.811+0000] {logging_mixin.py:188} INFO - [2024-03-22T10:50:57.810+0000] {dag.py:3047} INFO - Sync 1 DAGs
[2024-03-22T10:50:57.830+0000] {logging_mixin.py:188} INFO - [2024-03-22T10:50:57.830+0000] {dag.py:3834} INFO - Setting next_dagrun for example_sla_dag to 2024-03-22 10:48:00+00:00, run_after=2024-03-22 10:50:00+00:00
[2024-03-22T10:50:57.847+0000] {processor.py:183} INFO - Processing /home/airflow/.local/lib/python3.8/site-packages/airflow/example_dags/example_sla_dag.py took 0.143 seconds
[2024-03-22T10:51:28.743+0000] {processor.py:161} INFO - Started process (PID=175) to work on /home/airflow/.local/lib/python3.8/site-packages/airflow/example_dags/example_sla_dag.py
[2024-03-22T10:51:28.744+0000] {processor.py:830} INFO - Processing file /home/airflow/.local/lib/python3.8/site-packages/airflow/example_dags/example_sla_dag.py for tasks to queue
[2024-03-22T10:51:28.745+0000] {logging_mixin.py:188} INFO - [2024-03-22T10:51:28.745+0000] {dagbag.py:540} INFO - Filling up the DagBag from /home/airflow/.local/lib/python3.8/site-packages/airflow/example_dags/example_sla_dag.py
[2024-03-22T10:51:28.750+0000] {processor.py:840} INFO - DAG(s) 'example_sla_dag' retrieved from /home/airflow/.local/lib/python3.8/site-packages/airflow/example_dags/example_sla_dag.py
[2024-03-22T10:51:28.764+0000] {logging_mixin.py:188} INFO - [2024-03-22T10:51:28.764+0000] {dag.py:3047} INFO - Sync 1 DAGs
[2024-03-22T10:51:28.782+0000] {logging_mixin.py:188} INFO - [2024-03-22T10:51:28.782+0000] {dag.py:3834} INFO - Setting next_dagrun for example_sla_dag to 2024-03-22 10:48:00+00:00, run_after=2024-03-22 10:50:00+00:00
[2024-03-22T10:51:28.797+0000] {processor.py:183} INFO - Processing /home/airflow/.local/lib/python3.8/site-packages/airflow/example_dags/example_sla_dag.py took 0.056 seconds
[2024-03-22T10:51:58.944+0000] {processor.py:161} INFO - Started process (PID=230) to work on /home/airflow/.local/lib/python3.8/site-packages/airflow/example_dags/example_sla_dag.py
[2024-03-22T10:51:58.944+0000] {processor.py:830} INFO - Processing file /home/airflow/.local/lib/python3.8/site-packages/airflow/example_dags/example_sla_dag.py for tasks to queue
[2024-03-22T10:51:58.946+0000] {logging_mixin.py:188} INFO - [2024-03-22T10:51:58.946+0000] {dagbag.py:540} INFO - Filling up the DagBag from /home/airflow/.local/lib/python3.8/site-packages/airflow/example_dags/example_sla_dag.py
[2024-03-22T10:51:58.953+0000] {processor.py:840} INFO - DAG(s) 'example_sla_dag' retrieved from /home/airflow/.local/lib/python3.8/site-packages/airflow/example_dags/example_sla_dag.py
[2024-03-22T10:51:58.969+0000] {logging_mixin.py:188} INFO - [2024-03-22T10:51:58.968+0000] {dag.py:3047} INFO - Sync 1 DAGs
[2024-03-22T10:51:58.987+0000] {logging_mixin.py:188} INFO - [2024-03-22T10:51:58.987+0000] {dag.py:3834} INFO - Setting next_dagrun for example_sla_dag to 2024-03-22 10:48:00+00:00, run_after=2024-03-22 10:50:00+00:00
[2024-03-22T10:51:59.004+0000] {processor.py:183} INFO - Processing /home/airflow/.local/lib/python3.8/site-packages/airflow/example_dags/example_sla_dag.py took 0.063 seconds
[2024-03-22T10:52:29.131+0000] {processor.py:161} INFO - Started process (PID=285) to work on /home/airflow/.local/lib/python3.8/site-packages/airflow/example_dags/example_sla_dag.py
[2024-03-22T10:52:29.132+0000] {processor.py:830} INFO - Processing file /home/airflow/.local/lib/python3.8/site-packages/airflow/example_dags/example_sla_dag.py for tasks to queue
[2024-03-22T10:52:29.134+0000] {logging_mixin.py:188} INFO - [2024-03-22T10:52:29.134+0000] {dagbag.py:540} INFO - Filling up the DagBag from /home/airflow/.local/lib/python3.8/site-packages/airflow/example_dags/example_sla_dag.py
[2024-03-22T10:52:29.140+0000] {processor.py:840} INFO - DAG(s) 'example_sla_dag' retrieved from /home/airflow/.local/lib/python3.8/site-packages/airflow/example_dags/example_sla_dag.py
[2024-03-22T10:52:29.157+0000] {logging_mixin.py:188} INFO - [2024-03-22T10:52:29.156+0000] {dag.py:3047} INFO - Sync 1 DAGs
[2024-03-22T10:52:29.176+0000] {logging_mixin.py:188} INFO - [2024-03-22T10:52:29.176+0000] {dag.py:3834} INFO - Setting next_dagrun for example_sla_dag to 2024-03-22 10:50:00+00:00, run_after=2024-03-22 10:52:00+00:00
[2024-03-22T10:52:29.193+0000] {processor.py:183} INFO - Processing /home/airflow/.local/lib/python3.8/site-packages/airflow/example_dags/example_sla_dag.py took 0.064 seconds
[2024-03-22T10:52:59.480+0000] {processor.py:161} INFO - Started process (PID=340) to work on /home/airflow/.local/lib/python3.8/site-packages/airflow/example_dags/example_sla_dag.py
[2024-03-22T10:52:59.481+0000] {processor.py:830} INFO - Processing file /home/airflow/.local/lib/python3.8/site-packages/airflow/example_dags/example_sla_dag.py for tasks to queue
[2024-03-22T10:52:59.483+0000] {logging_mixin.py:188} INFO - [2024-03-22T10:52:59.482+0000] {dagbag.py:540} INFO - Filling up the DagBag from /home/airflow/.local/lib/python3.8/site-packages/airflow/example_dags/example_sla_dag.py
[2024-03-22T10:52:59.488+0000] {processor.py:840} INFO - DAG(s) 'example_sla_dag' retrieved from /home/airflow/.local/lib/python3.8/site-packages/airflow/example_dags/example_sla_dag.py
[2024-03-22T10:52:59.503+0000] {logging_mixin.py:188} INFO - [2024-03-22T10:52:59.503+0000] {dag.py:3047} INFO - Sync 1 DAGs
[2024-03-22T10:52:59.520+0000] {logging_mixin.py:188} INFO - [2024-03-22T10:52:59.520+0000] {dag.py:3834} INFO - Setting next_dagrun for example_sla_dag to 2024-03-22 10:50:00+00:00, run_after=2024-03-22 10:52:00+00:00
[2024-03-22T10:52:59.534+0000] {processor.py:183} INFO - Processing /home/airflow/.local/lib/python3.8/site-packages/airflow/example_dags/example_sla_dag.py took 0.057 seconds
[2024-03-22T10:53:29.802+0000] {processor.py:161} INFO - Started process (PID=395) to work on /home/airflow/.local/lib/python3.8/site-packages/airflow/example_dags/example_sla_dag.py
[2024-03-22T10:53:29.802+0000] {processor.py:830} INFO - Processing file /home/airflow/.local/lib/python3.8/site-packages/airflow/example_dags/example_sla_dag.py for tasks to queue
[2024-03-22T10:53:29.804+0000] {logging_mixin.py:188} INFO - [2024-03-22T10:53:29.803+0000] {dagbag.py:540} INFO - Filling up the DagBag from /home/airflow/.local/lib/python3.8/site-packages/airflow/example_dags/example_sla_dag.py
[2024-03-22T10:53:29.810+0000] {processor.py:840} INFO - DAG(s) 'example_sla_dag' retrieved from /home/airflow/.local/lib/python3.8/site-packages/airflow/example_dags/example_sla_dag.py
[2024-03-22T10:53:29.825+0000] {logging_mixin.py:188} INFO - [2024-03-22T10:53:29.824+0000] {dag.py:3047} INFO - Sync 1 DAGs
[2024-03-22T10:53:29.844+0000] {logging_mixin.py:188} INFO - [2024-03-22T10:53:29.844+0000] {dag.py:3834} INFO - Setting next_dagrun for example_sla_dag to 2024-03-22 10:50:00+00:00, run_after=2024-03-22 10:52:00+00:00
[2024-03-22T10:53:29.857+0000] {processor.py:183} INFO - Processing /home/airflow/.local/lib/python3.8/site-packages/airflow/example_dags/example_sla_dag.py took 0.059 seconds
[2024-03-22T10:54:00.018+0000] {processor.py:161} INFO - Started process (PID=450) to work on /home/airflow/.local/lib/python3.8/site-packages/airflow/example_dags/example_sla_dag.py
[2024-03-22T10:54:00.019+0000] {processor.py:830} INFO - Processing file /home/airflow/.local/lib/python3.8/site-packages/airflow/example_dags/example_sla_dag.py for tasks to queue
[2024-03-22T10:54:00.021+0000] {logging_mixin.py:188} INFO - [2024-03-22T10:54:00.020+0000] {dagbag.py:540} INFO - Filling up the DagBag from /home/airflow/.local/lib/python3.8/site-packages/airflow/example_dags/example_sla_dag.py
[2024-03-22T10:54:00.027+0000] {processor.py:840} INFO - DAG(s) 'example_sla_dag' retrieved from /home/airflow/.local/lib/python3.8/site-packages/airflow/example_dags/example_sla_dag.py
[2024-03-22T10:54:00.040+0000] {logging_mixin.py:188} INFO - [2024-03-22T10:54:00.040+0000] {dag.py:3047} INFO - Sync 1 DAGs
[2024-03-22T10:54:00.058+0000] {logging_mixin.py:188} INFO - [2024-03-22T10:54:00.058+0000] {dag.py:3834} INFO - Setting next_dagrun for example_sla_dag to 2024-03-22 10:52:00+00:00, run_after=2024-03-22 10:54:00+00:00
[2024-03-22T10:54:00.071+0000] {processor.py:183} INFO - Processing /home/airflow/.local/lib/python3.8/site-packages/airflow/example_dags/example_sla_dag.py took 0.055 seconds
[2024-03-22T10:54:30.247+0000] {processor.py:161} INFO - Started process (PID=505) to work on /home/airflow/.local/lib/python3.8/site-packages/airflow/example_dags/example_sla_dag.py
[2024-03-22T10:54:30.248+0000] {processor.py:830} INFO - Processing file /home/airflow/.local/lib/python3.8/site-packages/airflow/example_dags/example_sla_dag.py for tasks to queue
[2024-03-22T10:54:30.249+0000] {logging_mixin.py:188} INFO - [2024-03-22T10:54:30.249+0000] {dagbag.py:540} INFO - Filling up the DagBag from /home/airflow/.local/lib/python3.8/site-packages/airflow/example_dags/example_sla_dag.py
[2024-03-22T10:54:30.255+0000] {processor.py:840} INFO - DAG(s) 'example_sla_dag' retrieved from /home/airflow/.local/lib/python3.8/site-packages/airflow/example_dags/example_sla_dag.py
[2024-03-22T10:54:30.268+0000] {logging_mixin.py:188} INFO - [2024-03-22T10:54:30.268+0000] {dag.py:3047} INFO - Sync 1 DAGs
[2024-03-22T10:54:30.286+0000] {logging_mixin.py:188} INFO - [2024-03-22T10:54:30.286+0000] {dag.py:3834} INFO - Setting next_dagrun for example_sla_dag to 2024-03-22 10:52:00+00:00, run_after=2024-03-22 10:54:00+00:00
[2024-03-22T10:54:30.300+0000] {processor.py:183} INFO - Processing /home/airflow/.local/lib/python3.8/site-packages/airflow/example_dags/example_sla_dag.py took 0.055 seconds
[2024-03-22T10:55:00.494+0000] {processor.py:161} INFO - Started process (PID=560) to work on /home/airflow/.local/lib/python3.8/site-packages/airflow/example_dags/example_sla_dag.py
[2024-03-22T10:55:00.495+0000] {processor.py:830} INFO - Processing file /home/airflow/.local/lib/python3.8/site-packages/airflow/example_dags/example_sla_dag.py for tasks to queue
[2024-03-22T10:55:00.496+0000] {logging_mixin.py:188} INFO - [2024-03-22T10:55:00.496+0000] {dagbag.py:540} INFO - Filling up the DagBag from /home/airflow/.local/lib/python3.8/site-packages/airflow/example_dags/example_sla_dag.py
[2024-03-22T10:55:00.502+0000] {processor.py:840} INFO - DAG(s) 'example_sla_dag' retrieved from /home/airflow/.local/lib/python3.8/site-packages/airflow/example_dags/example_sla_dag.py
[2024-03-22T10:55:00.517+0000] {logging_mixin.py:188} INFO - [2024-03-22T10:55:00.517+0000] {dag.py:3047} INFO - Sync 1 DAGs
[2024-03-22T10:55:00.536+0000] {logging_mixin.py:188} INFO - [2024-03-22T10:55:00.536+0000] {dag.py:3834} INFO - Setting next_dagrun for example_sla_dag to 2024-03-22 10:52:00+00:00, run_after=2024-03-22 10:54:00+00:00
[2024-03-22T10:55:00.549+0000] {processor.py:183} INFO - Processing /home/airflow/.local/lib/python3.8/site-packages/airflow/example_dags/example_sla_dag.py took 0.058 seconds
[2024-03-22T10:55:30.741+0000] {processor.py:161} INFO - Started process (PID=615) to work on /home/airflow/.local/lib/python3.8/site-packages/airflow/example_dags/example_sla_dag.py
[2024-03-22T10:55:30.742+0000] {processor.py:830} INFO - Processing file /home/airflow/.local/lib/python3.8/site-packages/airflow/example_dags/example_sla_dag.py for tasks to queue
[2024-03-22T10:55:30.744+0000] {logging_mixin.py:188} INFO - [2024-03-22T10:55:30.743+0000] {dagbag.py:540} INFO - Filling up the DagBag from /home/airflow/.local/lib/python3.8/site-packages/airflow/example_dags/example_sla_dag.py
[2024-03-22T10:55:30.751+0000] {processor.py:840} INFO - DAG(s) 'example_sla_dag' retrieved from /home/airflow/.local/lib/python3.8/site-packages/airflow/example_dags/example_sla_dag.py
[2024-03-22T10:55:30.769+0000] {logging_mixin.py:188} INFO - [2024-03-22T10:55:30.769+0000] {dag.py:3047} INFO - Sync 1 DAGs
[2024-03-22T10:55:30.790+0000] {logging_mixin.py:188} INFO - [2024-03-22T10:55:30.790+0000] {dag.py:3834} INFO - Setting next_dagrun for example_sla_dag to 2024-03-22 10:52:00+00:00, run_after=2024-03-22 10:54:00+00:00
[2024-03-22T10:55:30.806+0000] {processor.py:183} INFO - Processing /home/airflow/.local/lib/python3.8/site-packages/airflow/example_dags/example_sla_dag.py took 0.068 seconds
[2024-03-22T10:56:01.155+0000] {processor.py:161} INFO - Started process (PID=670) to work on /home/airflow/.local/lib/python3.8/site-packages/airflow/example_dags/example_sla_dag.py
[2024-03-22T10:56:01.155+0000] {processor.py:830} INFO - Processing file /home/airflow/.local/lib/python3.8/site-packages/airflow/example_dags/example_sla_dag.py for tasks to queue
[2024-03-22T10:56:01.156+0000] {logging_mixin.py:188} INFO - [2024-03-22T10:56:01.156+0000] {dagbag.py:540} INFO - Filling up the DagBag from /home/airflow/.local/lib/python3.8/site-packages/airflow/example_dags/example_sla_dag.py
[2024-03-22T10:56:01.162+0000] {processor.py:840} INFO - DAG(s) 'example_sla_dag' retrieved from /home/airflow/.local/lib/python3.8/site-packages/airflow/example_dags/example_sla_dag.py
[2024-03-22T10:56:01.175+0000] {logging_mixin.py:188} INFO - [2024-03-22T10:56:01.175+0000] {dag.py:3047} INFO - Sync 1 DAGs
[2024-03-22T10:56:01.192+0000] {logging_mixin.py:188} INFO - [2024-03-22T10:56:01.191+0000] {dag.py:3834} INFO - Setting next_dagrun for example_sla_dag to 2024-03-22 10:54:00+00:00, run_after=2024-03-22 10:56:00+00:00
[2024-03-22T10:56:01.206+0000] {processor.py:183} INFO - Processing /home/airflow/.local/lib/python3.8/site-packages/airflow/example_dags/example_sla_dag.py took 0.053 seconds
[2024-03-22T10:56:31.252+0000] {processor.py:161} INFO - Started process (PID=725) to work on /home/airflow/.local/lib/python3.8/site-packages/airflow/example_dags/example_sla_dag.py
[2024-03-22T10:56:31.253+0000] {processor.py:830} INFO - Processing file /home/airflow/.local/lib/python3.8/site-packages/airflow/example_dags/example_sla_dag.py for tasks to queue
[2024-03-22T10:56:31.254+0000] {logging_mixin.py:188} INFO - [2024-03-22T10:56:31.254+0000] {dagbag.py:540} INFO - Filling up the DagBag from /home/airflow/.local/lib/python3.8/site-packages/airflow/example_dags/example_sla_dag.py
[2024-03-22T10:56:31.260+0000] {processor.py:840} INFO - DAG(s) 'example_sla_dag' retrieved from /home/airflow/.local/lib/python3.8/site-packages/airflow/example_dags/example_sla_dag.py
[2024-03-22T10:56:31.274+0000] {logging_mixin.py:188} INFO - [2024-03-22T10:56:31.273+0000] {dag.py:3047} INFO - Sync 1 DAGs
[2024-03-22T10:56:31.291+0000] {logging_mixin.py:188} INFO - [2024-03-22T10:56:31.291+0000] {dag.py:3834} INFO - Setting next_dagrun for example_sla_dag to 2024-03-22 10:54:00+00:00, run_after=2024-03-22 10:56:00+00:00
[2024-03-22T10:56:31.317+0000] {processor.py:183} INFO - Processing /home/airflow/.local/lib/python3.8/site-packages/airflow/example_dags/example_sla_dag.py took 0.067 seconds
[2024-03-22T10:57:01.385+0000] {processor.py:161} INFO - Started process (PID=780) to work on /home/airflow/.local/lib/python3.8/site-packages/airflow/example_dags/example_sla_dag.py
[2024-03-22T10:57:01.386+0000] {processor.py:830} INFO - Processing file /home/airflow/.local/lib/python3.8/site-packages/airflow/example_dags/example_sla_dag.py for tasks to queue
[2024-03-22T10:57:01.388+0000] {logging_mixin.py:188} INFO - [2024-03-22T10:57:01.387+0000] {dagbag.py:540} INFO - Filling up the DagBag from /home/airflow/.local/lib/python3.8/site-packages/airflow/example_dags/example_sla_dag.py
[2024-03-22T10:57:01.394+0000] {processor.py:840} INFO - DAG(s) 'example_sla_dag' retrieved from /home/airflow/.local/lib/python3.8/site-packages/airflow/example_dags/example_sla_dag.py
[2024-03-22T10:57:01.409+0000] {logging_mixin.py:188} INFO - [2024-03-22T10:57:01.409+0000] {dag.py:3047} INFO - Sync 1 DAGs
[2024-03-22T10:57:01.428+0000] {logging_mixin.py:188} INFO - [2024-03-22T10:57:01.428+0000] {dag.py:3834} INFO - Setting next_dagrun for example_sla_dag to 2024-03-22 10:54:00+00:00, run_after=2024-03-22 10:56:00+00:00
[2024-03-22T10:57:01.441+0000] {processor.py:183} INFO - Processing /home/airflow/.local/lib/python3.8/site-packages/airflow/example_dags/example_sla_dag.py took 0.059 seconds
[2024-03-22T10:57:31.565+0000] {processor.py:161} INFO - Started process (PID=835) to work on /home/airflow/.local/lib/python3.8/site-packages/airflow/example_dags/example_sla_dag.py
[2024-03-22T10:57:31.566+0000] {processor.py:830} INFO - Processing file /home/airflow/.local/lib/python3.8/site-packages/airflow/example_dags/example_sla_dag.py for tasks to queue
[2024-03-22T10:57:31.568+0000] {logging_mixin.py:188} INFO - [2024-03-22T10:57:31.567+0000] {dagbag.py:540} INFO - Filling up the DagBag from /home/airflow/.local/lib/python3.8/site-packages/airflow/example_dags/example_sla_dag.py
[2024-03-22T10:57:31.574+0000] {processor.py:840} INFO - DAG(s) 'example_sla_dag' retrieved from /home/airflow/.local/lib/python3.8/site-packages/airflow/example_dags/example_sla_dag.py
[2024-03-22T10:57:31.586+0000] {logging_mixin.py:188} INFO - [2024-03-22T10:57:31.586+0000] {dag.py:3047} INFO - Sync 1 DAGs
[2024-03-22T10:57:31.607+0000] {logging_mixin.py:188} INFO - [2024-03-22T10:57:31.607+0000] {dag.py:3834} INFO - Setting next_dagrun for example_sla_dag to 2024-03-22 10:54:00+00:00, run_after=2024-03-22 10:56:00+00:00
[2024-03-22T10:57:31.621+0000] {processor.py:183} INFO - Processing /home/airflow/.local/lib/python3.8/site-packages/airflow/example_dags/example_sla_dag.py took 0.058 seconds
[2024-03-22T10:58:01.846+0000] {processor.py:161} INFO - Started process (PID=890) to work on /home/airflow/.local/lib/python3.8/site-packages/airflow/example_dags/example_sla_dag.py
[2024-03-22T10:58:01.847+0000] {processor.py:830} INFO - Processing file /home/airflow/.local/lib/python3.8/site-packages/airflow/example_dags/example_sla_dag.py for tasks to queue
[2024-03-22T10:58:01.848+0000] {logging_mixin.py:188} INFO - [2024-03-22T10:58:01.848+0000] {dagbag.py:540} INFO - Filling up the DagBag from /home/airflow/.local/lib/python3.8/site-packages/airflow/example_dags/example_sla_dag.py
[2024-03-22T10:58:01.854+0000] {processor.py:840} INFO - DAG(s) 'example_sla_dag' retrieved from /home/airflow/.local/lib/python3.8/site-packages/airflow/example_dags/example_sla_dag.py
[2024-03-22T10:58:01.867+0000] {logging_mixin.py:188} INFO - [2024-03-22T10:58:01.866+0000] {dag.py:3047} INFO - Sync 1 DAGs
[2024-03-22T10:58:01.884+0000] {logging_mixin.py:188} INFO - [2024-03-22T10:58:01.884+0000] {dag.py:3834} INFO - Setting next_dagrun for example_sla_dag to 2024-03-22 10:56:00+00:00, run_after=2024-03-22 10:58:00+00:00
[2024-03-22T10:58:01.903+0000] {processor.py:183} INFO - Processing /home/airflow/.local/lib/python3.8/site-packages/airflow/example_dags/example_sla_dag.py took 0.059 seconds
[2024-03-22T10:58:32.045+0000] {processor.py:161} INFO - Started process (PID=945) to work on /home/airflow/.local/lib/python3.8/site-packages/airflow/example_dags/example_sla_dag.py
[2024-03-22T10:58:32.045+0000] {processor.py:830} INFO - Processing file /home/airflow/.local/lib/python3.8/site-packages/airflow/example_dags/example_sla_dag.py for tasks to queue
[2024-03-22T10:58:32.047+0000] {logging_mixin.py:188} INFO - [2024-03-22T10:58:32.046+0000] {dagbag.py:540} INFO - Filling up the DagBag from /home/airflow/.local/lib/python3.8/site-packages/airflow/example_dags/example_sla_dag.py
[2024-03-22T10:58:32.053+0000] {processor.py:840} INFO - DAG(s) 'example_sla_dag' retrieved from /home/airflow/.local/lib/python3.8/site-packages/airflow/example_dags/example_sla_dag.py
[2024-03-22T10:58:32.067+0000] {logging_mixin.py:188} INFO - [2024-03-22T10:58:32.067+0000] {dag.py:3047} INFO - Sync 1 DAGs
[2024-03-22T10:58:32.088+0000] {logging_mixin.py:188} INFO - [2024-03-22T10:58:32.088+0000] {dag.py:3834} INFO - Setting next_dagrun for example_sla_dag to 2024-03-22 10:56:00+00:00, run_after=2024-03-22 10:58:00+00:00
[2024-03-22T10:58:32.107+0000] {processor.py:183} INFO - Processing /home/airflow/.local/lib/python3.8/site-packages/airflow/example_dags/example_sla_dag.py took 0.064 seconds
[2024-03-22T10:59:02.201+0000] {processor.py:161} INFO - Started process (PID=1000) to work on /home/airflow/.local/lib/python3.8/site-packages/airflow/example_dags/example_sla_dag.py
[2024-03-22T10:59:02.202+0000] {processor.py:830} INFO - Processing file /home/airflow/.local/lib/python3.8/site-packages/airflow/example_dags/example_sla_dag.py for tasks to queue
[2024-03-22T10:59:02.203+0000] {logging_mixin.py:188} INFO - [2024-03-22T10:59:02.203+0000] {dagbag.py:540} INFO - Filling up the DagBag from /home/airflow/.local/lib/python3.8/site-packages/airflow/example_dags/example_sla_dag.py
[2024-03-22T10:59:02.209+0000] {processor.py:840} INFO - DAG(s) 'example_sla_dag' retrieved from /home/airflow/.local/lib/python3.8/site-packages/airflow/example_dags/example_sla_dag.py
[2024-03-22T10:59:02.226+0000] {logging_mixin.py:188} INFO - [2024-03-22T10:59:02.225+0000] {dag.py:3047} INFO - Sync 1 DAGs
[2024-03-22T10:59:02.246+0000] {logging_mixin.py:188} INFO - [2024-03-22T10:59:02.246+0000] {dag.py:3834} INFO - Setting next_dagrun for example_sla_dag to 2024-03-22 10:56:00+00:00, run_after=2024-03-22 10:58:00+00:00
[2024-03-22T10:59:02.259+0000] {processor.py:183} INFO - Processing /home/airflow/.local/lib/python3.8/site-packages/airflow/example_dags/example_sla_dag.py took 0.061 seconds
[2024-03-22T10:59:32.401+0000] {processor.py:161} INFO - Started process (PID=1055) to work on /home/airflow/.local/lib/python3.8/site-packages/airflow/example_dags/example_sla_dag.py
[2024-03-22T10:59:32.402+0000] {processor.py:830} INFO - Processing file /home/airflow/.local/lib/python3.8/site-packages/airflow/example_dags/example_sla_dag.py for tasks to queue
[2024-03-22T10:59:32.404+0000] {logging_mixin.py:188} INFO - [2024-03-22T10:59:32.404+0000] {dagbag.py:540} INFO - Filling up the DagBag from /home/airflow/.local/lib/python3.8/site-packages/airflow/example_dags/example_sla_dag.py
[2024-03-22T10:59:32.411+0000] {processor.py:840} INFO - DAG(s) 'example_sla_dag' retrieved from /home/airflow/.local/lib/python3.8/site-packages/airflow/example_dags/example_sla_dag.py
[2024-03-22T10:59:32.427+0000] {logging_mixin.py:188} INFO - [2024-03-22T10:59:32.427+0000] {dag.py:3047} INFO - Sync 1 DAGs
[2024-03-22T10:59:32.448+0000] {logging_mixin.py:188} INFO - [2024-03-22T10:59:32.447+0000] {dag.py:3834} INFO - Setting next_dagrun for example_sla_dag to 2024-03-22 10:56:00+00:00, run_after=2024-03-22 10:58:00+00:00
[2024-03-22T10:59:32.462+0000] {processor.py:183} INFO - Processing /home/airflow/.local/lib/python3.8/site-packages/airflow/example_dags/example_sla_dag.py took 0.064 seconds
[2024-03-22T11:00:02.527+0000] {processor.py:161} INFO - Started process (PID=1110) to work on /home/airflow/.local/lib/python3.8/site-packages/airflow/example_dags/example_sla_dag.py
[2024-03-22T11:00:02.528+0000] {processor.py:830} INFO - Processing file /home/airflow/.local/lib/python3.8/site-packages/airflow/example_dags/example_sla_dag.py for tasks to queue
[2024-03-22T11:00:02.529+0000] {logging_mixin.py:188} INFO - [2024-03-22T11:00:02.529+0000] {dagbag.py:540} INFO - Filling up the DagBag from /home/airflow/.local/lib/python3.8/site-packages/airflow/example_dags/example_sla_dag.py
[2024-03-22T11:00:02.535+0000] {processor.py:840} INFO - DAG(s) 'example_sla_dag' retrieved from /home/airflow/.local/lib/python3.8/site-packages/airflow/example_dags/example_sla_dag.py
[2024-03-22T11:00:02.548+0000] {logging_mixin.py:188} INFO - [2024-03-22T11:00:02.548+0000] {dag.py:3047} INFO - Sync 1 DAGs
[2024-03-22T11:00:02.567+0000] {logging_mixin.py:188} INFO - [2024-03-22T11:00:02.567+0000] {dag.py:3834} INFO - Setting next_dagrun for example_sla_dag to 2024-03-22 10:58:00+00:00, run_after=2024-03-22 11:00:00+00:00
[2024-03-22T11:00:02.582+0000] {processor.py:183} INFO - Processing /home/airflow/.local/lib/python3.8/site-packages/airflow/example_dags/example_sla_dag.py took 0.057 seconds
[2024-03-22T11:00:32.704+0000] {processor.py:161} INFO - Started process (PID=1165) to work on /home/airflow/.local/lib/python3.8/site-packages/airflow/example_dags/example_sla_dag.py
[2024-03-22T11:00:32.705+0000] {processor.py:830} INFO - Processing file /home/airflow/.local/lib/python3.8/site-packages/airflow/example_dags/example_sla_dag.py for tasks to queue
[2024-03-22T11:00:32.706+0000] {logging_mixin.py:188} INFO - [2024-03-22T11:00:32.706+0000] {dagbag.py:540} INFO - Filling up the DagBag from /home/airflow/.local/lib/python3.8/site-packages/airflow/example_dags/example_sla_dag.py
[2024-03-22T11:00:32.712+0000] {processor.py:840} INFO - DAG(s) 'example_sla_dag' retrieved from /home/airflow/.local/lib/python3.8/site-packages/airflow/example_dags/example_sla_dag.py
[2024-03-22T11:00:32.726+0000] {logging_mixin.py:188} INFO - [2024-03-22T11:00:32.726+0000] {dag.py:3047} INFO - Sync 1 DAGs
[2024-03-22T11:00:32.746+0000] {logging_mixin.py:188} INFO - [2024-03-22T11:00:32.746+0000] {dag.py:3834} INFO - Setting next_dagrun for example_sla_dag to 2024-03-22 10:58:00+00:00, run_after=2024-03-22 11:00:00+00:00
[2024-03-22T11:00:32.759+0000] {processor.py:183} INFO - Processing /home/airflow/.local/lib/python3.8/site-packages/airflow/example_dags/example_sla_dag.py took 0.058 seconds
[2024-03-22T11:01:03.744+0000] {processor.py:161} INFO - Started process (PID=1220) to work on /home/airflow/.local/lib/python3.8/site-packages/airflow/example_dags/example_sla_dag.py
[2024-03-22T11:01:03.744+0000] {processor.py:830} INFO - Processing file /home/airflow/.local/lib/python3.8/site-packages/airflow/example_dags/example_sla_dag.py for tasks to queue
[2024-03-22T11:01:03.746+0000] {logging_mixin.py:188} INFO - [2024-03-22T11:01:03.746+0000] {dagbag.py:540} INFO - Filling up the DagBag from /home/airflow/.local/lib/python3.8/site-packages/airflow/example_dags/example_sla_dag.py
[2024-03-22T11:01:03.751+0000] {processor.py:840} INFO - DAG(s) 'example_sla_dag' retrieved from /home/airflow/.local/lib/python3.8/site-packages/airflow/example_dags/example_sla_dag.py
[2024-03-22T11:01:03.768+0000] {logging_mixin.py:188} INFO - [2024-03-22T11:01:03.767+0000] {dag.py:3047} INFO - Sync 1 DAGs
[2024-03-22T11:01:03.784+0000] {logging_mixin.py:188} INFO - [2024-03-22T11:01:03.784+0000] {dag.py:3834} INFO - Setting next_dagrun for example_sla_dag to 2024-03-22 10:58:00+00:00, run_after=2024-03-22 11:00:00+00:00
[2024-03-22T11:01:03.797+0000] {processor.py:183} INFO - Processing /home/airflow/.local/lib/python3.8/site-packages/airflow/example_dags/example_sla_dag.py took 0.056 seconds
