[2024-03-22T10:50:25.159+0000] {processor.py:161} INFO - Started process (PID=45) to work on /home/airflow/.local/lib/python3.8/site-packages/airflow/example_dags/example_branch_labels.py
[2024-03-22T10:50:25.160+0000] {processor.py:830} INFO - Processing file /home/airflow/.local/lib/python3.8/site-packages/airflow/example_dags/example_branch_labels.py for tasks to queue
[2024-03-22T10:50:25.162+0000] {logging_mixin.py:188} INFO - [2024-03-22T10:50:25.161+0000] {dagbag.py:540} INFO - Filling up the DagBag from /home/airflow/.local/lib/python3.8/site-packages/airflow/example_dags/example_branch_labels.py
[2024-03-22T10:50:25.172+0000] {processor.py:840} INFO - DAG(s) 'example_branch_labels' retrieved from /home/airflow/.local/lib/python3.8/site-packages/airflow/example_dags/example_branch_labels.py
[2024-03-22T10:50:25.184+0000] {logging_mixin.py:188} INFO - [2024-03-22T10:50:25.184+0000] {dag.py:3047} INFO - Sync 1 DAGs
[2024-03-22T10:50:25.205+0000] {logging_mixin.py:188} INFO - [2024-03-22T10:50:25.205+0000] {dag.py:3834} INFO - Setting next_dagrun for example_branch_labels to 2024-03-21 00:00:00+00:00, run_after=2024-03-22 00:00:00+00:00
[2024-03-22T10:50:25.233+0000] {processor.py:183} INFO - Processing /home/airflow/.local/lib/python3.8/site-packages/airflow/example_dags/example_branch_labels.py took 0.077 seconds
[2024-03-22T10:50:55.820+0000] {processor.py:161} INFO - Started process (PID=99) to work on /home/airflow/.local/lib/python3.8/site-packages/airflow/example_dags/example_branch_labels.py
[2024-03-22T10:50:55.821+0000] {processor.py:830} INFO - Processing file /home/airflow/.local/lib/python3.8/site-packages/airflow/example_dags/example_branch_labels.py for tasks to queue
[2024-03-22T10:50:55.823+0000] {logging_mixin.py:188} INFO - [2024-03-22T10:50:55.822+0000] {dagbag.py:540} INFO - Filling up the DagBag from /home/airflow/.local/lib/python3.8/site-packages/airflow/example_dags/example_branch_labels.py
[2024-03-22T10:50:55.831+0000] {processor.py:840} INFO - DAG(s) 'example_branch_labels' retrieved from /home/airflow/.local/lib/python3.8/site-packages/airflow/example_dags/example_branch_labels.py
[2024-03-22T10:50:55.912+0000] {logging_mixin.py:188} INFO - [2024-03-22T10:50:55.912+0000] {dag.py:3047} INFO - Sync 1 DAGs
[2024-03-22T10:50:55.930+0000] {logging_mixin.py:188} INFO - [2024-03-22T10:50:55.930+0000] {dag.py:3834} INFO - Setting next_dagrun for example_branch_labels to 2024-03-21 00:00:00+00:00, run_after=2024-03-22 00:00:00+00:00
[2024-03-22T10:50:55.947+0000] {processor.py:183} INFO - Processing /home/airflow/.local/lib/python3.8/site-packages/airflow/example_dags/example_branch_labels.py took 0.130 seconds
[2024-03-22T10:51:26.740+0000] {processor.py:161} INFO - Started process (PID=154) to work on /home/airflow/.local/lib/python3.8/site-packages/airflow/example_dags/example_branch_labels.py
[2024-03-22T10:51:26.741+0000] {processor.py:830} INFO - Processing file /home/airflow/.local/lib/python3.8/site-packages/airflow/example_dags/example_branch_labels.py for tasks to queue
[2024-03-22T10:51:26.743+0000] {logging_mixin.py:188} INFO - [2024-03-22T10:51:26.742+0000] {dagbag.py:540} INFO - Filling up the DagBag from /home/airflow/.local/lib/python3.8/site-packages/airflow/example_dags/example_branch_labels.py
[2024-03-22T10:51:26.749+0000] {processor.py:840} INFO - DAG(s) 'example_branch_labels' retrieved from /home/airflow/.local/lib/python3.8/site-packages/airflow/example_dags/example_branch_labels.py
[2024-03-22T10:51:26.767+0000] {logging_mixin.py:188} INFO - [2024-03-22T10:51:26.767+0000] {dag.py:3047} INFO - Sync 1 DAGs
[2024-03-22T10:51:26.785+0000] {logging_mixin.py:188} INFO - [2024-03-22T10:51:26.785+0000] {dag.py:3834} INFO - Setting next_dagrun for example_branch_labels to 2024-03-21 00:00:00+00:00, run_after=2024-03-22 00:00:00+00:00
[2024-03-22T10:51:26.801+0000] {processor.py:183} INFO - Processing /home/airflow/.local/lib/python3.8/site-packages/airflow/example_dags/example_branch_labels.py took 0.064 seconds
[2024-03-22T10:51:56.934+0000] {processor.py:161} INFO - Started process (PID=209) to work on /home/airflow/.local/lib/python3.8/site-packages/airflow/example_dags/example_branch_labels.py
[2024-03-22T10:51:56.935+0000] {processor.py:830} INFO - Processing file /home/airflow/.local/lib/python3.8/site-packages/airflow/example_dags/example_branch_labels.py for tasks to queue
[2024-03-22T10:51:56.937+0000] {logging_mixin.py:188} INFO - [2024-03-22T10:51:56.936+0000] {dagbag.py:540} INFO - Filling up the DagBag from /home/airflow/.local/lib/python3.8/site-packages/airflow/example_dags/example_branch_labels.py
[2024-03-22T10:51:56.942+0000] {processor.py:840} INFO - DAG(s) 'example_branch_labels' retrieved from /home/airflow/.local/lib/python3.8/site-packages/airflow/example_dags/example_branch_labels.py
[2024-03-22T10:51:56.957+0000] {logging_mixin.py:188} INFO - [2024-03-22T10:51:56.956+0000] {dag.py:3047} INFO - Sync 1 DAGs
[2024-03-22T10:51:56.972+0000] {logging_mixin.py:188} INFO - [2024-03-22T10:51:56.972+0000] {dag.py:3834} INFO - Setting next_dagrun for example_branch_labels to 2024-03-21 00:00:00+00:00, run_after=2024-03-22 00:00:00+00:00
[2024-03-22T10:51:56.987+0000] {processor.py:183} INFO - Processing /home/airflow/.local/lib/python3.8/site-packages/airflow/example_dags/example_branch_labels.py took 0.056 seconds
[2024-03-22T10:52:27.282+0000] {processor.py:161} INFO - Started process (PID=264) to work on /home/airflow/.local/lib/python3.8/site-packages/airflow/example_dags/example_branch_labels.py
[2024-03-22T10:52:27.283+0000] {processor.py:830} INFO - Processing file /home/airflow/.local/lib/python3.8/site-packages/airflow/example_dags/example_branch_labels.py for tasks to queue
[2024-03-22T10:52:27.284+0000] {logging_mixin.py:188} INFO - [2024-03-22T10:52:27.284+0000] {dagbag.py:540} INFO - Filling up the DagBag from /home/airflow/.local/lib/python3.8/site-packages/airflow/example_dags/example_branch_labels.py
[2024-03-22T10:52:27.291+0000] {processor.py:840} INFO - DAG(s) 'example_branch_labels' retrieved from /home/airflow/.local/lib/python3.8/site-packages/airflow/example_dags/example_branch_labels.py
[2024-03-22T10:52:27.307+0000] {logging_mixin.py:188} INFO - [2024-03-22T10:52:27.307+0000] {dag.py:3047} INFO - Sync 1 DAGs
[2024-03-22T10:52:27.330+0000] {logging_mixin.py:188} INFO - [2024-03-22T10:52:27.330+0000] {dag.py:3834} INFO - Setting next_dagrun for example_branch_labels to 2024-03-21 00:00:00+00:00, run_after=2024-03-22 00:00:00+00:00
[2024-03-22T10:52:27.346+0000] {processor.py:183} INFO - Processing /home/airflow/.local/lib/python3.8/site-packages/airflow/example_dags/example_branch_labels.py took 0.066 seconds
[2024-03-22T10:52:57.539+0000] {processor.py:161} INFO - Started process (PID=319) to work on /home/airflow/.local/lib/python3.8/site-packages/airflow/example_dags/example_branch_labels.py
[2024-03-22T10:52:57.540+0000] {processor.py:830} INFO - Processing file /home/airflow/.local/lib/python3.8/site-packages/airflow/example_dags/example_branch_labels.py for tasks to queue
[2024-03-22T10:52:57.541+0000] {logging_mixin.py:188} INFO - [2024-03-22T10:52:57.541+0000] {dagbag.py:540} INFO - Filling up the DagBag from /home/airflow/.local/lib/python3.8/site-packages/airflow/example_dags/example_branch_labels.py
[2024-03-22T10:52:57.548+0000] {processor.py:840} INFO - DAG(s) 'example_branch_labels' retrieved from /home/airflow/.local/lib/python3.8/site-packages/airflow/example_dags/example_branch_labels.py
[2024-03-22T10:52:57.568+0000] {logging_mixin.py:188} INFO - [2024-03-22T10:52:57.567+0000] {dag.py:3047} INFO - Sync 1 DAGs
[2024-03-22T10:52:57.587+0000] {logging_mixin.py:188} INFO - [2024-03-22T10:52:57.586+0000] {dag.py:3834} INFO - Setting next_dagrun for example_branch_labels to 2024-03-21 00:00:00+00:00, run_after=2024-03-22 00:00:00+00:00
[2024-03-22T10:52:57.606+0000] {processor.py:183} INFO - Processing /home/airflow/.local/lib/python3.8/site-packages/airflow/example_dags/example_branch_labels.py took 0.069 seconds
[2024-03-22T10:53:27.981+0000] {processor.py:161} INFO - Started process (PID=374) to work on /home/airflow/.local/lib/python3.8/site-packages/airflow/example_dags/example_branch_labels.py
[2024-03-22T10:53:27.982+0000] {processor.py:830} INFO - Processing file /home/airflow/.local/lib/python3.8/site-packages/airflow/example_dags/example_branch_labels.py for tasks to queue
[2024-03-22T10:53:27.984+0000] {logging_mixin.py:188} INFO - [2024-03-22T10:53:27.984+0000] {dagbag.py:540} INFO - Filling up the DagBag from /home/airflow/.local/lib/python3.8/site-packages/airflow/example_dags/example_branch_labels.py
[2024-03-22T10:53:27.990+0000] {processor.py:840} INFO - DAG(s) 'example_branch_labels' retrieved from /home/airflow/.local/lib/python3.8/site-packages/airflow/example_dags/example_branch_labels.py
[2024-03-22T10:53:28.007+0000] {logging_mixin.py:188} INFO - [2024-03-22T10:53:28.006+0000] {dag.py:3047} INFO - Sync 1 DAGs
[2024-03-22T10:53:28.024+0000] {logging_mixin.py:188} INFO - [2024-03-22T10:53:28.024+0000] {dag.py:3834} INFO - Setting next_dagrun for example_branch_labels to 2024-03-21 00:00:00+00:00, run_after=2024-03-22 00:00:00+00:00
[2024-03-22T10:53:28.042+0000] {processor.py:183} INFO - Processing /home/airflow/.local/lib/python3.8/site-packages/airflow/example_dags/example_branch_labels.py took 0.063 seconds
[2024-03-22T10:53:58.124+0000] {processor.py:161} INFO - Started process (PID=429) to work on /home/airflow/.local/lib/python3.8/site-packages/airflow/example_dags/example_branch_labels.py
[2024-03-22T10:53:58.125+0000] {processor.py:830} INFO - Processing file /home/airflow/.local/lib/python3.8/site-packages/airflow/example_dags/example_branch_labels.py for tasks to queue
[2024-03-22T10:53:58.126+0000] {logging_mixin.py:188} INFO - [2024-03-22T10:53:58.126+0000] {dagbag.py:540} INFO - Filling up the DagBag from /home/airflow/.local/lib/python3.8/site-packages/airflow/example_dags/example_branch_labels.py
[2024-03-22T10:53:58.131+0000] {processor.py:840} INFO - DAG(s) 'example_branch_labels' retrieved from /home/airflow/.local/lib/python3.8/site-packages/airflow/example_dags/example_branch_labels.py
[2024-03-22T10:53:58.146+0000] {logging_mixin.py:188} INFO - [2024-03-22T10:53:58.145+0000] {dag.py:3047} INFO - Sync 1 DAGs
[2024-03-22T10:53:58.160+0000] {logging_mixin.py:188} INFO - [2024-03-22T10:53:58.160+0000] {dag.py:3834} INFO - Setting next_dagrun for example_branch_labels to 2024-03-21 00:00:00+00:00, run_after=2024-03-22 00:00:00+00:00
[2024-03-22T10:53:58.173+0000] {processor.py:183} INFO - Processing /home/airflow/.local/lib/python3.8/site-packages/airflow/example_dags/example_branch_labels.py took 0.051 seconds
[2024-03-22T10:54:28.274+0000] {processor.py:161} INFO - Started process (PID=484) to work on /home/airflow/.local/lib/python3.8/site-packages/airflow/example_dags/example_branch_labels.py
[2024-03-22T10:54:28.275+0000] {processor.py:830} INFO - Processing file /home/airflow/.local/lib/python3.8/site-packages/airflow/example_dags/example_branch_labels.py for tasks to queue
[2024-03-22T10:54:28.276+0000] {logging_mixin.py:188} INFO - [2024-03-22T10:54:28.276+0000] {dagbag.py:540} INFO - Filling up the DagBag from /home/airflow/.local/lib/python3.8/site-packages/airflow/example_dags/example_branch_labels.py
[2024-03-22T10:54:28.281+0000] {processor.py:840} INFO - DAG(s) 'example_branch_labels' retrieved from /home/airflow/.local/lib/python3.8/site-packages/airflow/example_dags/example_branch_labels.py
[2024-03-22T10:54:28.302+0000] {logging_mixin.py:188} INFO - [2024-03-22T10:54:28.302+0000] {dag.py:3047} INFO - Sync 1 DAGs
[2024-03-22T10:54:28.319+0000] {logging_mixin.py:188} INFO - [2024-03-22T10:54:28.318+0000] {dag.py:3834} INFO - Setting next_dagrun for example_branch_labels to 2024-03-21 00:00:00+00:00, run_after=2024-03-22 00:00:00+00:00
[2024-03-22T10:54:28.333+0000] {processor.py:183} INFO - Processing /home/airflow/.local/lib/python3.8/site-packages/airflow/example_dags/example_branch_labels.py took 0.061 seconds
[2024-03-22T10:54:58.552+0000] {processor.py:161} INFO - Started process (PID=539) to work on /home/airflow/.local/lib/python3.8/site-packages/airflow/example_dags/example_branch_labels.py
[2024-03-22T10:54:58.553+0000] {processor.py:830} INFO - Processing file /home/airflow/.local/lib/python3.8/site-packages/airflow/example_dags/example_branch_labels.py for tasks to queue
[2024-03-22T10:54:58.555+0000] {logging_mixin.py:188} INFO - [2024-03-22T10:54:58.555+0000] {dagbag.py:540} INFO - Filling up the DagBag from /home/airflow/.local/lib/python3.8/site-packages/airflow/example_dags/example_branch_labels.py
[2024-03-22T10:54:58.563+0000] {processor.py:840} INFO - DAG(s) 'example_branch_labels' retrieved from /home/airflow/.local/lib/python3.8/site-packages/airflow/example_dags/example_branch_labels.py
[2024-03-22T10:54:58.583+0000] {logging_mixin.py:188} INFO - [2024-03-22T10:54:58.583+0000] {dag.py:3047} INFO - Sync 1 DAGs
[2024-03-22T10:54:58.601+0000] {logging_mixin.py:188} INFO - [2024-03-22T10:54:58.600+0000] {dag.py:3834} INFO - Setting next_dagrun for example_branch_labels to 2024-03-21 00:00:00+00:00, run_after=2024-03-22 00:00:00+00:00
[2024-03-22T10:54:58.617+0000] {processor.py:183} INFO - Processing /home/airflow/.local/lib/python3.8/site-packages/airflow/example_dags/example_branch_labels.py took 0.069 seconds
[2024-03-22T10:55:28.772+0000] {processor.py:161} INFO - Started process (PID=594) to work on /home/airflow/.local/lib/python3.8/site-packages/airflow/example_dags/example_branch_labels.py
[2024-03-22T10:55:28.773+0000] {processor.py:830} INFO - Processing file /home/airflow/.local/lib/python3.8/site-packages/airflow/example_dags/example_branch_labels.py for tasks to queue
[2024-03-22T10:55:28.775+0000] {logging_mixin.py:188} INFO - [2024-03-22T10:55:28.774+0000] {dagbag.py:540} INFO - Filling up the DagBag from /home/airflow/.local/lib/python3.8/site-packages/airflow/example_dags/example_branch_labels.py
[2024-03-22T10:55:28.782+0000] {processor.py:840} INFO - DAG(s) 'example_branch_labels' retrieved from /home/airflow/.local/lib/python3.8/site-packages/airflow/example_dags/example_branch_labels.py
[2024-03-22T10:55:28.799+0000] {logging_mixin.py:188} INFO - [2024-03-22T10:55:28.799+0000] {dag.py:3047} INFO - Sync 1 DAGs
[2024-03-22T10:55:28.814+0000] {logging_mixin.py:188} INFO - [2024-03-22T10:55:28.813+0000] {dag.py:3834} INFO - Setting next_dagrun for example_branch_labels to 2024-03-21 00:00:00+00:00, run_after=2024-03-22 00:00:00+00:00
[2024-03-22T10:55:28.828+0000] {processor.py:183} INFO - Processing /home/airflow/.local/lib/python3.8/site-packages/airflow/example_dags/example_branch_labels.py took 0.058 seconds
[2024-03-22T10:55:59.086+0000] {processor.py:161} INFO - Started process (PID=649) to work on /home/airflow/.local/lib/python3.8/site-packages/airflow/example_dags/example_branch_labels.py
[2024-03-22T10:55:59.087+0000] {processor.py:830} INFO - Processing file /home/airflow/.local/lib/python3.8/site-packages/airflow/example_dags/example_branch_labels.py for tasks to queue
[2024-03-22T10:55:59.088+0000] {logging_mixin.py:188} INFO - [2024-03-22T10:55:59.088+0000] {dagbag.py:540} INFO - Filling up the DagBag from /home/airflow/.local/lib/python3.8/site-packages/airflow/example_dags/example_branch_labels.py
[2024-03-22T10:55:59.094+0000] {processor.py:840} INFO - DAG(s) 'example_branch_labels' retrieved from /home/airflow/.local/lib/python3.8/site-packages/airflow/example_dags/example_branch_labels.py
[2024-03-22T10:55:59.109+0000] {logging_mixin.py:188} INFO - [2024-03-22T10:55:59.109+0000] {dag.py:3047} INFO - Sync 1 DAGs
[2024-03-22T10:55:59.127+0000] {logging_mixin.py:188} INFO - [2024-03-22T10:55:59.127+0000] {dag.py:3834} INFO - Setting next_dagrun for example_branch_labels to 2024-03-21 00:00:00+00:00, run_after=2024-03-22 00:00:00+00:00
[2024-03-22T10:55:59.140+0000] {processor.py:183} INFO - Processing /home/airflow/.local/lib/python3.8/site-packages/airflow/example_dags/example_branch_labels.py took 0.057 seconds
[2024-03-22T10:56:29.262+0000] {processor.py:161} INFO - Started process (PID=704) to work on /home/airflow/.local/lib/python3.8/site-packages/airflow/example_dags/example_branch_labels.py
[2024-03-22T10:56:29.262+0000] {processor.py:830} INFO - Processing file /home/airflow/.local/lib/python3.8/site-packages/airflow/example_dags/example_branch_labels.py for tasks to queue
[2024-03-22T10:56:29.264+0000] {logging_mixin.py:188} INFO - [2024-03-22T10:56:29.264+0000] {dagbag.py:540} INFO - Filling up the DagBag from /home/airflow/.local/lib/python3.8/site-packages/airflow/example_dags/example_branch_labels.py
[2024-03-22T10:56:29.271+0000] {processor.py:840} INFO - DAG(s) 'example_branch_labels' retrieved from /home/airflow/.local/lib/python3.8/site-packages/airflow/example_dags/example_branch_labels.py
[2024-03-22T10:56:29.286+0000] {logging_mixin.py:188} INFO - [2024-03-22T10:56:29.286+0000] {dag.py:3047} INFO - Sync 1 DAGs
[2024-03-22T10:56:29.302+0000] {logging_mixin.py:188} INFO - [2024-03-22T10:56:29.301+0000] {dag.py:3834} INFO - Setting next_dagrun for example_branch_labels to 2024-03-21 00:00:00+00:00, run_after=2024-03-22 00:00:00+00:00
[2024-03-22T10:56:29.317+0000] {processor.py:183} INFO - Processing /home/airflow/.local/lib/python3.8/site-packages/airflow/example_dags/example_branch_labels.py took 0.057 seconds
[2024-03-22T10:56:59.389+0000] {processor.py:161} INFO - Started process (PID=759) to work on /home/airflow/.local/lib/python3.8/site-packages/airflow/example_dags/example_branch_labels.py
[2024-03-22T10:56:59.389+0000] {processor.py:830} INFO - Processing file /home/airflow/.local/lib/python3.8/site-packages/airflow/example_dags/example_branch_labels.py for tasks to queue
[2024-03-22T10:56:59.391+0000] {logging_mixin.py:188} INFO - [2024-03-22T10:56:59.391+0000] {dagbag.py:540} INFO - Filling up the DagBag from /home/airflow/.local/lib/python3.8/site-packages/airflow/example_dags/example_branch_labels.py
[2024-03-22T10:56:59.397+0000] {processor.py:840} INFO - DAG(s) 'example_branch_labels' retrieved from /home/airflow/.local/lib/python3.8/site-packages/airflow/example_dags/example_branch_labels.py
[2024-03-22T10:56:59.413+0000] {logging_mixin.py:188} INFO - [2024-03-22T10:56:59.412+0000] {dag.py:3047} INFO - Sync 1 DAGs
[2024-03-22T10:56:59.430+0000] {logging_mixin.py:188} INFO - [2024-03-22T10:56:59.429+0000] {dag.py:3834} INFO - Setting next_dagrun for example_branch_labels to 2024-03-21 00:00:00+00:00, run_after=2024-03-22 00:00:00+00:00
[2024-03-22T10:56:59.444+0000] {processor.py:183} INFO - Processing /home/airflow/.local/lib/python3.8/site-packages/airflow/example_dags/example_branch_labels.py took 0.058 seconds
[2024-03-22T10:57:29.586+0000] {processor.py:161} INFO - Started process (PID=814) to work on /home/airflow/.local/lib/python3.8/site-packages/airflow/example_dags/example_branch_labels.py
[2024-03-22T10:57:29.586+0000] {processor.py:830} INFO - Processing file /home/airflow/.local/lib/python3.8/site-packages/airflow/example_dags/example_branch_labels.py for tasks to queue
[2024-03-22T10:57:29.588+0000] {logging_mixin.py:188} INFO - [2024-03-22T10:57:29.587+0000] {dagbag.py:540} INFO - Filling up the DagBag from /home/airflow/.local/lib/python3.8/site-packages/airflow/example_dags/example_branch_labels.py
[2024-03-22T10:57:29.593+0000] {processor.py:840} INFO - DAG(s) 'example_branch_labels' retrieved from /home/airflow/.local/lib/python3.8/site-packages/airflow/example_dags/example_branch_labels.py
[2024-03-22T10:57:29.607+0000] {logging_mixin.py:188} INFO - [2024-03-22T10:57:29.607+0000] {dag.py:3047} INFO - Sync 1 DAGs
[2024-03-22T10:57:29.629+0000] {logging_mixin.py:188} INFO - [2024-03-22T10:57:29.629+0000] {dag.py:3834} INFO - Setting next_dagrun for example_branch_labels to 2024-03-21 00:00:00+00:00, run_after=2024-03-22 00:00:00+00:00
[2024-03-22T10:57:29.642+0000] {processor.py:183} INFO - Processing /home/airflow/.local/lib/python3.8/site-packages/airflow/example_dags/example_branch_labels.py took 0.059 seconds
[2024-03-22T10:57:59.741+0000] {processor.py:161} INFO - Started process (PID=869) to work on /home/airflow/.local/lib/python3.8/site-packages/airflow/example_dags/example_branch_labels.py
[2024-03-22T10:57:59.742+0000] {processor.py:830} INFO - Processing file /home/airflow/.local/lib/python3.8/site-packages/airflow/example_dags/example_branch_labels.py for tasks to queue
[2024-03-22T10:57:59.743+0000] {logging_mixin.py:188} INFO - [2024-03-22T10:57:59.743+0000] {dagbag.py:540} INFO - Filling up the DagBag from /home/airflow/.local/lib/python3.8/site-packages/airflow/example_dags/example_branch_labels.py
[2024-03-22T10:57:59.749+0000] {processor.py:840} INFO - DAG(s) 'example_branch_labels' retrieved from /home/airflow/.local/lib/python3.8/site-packages/airflow/example_dags/example_branch_labels.py
[2024-03-22T10:57:59.765+0000] {logging_mixin.py:188} INFO - [2024-03-22T10:57:59.765+0000] {dag.py:3047} INFO - Sync 1 DAGs
[2024-03-22T10:57:59.781+0000] {logging_mixin.py:188} INFO - [2024-03-22T10:57:59.781+0000] {dag.py:3834} INFO - Setting next_dagrun for example_branch_labels to 2024-03-21 00:00:00+00:00, run_after=2024-03-22 00:00:00+00:00
[2024-03-22T10:57:59.795+0000] {processor.py:183} INFO - Processing /home/airflow/.local/lib/python3.8/site-packages/airflow/example_dags/example_branch_labels.py took 0.056 seconds
[2024-03-22T10:58:29.957+0000] {processor.py:161} INFO - Started process (PID=924) to work on /home/airflow/.local/lib/python3.8/site-packages/airflow/example_dags/example_branch_labels.py
[2024-03-22T10:58:29.958+0000] {processor.py:830} INFO - Processing file /home/airflow/.local/lib/python3.8/site-packages/airflow/example_dags/example_branch_labels.py for tasks to queue
[2024-03-22T10:58:29.960+0000] {logging_mixin.py:188} INFO - [2024-03-22T10:58:29.960+0000] {dagbag.py:540} INFO - Filling up the DagBag from /home/airflow/.local/lib/python3.8/site-packages/airflow/example_dags/example_branch_labels.py
[2024-03-22T10:58:29.967+0000] {processor.py:840} INFO - DAG(s) 'example_branch_labels' retrieved from /home/airflow/.local/lib/python3.8/site-packages/airflow/example_dags/example_branch_labels.py
[2024-03-22T10:58:29.981+0000] {logging_mixin.py:188} INFO - [2024-03-22T10:58:29.981+0000] {dag.py:3047} INFO - Sync 1 DAGs
[2024-03-22T10:58:29.998+0000] {logging_mixin.py:188} INFO - [2024-03-22T10:58:29.998+0000] {dag.py:3834} INFO - Setting next_dagrun for example_branch_labels to 2024-03-21 00:00:00+00:00, run_after=2024-03-22 00:00:00+00:00
[2024-03-22T10:58:30.015+0000] {processor.py:183} INFO - Processing /home/airflow/.local/lib/python3.8/site-packages/airflow/example_dags/example_branch_labels.py took 0.061 seconds
[2024-03-22T10:59:00.163+0000] {processor.py:161} INFO - Started process (PID=979) to work on /home/airflow/.local/lib/python3.8/site-packages/airflow/example_dags/example_branch_labels.py
[2024-03-22T10:59:00.163+0000] {processor.py:830} INFO - Processing file /home/airflow/.local/lib/python3.8/site-packages/airflow/example_dags/example_branch_labels.py for tasks to queue
[2024-03-22T10:59:00.165+0000] {logging_mixin.py:188} INFO - [2024-03-22T10:59:00.164+0000] {dagbag.py:540} INFO - Filling up the DagBag from /home/airflow/.local/lib/python3.8/site-packages/airflow/example_dags/example_branch_labels.py
[2024-03-22T10:59:00.174+0000] {processor.py:840} INFO - DAG(s) 'example_branch_labels' retrieved from /home/airflow/.local/lib/python3.8/site-packages/airflow/example_dags/example_branch_labels.py
[2024-03-22T10:59:00.191+0000] {logging_mixin.py:188} INFO - [2024-03-22T10:59:00.191+0000] {dag.py:3047} INFO - Sync 1 DAGs
[2024-03-22T10:59:00.207+0000] {logging_mixin.py:188} INFO - [2024-03-22T10:59:00.206+0000] {dag.py:3834} INFO - Setting next_dagrun for example_branch_labels to 2024-03-21 00:00:00+00:00, run_after=2024-03-22 00:00:00+00:00
[2024-03-22T10:59:00.220+0000] {processor.py:183} INFO - Processing /home/airflow/.local/lib/python3.8/site-packages/airflow/example_dags/example_branch_labels.py took 0.060 seconds
[2024-03-22T10:59:30.269+0000] {processor.py:161} INFO - Started process (PID=1034) to work on /home/airflow/.local/lib/python3.8/site-packages/airflow/example_dags/example_branch_labels.py
[2024-03-22T10:59:30.270+0000] {processor.py:830} INFO - Processing file /home/airflow/.local/lib/python3.8/site-packages/airflow/example_dags/example_branch_labels.py for tasks to queue
[2024-03-22T10:59:30.271+0000] {logging_mixin.py:188} INFO - [2024-03-22T10:59:30.271+0000] {dagbag.py:540} INFO - Filling up the DagBag from /home/airflow/.local/lib/python3.8/site-packages/airflow/example_dags/example_branch_labels.py
[2024-03-22T10:59:30.277+0000] {processor.py:840} INFO - DAG(s) 'example_branch_labels' retrieved from /home/airflow/.local/lib/python3.8/site-packages/airflow/example_dags/example_branch_labels.py
[2024-03-22T10:59:30.293+0000] {logging_mixin.py:188} INFO - [2024-03-22T10:59:30.293+0000] {dag.py:3047} INFO - Sync 1 DAGs
[2024-03-22T10:59:30.309+0000] {logging_mixin.py:188} INFO - [2024-03-22T10:59:30.309+0000] {dag.py:3834} INFO - Setting next_dagrun for example_branch_labels to 2024-03-21 00:00:00+00:00, run_after=2024-03-22 00:00:00+00:00
[2024-03-22T10:59:30.326+0000] {processor.py:183} INFO - Processing /home/airflow/.local/lib/python3.8/site-packages/airflow/example_dags/example_branch_labels.py took 0.058 seconds
[2024-03-22T11:00:00.499+0000] {processor.py:161} INFO - Started process (PID=1089) to work on /home/airflow/.local/lib/python3.8/site-packages/airflow/example_dags/example_branch_labels.py
[2024-03-22T11:00:00.500+0000] {processor.py:830} INFO - Processing file /home/airflow/.local/lib/python3.8/site-packages/airflow/example_dags/example_branch_labels.py for tasks to queue
[2024-03-22T11:00:00.501+0000] {logging_mixin.py:188} INFO - [2024-03-22T11:00:00.501+0000] {dagbag.py:540} INFO - Filling up the DagBag from /home/airflow/.local/lib/python3.8/site-packages/airflow/example_dags/example_branch_labels.py
[2024-03-22T11:00:00.507+0000] {processor.py:840} INFO - DAG(s) 'example_branch_labels' retrieved from /home/airflow/.local/lib/python3.8/site-packages/airflow/example_dags/example_branch_labels.py
[2024-03-22T11:00:00.524+0000] {logging_mixin.py:188} INFO - [2024-03-22T11:00:00.523+0000] {dag.py:3047} INFO - Sync 1 DAGs
[2024-03-22T11:00:00.541+0000] {logging_mixin.py:188} INFO - [2024-03-22T11:00:00.541+0000] {dag.py:3834} INFO - Setting next_dagrun for example_branch_labels to 2024-03-21 00:00:00+00:00, run_after=2024-03-22 00:00:00+00:00
[2024-03-22T11:00:00.557+0000] {processor.py:183} INFO - Processing /home/airflow/.local/lib/python3.8/site-packages/airflow/example_dags/example_branch_labels.py took 0.060 seconds
[2024-03-22T11:00:30.619+0000] {processor.py:161} INFO - Started process (PID=1144) to work on /home/airflow/.local/lib/python3.8/site-packages/airflow/example_dags/example_branch_labels.py
[2024-03-22T11:00:30.620+0000] {processor.py:830} INFO - Processing file /home/airflow/.local/lib/python3.8/site-packages/airflow/example_dags/example_branch_labels.py for tasks to queue
[2024-03-22T11:00:30.621+0000] {logging_mixin.py:188} INFO - [2024-03-22T11:00:30.621+0000] {dagbag.py:540} INFO - Filling up the DagBag from /home/airflow/.local/lib/python3.8/site-packages/airflow/example_dags/example_branch_labels.py
[2024-03-22T11:00:30.628+0000] {processor.py:840} INFO - DAG(s) 'example_branch_labels' retrieved from /home/airflow/.local/lib/python3.8/site-packages/airflow/example_dags/example_branch_labels.py
[2024-03-22T11:00:30.644+0000] {logging_mixin.py:188} INFO - [2024-03-22T11:00:30.644+0000] {dag.py:3047} INFO - Sync 1 DAGs
[2024-03-22T11:00:30.660+0000] {logging_mixin.py:188} INFO - [2024-03-22T11:00:30.660+0000] {dag.py:3834} INFO - Setting next_dagrun for example_branch_labels to 2024-03-21 00:00:00+00:00, run_after=2024-03-22 00:00:00+00:00
[2024-03-22T11:00:30.675+0000] {processor.py:183} INFO - Processing /home/airflow/.local/lib/python3.8/site-packages/airflow/example_dags/example_branch_labels.py took 0.059 seconds
[2024-03-22T11:01:00.722+0000] {processor.py:161} INFO - Started process (PID=1199) to work on /home/airflow/.local/lib/python3.8/site-packages/airflow/example_dags/example_branch_labels.py
[2024-03-22T11:01:00.723+0000] {processor.py:830} INFO - Processing file /home/airflow/.local/lib/python3.8/site-packages/airflow/example_dags/example_branch_labels.py for tasks to queue
[2024-03-22T11:01:00.725+0000] {logging_mixin.py:188} INFO - [2024-03-22T11:01:00.724+0000] {dagbag.py:540} INFO - Filling up the DagBag from /home/airflow/.local/lib/python3.8/site-packages/airflow/example_dags/example_branch_labels.py
[2024-03-22T11:01:00.732+0000] {processor.py:840} INFO - DAG(s) 'example_branch_labels' retrieved from /home/airflow/.local/lib/python3.8/site-packages/airflow/example_dags/example_branch_labels.py
[2024-03-22T11:01:00.748+0000] {logging_mixin.py:188} INFO - [2024-03-22T11:01:00.748+0000] {dag.py:3047} INFO - Sync 1 DAGs
[2024-03-22T11:01:00.764+0000] {logging_mixin.py:188} INFO - [2024-03-22T11:01:00.764+0000] {dag.py:3834} INFO - Setting next_dagrun for example_branch_labels to 2024-03-21 00:00:00+00:00, run_after=2024-03-22 00:00:00+00:00
[2024-03-22T11:01:00.782+0000] {processor.py:183} INFO - Processing /home/airflow/.local/lib/python3.8/site-packages/airflow/example_dags/example_branch_labels.py took 0.062 seconds
[2024-03-22T11:01:30.976+0000] {processor.py:161} INFO - Started process (PID=1254) to work on /home/airflow/.local/lib/python3.8/site-packages/airflow/example_dags/example_branch_labels.py
[2024-03-22T11:01:30.977+0000] {processor.py:830} INFO - Processing file /home/airflow/.local/lib/python3.8/site-packages/airflow/example_dags/example_branch_labels.py for tasks to queue
[2024-03-22T11:01:30.978+0000] {logging_mixin.py:188} INFO - [2024-03-22T11:01:30.978+0000] {dagbag.py:540} INFO - Filling up the DagBag from /home/airflow/.local/lib/python3.8/site-packages/airflow/example_dags/example_branch_labels.py
[2024-03-22T11:01:30.983+0000] {processor.py:840} INFO - DAG(s) 'example_branch_labels' retrieved from /home/airflow/.local/lib/python3.8/site-packages/airflow/example_dags/example_branch_labels.py
[2024-03-22T11:01:31.000+0000] {logging_mixin.py:188} INFO - [2024-03-22T11:01:31.000+0000] {dag.py:3047} INFO - Sync 1 DAGs
[2024-03-22T11:01:31.017+0000] {logging_mixin.py:188} INFO - [2024-03-22T11:01:31.017+0000] {dag.py:3834} INFO - Setting next_dagrun for example_branch_labels to 2024-03-21 00:00:00+00:00, run_after=2024-03-22 00:00:00+00:00
[2024-03-22T11:01:31.030+0000] {processor.py:183} INFO - Processing /home/airflow/.local/lib/python3.8/site-packages/airflow/example_dags/example_branch_labels.py took 0.056 seconds
