[2024-03-22T10:50:25.619+0000] {processor.py:161} INFO - Started process (PID=53) to work on /home/airflow/.local/lib/python3.8/site-packages/airflow/example_dags/example_skip_dag.py
[2024-03-22T10:50:25.620+0000] {processor.py:830} INFO - Processing file /home/airflow/.local/lib/python3.8/site-packages/airflow/example_dags/example_skip_dag.py for tasks to queue
[2024-03-22T10:50:25.623+0000] {logging_mixin.py:188} INFO - [2024-03-22T10:50:25.622+0000] {dagbag.py:540} INFO - Filling up the DagBag from /home/airflow/.local/lib/python3.8/site-packages/airflow/example_dags/example_skip_dag.py
[2024-03-22T10:50:25.633+0000] {processor.py:840} INFO - DAG(s) 'example_skip_dag' retrieved from /home/airflow/.local/lib/python3.8/site-packages/airflow/example_dags/example_skip_dag.py
[2024-03-22T10:50:25.643+0000] {logging_mixin.py:188} INFO - [2024-03-22T10:50:25.643+0000] {dag.py:3047} INFO - Sync 1 DAGs
[2024-03-22T10:50:25.662+0000] {logging_mixin.py:188} INFO - [2024-03-22T10:50:25.661+0000] {dag.py:3834} INFO - Setting next_dagrun for example_skip_dag to 2024-03-21 00:00:00+00:00, run_after=2024-03-22 00:00:00+00:00
[2024-03-22T10:50:25.677+0000] {processor.py:183} INFO - Processing /home/airflow/.local/lib/python3.8/site-packages/airflow/example_dags/example_skip_dag.py took 0.062 seconds
[2024-03-22T10:50:56.533+0000] {processor.py:161} INFO - Started process (PID=107) to work on /home/airflow/.local/lib/python3.8/site-packages/airflow/example_dags/example_skip_dag.py
[2024-03-22T10:50:56.534+0000] {processor.py:830} INFO - Processing file /home/airflow/.local/lib/python3.8/site-packages/airflow/example_dags/example_skip_dag.py for tasks to queue
[2024-03-22T10:50:56.535+0000] {logging_mixin.py:188} INFO - [2024-03-22T10:50:56.535+0000] {dagbag.py:540} INFO - Filling up the DagBag from /home/airflow/.local/lib/python3.8/site-packages/airflow/example_dags/example_skip_dag.py
[2024-03-22T10:50:56.541+0000] {processor.py:840} INFO - DAG(s) 'example_skip_dag' retrieved from /home/airflow/.local/lib/python3.8/site-packages/airflow/example_dags/example_skip_dag.py
[2024-03-22T10:50:56.644+0000] {logging_mixin.py:188} INFO - [2024-03-22T10:50:56.644+0000] {dag.py:3047} INFO - Sync 1 DAGs
[2024-03-22T10:50:56.673+0000] {logging_mixin.py:188} INFO - [2024-03-22T10:50:56.673+0000] {dag.py:3834} INFO - Setting next_dagrun for example_skip_dag to 2024-03-21 00:00:00+00:00, run_after=2024-03-22 00:00:00+00:00
[2024-03-22T10:50:56.694+0000] {processor.py:183} INFO - Processing /home/airflow/.local/lib/python3.8/site-packages/airflow/example_dags/example_skip_dag.py took 0.165 seconds
[2024-03-22T10:51:27.174+0000] {processor.py:161} INFO - Started process (PID=162) to work on /home/airflow/.local/lib/python3.8/site-packages/airflow/example_dags/example_skip_dag.py
[2024-03-22T10:51:27.175+0000] {processor.py:830} INFO - Processing file /home/airflow/.local/lib/python3.8/site-packages/airflow/example_dags/example_skip_dag.py for tasks to queue
[2024-03-22T10:51:27.177+0000] {logging_mixin.py:188} INFO - [2024-03-22T10:51:27.176+0000] {dagbag.py:540} INFO - Filling up the DagBag from /home/airflow/.local/lib/python3.8/site-packages/airflow/example_dags/example_skip_dag.py
[2024-03-22T10:51:27.182+0000] {processor.py:840} INFO - DAG(s) 'example_skip_dag' retrieved from /home/airflow/.local/lib/python3.8/site-packages/airflow/example_dags/example_skip_dag.py
[2024-03-22T10:51:27.200+0000] {logging_mixin.py:188} INFO - [2024-03-22T10:51:27.199+0000] {dag.py:3047} INFO - Sync 1 DAGs
[2024-03-22T10:51:27.217+0000] {logging_mixin.py:188} INFO - [2024-03-22T10:51:27.217+0000] {dag.py:3834} INFO - Setting next_dagrun for example_skip_dag to 2024-03-21 00:00:00+00:00, run_after=2024-03-22 00:00:00+00:00
[2024-03-22T10:51:27.238+0000] {processor.py:183} INFO - Processing /home/airflow/.local/lib/python3.8/site-packages/airflow/example_dags/example_skip_dag.py took 0.067 seconds
[2024-03-22T10:51:57.405+0000] {processor.py:161} INFO - Started process (PID=217) to work on /home/airflow/.local/lib/python3.8/site-packages/airflow/example_dags/example_skip_dag.py
[2024-03-22T10:51:57.406+0000] {processor.py:830} INFO - Processing file /home/airflow/.local/lib/python3.8/site-packages/airflow/example_dags/example_skip_dag.py for tasks to queue
[2024-03-22T10:51:57.408+0000] {logging_mixin.py:188} INFO - [2024-03-22T10:51:57.407+0000] {dagbag.py:540} INFO - Filling up the DagBag from /home/airflow/.local/lib/python3.8/site-packages/airflow/example_dags/example_skip_dag.py
[2024-03-22T10:51:57.412+0000] {processor.py:840} INFO - DAG(s) 'example_skip_dag' retrieved from /home/airflow/.local/lib/python3.8/site-packages/airflow/example_dags/example_skip_dag.py
[2024-03-22T10:51:57.427+0000] {logging_mixin.py:188} INFO - [2024-03-22T10:51:57.427+0000] {dag.py:3047} INFO - Sync 1 DAGs
[2024-03-22T10:51:57.443+0000] {logging_mixin.py:188} INFO - [2024-03-22T10:51:57.443+0000] {dag.py:3834} INFO - Setting next_dagrun for example_skip_dag to 2024-03-21 00:00:00+00:00, run_after=2024-03-22 00:00:00+00:00
[2024-03-22T10:51:57.457+0000] {processor.py:183} INFO - Processing /home/airflow/.local/lib/python3.8/site-packages/airflow/example_dags/example_skip_dag.py took 0.054 seconds
[2024-03-22T10:52:27.683+0000] {processor.py:161} INFO - Started process (PID=272) to work on /home/airflow/.local/lib/python3.8/site-packages/airflow/example_dags/example_skip_dag.py
[2024-03-22T10:52:27.684+0000] {processor.py:830} INFO - Processing file /home/airflow/.local/lib/python3.8/site-packages/airflow/example_dags/example_skip_dag.py for tasks to queue
[2024-03-22T10:52:27.685+0000] {logging_mixin.py:188} INFO - [2024-03-22T10:52:27.685+0000] {dagbag.py:540} INFO - Filling up the DagBag from /home/airflow/.local/lib/python3.8/site-packages/airflow/example_dags/example_skip_dag.py
[2024-03-22T10:52:27.689+0000] {processor.py:840} INFO - DAG(s) 'example_skip_dag' retrieved from /home/airflow/.local/lib/python3.8/site-packages/airflow/example_dags/example_skip_dag.py
[2024-03-22T10:52:27.704+0000] {logging_mixin.py:188} INFO - [2024-03-22T10:52:27.703+0000] {dag.py:3047} INFO - Sync 1 DAGs
[2024-03-22T10:52:27.720+0000] {logging_mixin.py:188} INFO - [2024-03-22T10:52:27.720+0000] {dag.py:3834} INFO - Setting next_dagrun for example_skip_dag to 2024-03-21 00:00:00+00:00, run_after=2024-03-22 00:00:00+00:00
[2024-03-22T10:52:27.734+0000] {processor.py:183} INFO - Processing /home/airflow/.local/lib/python3.8/site-packages/airflow/example_dags/example_skip_dag.py took 0.054 seconds
[2024-03-22T10:52:57.987+0000] {processor.py:161} INFO - Started process (PID=327) to work on /home/airflow/.local/lib/python3.8/site-packages/airflow/example_dags/example_skip_dag.py
[2024-03-22T10:52:57.988+0000] {processor.py:830} INFO - Processing file /home/airflow/.local/lib/python3.8/site-packages/airflow/example_dags/example_skip_dag.py for tasks to queue
[2024-03-22T10:52:57.989+0000] {logging_mixin.py:188} INFO - [2024-03-22T10:52:57.989+0000] {dagbag.py:540} INFO - Filling up the DagBag from /home/airflow/.local/lib/python3.8/site-packages/airflow/example_dags/example_skip_dag.py
[2024-03-22T10:52:57.994+0000] {processor.py:840} INFO - DAG(s) 'example_skip_dag' retrieved from /home/airflow/.local/lib/python3.8/site-packages/airflow/example_dags/example_skip_dag.py
[2024-03-22T10:52:58.009+0000] {logging_mixin.py:188} INFO - [2024-03-22T10:52:58.009+0000] {dag.py:3047} INFO - Sync 1 DAGs
[2024-03-22T10:52:58.025+0000] {logging_mixin.py:188} INFO - [2024-03-22T10:52:58.025+0000] {dag.py:3834} INFO - Setting next_dagrun for example_skip_dag to 2024-03-21 00:00:00+00:00, run_after=2024-03-22 00:00:00+00:00
[2024-03-22T10:52:58.038+0000] {processor.py:183} INFO - Processing /home/airflow/.local/lib/python3.8/site-packages/airflow/example_dags/example_skip_dag.py took 0.054 seconds
[2024-03-22T10:53:29.321+0000] {processor.py:161} INFO - Started process (PID=382) to work on /home/airflow/.local/lib/python3.8/site-packages/airflow/example_dags/example_skip_dag.py
[2024-03-22T10:53:29.322+0000] {processor.py:830} INFO - Processing file /home/airflow/.local/lib/python3.8/site-packages/airflow/example_dags/example_skip_dag.py for tasks to queue
[2024-03-22T10:53:29.324+0000] {logging_mixin.py:188} INFO - [2024-03-22T10:53:29.324+0000] {dagbag.py:540} INFO - Filling up the DagBag from /home/airflow/.local/lib/python3.8/site-packages/airflow/example_dags/example_skip_dag.py
[2024-03-22T10:53:29.329+0000] {processor.py:840} INFO - DAG(s) 'example_skip_dag' retrieved from /home/airflow/.local/lib/python3.8/site-packages/airflow/example_dags/example_skip_dag.py
[2024-03-22T10:53:29.345+0000] {logging_mixin.py:188} INFO - [2024-03-22T10:53:29.345+0000] {dag.py:3047} INFO - Sync 1 DAGs
[2024-03-22T10:53:29.364+0000] {logging_mixin.py:188} INFO - [2024-03-22T10:53:29.364+0000] {dag.py:3834} INFO - Setting next_dagrun for example_skip_dag to 2024-03-21 00:00:00+00:00, run_after=2024-03-22 00:00:00+00:00
[2024-03-22T10:53:29.376+0000] {processor.py:183} INFO - Processing /home/airflow/.local/lib/python3.8/site-packages/airflow/example_dags/example_skip_dag.py took 0.057 seconds
[2024-03-22T10:53:59.526+0000] {processor.py:161} INFO - Started process (PID=437) to work on /home/airflow/.local/lib/python3.8/site-packages/airflow/example_dags/example_skip_dag.py
[2024-03-22T10:53:59.527+0000] {processor.py:830} INFO - Processing file /home/airflow/.local/lib/python3.8/site-packages/airflow/example_dags/example_skip_dag.py for tasks to queue
[2024-03-22T10:53:59.528+0000] {logging_mixin.py:188} INFO - [2024-03-22T10:53:59.528+0000] {dagbag.py:540} INFO - Filling up the DagBag from /home/airflow/.local/lib/python3.8/site-packages/airflow/example_dags/example_skip_dag.py
[2024-03-22T10:53:59.534+0000] {processor.py:840} INFO - DAG(s) 'example_skip_dag' retrieved from /home/airflow/.local/lib/python3.8/site-packages/airflow/example_dags/example_skip_dag.py
[2024-03-22T10:53:59.552+0000] {logging_mixin.py:188} INFO - [2024-03-22T10:53:59.552+0000] {dag.py:3047} INFO - Sync 1 DAGs
[2024-03-22T10:53:59.574+0000] {logging_mixin.py:188} INFO - [2024-03-22T10:53:59.574+0000] {dag.py:3834} INFO - Setting next_dagrun for example_skip_dag to 2024-03-21 00:00:00+00:00, run_after=2024-03-22 00:00:00+00:00
[2024-03-22T10:53:59.587+0000] {processor.py:183} INFO - Processing /home/airflow/.local/lib/python3.8/site-packages/airflow/example_dags/example_skip_dag.py took 0.063 seconds
[2024-03-22T10:54:29.765+0000] {processor.py:161} INFO - Started process (PID=492) to work on /home/airflow/.local/lib/python3.8/site-packages/airflow/example_dags/example_skip_dag.py
[2024-03-22T10:54:29.766+0000] {processor.py:830} INFO - Processing file /home/airflow/.local/lib/python3.8/site-packages/airflow/example_dags/example_skip_dag.py for tasks to queue
[2024-03-22T10:54:29.768+0000] {logging_mixin.py:188} INFO - [2024-03-22T10:54:29.767+0000] {dagbag.py:540} INFO - Filling up the DagBag from /home/airflow/.local/lib/python3.8/site-packages/airflow/example_dags/example_skip_dag.py
[2024-03-22T10:54:29.774+0000] {processor.py:840} INFO - DAG(s) 'example_skip_dag' retrieved from /home/airflow/.local/lib/python3.8/site-packages/airflow/example_dags/example_skip_dag.py
[2024-03-22T10:54:29.792+0000] {logging_mixin.py:188} INFO - [2024-03-22T10:54:29.792+0000] {dag.py:3047} INFO - Sync 1 DAGs
[2024-03-22T10:54:29.810+0000] {logging_mixin.py:188} INFO - [2024-03-22T10:54:29.809+0000] {dag.py:3834} INFO - Setting next_dagrun for example_skip_dag to 2024-03-21 00:00:00+00:00, run_after=2024-03-22 00:00:00+00:00
[2024-03-22T10:54:29.826+0000] {processor.py:183} INFO - Processing /home/airflow/.local/lib/python3.8/site-packages/airflow/example_dags/example_skip_dag.py took 0.063 seconds
[2024-03-22T10:55:00.014+0000] {processor.py:161} INFO - Started process (PID=547) to work on /home/airflow/.local/lib/python3.8/site-packages/airflow/example_dags/example_skip_dag.py
[2024-03-22T10:55:00.015+0000] {processor.py:830} INFO - Processing file /home/airflow/.local/lib/python3.8/site-packages/airflow/example_dags/example_skip_dag.py for tasks to queue
[2024-03-22T10:55:00.017+0000] {logging_mixin.py:188} INFO - [2024-03-22T10:55:00.017+0000] {dagbag.py:540} INFO - Filling up the DagBag from /home/airflow/.local/lib/python3.8/site-packages/airflow/example_dags/example_skip_dag.py
[2024-03-22T10:55:00.022+0000] {processor.py:840} INFO - DAG(s) 'example_skip_dag' retrieved from /home/airflow/.local/lib/python3.8/site-packages/airflow/example_dags/example_skip_dag.py
[2024-03-22T10:55:00.037+0000] {logging_mixin.py:188} INFO - [2024-03-22T10:55:00.037+0000] {dag.py:3047} INFO - Sync 1 DAGs
[2024-03-22T10:55:00.059+0000] {logging_mixin.py:188} INFO - [2024-03-22T10:55:00.059+0000] {dag.py:3834} INFO - Setting next_dagrun for example_skip_dag to 2024-03-21 00:00:00+00:00, run_after=2024-03-22 00:00:00+00:00
[2024-03-22T10:55:00.074+0000] {processor.py:183} INFO - Processing /home/airflow/.local/lib/python3.8/site-packages/airflow/example_dags/example_skip_dag.py took 0.061 seconds
[2024-03-22T10:55:30.162+0000] {processor.py:161} INFO - Started process (PID=602) to work on /home/airflow/.local/lib/python3.8/site-packages/airflow/example_dags/example_skip_dag.py
[2024-03-22T10:55:30.163+0000] {processor.py:830} INFO - Processing file /home/airflow/.local/lib/python3.8/site-packages/airflow/example_dags/example_skip_dag.py for tasks to queue
[2024-03-22T10:55:30.164+0000] {logging_mixin.py:188} INFO - [2024-03-22T10:55:30.164+0000] {dagbag.py:540} INFO - Filling up the DagBag from /home/airflow/.local/lib/python3.8/site-packages/airflow/example_dags/example_skip_dag.py
[2024-03-22T10:55:30.170+0000] {processor.py:840} INFO - DAG(s) 'example_skip_dag' retrieved from /home/airflow/.local/lib/python3.8/site-packages/airflow/example_dags/example_skip_dag.py
[2024-03-22T10:55:30.190+0000] {logging_mixin.py:188} INFO - [2024-03-22T10:55:30.189+0000] {dag.py:3047} INFO - Sync 1 DAGs
[2024-03-22T10:55:30.207+0000] {logging_mixin.py:188} INFO - [2024-03-22T10:55:30.207+0000] {dag.py:3834} INFO - Setting next_dagrun for example_skip_dag to 2024-03-21 00:00:00+00:00, run_after=2024-03-22 00:00:00+00:00
[2024-03-22T10:55:30.230+0000] {processor.py:183} INFO - Processing /home/airflow/.local/lib/python3.8/site-packages/airflow/example_dags/example_skip_dag.py took 0.071 seconds
[2024-03-22T10:56:00.497+0000] {processor.py:161} INFO - Started process (PID=657) to work on /home/airflow/.local/lib/python3.8/site-packages/airflow/example_dags/example_skip_dag.py
[2024-03-22T10:56:00.498+0000] {processor.py:830} INFO - Processing file /home/airflow/.local/lib/python3.8/site-packages/airflow/example_dags/example_skip_dag.py for tasks to queue
[2024-03-22T10:56:00.499+0000] {logging_mixin.py:188} INFO - [2024-03-22T10:56:00.499+0000] {dagbag.py:540} INFO - Filling up the DagBag from /home/airflow/.local/lib/python3.8/site-packages/airflow/example_dags/example_skip_dag.py
[2024-03-22T10:56:00.504+0000] {processor.py:840} INFO - DAG(s) 'example_skip_dag' retrieved from /home/airflow/.local/lib/python3.8/site-packages/airflow/example_dags/example_skip_dag.py
[2024-03-22T10:56:00.519+0000] {logging_mixin.py:188} INFO - [2024-03-22T10:56:00.519+0000] {dag.py:3047} INFO - Sync 1 DAGs
[2024-03-22T10:56:00.535+0000] {logging_mixin.py:188} INFO - [2024-03-22T10:56:00.535+0000] {dag.py:3834} INFO - Setting next_dagrun for example_skip_dag to 2024-03-21 00:00:00+00:00, run_after=2024-03-22 00:00:00+00:00
[2024-03-22T10:56:00.552+0000] {processor.py:183} INFO - Processing /home/airflow/.local/lib/python3.8/site-packages/airflow/example_dags/example_skip_dag.py took 0.058 seconds
[2024-03-22T10:56:30.690+0000] {processor.py:161} INFO - Started process (PID=712) to work on /home/airflow/.local/lib/python3.8/site-packages/airflow/example_dags/example_skip_dag.py
[2024-03-22T10:56:30.691+0000] {processor.py:830} INFO - Processing file /home/airflow/.local/lib/python3.8/site-packages/airflow/example_dags/example_skip_dag.py for tasks to queue
[2024-03-22T10:56:30.692+0000] {logging_mixin.py:188} INFO - [2024-03-22T10:56:30.692+0000] {dagbag.py:540} INFO - Filling up the DagBag from /home/airflow/.local/lib/python3.8/site-packages/airflow/example_dags/example_skip_dag.py
[2024-03-22T10:56:30.697+0000] {processor.py:840} INFO - DAG(s) 'example_skip_dag' retrieved from /home/airflow/.local/lib/python3.8/site-packages/airflow/example_dags/example_skip_dag.py
[2024-03-22T10:56:30.715+0000] {logging_mixin.py:188} INFO - [2024-03-22T10:56:30.714+0000] {dag.py:3047} INFO - Sync 1 DAGs
[2024-03-22T10:56:30.733+0000] {logging_mixin.py:188} INFO - [2024-03-22T10:56:30.733+0000] {dag.py:3834} INFO - Setting next_dagrun for example_skip_dag to 2024-03-21 00:00:00+00:00, run_after=2024-03-22 00:00:00+00:00
[2024-03-22T10:56:30.750+0000] {processor.py:183} INFO - Processing /home/airflow/.local/lib/python3.8/site-packages/airflow/example_dags/example_skip_dag.py took 0.062 seconds
[2024-03-22T10:57:00.839+0000] {processor.py:161} INFO - Started process (PID=767) to work on /home/airflow/.local/lib/python3.8/site-packages/airflow/example_dags/example_skip_dag.py
[2024-03-22T10:57:00.840+0000] {processor.py:830} INFO - Processing file /home/airflow/.local/lib/python3.8/site-packages/airflow/example_dags/example_skip_dag.py for tasks to queue
[2024-03-22T10:57:00.842+0000] {logging_mixin.py:188} INFO - [2024-03-22T10:57:00.842+0000] {dagbag.py:540} INFO - Filling up the DagBag from /home/airflow/.local/lib/python3.8/site-packages/airflow/example_dags/example_skip_dag.py
[2024-03-22T10:57:00.846+0000] {processor.py:840} INFO - DAG(s) 'example_skip_dag' retrieved from /home/airflow/.local/lib/python3.8/site-packages/airflow/example_dags/example_skip_dag.py
[2024-03-22T10:57:00.863+0000] {logging_mixin.py:188} INFO - [2024-03-22T10:57:00.863+0000] {dag.py:3047} INFO - Sync 1 DAGs
[2024-03-22T10:57:00.881+0000] {logging_mixin.py:188} INFO - [2024-03-22T10:57:00.881+0000] {dag.py:3834} INFO - Setting next_dagrun for example_skip_dag to 2024-03-21 00:00:00+00:00, run_after=2024-03-22 00:00:00+00:00
[2024-03-22T10:57:00.895+0000] {processor.py:183} INFO - Processing /home/airflow/.local/lib/python3.8/site-packages/airflow/example_dags/example_skip_dag.py took 0.058 seconds
[2024-03-22T10:57:31.007+0000] {processor.py:161} INFO - Started process (PID=822) to work on /home/airflow/.local/lib/python3.8/site-packages/airflow/example_dags/example_skip_dag.py
[2024-03-22T10:57:31.008+0000] {processor.py:830} INFO - Processing file /home/airflow/.local/lib/python3.8/site-packages/airflow/example_dags/example_skip_dag.py for tasks to queue
[2024-03-22T10:57:31.009+0000] {logging_mixin.py:188} INFO - [2024-03-22T10:57:31.009+0000] {dagbag.py:540} INFO - Filling up the DagBag from /home/airflow/.local/lib/python3.8/site-packages/airflow/example_dags/example_skip_dag.py
[2024-03-22T10:57:31.015+0000] {processor.py:840} INFO - DAG(s) 'example_skip_dag' retrieved from /home/airflow/.local/lib/python3.8/site-packages/airflow/example_dags/example_skip_dag.py
[2024-03-22T10:57:31.034+0000] {logging_mixin.py:188} INFO - [2024-03-22T10:57:31.034+0000] {dag.py:3047} INFO - Sync 1 DAGs
[2024-03-22T10:57:31.051+0000] {logging_mixin.py:188} INFO - [2024-03-22T10:57:31.050+0000] {dag.py:3834} INFO - Setting next_dagrun for example_skip_dag to 2024-03-21 00:00:00+00:00, run_after=2024-03-22 00:00:00+00:00
[2024-03-22T10:57:31.064+0000] {processor.py:183} INFO - Processing /home/airflow/.local/lib/python3.8/site-packages/airflow/example_dags/example_skip_dag.py took 0.060 seconds
[2024-03-22T10:58:01.134+0000] {processor.py:161} INFO - Started process (PID=876) to work on /home/airflow/.local/lib/python3.8/site-packages/airflow/example_dags/example_skip_dag.py
[2024-03-22T10:58:01.135+0000] {processor.py:830} INFO - Processing file /home/airflow/.local/lib/python3.8/site-packages/airflow/example_dags/example_skip_dag.py for tasks to queue
[2024-03-22T10:58:01.136+0000] {logging_mixin.py:188} INFO - [2024-03-22T10:58:01.136+0000] {dagbag.py:540} INFO - Filling up the DagBag from /home/airflow/.local/lib/python3.8/site-packages/airflow/example_dags/example_skip_dag.py
[2024-03-22T10:58:01.141+0000] {processor.py:840} INFO - DAG(s) 'example_skip_dag' retrieved from /home/airflow/.local/lib/python3.8/site-packages/airflow/example_dags/example_skip_dag.py
[2024-03-22T10:58:01.158+0000] {logging_mixin.py:188} INFO - [2024-03-22T10:58:01.158+0000] {dag.py:3047} INFO - Sync 1 DAGs
[2024-03-22T10:58:01.177+0000] {logging_mixin.py:188} INFO - [2024-03-22T10:58:01.176+0000] {dag.py:3834} INFO - Setting next_dagrun for example_skip_dag to 2024-03-21 00:00:00+00:00, run_after=2024-03-22 00:00:00+00:00
[2024-03-22T10:58:01.196+0000] {processor.py:183} INFO - Processing /home/airflow/.local/lib/python3.8/site-packages/airflow/example_dags/example_skip_dag.py took 0.065 seconds
[2024-03-22T10:58:31.310+0000] {processor.py:161} INFO - Started process (PID=931) to work on /home/airflow/.local/lib/python3.8/site-packages/airflow/example_dags/example_skip_dag.py
[2024-03-22T10:58:31.311+0000] {processor.py:830} INFO - Processing file /home/airflow/.local/lib/python3.8/site-packages/airflow/example_dags/example_skip_dag.py for tasks to queue
[2024-03-22T10:58:31.313+0000] {logging_mixin.py:188} INFO - [2024-03-22T10:58:31.313+0000] {dagbag.py:540} INFO - Filling up the DagBag from /home/airflow/.local/lib/python3.8/site-packages/airflow/example_dags/example_skip_dag.py
[2024-03-22T10:58:31.319+0000] {processor.py:840} INFO - DAG(s) 'example_skip_dag' retrieved from /home/airflow/.local/lib/python3.8/site-packages/airflow/example_dags/example_skip_dag.py
[2024-03-22T10:58:31.340+0000] {logging_mixin.py:188} INFO - [2024-03-22T10:58:31.340+0000] {dag.py:3047} INFO - Sync 1 DAGs
[2024-03-22T10:58:31.361+0000] {logging_mixin.py:188} INFO - [2024-03-22T10:58:31.361+0000] {dag.py:3834} INFO - Setting next_dagrun for example_skip_dag to 2024-03-21 00:00:00+00:00, run_after=2024-03-22 00:00:00+00:00
[2024-03-22T10:58:31.377+0000] {processor.py:183} INFO - Processing /home/airflow/.local/lib/python3.8/site-packages/airflow/example_dags/example_skip_dag.py took 0.071 seconds
[2024-03-22T10:59:01.493+0000] {processor.py:161} INFO - Started process (PID=986) to work on /home/airflow/.local/lib/python3.8/site-packages/airflow/example_dags/example_skip_dag.py
[2024-03-22T10:59:01.494+0000] {processor.py:830} INFO - Processing file /home/airflow/.local/lib/python3.8/site-packages/airflow/example_dags/example_skip_dag.py for tasks to queue
[2024-03-22T10:59:01.495+0000] {logging_mixin.py:188} INFO - [2024-03-22T10:59:01.495+0000] {dagbag.py:540} INFO - Filling up the DagBag from /home/airflow/.local/lib/python3.8/site-packages/airflow/example_dags/example_skip_dag.py
[2024-03-22T10:59:01.500+0000] {processor.py:840} INFO - DAG(s) 'example_skip_dag' retrieved from /home/airflow/.local/lib/python3.8/site-packages/airflow/example_dags/example_skip_dag.py
[2024-03-22T10:59:01.515+0000] {logging_mixin.py:188} INFO - [2024-03-22T10:59:01.514+0000] {dag.py:3047} INFO - Sync 1 DAGs
[2024-03-22T10:59:01.530+0000] {logging_mixin.py:188} INFO - [2024-03-22T10:59:01.530+0000] {dag.py:3834} INFO - Setting next_dagrun for example_skip_dag to 2024-03-21 00:00:00+00:00, run_after=2024-03-22 00:00:00+00:00
[2024-03-22T10:59:01.543+0000] {processor.py:183} INFO - Processing /home/airflow/.local/lib/python3.8/site-packages/airflow/example_dags/example_skip_dag.py took 0.053 seconds
[2024-03-22T10:59:31.616+0000] {processor.py:161} INFO - Started process (PID=1041) to work on /home/airflow/.local/lib/python3.8/site-packages/airflow/example_dags/example_skip_dag.py
[2024-03-22T10:59:31.617+0000] {processor.py:830} INFO - Processing file /home/airflow/.local/lib/python3.8/site-packages/airflow/example_dags/example_skip_dag.py for tasks to queue
[2024-03-22T10:59:31.619+0000] {logging_mixin.py:188} INFO - [2024-03-22T10:59:31.618+0000] {dagbag.py:540} INFO - Filling up the DagBag from /home/airflow/.local/lib/python3.8/site-packages/airflow/example_dags/example_skip_dag.py
[2024-03-22T10:59:31.624+0000] {processor.py:840} INFO - DAG(s) 'example_skip_dag' retrieved from /home/airflow/.local/lib/python3.8/site-packages/airflow/example_dags/example_skip_dag.py
[2024-03-22T10:59:31.639+0000] {logging_mixin.py:188} INFO - [2024-03-22T10:59:31.638+0000] {dag.py:3047} INFO - Sync 1 DAGs
[2024-03-22T10:59:31.655+0000] {logging_mixin.py:188} INFO - [2024-03-22T10:59:31.655+0000] {dag.py:3834} INFO - Setting next_dagrun for example_skip_dag to 2024-03-21 00:00:00+00:00, run_after=2024-03-22 00:00:00+00:00
[2024-03-22T10:59:31.678+0000] {processor.py:183} INFO - Processing /home/airflow/.local/lib/python3.8/site-packages/airflow/example_dags/example_skip_dag.py took 0.064 seconds
[2024-03-22T11:00:01.815+0000] {processor.py:161} INFO - Started process (PID=1096) to work on /home/airflow/.local/lib/python3.8/site-packages/airflow/example_dags/example_skip_dag.py
[2024-03-22T11:00:01.816+0000] {processor.py:830} INFO - Processing file /home/airflow/.local/lib/python3.8/site-packages/airflow/example_dags/example_skip_dag.py for tasks to queue
[2024-03-22T11:00:01.817+0000] {logging_mixin.py:188} INFO - [2024-03-22T11:00:01.817+0000] {dagbag.py:540} INFO - Filling up the DagBag from /home/airflow/.local/lib/python3.8/site-packages/airflow/example_dags/example_skip_dag.py
[2024-03-22T11:00:01.822+0000] {processor.py:840} INFO - DAG(s) 'example_skip_dag' retrieved from /home/airflow/.local/lib/python3.8/site-packages/airflow/example_dags/example_skip_dag.py
[2024-03-22T11:00:01.835+0000] {logging_mixin.py:188} INFO - [2024-03-22T11:00:01.835+0000] {dag.py:3047} INFO - Sync 1 DAGs
[2024-03-22T11:00:01.849+0000] {logging_mixin.py:188} INFO - [2024-03-22T11:00:01.849+0000] {dag.py:3834} INFO - Setting next_dagrun for example_skip_dag to 2024-03-21 00:00:00+00:00, run_after=2024-03-22 00:00:00+00:00
[2024-03-22T11:00:01.871+0000] {processor.py:183} INFO - Processing /home/airflow/.local/lib/python3.8/site-packages/airflow/example_dags/example_skip_dag.py took 0.058 seconds
[2024-03-22T11:00:31.968+0000] {processor.py:161} INFO - Started process (PID=1151) to work on /home/airflow/.local/lib/python3.8/site-packages/airflow/example_dags/example_skip_dag.py
[2024-03-22T11:00:31.969+0000] {processor.py:830} INFO - Processing file /home/airflow/.local/lib/python3.8/site-packages/airflow/example_dags/example_skip_dag.py for tasks to queue
[2024-03-22T11:00:31.970+0000] {logging_mixin.py:188} INFO - [2024-03-22T11:00:31.970+0000] {dagbag.py:540} INFO - Filling up the DagBag from /home/airflow/.local/lib/python3.8/site-packages/airflow/example_dags/example_skip_dag.py
[2024-03-22T11:00:31.975+0000] {processor.py:840} INFO - DAG(s) 'example_skip_dag' retrieved from /home/airflow/.local/lib/python3.8/site-packages/airflow/example_dags/example_skip_dag.py
[2024-03-22T11:00:31.990+0000] {logging_mixin.py:188} INFO - [2024-03-22T11:00:31.990+0000] {dag.py:3047} INFO - Sync 1 DAGs
[2024-03-22T11:00:32.006+0000] {logging_mixin.py:188} INFO - [2024-03-22T11:00:32.006+0000] {dag.py:3834} INFO - Setting next_dagrun for example_skip_dag to 2024-03-21 00:00:00+00:00, run_after=2024-03-22 00:00:00+00:00
[2024-03-22T11:00:32.030+0000] {processor.py:183} INFO - Processing /home/airflow/.local/lib/python3.8/site-packages/airflow/example_dags/example_skip_dag.py took 0.063 seconds
[2024-03-22T11:01:03.134+0000] {processor.py:161} INFO - Started process (PID=1207) to work on /home/airflow/.local/lib/python3.8/site-packages/airflow/example_dags/example_skip_dag.py
[2024-03-22T11:01:03.135+0000] {processor.py:830} INFO - Processing file /home/airflow/.local/lib/python3.8/site-packages/airflow/example_dags/example_skip_dag.py for tasks to queue
[2024-03-22T11:01:03.136+0000] {logging_mixin.py:188} INFO - [2024-03-22T11:01:03.136+0000] {dagbag.py:540} INFO - Filling up the DagBag from /home/airflow/.local/lib/python3.8/site-packages/airflow/example_dags/example_skip_dag.py
[2024-03-22T11:01:03.141+0000] {processor.py:840} INFO - DAG(s) 'example_skip_dag' retrieved from /home/airflow/.local/lib/python3.8/site-packages/airflow/example_dags/example_skip_dag.py
[2024-03-22T11:01:03.155+0000] {logging_mixin.py:188} INFO - [2024-03-22T11:01:03.155+0000] {dag.py:3047} INFO - Sync 1 DAGs
[2024-03-22T11:01:03.169+0000] {logging_mixin.py:188} INFO - [2024-03-22T11:01:03.169+0000] {dag.py:3834} INFO - Setting next_dagrun for example_skip_dag to 2024-03-21 00:00:00+00:00, run_after=2024-03-22 00:00:00+00:00
[2024-03-22T11:01:03.190+0000] {processor.py:183} INFO - Processing /home/airflow/.local/lib/python3.8/site-packages/airflow/example_dags/example_skip_dag.py took 0.058 seconds
[2024-03-22T11:01:33.426+0000] {processor.py:161} INFO - Started process (PID=1262) to work on /home/airflow/.local/lib/python3.8/site-packages/airflow/example_dags/example_skip_dag.py
[2024-03-22T11:01:33.427+0000] {processor.py:830} INFO - Processing file /home/airflow/.local/lib/python3.8/site-packages/airflow/example_dags/example_skip_dag.py for tasks to queue
[2024-03-22T11:01:33.429+0000] {logging_mixin.py:188} INFO - [2024-03-22T11:01:33.429+0000] {dagbag.py:540} INFO - Filling up the DagBag from /home/airflow/.local/lib/python3.8/site-packages/airflow/example_dags/example_skip_dag.py
[2024-03-22T11:01:33.437+0000] {processor.py:840} INFO - DAG(s) 'example_skip_dag' retrieved from /home/airflow/.local/lib/python3.8/site-packages/airflow/example_dags/example_skip_dag.py
[2024-03-22T11:01:33.455+0000] {logging_mixin.py:188} INFO - [2024-03-22T11:01:33.455+0000] {dag.py:3047} INFO - Sync 1 DAGs
[2024-03-22T11:01:33.475+0000] {logging_mixin.py:188} INFO - [2024-03-22T11:01:33.475+0000] {dag.py:3834} INFO - Setting next_dagrun for example_skip_dag to 2024-03-21 00:00:00+00:00, run_after=2024-03-22 00:00:00+00:00
[2024-03-22T11:01:33.493+0000] {processor.py:183} INFO - Processing /home/airflow/.local/lib/python3.8/site-packages/airflow/example_dags/example_skip_dag.py took 0.070 seconds
