[2024-03-22T10:50:26.332+0000] {processor.py:161} INFO - Started process (PID=68) to work on /home/airflow/.local/lib/python3.8/site-packages/airflow/example_dags/example_nested_branch_dag.py
[2024-03-22T10:50:26.333+0000] {processor.py:830} INFO - Processing file /home/airflow/.local/lib/python3.8/site-packages/airflow/example_dags/example_nested_branch_dag.py for tasks to queue
[2024-03-22T10:50:26.335+0000] {logging_mixin.py:188} INFO - [2024-03-22T10:50:26.335+0000] {dagbag.py:540} INFO - Filling up the DagBag from /home/airflow/.local/lib/python3.8/site-packages/airflow/example_dags/example_nested_branch_dag.py
[2024-03-22T10:50:26.348+0000] {processor.py:840} INFO - DAG(s) 'example_nested_branch_dag' retrieved from /home/airflow/.local/lib/python3.8/site-packages/airflow/example_dags/example_nested_branch_dag.py
[2024-03-22T10:50:26.359+0000] {logging_mixin.py:188} INFO - [2024-03-22T10:50:26.359+0000] {dag.py:3047} INFO - Sync 1 DAGs
[2024-03-22T10:50:26.377+0000] {logging_mixin.py:188} INFO - [2024-03-22T10:50:26.377+0000] {dag.py:3834} INFO - Setting next_dagrun for example_nested_branch_dag to 2024-03-21 00:00:00+00:00, run_after=2024-03-22 00:00:00+00:00
[2024-03-22T10:50:26.392+0000] {processor.py:183} INFO - Processing /home/airflow/.local/lib/python3.8/site-packages/airflow/example_dags/example_nested_branch_dag.py took 0.064 seconds
[2024-03-22T10:50:57.875+0000] {processor.py:161} INFO - Started process (PID=122) to work on /home/airflow/.local/lib/python3.8/site-packages/airflow/example_dags/example_nested_branch_dag.py
[2024-03-22T10:50:57.876+0000] {processor.py:830} INFO - Processing file /home/airflow/.local/lib/python3.8/site-packages/airflow/example_dags/example_nested_branch_dag.py for tasks to queue
[2024-03-22T10:50:57.878+0000] {logging_mixin.py:188} INFO - [2024-03-22T10:50:57.878+0000] {dagbag.py:540} INFO - Filling up the DagBag from /home/airflow/.local/lib/python3.8/site-packages/airflow/example_dags/example_nested_branch_dag.py
[2024-03-22T10:50:57.889+0000] {processor.py:840} INFO - DAG(s) 'example_nested_branch_dag' retrieved from /home/airflow/.local/lib/python3.8/site-packages/airflow/example_dags/example_nested_branch_dag.py
[2024-03-22T10:50:58.020+0000] {logging_mixin.py:188} INFO - [2024-03-22T10:50:58.020+0000] {dag.py:3047} INFO - Sync 1 DAGs
[2024-03-22T10:50:58.070+0000] {logging_mixin.py:188} INFO - [2024-03-22T10:50:58.069+0000] {dag.py:3834} INFO - Setting next_dagrun for example_nested_branch_dag to 2024-03-21 00:00:00+00:00, run_after=2024-03-22 00:00:00+00:00
[2024-03-22T10:50:58.129+0000] {processor.py:183} INFO - Processing /home/airflow/.local/lib/python3.8/site-packages/airflow/example_dags/example_nested_branch_dag.py took 0.256 seconds
[2024-03-22T10:51:28.905+0000] {processor.py:161} INFO - Started process (PID=177) to work on /home/airflow/.local/lib/python3.8/site-packages/airflow/example_dags/example_nested_branch_dag.py
[2024-03-22T10:51:28.905+0000] {processor.py:830} INFO - Processing file /home/airflow/.local/lib/python3.8/site-packages/airflow/example_dags/example_nested_branch_dag.py for tasks to queue
[2024-03-22T10:51:28.907+0000] {logging_mixin.py:188} INFO - [2024-03-22T10:51:28.907+0000] {dagbag.py:540} INFO - Filling up the DagBag from /home/airflow/.local/lib/python3.8/site-packages/airflow/example_dags/example_nested_branch_dag.py
[2024-03-22T10:51:28.914+0000] {processor.py:840} INFO - DAG(s) 'example_nested_branch_dag' retrieved from /home/airflow/.local/lib/python3.8/site-packages/airflow/example_dags/example_nested_branch_dag.py
[2024-03-22T10:51:28.930+0000] {logging_mixin.py:188} INFO - [2024-03-22T10:51:28.929+0000] {dag.py:3047} INFO - Sync 1 DAGs
[2024-03-22T10:51:28.945+0000] {logging_mixin.py:188} INFO - [2024-03-22T10:51:28.945+0000] {dag.py:3834} INFO - Setting next_dagrun for example_nested_branch_dag to 2024-03-21 00:00:00+00:00, run_after=2024-03-22 00:00:00+00:00
[2024-03-22T10:51:28.960+0000] {processor.py:183} INFO - Processing /home/airflow/.local/lib/python3.8/site-packages/airflow/example_dags/example_nested_branch_dag.py took 0.058 seconds
[2024-03-22T10:51:59.122+0000] {processor.py:161} INFO - Started process (PID=232) to work on /home/airflow/.local/lib/python3.8/site-packages/airflow/example_dags/example_nested_branch_dag.py
[2024-03-22T10:51:59.123+0000] {processor.py:830} INFO - Processing file /home/airflow/.local/lib/python3.8/site-packages/airflow/example_dags/example_nested_branch_dag.py for tasks to queue
[2024-03-22T10:51:59.125+0000] {logging_mixin.py:188} INFO - [2024-03-22T10:51:59.124+0000] {dagbag.py:540} INFO - Filling up the DagBag from /home/airflow/.local/lib/python3.8/site-packages/airflow/example_dags/example_nested_branch_dag.py
[2024-03-22T10:51:59.132+0000] {processor.py:840} INFO - DAG(s) 'example_nested_branch_dag' retrieved from /home/airflow/.local/lib/python3.8/site-packages/airflow/example_dags/example_nested_branch_dag.py
[2024-03-22T10:51:59.146+0000] {logging_mixin.py:188} INFO - [2024-03-22T10:51:59.146+0000] {dag.py:3047} INFO - Sync 1 DAGs
[2024-03-22T10:51:59.165+0000] {logging_mixin.py:188} INFO - [2024-03-22T10:51:59.165+0000] {dag.py:3834} INFO - Setting next_dagrun for example_nested_branch_dag to 2024-03-21 00:00:00+00:00, run_after=2024-03-22 00:00:00+00:00
[2024-03-22T10:51:59.183+0000] {processor.py:183} INFO - Processing /home/airflow/.local/lib/python3.8/site-packages/airflow/example_dags/example_nested_branch_dag.py took 0.064 seconds
[2024-03-22T10:52:29.306+0000] {processor.py:161} INFO - Started process (PID=287) to work on /home/airflow/.local/lib/python3.8/site-packages/airflow/example_dags/example_nested_branch_dag.py
[2024-03-22T10:52:29.307+0000] {processor.py:830} INFO - Processing file /home/airflow/.local/lib/python3.8/site-packages/airflow/example_dags/example_nested_branch_dag.py for tasks to queue
[2024-03-22T10:52:29.309+0000] {logging_mixin.py:188} INFO - [2024-03-22T10:52:29.308+0000] {dagbag.py:540} INFO - Filling up the DagBag from /home/airflow/.local/lib/python3.8/site-packages/airflow/example_dags/example_nested_branch_dag.py
[2024-03-22T10:52:29.316+0000] {processor.py:840} INFO - DAG(s) 'example_nested_branch_dag' retrieved from /home/airflow/.local/lib/python3.8/site-packages/airflow/example_dags/example_nested_branch_dag.py
[2024-03-22T10:52:29.337+0000] {logging_mixin.py:188} INFO - [2024-03-22T10:52:29.336+0000] {dag.py:3047} INFO - Sync 1 DAGs
[2024-03-22T10:52:29.353+0000] {logging_mixin.py:188} INFO - [2024-03-22T10:52:29.353+0000] {dag.py:3834} INFO - Setting next_dagrun for example_nested_branch_dag to 2024-03-21 00:00:00+00:00, run_after=2024-03-22 00:00:00+00:00
[2024-03-22T10:52:29.367+0000] {processor.py:183} INFO - Processing /home/airflow/.local/lib/python3.8/site-packages/airflow/example_dags/example_nested_branch_dag.py took 0.064 seconds
[2024-03-22T10:52:59.642+0000] {processor.py:161} INFO - Started process (PID=342) to work on /home/airflow/.local/lib/python3.8/site-packages/airflow/example_dags/example_nested_branch_dag.py
[2024-03-22T10:52:59.643+0000] {processor.py:830} INFO - Processing file /home/airflow/.local/lib/python3.8/site-packages/airflow/example_dags/example_nested_branch_dag.py for tasks to queue
[2024-03-22T10:52:59.644+0000] {logging_mixin.py:188} INFO - [2024-03-22T10:52:59.644+0000] {dagbag.py:540} INFO - Filling up the DagBag from /home/airflow/.local/lib/python3.8/site-packages/airflow/example_dags/example_nested_branch_dag.py
[2024-03-22T10:52:59.651+0000] {processor.py:840} INFO - DAG(s) 'example_nested_branch_dag' retrieved from /home/airflow/.local/lib/python3.8/site-packages/airflow/example_dags/example_nested_branch_dag.py
[2024-03-22T10:52:59.667+0000] {logging_mixin.py:188} INFO - [2024-03-22T10:52:59.667+0000] {dag.py:3047} INFO - Sync 1 DAGs
[2024-03-22T10:52:59.682+0000] {logging_mixin.py:188} INFO - [2024-03-22T10:52:59.682+0000] {dag.py:3834} INFO - Setting next_dagrun for example_nested_branch_dag to 2024-03-21 00:00:00+00:00, run_after=2024-03-22 00:00:00+00:00
[2024-03-22T10:52:59.698+0000] {processor.py:183} INFO - Processing /home/airflow/.local/lib/python3.8/site-packages/airflow/example_dags/example_nested_branch_dag.py took 0.058 seconds
[2024-03-22T10:53:29.876+0000] {processor.py:161} INFO - Started process (PID=397) to work on /home/airflow/.local/lib/python3.8/site-packages/airflow/example_dags/example_nested_branch_dag.py
[2024-03-22T10:53:29.877+0000] {processor.py:830} INFO - Processing file /home/airflow/.local/lib/python3.8/site-packages/airflow/example_dags/example_nested_branch_dag.py for tasks to queue
[2024-03-22T10:53:29.879+0000] {logging_mixin.py:188} INFO - [2024-03-22T10:53:29.879+0000] {dagbag.py:540} INFO - Filling up the DagBag from /home/airflow/.local/lib/python3.8/site-packages/airflow/example_dags/example_nested_branch_dag.py
[2024-03-22T10:53:29.886+0000] {processor.py:840} INFO - DAG(s) 'example_nested_branch_dag' retrieved from /home/airflow/.local/lib/python3.8/site-packages/airflow/example_dags/example_nested_branch_dag.py
[2024-03-22T10:53:29.903+0000] {logging_mixin.py:188} INFO - [2024-03-22T10:53:29.903+0000] {dag.py:3047} INFO - Sync 1 DAGs
[2024-03-22T10:53:29.922+0000] {logging_mixin.py:188} INFO - [2024-03-22T10:53:29.922+0000] {dag.py:3834} INFO - Setting next_dagrun for example_nested_branch_dag to 2024-03-21 00:00:00+00:00, run_after=2024-03-22 00:00:00+00:00
[2024-03-22T10:53:29.938+0000] {processor.py:183} INFO - Processing /home/airflow/.local/lib/python3.8/site-packages/airflow/example_dags/example_nested_branch_dag.py took 0.064 seconds
[2024-03-22T10:54:00.090+0000] {processor.py:161} INFO - Started process (PID=452) to work on /home/airflow/.local/lib/python3.8/site-packages/airflow/example_dags/example_nested_branch_dag.py
[2024-03-22T10:54:00.091+0000] {processor.py:830} INFO - Processing file /home/airflow/.local/lib/python3.8/site-packages/airflow/example_dags/example_nested_branch_dag.py for tasks to queue
[2024-03-22T10:54:00.093+0000] {logging_mixin.py:188} INFO - [2024-03-22T10:54:00.092+0000] {dagbag.py:540} INFO - Filling up the DagBag from /home/airflow/.local/lib/python3.8/site-packages/airflow/example_dags/example_nested_branch_dag.py
[2024-03-22T10:54:00.099+0000] {processor.py:840} INFO - DAG(s) 'example_nested_branch_dag' retrieved from /home/airflow/.local/lib/python3.8/site-packages/airflow/example_dags/example_nested_branch_dag.py
[2024-03-22T10:54:00.115+0000] {logging_mixin.py:188} INFO - [2024-03-22T10:54:00.115+0000] {dag.py:3047} INFO - Sync 1 DAGs
[2024-03-22T10:54:00.133+0000] {logging_mixin.py:188} INFO - [2024-03-22T10:54:00.133+0000] {dag.py:3834} INFO - Setting next_dagrun for example_nested_branch_dag to 2024-03-21 00:00:00+00:00, run_after=2024-03-22 00:00:00+00:00
[2024-03-22T10:54:00.145+0000] {processor.py:183} INFO - Processing /home/airflow/.local/lib/python3.8/site-packages/airflow/example_dags/example_nested_branch_dag.py took 0.058 seconds
[2024-03-22T10:54:30.318+0000] {processor.py:161} INFO - Started process (PID=507) to work on /home/airflow/.local/lib/python3.8/site-packages/airflow/example_dags/example_nested_branch_dag.py
[2024-03-22T10:54:30.319+0000] {processor.py:830} INFO - Processing file /home/airflow/.local/lib/python3.8/site-packages/airflow/example_dags/example_nested_branch_dag.py for tasks to queue
[2024-03-22T10:54:30.320+0000] {logging_mixin.py:188} INFO - [2024-03-22T10:54:30.320+0000] {dagbag.py:540} INFO - Filling up the DagBag from /home/airflow/.local/lib/python3.8/site-packages/airflow/example_dags/example_nested_branch_dag.py
[2024-03-22T10:54:30.327+0000] {processor.py:840} INFO - DAG(s) 'example_nested_branch_dag' retrieved from /home/airflow/.local/lib/python3.8/site-packages/airflow/example_dags/example_nested_branch_dag.py
[2024-03-22T10:54:30.342+0000] {logging_mixin.py:188} INFO - [2024-03-22T10:54:30.342+0000] {dag.py:3047} INFO - Sync 1 DAGs
[2024-03-22T10:54:30.358+0000] {logging_mixin.py:188} INFO - [2024-03-22T10:54:30.357+0000] {dag.py:3834} INFO - Setting next_dagrun for example_nested_branch_dag to 2024-03-21 00:00:00+00:00, run_after=2024-03-22 00:00:00+00:00
[2024-03-22T10:54:30.371+0000] {processor.py:183} INFO - Processing /home/airflow/.local/lib/python3.8/site-packages/airflow/example_dags/example_nested_branch_dag.py took 0.056 seconds
[2024-03-22T10:55:00.567+0000] {processor.py:161} INFO - Started process (PID=562) to work on /home/airflow/.local/lib/python3.8/site-packages/airflow/example_dags/example_nested_branch_dag.py
[2024-03-22T10:55:00.568+0000] {processor.py:830} INFO - Processing file /home/airflow/.local/lib/python3.8/site-packages/airflow/example_dags/example_nested_branch_dag.py for tasks to queue
[2024-03-22T10:55:00.570+0000] {logging_mixin.py:188} INFO - [2024-03-22T10:55:00.570+0000] {dagbag.py:540} INFO - Filling up the DagBag from /home/airflow/.local/lib/python3.8/site-packages/airflow/example_dags/example_nested_branch_dag.py
[2024-03-22T10:55:00.577+0000] {processor.py:840} INFO - DAG(s) 'example_nested_branch_dag' retrieved from /home/airflow/.local/lib/python3.8/site-packages/airflow/example_dags/example_nested_branch_dag.py
[2024-03-22T10:55:00.593+0000] {logging_mixin.py:188} INFO - [2024-03-22T10:55:00.593+0000] {dag.py:3047} INFO - Sync 1 DAGs
[2024-03-22T10:55:00.609+0000] {logging_mixin.py:188} INFO - [2024-03-22T10:55:00.609+0000] {dag.py:3834} INFO - Setting next_dagrun for example_nested_branch_dag to 2024-03-21 00:00:00+00:00, run_after=2024-03-22 00:00:00+00:00
[2024-03-22T10:55:00.625+0000] {processor.py:183} INFO - Processing /home/airflow/.local/lib/python3.8/site-packages/airflow/example_dags/example_nested_branch_dag.py took 0.060 seconds
[2024-03-22T10:55:30.826+0000] {processor.py:161} INFO - Started process (PID=617) to work on /home/airflow/.local/lib/python3.8/site-packages/airflow/example_dags/example_nested_branch_dag.py
[2024-03-22T10:55:30.827+0000] {processor.py:830} INFO - Processing file /home/airflow/.local/lib/python3.8/site-packages/airflow/example_dags/example_nested_branch_dag.py for tasks to queue
[2024-03-22T10:55:30.829+0000] {logging_mixin.py:188} INFO - [2024-03-22T10:55:30.829+0000] {dagbag.py:540} INFO - Filling up the DagBag from /home/airflow/.local/lib/python3.8/site-packages/airflow/example_dags/example_nested_branch_dag.py
[2024-03-22T10:55:30.837+0000] {processor.py:840} INFO - DAG(s) 'example_nested_branch_dag' retrieved from /home/airflow/.local/lib/python3.8/site-packages/airflow/example_dags/example_nested_branch_dag.py
[2024-03-22T10:55:30.855+0000] {logging_mixin.py:188} INFO - [2024-03-22T10:55:30.854+0000] {dag.py:3047} INFO - Sync 1 DAGs
[2024-03-22T10:55:30.875+0000] {logging_mixin.py:188} INFO - [2024-03-22T10:55:30.875+0000] {dag.py:3834} INFO - Setting next_dagrun for example_nested_branch_dag to 2024-03-21 00:00:00+00:00, run_after=2024-03-22 00:00:00+00:00
[2024-03-22T10:55:30.892+0000] {processor.py:183} INFO - Processing /home/airflow/.local/lib/python3.8/site-packages/airflow/example_dags/example_nested_branch_dag.py took 0.067 seconds
[2024-03-22T10:56:01.237+0000] {processor.py:161} INFO - Started process (PID=672) to work on /home/airflow/.local/lib/python3.8/site-packages/airflow/example_dags/example_nested_branch_dag.py
[2024-03-22T10:56:01.238+0000] {processor.py:830} INFO - Processing file /home/airflow/.local/lib/python3.8/site-packages/airflow/example_dags/example_nested_branch_dag.py for tasks to queue
[2024-03-22T10:56:01.239+0000] {logging_mixin.py:188} INFO - [2024-03-22T10:56:01.239+0000] {dagbag.py:540} INFO - Filling up the DagBag from /home/airflow/.local/lib/python3.8/site-packages/airflow/example_dags/example_nested_branch_dag.py
[2024-03-22T10:56:01.250+0000] {processor.py:840} INFO - DAG(s) 'example_nested_branch_dag' retrieved from /home/airflow/.local/lib/python3.8/site-packages/airflow/example_dags/example_nested_branch_dag.py
[2024-03-22T10:56:01.265+0000] {logging_mixin.py:188} INFO - [2024-03-22T10:56:01.265+0000] {dag.py:3047} INFO - Sync 1 DAGs
[2024-03-22T10:56:01.280+0000] {logging_mixin.py:188} INFO - [2024-03-22T10:56:01.280+0000] {dag.py:3834} INFO - Setting next_dagrun for example_nested_branch_dag to 2024-03-21 00:00:00+00:00, run_after=2024-03-22 00:00:00+00:00
[2024-03-22T10:56:01.302+0000] {processor.py:183} INFO - Processing /home/airflow/.local/lib/python3.8/site-packages/airflow/example_dags/example_nested_branch_dag.py took 0.066 seconds
[2024-03-22T10:56:31.340+0000] {processor.py:161} INFO - Started process (PID=727) to work on /home/airflow/.local/lib/python3.8/site-packages/airflow/example_dags/example_nested_branch_dag.py
[2024-03-22T10:56:31.341+0000] {processor.py:830} INFO - Processing file /home/airflow/.local/lib/python3.8/site-packages/airflow/example_dags/example_nested_branch_dag.py for tasks to queue
[2024-03-22T10:56:31.342+0000] {logging_mixin.py:188} INFO - [2024-03-22T10:56:31.342+0000] {dagbag.py:540} INFO - Filling up the DagBag from /home/airflow/.local/lib/python3.8/site-packages/airflow/example_dags/example_nested_branch_dag.py
[2024-03-22T10:56:31.350+0000] {processor.py:840} INFO - DAG(s) 'example_nested_branch_dag' retrieved from /home/airflow/.local/lib/python3.8/site-packages/airflow/example_dags/example_nested_branch_dag.py
[2024-03-22T10:56:31.373+0000] {logging_mixin.py:188} INFO - [2024-03-22T10:56:31.373+0000] {dag.py:3047} INFO - Sync 1 DAGs
[2024-03-22T10:56:31.391+0000] {logging_mixin.py:188} INFO - [2024-03-22T10:56:31.391+0000] {dag.py:3834} INFO - Setting next_dagrun for example_nested_branch_dag to 2024-03-21 00:00:00+00:00, run_after=2024-03-22 00:00:00+00:00
[2024-03-22T10:56:31.417+0000] {processor.py:183} INFO - Processing /home/airflow/.local/lib/python3.8/site-packages/airflow/example_dags/example_nested_branch_dag.py took 0.079 seconds
[2024-03-22T10:57:01.466+0000] {processor.py:161} INFO - Started process (PID=782) to work on /home/airflow/.local/lib/python3.8/site-packages/airflow/example_dags/example_nested_branch_dag.py
[2024-03-22T10:57:01.467+0000] {processor.py:830} INFO - Processing file /home/airflow/.local/lib/python3.8/site-packages/airflow/example_dags/example_nested_branch_dag.py for tasks to queue
[2024-03-22T10:57:01.468+0000] {logging_mixin.py:188} INFO - [2024-03-22T10:57:01.468+0000] {dagbag.py:540} INFO - Filling up the DagBag from /home/airflow/.local/lib/python3.8/site-packages/airflow/example_dags/example_nested_branch_dag.py
[2024-03-22T10:57:01.480+0000] {processor.py:840} INFO - DAG(s) 'example_nested_branch_dag' retrieved from /home/airflow/.local/lib/python3.8/site-packages/airflow/example_dags/example_nested_branch_dag.py
[2024-03-22T10:57:01.499+0000] {logging_mixin.py:188} INFO - [2024-03-22T10:57:01.499+0000] {dag.py:3047} INFO - Sync 1 DAGs
[2024-03-22T10:57:01.516+0000] {logging_mixin.py:188} INFO - [2024-03-22T10:57:01.516+0000] {dag.py:3834} INFO - Setting next_dagrun for example_nested_branch_dag to 2024-03-21 00:00:00+00:00, run_after=2024-03-22 00:00:00+00:00
[2024-03-22T10:57:01.533+0000] {processor.py:183} INFO - Processing /home/airflow/.local/lib/python3.8/site-packages/airflow/example_dags/example_nested_branch_dag.py took 0.069 seconds
[2024-03-22T10:57:31.641+0000] {processor.py:161} INFO - Started process (PID=837) to work on /home/airflow/.local/lib/python3.8/site-packages/airflow/example_dags/example_nested_branch_dag.py
[2024-03-22T10:57:31.641+0000] {processor.py:830} INFO - Processing file /home/airflow/.local/lib/python3.8/site-packages/airflow/example_dags/example_nested_branch_dag.py for tasks to queue
[2024-03-22T10:57:31.643+0000] {logging_mixin.py:188} INFO - [2024-03-22T10:57:31.643+0000] {dagbag.py:540} INFO - Filling up the DagBag from /home/airflow/.local/lib/python3.8/site-packages/airflow/example_dags/example_nested_branch_dag.py
[2024-03-22T10:57:31.650+0000] {processor.py:840} INFO - DAG(s) 'example_nested_branch_dag' retrieved from /home/airflow/.local/lib/python3.8/site-packages/airflow/example_dags/example_nested_branch_dag.py
[2024-03-22T10:57:31.665+0000] {logging_mixin.py:188} INFO - [2024-03-22T10:57:31.665+0000] {dag.py:3047} INFO - Sync 1 DAGs
[2024-03-22T10:57:31.681+0000] {logging_mixin.py:188} INFO - [2024-03-22T10:57:31.681+0000] {dag.py:3834} INFO - Setting next_dagrun for example_nested_branch_dag to 2024-03-21 00:00:00+00:00, run_after=2024-03-22 00:00:00+00:00
[2024-03-22T10:57:31.693+0000] {processor.py:183} INFO - Processing /home/airflow/.local/lib/python3.8/site-packages/airflow/example_dags/example_nested_branch_dag.py took 0.055 seconds
[2024-03-22T10:58:01.926+0000] {processor.py:161} INFO - Started process (PID=892) to work on /home/airflow/.local/lib/python3.8/site-packages/airflow/example_dags/example_nested_branch_dag.py
[2024-03-22T10:58:01.926+0000] {processor.py:830} INFO - Processing file /home/airflow/.local/lib/python3.8/site-packages/airflow/example_dags/example_nested_branch_dag.py for tasks to queue
[2024-03-22T10:58:01.928+0000] {logging_mixin.py:188} INFO - [2024-03-22T10:58:01.928+0000] {dagbag.py:540} INFO - Filling up the DagBag from /home/airflow/.local/lib/python3.8/site-packages/airflow/example_dags/example_nested_branch_dag.py
[2024-03-22T10:58:01.935+0000] {processor.py:840} INFO - DAG(s) 'example_nested_branch_dag' retrieved from /home/airflow/.local/lib/python3.8/site-packages/airflow/example_dags/example_nested_branch_dag.py
[2024-03-22T10:58:01.951+0000] {logging_mixin.py:188} INFO - [2024-03-22T10:58:01.951+0000] {dag.py:3047} INFO - Sync 1 DAGs
[2024-03-22T10:58:01.967+0000] {logging_mixin.py:188} INFO - [2024-03-22T10:58:01.967+0000] {dag.py:3834} INFO - Setting next_dagrun for example_nested_branch_dag to 2024-03-21 00:00:00+00:00, run_after=2024-03-22 00:00:00+00:00
[2024-03-22T10:58:01.989+0000] {processor.py:183} INFO - Processing /home/airflow/.local/lib/python3.8/site-packages/airflow/example_dags/example_nested_branch_dag.py took 0.066 seconds
[2024-03-22T10:58:32.128+0000] {processor.py:161} INFO - Started process (PID=947) to work on /home/airflow/.local/lib/python3.8/site-packages/airflow/example_dags/example_nested_branch_dag.py
[2024-03-22T10:58:32.129+0000] {processor.py:830} INFO - Processing file /home/airflow/.local/lib/python3.8/site-packages/airflow/example_dags/example_nested_branch_dag.py for tasks to queue
[2024-03-22T10:58:32.132+0000] {logging_mixin.py:188} INFO - [2024-03-22T10:58:32.131+0000] {dagbag.py:540} INFO - Filling up the DagBag from /home/airflow/.local/lib/python3.8/site-packages/airflow/example_dags/example_nested_branch_dag.py
[2024-03-22T10:58:32.140+0000] {processor.py:840} INFO - DAG(s) 'example_nested_branch_dag' retrieved from /home/airflow/.local/lib/python3.8/site-packages/airflow/example_dags/example_nested_branch_dag.py
[2024-03-22T10:58:32.160+0000] {logging_mixin.py:188} INFO - [2024-03-22T10:58:32.160+0000] {dag.py:3047} INFO - Sync 1 DAGs
[2024-03-22T10:58:32.180+0000] {logging_mixin.py:188} INFO - [2024-03-22T10:58:32.180+0000] {dag.py:3834} INFO - Setting next_dagrun for example_nested_branch_dag to 2024-03-21 00:00:00+00:00, run_after=2024-03-22 00:00:00+00:00
[2024-03-22T10:58:32.198+0000] {processor.py:183} INFO - Processing /home/airflow/.local/lib/python3.8/site-packages/airflow/example_dags/example_nested_branch_dag.py took 0.072 seconds
[2024-03-22T10:59:02.276+0000] {processor.py:161} INFO - Started process (PID=1002) to work on /home/airflow/.local/lib/python3.8/site-packages/airflow/example_dags/example_nested_branch_dag.py
[2024-03-22T10:59:02.277+0000] {processor.py:830} INFO - Processing file /home/airflow/.local/lib/python3.8/site-packages/airflow/example_dags/example_nested_branch_dag.py for tasks to queue
[2024-03-22T10:59:02.279+0000] {logging_mixin.py:188} INFO - [2024-03-22T10:59:02.278+0000] {dagbag.py:540} INFO - Filling up the DagBag from /home/airflow/.local/lib/python3.8/site-packages/airflow/example_dags/example_nested_branch_dag.py
[2024-03-22T10:59:02.286+0000] {processor.py:840} INFO - DAG(s) 'example_nested_branch_dag' retrieved from /home/airflow/.local/lib/python3.8/site-packages/airflow/example_dags/example_nested_branch_dag.py
[2024-03-22T10:59:02.302+0000] {logging_mixin.py:188} INFO - [2024-03-22T10:59:02.302+0000] {dag.py:3047} INFO - Sync 1 DAGs
[2024-03-22T10:59:02.318+0000] {logging_mixin.py:188} INFO - [2024-03-22T10:59:02.318+0000] {dag.py:3834} INFO - Setting next_dagrun for example_nested_branch_dag to 2024-03-21 00:00:00+00:00, run_after=2024-03-22 00:00:00+00:00
[2024-03-22T10:59:02.334+0000] {processor.py:183} INFO - Processing /home/airflow/.local/lib/python3.8/site-packages/airflow/example_dags/example_nested_branch_dag.py took 0.060 seconds
[2024-03-22T10:59:32.481+0000] {processor.py:161} INFO - Started process (PID=1057) to work on /home/airflow/.local/lib/python3.8/site-packages/airflow/example_dags/example_nested_branch_dag.py
[2024-03-22T10:59:32.482+0000] {processor.py:830} INFO - Processing file /home/airflow/.local/lib/python3.8/site-packages/airflow/example_dags/example_nested_branch_dag.py for tasks to queue
[2024-03-22T10:59:32.484+0000] {logging_mixin.py:188} INFO - [2024-03-22T10:59:32.484+0000] {dagbag.py:540} INFO - Filling up the DagBag from /home/airflow/.local/lib/python3.8/site-packages/airflow/example_dags/example_nested_branch_dag.py
[2024-03-22T10:59:32.492+0000] {processor.py:840} INFO - DAG(s) 'example_nested_branch_dag' retrieved from /home/airflow/.local/lib/python3.8/site-packages/airflow/example_dags/example_nested_branch_dag.py
[2024-03-22T10:59:32.509+0000] {logging_mixin.py:188} INFO - [2024-03-22T10:59:32.509+0000] {dag.py:3047} INFO - Sync 1 DAGs
[2024-03-22T10:59:32.525+0000] {logging_mixin.py:188} INFO - [2024-03-22T10:59:32.525+0000] {dag.py:3834} INFO - Setting next_dagrun for example_nested_branch_dag to 2024-03-21 00:00:00+00:00, run_after=2024-03-22 00:00:00+00:00
[2024-03-22T10:59:32.538+0000] {processor.py:183} INFO - Processing /home/airflow/.local/lib/python3.8/site-packages/airflow/example_dags/example_nested_branch_dag.py took 0.059 seconds
[2024-03-22T11:00:02.600+0000] {processor.py:161} INFO - Started process (PID=1112) to work on /home/airflow/.local/lib/python3.8/site-packages/airflow/example_dags/example_nested_branch_dag.py
[2024-03-22T11:00:02.601+0000] {processor.py:830} INFO - Processing file /home/airflow/.local/lib/python3.8/site-packages/airflow/example_dags/example_nested_branch_dag.py for tasks to queue
[2024-03-22T11:00:02.603+0000] {logging_mixin.py:188} INFO - [2024-03-22T11:00:02.602+0000] {dagbag.py:540} INFO - Filling up the DagBag from /home/airflow/.local/lib/python3.8/site-packages/airflow/example_dags/example_nested_branch_dag.py
[2024-03-22T11:00:02.610+0000] {processor.py:840} INFO - DAG(s) 'example_nested_branch_dag' retrieved from /home/airflow/.local/lib/python3.8/site-packages/airflow/example_dags/example_nested_branch_dag.py
[2024-03-22T11:00:02.629+0000] {logging_mixin.py:188} INFO - [2024-03-22T11:00:02.629+0000] {dag.py:3047} INFO - Sync 1 DAGs
[2024-03-22T11:00:02.649+0000] {logging_mixin.py:188} INFO - [2024-03-22T11:00:02.649+0000] {dag.py:3834} INFO - Setting next_dagrun for example_nested_branch_dag to 2024-03-21 00:00:00+00:00, run_after=2024-03-22 00:00:00+00:00
[2024-03-22T11:00:02.662+0000] {processor.py:183} INFO - Processing /home/airflow/.local/lib/python3.8/site-packages/airflow/example_dags/example_nested_branch_dag.py took 0.064 seconds
[2024-03-22T11:00:32.780+0000] {processor.py:161} INFO - Started process (PID=1167) to work on /home/airflow/.local/lib/python3.8/site-packages/airflow/example_dags/example_nested_branch_dag.py
[2024-03-22T11:00:32.780+0000] {processor.py:830} INFO - Processing file /home/airflow/.local/lib/python3.8/site-packages/airflow/example_dags/example_nested_branch_dag.py for tasks to queue
[2024-03-22T11:00:32.782+0000] {logging_mixin.py:188} INFO - [2024-03-22T11:00:32.782+0000] {dagbag.py:540} INFO - Filling up the DagBag from /home/airflow/.local/lib/python3.8/site-packages/airflow/example_dags/example_nested_branch_dag.py
[2024-03-22T11:00:32.789+0000] {processor.py:840} INFO - DAG(s) 'example_nested_branch_dag' retrieved from /home/airflow/.local/lib/python3.8/site-packages/airflow/example_dags/example_nested_branch_dag.py
[2024-03-22T11:00:32.805+0000] {logging_mixin.py:188} INFO - [2024-03-22T11:00:32.805+0000] {dag.py:3047} INFO - Sync 1 DAGs
[2024-03-22T11:00:32.824+0000] {logging_mixin.py:188} INFO - [2024-03-22T11:00:32.823+0000] {dag.py:3834} INFO - Setting next_dagrun for example_nested_branch_dag to 2024-03-21 00:00:00+00:00, run_after=2024-03-22 00:00:00+00:00
[2024-03-22T11:00:32.841+0000] {processor.py:183} INFO - Processing /home/airflow/.local/lib/python3.8/site-packages/airflow/example_dags/example_nested_branch_dag.py took 0.064 seconds
[2024-03-22T11:01:03.904+0000] {processor.py:161} INFO - Started process (PID=1222) to work on /home/airflow/.local/lib/python3.8/site-packages/airflow/example_dags/example_nested_branch_dag.py
[2024-03-22T11:01:03.905+0000] {processor.py:830} INFO - Processing file /home/airflow/.local/lib/python3.8/site-packages/airflow/example_dags/example_nested_branch_dag.py for tasks to queue
[2024-03-22T11:01:03.907+0000] {logging_mixin.py:188} INFO - [2024-03-22T11:01:03.906+0000] {dagbag.py:540} INFO - Filling up the DagBag from /home/airflow/.local/lib/python3.8/site-packages/airflow/example_dags/example_nested_branch_dag.py
[2024-03-22T11:01:03.914+0000] {processor.py:840} INFO - DAG(s) 'example_nested_branch_dag' retrieved from /home/airflow/.local/lib/python3.8/site-packages/airflow/example_dags/example_nested_branch_dag.py
[2024-03-22T11:01:03.928+0000] {logging_mixin.py:188} INFO - [2024-03-22T11:01:03.928+0000] {dag.py:3047} INFO - Sync 1 DAGs
[2024-03-22T11:01:03.943+0000] {logging_mixin.py:188} INFO - [2024-03-22T11:01:03.943+0000] {dag.py:3834} INFO - Setting next_dagrun for example_nested_branch_dag to 2024-03-21 00:00:00+00:00, run_after=2024-03-22 00:00:00+00:00
[2024-03-22T11:01:03.956+0000] {processor.py:183} INFO - Processing /home/airflow/.local/lib/python3.8/site-packages/airflow/example_dags/example_nested_branch_dag.py took 0.054 seconds
