[2024-03-22T10:50:25.922+0000] {processor.py:161} INFO - Started process (PID=59) to work on /home/airflow/.local/lib/python3.8/site-packages/airflow/example_dags/tutorial_dag.py
[2024-03-22T10:50:25.923+0000] {processor.py:830} INFO - Processing file /home/airflow/.local/lib/python3.8/site-packages/airflow/example_dags/tutorial_dag.py for tasks to queue
[2024-03-22T10:50:25.926+0000] {logging_mixin.py:188} INFO - [2024-03-22T10:50:25.925+0000] {dagbag.py:540} INFO - Filling up the DagBag from /home/airflow/.local/lib/python3.8/site-packages/airflow/example_dags/tutorial_dag.py
[2024-03-22T10:50:25.937+0000] {processor.py:840} INFO - DAG(s) 'tutorial_dag' retrieved from /home/airflow/.local/lib/python3.8/site-packages/airflow/example_dags/tutorial_dag.py
[2024-03-22T10:50:25.952+0000] {logging_mixin.py:188} INFO - [2024-03-22T10:50:25.951+0000] {dag.py:3047} INFO - Sync 1 DAGs
[2024-03-22T10:50:25.965+0000] {logging_mixin.py:188} INFO - [2024-03-22T10:50:25.965+0000] {dag.py:3834} INFO - Setting next_dagrun for tutorial_dag to None, run_after=None
[2024-03-22T10:50:25.982+0000] {processor.py:183} INFO - Processing /home/airflow/.local/lib/python3.8/site-packages/airflow/example_dags/tutorial_dag.py took 0.065 seconds
[2024-03-22T10:50:57.127+0000] {processor.py:161} INFO - Started process (PID=113) to work on /home/airflow/.local/lib/python3.8/site-packages/airflow/example_dags/tutorial_dag.py
[2024-03-22T10:50:57.128+0000] {processor.py:830} INFO - Processing file /home/airflow/.local/lib/python3.8/site-packages/airflow/example_dags/tutorial_dag.py for tasks to queue
[2024-03-22T10:50:57.130+0000] {logging_mixin.py:188} INFO - [2024-03-22T10:50:57.130+0000] {dagbag.py:540} INFO - Filling up the DagBag from /home/airflow/.local/lib/python3.8/site-packages/airflow/example_dags/tutorial_dag.py
[2024-03-22T10:50:57.136+0000] {processor.py:840} INFO - DAG(s) 'tutorial_dag' retrieved from /home/airflow/.local/lib/python3.8/site-packages/airflow/example_dags/tutorial_dag.py
[2024-03-22T10:50:57.266+0000] {logging_mixin.py:188} INFO - [2024-03-22T10:50:57.266+0000] {dag.py:3047} INFO - Sync 1 DAGs
[2024-03-22T10:50:57.282+0000] {logging_mixin.py:188} INFO - [2024-03-22T10:50:57.282+0000] {dag.py:3834} INFO - Setting next_dagrun for tutorial_dag to None, run_after=None
[2024-03-22T10:50:57.318+0000] {processor.py:183} INFO - Processing /home/airflow/.local/lib/python3.8/site-packages/airflow/example_dags/tutorial_dag.py took 0.195 seconds
[2024-03-22T10:51:27.494+0000] {processor.py:161} INFO - Started process (PID=168) to work on /home/airflow/.local/lib/python3.8/site-packages/airflow/example_dags/tutorial_dag.py
[2024-03-22T10:51:27.495+0000] {processor.py:830} INFO - Processing file /home/airflow/.local/lib/python3.8/site-packages/airflow/example_dags/tutorial_dag.py for tasks to queue
[2024-03-22T10:51:27.497+0000] {logging_mixin.py:188} INFO - [2024-03-22T10:51:27.496+0000] {dagbag.py:540} INFO - Filling up the DagBag from /home/airflow/.local/lib/python3.8/site-packages/airflow/example_dags/tutorial_dag.py
[2024-03-22T10:51:27.501+0000] {processor.py:840} INFO - DAG(s) 'tutorial_dag' retrieved from /home/airflow/.local/lib/python3.8/site-packages/airflow/example_dags/tutorial_dag.py
[2024-03-22T10:51:27.516+0000] {logging_mixin.py:188} INFO - [2024-03-22T10:51:27.516+0000] {dag.py:3047} INFO - Sync 1 DAGs
[2024-03-22T10:51:27.525+0000] {logging_mixin.py:188} INFO - [2024-03-22T10:51:27.524+0000] {dag.py:3834} INFO - Setting next_dagrun for tutorial_dag to None, run_after=None
[2024-03-22T10:51:27.547+0000] {processor.py:183} INFO - Processing /home/airflow/.local/lib/python3.8/site-packages/airflow/example_dags/tutorial_dag.py took 0.055 seconds
[2024-03-22T10:51:57.633+0000] {processor.py:161} INFO - Started process (PID=223) to work on /home/airflow/.local/lib/python3.8/site-packages/airflow/example_dags/tutorial_dag.py
[2024-03-22T10:51:57.634+0000] {processor.py:830} INFO - Processing file /home/airflow/.local/lib/python3.8/site-packages/airflow/example_dags/tutorial_dag.py for tasks to queue
[2024-03-22T10:51:57.636+0000] {logging_mixin.py:188} INFO - [2024-03-22T10:51:57.635+0000] {dagbag.py:540} INFO - Filling up the DagBag from /home/airflow/.local/lib/python3.8/site-packages/airflow/example_dags/tutorial_dag.py
[2024-03-22T10:51:57.640+0000] {processor.py:840} INFO - DAG(s) 'tutorial_dag' retrieved from /home/airflow/.local/lib/python3.8/site-packages/airflow/example_dags/tutorial_dag.py
[2024-03-22T10:51:57.653+0000] {logging_mixin.py:188} INFO - [2024-03-22T10:51:57.653+0000] {dag.py:3047} INFO - Sync 1 DAGs
[2024-03-22T10:51:57.661+0000] {logging_mixin.py:188} INFO - [2024-03-22T10:51:57.661+0000] {dag.py:3834} INFO - Setting next_dagrun for tutorial_dag to None, run_after=None
[2024-03-22T10:51:57.673+0000] {processor.py:183} INFO - Processing /home/airflow/.local/lib/python3.8/site-packages/airflow/example_dags/tutorial_dag.py took 0.044 seconds
[2024-03-22T10:52:27.915+0000] {processor.py:161} INFO - Started process (PID=278) to work on /home/airflow/.local/lib/python3.8/site-packages/airflow/example_dags/tutorial_dag.py
[2024-03-22T10:52:27.916+0000] {processor.py:830} INFO - Processing file /home/airflow/.local/lib/python3.8/site-packages/airflow/example_dags/tutorial_dag.py for tasks to queue
[2024-03-22T10:52:27.918+0000] {logging_mixin.py:188} INFO - [2024-03-22T10:52:27.918+0000] {dagbag.py:540} INFO - Filling up the DagBag from /home/airflow/.local/lib/python3.8/site-packages/airflow/example_dags/tutorial_dag.py
[2024-03-22T10:52:27.922+0000] {processor.py:840} INFO - DAG(s) 'tutorial_dag' retrieved from /home/airflow/.local/lib/python3.8/site-packages/airflow/example_dags/tutorial_dag.py
[2024-03-22T10:52:27.937+0000] {logging_mixin.py:188} INFO - [2024-03-22T10:52:27.937+0000] {dag.py:3047} INFO - Sync 1 DAGs
[2024-03-22T10:52:27.947+0000] {logging_mixin.py:188} INFO - [2024-03-22T10:52:27.947+0000] {dag.py:3834} INFO - Setting next_dagrun for tutorial_dag to None, run_after=None
[2024-03-22T10:52:27.960+0000] {processor.py:183} INFO - Processing /home/airflow/.local/lib/python3.8/site-packages/airflow/example_dags/tutorial_dag.py took 0.048 seconds
[2024-03-22T10:52:58.204+0000] {processor.py:161} INFO - Started process (PID=333) to work on /home/airflow/.local/lib/python3.8/site-packages/airflow/example_dags/tutorial_dag.py
[2024-03-22T10:52:58.205+0000] {processor.py:830} INFO - Processing file /home/airflow/.local/lib/python3.8/site-packages/airflow/example_dags/tutorial_dag.py for tasks to queue
[2024-03-22T10:52:58.206+0000] {logging_mixin.py:188} INFO - [2024-03-22T10:52:58.206+0000] {dagbag.py:540} INFO - Filling up the DagBag from /home/airflow/.local/lib/python3.8/site-packages/airflow/example_dags/tutorial_dag.py
[2024-03-22T10:52:58.209+0000] {processor.py:840} INFO - DAG(s) 'tutorial_dag' retrieved from /home/airflow/.local/lib/python3.8/site-packages/airflow/example_dags/tutorial_dag.py
[2024-03-22T10:52:58.223+0000] {logging_mixin.py:188} INFO - [2024-03-22T10:52:58.222+0000] {dag.py:3047} INFO - Sync 1 DAGs
[2024-03-22T10:52:58.231+0000] {logging_mixin.py:188} INFO - [2024-03-22T10:52:58.230+0000] {dag.py:3834} INFO - Setting next_dagrun for tutorial_dag to None, run_after=None
[2024-03-22T10:52:58.245+0000] {processor.py:183} INFO - Processing /home/airflow/.local/lib/python3.8/site-packages/airflow/example_dags/tutorial_dag.py took 0.043 seconds
[2024-03-22T10:53:29.548+0000] {processor.py:161} INFO - Started process (PID=388) to work on /home/airflow/.local/lib/python3.8/site-packages/airflow/example_dags/tutorial_dag.py
[2024-03-22T10:53:29.549+0000] {processor.py:830} INFO - Processing file /home/airflow/.local/lib/python3.8/site-packages/airflow/example_dags/tutorial_dag.py for tasks to queue
[2024-03-22T10:53:29.550+0000] {logging_mixin.py:188} INFO - [2024-03-22T10:53:29.550+0000] {dagbag.py:540} INFO - Filling up the DagBag from /home/airflow/.local/lib/python3.8/site-packages/airflow/example_dags/tutorial_dag.py
[2024-03-22T10:53:29.555+0000] {processor.py:840} INFO - DAG(s) 'tutorial_dag' retrieved from /home/airflow/.local/lib/python3.8/site-packages/airflow/example_dags/tutorial_dag.py
[2024-03-22T10:53:29.570+0000] {logging_mixin.py:188} INFO - [2024-03-22T10:53:29.569+0000] {dag.py:3047} INFO - Sync 1 DAGs
[2024-03-22T10:53:29.581+0000] {logging_mixin.py:188} INFO - [2024-03-22T10:53:29.581+0000] {dag.py:3834} INFO - Setting next_dagrun for tutorial_dag to None, run_after=None
[2024-03-22T10:53:29.596+0000] {processor.py:183} INFO - Processing /home/airflow/.local/lib/python3.8/site-packages/airflow/example_dags/tutorial_dag.py took 0.051 seconds
[2024-03-22T10:53:59.764+0000] {processor.py:161} INFO - Started process (PID=443) to work on /home/airflow/.local/lib/python3.8/site-packages/airflow/example_dags/tutorial_dag.py
[2024-03-22T10:53:59.765+0000] {processor.py:830} INFO - Processing file /home/airflow/.local/lib/python3.8/site-packages/airflow/example_dags/tutorial_dag.py for tasks to queue
[2024-03-22T10:53:59.767+0000] {logging_mixin.py:188} INFO - [2024-03-22T10:53:59.767+0000] {dagbag.py:540} INFO - Filling up the DagBag from /home/airflow/.local/lib/python3.8/site-packages/airflow/example_dags/tutorial_dag.py
[2024-03-22T10:53:59.772+0000] {processor.py:840} INFO - DAG(s) 'tutorial_dag' retrieved from /home/airflow/.local/lib/python3.8/site-packages/airflow/example_dags/tutorial_dag.py
[2024-03-22T10:53:59.788+0000] {logging_mixin.py:188} INFO - [2024-03-22T10:53:59.788+0000] {dag.py:3047} INFO - Sync 1 DAGs
[2024-03-22T10:53:59.797+0000] {logging_mixin.py:188} INFO - [2024-03-22T10:53:59.797+0000] {dag.py:3834} INFO - Setting next_dagrun for tutorial_dag to None, run_after=None
[2024-03-22T10:53:59.811+0000] {processor.py:183} INFO - Processing /home/airflow/.local/lib/python3.8/site-packages/airflow/example_dags/tutorial_dag.py took 0.050 seconds
[2024-03-22T10:54:30.018+0000] {processor.py:161} INFO - Started process (PID=498) to work on /home/airflow/.local/lib/python3.8/site-packages/airflow/example_dags/tutorial_dag.py
[2024-03-22T10:54:30.019+0000] {processor.py:830} INFO - Processing file /home/airflow/.local/lib/python3.8/site-packages/airflow/example_dags/tutorial_dag.py for tasks to queue
[2024-03-22T10:54:30.020+0000] {logging_mixin.py:188} INFO - [2024-03-22T10:54:30.020+0000] {dagbag.py:540} INFO - Filling up the DagBag from /home/airflow/.local/lib/python3.8/site-packages/airflow/example_dags/tutorial_dag.py
[2024-03-22T10:54:30.026+0000] {processor.py:840} INFO - DAG(s) 'tutorial_dag' retrieved from /home/airflow/.local/lib/python3.8/site-packages/airflow/example_dags/tutorial_dag.py
[2024-03-22T10:54:30.040+0000] {logging_mixin.py:188} INFO - [2024-03-22T10:54:30.040+0000] {dag.py:3047} INFO - Sync 1 DAGs
[2024-03-22T10:54:30.048+0000] {logging_mixin.py:188} INFO - [2024-03-22T10:54:30.048+0000] {dag.py:3834} INFO - Setting next_dagrun for tutorial_dag to None, run_after=None
[2024-03-22T10:54:30.061+0000] {processor.py:183} INFO - Processing /home/airflow/.local/lib/python3.8/site-packages/airflow/example_dags/tutorial_dag.py took 0.045 seconds
[2024-03-22T10:55:00.247+0000] {processor.py:161} INFO - Started process (PID=553) to work on /home/airflow/.local/lib/python3.8/site-packages/airflow/example_dags/tutorial_dag.py
[2024-03-22T10:55:00.248+0000] {processor.py:830} INFO - Processing file /home/airflow/.local/lib/python3.8/site-packages/airflow/example_dags/tutorial_dag.py for tasks to queue
[2024-03-22T10:55:00.249+0000] {logging_mixin.py:188} INFO - [2024-03-22T10:55:00.249+0000] {dagbag.py:540} INFO - Filling up the DagBag from /home/airflow/.local/lib/python3.8/site-packages/airflow/example_dags/tutorial_dag.py
[2024-03-22T10:55:00.253+0000] {processor.py:840} INFO - DAG(s) 'tutorial_dag' retrieved from /home/airflow/.local/lib/python3.8/site-packages/airflow/example_dags/tutorial_dag.py
[2024-03-22T10:55:00.268+0000] {logging_mixin.py:188} INFO - [2024-03-22T10:55:00.267+0000] {dag.py:3047} INFO - Sync 1 DAGs
[2024-03-22T10:55:00.276+0000] {logging_mixin.py:188} INFO - [2024-03-22T10:55:00.276+0000] {dag.py:3834} INFO - Setting next_dagrun for tutorial_dag to None, run_after=None
[2024-03-22T10:55:00.290+0000] {processor.py:183} INFO - Processing /home/airflow/.local/lib/python3.8/site-packages/airflow/example_dags/tutorial_dag.py took 0.045 seconds
[2024-03-22T10:55:30.462+0000] {processor.py:161} INFO - Started process (PID=608) to work on /home/airflow/.local/lib/python3.8/site-packages/airflow/example_dags/tutorial_dag.py
[2024-03-22T10:55:30.463+0000] {processor.py:830} INFO - Processing file /home/airflow/.local/lib/python3.8/site-packages/airflow/example_dags/tutorial_dag.py for tasks to queue
[2024-03-22T10:55:30.465+0000] {logging_mixin.py:188} INFO - [2024-03-22T10:55:30.464+0000] {dagbag.py:540} INFO - Filling up the DagBag from /home/airflow/.local/lib/python3.8/site-packages/airflow/example_dags/tutorial_dag.py
[2024-03-22T10:55:30.469+0000] {processor.py:840} INFO - DAG(s) 'tutorial_dag' retrieved from /home/airflow/.local/lib/python3.8/site-packages/airflow/example_dags/tutorial_dag.py
[2024-03-22T10:55:30.485+0000] {logging_mixin.py:188} INFO - [2024-03-22T10:55:30.485+0000] {dag.py:3047} INFO - Sync 1 DAGs
[2024-03-22T10:55:30.497+0000] {logging_mixin.py:188} INFO - [2024-03-22T10:55:30.497+0000] {dag.py:3834} INFO - Setting next_dagrun for tutorial_dag to None, run_after=None
[2024-03-22T10:55:30.514+0000] {processor.py:183} INFO - Processing /home/airflow/.local/lib/python3.8/site-packages/airflow/example_dags/tutorial_dag.py took 0.055 seconds
[2024-03-22T10:56:00.848+0000] {processor.py:161} INFO - Started process (PID=663) to work on /home/airflow/.local/lib/python3.8/site-packages/airflow/example_dags/tutorial_dag.py
[2024-03-22T10:56:00.849+0000] {processor.py:830} INFO - Processing file /home/airflow/.local/lib/python3.8/site-packages/airflow/example_dags/tutorial_dag.py for tasks to queue
[2024-03-22T10:56:00.850+0000] {logging_mixin.py:188} INFO - [2024-03-22T10:56:00.850+0000] {dagbag.py:540} INFO - Filling up the DagBag from /home/airflow/.local/lib/python3.8/site-packages/airflow/example_dags/tutorial_dag.py
[2024-03-22T10:56:00.855+0000] {processor.py:840} INFO - DAG(s) 'tutorial_dag' retrieved from /home/airflow/.local/lib/python3.8/site-packages/airflow/example_dags/tutorial_dag.py
[2024-03-22T10:56:00.870+0000] {logging_mixin.py:188} INFO - [2024-03-22T10:56:00.869+0000] {dag.py:3047} INFO - Sync 1 DAGs
[2024-03-22T10:56:00.878+0000] {logging_mixin.py:188} INFO - [2024-03-22T10:56:00.878+0000] {dag.py:3834} INFO - Setting next_dagrun for tutorial_dag to None, run_after=None
[2024-03-22T10:56:00.902+0000] {processor.py:183} INFO - Processing /home/airflow/.local/lib/python3.8/site-packages/airflow/example_dags/tutorial_dag.py took 0.057 seconds
[2024-03-22T10:56:30.946+0000] {processor.py:161} INFO - Started process (PID=718) to work on /home/airflow/.local/lib/python3.8/site-packages/airflow/example_dags/tutorial_dag.py
[2024-03-22T10:56:30.946+0000] {processor.py:830} INFO - Processing file /home/airflow/.local/lib/python3.8/site-packages/airflow/example_dags/tutorial_dag.py for tasks to queue
[2024-03-22T10:56:30.948+0000] {logging_mixin.py:188} INFO - [2024-03-22T10:56:30.948+0000] {dagbag.py:540} INFO - Filling up the DagBag from /home/airflow/.local/lib/python3.8/site-packages/airflow/example_dags/tutorial_dag.py
[2024-03-22T10:56:30.951+0000] {processor.py:840} INFO - DAG(s) 'tutorial_dag' retrieved from /home/airflow/.local/lib/python3.8/site-packages/airflow/example_dags/tutorial_dag.py
[2024-03-22T10:56:30.965+0000] {logging_mixin.py:188} INFO - [2024-03-22T10:56:30.965+0000] {dag.py:3047} INFO - Sync 1 DAGs
[2024-03-22T10:56:30.973+0000] {logging_mixin.py:188} INFO - [2024-03-22T10:56:30.973+0000] {dag.py:3834} INFO - Setting next_dagrun for tutorial_dag to None, run_after=None
[2024-03-22T10:56:30.989+0000] {processor.py:183} INFO - Processing /home/airflow/.local/lib/python3.8/site-packages/airflow/example_dags/tutorial_dag.py took 0.045 seconds
[2024-03-22T10:57:01.127+0000] {processor.py:161} INFO - Started process (PID=773) to work on /home/airflow/.local/lib/python3.8/site-packages/airflow/example_dags/tutorial_dag.py
[2024-03-22T10:57:01.128+0000] {processor.py:830} INFO - Processing file /home/airflow/.local/lib/python3.8/site-packages/airflow/example_dags/tutorial_dag.py for tasks to queue
[2024-03-22T10:57:01.130+0000] {logging_mixin.py:188} INFO - [2024-03-22T10:57:01.130+0000] {dagbag.py:540} INFO - Filling up the DagBag from /home/airflow/.local/lib/python3.8/site-packages/airflow/example_dags/tutorial_dag.py
[2024-03-22T10:57:01.134+0000] {processor.py:840} INFO - DAG(s) 'tutorial_dag' retrieved from /home/airflow/.local/lib/python3.8/site-packages/airflow/example_dags/tutorial_dag.py
[2024-03-22T10:57:01.150+0000] {logging_mixin.py:188} INFO - [2024-03-22T10:57:01.150+0000] {dag.py:3047} INFO - Sync 1 DAGs
[2024-03-22T10:57:01.161+0000] {logging_mixin.py:188} INFO - [2024-03-22T10:57:01.161+0000] {dag.py:3834} INFO - Setting next_dagrun for tutorial_dag to None, run_after=None
[2024-03-22T10:57:01.175+0000] {processor.py:183} INFO - Processing /home/airflow/.local/lib/python3.8/site-packages/airflow/example_dags/tutorial_dag.py took 0.051 seconds
[2024-03-22T10:57:31.316+0000] {processor.py:161} INFO - Started process (PID=828) to work on /home/airflow/.local/lib/python3.8/site-packages/airflow/example_dags/tutorial_dag.py
[2024-03-22T10:57:31.317+0000] {processor.py:830} INFO - Processing file /home/airflow/.local/lib/python3.8/site-packages/airflow/example_dags/tutorial_dag.py for tasks to queue
[2024-03-22T10:57:31.318+0000] {logging_mixin.py:188} INFO - [2024-03-22T10:57:31.318+0000] {dagbag.py:540} INFO - Filling up the DagBag from /home/airflow/.local/lib/python3.8/site-packages/airflow/example_dags/tutorial_dag.py
[2024-03-22T10:57:31.322+0000] {processor.py:840} INFO - DAG(s) 'tutorial_dag' retrieved from /home/airflow/.local/lib/python3.8/site-packages/airflow/example_dags/tutorial_dag.py
[2024-03-22T10:57:31.335+0000] {logging_mixin.py:188} INFO - [2024-03-22T10:57:31.335+0000] {dag.py:3047} INFO - Sync 1 DAGs
[2024-03-22T10:57:31.344+0000] {logging_mixin.py:188} INFO - [2024-03-22T10:57:31.344+0000] {dag.py:3834} INFO - Setting next_dagrun for tutorial_dag to None, run_after=None
[2024-03-22T10:57:31.358+0000] {processor.py:183} INFO - Processing /home/airflow/.local/lib/python3.8/site-packages/airflow/example_dags/tutorial_dag.py took 0.044 seconds
[2024-03-22T10:58:01.469+0000] {processor.py:161} INFO - Started process (PID=883) to work on /home/airflow/.local/lib/python3.8/site-packages/airflow/example_dags/tutorial_dag.py
[2024-03-22T10:58:01.470+0000] {processor.py:830} INFO - Processing file /home/airflow/.local/lib/python3.8/site-packages/airflow/example_dags/tutorial_dag.py for tasks to queue
[2024-03-22T10:58:01.471+0000] {logging_mixin.py:188} INFO - [2024-03-22T10:58:01.471+0000] {dagbag.py:540} INFO - Filling up the DagBag from /home/airflow/.local/lib/python3.8/site-packages/airflow/example_dags/tutorial_dag.py
[2024-03-22T10:58:01.475+0000] {processor.py:840} INFO - DAG(s) 'tutorial_dag' retrieved from /home/airflow/.local/lib/python3.8/site-packages/airflow/example_dags/tutorial_dag.py
[2024-03-22T10:58:01.488+0000] {logging_mixin.py:188} INFO - [2024-03-22T10:58:01.488+0000] {dag.py:3047} INFO - Sync 1 DAGs
[2024-03-22T10:58:01.497+0000] {logging_mixin.py:188} INFO - [2024-03-22T10:58:01.496+0000] {dag.py:3834} INFO - Setting next_dagrun for tutorial_dag to None, run_after=None
[2024-03-22T10:58:01.509+0000] {processor.py:183} INFO - Processing /home/airflow/.local/lib/python3.8/site-packages/airflow/example_dags/tutorial_dag.py took 0.042 seconds
[2024-03-22T10:58:31.730+0000] {processor.py:161} INFO - Started process (PID=938) to work on /home/airflow/.local/lib/python3.8/site-packages/airflow/example_dags/tutorial_dag.py
[2024-03-22T10:58:31.731+0000] {processor.py:830} INFO - Processing file /home/airflow/.local/lib/python3.8/site-packages/airflow/example_dags/tutorial_dag.py for tasks to queue
[2024-03-22T10:58:31.733+0000] {logging_mixin.py:188} INFO - [2024-03-22T10:58:31.732+0000] {dagbag.py:540} INFO - Filling up the DagBag from /home/airflow/.local/lib/python3.8/site-packages/airflow/example_dags/tutorial_dag.py
[2024-03-22T10:58:31.737+0000] {processor.py:840} INFO - DAG(s) 'tutorial_dag' retrieved from /home/airflow/.local/lib/python3.8/site-packages/airflow/example_dags/tutorial_dag.py
[2024-03-22T10:58:31.753+0000] {logging_mixin.py:188} INFO - [2024-03-22T10:58:31.753+0000] {dag.py:3047} INFO - Sync 1 DAGs
[2024-03-22T10:58:31.763+0000] {logging_mixin.py:188} INFO - [2024-03-22T10:58:31.763+0000] {dag.py:3834} INFO - Setting next_dagrun for tutorial_dag to None, run_after=None
[2024-03-22T10:58:31.776+0000] {processor.py:183} INFO - Processing /home/airflow/.local/lib/python3.8/site-packages/airflow/example_dags/tutorial_dag.py took 0.048 seconds
[2024-03-22T10:59:01.952+0000] {processor.py:161} INFO - Started process (PID=993) to work on /home/airflow/.local/lib/python3.8/site-packages/airflow/example_dags/tutorial_dag.py
[2024-03-22T10:59:01.953+0000] {processor.py:830} INFO - Processing file /home/airflow/.local/lib/python3.8/site-packages/airflow/example_dags/tutorial_dag.py for tasks to queue
[2024-03-22T10:59:01.955+0000] {logging_mixin.py:188} INFO - [2024-03-22T10:59:01.954+0000] {dagbag.py:540} INFO - Filling up the DagBag from /home/airflow/.local/lib/python3.8/site-packages/airflow/example_dags/tutorial_dag.py
[2024-03-22T10:59:01.959+0000] {processor.py:840} INFO - DAG(s) 'tutorial_dag' retrieved from /home/airflow/.local/lib/python3.8/site-packages/airflow/example_dags/tutorial_dag.py
[2024-03-22T10:59:01.975+0000] {logging_mixin.py:188} INFO - [2024-03-22T10:59:01.975+0000] {dag.py:3047} INFO - Sync 1 DAGs
[2024-03-22T10:59:01.985+0000] {logging_mixin.py:188} INFO - [2024-03-22T10:59:01.984+0000] {dag.py:3834} INFO - Setting next_dagrun for tutorial_dag to None, run_after=None
[2024-03-22T10:59:01.999+0000] {processor.py:183} INFO - Processing /home/airflow/.local/lib/python3.8/site-packages/airflow/example_dags/tutorial_dag.py took 0.049 seconds
[2024-03-22T10:59:32.113+0000] {processor.py:161} INFO - Started process (PID=1048) to work on /home/airflow/.local/lib/python3.8/site-packages/airflow/example_dags/tutorial_dag.py
[2024-03-22T10:59:32.114+0000] {processor.py:830} INFO - Processing file /home/airflow/.local/lib/python3.8/site-packages/airflow/example_dags/tutorial_dag.py for tasks to queue
[2024-03-22T10:59:32.115+0000] {logging_mixin.py:188} INFO - [2024-03-22T10:59:32.115+0000] {dagbag.py:540} INFO - Filling up the DagBag from /home/airflow/.local/lib/python3.8/site-packages/airflow/example_dags/tutorial_dag.py
[2024-03-22T10:59:32.120+0000] {processor.py:840} INFO - DAG(s) 'tutorial_dag' retrieved from /home/airflow/.local/lib/python3.8/site-packages/airflow/example_dags/tutorial_dag.py
[2024-03-22T10:59:32.137+0000] {logging_mixin.py:188} INFO - [2024-03-22T10:59:32.136+0000] {dag.py:3047} INFO - Sync 1 DAGs
[2024-03-22T10:59:32.156+0000] {logging_mixin.py:188} INFO - [2024-03-22T10:59:32.155+0000] {dag.py:3834} INFO - Setting next_dagrun for tutorial_dag to None, run_after=None
[2024-03-22T10:59:32.174+0000] {processor.py:183} INFO - Processing /home/airflow/.local/lib/python3.8/site-packages/airflow/example_dags/tutorial_dag.py took 0.064 seconds
[2024-03-22T11:00:02.209+0000] {processor.py:161} INFO - Started process (PID=1103) to work on /home/airflow/.local/lib/python3.8/site-packages/airflow/example_dags/tutorial_dag.py
[2024-03-22T11:00:02.210+0000] {processor.py:830} INFO - Processing file /home/airflow/.local/lib/python3.8/site-packages/airflow/example_dags/tutorial_dag.py for tasks to queue
[2024-03-22T11:00:02.212+0000] {logging_mixin.py:188} INFO - [2024-03-22T11:00:02.212+0000] {dagbag.py:540} INFO - Filling up the DagBag from /home/airflow/.local/lib/python3.8/site-packages/airflow/example_dags/tutorial_dag.py
[2024-03-22T11:00:02.217+0000] {processor.py:840} INFO - DAG(s) 'tutorial_dag' retrieved from /home/airflow/.local/lib/python3.8/site-packages/airflow/example_dags/tutorial_dag.py
[2024-03-22T11:00:02.231+0000] {logging_mixin.py:188} INFO - [2024-03-22T11:00:02.231+0000] {dag.py:3047} INFO - Sync 1 DAGs
[2024-03-22T11:00:02.239+0000] {logging_mixin.py:188} INFO - [2024-03-22T11:00:02.238+0000] {dag.py:3834} INFO - Setting next_dagrun for tutorial_dag to None, run_after=None
[2024-03-22T11:00:02.252+0000] {processor.py:183} INFO - Processing /home/airflow/.local/lib/python3.8/site-packages/airflow/example_dags/tutorial_dag.py took 0.046 seconds
[2024-03-22T11:00:32.304+0000] {processor.py:161} INFO - Started process (PID=1157) to work on /home/airflow/.local/lib/python3.8/site-packages/airflow/example_dags/tutorial_dag.py
[2024-03-22T11:00:32.305+0000] {processor.py:830} INFO - Processing file /home/airflow/.local/lib/python3.8/site-packages/airflow/example_dags/tutorial_dag.py for tasks to queue
[2024-03-22T11:00:32.306+0000] {logging_mixin.py:188} INFO - [2024-03-22T11:00:32.306+0000] {dagbag.py:540} INFO - Filling up the DagBag from /home/airflow/.local/lib/python3.8/site-packages/airflow/example_dags/tutorial_dag.py
[2024-03-22T11:00:32.310+0000] {processor.py:840} INFO - DAG(s) 'tutorial_dag' retrieved from /home/airflow/.local/lib/python3.8/site-packages/airflow/example_dags/tutorial_dag.py
[2024-03-22T11:00:32.323+0000] {logging_mixin.py:188} INFO - [2024-03-22T11:00:32.323+0000] {dag.py:3047} INFO - Sync 1 DAGs
[2024-03-22T11:00:32.331+0000] {logging_mixin.py:188} INFO - [2024-03-22T11:00:32.331+0000] {dag.py:3834} INFO - Setting next_dagrun for tutorial_dag to None, run_after=None
[2024-03-22T11:00:32.343+0000] {processor.py:183} INFO - Processing /home/airflow/.local/lib/python3.8/site-packages/airflow/example_dags/tutorial_dag.py took 0.041 seconds
[2024-03-22T11:01:03.444+0000] {processor.py:161} INFO - Started process (PID=1213) to work on /home/airflow/.local/lib/python3.8/site-packages/airflow/example_dags/tutorial_dag.py
[2024-03-22T11:01:03.445+0000] {processor.py:830} INFO - Processing file /home/airflow/.local/lib/python3.8/site-packages/airflow/example_dags/tutorial_dag.py for tasks to queue
[2024-03-22T11:01:03.446+0000] {logging_mixin.py:188} INFO - [2024-03-22T11:01:03.446+0000] {dagbag.py:540} INFO - Filling up the DagBag from /home/airflow/.local/lib/python3.8/site-packages/airflow/example_dags/tutorial_dag.py
[2024-03-22T11:01:03.451+0000] {processor.py:840} INFO - DAG(s) 'tutorial_dag' retrieved from /home/airflow/.local/lib/python3.8/site-packages/airflow/example_dags/tutorial_dag.py
[2024-03-22T11:01:03.465+0000] {logging_mixin.py:188} INFO - [2024-03-22T11:01:03.465+0000] {dag.py:3047} INFO - Sync 1 DAGs
[2024-03-22T11:01:03.474+0000] {logging_mixin.py:188} INFO - [2024-03-22T11:01:03.474+0000] {dag.py:3834} INFO - Setting next_dagrun for tutorial_dag to None, run_after=None
[2024-03-22T11:01:03.496+0000] {processor.py:183} INFO - Processing /home/airflow/.local/lib/python3.8/site-packages/airflow/example_dags/tutorial_dag.py took 0.055 seconds
