[2024-03-22T10:50:25.921+0000] {processor.py:161} INFO - Started process (PID=58) to work on /home/airflow/.local/lib/python3.8/site-packages/airflow/example_dags/tutorial.py
[2024-03-22T10:50:25.923+0000] {processor.py:830} INFO - Processing file /home/airflow/.local/lib/python3.8/site-packages/airflow/example_dags/tutorial.py for tasks to queue
[2024-03-22T10:50:25.925+0000] {logging_mixin.py:188} INFO - [2024-03-22T10:50:25.925+0000] {dagbag.py:540} INFO - Filling up the DagBag from /home/airflow/.local/lib/python3.8/site-packages/airflow/example_dags/tutorial.py
[2024-03-22T10:50:25.937+0000] {processor.py:840} INFO - DAG(s) 'tutorial' retrieved from /home/airflow/.local/lib/python3.8/site-packages/airflow/example_dags/tutorial.py
[2024-03-22T10:50:25.951+0000] {logging_mixin.py:188} INFO - [2024-03-22T10:50:25.951+0000] {dag.py:3047} INFO - Sync 1 DAGs
[2024-03-22T10:50:25.973+0000] {logging_mixin.py:188} INFO - [2024-03-22T10:50:25.973+0000] {dag.py:3834} INFO - Setting next_dagrun for tutorial to 2024-03-21 00:00:00+00:00, run_after=2024-03-22 00:00:00+00:00
[2024-03-22T10:50:25.993+0000] {processor.py:183} INFO - Processing /home/airflow/.local/lib/python3.8/site-packages/airflow/example_dags/tutorial.py took 0.076 seconds
[2024-03-22T10:50:56.942+0000] {processor.py:161} INFO - Started process (PID=112) to work on /home/airflow/.local/lib/python3.8/site-packages/airflow/example_dags/tutorial.py
[2024-03-22T10:50:56.943+0000] {processor.py:830} INFO - Processing file /home/airflow/.local/lib/python3.8/site-packages/airflow/example_dags/tutorial.py for tasks to queue
[2024-03-22T10:50:56.945+0000] {logging_mixin.py:188} INFO - [2024-03-22T10:50:56.945+0000] {dagbag.py:540} INFO - Filling up the DagBag from /home/airflow/.local/lib/python3.8/site-packages/airflow/example_dags/tutorial.py
[2024-03-22T10:50:56.952+0000] {processor.py:840} INFO - DAG(s) 'tutorial' retrieved from /home/airflow/.local/lib/python3.8/site-packages/airflow/example_dags/tutorial.py
[2024-03-22T10:50:57.075+0000] {logging_mixin.py:188} INFO - [2024-03-22T10:50:57.075+0000] {dag.py:3047} INFO - Sync 1 DAGs
[2024-03-22T10:50:57.097+0000] {logging_mixin.py:188} INFO - [2024-03-22T10:50:57.097+0000] {dag.py:3834} INFO - Setting next_dagrun for tutorial to 2024-03-21 00:00:00+00:00, run_after=2024-03-22 00:00:00+00:00
[2024-03-22T10:50:57.125+0000] {processor.py:183} INFO - Processing /home/airflow/.local/lib/python3.8/site-packages/airflow/example_dags/tutorial.py took 0.186 seconds
[2024-03-22T10:51:27.416+0000] {processor.py:161} INFO - Started process (PID=167) to work on /home/airflow/.local/lib/python3.8/site-packages/airflow/example_dags/tutorial.py
[2024-03-22T10:51:27.417+0000] {processor.py:830} INFO - Processing file /home/airflow/.local/lib/python3.8/site-packages/airflow/example_dags/tutorial.py for tasks to queue
[2024-03-22T10:51:27.418+0000] {logging_mixin.py:188} INFO - [2024-03-22T10:51:27.418+0000] {dagbag.py:540} INFO - Filling up the DagBag from /home/airflow/.local/lib/python3.8/site-packages/airflow/example_dags/tutorial.py
[2024-03-22T10:51:27.422+0000] {processor.py:840} INFO - DAG(s) 'tutorial' retrieved from /home/airflow/.local/lib/python3.8/site-packages/airflow/example_dags/tutorial.py
[2024-03-22T10:51:27.435+0000] {logging_mixin.py:188} INFO - [2024-03-22T10:51:27.435+0000] {dag.py:3047} INFO - Sync 1 DAGs
[2024-03-22T10:51:27.450+0000] {logging_mixin.py:188} INFO - [2024-03-22T10:51:27.450+0000] {dag.py:3834} INFO - Setting next_dagrun for tutorial to 2024-03-21 00:00:00+00:00, run_after=2024-03-22 00:00:00+00:00
[2024-03-22T10:51:27.472+0000] {processor.py:183} INFO - Processing /home/airflow/.local/lib/python3.8/site-packages/airflow/example_dags/tutorial.py took 0.058 seconds
[2024-03-22T10:51:57.631+0000] {processor.py:161} INFO - Started process (PID=222) to work on /home/airflow/.local/lib/python3.8/site-packages/airflow/example_dags/tutorial.py
[2024-03-22T10:51:57.632+0000] {processor.py:830} INFO - Processing file /home/airflow/.local/lib/python3.8/site-packages/airflow/example_dags/tutorial.py for tasks to queue
[2024-03-22T10:51:57.633+0000] {logging_mixin.py:188} INFO - [2024-03-22T10:51:57.633+0000] {dagbag.py:540} INFO - Filling up the DagBag from /home/airflow/.local/lib/python3.8/site-packages/airflow/example_dags/tutorial.py
[2024-03-22T10:51:57.637+0000] {processor.py:840} INFO - DAG(s) 'tutorial' retrieved from /home/airflow/.local/lib/python3.8/site-packages/airflow/example_dags/tutorial.py
[2024-03-22T10:51:57.652+0000] {logging_mixin.py:188} INFO - [2024-03-22T10:51:57.652+0000] {dag.py:3047} INFO - Sync 1 DAGs
[2024-03-22T10:51:57.667+0000] {logging_mixin.py:188} INFO - [2024-03-22T10:51:57.667+0000] {dag.py:3834} INFO - Setting next_dagrun for tutorial to 2024-03-21 00:00:00+00:00, run_after=2024-03-22 00:00:00+00:00
[2024-03-22T10:51:57.679+0000] {processor.py:183} INFO - Processing /home/airflow/.local/lib/python3.8/site-packages/airflow/example_dags/tutorial.py took 0.051 seconds
[2024-03-22T10:52:27.881+0000] {processor.py:161} INFO - Started process (PID=277) to work on /home/airflow/.local/lib/python3.8/site-packages/airflow/example_dags/tutorial.py
[2024-03-22T10:52:27.882+0000] {processor.py:830} INFO - Processing file /home/airflow/.local/lib/python3.8/site-packages/airflow/example_dags/tutorial.py for tasks to queue
[2024-03-22T10:52:27.884+0000] {logging_mixin.py:188} INFO - [2024-03-22T10:52:27.884+0000] {dagbag.py:540} INFO - Filling up the DagBag from /home/airflow/.local/lib/python3.8/site-packages/airflow/example_dags/tutorial.py
[2024-03-22T10:52:27.888+0000] {processor.py:840} INFO - DAG(s) 'tutorial' retrieved from /home/airflow/.local/lib/python3.8/site-packages/airflow/example_dags/tutorial.py
[2024-03-22T10:52:27.904+0000] {logging_mixin.py:188} INFO - [2024-03-22T10:52:27.904+0000] {dag.py:3047} INFO - Sync 1 DAGs
[2024-03-22T10:52:27.925+0000] {logging_mixin.py:188} INFO - [2024-03-22T10:52:27.925+0000] {dag.py:3834} INFO - Setting next_dagrun for tutorial to 2024-03-21 00:00:00+00:00, run_after=2024-03-22 00:00:00+00:00
[2024-03-22T10:52:27.939+0000] {processor.py:183} INFO - Processing /home/airflow/.local/lib/python3.8/site-packages/airflow/example_dags/tutorial.py took 0.059 seconds
[2024-03-22T10:52:58.203+0000] {processor.py:161} INFO - Started process (PID=332) to work on /home/airflow/.local/lib/python3.8/site-packages/airflow/example_dags/tutorial.py
[2024-03-22T10:52:58.204+0000] {processor.py:830} INFO - Processing file /home/airflow/.local/lib/python3.8/site-packages/airflow/example_dags/tutorial.py for tasks to queue
[2024-03-22T10:52:58.205+0000] {logging_mixin.py:188} INFO - [2024-03-22T10:52:58.205+0000] {dagbag.py:540} INFO - Filling up the DagBag from /home/airflow/.local/lib/python3.8/site-packages/airflow/example_dags/tutorial.py
[2024-03-22T10:52:58.209+0000] {processor.py:840} INFO - DAG(s) 'tutorial' retrieved from /home/airflow/.local/lib/python3.8/site-packages/airflow/example_dags/tutorial.py
[2024-03-22T10:52:58.223+0000] {logging_mixin.py:188} INFO - [2024-03-22T10:52:58.222+0000] {dag.py:3047} INFO - Sync 1 DAGs
[2024-03-22T10:52:58.237+0000] {logging_mixin.py:188} INFO - [2024-03-22T10:52:58.237+0000] {dag.py:3834} INFO - Setting next_dagrun for tutorial to 2024-03-21 00:00:00+00:00, run_after=2024-03-22 00:00:00+00:00
[2024-03-22T10:52:58.251+0000] {processor.py:183} INFO - Processing /home/airflow/.local/lib/python3.8/site-packages/airflow/example_dags/tutorial.py took 0.050 seconds
[2024-03-22T10:53:29.509+0000] {processor.py:161} INFO - Started process (PID=387) to work on /home/airflow/.local/lib/python3.8/site-packages/airflow/example_dags/tutorial.py
[2024-03-22T10:53:29.510+0000] {processor.py:830} INFO - Processing file /home/airflow/.local/lib/python3.8/site-packages/airflow/example_dags/tutorial.py for tasks to queue
[2024-03-22T10:53:29.511+0000] {logging_mixin.py:188} INFO - [2024-03-22T10:53:29.511+0000] {dagbag.py:540} INFO - Filling up the DagBag from /home/airflow/.local/lib/python3.8/site-packages/airflow/example_dags/tutorial.py
[2024-03-22T10:53:29.516+0000] {processor.py:840} INFO - DAG(s) 'tutorial' retrieved from /home/airflow/.local/lib/python3.8/site-packages/airflow/example_dags/tutorial.py
[2024-03-22T10:53:29.530+0000] {logging_mixin.py:188} INFO - [2024-03-22T10:53:29.530+0000] {dag.py:3047} INFO - Sync 1 DAGs
[2024-03-22T10:53:29.549+0000] {logging_mixin.py:188} INFO - [2024-03-22T10:53:29.549+0000] {dag.py:3834} INFO - Setting next_dagrun for tutorial to 2024-03-21 00:00:00+00:00, run_after=2024-03-22 00:00:00+00:00
[2024-03-22T10:53:29.563+0000] {processor.py:183} INFO - Processing /home/airflow/.local/lib/python3.8/site-packages/airflow/example_dags/tutorial.py took 0.057 seconds
[2024-03-22T10:53:59.713+0000] {processor.py:161} INFO - Started process (PID=442) to work on /home/airflow/.local/lib/python3.8/site-packages/airflow/example_dags/tutorial.py
[2024-03-22T10:53:59.713+0000] {processor.py:830} INFO - Processing file /home/airflow/.local/lib/python3.8/site-packages/airflow/example_dags/tutorial.py for tasks to queue
[2024-03-22T10:53:59.715+0000] {logging_mixin.py:188} INFO - [2024-03-22T10:53:59.715+0000] {dagbag.py:540} INFO - Filling up the DagBag from /home/airflow/.local/lib/python3.8/site-packages/airflow/example_dags/tutorial.py
[2024-03-22T10:53:59.720+0000] {processor.py:840} INFO - DAG(s) 'tutorial' retrieved from /home/airflow/.local/lib/python3.8/site-packages/airflow/example_dags/tutorial.py
[2024-03-22T10:53:59.734+0000] {logging_mixin.py:188} INFO - [2024-03-22T10:53:59.733+0000] {dag.py:3047} INFO - Sync 1 DAGs
[2024-03-22T10:53:59.752+0000] {logging_mixin.py:188} INFO - [2024-03-22T10:53:59.752+0000] {dag.py:3834} INFO - Setting next_dagrun for tutorial to 2024-03-21 00:00:00+00:00, run_after=2024-03-22 00:00:00+00:00
[2024-03-22T10:53:59.770+0000] {processor.py:183} INFO - Processing /home/airflow/.local/lib/python3.8/site-packages/airflow/example_dags/tutorial.py took 0.060 seconds
[2024-03-22T10:54:29.950+0000] {processor.py:161} INFO - Started process (PID=497) to work on /home/airflow/.local/lib/python3.8/site-packages/airflow/example_dags/tutorial.py
[2024-03-22T10:54:29.951+0000] {processor.py:830} INFO - Processing file /home/airflow/.local/lib/python3.8/site-packages/airflow/example_dags/tutorial.py for tasks to queue
[2024-03-22T10:54:29.952+0000] {logging_mixin.py:188} INFO - [2024-03-22T10:54:29.952+0000] {dagbag.py:540} INFO - Filling up the DagBag from /home/airflow/.local/lib/python3.8/site-packages/airflow/example_dags/tutorial.py
[2024-03-22T10:54:29.956+0000] {processor.py:840} INFO - DAG(s) 'tutorial' retrieved from /home/airflow/.local/lib/python3.8/site-packages/airflow/example_dags/tutorial.py
[2024-03-22T10:54:29.972+0000] {logging_mixin.py:188} INFO - [2024-03-22T10:54:29.972+0000] {dag.py:3047} INFO - Sync 1 DAGs
[2024-03-22T10:54:29.990+0000] {logging_mixin.py:188} INFO - [2024-03-22T10:54:29.990+0000] {dag.py:3834} INFO - Setting next_dagrun for tutorial to 2024-03-21 00:00:00+00:00, run_after=2024-03-22 00:00:00+00:00
[2024-03-22T10:54:30.005+0000] {processor.py:183} INFO - Processing /home/airflow/.local/lib/python3.8/site-packages/airflow/example_dags/tutorial.py took 0.058 seconds
[2024-03-22T10:55:00.202+0000] {processor.py:161} INFO - Started process (PID=552) to work on /home/airflow/.local/lib/python3.8/site-packages/airflow/example_dags/tutorial.py
[2024-03-22T10:55:00.203+0000] {processor.py:830} INFO - Processing file /home/airflow/.local/lib/python3.8/site-packages/airflow/example_dags/tutorial.py for tasks to queue
[2024-03-22T10:55:00.204+0000] {logging_mixin.py:188} INFO - [2024-03-22T10:55:00.204+0000] {dagbag.py:540} INFO - Filling up the DagBag from /home/airflow/.local/lib/python3.8/site-packages/airflow/example_dags/tutorial.py
[2024-03-22T10:55:00.208+0000] {processor.py:840} INFO - DAG(s) 'tutorial' retrieved from /home/airflow/.local/lib/python3.8/site-packages/airflow/example_dags/tutorial.py
[2024-03-22T10:55:00.222+0000] {logging_mixin.py:188} INFO - [2024-03-22T10:55:00.221+0000] {dag.py:3047} INFO - Sync 1 DAGs
[2024-03-22T10:55:00.237+0000] {logging_mixin.py:188} INFO - [2024-03-22T10:55:00.237+0000] {dag.py:3834} INFO - Setting next_dagrun for tutorial to 2024-03-21 00:00:00+00:00, run_after=2024-03-22 00:00:00+00:00
[2024-03-22T10:55:00.251+0000] {processor.py:183} INFO - Processing /home/airflow/.local/lib/python3.8/site-packages/airflow/example_dags/tutorial.py took 0.051 seconds
[2024-03-22T10:55:30.421+0000] {processor.py:161} INFO - Started process (PID=607) to work on /home/airflow/.local/lib/python3.8/site-packages/airflow/example_dags/tutorial.py
[2024-03-22T10:55:30.422+0000] {processor.py:830} INFO - Processing file /home/airflow/.local/lib/python3.8/site-packages/airflow/example_dags/tutorial.py for tasks to queue
[2024-03-22T10:55:30.423+0000] {logging_mixin.py:188} INFO - [2024-03-22T10:55:30.423+0000] {dagbag.py:540} INFO - Filling up the DagBag from /home/airflow/.local/lib/python3.8/site-packages/airflow/example_dags/tutorial.py
[2024-03-22T10:55:30.427+0000] {processor.py:840} INFO - DAG(s) 'tutorial' retrieved from /home/airflow/.local/lib/python3.8/site-packages/airflow/example_dags/tutorial.py
[2024-03-22T10:55:30.443+0000] {logging_mixin.py:188} INFO - [2024-03-22T10:55:30.443+0000] {dag.py:3047} INFO - Sync 1 DAGs
[2024-03-22T10:55:30.461+0000] {logging_mixin.py:188} INFO - [2024-03-22T10:55:30.461+0000] {dag.py:3834} INFO - Setting next_dagrun for tutorial to 2024-03-21 00:00:00+00:00, run_after=2024-03-22 00:00:00+00:00
[2024-03-22T10:55:30.479+0000] {processor.py:183} INFO - Processing /home/airflow/.local/lib/python3.8/site-packages/airflow/example_dags/tutorial.py took 0.060 seconds
[2024-03-22T10:56:00.763+0000] {processor.py:161} INFO - Started process (PID=662) to work on /home/airflow/.local/lib/python3.8/site-packages/airflow/example_dags/tutorial.py
[2024-03-22T10:56:00.763+0000] {processor.py:830} INFO - Processing file /home/airflow/.local/lib/python3.8/site-packages/airflow/example_dags/tutorial.py for tasks to queue
[2024-03-22T10:56:00.765+0000] {logging_mixin.py:188} INFO - [2024-03-22T10:56:00.765+0000] {dagbag.py:540} INFO - Filling up the DagBag from /home/airflow/.local/lib/python3.8/site-packages/airflow/example_dags/tutorial.py
[2024-03-22T10:56:00.769+0000] {processor.py:840} INFO - DAG(s) 'tutorial' retrieved from /home/airflow/.local/lib/python3.8/site-packages/airflow/example_dags/tutorial.py
[2024-03-22T10:56:00.784+0000] {logging_mixin.py:188} INFO - [2024-03-22T10:56:00.784+0000] {dag.py:3047} INFO - Sync 1 DAGs
[2024-03-22T10:56:00.800+0000] {logging_mixin.py:188} INFO - [2024-03-22T10:56:00.799+0000] {dag.py:3834} INFO - Setting next_dagrun for tutorial to 2024-03-21 00:00:00+00:00, run_after=2024-03-22 00:00:00+00:00
[2024-03-22T10:56:00.823+0000] {processor.py:183} INFO - Processing /home/airflow/.local/lib/python3.8/site-packages/airflow/example_dags/tutorial.py took 0.063 seconds
[2024-03-22T10:56:30.879+0000] {processor.py:161} INFO - Started process (PID=717) to work on /home/airflow/.local/lib/python3.8/site-packages/airflow/example_dags/tutorial.py
[2024-03-22T10:56:30.879+0000] {processor.py:830} INFO - Processing file /home/airflow/.local/lib/python3.8/site-packages/airflow/example_dags/tutorial.py for tasks to queue
[2024-03-22T10:56:30.881+0000] {logging_mixin.py:188} INFO - [2024-03-22T10:56:30.881+0000] {dagbag.py:540} INFO - Filling up the DagBag from /home/airflow/.local/lib/python3.8/site-packages/airflow/example_dags/tutorial.py
[2024-03-22T10:56:30.885+0000] {processor.py:840} INFO - DAG(s) 'tutorial' retrieved from /home/airflow/.local/lib/python3.8/site-packages/airflow/example_dags/tutorial.py
[2024-03-22T10:56:30.898+0000] {logging_mixin.py:188} INFO - [2024-03-22T10:56:30.898+0000] {dag.py:3047} INFO - Sync 1 DAGs
[2024-03-22T10:56:30.915+0000] {logging_mixin.py:188} INFO - [2024-03-22T10:56:30.915+0000] {dag.py:3834} INFO - Setting next_dagrun for tutorial to 2024-03-21 00:00:00+00:00, run_after=2024-03-22 00:00:00+00:00
[2024-03-22T10:56:30.926+0000] {processor.py:183} INFO - Processing /home/airflow/.local/lib/python3.8/site-packages/airflow/example_dags/tutorial.py took 0.050 seconds
[2024-03-22T10:57:01.077+0000] {processor.py:161} INFO - Started process (PID=772) to work on /home/airflow/.local/lib/python3.8/site-packages/airflow/example_dags/tutorial.py
[2024-03-22T10:57:01.077+0000] {processor.py:830} INFO - Processing file /home/airflow/.local/lib/python3.8/site-packages/airflow/example_dags/tutorial.py for tasks to queue
[2024-03-22T10:57:01.079+0000] {logging_mixin.py:188} INFO - [2024-03-22T10:57:01.079+0000] {dagbag.py:540} INFO - Filling up the DagBag from /home/airflow/.local/lib/python3.8/site-packages/airflow/example_dags/tutorial.py
[2024-03-22T10:57:01.084+0000] {processor.py:840} INFO - DAG(s) 'tutorial' retrieved from /home/airflow/.local/lib/python3.8/site-packages/airflow/example_dags/tutorial.py
[2024-03-22T10:57:01.100+0000] {logging_mixin.py:188} INFO - [2024-03-22T10:57:01.100+0000] {dag.py:3047} INFO - Sync 1 DAGs
[2024-03-22T10:57:01.117+0000] {logging_mixin.py:188} INFO - [2024-03-22T10:57:01.117+0000] {dag.py:3834} INFO - Setting next_dagrun for tutorial to 2024-03-21 00:00:00+00:00, run_after=2024-03-22 00:00:00+00:00
[2024-03-22T10:57:01.133+0000] {processor.py:183} INFO - Processing /home/airflow/.local/lib/python3.8/site-packages/airflow/example_dags/tutorial.py took 0.060 seconds
[2024-03-22T10:57:31.282+0000] {processor.py:161} INFO - Started process (PID=827) to work on /home/airflow/.local/lib/python3.8/site-packages/airflow/example_dags/tutorial.py
[2024-03-22T10:57:31.284+0000] {processor.py:830} INFO - Processing file /home/airflow/.local/lib/python3.8/site-packages/airflow/example_dags/tutorial.py for tasks to queue
[2024-03-22T10:57:31.285+0000] {logging_mixin.py:188} INFO - [2024-03-22T10:57:31.285+0000] {dagbag.py:540} INFO - Filling up the DagBag from /home/airflow/.local/lib/python3.8/site-packages/airflow/example_dags/tutorial.py
[2024-03-22T10:57:31.290+0000] {processor.py:840} INFO - DAG(s) 'tutorial' retrieved from /home/airflow/.local/lib/python3.8/site-packages/airflow/example_dags/tutorial.py
[2024-03-22T10:57:31.307+0000] {logging_mixin.py:188} INFO - [2024-03-22T10:57:31.307+0000] {dag.py:3047} INFO - Sync 1 DAGs
[2024-03-22T10:57:31.323+0000] {logging_mixin.py:188} INFO - [2024-03-22T10:57:31.323+0000] {dag.py:3834} INFO - Setting next_dagrun for tutorial to 2024-03-21 00:00:00+00:00, run_after=2024-03-22 00:00:00+00:00
[2024-03-22T10:57:31.336+0000] {processor.py:183} INFO - Processing /home/airflow/.local/lib/python3.8/site-packages/airflow/example_dags/tutorial.py took 0.057 seconds
[2024-03-22T10:58:01.463+0000] {processor.py:161} INFO - Started process (PID=882) to work on /home/airflow/.local/lib/python3.8/site-packages/airflow/example_dags/tutorial.py
[2024-03-22T10:58:01.464+0000] {processor.py:830} INFO - Processing file /home/airflow/.local/lib/python3.8/site-packages/airflow/example_dags/tutorial.py for tasks to queue
[2024-03-22T10:58:01.465+0000] {logging_mixin.py:188} INFO - [2024-03-22T10:58:01.465+0000] {dagbag.py:540} INFO - Filling up the DagBag from /home/airflow/.local/lib/python3.8/site-packages/airflow/example_dags/tutorial.py
[2024-03-22T10:58:01.469+0000] {processor.py:840} INFO - DAG(s) 'tutorial' retrieved from /home/airflow/.local/lib/python3.8/site-packages/airflow/example_dags/tutorial.py
[2024-03-22T10:58:01.482+0000] {logging_mixin.py:188} INFO - [2024-03-22T10:58:01.482+0000] {dag.py:3047} INFO - Sync 1 DAGs
[2024-03-22T10:58:01.497+0000] {logging_mixin.py:188} INFO - [2024-03-22T10:58:01.497+0000] {dag.py:3834} INFO - Setting next_dagrun for tutorial to 2024-03-21 00:00:00+00:00, run_after=2024-03-22 00:00:00+00:00
[2024-03-22T10:58:01.509+0000] {processor.py:183} INFO - Processing /home/airflow/.local/lib/python3.8/site-packages/airflow/example_dags/tutorial.py took 0.048 seconds
[2024-03-22T10:58:31.683+0000] {processor.py:161} INFO - Started process (PID=937) to work on /home/airflow/.local/lib/python3.8/site-packages/airflow/example_dags/tutorial.py
[2024-03-22T10:58:31.684+0000] {processor.py:830} INFO - Processing file /home/airflow/.local/lib/python3.8/site-packages/airflow/example_dags/tutorial.py for tasks to queue
[2024-03-22T10:58:31.685+0000] {logging_mixin.py:188} INFO - [2024-03-22T10:58:31.685+0000] {dagbag.py:540} INFO - Filling up the DagBag from /home/airflow/.local/lib/python3.8/site-packages/airflow/example_dags/tutorial.py
[2024-03-22T10:58:31.690+0000] {processor.py:840} INFO - DAG(s) 'tutorial' retrieved from /home/airflow/.local/lib/python3.8/site-packages/airflow/example_dags/tutorial.py
[2024-03-22T10:58:31.705+0000] {logging_mixin.py:188} INFO - [2024-03-22T10:58:31.705+0000] {dag.py:3047} INFO - Sync 1 DAGs
[2024-03-22T10:58:31.721+0000] {logging_mixin.py:188} INFO - [2024-03-22T10:58:31.721+0000] {dag.py:3834} INFO - Setting next_dagrun for tutorial to 2024-03-21 00:00:00+00:00, run_after=2024-03-22 00:00:00+00:00
[2024-03-22T10:58:31.736+0000] {processor.py:183} INFO - Processing /home/airflow/.local/lib/python3.8/site-packages/airflow/example_dags/tutorial.py took 0.056 seconds
[2024-03-22T10:59:01.899+0000] {processor.py:161} INFO - Started process (PID=992) to work on /home/airflow/.local/lib/python3.8/site-packages/airflow/example_dags/tutorial.py
[2024-03-22T10:59:01.900+0000] {processor.py:830} INFO - Processing file /home/airflow/.local/lib/python3.8/site-packages/airflow/example_dags/tutorial.py for tasks to queue
[2024-03-22T10:59:01.902+0000] {logging_mixin.py:188} INFO - [2024-03-22T10:59:01.902+0000] {dagbag.py:540} INFO - Filling up the DagBag from /home/airflow/.local/lib/python3.8/site-packages/airflow/example_dags/tutorial.py
[2024-03-22T10:59:01.908+0000] {processor.py:840} INFO - DAG(s) 'tutorial' retrieved from /home/airflow/.local/lib/python3.8/site-packages/airflow/example_dags/tutorial.py
[2024-03-22T10:59:01.925+0000] {logging_mixin.py:188} INFO - [2024-03-22T10:59:01.925+0000] {dag.py:3047} INFO - Sync 1 DAGs
[2024-03-22T10:59:01.942+0000] {logging_mixin.py:188} INFO - [2024-03-22T10:59:01.942+0000] {dag.py:3834} INFO - Setting next_dagrun for tutorial to 2024-03-21 00:00:00+00:00, run_after=2024-03-22 00:00:00+00:00
[2024-03-22T10:59:01.956+0000] {processor.py:183} INFO - Processing /home/airflow/.local/lib/python3.8/site-packages/airflow/example_dags/tutorial.py took 0.061 seconds
[2024-03-22T10:59:32.037+0000] {processor.py:161} INFO - Started process (PID=1047) to work on /home/airflow/.local/lib/python3.8/site-packages/airflow/example_dags/tutorial.py
[2024-03-22T10:59:32.038+0000] {processor.py:830} INFO - Processing file /home/airflow/.local/lib/python3.8/site-packages/airflow/example_dags/tutorial.py for tasks to queue
[2024-03-22T10:59:32.039+0000] {logging_mixin.py:188} INFO - [2024-03-22T10:59:32.039+0000] {dagbag.py:540} INFO - Filling up the DagBag from /home/airflow/.local/lib/python3.8/site-packages/airflow/example_dags/tutorial.py
[2024-03-22T10:59:32.045+0000] {processor.py:840} INFO - DAG(s) 'tutorial' retrieved from /home/airflow/.local/lib/python3.8/site-packages/airflow/example_dags/tutorial.py
[2024-03-22T10:59:32.060+0000] {logging_mixin.py:188} INFO - [2024-03-22T10:59:32.059+0000] {dag.py:3047} INFO - Sync 1 DAGs
[2024-03-22T10:59:32.077+0000] {logging_mixin.py:188} INFO - [2024-03-22T10:59:32.077+0000] {dag.py:3834} INFO - Setting next_dagrun for tutorial to 2024-03-21 00:00:00+00:00, run_after=2024-03-22 00:00:00+00:00
[2024-03-22T10:59:32.094+0000] {processor.py:183} INFO - Processing /home/airflow/.local/lib/python3.8/site-packages/airflow/example_dags/tutorial.py took 0.059 seconds
[2024-03-22T11:00:02.132+0000] {processor.py:161} INFO - Started process (PID=1101) to work on /home/airflow/.local/lib/python3.8/site-packages/airflow/example_dags/tutorial.py
[2024-03-22T11:00:02.133+0000] {processor.py:830} INFO - Processing file /home/airflow/.local/lib/python3.8/site-packages/airflow/example_dags/tutorial.py for tasks to queue
[2024-03-22T11:00:02.134+0000] {logging_mixin.py:188} INFO - [2024-03-22T11:00:02.134+0000] {dagbag.py:540} INFO - Filling up the DagBag from /home/airflow/.local/lib/python3.8/site-packages/airflow/example_dags/tutorial.py
[2024-03-22T11:00:02.138+0000] {processor.py:840} INFO - DAG(s) 'tutorial' retrieved from /home/airflow/.local/lib/python3.8/site-packages/airflow/example_dags/tutorial.py
[2024-03-22T11:00:02.151+0000] {logging_mixin.py:188} INFO - [2024-03-22T11:00:02.150+0000] {dag.py:3047} INFO - Sync 1 DAGs
[2024-03-22T11:00:02.164+0000] {logging_mixin.py:188} INFO - [2024-03-22T11:00:02.164+0000] {dag.py:3834} INFO - Setting next_dagrun for tutorial to 2024-03-21 00:00:00+00:00, run_after=2024-03-22 00:00:00+00:00
[2024-03-22T11:00:02.186+0000] {processor.py:183} INFO - Processing /home/airflow/.local/lib/python3.8/site-packages/airflow/example_dags/tutorial.py took 0.056 seconds
[2024-03-22T11:00:32.230+0000] {processor.py:161} INFO - Started process (PID=1156) to work on /home/airflow/.local/lib/python3.8/site-packages/airflow/example_dags/tutorial.py
[2024-03-22T11:00:32.231+0000] {processor.py:830} INFO - Processing file /home/airflow/.local/lib/python3.8/site-packages/airflow/example_dags/tutorial.py for tasks to queue
[2024-03-22T11:00:32.232+0000] {logging_mixin.py:188} INFO - [2024-03-22T11:00:32.232+0000] {dagbag.py:540} INFO - Filling up the DagBag from /home/airflow/.local/lib/python3.8/site-packages/airflow/example_dags/tutorial.py
[2024-03-22T11:00:32.236+0000] {processor.py:840} INFO - DAG(s) 'tutorial' retrieved from /home/airflow/.local/lib/python3.8/site-packages/airflow/example_dags/tutorial.py
[2024-03-22T11:00:32.250+0000] {logging_mixin.py:188} INFO - [2024-03-22T11:00:32.250+0000] {dag.py:3047} INFO - Sync 1 DAGs
[2024-03-22T11:00:32.265+0000] {logging_mixin.py:188} INFO - [2024-03-22T11:00:32.264+0000] {dag.py:3834} INFO - Setting next_dagrun for tutorial to 2024-03-21 00:00:00+00:00, run_after=2024-03-22 00:00:00+00:00
[2024-03-22T11:00:32.284+0000] {processor.py:183} INFO - Processing /home/airflow/.local/lib/python3.8/site-packages/airflow/example_dags/tutorial.py took 0.057 seconds
[2024-03-22T11:01:03.366+0000] {processor.py:161} INFO - Started process (PID=1212) to work on /home/airflow/.local/lib/python3.8/site-packages/airflow/example_dags/tutorial.py
[2024-03-22T11:01:03.366+0000] {processor.py:830} INFO - Processing file /home/airflow/.local/lib/python3.8/site-packages/airflow/example_dags/tutorial.py for tasks to queue
[2024-03-22T11:01:03.368+0000] {logging_mixin.py:188} INFO - [2024-03-22T11:01:03.367+0000] {dagbag.py:540} INFO - Filling up the DagBag from /home/airflow/.local/lib/python3.8/site-packages/airflow/example_dags/tutorial.py
[2024-03-22T11:01:03.372+0000] {processor.py:840} INFO - DAG(s) 'tutorial' retrieved from /home/airflow/.local/lib/python3.8/site-packages/airflow/example_dags/tutorial.py
[2024-03-22T11:01:03.386+0000] {logging_mixin.py:188} INFO - [2024-03-22T11:01:03.386+0000] {dag.py:3047} INFO - Sync 1 DAGs
[2024-03-22T11:01:03.400+0000] {logging_mixin.py:188} INFO - [2024-03-22T11:01:03.400+0000] {dag.py:3834} INFO - Setting next_dagrun for tutorial to 2024-03-21 00:00:00+00:00, run_after=2024-03-22 00:00:00+00:00
[2024-03-22T11:01:03.421+0000] {processor.py:183} INFO - Processing /home/airflow/.local/lib/python3.8/site-packages/airflow/example_dags/tutorial.py took 0.058 seconds
[2024-03-22T11:01:33.740+0000] {processor.py:161} INFO - Started process (PID=1267) to work on /home/airflow/.local/lib/python3.8/site-packages/airflow/example_dags/tutorial.py
[2024-03-22T11:01:33.956+0000] {logging_mixin.py:188} INFO - [2024-03-22T11:01:33.956+0000] {process_utils.py:262} INFO - Waiting up to 5 seconds for processes to exit...
